2023-01-20 23:17:05,833 - root - DEBUG - Opening watch face 'E:\Codez\zepp-bip3-wf\3cb73869fcad3586fcbbb9b5fab50ee1.bin'
2023-01-20 23:17:05,833 - root - DEBUG - Reading parameters...
2023-01-20 23:17:05,833 - root - INFO - Reading header...
2023-01-20 23:17:05,833 - root - INFO - Header was read:
2023-01-20 23:17:05,833 - root - INFO - Signature: b'UIHH\x01\x00\xff', Unknown: 25, ParametersSize: 25, isValid: True, deviceId: 71
2023-01-20 23:17:05,833 - root - INFO - Reading parameter offsets...
2023-01-20 23:17:05,833 - root - INFO - Parameter offsets were read from file
2023-01-20 23:17:05,833 - root - INFO - Reading parameters descriptor...
2023-01-20 23:17:05,833 - root - INFO - 1 ( A): 4 bytes
2023-01-20 23:17:05,833 - root - INFO -     1 ( 8): 49 31
2023-01-20 23:17:05,833 - root - INFO -     2 (10): 5  5
2023-01-20 23:17:05,833 - root - INFO - getParameters descriptor was read:
2023-01-20 23:17:05,833 - root - INFO - ParametersTableLength: 49, ImagesCount: 5
2023-01-20 23:17:05,833 - root - INFO - Reading parameters locations...
2023-01-20 23:17:05,833 - root - INFO - 2 (12): 4 bytes
2023-01-20 23:17:05,833 - root - INFO -     1 ( 8): 0  0
2023-01-20 23:17:05,833 - root - INFO -     2 (10): 16 10
2023-01-20 23:17:05,833 - root - INFO - 5 (2A): 4 bytes
2023-01-20 23:17:05,833 - root - INFO -     1 ( 8): 16 10
2023-01-20 23:17:05,833 - root - INFO -     2 (10): 8  8
2023-01-20 23:17:05,833 - root - INFO - 20 (A2): 4 bytes
2023-01-20 23:17:05,833 - root - INFO -     1 ( 8): 24 18
2023-01-20 23:17:05,833 - root - INFO -     2 (10): 25 19
2023-01-20 23:17:05,833 - root - INFO - Watch face parameters locations were read:
2023-01-20 23:17:05,833 - root - INFO - Reading descriptor for parameter 2
2023-01-20 23:17:05,833 - root - INFO - Descriptor offset: 0, Descriptor length: 16
2023-01-20 23:17:05,833 - root - INFO - Parsing descriptor for parameter 2...
2023-01-20 23:17:05,833 - root - INFO - 1 ( A): 6 bytes
2023-01-20 23:17:05,833 - root - INFO -     1 ( 8): 0  0
2023-01-20 23:17:05,833 - root - INFO -     2 (10): 0  0
2023-01-20 23:17:05,833 - root - INFO -     3 (18): 1  1
2023-01-20 23:17:05,833 - root - INFO - 3 (1A): 6 bytes
2023-01-20 23:17:05,833 - root - INFO -     1 ( 8): 0  0
2023-01-20 23:17:05,833 - root - INFO -     2 (10): 0  0
2023-01-20 23:17:05,833 - root - INFO -     3 (18): 0  0
2023-01-20 23:17:05,833 - root - INFO - Reading descriptor for parameter 5
2023-01-20 23:17:05,833 - root - INFO - Descriptor offset: 16, Descriptor length: 8
2023-01-20 23:17:05,833 - root - INFO - Parsing descriptor for parameter 5...
2023-01-20 23:17:05,843 - root - INFO - 1 ( A): 6 bytes
2023-01-20 23:17:05,843 - root - INFO -     4 (20): 1  1
2023-01-20 23:17:05,843 - root - INFO -     5 (28): 1  1
2023-01-20 23:17:05,843 - root - INFO -     6 (30): 0  0
2023-01-20 23:17:05,843 - root - INFO - Reading descriptor for parameter 20
2023-01-20 23:17:05,843 - root - INFO - Descriptor offset: 24, Descriptor length: 25
2023-01-20 23:17:05,843 - root - INFO - Parsing descriptor for parameter 20...
2023-01-20 23:17:05,843 - root - INFO - 2 (12): 5 bytes
2023-01-20 23:17:05,843 - root - INFO -     1 ( 8): 120 78
2023-01-20 23:17:05,844 - root - INFO -     2 (10): 140 8C
2023-01-20 23:17:05,844 - root - INFO - 3 (1A): 4 bytes
2023-01-20 23:17:05,844 - root - INFO -     1 ( 8): 2  2
2023-01-20 23:17:05,844 - root - INFO -     2 (10): 120 78
2023-01-20 23:17:05,844 - root - INFO - 4 (22): 4 bytes
2023-01-20 23:17:05,844 - root - INFO -     1 ( 8): 4  4
2023-01-20 23:17:05,844 - root - INFO -     2 (10): 120 78
2023-01-20 23:17:05,844 - root - INFO - 5 (2A): 4 bytes
2023-01-20 23:17:05,844 - root - INFO -     1 ( 8): 3  3
2023-01-20 23:17:05,844 - root - INFO -     2 (10): 120 78
2023-01-20 23:17:05,844 - root - INFO - Reading resources offsets table with 5 elements (20 bytes)
2023-01-20 23:17:05,844 - root - INFO - Resource 0 offset: 181, length: 51224...
2023-01-20 23:17:05,844 - root - DEBUG - Reading resource 0...
2023-01-20 23:17:05,876 - root - INFO - The image is bmc.
2023-01-20 23:17:05,876 - root - INFO - Reading image header(readHeader16C)...
2023-01-20 23:17:05,876 - root - INFO - Image header was read:
2023-01-20 23:17:05,876 - root - INFO - Width: 148, Height: 173, RowLength: 296
2023-01-20 23:17:05,876 - root - INFO - _step: 2, unknown2: 0,
2023-01-20 23:17:05,876 - root - INFO - BPP: 16, Transparency: False
2023-01-20 23:17:05,973 - root - INFO - Resource 1 offset: 51405, length: 134416...
2023-01-20 23:17:05,973 - root - DEBUG - Reading resource 1...
2023-01-20 23:17:05,973 - root - INFO - The image is bmc.
2023-01-20 23:17:05,973 - root - INFO - Reading image header(readHeader16C)...
2023-01-20 23:17:05,973 - root - INFO - Image header was read:
2023-01-20 23:17:05,973 - root - INFO - Width: 240, Height: 280, RowLength: 480
2023-01-20 23:17:05,973 - root - INFO - _step: 2, unknown2: 0,
2023-01-20 23:17:05,973 - root - INFO - BPP: 16, Transparency: False
2023-01-20 23:17:06,273 - root - INFO - Resource 2 offset: 185821, length: 18736...
2023-01-20 23:17:06,273 - root - DEBUG - Reading resource 2...
2023-01-20 23:17:06,273 - root - INFO - The image is bmc.
2023-01-20 23:17:06,273 - root - INFO - Reading image header(readHeader16C)...
2023-01-20 23:17:06,273 - root - INFO - Image header was read:
2023-01-20 23:17:06,273 - root - INFO - Width: 26, Height: 240, RowLength: 78
2023-01-20 23:17:06,273 - root - INFO - _step: 3, unknown2: 0,
2023-01-20 23:17:06,273 - root - INFO - BPP: 24, Transparency: False
2023-01-20 23:17:06,293 - root - INFO - Resource 3 offset: 204557, length: 18736...
2023-01-20 23:17:06,293 - root - DEBUG - Reading resource 3...
2023-01-20 23:17:06,293 - root - INFO - The image is bmc.
2023-01-20 23:17:06,293 - root - INFO - Reading image header(readHeader16C)...
2023-01-20 23:17:06,293 - root - INFO - Image header was read:
2023-01-20 23:17:06,293 - root - INFO - Width: 26, Height: 240, RowLength: 78
2023-01-20 23:17:06,293 - root - INFO - _step: 3, unknown2: 0,
2023-01-20 23:17:06,293 - root - INFO - BPP: 24, Transparency: False
2023-01-20 23:17:06,323 - root - INFO - Resource 4 offset: 223293, length: 18736...
2023-01-20 23:17:06,323 - root - DEBUG - Reading resource 4...
2023-01-20 23:17:06,323 - root - INFO - The image is bmc.
2023-01-20 23:17:06,323 - root - INFO - Reading image header(readHeader16C)...
2023-01-20 23:17:06,323 - root - INFO - Image header was read:
2023-01-20 23:17:06,323 - root - INFO - Width: 26, Height: 240, RowLength: 78
2023-01-20 23:17:06,323 - root - INFO - _step: 3, unknown2: 0,
2023-01-20 23:17:06,323 - root - INFO - BPP: 24, Transparency: False
2023-01-20 23:17:06,343 - root - DEBUG - Parsing parameters...
2023-01-20 23:17:06,416 - root - DEBUG - 0 Value: None
2023-01-20 23:17:06,416 - root - DEBUG - 0.1 Value: 71
2023-01-20 23:17:06,416 - root - DEBUG - 2 Value: None
2023-01-20 23:17:06,416 - root - DEBUG - 2.1 Value: None
2023-01-20 23:17:06,416 - root - DEBUG - 2.1.1 Value: 0
2023-01-20 23:17:06,416 - root - DEBUG - 2.1.2 Value: 0
2023-01-20 23:17:06,416 - root - DEBUG - 2.1.3 Value: 1
2023-01-20 23:17:06,416 - root - DEBUG - 2.3 Value: None
2023-01-20 23:17:06,416 - root - DEBUG - 2.3.1 Value: 0
2023-01-20 23:17:06,416 - root - DEBUG - 2.3.2 Value: 0
2023-01-20 23:17:06,416 - root - DEBUG - 2.3.3 Value: 0
2023-01-20 23:17:06,416 - root - DEBUG - 5 Value: None
2023-01-20 23:17:06,416 - root - DEBUG - 5.1 Value: None
2023-01-20 23:17:06,416 - root - DEBUG - 5.1.4 Value: 1
2023-01-20 23:17:06,416 - root - DEBUG - 5.1.5 Value: 1
2023-01-20 23:17:06,416 - root - DEBUG - 5.1.6 Value: 0
2023-01-20 23:17:06,416 - root - DEBUG - 20 Value: None
2023-01-20 23:17:06,416 - root - DEBUG - 20.2 Value: None
2023-01-20 23:17:06,416 - root - DEBUG - 20.2.1 Value: 120
2023-01-20 23:17:06,416 - root - DEBUG - 20.2.2 Value: 140
2023-01-20 23:17:06,416 - root - DEBUG - 20.3 Value: None
2023-01-20 23:17:06,416 - root - DEBUG - 20.3.1 Value: 2
2023-01-20 23:17:06,416 - root - DEBUG - 20.3.2 Value: 120
2023-01-20 23:17:06,416 - root - DEBUG - 20.4 Value: None
2023-01-20 23:17:06,416 - root - DEBUG - 20.4.1 Value: 4
2023-01-20 23:17:06,416 - root - DEBUG - 20.4.2 Value: 120
2023-01-20 23:17:06,416 - root - DEBUG - 20.5 Value: None
2023-01-20 23:17:06,416 - root - DEBUG - 20.5.1 Value: 3
2023-01-20 23:17:06,416 - root - DEBUG - 20.5.2 Value: 120
2023-01-20 23:17:06,416 - root - DEBUG - 0-Info
2023-01-20 23:17:06,423 - root - DEBUG - 0.1-DeviceId
2023-01-20 23:17:06,423 - root - DEBUG - 2-Background
2023-01-20 23:17:06,423 - root - DEBUG - 2.1-Image
2023-01-20 23:17:06,423 - root - DEBUG - 2.1.1-X
2023-01-20 23:17:06,423 - root - DEBUG - 2.1.2-Y
2023-01-20 23:17:06,423 - root - DEBUG - 2.1.3-ImageIndex
2023-01-20 23:17:06,423 - root - DEBUG - 2.3-Preview
2023-01-20 23:17:06,423 - root - DEBUG - 2.3.1-X
2023-01-20 23:17:06,423 - root - DEBUG - 2.3.2-Y
2023-01-20 23:17:06,423 - root - DEBUG - 2.3.3-ImageIndex
2023-01-20 23:17:06,423 - root - DEBUG - 5-DateBlock
2023-01-20 23:17:06,423 - root - DEBUG - 5.1-Date
2023-01-20 23:17:06,423 - root - DEBUG - 5.1.4-PaddingZeroMonth
2023-01-20 23:17:06,423 - root - DEBUG - 5.1.5-PaddingZeroDay
2023-01-20 23:17:06,423 - root - DEBUG - 5.1.6-UnknownBoolean6
2023-01-20 23:17:06,423 - root - DEBUG - 20-TimeAnalog
2023-01-20 23:17:06,423 - root - DEBUG - 20.2-CommonCenterCoordinates
2023-01-20 23:17:06,423 - root - DEBUG - 20.2.1-X
2023-01-20 23:17:06,423 - root - DEBUG - 20.2.2-Y
2023-01-20 23:17:06,423 - root - DEBUG - 20.3-Hours
2023-01-20 23:17:06,423 - root - DEBUG - 20.3.1-ImageIndex
2023-01-20 23:17:06,423 - root - DEBUG - 20.3.2-PointerCenterOfRotationY
2023-01-20 23:17:06,423 - root - DEBUG - 20.4-Minutes
2023-01-20 23:17:06,423 - root - DEBUG - 20.4.1-ImageIndex
2023-01-20 23:17:06,423 - root - DEBUG - 20.4.2-PointerCenterOfRotationY
2023-01-20 23:17:06,423 - root - DEBUG - 20.5-Seconds
2023-01-20 23:17:06,423 - root - DEBUG - 20.5.1-ImageIndex
2023-01-20 23:17:06,423 - root - DEBUG - 20.5.2-PointerCenterOfRotationY
2023-01-20 23:17:06,423 - root - DEBUG - generatePreviews
2023-01-20 23:17:06,423 - root - DEBUG - Generating previews...
2023-01-20 23:17:06,423 - root - DEBUG - Generating states done...
2023-01-20 23:17:06,433 - root - DEBUG - >>>>>>>>>>>> 0 <watchFaceParser.models.parameter.Parameter object at 0x000002B3C752B8E0>
2023-01-20 23:17:06,433 - root - DEBUG - >>>>>>>>>>>> 2 <watchFaceParser.models.parameter.Parameter object at 0x000002B3C7526EB0>
2023-01-20 23:17:06,433 - root - DEBUG - >>>>>>>>>>>> 5 <watchFaceParser.models.parameter.Parameter object at 0x000002B3C752B100>
2023-01-20 23:17:06,433 - root - DEBUG - >>>>>>>>>>>> 20 <watchFaceParser.models.parameter.Parameter object at 0x000002B3C752B340>
2023-01-20 23:17:06,464 - root - DEBUG - Generating static preview gen done...
2023-01-20 23:17:06,513 - root - DEBUG - Generating static preview save done...
2023-01-20 23:17:06,513 - root - DEBUG - Generating anim preview gen done...
2023-01-20 23:17:06,513 - root - DEBUG - >>>>>>>>>>>> 0 <watchFaceParser.models.parameter.Parameter object at 0x000002B3C752B8E0>
2023-01-20 23:17:06,513 - root - DEBUG - >>>>>>>>>>>> 2 <watchFaceParser.models.parameter.Parameter object at 0x000002B3C7526EB0>
2023-01-20 23:17:06,513 - root - DEBUG - >>>>>>>>>>>> 5 <watchFaceParser.models.parameter.Parameter object at 0x000002B3C752B100>
2023-01-20 23:17:06,513 - root - DEBUG - >>>>>>>>>>>> 20 <watchFaceParser.models.parameter.Parameter object at 0x000002B3C752B340>
2023-01-20 23:17:06,894 - root - DEBUG - generatePreviews done
2023-01-20 23:17:06,894 - root - DEBUG - Exporting resources to 'E:\Codez\zepp-bip3-wf\3cb73869fcad3586fcbbb9b5fab50ee1'
2023-01-20 23:17:06,894 - root - DEBUG - extracting E:\Codez\zepp-bip3-wf\3cb73869fcad3586fcbbb9b5fab50ee1\0000.png...
2023-01-20 23:17:06,903 - root - DEBUG - extracting E:\Codez\zepp-bip3-wf\3cb73869fcad3586fcbbb9b5fab50ee1\0001.png...
2023-01-20 23:17:06,913 - root - DEBUG - extracting E:\Codez\zepp-bip3-wf\3cb73869fcad3586fcbbb9b5fab50ee1\0002.png...
2023-01-20 23:17:06,913 - root - DEBUG - extracting E:\Codez\zepp-bip3-wf\3cb73869fcad3586fcbbb9b5fab50ee1\0003.png...
2023-01-20 23:17:06,913 - root - DEBUG - extracting E:\Codez\zepp-bip3-wf\3cb73869fcad3586fcbbb9b5fab50ee1\0004.png...
2023-01-20 23:17:06,913 - root - DEBUG - Exporting config...
