2023-01-20 23:17:00,682 - root - DEBUG - Opening watch face 'E:\Codez\zepp-bip3-wf\35f62d814424fa500341d9de78db977b.bin'
2023-01-20 23:17:00,682 - root - DEBUG - Reading parameters...
2023-01-20 23:17:00,682 - root - INFO - Reading header...
2023-01-20 23:17:00,684 - root - INFO - Header was read:
2023-01-20 23:17:00,684 - root - INFO - Signature: b'UIHH\x01\x00\xff', Unknown: 83, ParametersSize: 46, isValid: True, deviceId: 71
2023-01-20 23:17:00,684 - root - INFO - Reading parameter offsets...
2023-01-20 23:17:00,684 - root - INFO - Parameter offsets were read from file
2023-01-20 23:17:00,684 - root - INFO - Reading parameters descriptor...
2023-01-20 23:17:00,684 - root - INFO - 1 ( A): 5 bytes
2023-01-20 23:17:00,684 - root - INFO -     1 ( 8): 313 139
2023-01-20 23:17:00,684 - root - INFO -     2 (10): 77 4D
2023-01-20 23:17:00,684 - root - INFO - getParameters descriptor was read:
2023-01-20 23:17:00,685 - root - INFO - ParametersTableLength: 313, ImagesCount: 77
2023-01-20 23:17:00,685 - root - INFO - Reading parameters locations...
2023-01-20 23:17:00,685 - root - INFO - 2 (12): 4 bytes
2023-01-20 23:17:00,685 - root - INFO -     1 ( 8): 0  0
2023-01-20 23:17:00,685 - root - INFO -     2 (10): 16 10
2023-01-20 23:17:00,685 - root - INFO - 3 (1A): 4 bytes
2023-01-20 23:17:00,685 - root - INFO -     1 ( 8): 16 10
2023-01-20 23:17:00,685 - root - INFO -     2 (10): 83 53
2023-01-20 23:17:00,685 - root - INFO - 4 (22): 5 bytes
2023-01-20 23:17:00,685 - root - INFO -     1 ( 8): 153 99
2023-01-20 23:17:00,685 - root - INFO -     2 (10): 78 4E
2023-01-20 23:17:00,686 - root - INFO - 5 (2A): 4 bytes
2023-01-20 23:17:00,686 - root - INFO -     1 ( 8): 99 63
2023-01-20 23:17:00,686 - root - INFO -     2 (10): 54 36
2023-01-20 23:17:00,686 - root - INFO - 6 (32): 5 bytes
2023-01-20 23:17:00,686 - root - INFO -     1 ( 8): 231 E7
2023-01-20 23:17:00,686 - root - INFO -     2 (10): 71 47
2023-01-20 23:17:00,686 - root - INFO - 9 (4A): 5 bytes
2023-01-20 23:17:00,686 - root - INFO -     1 ( 8): 302 12E
2023-01-20 23:17:00,686 - root - INFO -     2 (10): 11  B
2023-01-20 23:17:00,686 - root - INFO - Watch face parameters locations were read:
2023-01-20 23:17:00,687 - root - INFO - Reading descriptor for parameter 2
2023-01-20 23:17:00,687 - root - INFO - Descriptor offset: 0, Descriptor length: 16
2023-01-20 23:17:00,687 - root - INFO - Parsing descriptor for parameter 2...
2023-01-20 23:17:00,687 - root - INFO - 1 ( A): 6 bytes
2023-01-20 23:17:00,687 - root - INFO -     1 ( 8): 0  0
2023-01-20 23:17:00,687 - root - INFO -     2 (10): 0  0
2023-01-20 23:17:00,687 - root - INFO -     3 (18): 1  1
2023-01-20 23:17:00,687 - root - INFO - 3 (1A): 6 bytes
2023-01-20 23:17:00,688 - root - INFO -     1 ( 8): 0  0
2023-01-20 23:17:00,688 - root - INFO -     2 (10): 0  0
2023-01-20 23:17:00,688 - root - INFO -     3 (18): 0  0
2023-01-20 23:17:00,688 - root - INFO - Reading descriptor for parameter 3
2023-01-20 23:17:00,688 - root - INFO - Descriptor offset: 16, Descriptor length: 83
2023-01-20 23:17:00,688 - root - INFO - Parsing descriptor for parameter 3...
2023-01-20 23:17:00,688 - root - INFO - 1 ( A): 81 bytes
2023-01-20 23:17:00,688 - root - INFO -     1 ( A): 20 bytes
2023-01-20 23:17:00,688 - root - INFO -         1 ( A): 8 bytes
2023-01-20 23:17:00,689 - root - INFO -             1 ( 8): 34 22
2023-01-20 23:17:00,689 - root - INFO -             2 (10): 94 5E
2023-01-20 23:17:00,689 - root - INFO -             3 (18): 2  2
2023-01-20 23:17:00,689 - root - INFO -             4 (20): 10  A
2023-01-20 23:17:00,689 - root - INFO -         2 (12): 8 bytes
2023-01-20 23:17:00,689 - root - INFO -             1 ( 8): 61 3D
2023-01-20 23:17:00,689 - root - INFO -             2 (10): 94 5E
2023-01-20 23:17:00,689 - root - INFO -             3 (18): 2  2
2023-01-20 23:17:00,689 - root - INFO -             4 (20): 10  A
2023-01-20 23:17:00,689 - root - INFO -     2 (12): 21 bytes
2023-01-20 23:17:00,689 - root - INFO -         1 ( A): 8 bytes
2023-01-20 23:17:00,690 - root - INFO -             1 ( 8): 108 6C
2023-01-20 23:17:00,690 - root - INFO -             2 (10): 94 5E
2023-01-20 23:17:00,690 - root - INFO -             3 (18): 2  2
2023-01-20 23:17:00,690 - root - INFO -             4 (20): 10  A
2023-01-20 23:17:00,690 - root - INFO -         2 (12): 9 bytes
2023-01-20 23:17:00,690 - root - INFO -             1 ( 8): 135 87
2023-01-20 23:17:00,690 - root - INFO -             2 (10): 94 5E
2023-01-20 23:17:00,690 - root - INFO -             3 (18): 2  2
2023-01-20 23:17:00,691 - root - INFO -             4 (20): 10  A
2023-01-20 23:17:00,691 - root - INFO -     3 (1A): 22 bytes
2023-01-20 23:17:00,691 - root - INFO -         1 ( A): 9 bytes
2023-01-20 23:17:00,691 - root - INFO -             1 ( 8): 183 B7
2023-01-20 23:17:00,691 - root - INFO -             2 (10): 127 7F
2023-01-20 23:17:00,691 - root - INFO -             3 (18): 12  C
2023-01-20 23:17:00,691 - root - INFO -             4 (20): 10  A
2023-01-20 23:17:00,691 - root - INFO -         2 (12): 9 bytes
2023-01-20 23:17:00,691 - root - INFO -             1 ( 8): 193 C1
2023-01-20 23:17:00,691 - root - INFO -             2 (10): 127 7F
2023-01-20 23:17:00,691 - root - INFO -             3 (18): 12  C
2023-01-20 23:17:00,692 - root - INFO -             4 (20): 10  A
2023-01-20 23:17:00,692 - root - INFO -     5 (2A): 6 bytes
2023-01-20 23:17:00,692 - root - INFO -         1 ( 8): 93 5D
2023-01-20 23:17:00,692 - root - INFO -         2 (10): 94 5E
2023-01-20 23:17:00,692 - root - INFO -         3 (18): 22 16
2023-01-20 23:17:00,692 - root - INFO -     7 (38): 0  0
2023-01-20 23:17:00,692 - root - INFO -     8 (40): 1  1
2023-01-20 23:17:00,692 - root - INFO - Reading descriptor for parameter 4
2023-01-20 23:17:00,693 - root - INFO - Descriptor offset: 153, Descriptor length: 78
2023-01-20 23:17:00,693 - root - INFO - Parsing descriptor for parameter 4...
2023-01-20 23:17:00,693 - root - INFO - 1 ( A): 22 bytes
2023-01-20 23:17:00,693 - root - INFO -     1 ( A): 20 bytes
2023-01-20 23:17:00,693 - root - INFO -         1 ( 8): 60 3C
2023-01-20 23:17:00,694 - root - INFO -         2 (10): 217 D9
2023-01-20 23:17:00,694 - root - INFO -         3 (18): 93 5D
2023-01-20 23:17:00,694 - root - INFO -         4 (20): 232 E8
2023-01-20 23:17:00,694 - root - INFO -         5 (28): 18 12
2023-01-20 23:17:00,694 - root - INFO -         6 (30): 0  0
2023-01-20 23:17:00,694 - root - INFO -         7 (38): 0  0
2023-01-20 23:17:00,694 - root - INFO -         8 (40): 23 17
2023-01-20 23:17:00,694 - root - INFO -         9 (48): 10  A
2023-01-20 23:17:00,694 - root - INFO - 3 (1A): 22 bytes
2023-01-20 23:17:00,694 - root - INFO -     1 ( A): 20 bytes
2023-01-20 23:17:00,695 - root - INFO -         1 ( 8): 60 3C
2023-01-20 23:17:00,695 - root - INFO -         2 (10): 239 EF
2023-01-20 23:17:00,695 - root - INFO -         3 (18): 85 55
2023-01-20 23:17:00,695 - root - INFO -         4 (20): 254 FE
2023-01-20 23:17:00,695 - root - INFO -         5 (28): 18 12
2023-01-20 23:17:00,695 - root - INFO -         6 (30): 0  0
2023-01-20 23:17:00,695 - root - INFO -         7 (38): 0  0
2023-01-20 23:17:00,695 - root - INFO -         8 (40): 23 17
2023-01-20 23:17:00,695 - root - INFO -         9 (48): 10  A
2023-01-20 23:17:00,695 - root - INFO - 4 (22): 26 bytes
2023-01-20 23:17:00,695 - root - INFO -     1 ( A): 22 bytes
2023-01-20 23:17:00,696 - root - INFO -         1 ( 8): 173 AD
2023-01-20 23:17:00,696 - root - INFO -         2 (10): 217 D9
2023-01-20 23:17:00,696 - root - INFO -         3 (18): 189 BD
2023-01-20 23:17:00,696 - root - INFO -         4 (20): 232 E8
2023-01-20 23:17:00,696 - root - INFO -         5 (28): 18 12
2023-01-20 23:17:00,696 - root - INFO -         6 (30): 1  1
2023-01-20 23:17:00,696 - root - INFO -         7 (38): 0  0
2023-01-20 23:17:00,696 - root - INFO -         8 (40): 23 17
2023-01-20 23:17:00,696 - root - INFO -         9 (48): 10  A
2023-01-20 23:17:00,696 - root - INFO -     3 (18): 43 2B
2023-01-20 23:17:00,697 - root - INFO - 7 (38): 0  0
2023-01-20 23:17:00,697 - root - INFO - Reading descriptor for parameter 5
2023-01-20 23:17:00,697 - root - INFO - Descriptor offset: 99, Descriptor length: 54
2023-01-20 23:17:00,697 - root - INFO - Parsing descriptor for parameter 5...
2023-01-20 23:17:00,697 - root - INFO - 1 ( A): 30 bytes
2023-01-20 23:17:00,697 - root - INFO -     3 (1A): 22 bytes
2023-01-20 23:17:00,697 - root - INFO -         1 ( A): 18 bytes
2023-01-20 23:17:00,698 - root - INFO -             1 ( 8): 37 25
2023-01-20 23:17:00,698 - root - INFO -             2 (10): 57 39
2023-01-20 23:17:00,698 - root - INFO -             3 (18): 118 76
2023-01-20 23:17:00,698 - root - INFO -             4 (20): 72 48
2023-01-20 23:17:00,698 - root - INFO -             5 (28): 18 12
2023-01-20 23:17:00,698 - root - INFO -             6 (30): 0  0
2023-01-20 23:17:00,698 - root - INFO -             7 (38): 0  0
2023-01-20 23:17:00,698 - root - INFO -             8 (40): 23 17
2023-01-20 23:17:00,698 - root - INFO -             9 (48): 10  A
2023-01-20 23:17:00,698 - root - INFO -         2 (10): 33 21
2023-01-20 23:17:00,699 - root - INFO -     4 (20): 1  1
2023-01-20 23:17:00,699 - root - INFO -     5 (28): 1  1
2023-01-20 23:17:00,699 - root - INFO -     6 (30): 0  0
2023-01-20 23:17:00,699 - root - INFO - 2 (12): 9 bytes
2023-01-20 23:17:00,699 - root - INFO -     1 ( 8): 176 B0
2023-01-20 23:17:00,699 - root - INFO -     2 (10): 89 59
2023-01-20 23:17:00,699 - root - INFO -     5 (28): 41 29
2023-01-20 23:17:00,699 - root - INFO -     6 (30): 42 2A
2023-01-20 23:17:00,699 - root - INFO - 4 (22): 9 bytes
2023-01-20 23:17:00,699 - root - INFO -     1 ( 8): 26 1A
2023-01-20 23:17:00,699 - root - INFO -     2 (10): 178 B2
2023-01-20 23:17:00,700 - root - INFO -     3 (18): 34 22
2023-01-20 23:17:00,700 - root - INFO -     4 (20): 7  7
2023-01-20 23:17:00,700 - root - INFO - Reading descriptor for parameter 6
2023-01-20 23:17:00,700 - root - INFO - Descriptor offset: 231, Descriptor length: 71
2023-01-20 23:17:00,700 - root - INFO - Parsing descriptor for parameter 6...
2023-01-20 23:17:00,700 - root - INFO - 1 ( A): 11 bytes
2023-01-20 23:17:00,700 - root - INFO -     2 (12): 9 bytes
2023-01-20 23:17:00,700 - root - INFO -         1 ( 8): 142 8E
2023-01-20 23:17:00,701 - root - INFO -         2 (10): 52 34
2023-01-20 23:17:00,701 - root - INFO -         3 (18): 44 2C
2023-01-20 23:17:00,701 - root - INFO -         4 (20): 26 1A
2023-01-20 23:17:00,701 - root - INFO - 2 (12): 30 bytes
2023-01-20 23:17:00,701 - root - INFO -     1 ( A): 28 bytes
2023-01-20 23:17:00,701 - root - INFO -         1 ( A): 20 bytes
2023-01-20 23:17:00,701 - root - INFO -             1 ( 8): 170 AA
2023-01-20 23:17:00,701 - root - INFO -             2 (10): 57 39
2023-01-20 23:17:00,701 - root - INFO -             3 (18): 203 CB
2023-01-20 23:17:00,701 - root - INFO -             4 (20): 72 48
2023-01-20 23:17:00,701 - root - INFO -             5 (28): 18 12
2023-01-20 23:17:00,702 - root - INFO -             6 (30): 0  0
2023-01-20 23:17:00,702 - root - INFO -             7 (38): 0  0
2023-01-20 23:17:00,702 - root - INFO -             8 (40): 23 17
2023-01-20 23:17:00,702 - root - INFO -             9 (48): 10  A
2023-01-20 23:17:00,702 - root - INFO -         2 (10): 33 21
2023-01-20 23:17:00,702 - root - INFO -         3 (18): 70 46
2023-01-20 23:17:00,702 - root - INFO -         5 (28): 43 2B
2023-01-20 23:17:00,702 - root - INFO - 4 (22): 24 bytes
2023-01-20 23:17:00,702 - root - INFO -     1 ( A): 22 bytes
2023-01-20 23:17:00,702 - root - INFO -         1 ( 8): 173 AD
2023-01-20 23:17:00,702 - root - INFO -         2 (10): 239 EF
2023-01-20 23:17:00,702 - root - INFO -         3 (18): 189 BD
2023-01-20 23:17:00,702 - root - INFO -         4 (20): 254 FE
2023-01-20 23:17:00,702 - root - INFO -         5 (28): 18 12
2023-01-20 23:17:00,702 - root - INFO -         6 (30): 0  0
2023-01-20 23:17:00,702 - root - INFO -         7 (38): 0  0
2023-01-20 23:17:00,703 - root - INFO -         8 (40): 23 17
2023-01-20 23:17:00,703 - root - INFO -         9 (48): 10  A
2023-01-20 23:17:00,703 - root - INFO - Reading descriptor for parameter 9
2023-01-20 23:17:00,703 - root - INFO - Descriptor offset: 302, Descriptor length: 11
2023-01-20 23:17:00,703 - root - INFO - Parsing descriptor for parameter 9...
2023-01-20 23:17:00,703 - root - INFO - 2 (12): 9 bytes
2023-01-20 23:17:00,703 - root - INFO -     1 ( 8): 141 8D
2023-01-20 23:17:00,703 - root - INFO -     2 (10): 11  B
2023-01-20 23:17:00,703 - root - INFO -     3 (18): 71 47
2023-01-20 23:17:00,704 - root - INFO -     4 (20): 6  6
2023-01-20 23:17:00,707 - root - INFO - Reading resources offsets table with 77 elements (308 bytes)
2023-01-20 23:17:00,707 - root - INFO - Resource 0 offset: 754, length: 51224...
2023-01-20 23:17:00,707 - root - DEBUG - Reading resource 0...
2023-01-20 23:17:00,742 - root - INFO - The image is bmc.
2023-01-20 23:17:00,743 - root - INFO - Reading image header(readHeader16C)...
2023-01-20 23:17:00,743 - root - INFO - Image header was read:
2023-01-20 23:17:00,743 - root - INFO - Width: 148, Height: 173, RowLength: 296
2023-01-20 23:17:00,743 - root - INFO - _step: 2, unknown2: 0,
2023-01-20 23:17:00,743 - root - INFO - BPP: 16, Transparency: False
2023-01-20 23:17:00,845 - root - INFO - Resource 1 offset: 51978, length: 136504...
2023-01-20 23:17:00,845 - root - DEBUG - Reading resource 1...
2023-01-20 23:17:00,845 - root - INFO - The image is bmc.
2023-01-20 23:17:00,845 - root - INFO - Reading image header(readHeader16C)...
2023-01-20 23:17:00,845 - root - INFO - Image header was read:
2023-01-20 23:17:00,845 - root - INFO - Width: 242, Height: 282, RowLength: 484
2023-01-20 23:17:00,845 - root - INFO - _step: 2, unknown2: 0,
2023-01-20 23:17:00,845 - root - INFO - BPP: 16, Transparency: False
2023-01-20 23:17:01,132 - root - INFO - Resource 2 offset: 188482, length: 4228...
2023-01-20 23:17:01,132 - root - DEBUG - Reading resource 2...
2023-01-20 23:17:01,132 - root - INFO - The image is bmc.
2023-01-20 23:17:01,133 - root - INFO - Reading image header(readHeader16C)...
2023-01-20 23:17:01,133 - root - INFO - Image header was read:
2023-01-20 23:17:01,133 - root - INFO - Width: 27, Height: 52, RowLength: 81
2023-01-20 23:17:01,133 - root - INFO - _step: 3, unknown2: 0,
2023-01-20 23:17:01,133 - root - INFO - BPP: 24, Transparency: False
2023-01-20 23:17:01,139 - root - INFO - Resource 3 offset: 192710, length: 4228...
2023-01-20 23:17:01,139 - root - DEBUG - Reading resource 3...
2023-01-20 23:17:01,139 - root - INFO - The image is bmc.
2023-01-20 23:17:01,139 - root - INFO - Reading image header(readHeader16C)...
2023-01-20 23:17:01,139 - root - INFO - Image header was read:
2023-01-20 23:17:01,139 - root - INFO - Width: 27, Height: 52, RowLength: 81
2023-01-20 23:17:01,139 - root - INFO - _step: 3, unknown2: 0,
2023-01-20 23:17:01,140 - root - INFO - BPP: 24, Transparency: False
2023-01-20 23:17:01,146 - root - INFO - Resource 4 offset: 196938, length: 4228...
2023-01-20 23:17:01,146 - root - DEBUG - Reading resource 4...
2023-01-20 23:17:01,146 - root - INFO - The image is bmc.
2023-01-20 23:17:01,146 - root - INFO - Reading image header(readHeader16C)...
2023-01-20 23:17:01,146 - root - INFO - Image header was read:
2023-01-20 23:17:01,146 - root - INFO - Width: 27, Height: 52, RowLength: 81
2023-01-20 23:17:01,146 - root - INFO - _step: 3, unknown2: 0,
2023-01-20 23:17:01,146 - root - INFO - BPP: 24, Transparency: False
2023-01-20 23:17:01,152 - root - INFO - Resource 5 offset: 201166, length: 4228...
2023-01-20 23:17:01,153 - root - DEBUG - Reading resource 5...
2023-01-20 23:17:01,153 - root - INFO - The image is bmc.
2023-01-20 23:17:01,153 - root - INFO - Reading image header(readHeader16C)...
2023-01-20 23:17:01,153 - root - INFO - Image header was read:
2023-01-20 23:17:01,153 - root - INFO - Width: 27, Height: 52, RowLength: 81
2023-01-20 23:17:01,153 - root - INFO - _step: 3, unknown2: 0,
2023-01-20 23:17:01,153 - root - INFO - BPP: 24, Transparency: False
2023-01-20 23:17:01,160 - root - INFO - Resource 6 offset: 205394, length: 4228...
2023-01-20 23:17:01,160 - root - DEBUG - Reading resource 6...
2023-01-20 23:17:01,161 - root - INFO - The image is bmc.
2023-01-20 23:17:01,161 - root - INFO - Reading image header(readHeader16C)...
2023-01-20 23:17:01,161 - root - INFO - Image header was read:
2023-01-20 23:17:01,161 - root - INFO - Width: 27, Height: 52, RowLength: 81
2023-01-20 23:17:01,161 - root - INFO - _step: 3, unknown2: 0,
2023-01-20 23:17:01,161 - root - INFO - BPP: 24, Transparency: False
2023-01-20 23:17:01,168 - root - INFO - Resource 7 offset: 209622, length: 4228...
2023-01-20 23:17:01,168 - root - DEBUG - Reading resource 7...
2023-01-20 23:17:01,168 - root - INFO - The image is bmc.
2023-01-20 23:17:01,168 - root - INFO - Reading image header(readHeader16C)...
2023-01-20 23:17:01,168 - root - INFO - Image header was read:
2023-01-20 23:17:01,169 - root - INFO - Width: 27, Height: 52, RowLength: 81
2023-01-20 23:17:01,169 - root - INFO - _step: 3, unknown2: 0,
2023-01-20 23:17:01,169 - root - INFO - BPP: 24, Transparency: False
2023-01-20 23:17:01,179 - root - INFO - Resource 8 offset: 213850, length: 4228...
2023-01-20 23:17:01,179 - root - DEBUG - Reading resource 8...
2023-01-20 23:17:01,179 - root - INFO - The image is bmc.
2023-01-20 23:17:01,179 - root - INFO - Reading image header(readHeader16C)...
2023-01-20 23:17:01,179 - root - INFO - Image header was read:
2023-01-20 23:17:01,179 - root - INFO - Width: 27, Height: 52, RowLength: 81
2023-01-20 23:17:01,179 - root - INFO - _step: 3, unknown2: 0,
2023-01-20 23:17:01,179 - root - INFO - BPP: 24, Transparency: False
2023-01-20 23:17:01,186 - root - INFO - Resource 9 offset: 218078, length: 4228...
2023-01-20 23:17:01,186 - root - DEBUG - Reading resource 9...
2023-01-20 23:17:01,187 - root - INFO - The image is bmc.
2023-01-20 23:17:01,187 - root - INFO - Reading image header(readHeader16C)...
2023-01-20 23:17:01,187 - root - INFO - Image header was read:
2023-01-20 23:17:01,187 - root - INFO - Width: 27, Height: 52, RowLength: 81
2023-01-20 23:17:01,187 - root - INFO - _step: 3, unknown2: 0,
2023-01-20 23:17:01,187 - root - INFO - BPP: 24, Transparency: False
2023-01-20 23:17:01,197 - root - INFO - Resource 10 offset: 222306, length: 4228...
2023-01-20 23:17:01,197 - root - DEBUG - Reading resource 10...
2023-01-20 23:17:01,197 - root - INFO - The image is bmc.
2023-01-20 23:17:01,198 - root - INFO - Reading image header(readHeader16C)...
2023-01-20 23:17:01,198 - root - INFO - Image header was read:
2023-01-20 23:17:01,198 - root - INFO - Width: 27, Height: 52, RowLength: 81
2023-01-20 23:17:01,198 - root - INFO - _step: 3, unknown2: 0,
2023-01-20 23:17:01,198 - root - INFO - BPP: 24, Transparency: False
2023-01-20 23:17:01,205 - root - INFO - Resource 11 offset: 226534, length: 4228...
2023-01-20 23:17:01,205 - root - DEBUG - Reading resource 11...
2023-01-20 23:17:01,206 - root - INFO - The image is bmc.
2023-01-20 23:17:01,206 - root - INFO - Reading image header(readHeader16C)...
2023-01-20 23:17:01,206 - root - INFO - Image header was read:
2023-01-20 23:17:01,206 - root - INFO - Width: 27, Height: 52, RowLength: 81
2023-01-20 23:17:01,206 - root - INFO - _step: 3, unknown2: 0,
2023-01-20 23:17:01,206 - root - INFO - BPP: 24, Transparency: False
2023-01-20 23:17:01,215 - root - INFO - Resource 12 offset: 230762, length: 586...
2023-01-20 23:17:01,215 - root - DEBUG - Reading resource 12...
2023-01-20 23:17:01,215 - root - INFO - The image is bmc.
2023-01-20 23:17:01,215 - root - INFO - Reading image header(readHeader16C)...
2023-01-20 23:17:01,215 - root - INFO - Image header was read:
2023-01-20 23:17:01,215 - root - INFO - Width: 10, Height: 19, RowLength: 30
2023-01-20 23:17:01,215 - root - INFO - _step: 3, unknown2: 0,
2023-01-20 23:17:01,216 - root - INFO - BPP: 24, Transparency: False
2023-01-20 23:17:01,217 - root - INFO - Resource 13 offset: 231348, length: 586...
2023-01-20 23:17:01,217 - root - DEBUG - Reading resource 13...
2023-01-20 23:17:01,217 - root - INFO - The image is bmc.
2023-01-20 23:17:01,217 - root - INFO - Reading image header(readHeader16C)...
2023-01-20 23:17:01,217 - root - INFO - Image header was read:
2023-01-20 23:17:01,218 - root - INFO - Width: 10, Height: 19, RowLength: 30
2023-01-20 23:17:01,218 - root - INFO - _step: 3, unknown2: 0,
2023-01-20 23:17:01,218 - root - INFO - BPP: 24, Transparency: False
2023-01-20 23:17:01,219 - root - INFO - Resource 14 offset: 231934, length: 586...
2023-01-20 23:17:01,219 - root - DEBUG - Reading resource 14...
2023-01-20 23:17:01,219 - root - INFO - The image is bmc.
2023-01-20 23:17:01,219 - root - INFO - Reading image header(readHeader16C)...
2023-01-20 23:17:01,219 - root - INFO - Image header was read:
2023-01-20 23:17:01,219 - root - INFO - Width: 10, Height: 19, RowLength: 30
2023-01-20 23:17:01,219 - root - INFO - _step: 3, unknown2: 0,
2023-01-20 23:17:01,219 - root - INFO - BPP: 24, Transparency: False
2023-01-20 23:17:01,220 - root - INFO - Resource 15 offset: 232520, length: 586...
2023-01-20 23:17:01,220 - root - DEBUG - Reading resource 15...
2023-01-20 23:17:01,221 - root - INFO - The image is bmc.
2023-01-20 23:17:01,221 - root - INFO - Reading image header(readHeader16C)...
2023-01-20 23:17:01,221 - root - INFO - Image header was read:
2023-01-20 23:17:01,221 - root - INFO - Width: 10, Height: 19, RowLength: 30
2023-01-20 23:17:01,221 - root - INFO - _step: 3, unknown2: 0,
2023-01-20 23:17:01,221 - root - INFO - BPP: 24, Transparency: False
2023-01-20 23:17:01,222 - root - INFO - Resource 16 offset: 233106, length: 586...
2023-01-20 23:17:01,223 - root - DEBUG - Reading resource 16...
2023-01-20 23:17:01,223 - root - INFO - The image is bmc.
2023-01-20 23:17:01,223 - root - INFO - Reading image header(readHeader16C)...
2023-01-20 23:17:01,223 - root - INFO - Image header was read:
2023-01-20 23:17:01,223 - root - INFO - Width: 10, Height: 19, RowLength: 30
2023-01-20 23:17:01,223 - root - INFO - _step: 3, unknown2: 0,
2023-01-20 23:17:01,223 - root - INFO - BPP: 24, Transparency: False
2023-01-20 23:17:01,226 - root - INFO - Resource 17 offset: 233692, length: 586...
2023-01-20 23:17:01,226 - root - DEBUG - Reading resource 17...
2023-01-20 23:17:01,226 - root - INFO - The image is bmc.
2023-01-20 23:17:01,226 - root - INFO - Reading image header(readHeader16C)...
2023-01-20 23:17:01,226 - root - INFO - Image header was read:
2023-01-20 23:17:01,227 - root - INFO - Width: 10, Height: 19, RowLength: 30
2023-01-20 23:17:01,227 - root - INFO - _step: 3, unknown2: 0,
2023-01-20 23:17:01,227 - root - INFO - BPP: 24, Transparency: False
2023-01-20 23:17:01,228 - root - INFO - Resource 18 offset: 234278, length: 586...
2023-01-20 23:17:01,228 - root - DEBUG - Reading resource 18...
2023-01-20 23:17:01,228 - root - INFO - The image is bmc.
2023-01-20 23:17:01,228 - root - INFO - Reading image header(readHeader16C)...
2023-01-20 23:17:01,228 - root - INFO - Image header was read:
2023-01-20 23:17:01,228 - root - INFO - Width: 10, Height: 19, RowLength: 30
2023-01-20 23:17:01,228 - root - INFO - _step: 3, unknown2: 0,
2023-01-20 23:17:01,228 - root - INFO - BPP: 24, Transparency: False
2023-01-20 23:17:01,229 - root - INFO - Resource 19 offset: 234864, length: 586...
2023-01-20 23:17:01,229 - root - DEBUG - Reading resource 19...
2023-01-20 23:17:01,230 - root - INFO - The image is bmc.
2023-01-20 23:17:01,230 - root - INFO - Reading image header(readHeader16C)...
2023-01-20 23:17:01,230 - root - INFO - Image header was read:
2023-01-20 23:17:01,230 - root - INFO - Width: 10, Height: 19, RowLength: 30
2023-01-20 23:17:01,230 - root - INFO - _step: 3, unknown2: 0,
2023-01-20 23:17:01,230 - root - INFO - BPP: 24, Transparency: False
2023-01-20 23:17:01,231 - root - INFO - Resource 20 offset: 235450, length: 586...
2023-01-20 23:17:01,231 - root - DEBUG - Reading resource 20...
2023-01-20 23:17:01,231 - root - INFO - The image is bmc.
2023-01-20 23:17:01,231 - root - INFO - Reading image header(readHeader16C)...
2023-01-20 23:17:01,231 - root - INFO - Image header was read:
2023-01-20 23:17:01,231 - root - INFO - Width: 10, Height: 19, RowLength: 30
2023-01-20 23:17:01,231 - root - INFO - _step: 3, unknown2: 0,
2023-01-20 23:17:01,231 - root - INFO - BPP: 24, Transparency: False
2023-01-20 23:17:01,232 - root - INFO - Resource 21 offset: 236036, length: 586...
2023-01-20 23:17:01,232 - root - DEBUG - Reading resource 21...
2023-01-20 23:17:01,232 - root - INFO - The image is bmc.
2023-01-20 23:17:01,232 - root - INFO - Reading image header(readHeader16C)...
2023-01-20 23:17:01,232 - root - INFO - Image header was read:
2023-01-20 23:17:01,232 - root - INFO - Width: 10, Height: 19, RowLength: 30
2023-01-20 23:17:01,232 - root - INFO - _step: 3, unknown2: 0,
2023-01-20 23:17:01,233 - root - INFO - BPP: 24, Transparency: False
2023-01-20 23:17:01,234 - root - INFO - Resource 22 offset: 236622, length: 2512...
2023-01-20 23:17:01,234 - root - DEBUG - Reading resource 22...
2023-01-20 23:17:01,234 - root - INFO - The image is bmc.
2023-01-20 23:17:01,234 - root - INFO - Reading image header(readHeader16C)...
2023-01-20 23:17:01,234 - root - INFO - Image header was read:
2023-01-20 23:17:01,234 - root - INFO - Width: 16, Height: 52, RowLength: 48
2023-01-20 23:17:01,234 - root - INFO - _step: 3, unknown2: 0,
2023-01-20 23:17:01,234 - root - INFO - BPP: 24, Transparency: False
2023-01-20 23:17:01,238 - root - INFO - Resource 23 offset: 239134, length: 376...
2023-01-20 23:17:01,238 - root - DEBUG - Reading resource 23...
2023-01-20 23:17:01,238 - root - INFO - The image is bmc.
2023-01-20 23:17:01,238 - root - INFO - Reading image header(readHeader16C)...
2023-01-20 23:17:01,238 - root - INFO - Image header was read:
2023-01-20 23:17:01,238 - root - INFO - Width: 8, Height: 15, RowLength: 24
2023-01-20 23:17:01,239 - root - INFO - _step: 3, unknown2: 0,
2023-01-20 23:17:01,239 - root - INFO - BPP: 24, Transparency: False
2023-01-20 23:17:01,240 - root - INFO - Resource 24 offset: 239510, length: 376...
2023-01-20 23:17:01,240 - root - DEBUG - Reading resource 24...
2023-01-20 23:17:01,240 - root - INFO - The image is bmc.
2023-01-20 23:17:01,240 - root - INFO - Reading image header(readHeader16C)...
2023-01-20 23:17:01,240 - root - INFO - Image header was read:
2023-01-20 23:17:01,240 - root - INFO - Width: 8, Height: 15, RowLength: 24
2023-01-20 23:17:01,241 - root - INFO - _step: 3, unknown2: 0,
2023-01-20 23:17:01,241 - root - INFO - BPP: 24, Transparency: False
2023-01-20 23:17:01,242 - root - INFO - Resource 25 offset: 239886, length: 376...
2023-01-20 23:17:01,242 - root - DEBUG - Reading resource 25...
2023-01-20 23:17:01,242 - root - INFO - The image is bmc.
2023-01-20 23:17:01,242 - root - INFO - Reading image header(readHeader16C)...
2023-01-20 23:17:01,242 - root - INFO - Image header was read:
2023-01-20 23:17:01,242 - root - INFO - Width: 8, Height: 15, RowLength: 24
2023-01-20 23:17:01,242 - root - INFO - _step: 3, unknown2: 0,
2023-01-20 23:17:01,242 - root - INFO - BPP: 24, Transparency: False
2023-01-20 23:17:01,243 - root - INFO - Resource 26 offset: 240262, length: 376...
2023-01-20 23:17:01,243 - root - DEBUG - Reading resource 26...
2023-01-20 23:17:01,243 - root - INFO - The image is bmc.
2023-01-20 23:17:01,243 - root - INFO - Reading image header(readHeader16C)...
2023-01-20 23:17:01,243 - root - INFO - Image header was read:
2023-01-20 23:17:01,243 - root - INFO - Width: 8, Height: 15, RowLength: 24
2023-01-20 23:17:01,243 - root - INFO - _step: 3, unknown2: 0,
2023-01-20 23:17:01,243 - root - INFO - BPP: 24, Transparency: False
2023-01-20 23:17:01,244 - root - INFO - Resource 27 offset: 240638, length: 376...
2023-01-20 23:17:01,244 - root - DEBUG - Reading resource 27...
2023-01-20 23:17:01,244 - root - INFO - The image is bmc.
2023-01-20 23:17:01,244 - root - INFO - Reading image header(readHeader16C)...
2023-01-20 23:17:01,244 - root - INFO - Image header was read:
2023-01-20 23:17:01,244 - root - INFO - Width: 8, Height: 15, RowLength: 24
2023-01-20 23:17:01,244 - root - INFO - _step: 3, unknown2: 0,
2023-01-20 23:17:01,244 - root - INFO - BPP: 24, Transparency: False
2023-01-20 23:17:01,245 - root - INFO - Resource 28 offset: 241014, length: 376...
2023-01-20 23:17:01,245 - root - DEBUG - Reading resource 28...
2023-01-20 23:17:01,245 - root - INFO - The image is bmc.
2023-01-20 23:17:01,245 - root - INFO - Reading image header(readHeader16C)...
2023-01-20 23:17:01,245 - root - INFO - Image header was read:
2023-01-20 23:17:01,246 - root - INFO - Width: 8, Height: 15, RowLength: 24
2023-01-20 23:17:01,246 - root - INFO - _step: 3, unknown2: 0,
2023-01-20 23:17:01,246 - root - INFO - BPP: 24, Transparency: False
2023-01-20 23:17:01,246 - root - INFO - Resource 29 offset: 241390, length: 376...
2023-01-20 23:17:01,246 - root - DEBUG - Reading resource 29...
2023-01-20 23:17:01,247 - root - INFO - The image is bmc.
2023-01-20 23:17:01,247 - root - INFO - Reading image header(readHeader16C)...
2023-01-20 23:17:01,247 - root - INFO - Image header was read:
2023-01-20 23:17:01,247 - root - INFO - Width: 8, Height: 15, RowLength: 24
2023-01-20 23:17:01,247 - root - INFO - _step: 3, unknown2: 0,
2023-01-20 23:17:01,247 - root - INFO - BPP: 24, Transparency: False
2023-01-20 23:17:01,248 - root - INFO - Resource 30 offset: 241766, length: 376...
2023-01-20 23:17:01,248 - root - DEBUG - Reading resource 30...
2023-01-20 23:17:01,248 - root - INFO - The image is bmc.
2023-01-20 23:17:01,248 - root - INFO - Reading image header(readHeader16C)...
2023-01-20 23:17:01,248 - root - INFO - Image header was read:
2023-01-20 23:17:01,248 - root - INFO - Width: 8, Height: 15, RowLength: 24
2023-01-20 23:17:01,248 - root - INFO - _step: 3, unknown2: 0,
2023-01-20 23:17:01,248 - root - INFO - BPP: 24, Transparency: False
2023-01-20 23:17:01,249 - root - INFO - Resource 31 offset: 242142, length: 376...
2023-01-20 23:17:01,249 - root - DEBUG - Reading resource 31...
2023-01-20 23:17:01,249 - root - INFO - The image is bmc.
2023-01-20 23:17:01,249 - root - INFO - Reading image header(readHeader16C)...
2023-01-20 23:17:01,249 - root - INFO - Image header was read:
2023-01-20 23:17:01,249 - root - INFO - Width: 8, Height: 15, RowLength: 24
2023-01-20 23:17:01,249 - root - INFO - _step: 3, unknown2: 0,
2023-01-20 23:17:01,249 - root - INFO - BPP: 24, Transparency: False
2023-01-20 23:17:01,250 - root - INFO - Resource 32 offset: 242518, length: 376...
2023-01-20 23:17:01,250 - root - DEBUG - Reading resource 32...
2023-01-20 23:17:01,250 - root - INFO - The image is bmc.
2023-01-20 23:17:01,250 - root - INFO - Reading image header(readHeader16C)...
2023-01-20 23:17:01,250 - root - INFO - Image header was read:
2023-01-20 23:17:01,250 - root - INFO - Width: 8, Height: 15, RowLength: 24
2023-01-20 23:17:01,250 - root - INFO - _step: 3, unknown2: 0,
2023-01-20 23:17:01,251 - root - INFO - BPP: 24, Transparency: False
2023-01-20 23:17:01,251 - root - INFO - Resource 33 offset: 242894, length: 376...
2023-01-20 23:17:01,251 - root - DEBUG - Reading resource 33...
2023-01-20 23:17:01,251 - root - INFO - The image is bmc.
2023-01-20 23:17:01,251 - root - INFO - Reading image header(readHeader16C)...
2023-01-20 23:17:01,251 - root - INFO - Image header was read:
2023-01-20 23:17:01,251 - root - INFO - Width: 8, Height: 15, RowLength: 24
2023-01-20 23:17:01,251 - root - INFO - _step: 3, unknown2: 0,
2023-01-20 23:17:01,251 - root - INFO - BPP: 24, Transparency: False
2023-01-20 23:17:01,253 - root - INFO - Resource 34 offset: 243270, length: 4322...
2023-01-20 23:17:01,253 - root - DEBUG - Reading resource 34...
2023-01-20 23:17:01,253 - root - INFO - The image is bme.
2023-01-20 23:17:01,253 - root - INFO - Reading image header(readHeader16E)...
2023-01-20 23:17:01,253 - root - INFO - Image header was read:
2023-01-20 23:17:01,253 - root - INFO - Width: 190, Height: 18, RowLength: 380
2023-01-20 23:17:01,253 - root - INFO - datalength: 4306, _step: 2
2023-01-20 23:17:01,253 - root - INFO - BPP: 16, Transparency: False
2023-01-20 23:17:01,262 - root - INFO - Resource 35 offset: 247592, length: 3820...
2023-01-20 23:17:01,262 - root - DEBUG - Reading resource 35...
2023-01-20 23:17:01,263 - root - INFO - The image is bme.
2023-01-20 23:17:01,263 - root - INFO - Reading image header(readHeader16E)...
2023-01-20 23:17:01,263 - root - INFO - Image header was read:
2023-01-20 23:17:01,263 - root - INFO - Width: 190, Height: 18, RowLength: 380
2023-01-20 23:17:01,263 - root - INFO - datalength: 3804, _step: 2
2023-01-20 23:17:01,263 - root - INFO - BPP: 16, Transparency: False
2023-01-20 23:17:01,269 - root - INFO - Resource 36 offset: 251412, length: 3780...
2023-01-20 23:17:01,269 - root - DEBUG - Reading resource 36...
2023-01-20 23:17:01,269 - root - INFO - The image is bme.
2023-01-20 23:17:01,269 - root - INFO - Reading image header(readHeader16E)...
2023-01-20 23:17:01,270 - root - INFO - Image header was read:
2023-01-20 23:17:01,270 - root - INFO - Width: 190, Height: 18, RowLength: 380
2023-01-20 23:17:01,270 - root - INFO - datalength: 3764, _step: 2
2023-01-20 23:17:01,270 - root - INFO - BPP: 16, Transparency: False
2023-01-20 23:17:01,276 - root - INFO - Resource 37 offset: 255192, length: 3786...
2023-01-20 23:17:01,276 - root - DEBUG - Reading resource 37...
2023-01-20 23:17:01,276 - root - INFO - The image is bme.
2023-01-20 23:17:01,276 - root - INFO - Reading image header(readHeader16E)...
2023-01-20 23:17:01,277 - root - INFO - Image header was read:
2023-01-20 23:17:01,277 - root - INFO - Width: 190, Height: 18, RowLength: 380
2023-01-20 23:17:01,277 - root - INFO - datalength: 3770, _step: 2
2023-01-20 23:17:01,277 - root - INFO - BPP: 16, Transparency: False
2023-01-20 23:17:01,282 - root - INFO - Resource 38 offset: 258978, length: 3806...
2023-01-20 23:17:01,282 - root - DEBUG - Reading resource 38...
2023-01-20 23:17:01,282 - root - INFO - The image is bme.
2023-01-20 23:17:01,282 - root - INFO - Reading image header(readHeader16E)...
2023-01-20 23:17:01,282 - root - INFO - Image header was read:
2023-01-20 23:17:01,282 - root - INFO - Width: 190, Height: 18, RowLength: 380
2023-01-20 23:17:01,282 - root - INFO - datalength: 3790, _step: 2
2023-01-20 23:17:01,283 - root - INFO - BPP: 16, Transparency: False
2023-01-20 23:17:01,288 - root - INFO - Resource 39 offset: 262784, length: 3854...
2023-01-20 23:17:01,289 - root - DEBUG - Reading resource 39...
2023-01-20 23:17:01,289 - root - INFO - The image is bme.
2023-01-20 23:17:01,289 - root - INFO - Reading image header(readHeader16E)...
2023-01-20 23:17:01,289 - root - INFO - Image header was read:
2023-01-20 23:17:01,289 - root - INFO - Width: 190, Height: 18, RowLength: 380
2023-01-20 23:17:01,289 - root - INFO - datalength: 3838, _step: 2
2023-01-20 23:17:01,289 - root - INFO - BPP: 16, Transparency: False
2023-01-20 23:17:01,296 - root - INFO - Resource 40 offset: 266638, length: 4282...
2023-01-20 23:17:01,296 - root - DEBUG - Reading resource 40...
2023-01-20 23:17:01,296 - root - INFO - The image is bme.
2023-01-20 23:17:01,296 - root - INFO - Reading image header(readHeader16E)...
2023-01-20 23:17:01,296 - root - INFO - Image header was read:
2023-01-20 23:17:01,296 - root - INFO - Width: 190, Height: 18, RowLength: 380
2023-01-20 23:17:01,296 - root - INFO - datalength: 4266, _step: 2
2023-01-20 23:17:01,296 - root - INFO - BPP: 16, Transparency: False
2023-01-20 23:17:01,302 - root - INFO - Resource 41 offset: 270920, length: 3550...
2023-01-20 23:17:01,302 - root - DEBUG - Reading resource 41...
2023-01-20 23:17:01,303 - root - INFO - The image is bmc.
2023-01-20 23:17:01,303 - root - INFO - Reading image header(readHeader16C)...
2023-01-20 23:17:01,303 - root - INFO - Image header was read:
2023-01-20 23:17:01,303 - root - INFO - Width: 31, Height: 38, RowLength: 93
2023-01-20 23:17:01,303 - root - INFO - _step: 3, unknown2: 0,
2023-01-20 23:17:01,303 - root - INFO - BPP: 24, Transparency: False
2023-01-20 23:17:01,308 - root - INFO - Resource 42 offset: 274470, length: 3550...
2023-01-20 23:17:01,308 - root - DEBUG - Reading resource 42...
2023-01-20 23:17:01,308 - root - INFO - The image is bmc.
2023-01-20 23:17:01,308 - root - INFO - Reading image header(readHeader16C)...
2023-01-20 23:17:01,308 - root - INFO - Image header was read:
2023-01-20 23:17:01,308 - root - INFO - Width: 31, Height: 38, RowLength: 93
2023-01-20 23:17:01,308 - root - INFO - _step: 3, unknown2: 0,
2023-01-20 23:17:01,308 - root - INFO - BPP: 24, Transparency: False
2023-01-20 23:17:01,314 - root - INFO - Resource 43 offset: 278020, length: 376...
2023-01-20 23:17:01,314 - root - DEBUG - Reading resource 43...
2023-01-20 23:17:01,314 - root - INFO - The image is bmc.
2023-01-20 23:17:01,314 - root - INFO - Reading image header(readHeader16C)...
2023-01-20 23:17:01,314 - root - INFO - Image header was read:
2023-01-20 23:17:01,314 - root - INFO - Width: 8, Height: 15, RowLength: 24
2023-01-20 23:17:01,314 - root - INFO - _step: 3, unknown2: 0,
2023-01-20 23:17:01,314 - root - INFO - BPP: 24, Transparency: False
2023-01-20 23:17:01,315 - root - INFO - Resource 44 offset: 278396, length: 1216...
2023-01-20 23:17:01,315 - root - DEBUG - Reading resource 44...
2023-01-20 23:17:01,315 - root - INFO - The image is bmc.
2023-01-20 23:17:01,315 - root - INFO - Reading image header(readHeader16C)...
2023-01-20 23:17:01,315 - root - INFO - Image header was read:
2023-01-20 23:17:01,315 - root - INFO - Width: 20, Height: 20, RowLength: 60
2023-01-20 23:17:01,315 - root - INFO - _step: 3, unknown2: 0,
2023-01-20 23:17:01,315 - root - INFO - BPP: 24, Transparency: False
2023-01-20 23:17:01,317 - root - INFO - Resource 45 offset: 279612, length: 1216...
2023-01-20 23:17:01,317 - root - DEBUG - Reading resource 45...
2023-01-20 23:17:01,317 - root - INFO - The image is bmc.
2023-01-20 23:17:01,317 - root - INFO - Reading image header(readHeader16C)...
2023-01-20 23:17:01,317 - root - INFO - Image header was read:
2023-01-20 23:17:01,317 - root - INFO - Width: 20, Height: 20, RowLength: 60
2023-01-20 23:17:01,317 - root - INFO - _step: 3, unknown2: 0,
2023-01-20 23:17:01,318 - root - INFO - BPP: 24, Transparency: False
2023-01-20 23:17:01,319 - root - INFO - Resource 46 offset: 280828, length: 1216...
2023-01-20 23:17:01,319 - root - DEBUG - Reading resource 46...
2023-01-20 23:17:01,320 - root - INFO - The image is bmc.
2023-01-20 23:17:01,320 - root - INFO - Reading image header(readHeader16C)...
2023-01-20 23:17:01,320 - root - INFO - Image header was read:
2023-01-20 23:17:01,320 - root - INFO - Width: 20, Height: 20, RowLength: 60
2023-01-20 23:17:01,320 - root - INFO - _step: 3, unknown2: 0,
2023-01-20 23:17:01,320 - root - INFO - BPP: 24, Transparency: False
2023-01-20 23:17:01,322 - root - INFO - Resource 47 offset: 282044, length: 1216...
2023-01-20 23:17:01,322 - root - DEBUG - Reading resource 47...
2023-01-20 23:17:01,322 - root - INFO - The image is bmc.
2023-01-20 23:17:01,322 - root - INFO - Reading image header(readHeader16C)...
2023-01-20 23:17:01,322 - root - INFO - Image header was read:
2023-01-20 23:17:01,322 - root - INFO - Width: 20, Height: 20, RowLength: 60
2023-01-20 23:17:01,322 - root - INFO - _step: 3, unknown2: 0,
2023-01-20 23:17:01,322 - root - INFO - BPP: 24, Transparency: False
2023-01-20 23:17:01,324 - root - INFO - Resource 48 offset: 283260, length: 1216...
2023-01-20 23:17:01,324 - root - DEBUG - Reading resource 48...
2023-01-20 23:17:01,324 - root - INFO - The image is bmc.
2023-01-20 23:17:01,324 - root - INFO - Reading image header(readHeader16C)...
2023-01-20 23:17:01,324 - root - INFO - Image header was read:
2023-01-20 23:17:01,324 - root - INFO - Width: 20, Height: 20, RowLength: 60
2023-01-20 23:17:01,324 - root - INFO - _step: 3, unknown2: 0,
2023-01-20 23:17:01,324 - root - INFO - BPP: 24, Transparency: False
2023-01-20 23:17:01,326 - root - INFO - Resource 49 offset: 284476, length: 1216...
2023-01-20 23:17:01,326 - root - DEBUG - Reading resource 49...
2023-01-20 23:17:01,326 - root - INFO - The image is bmc.
2023-01-20 23:17:01,326 - root - INFO - Reading image header(readHeader16C)...
2023-01-20 23:17:01,326 - root - INFO - Image header was read:
2023-01-20 23:17:01,326 - root - INFO - Width: 20, Height: 20, RowLength: 60
2023-01-20 23:17:01,327 - root - INFO - _step: 3, unknown2: 0,
2023-01-20 23:17:01,327 - root - INFO - BPP: 24, Transparency: False
2023-01-20 23:17:01,328 - root - INFO - Resource 50 offset: 285692, length: 1216...
2023-01-20 23:17:01,328 - root - DEBUG - Reading resource 50...
2023-01-20 23:17:01,328 - root - INFO - The image is bmc.
2023-01-20 23:17:01,329 - root - INFO - Reading image header(readHeader16C)...
2023-01-20 23:17:01,329 - root - INFO - Image header was read:
2023-01-20 23:17:01,329 - root - INFO - Width: 20, Height: 20, RowLength: 60
2023-01-20 23:17:01,329 - root - INFO - _step: 3, unknown2: 0,
2023-01-20 23:17:01,329 - root - INFO - BPP: 24, Transparency: False
2023-01-20 23:17:01,330 - root - INFO - Resource 51 offset: 286908, length: 1216...
2023-01-20 23:17:01,331 - root - DEBUG - Reading resource 51...
2023-01-20 23:17:01,331 - root - INFO - The image is bmc.
2023-01-20 23:17:01,331 - root - INFO - Reading image header(readHeader16C)...
2023-01-20 23:17:01,331 - root - INFO - Image header was read:
2023-01-20 23:17:01,331 - root - INFO - Width: 20, Height: 20, RowLength: 60
2023-01-20 23:17:01,331 - root - INFO - _step: 3, unknown2: 0,
2023-01-20 23:17:01,331 - root - INFO - BPP: 24, Transparency: False
2023-01-20 23:17:01,333 - root - INFO - Resource 52 offset: 288124, length: 1216...
2023-01-20 23:17:01,333 - root - DEBUG - Reading resource 52...
2023-01-20 23:17:01,333 - root - INFO - The image is bmc.
2023-01-20 23:17:01,333 - root - INFO - Reading image header(readHeader16C)...
2023-01-20 23:17:01,334 - root - INFO - Image header was read:
2023-01-20 23:17:01,334 - root - INFO - Width: 20, Height: 20, RowLength: 60
2023-01-20 23:17:01,334 - root - INFO - _step: 3, unknown2: 0,
2023-01-20 23:17:01,334 - root - INFO - BPP: 24, Transparency: False
2023-01-20 23:17:01,336 - root - INFO - Resource 53 offset: 289340, length: 1216...
2023-01-20 23:17:01,336 - root - DEBUG - Reading resource 53...
2023-01-20 23:17:01,336 - root - INFO - The image is bmc.
2023-01-20 23:17:01,336 - root - INFO - Reading image header(readHeader16C)...
2023-01-20 23:17:01,336 - root - INFO - Image header was read:
2023-01-20 23:17:01,336 - root - INFO - Width: 20, Height: 20, RowLength: 60
2023-01-20 23:17:01,336 - root - INFO - _step: 3, unknown2: 0,
2023-01-20 23:17:01,336 - root - INFO - BPP: 24, Transparency: False
2023-01-20 23:17:01,338 - root - INFO - Resource 54 offset: 290556, length: 1216...
2023-01-20 23:17:01,338 - root - DEBUG - Reading resource 54...
2023-01-20 23:17:01,338 - root - INFO - The image is bmc.
2023-01-20 23:17:01,338 - root - INFO - Reading image header(readHeader16C)...
2023-01-20 23:17:01,338 - root - INFO - Image header was read:
2023-01-20 23:17:01,338 - root - INFO - Width: 20, Height: 20, RowLength: 60
2023-01-20 23:17:01,338 - root - INFO - _step: 3, unknown2: 0,
2023-01-20 23:17:01,338 - root - INFO - BPP: 24, Transparency: False
2023-01-20 23:17:01,342 - root - INFO - Resource 55 offset: 291772, length: 1216...
2023-01-20 23:17:01,342 - root - DEBUG - Reading resource 55...
2023-01-20 23:17:01,342 - root - INFO - The image is bmc.
2023-01-20 23:17:01,342 - root - INFO - Reading image header(readHeader16C)...
2023-01-20 23:17:01,342 - root - INFO - Image header was read:
2023-01-20 23:17:01,342 - root - INFO - Width: 20, Height: 20, RowLength: 60
2023-01-20 23:17:01,342 - root - INFO - _step: 3, unknown2: 0,
2023-01-20 23:17:01,342 - root - INFO - BPP: 24, Transparency: False
2023-01-20 23:17:01,344 - root - INFO - Resource 56 offset: 292988, length: 1216...
2023-01-20 23:17:01,344 - root - DEBUG - Reading resource 56...
2023-01-20 23:17:01,344 - root - INFO - The image is bmc.
2023-01-20 23:17:01,344 - root - INFO - Reading image header(readHeader16C)...
2023-01-20 23:17:01,344 - root - INFO - Image header was read:
2023-01-20 23:17:01,344 - root - INFO - Width: 20, Height: 20, RowLength: 60
2023-01-20 23:17:01,344 - root - INFO - _step: 3, unknown2: 0,
2023-01-20 23:17:01,344 - root - INFO - BPP: 24, Transparency: False
2023-01-20 23:17:01,346 - root - INFO - Resource 57 offset: 294204, length: 1216...
2023-01-20 23:17:01,346 - root - DEBUG - Reading resource 57...
2023-01-20 23:17:01,346 - root - INFO - The image is bmc.
2023-01-20 23:17:01,346 - root - INFO - Reading image header(readHeader16C)...
2023-01-20 23:17:01,346 - root - INFO - Image header was read:
2023-01-20 23:17:01,347 - root - INFO - Width: 20, Height: 20, RowLength: 60
2023-01-20 23:17:01,347 - root - INFO - _step: 3, unknown2: 0,
2023-01-20 23:17:01,347 - root - INFO - BPP: 24, Transparency: False
2023-01-20 23:17:01,348 - root - INFO - Resource 58 offset: 295420, length: 1216...
2023-01-20 23:17:01,348 - root - DEBUG - Reading resource 58...
2023-01-20 23:17:01,349 - root - INFO - The image is bmc.
2023-01-20 23:17:01,349 - root - INFO - Reading image header(readHeader16C)...
2023-01-20 23:17:01,349 - root - INFO - Image header was read:
2023-01-20 23:17:01,349 - root - INFO - Width: 20, Height: 20, RowLength: 60
2023-01-20 23:17:01,349 - root - INFO - _step: 3, unknown2: 0,
2023-01-20 23:17:01,349 - root - INFO - BPP: 24, Transparency: False
2023-01-20 23:17:01,351 - root - INFO - Resource 59 offset: 296636, length: 1216...
2023-01-20 23:17:01,351 - root - DEBUG - Reading resource 59...
2023-01-20 23:17:01,351 - root - INFO - The image is bmc.
2023-01-20 23:17:01,351 - root - INFO - Reading image header(readHeader16C)...
2023-01-20 23:17:01,351 - root - INFO - Image header was read:
2023-01-20 23:17:01,351 - root - INFO - Width: 20, Height: 20, RowLength: 60
2023-01-20 23:17:01,351 - root - INFO - _step: 3, unknown2: 0,
2023-01-20 23:17:01,351 - root - INFO - BPP: 24, Transparency: False
2023-01-20 23:17:01,353 - root - INFO - Resource 60 offset: 297852, length: 1216...
2023-01-20 23:17:01,353 - root - DEBUG - Reading resource 60...
2023-01-20 23:17:01,354 - root - INFO - The image is bmc.
2023-01-20 23:17:01,354 - root - INFO - Reading image header(readHeader16C)...
2023-01-20 23:17:01,354 - root - INFO - Image header was read:
2023-01-20 23:17:01,354 - root - INFO - Width: 20, Height: 20, RowLength: 60
2023-01-20 23:17:01,354 - root - INFO - _step: 3, unknown2: 0,
2023-01-20 23:17:01,354 - root - INFO - BPP: 24, Transparency: False
2023-01-20 23:17:01,356 - root - INFO - Resource 61 offset: 299068, length: 1216...
2023-01-20 23:17:01,356 - root - DEBUG - Reading resource 61...
2023-01-20 23:17:01,356 - root - INFO - The image is bmc.
2023-01-20 23:17:01,356 - root - INFO - Reading image header(readHeader16C)...
2023-01-20 23:17:01,356 - root - INFO - Image header was read:
2023-01-20 23:17:01,356 - root - INFO - Width: 20, Height: 20, RowLength: 60
2023-01-20 23:17:01,356 - root - INFO - _step: 3, unknown2: 0,
2023-01-20 23:17:01,356 - root - INFO - BPP: 24, Transparency: False
2023-01-20 23:17:01,358 - root - INFO - Resource 62 offset: 300284, length: 1216...
2023-01-20 23:17:01,358 - root - DEBUG - Reading resource 62...
2023-01-20 23:17:01,358 - root - INFO - The image is bmc.
2023-01-20 23:17:01,358 - root - INFO - Reading image header(readHeader16C)...
2023-01-20 23:17:01,358 - root - INFO - Image header was read:
2023-01-20 23:17:01,358 - root - INFO - Width: 20, Height: 20, RowLength: 60
2023-01-20 23:17:01,358 - root - INFO - _step: 3, unknown2: 0,
2023-01-20 23:17:01,358 - root - INFO - BPP: 24, Transparency: False
2023-01-20 23:17:01,360 - root - INFO - Resource 63 offset: 301500, length: 1216...
2023-01-20 23:17:01,360 - root - DEBUG - Reading resource 63...
2023-01-20 23:17:01,360 - root - INFO - The image is bmc.
2023-01-20 23:17:01,360 - root - INFO - Reading image header(readHeader16C)...
2023-01-20 23:17:01,360 - root - INFO - Image header was read:
2023-01-20 23:17:01,360 - root - INFO - Width: 20, Height: 20, RowLength: 60
2023-01-20 23:17:01,361 - root - INFO - _step: 3, unknown2: 0,
2023-01-20 23:17:01,361 - root - INFO - BPP: 24, Transparency: False
2023-01-20 23:17:01,362 - root - INFO - Resource 64 offset: 302716, length: 1216...
2023-01-20 23:17:01,362 - root - DEBUG - Reading resource 64...
2023-01-20 23:17:01,362 - root - INFO - The image is bmc.
2023-01-20 23:17:01,362 - root - INFO - Reading image header(readHeader16C)...
2023-01-20 23:17:01,362 - root - INFO - Image header was read:
2023-01-20 23:17:01,362 - root - INFO - Width: 20, Height: 20, RowLength: 60
2023-01-20 23:17:01,362 - root - INFO - _step: 3, unknown2: 0,
2023-01-20 23:17:01,362 - root - INFO - BPP: 24, Transparency: False
2023-01-20 23:17:01,364 - root - INFO - Resource 65 offset: 303932, length: 1216...
2023-01-20 23:17:01,364 - root - DEBUG - Reading resource 65...
2023-01-20 23:17:01,364 - root - INFO - The image is bmc.
2023-01-20 23:17:01,364 - root - INFO - Reading image header(readHeader16C)...
2023-01-20 23:17:01,364 - root - INFO - Image header was read:
2023-01-20 23:17:01,364 - root - INFO - Width: 20, Height: 20, RowLength: 60
2023-01-20 23:17:01,364 - root - INFO - _step: 3, unknown2: 0,
2023-01-20 23:17:01,365 - root - INFO - BPP: 24, Transparency: False
2023-01-20 23:17:01,366 - root - INFO - Resource 66 offset: 305148, length: 1216...
2023-01-20 23:17:01,366 - root - DEBUG - Reading resource 66...
2023-01-20 23:17:01,366 - root - INFO - The image is bmc.
2023-01-20 23:17:01,367 - root - INFO - Reading image header(readHeader16C)...
2023-01-20 23:17:01,367 - root - INFO - Image header was read:
2023-01-20 23:17:01,367 - root - INFO - Width: 20, Height: 20, RowLength: 60
2023-01-20 23:17:01,367 - root - INFO - _step: 3, unknown2: 0,
2023-01-20 23:17:01,367 - root - INFO - BPP: 24, Transparency: False
2023-01-20 23:17:01,368 - root - INFO - Resource 67 offset: 306364, length: 1216...
2023-01-20 23:17:01,369 - root - DEBUG - Reading resource 67...
2023-01-20 23:17:01,369 - root - INFO - The image is bmc.
2023-01-20 23:17:01,369 - root - INFO - Reading image header(readHeader16C)...
2023-01-20 23:17:01,369 - root - INFO - Image header was read:
2023-01-20 23:17:01,369 - root - INFO - Width: 20, Height: 20, RowLength: 60
2023-01-20 23:17:01,369 - root - INFO - _step: 3, unknown2: 0,
2023-01-20 23:17:01,369 - root - INFO - BPP: 24, Transparency: False
2023-01-20 23:17:01,371 - root - INFO - Resource 68 offset: 307580, length: 1216...
2023-01-20 23:17:01,371 - root - DEBUG - Reading resource 68...
2023-01-20 23:17:01,371 - root - INFO - The image is bmc.
2023-01-20 23:17:01,371 - root - INFO - Reading image header(readHeader16C)...
2023-01-20 23:17:01,371 - root - INFO - Image header was read:
2023-01-20 23:17:01,371 - root - INFO - Width: 20, Height: 20, RowLength: 60
2023-01-20 23:17:01,371 - root - INFO - _step: 3, unknown2: 0,
2023-01-20 23:17:01,371 - root - INFO - BPP: 24, Transparency: False
2023-01-20 23:17:01,373 - root - INFO - Resource 69 offset: 308796, length: 1216...
2023-01-20 23:17:01,373 - root - DEBUG - Reading resource 69...
2023-01-20 23:17:01,374 - root - INFO - The image is bmc.
2023-01-20 23:17:01,374 - root - INFO - Reading image header(readHeader16C)...
2023-01-20 23:17:01,374 - root - INFO - Image header was read:
2023-01-20 23:17:01,374 - root - INFO - Width: 20, Height: 20, RowLength: 60
2023-01-20 23:17:01,374 - root - INFO - _step: 3, unknown2: 0,
2023-01-20 23:17:01,374 - root - INFO - BPP: 24, Transparency: False
2023-01-20 23:17:01,376 - root - INFO - Resource 70 offset: 310012, length: 376...
2023-01-20 23:17:01,376 - root - DEBUG - Reading resource 70...
2023-01-20 23:17:01,376 - root - INFO - The image is bmc.
2023-01-20 23:17:01,376 - root - INFO - Reading image header(readHeader16C)...
2023-01-20 23:17:01,376 - root - INFO - Image header was read:
2023-01-20 23:17:01,376 - root - INFO - Width: 8, Height: 15, RowLength: 24
2023-01-20 23:17:01,376 - root - INFO - _step: 3, unknown2: 0,
2023-01-20 23:17:01,376 - root - INFO - BPP: 24, Transparency: False
2023-01-20 23:17:01,377 - root - INFO - Resource 71 offset: 310388, length: 2872...
2023-01-20 23:17:01,377 - root - DEBUG - Reading resource 71...
2023-01-20 23:17:01,377 - root - INFO - The image is bmc.
2023-01-20 23:17:01,377 - root - INFO - Reading image header(readHeader16C)...
2023-01-20 23:17:01,377 - root - INFO - Image header was read:
2023-01-20 23:17:01,378 - root - INFO - Width: 68, Height: 14, RowLength: 204
2023-01-20 23:17:01,378 - root - INFO - _step: 3, unknown2: 0,
2023-01-20 23:17:01,378 - root - INFO - BPP: 24, Transparency: False
2023-01-20 23:17:01,382 - root - INFO - Resource 72 offset: 313260, length: 2872...
2023-01-20 23:17:01,382 - root - DEBUG - Reading resource 72...
2023-01-20 23:17:01,382 - root - INFO - The image is bmc.
2023-01-20 23:17:01,382 - root - INFO - Reading image header(readHeader16C)...
2023-01-20 23:17:01,382 - root - INFO - Image header was read:
2023-01-20 23:17:01,382 - root - INFO - Width: 68, Height: 14, RowLength: 204
2023-01-20 23:17:01,382 - root - INFO - _step: 3, unknown2: 0,
2023-01-20 23:17:01,382 - root - INFO - BPP: 24, Transparency: False
2023-01-20 23:17:01,386 - root - INFO - Resource 73 offset: 316132, length: 2872...
2023-01-20 23:17:01,386 - root - DEBUG - Reading resource 73...
2023-01-20 23:17:01,386 - root - INFO - The image is bmc.
2023-01-20 23:17:01,386 - root - INFO - Reading image header(readHeader16C)...
2023-01-20 23:17:01,386 - root - INFO - Image header was read:
2023-01-20 23:17:01,386 - root - INFO - Width: 68, Height: 14, RowLength: 204
2023-01-20 23:17:01,386 - root - INFO - _step: 3, unknown2: 0,
2023-01-20 23:17:01,386 - root - INFO - BPP: 24, Transparency: False
2023-01-20 23:17:01,390 - root - INFO - Resource 74 offset: 319004, length: 2872...
2023-01-20 23:17:01,390 - root - DEBUG - Reading resource 74...
2023-01-20 23:17:01,390 - root - INFO - The image is bmc.
2023-01-20 23:17:01,390 - root - INFO - Reading image header(readHeader16C)...
2023-01-20 23:17:01,391 - root - INFO - Image header was read:
2023-01-20 23:17:01,391 - root - INFO - Width: 68, Height: 14, RowLength: 204
2023-01-20 23:17:01,391 - root - INFO - _step: 3, unknown2: 0,
2023-01-20 23:17:01,391 - root - INFO - BPP: 24, Transparency: False
2023-01-20 23:17:01,395 - root - INFO - Resource 75 offset: 321876, length: 2872...
2023-01-20 23:17:01,396 - root - DEBUG - Reading resource 75...
2023-01-20 23:17:01,396 - root - INFO - The image is bmc.
2023-01-20 23:17:01,396 - root - INFO - Reading image header(readHeader16C)...
2023-01-20 23:17:01,396 - root - INFO - Image header was read:
2023-01-20 23:17:01,396 - root - INFO - Width: 68, Height: 14, RowLength: 204
2023-01-20 23:17:01,396 - root - INFO - _step: 3, unknown2: 0,
2023-01-20 23:17:01,396 - root - INFO - BPP: 24, Transparency: False
2023-01-20 23:17:01,400 - root - INFO - Resource 76 offset: 324748, length: 2872...
2023-01-20 23:17:01,400 - root - DEBUG - Reading resource 76...
2023-01-20 23:17:01,400 - root - INFO - The image is bmc.
2023-01-20 23:17:01,400 - root - INFO - Reading image header(readHeader16C)...
2023-01-20 23:17:01,400 - root - INFO - Image header was read:
2023-01-20 23:17:01,400 - root - INFO - Width: 68, Height: 14, RowLength: 204
2023-01-20 23:17:01,401 - root - INFO - _step: 3, unknown2: 0,
2023-01-20 23:17:01,401 - root - INFO - BPP: 24, Transparency: False
2023-01-20 23:17:01,404 - root - DEBUG - Parsing parameters...
2023-01-20 23:17:01,478 - root - DEBUG - 0 Value: None
2023-01-20 23:17:01,478 - root - DEBUG - 0.1 Value: 71
2023-01-20 23:17:01,478 - root - DEBUG - 2 Value: None
2023-01-20 23:17:01,478 - root - DEBUG - 2.1 Value: None
2023-01-20 23:17:01,478 - root - DEBUG - 2.1.1 Value: 0
2023-01-20 23:17:01,478 - root - DEBUG - 2.1.2 Value: 0
2023-01-20 23:17:01,478 - root - DEBUG - 2.1.3 Value: 1
2023-01-20 23:17:01,478 - root - DEBUG - 2.3 Value: None
2023-01-20 23:17:01,478 - root - DEBUG - 2.3.1 Value: 0
2023-01-20 23:17:01,479 - root - DEBUG - 2.3.2 Value: 0
2023-01-20 23:17:01,479 - root - DEBUG - 2.3.3 Value: 0
2023-01-20 23:17:01,479 - root - DEBUG - 3 Value: None
2023-01-20 23:17:01,479 - root - DEBUG - 3.1 Value: None
2023-01-20 23:17:01,479 - root - DEBUG - 3.1.1 Value: None
2023-01-20 23:17:01,479 - root - DEBUG - 3.1.1.1 Value: None
2023-01-20 23:17:01,479 - root - DEBUG - 3.1.1.1.1 Value: 34
2023-01-20 23:17:01,479 - root - DEBUG - 3.1.1.1.2 Value: 94
2023-01-20 23:17:01,479 - root - DEBUG - 3.1.1.1.3 Value: 2
2023-01-20 23:17:01,479 - root - DEBUG - 3.1.1.1.4 Value: 10
2023-01-20 23:17:01,479 - root - DEBUG - 3.1.1.2 Value: None
2023-01-20 23:17:01,479 - root - DEBUG - 3.1.1.2.1 Value: 61
2023-01-20 23:17:01,480 - root - DEBUG - 3.1.1.2.2 Value: 94
2023-01-20 23:17:01,480 - root - DEBUG - 3.1.1.2.3 Value: 2
2023-01-20 23:17:01,480 - root - DEBUG - 3.1.1.2.4 Value: 10
2023-01-20 23:17:01,480 - root - DEBUG - 3.1.2 Value: None
2023-01-20 23:17:01,480 - root - DEBUG - 3.1.2.1 Value: None
2023-01-20 23:17:01,480 - root - DEBUG - 3.1.2.1.1 Value: 108
2023-01-20 23:17:01,480 - root - DEBUG - 3.1.2.1.2 Value: 94
2023-01-20 23:17:01,480 - root - DEBUG - 3.1.2.1.3 Value: 2
2023-01-20 23:17:01,480 - root - DEBUG - 3.1.2.1.4 Value: 10
2023-01-20 23:17:01,480 - root - DEBUG - 3.1.2.2 Value: None
2023-01-20 23:17:01,480 - root - DEBUG - 3.1.2.2.1 Value: 135
2023-01-20 23:17:01,481 - root - DEBUG - 3.1.2.2.2 Value: 94
2023-01-20 23:17:01,481 - root - DEBUG - 3.1.2.2.3 Value: 2
2023-01-20 23:17:01,481 - root - DEBUG - 3.1.2.2.4 Value: 10
2023-01-20 23:17:01,481 - root - DEBUG - 3.1.3 Value: None
2023-01-20 23:17:01,481 - root - DEBUG - 3.1.3.1 Value: None
2023-01-20 23:17:01,481 - root - DEBUG - 3.1.3.1.1 Value: 183
2023-01-20 23:17:01,481 - root - DEBUG - 3.1.3.1.2 Value: 127
2023-01-20 23:17:01,481 - root - DEBUG - 3.1.3.1.3 Value: 12
2023-01-20 23:17:01,481 - root - DEBUG - 3.1.3.1.4 Value: 10
2023-01-20 23:17:01,481 - root - DEBUG - 3.1.3.2 Value: None
2023-01-20 23:17:01,481 - root - DEBUG - 3.1.3.2.1 Value: 193
2023-01-20 23:17:01,481 - root - DEBUG - 3.1.3.2.2 Value: 127
2023-01-20 23:17:01,482 - root - DEBUG - 3.1.3.2.3 Value: 12
2023-01-20 23:17:01,482 - root - DEBUG - 3.1.3.2.4 Value: 10
2023-01-20 23:17:01,482 - root - DEBUG - 3.1.5 Value: None
2023-01-20 23:17:01,482 - root - DEBUG - 3.1.5.1 Value: 93
2023-01-20 23:17:01,482 - root - DEBUG - 3.1.5.2 Value: 94
2023-01-20 23:17:01,482 - root - DEBUG - 3.1.5.3 Value: 22
2023-01-20 23:17:01,482 - root - DEBUG - 3.1.7 Value: 0
2023-01-20 23:17:01,482 - root - DEBUG - 3.1.8 Value: 1
2023-01-20 23:17:01,482 - root - DEBUG - 4 Value: None
2023-01-20 23:17:01,482 - root - DEBUG - 4.1 Value: None
2023-01-20 23:17:01,482 - root - DEBUG - 4.1.1 Value: None
2023-01-20 23:17:01,482 - root - DEBUG - 4.1.1.1 Value: 60
2023-01-20 23:17:01,482 - root - DEBUG - 4.1.1.2 Value: 217
2023-01-20 23:17:01,482 - root - DEBUG - 4.1.1.3 Value: 93
2023-01-20 23:17:01,482 - root - DEBUG - 4.1.1.4 Value: 232
2023-01-20 23:17:01,482 - root - DEBUG - 4.1.1.5 Value: 18
2023-01-20 23:17:01,482 - root - DEBUG - 4.1.1.6 Value: 0
2023-01-20 23:17:01,482 - root - DEBUG - 4.1.1.7 Value: 0
2023-01-20 23:17:01,483 - root - DEBUG - 4.1.1.8 Value: 23
2023-01-20 23:17:01,483 - root - DEBUG - 4.1.1.9 Value: 10
2023-01-20 23:17:01,483 - root - DEBUG - 4.3 Value: None
2023-01-20 23:17:01,483 - root - DEBUG - 4.3.1 Value: None
2023-01-20 23:17:01,483 - root - DEBUG - 4.3.1.1 Value: 60
2023-01-20 23:17:01,483 - root - DEBUG - 4.3.1.2 Value: 239
2023-01-20 23:17:01,483 - root - DEBUG - 4.3.1.3 Value: 85
2023-01-20 23:17:01,483 - root - DEBUG - 4.3.1.4 Value: 254
2023-01-20 23:17:01,483 - root - DEBUG - 4.3.1.5 Value: 18
2023-01-20 23:17:01,483 - root - DEBUG - 4.3.1.6 Value: 0
2023-01-20 23:17:01,483 - root - DEBUG - 4.3.1.7 Value: 0
2023-01-20 23:17:01,483 - root - DEBUG - 4.3.1.8 Value: 23
2023-01-20 23:17:01,484 - root - DEBUG - 4.3.1.9 Value: 10
2023-01-20 23:17:01,484 - root - DEBUG - 4.4 Value: None
2023-01-20 23:17:01,484 - root - DEBUG - 4.4.1 Value: None
2023-01-20 23:17:01,484 - root - DEBUG - 4.4.1.1 Value: 173
2023-01-20 23:17:01,484 - root - DEBUG - 4.4.1.2 Value: 217
2023-01-20 23:17:01,484 - root - DEBUG - 4.4.1.3 Value: 189
2023-01-20 23:17:01,484 - root - DEBUG - 4.4.1.4 Value: 232
2023-01-20 23:17:01,484 - root - DEBUG - 4.4.1.5 Value: 18
2023-01-20 23:17:01,484 - root - DEBUG - 4.4.1.6 Value: 1
2023-01-20 23:17:01,484 - root - DEBUG - 4.4.1.7 Value: 0
2023-01-20 23:17:01,484 - root - DEBUG - 4.4.1.8 Value: 23
2023-01-20 23:17:01,485 - root - DEBUG - 4.4.1.9 Value: 10
2023-01-20 23:17:01,485 - root - DEBUG - 4.4.3 Value: 43
2023-01-20 23:17:01,485 - root - DEBUG - 4.7 Value: 0
2023-01-20 23:17:01,485 - root - DEBUG - 5 Value: None
2023-01-20 23:17:01,485 - root - DEBUG - 5.1 Value: None
2023-01-20 23:17:01,485 - root - DEBUG - 5.1.3 Value: None
2023-01-20 23:17:01,485 - root - DEBUG - 5.1.3.1 Value: None
2023-01-20 23:17:01,485 - root - DEBUG - 5.1.3.1.1 Value: 37
2023-01-20 23:17:01,485 - root - DEBUG - 5.1.3.1.2 Value: 57
2023-01-20 23:17:01,485 - root - DEBUG - 5.1.3.1.3 Value: 118
2023-01-20 23:17:01,485 - root - DEBUG - 5.1.3.1.4 Value: 72
2023-01-20 23:17:01,485 - root - DEBUG - 5.1.3.1.5 Value: 18
2023-01-20 23:17:01,486 - root - DEBUG - 5.1.3.1.6 Value: 0
2023-01-20 23:17:01,486 - root - DEBUG - 5.1.3.1.7 Value: 0
2023-01-20 23:17:01,486 - root - DEBUG - 5.1.3.1.8 Value: 23
2023-01-20 23:17:01,486 - root - DEBUG - 5.1.3.1.9 Value: 10
2023-01-20 23:17:01,486 - root - DEBUG - 5.1.3.2 Value: 33
2023-01-20 23:17:01,486 - root - DEBUG - 5.1.4 Value: 1
2023-01-20 23:17:01,486 - root - DEBUG - 5.1.5 Value: 1
2023-01-20 23:17:01,486 - root - DEBUG - 5.1.6 Value: 0
2023-01-20 23:17:01,486 - root - DEBUG - 5.2 Value: None
2023-01-20 23:17:01,486 - root - DEBUG - 5.2.1 Value: 176
2023-01-20 23:17:01,486 - root - DEBUG - 5.2.2 Value: 89
2023-01-20 23:17:01,486 - root - DEBUG - 5.2.5 Value: 41
2023-01-20 23:17:01,487 - root - DEBUG - 5.2.6 Value: 42
2023-01-20 23:17:01,487 - root - DEBUG - 5.4 Value: None
2023-01-20 23:17:01,487 - root - DEBUG - 5.4.1 Value: 26
2023-01-20 23:17:01,487 - root - DEBUG - 5.4.2 Value: 178
2023-01-20 23:17:01,487 - root - DEBUG - 5.4.3 Value: 34
2023-01-20 23:17:01,487 - root - DEBUG - 5.4.4 Value: 7
2023-01-20 23:17:01,487 - root - DEBUG - 6 Value: None
2023-01-20 23:17:01,487 - root - DEBUG - 6.1 Value: None
2023-01-20 23:17:01,487 - root - DEBUG - 6.1.2 Value: None
2023-01-20 23:17:01,487 - root - DEBUG - 6.1.2.1 Value: 142
2023-01-20 23:17:01,487 - root - DEBUG - 6.1.2.2 Value: 52
2023-01-20 23:17:01,487 - root - DEBUG - 6.1.2.3 Value: 44
2023-01-20 23:17:01,488 - root - DEBUG - 6.1.2.4 Value: 26
2023-01-20 23:17:01,488 - root - DEBUG - 6.2 Value: None
2023-01-20 23:17:01,488 - root - DEBUG - 6.2.1 Value: None
2023-01-20 23:17:01,488 - root - DEBUG - 6.2.1.1 Value: None
2023-01-20 23:17:01,488 - root - DEBUG - 6.2.1.1.1 Value: 170
2023-01-20 23:17:01,488 - root - DEBUG - 6.2.1.1.2 Value: 57
2023-01-20 23:17:01,488 - root - DEBUG - 6.2.1.1.3 Value: 203
2023-01-20 23:17:01,488 - root - DEBUG - 6.2.1.1.4 Value: 72
2023-01-20 23:17:01,488 - root - DEBUG - 6.2.1.1.5 Value: 18
2023-01-20 23:17:01,488 - root - DEBUG - 6.2.1.1.6 Value: 0
2023-01-20 23:17:01,488 - root - DEBUG - 6.2.1.1.7 Value: 0
2023-01-20 23:17:01,488 - root - DEBUG - 6.2.1.1.8 Value: 23
2023-01-20 23:17:01,489 - root - DEBUG - 6.2.1.1.9 Value: 10
2023-01-20 23:17:01,489 - root - DEBUG - 6.2.1.2 Value: 33
2023-01-20 23:17:01,489 - root - DEBUG - 6.2.1.3 Value: 70
2023-01-20 23:17:01,489 - root - DEBUG - 6.2.1.5 Value: 43
2023-01-20 23:17:01,489 - root - DEBUG - 6.4 Value: None
2023-01-20 23:17:01,489 - root - DEBUG - 6.4.1 Value: None
2023-01-20 23:17:01,489 - root - DEBUG - 6.4.1.1 Value: 173
2023-01-20 23:17:01,489 - root - DEBUG - 6.4.1.2 Value: 239
2023-01-20 23:17:01,489 - root - DEBUG - 6.4.1.3 Value: 189
2023-01-20 23:17:01,489 - root - DEBUG - 6.4.1.4 Value: 254
2023-01-20 23:17:01,490 - root - DEBUG - 6.4.1.5 Value: 18
2023-01-20 23:17:01,490 - root - DEBUG - 6.4.1.6 Value: 0
2023-01-20 23:17:01,490 - root - DEBUG - 6.4.1.7 Value: 0
2023-01-20 23:17:01,490 - root - DEBUG - 6.4.1.8 Value: 23
2023-01-20 23:17:01,490 - root - DEBUG - 6.4.1.9 Value: 10
2023-01-20 23:17:01,490 - root - DEBUG - 9 Value: None
2023-01-20 23:17:01,490 - root - DEBUG - 9.2 Value: None
2023-01-20 23:17:01,490 - root - DEBUG - 9.2.1 Value: 141
2023-01-20 23:17:01,491 - root - DEBUG - 9.2.2 Value: 11
2023-01-20 23:17:01,491 - root - DEBUG - 9.2.3 Value: 71
2023-01-20 23:17:01,491 - root - DEBUG - 9.2.4 Value: 6
2023-01-20 23:17:01,491 - root - DEBUG - 0-Info
2023-01-20 23:17:01,491 - root - DEBUG - 0.1-DeviceId
2023-01-20 23:17:01,491 - root - DEBUG - 2-Background
2023-01-20 23:17:01,491 - root - DEBUG - 2.1-Image
2023-01-20 23:17:01,491 - root - DEBUG - 2.1.1-X
2023-01-20 23:17:01,491 - root - DEBUG - 2.1.2-Y
2023-01-20 23:17:01,491 - root - DEBUG - 2.1.3-ImageIndex
2023-01-20 23:17:01,492 - root - DEBUG - 2.3-Preview
2023-01-20 23:17:01,492 - root - DEBUG - 2.3.1-X
2023-01-20 23:17:01,492 - root - DEBUG - 2.3.2-Y
2023-01-20 23:17:01,492 - root - DEBUG - 2.3.3-ImageIndex
2023-01-20 23:17:01,492 - root - DEBUG - 3-TimeExtended
2023-01-20 23:17:01,492 - root - DEBUG - 3.1-TimeSeparateDigits
2023-01-20 23:17:01,492 - root - DEBUG - 3.1.1-Hours
2023-01-20 23:17:01,492 - root - DEBUG - 3.1.1.1-Tens
2023-01-20 23:17:01,492 - root - DEBUG - 3.1.1.1.1-X
2023-01-20 23:17:01,493 - root - DEBUG - 3.1.1.1.2-Y
2023-01-20 23:17:01,493 - root - DEBUG - 3.1.1.1.3-ImageIndex
2023-01-20 23:17:01,493 - root - DEBUG - 3.1.1.1.4-ImagesCount
2023-01-20 23:17:01,493 - root - DEBUG - 3.1.1.2-Ones
2023-01-20 23:17:01,493 - root - DEBUG - 3.1.1.2.1-X
2023-01-20 23:17:01,493 - root - DEBUG - 3.1.1.2.2-Y
2023-01-20 23:17:01,493 - root - DEBUG - 3.1.1.2.3-ImageIndex
2023-01-20 23:17:01,493 - root - DEBUG - 3.1.1.2.4-ImagesCount
2023-01-20 23:17:01,494 - root - DEBUG - 3.1.2-Minutes
2023-01-20 23:17:01,494 - root - DEBUG - 3.1.2.1-Tens
2023-01-20 23:17:01,494 - root - DEBUG - 3.1.2.1.1-X
2023-01-20 23:17:01,494 - root - DEBUG - 3.1.2.1.2-Y
2023-01-20 23:17:01,494 - root - DEBUG - 3.1.2.1.3-ImageIndex
2023-01-20 23:17:01,494 - root - DEBUG - 3.1.2.1.4-ImagesCount
2023-01-20 23:17:01,494 - root - DEBUG - 3.1.2.2-Ones
2023-01-20 23:17:01,494 - root - DEBUG - 3.1.2.2.1-X
2023-01-20 23:17:01,494 - root - DEBUG - 3.1.2.2.2-Y
2023-01-20 23:17:01,495 - root - DEBUG - 3.1.2.2.3-ImageIndex
2023-01-20 23:17:01,495 - root - DEBUG - 3.1.2.2.4-ImagesCount
2023-01-20 23:17:01,495 - root - DEBUG - 3.1.3-Seconds
2023-01-20 23:17:01,495 - root - DEBUG - 3.1.3.1-Tens
2023-01-20 23:17:01,495 - root - DEBUG - 3.1.3.1.1-X
2023-01-20 23:17:01,495 - root - DEBUG - 3.1.3.1.2-Y
2023-01-20 23:17:01,495 - root - DEBUG - 3.1.3.1.3-ImageIndex
2023-01-20 23:17:01,495 - root - DEBUG - 3.1.3.1.4-ImagesCount
2023-01-20 23:17:01,495 - root - DEBUG - 3.1.3.2-Ones
2023-01-20 23:17:01,496 - root - DEBUG - 3.1.3.2.1-X
2023-01-20 23:17:01,496 - root - DEBUG - 3.1.3.2.2-Y
2023-01-20 23:17:01,496 - root - DEBUG - 3.1.3.2.3-ImageIndex
2023-01-20 23:17:01,496 - root - DEBUG - 3.1.3.2.4-ImagesCount
2023-01-20 23:17:01,496 - root - DEBUG - 3.1.5-SeparatorHours
2023-01-20 23:17:01,496 - root - DEBUG - 3.1.5.1-X
2023-01-20 23:17:01,496 - root - DEBUG - 3.1.5.2-Y
2023-01-20 23:17:01,496 - root - DEBUG - 3.1.5.3-ImageIndex
2023-01-20 23:17:01,497 - root - DEBUG - 3.1.7-PaddingZeroHours
2023-01-20 23:17:01,497 - root - DEBUG - 3.1.8-PaddingZeroMinutes
2023-01-20 23:17:01,497 - root - DEBUG - 4-Activity
2023-01-20 23:17:01,497 - root - DEBUG - 4.1-Steps
2023-01-20 23:17:01,497 - root - DEBUG - 4.1.1-ImageNumber
2023-01-20 23:17:01,497 - root - DEBUG - 4.1.1.1-TopLeftX
2023-01-20 23:17:01,497 - root - DEBUG - 4.1.1.2-TopLeftY
2023-01-20 23:17:01,497 - root - DEBUG - 4.1.1.3-BottomRightX
2023-01-20 23:17:01,498 - root - DEBUG - 4.1.1.4-BottomRightY
2023-01-20 23:17:01,498 - root - DEBUG - 4.1.1.5-Alignment
2023-01-20 23:17:01,498 - root - DEBUG - 4.1.1.6-Spacing
2023-01-20 23:17:01,498 - root - DEBUG - 4.1.1.7-VerticalOffset
2023-01-20 23:17:01,498 - root - DEBUG - 4.1.1.8-ImageIndex
2023-01-20 23:17:01,498 - root - DEBUG - 4.1.1.9-ImagesCount
2023-01-20 23:17:01,498 - root - DEBUG - 4.3-Calories
2023-01-20 23:17:01,498 - root - DEBUG - 4.3.1-ImageNumber
2023-01-20 23:17:01,499 - root - DEBUG - 4.3.1.1-TopLeftX
2023-01-20 23:17:01,499 - root - DEBUG - 4.3.1.2-TopLeftY
2023-01-20 23:17:01,499 - root - DEBUG - 4.3.1.3-BottomRightX
2023-01-20 23:17:01,499 - root - DEBUG - 4.3.1.4-BottomRightY
2023-01-20 23:17:01,499 - root - DEBUG - 4.3.1.5-Alignment
2023-01-20 23:17:01,499 - root - DEBUG - 4.3.1.6-Spacing
2023-01-20 23:17:01,499 - root - DEBUG - 4.3.1.7-VerticalOffset
2023-01-20 23:17:01,499 - root - DEBUG - 4.3.1.8-ImageIndex
2023-01-20 23:17:01,500 - root - DEBUG - 4.3.1.9-ImagesCount
2023-01-20 23:17:01,500 - root - DEBUG - 4.4-HeartRate
2023-01-20 23:17:01,500 - root - DEBUG - 4.4.1-ImageNumber
2023-01-20 23:17:01,500 - root - DEBUG - 4.4.1.1-TopLeftX
2023-01-20 23:17:01,500 - root - DEBUG - 4.4.1.2-TopLeftY
2023-01-20 23:17:01,500 - root - DEBUG - 4.4.1.3-BottomRightX
2023-01-20 23:17:01,500 - root - DEBUG - 4.4.1.4-BottomRightY
2023-01-20 23:17:01,500 - root - DEBUG - 4.4.1.5-Alignment
2023-01-20 23:17:01,501 - root - DEBUG - 4.4.1.6-Spacing
2023-01-20 23:17:01,501 - root - DEBUG - 4.4.1.7-VerticalOffset
2023-01-20 23:17:01,501 - root - DEBUG - 4.4.1.8-ImageIndex
2023-01-20 23:17:01,501 - root - DEBUG - 4.4.1.9-ImagesCount
2023-01-20 23:17:01,501 - root - DEBUG - 4.4.3-NoDataImageIndex
2023-01-20 23:17:01,501 - root - DEBUG - 4.7-UnknownLongValue7
2023-01-20 23:17:01,501 - root - DEBUG - 5-DateBlock
2023-01-20 23:17:01,501 - root - DEBUG - 5.1-Date
2023-01-20 23:17:01,501 - root - DEBUG - 5.1.3-OneLineYearMonthAndDay
2023-01-20 23:17:01,502 - root - DEBUG - 5.1.3.1-Number
2023-01-20 23:17:01,502 - root - DEBUG - 5.1.3.1.1-TopLeftX
2023-01-20 23:17:01,502 - root - DEBUG - 5.1.3.1.2-TopLeftY
2023-01-20 23:17:01,502 - root - DEBUG - 5.1.3.1.3-BottomRightX
2023-01-20 23:17:01,502 - root - DEBUG - 5.1.3.1.4-BottomRightY
2023-01-20 23:17:01,502 - root - DEBUG - 5.1.3.1.5-Alignment
2023-01-20 23:17:01,502 - root - DEBUG - 5.1.3.1.6-Spacing
2023-01-20 23:17:01,502 - root - DEBUG - 5.1.3.1.7-VerticalOffset
2023-01-20 23:17:01,503 - root - DEBUG - 5.1.3.1.8-ImageIndex
2023-01-20 23:17:01,503 - root - DEBUG - 5.1.3.1.9-ImagesCount
2023-01-20 23:17:01,503 - root - DEBUG - 5.1.3.2-DelimiterImageIndex
2023-01-20 23:17:01,503 - root - DEBUG - 5.1.4-PaddingZeroMonth
2023-01-20 23:17:01,503 - root - DEBUG - 5.1.5-PaddingZeroDay
2023-01-20 23:17:01,503 - root - DEBUG - 5.1.6-UnknownBoolean6
2023-01-20 23:17:01,503 - root - DEBUG - 5.2-AmPm
2023-01-20 23:17:01,503 - root - DEBUG - 5.2.1-CommonX
2023-01-20 23:17:01,503 - root - DEBUG - 5.2.2-CommonY
2023-01-20 23:17:01,504 - root - DEBUG - 5.2.5-AmImageIndexEN
2023-01-20 23:17:01,504 - root - DEBUG - 5.2.6-PmImageIndexEN
2023-01-20 23:17:01,504 - root - DEBUG - 5.4-Weekday
2023-01-20 23:17:01,504 - root - DEBUG - 5.4.1-X
2023-01-20 23:17:01,504 - root - DEBUG - 5.4.2-Y
2023-01-20 23:17:01,504 - root - DEBUG - 5.4.3-ImageIndex
2023-01-20 23:17:01,504 - root - DEBUG - 5.4.4-ImagesCount
2023-01-20 23:17:01,504 - root - DEBUG - 6-Weather
2023-01-20 23:17:01,505 - root - DEBUG - 6.1-Icon
2023-01-20 23:17:01,505 - root - DEBUG - 6.1.2-Images
2023-01-20 23:17:01,505 - root - DEBUG - 6.1.2.1-X
2023-01-20 23:17:01,505 - root - DEBUG - 6.1.2.2-Y
2023-01-20 23:17:01,505 - root - DEBUG - 6.1.2.3-ImageIndex
2023-01-20 23:17:01,505 - root - DEBUG - 6.1.2.4-ImagesCount
2023-01-20 23:17:01,506 - root - DEBUG - 6.2-Temperature
2023-01-20 23:17:01,506 - root - DEBUG - 6.2.1-Current
2023-01-20 23:17:01,506 - root - DEBUG - 6.2.1.1-ImageNumber
2023-01-20 23:17:01,506 - root - DEBUG - 6.2.1.1.1-TopLeftX
2023-01-20 23:17:01,506 - root - DEBUG - 6.2.1.1.2-TopLeftY
2023-01-20 23:17:01,506 - root - DEBUG - 6.2.1.1.3-BottomRightX
2023-01-20 23:17:01,506 - root - DEBUG - 6.2.1.1.4-BottomRightY
2023-01-20 23:17:01,507 - root - DEBUG - 6.2.1.1.5-Alignment
2023-01-20 23:17:01,507 - root - DEBUG - 6.2.1.1.6-Spacing
2023-01-20 23:17:01,507 - root - DEBUG - 6.2.1.1.7-VerticalOffset
2023-01-20 23:17:01,507 - root - DEBUG - 6.2.1.1.8-ImageIndex
2023-01-20 23:17:01,507 - root - DEBUG - 6.2.1.1.9-ImagesCount
2023-01-20 23:17:01,507 - root - DEBUG - 6.2.1.2-MinusImageIndex
2023-01-20 23:17:01,507 - root - DEBUG - 6.2.1.3-SuffixImageIndexC
2023-01-20 23:17:01,508 - root - DEBUG - 6.2.1.5-NoDataImageIndex
2023-01-20 23:17:01,508 - root - DEBUG - 6.4-Humidity
2023-01-20 23:17:01,508 - root - DEBUG - 6.4.1-HumidityNumber
2023-01-20 23:17:01,508 - root - DEBUG - 6.4.1.1-TopLeftX
2023-01-20 23:17:01,508 - root - DEBUG - 6.4.1.2-TopLeftY
2023-01-20 23:17:01,508 - root - DEBUG - 6.4.1.3-BottomRightX
2023-01-20 23:17:01,508 - root - DEBUG - 6.4.1.4-BottomRightY
2023-01-20 23:17:01,509 - root - DEBUG - 6.4.1.5-Alignment
2023-01-20 23:17:01,509 - root - DEBUG - 6.4.1.6-Spacing
2023-01-20 23:17:01,509 - root - DEBUG - 6.4.1.7-VerticalOffset
2023-01-20 23:17:01,509 - root - DEBUG - 6.4.1.8-ImageIndex
2023-01-20 23:17:01,509 - root - DEBUG - 6.4.1.9-ImagesCount
2023-01-20 23:17:01,509 - root - DEBUG - 9-Battery
2023-01-20 23:17:01,509 - root - DEBUG - 9.2-ImageProgress
2023-01-20 23:17:01,509 - root - DEBUG - 9.2.1-X
2023-01-20 23:17:01,509 - root - DEBUG - 9.2.2-Y
2023-01-20 23:17:01,510 - root - DEBUG - 9.2.3-ImageIndex
2023-01-20 23:17:01,510 - root - DEBUG - 9.2.4-ImagesCount
2023-01-20 23:17:01,510 - root - DEBUG - generatePreviews
2023-01-20 23:17:01,510 - root - DEBUG - Generating previews...
2023-01-20 23:17:01,512 - root - DEBUG - Generating states done...
2023-01-20 23:17:01,520 - root - DEBUG - >>>>>>>>>>>> 0 <watchFaceParser.models.parameter.Parameter object at 0x000001977C592610>
2023-01-20 23:17:01,520 - root - DEBUG - >>>>>>>>>>>> 2 <watchFaceParser.models.parameter.Parameter object at 0x000001977C5865E0>
2023-01-20 23:17:01,526 - root - DEBUG - >>>>>>>>>>>> 3 <watchFaceParser.models.parameter.Parameter object at 0x000001977C58B2E0>
2023-01-20 23:17:01,532 - root - DEBUG - >>>>>>>>>>>> 4 <watchFaceParser.models.parameter.Parameter object at 0x000001977C58C8E0>
2023-01-20 23:17:01,543 - root - DEBUG - >>>>>>>>>>>> 5 <watchFaceParser.models.parameter.Parameter object at 0x000001977C58D910>
2023-01-20 23:17:01,551 - root - DEBUG - >>>>>>>>>>>> 6 <watchFaceParser.models.parameter.Parameter object at 0x000001977C5905B0>
2023-01-20 23:17:01,560 - root - DEBUG - >>>>>>>>>>>> 9 <watchFaceParser.models.parameter.Parameter object at 0x000001977C5923D0>
2023-01-20 23:17:01,567 - root - DEBUG - Generating static preview gen done...
2023-01-20 23:17:01,623 - root - DEBUG - Generating static preview save done...
2023-01-20 23:17:01,623 - root - DEBUG - Generating anim preview gen done...
2023-01-20 23:17:01,623 - root - DEBUG - >>>>>>>>>>>> 0 <watchFaceParser.models.parameter.Parameter object at 0x000001977C592610>
2023-01-20 23:17:01,624 - root - DEBUG - >>>>>>>>>>>> 2 <watchFaceParser.models.parameter.Parameter object at 0x000001977C5865E0>
2023-01-20 23:17:01,624 - root - DEBUG - >>>>>>>>>>>> 3 <watchFaceParser.models.parameter.Parameter object at 0x000001977C58B2E0>
2023-01-20 23:17:01,624 - root - DEBUG - >>>>>>>>>>>> 4 <watchFaceParser.models.parameter.Parameter object at 0x000001977C58C8E0>
2023-01-20 23:17:01,624 - root - DEBUG - >>>>>>>>>>>> 5 <watchFaceParser.models.parameter.Parameter object at 0x000001977C58D910>
2023-01-20 23:17:01,625 - root - DEBUG - >>>>>>>>>>>> 6 <watchFaceParser.models.parameter.Parameter object at 0x000001977C5905B0>
2023-01-20 23:17:01,625 - root - DEBUG - >>>>>>>>>>>> 9 <watchFaceParser.models.parameter.Parameter object at 0x000001977C5923D0>
2023-01-20 23:17:01,712 - root - DEBUG - generatePreviews done
2023-01-20 23:17:01,712 - root - DEBUG - Exporting resources to 'E:\Codez\zepp-bip3-wf\35f62d814424fa500341d9de78db977b'
2023-01-20 23:17:01,714 - root - DEBUG - extracting E:\Codez\zepp-bip3-wf\35f62d814424fa500341d9de78db977b\0000.png...
2023-01-20 23:17:01,721 - root - DEBUG - extracting E:\Codez\zepp-bip3-wf\35f62d814424fa500341d9de78db977b\0001.png...
2023-01-20 23:17:01,733 - root - DEBUG - extracting E:\Codez\zepp-bip3-wf\35f62d814424fa500341d9de78db977b\0002.png...
2023-01-20 23:17:01,735 - root - DEBUG - extracting E:\Codez\zepp-bip3-wf\35f62d814424fa500341d9de78db977b\0003.png...
2023-01-20 23:17:01,736 - root - DEBUG - extracting E:\Codez\zepp-bip3-wf\35f62d814424fa500341d9de78db977b\0004.png...
2023-01-20 23:17:01,737 - root - DEBUG - extracting E:\Codez\zepp-bip3-wf\35f62d814424fa500341d9de78db977b\0005.png...
2023-01-20 23:17:01,738 - root - DEBUG - extracting E:\Codez\zepp-bip3-wf\35f62d814424fa500341d9de78db977b\0006.png...
2023-01-20 23:17:01,739 - root - DEBUG - extracting E:\Codez\zepp-bip3-wf\35f62d814424fa500341d9de78db977b\0007.png...
2023-01-20 23:17:01,740 - root - DEBUG - extracting E:\Codez\zepp-bip3-wf\35f62d814424fa500341d9de78db977b\0008.png...
2023-01-20 23:17:01,741 - root - DEBUG - extracting E:\Codez\zepp-bip3-wf\35f62d814424fa500341d9de78db977b\0009.png...
2023-01-20 23:17:01,742 - root - DEBUG - extracting E:\Codez\zepp-bip3-wf\35f62d814424fa500341d9de78db977b\0010.png...
2023-01-20 23:17:01,743 - root - DEBUG - extracting E:\Codez\zepp-bip3-wf\35f62d814424fa500341d9de78db977b\0011.png...
2023-01-20 23:17:01,744 - root - DEBUG - extracting E:\Codez\zepp-bip3-wf\35f62d814424fa500341d9de78db977b\0012.png...
2023-01-20 23:17:01,745 - root - DEBUG - extracting E:\Codez\zepp-bip3-wf\35f62d814424fa500341d9de78db977b\0013.png...
2023-01-20 23:17:01,746 - root - DEBUG - extracting E:\Codez\zepp-bip3-wf\35f62d814424fa500341d9de78db977b\0014.png...
2023-01-20 23:17:01,747 - root - DEBUG - extracting E:\Codez\zepp-bip3-wf\35f62d814424fa500341d9de78db977b\0015.png...
2023-01-20 23:17:01,747 - root - DEBUG - extracting E:\Codez\zepp-bip3-wf\35f62d814424fa500341d9de78db977b\0016.png...
2023-01-20 23:17:01,748 - root - DEBUG - extracting E:\Codez\zepp-bip3-wf\35f62d814424fa500341d9de78db977b\0017.png...
2023-01-20 23:17:01,749 - root - DEBUG - extracting E:\Codez\zepp-bip3-wf\35f62d814424fa500341d9de78db977b\0018.png...
2023-01-20 23:17:01,750 - root - DEBUG - extracting E:\Codez\zepp-bip3-wf\35f62d814424fa500341d9de78db977b\0019.png...
2023-01-20 23:17:01,750 - root - DEBUG - extracting E:\Codez\zepp-bip3-wf\35f62d814424fa500341d9de78db977b\0020.png...
2023-01-20 23:17:01,751 - root - DEBUG - extracting E:\Codez\zepp-bip3-wf\35f62d814424fa500341d9de78db977b\0021.png...
2023-01-20 23:17:01,752 - root - DEBUG - extracting E:\Codez\zepp-bip3-wf\35f62d814424fa500341d9de78db977b\0022.png...
2023-01-20 23:17:01,754 - root - DEBUG - extracting E:\Codez\zepp-bip3-wf\35f62d814424fa500341d9de78db977b\0023.png...
2023-01-20 23:17:01,754 - root - DEBUG - extracting E:\Codez\zepp-bip3-wf\35f62d814424fa500341d9de78db977b\0024.png...
2023-01-20 23:17:01,755 - root - DEBUG - extracting E:\Codez\zepp-bip3-wf\35f62d814424fa500341d9de78db977b\0025.png...
2023-01-20 23:17:01,756 - root - DEBUG - extracting E:\Codez\zepp-bip3-wf\35f62d814424fa500341d9de78db977b\0026.png...
2023-01-20 23:17:01,757 - root - DEBUG - extracting E:\Codez\zepp-bip3-wf\35f62d814424fa500341d9de78db977b\0027.png...
2023-01-20 23:17:01,758 - root - DEBUG - extracting E:\Codez\zepp-bip3-wf\35f62d814424fa500341d9de78db977b\0028.png...
2023-01-20 23:17:01,758 - root - DEBUG - extracting E:\Codez\zepp-bip3-wf\35f62d814424fa500341d9de78db977b\0029.png...
2023-01-20 23:17:01,759 - root - DEBUG - extracting E:\Codez\zepp-bip3-wf\35f62d814424fa500341d9de78db977b\0030.png...
2023-01-20 23:17:01,760 - root - DEBUG - extracting E:\Codez\zepp-bip3-wf\35f62d814424fa500341d9de78db977b\0031.png...
2023-01-20 23:17:01,761 - root - DEBUG - extracting E:\Codez\zepp-bip3-wf\35f62d814424fa500341d9de78db977b\0032.png...
2023-01-20 23:17:01,762 - root - DEBUG - extracting E:\Codez\zepp-bip3-wf\35f62d814424fa500341d9de78db977b\0033.png...
2023-01-20 23:17:01,762 - root - DEBUG - extracting E:\Codez\zepp-bip3-wf\35f62d814424fa500341d9de78db977b\0034.png...
2023-01-20 23:17:01,763 - root - DEBUG - extracting E:\Codez\zepp-bip3-wf\35f62d814424fa500341d9de78db977b\0035.png...
2023-01-20 23:17:01,764 - root - DEBUG - extracting E:\Codez\zepp-bip3-wf\35f62d814424fa500341d9de78db977b\0036.png...
2023-01-20 23:17:01,766 - root - DEBUG - extracting E:\Codez\zepp-bip3-wf\35f62d814424fa500341d9de78db977b\0037.png...
2023-01-20 23:17:01,767 - root - DEBUG - extracting E:\Codez\zepp-bip3-wf\35f62d814424fa500341d9de78db977b\0038.png...
2023-01-20 23:17:01,768 - root - DEBUG - extracting E:\Codez\zepp-bip3-wf\35f62d814424fa500341d9de78db977b\0039.png...
2023-01-20 23:17:01,770 - root - DEBUG - extracting E:\Codez\zepp-bip3-wf\35f62d814424fa500341d9de78db977b\0040.png...
2023-01-20 23:17:01,771 - root - DEBUG - extracting E:\Codez\zepp-bip3-wf\35f62d814424fa500341d9de78db977b\0041.png...
2023-01-20 23:17:01,771 - root - DEBUG - extracting E:\Codez\zepp-bip3-wf\35f62d814424fa500341d9de78db977b\0042.png...
2023-01-20 23:17:01,773 - root - DEBUG - extracting E:\Codez\zepp-bip3-wf\35f62d814424fa500341d9de78db977b\0043.png...
2023-01-20 23:17:01,774 - root - DEBUG - extracting E:\Codez\zepp-bip3-wf\35f62d814424fa500341d9de78db977b\0044.png...
2023-01-20 23:17:01,775 - root - DEBUG - extracting E:\Codez\zepp-bip3-wf\35f62d814424fa500341d9de78db977b\0045.png...
2023-01-20 23:17:01,776 - root - DEBUG - extracting E:\Codez\zepp-bip3-wf\35f62d814424fa500341d9de78db977b\0046.png...
2023-01-20 23:17:01,777 - root - DEBUG - extracting E:\Codez\zepp-bip3-wf\35f62d814424fa500341d9de78db977b\0047.png...
2023-01-20 23:17:01,778 - root - DEBUG - extracting E:\Codez\zepp-bip3-wf\35f62d814424fa500341d9de78db977b\0048.png...
2023-01-20 23:17:01,779 - root - DEBUG - extracting E:\Codez\zepp-bip3-wf\35f62d814424fa500341d9de78db977b\0049.png...
2023-01-20 23:17:01,779 - root - DEBUG - extracting E:\Codez\zepp-bip3-wf\35f62d814424fa500341d9de78db977b\0050.png...
2023-01-20 23:17:01,780 - root - DEBUG - extracting E:\Codez\zepp-bip3-wf\35f62d814424fa500341d9de78db977b\0051.png...
2023-01-20 23:17:01,781 - root - DEBUG - extracting E:\Codez\zepp-bip3-wf\35f62d814424fa500341d9de78db977b\0052.png...
2023-01-20 23:17:01,782 - root - DEBUG - extracting E:\Codez\zepp-bip3-wf\35f62d814424fa500341d9de78db977b\0053.png...
2023-01-20 23:17:01,782 - root - DEBUG - extracting E:\Codez\zepp-bip3-wf\35f62d814424fa500341d9de78db977b\0054.png...
2023-01-20 23:17:01,783 - root - DEBUG - extracting E:\Codez\zepp-bip3-wf\35f62d814424fa500341d9de78db977b\0055.png...
2023-01-20 23:17:01,784 - root - DEBUG - extracting E:\Codez\zepp-bip3-wf\35f62d814424fa500341d9de78db977b\0056.png...
2023-01-20 23:17:01,785 - root - DEBUG - extracting E:\Codez\zepp-bip3-wf\35f62d814424fa500341d9de78db977b\0057.png...
2023-01-20 23:17:01,785 - root - DEBUG - extracting E:\Codez\zepp-bip3-wf\35f62d814424fa500341d9de78db977b\0058.png...
2023-01-20 23:17:01,786 - root - DEBUG - extracting E:\Codez\zepp-bip3-wf\35f62d814424fa500341d9de78db977b\0059.png...
2023-01-20 23:17:01,787 - root - DEBUG - extracting E:\Codez\zepp-bip3-wf\35f62d814424fa500341d9de78db977b\0060.png...
2023-01-20 23:17:01,788 - root - DEBUG - extracting E:\Codez\zepp-bip3-wf\35f62d814424fa500341d9de78db977b\0061.png...
2023-01-20 23:17:01,789 - root - DEBUG - extracting E:\Codez\zepp-bip3-wf\35f62d814424fa500341d9de78db977b\0062.png...
2023-01-20 23:17:01,790 - root - DEBUG - extracting E:\Codez\zepp-bip3-wf\35f62d814424fa500341d9de78db977b\0063.png...
2023-01-20 23:17:01,790 - root - DEBUG - extracting E:\Codez\zepp-bip3-wf\35f62d814424fa500341d9de78db977b\0064.png...
2023-01-20 23:17:01,791 - root - DEBUG - extracting E:\Codez\zepp-bip3-wf\35f62d814424fa500341d9de78db977b\0065.png...
2023-01-20 23:17:01,791 - root - DEBUG - extracting E:\Codez\zepp-bip3-wf\35f62d814424fa500341d9de78db977b\0066.png...
2023-01-20 23:17:01,793 - root - DEBUG - extracting E:\Codez\zepp-bip3-wf\35f62d814424fa500341d9de78db977b\0067.png...
2023-01-20 23:17:01,794 - root - DEBUG - extracting E:\Codez\zepp-bip3-wf\35f62d814424fa500341d9de78db977b\0068.png...
2023-01-20 23:17:01,795 - root - DEBUG - extracting E:\Codez\zepp-bip3-wf\35f62d814424fa500341d9de78db977b\0069.png...
2023-01-20 23:17:01,796 - root - DEBUG - extracting E:\Codez\zepp-bip3-wf\35f62d814424fa500341d9de78db977b\0070.png...
2023-01-20 23:17:01,796 - root - DEBUG - extracting E:\Codez\zepp-bip3-wf\35f62d814424fa500341d9de78db977b\0071.png...
2023-01-20 23:17:01,797 - root - DEBUG - extracting E:\Codez\zepp-bip3-wf\35f62d814424fa500341d9de78db977b\0072.png...
2023-01-20 23:17:01,798 - root - DEBUG - extracting E:\Codez\zepp-bip3-wf\35f62d814424fa500341d9de78db977b\0073.png...
2023-01-20 23:17:01,799 - root - DEBUG - extracting E:\Codez\zepp-bip3-wf\35f62d814424fa500341d9de78db977b\0074.png...
2023-01-20 23:17:01,800 - root - DEBUG - extracting E:\Codez\zepp-bip3-wf\35f62d814424fa500341d9de78db977b\0075.png...
2023-01-20 23:17:01,801 - root - DEBUG - extracting E:\Codez\zepp-bip3-wf\35f62d814424fa500341d9de78db977b\0076.png...
2023-01-20 23:17:01,802 - root - DEBUG - Exporting config...
