2023-07-10 18:47:30,479 - root - DEBUG - Opening watch face 'E:\Codez\zepp-bip3-wf\bb64e6624023415f4e6b662e136503b4.bin'
2023-07-10 18:47:30,479 - root - DEBUG - Reading parameters...
2023-07-10 18:47:30,479 - root - INFO - Reading header...
2023-07-10 18:47:30,479 - root - INFO - Header was read:
2023-07-10 18:47:30,479 - root - INFO - Signature: b'UIHH\x01\x00\xff', Unknown: 60, ParametersSize: 53, isValid: True, deviceId: 71
2023-07-10 18:47:30,479 - root - INFO - Reading parameter offsets...
2023-07-10 18:47:30,479 - root - INFO - Parameter offsets were read from file
2023-07-10 18:47:30,479 - root - INFO - Reading parameters descriptor...
2023-07-10 18:47:30,479 - root - INFO - 1 ( A): 5 bytes
2023-07-10 18:47:30,479 - root - INFO -     1 ( 8): 247 F7
2023-07-10 18:47:30,479 - root - INFO -     2 (10): 85 55
2023-07-10 18:47:30,479 - root - INFO - getParameters descriptor was read:
2023-07-10 18:47:30,479 - root - INFO - ParametersTableLength: 247, ImagesCount: 85
2023-07-10 18:47:30,479 - root - INFO - Reading parameters locations...
2023-07-10 18:47:30,479 - root - INFO - 2 (12): 4 bytes
2023-07-10 18:47:30,479 - root - INFO -     1 ( 8): 0  0
2023-07-10 18:47:30,479 - root - INFO -     2 (10): 16 10
2023-07-10 18:47:30,479 - root - INFO - 3 (1A): 4 bytes
2023-07-10 18:47:30,479 - root - INFO -     1 ( 8): 16 10
2023-07-10 18:47:30,479 - root - INFO -     2 (10): 60 3C
2023-07-10 18:47:30,479 - root - INFO - 4 (22): 5 bytes
2023-07-10 18:47:30,479 - root - INFO -     1 ( 8): 130 82
2023-07-10 18:47:30,479 - root - INFO -     2 (10): 56 38
2023-07-10 18:47:30,479 - root - INFO - 5 (2A): 4 bytes
2023-07-10 18:47:30,479 - root - INFO -     1 ( 8): 76 4C
2023-07-10 18:47:30,479 - root - INFO -     2 (10): 54 36
2023-07-10 18:47:30,479 - root - INFO - 7 (3A): 5 bytes
2023-07-10 18:47:30,479 - root - INFO -     1 ( 8): 186 BA
2023-07-10 18:47:30,479 - root - INFO -     2 (10): 11  B
2023-07-10 18:47:30,479 - root - INFO - 9 (4A): 5 bytes
2023-07-10 18:47:30,479 - root - INFO -     1 ( 8): 208 D0
2023-07-10 18:47:30,479 - root - INFO -     2 (10): 39 27
2023-07-10 18:47:30,479 - root - INFO - 12 (62): 5 bytes
2023-07-10 18:47:30,479 - root - INFO -     1 ( 8): 197 C5
2023-07-10 18:47:30,479 - root - INFO -     2 (10): 11  B
2023-07-10 18:47:30,479 - root - INFO - Watch face parameters locations were read:
2023-07-10 18:47:30,494 - root - INFO - Reading descriptor for parameter 2
2023-07-10 18:47:30,494 - root - INFO - Descriptor offset: 0, Descriptor length: 16
2023-07-10 18:47:30,494 - root - INFO - Parsing descriptor for parameter 2...
2023-07-10 18:47:30,494 - root - INFO - 1 ( A): 6 bytes
2023-07-10 18:47:30,494 - root - INFO -     1 ( 8): 0  0
2023-07-10 18:47:30,494 - root - INFO -     2 (10): 0  0
2023-07-10 18:47:30,494 - root - INFO -     3 (18): 1  1
2023-07-10 18:47:30,494 - root - INFO - 3 (1A): 6 bytes
2023-07-10 18:47:30,494 - root - INFO -     1 ( 8): 0  0
2023-07-10 18:47:30,494 - root - INFO -     2 (10): 0  0
2023-07-10 18:47:30,494 - root - INFO -     3 (18): 0  0
2023-07-10 18:47:30,510 - root - INFO - Reading descriptor for parameter 3
2023-07-10 18:47:30,510 - root - INFO - Descriptor offset: 16, Descriptor length: 60
2023-07-10 18:47:30,510 - root - INFO - Parsing descriptor for parameter 3...
2023-07-10 18:47:30,510 - root - INFO - 1 ( A): 58 bytes
2023-07-10 18:47:30,510 - root - INFO -     1 ( A): 20 bytes
2023-07-10 18:47:30,510 - root - INFO -         1 ( A): 8 bytes
2023-07-10 18:47:30,510 - root - INFO -             1 ( 8): 2  2
2023-07-10 18:47:30,510 - root - INFO -             2 (10): 18 12
2023-07-10 18:47:30,510 - root - INFO -             3 (18): 2  2
2023-07-10 18:47:30,510 - root - INFO -             4 (20): 10  A
2023-07-10 18:47:30,510 - root - INFO -         2 (12): 8 bytes
2023-07-10 18:47:30,510 - root - INFO -             1 ( 8): 58 3A
2023-07-10 18:47:30,510 - root - INFO -             2 (10): 18 12
2023-07-10 18:47:30,510 - root - INFO -             3 (18): 2  2
2023-07-10 18:47:30,510 - root - INFO -             4 (20): 10  A
2023-07-10 18:47:30,510 - root - INFO -     2 (12): 22 bytes
2023-07-10 18:47:30,510 - root - INFO -         1 ( A): 9 bytes
2023-07-10 18:47:30,510 - root - INFO -             1 ( 8): 132 84
2023-07-10 18:47:30,510 - root - INFO -             2 (10): 18 12
2023-07-10 18:47:30,510 - root - INFO -             3 (18): 12  C
2023-07-10 18:47:30,510 - root - INFO -             4 (20): 10  A
2023-07-10 18:47:30,510 - root - INFO -         2 (12): 9 bytes
2023-07-10 18:47:30,510 - root - INFO -             1 ( 8): 186 BA
2023-07-10 18:47:30,510 - root - INFO -             2 (10): 18 12
2023-07-10 18:47:30,510 - root - INFO -             3 (18): 12  C
2023-07-10 18:47:30,510 - root - INFO -             4 (20): 10  A
2023-07-10 18:47:30,526 - root - INFO -     5 (2A): 6 bytes
2023-07-10 18:47:30,526 - root - INFO -         1 ( 8): 113 71
2023-07-10 18:47:30,526 - root - INFO -         2 (10): 18 12
2023-07-10 18:47:30,526 - root - INFO -         3 (18): 22 16
2023-07-10 18:47:30,526 - root - INFO -     7 (38): 0  0
2023-07-10 18:47:30,526 - root - INFO -     8 (40): 1  1
2023-07-10 18:47:30,541 - root - INFO - Reading descriptor for parameter 4
2023-07-10 18:47:30,541 - root - INFO - Descriptor offset: 130, Descriptor length: 56
2023-07-10 18:47:30,541 - root - INFO - Parsing descriptor for parameter 4...
2023-07-10 18:47:30,541 - root - INFO - 1 ( A): 24 bytes
2023-07-10 18:47:30,541 - root - INFO -     1 ( A): 22 bytes
2023-07-10 18:47:30,541 - root - INFO -         1 ( 8): 135 87
2023-07-10 18:47:30,541 - root - INFO -         2 (10): 147 93
2023-07-10 18:47:30,541 - root - INFO -         3 (18): 235 EB
2023-07-10 18:47:30,541 - root - INFO -         4 (20): 176 B0
2023-07-10 18:47:30,541 - root - INFO -         5 (28): 68 44
2023-07-10 18:47:30,541 - root - INFO -         6 (30): 0  0
2023-07-10 18:47:30,541 - root - INFO -         7 (38): 0  0
2023-07-10 18:47:30,541 - root - INFO -         8 (40): 43 2B
2023-07-10 18:47:30,541 - root - INFO -         9 (48): 10  A
2023-07-10 18:47:30,541 - root - INFO - 4 (22): 26 bytes
2023-07-10 18:47:30,541 - root - INFO -     1 ( A): 22 bytes
2023-07-10 18:47:30,541 - root - INFO -         1 ( 8): 155 9B
2023-07-10 18:47:30,541 - root - INFO -         2 (10): 233 E9
2023-07-10 18:47:30,541 - root - INFO -         3 (18): 235 EB
2023-07-10 18:47:30,541 - root - INFO -         4 (20): 251 FB
2023-07-10 18:47:30,541 - root - INFO -         5 (28): 68 44
2023-07-10 18:47:30,541 - root - INFO -         6 (30): 0  0
2023-07-10 18:47:30,541 - root - INFO -         7 (38): 0  0
2023-07-10 18:47:30,541 - root - INFO -         8 (40): 43 2B
2023-07-10 18:47:30,541 - root - INFO -         9 (48): 10  A
2023-07-10 18:47:30,541 - root - INFO -     3 (18): 53 35
2023-07-10 18:47:30,541 - root - INFO - 7 (38): 0  0
2023-07-10 18:47:30,573 - root - INFO - Reading descriptor for parameter 5
2023-07-10 18:47:30,588 - root - INFO - Descriptor offset: 76, Descriptor length: 54
2023-07-10 18:47:30,588 - root - INFO - Parsing descriptor for parameter 5...
2023-07-10 18:47:30,588 - root - INFO - 1 ( A): 32 bytes
2023-07-10 18:47:30,588 - root - INFO -     3 (1A): 24 bytes
2023-07-10 18:47:30,588 - root - INFO -         1 ( A): 20 bytes
2023-07-10 18:47:30,588 - root - INFO -             1 ( 8): 135 87
2023-07-10 18:47:30,588 - root - INFO -             2 (10): 46 2E
2023-07-10 18:47:30,588 - root - INFO -             3 (18): 237 ED
2023-07-10 18:47:30,588 - root - INFO -             4 (20): 68 44
2023-07-10 18:47:30,588 - root - INFO -             5 (28): 18 12
2023-07-10 18:47:30,588 - root - INFO -             6 (30): 0  0
2023-07-10 18:47:30,588 - root - INFO -             7 (38): 0  0
2023-07-10 18:47:30,588 - root - INFO -             8 (40): 23 17
2023-07-10 18:47:30,588 - root - INFO -             9 (48): 10  A
2023-07-10 18:47:30,588 - root - INFO -         2 (10): 33 21
2023-07-10 18:47:30,588 - root - INFO -     4 (20): 1  1
2023-07-10 18:47:30,588 - root - INFO -     5 (28): 1  1
2023-07-10 18:47:30,588 - root - INFO -     6 (30): 0  0
2023-07-10 18:47:30,588 - root - INFO - 2 (12): 8 bytes
2023-07-10 18:47:30,588 - root - INFO -     1 ( 8): 2  2
2023-07-10 18:47:30,588 - root - INFO -     2 (10): 46 2E
2023-07-10 18:47:30,588 - root - INFO -     5 (28): 41 29
2023-07-10 18:47:30,588 - root - INFO -     6 (30): 42 2A
2023-07-10 18:47:30,588 - root - INFO - 4 (22): 8 bytes
2023-07-10 18:47:30,588 - root - INFO -     1 ( 8): 58 3A
2023-07-10 18:47:30,588 - root - INFO -     2 (10): 46 2E
2023-07-10 18:47:30,588 - root - INFO -     3 (18): 34 22
2023-07-10 18:47:30,588 - root - INFO -     4 (20): 7  7
2023-07-10 18:47:30,619 - root - INFO - Reading descriptor for parameter 7
2023-07-10 18:47:30,619 - root - INFO - Descriptor offset: 186, Descriptor length: 11
2023-07-10 18:47:30,619 - root - INFO - Parsing descriptor for parameter 7...
2023-07-10 18:47:30,619 - root - INFO - 2 (12): 9 bytes
2023-07-10 18:47:30,619 - root - INFO -     1 ( 8): 9  9
2023-07-10 18:47:30,619 - root - INFO -     2 (10): 148 94
2023-07-10 18:47:30,619 - root - INFO -     3 (18): 54 36
2023-07-10 18:47:30,619 - root - INFO -     4 (20): 10  A
2023-07-10 18:47:30,635 - root - INFO - Reading descriptor for parameter 9
2023-07-10 18:47:30,635 - root - INFO - Descriptor offset: 208, Descriptor length: 39
2023-07-10 18:47:30,635 - root - INFO - Parsing descriptor for parameter 9...
2023-07-10 18:47:30,635 - root - INFO - 1 ( A): 26 bytes
2023-07-10 18:47:30,635 - root - INFO -     1 ( A): 22 bytes
2023-07-10 18:47:30,635 - root - INFO -         1 ( 8): 155 9B
2023-07-10 18:47:30,635 - root - INFO -         2 (10): 190 BE
2023-07-10 18:47:30,635 - root - INFO -         3 (18): 235 EB
2023-07-10 18:47:30,635 - root - INFO -         4 (20): 219 DB
2023-07-10 18:47:30,635 - root - INFO -         5 (28): 68 44
2023-07-10 18:47:30,635 - root - INFO -         6 (30): 0  0
2023-07-10 18:47:30,635 - root - INFO -         7 (38): 0  0
2023-07-10 18:47:30,635 - root - INFO -         8 (40): 43 2B
2023-07-10 18:47:30,635 - root - INFO -         9 (48): 10  A
2023-07-10 18:47:30,651 - root - INFO -     4 (20): 74 4A
2023-07-10 18:47:30,651 - root - INFO - 2 (12): 9 bytes
2023-07-10 18:47:30,651 - root - INFO -     1 ( 8): 9  9
2023-07-10 18:47:30,651 - root - INFO -     2 (10): 191 BF
2023-07-10 18:47:30,651 - root - INFO -     3 (18): 75 4B
2023-07-10 18:47:30,651 - root - INFO -     4 (20): 10  A
2023-07-10 18:47:30,666 - root - INFO - Reading descriptor for parameter 12
2023-07-10 18:47:30,666 - root - INFO - Descriptor offset: 197, Descriptor length: 11
2023-07-10 18:47:30,666 - root - INFO - Parsing descriptor for parameter 12...
2023-07-10 18:47:30,666 - root - INFO - 2 (12): 9 bytes
2023-07-10 18:47:30,666 - root - INFO -     1 ( 8): 10  A
2023-07-10 18:47:30,666 - root - INFO -     2 (10): 234 EA
2023-07-10 18:47:30,666 - root - INFO -     3 (18): 64 40
2023-07-10 18:47:30,666 - root - INFO -     4 (20): 10  A
2023-07-10 18:47:30,682 - root - INFO - Reading resources offsets table with 85 elements (340 bytes)
2023-07-10 18:47:30,682 - root - INFO - Resource 0 offset: 727, length: 51224...
2023-07-10 18:47:30,682 - root - DEBUG - Reading resource 0...
2023-07-10 18:47:30,791 - root - INFO - The image is bmc.
2023-07-10 18:47:30,791 - root - INFO - Reading image header(readHeader16C)...
2023-07-10 18:47:30,791 - root - INFO - Image header was read:
2023-07-10 18:47:30,791 - root - INFO - Width: 148, Height: 173, RowLength: 296
2023-07-10 18:47:30,791 - root - INFO - _step: 2, unknown2: 0,
2023-07-10 18:47:30,791 - root - INFO - BPP: 16, Transparency: False
2023-07-10 18:47:30,994 - root - INFO - Resource 1 offset: 51951, length: 134416...
2023-07-10 18:47:30,994 - root - DEBUG - Reading resource 1...
2023-07-10 18:47:30,994 - root - INFO - The image is bmc.
2023-07-10 18:47:30,994 - root - INFO - Reading image header(readHeader16C)...
2023-07-10 18:47:30,994 - root - INFO - Image header was read:
2023-07-10 18:47:30,994 - root - INFO - Width: 240, Height: 280, RowLength: 480
2023-07-10 18:47:30,994 - root - INFO - _step: 2, unknown2: 0,
2023-07-10 18:47:30,994 - root - INFO - BPP: 16, Transparency: False
2023-07-10 18:47:31,526 - root - INFO - Resource 2 offset: 186367, length: 18484...
2023-07-10 18:47:31,526 - root - DEBUG - Reading resource 2...
2023-07-10 18:47:31,526 - root - INFO - The image is bmc.
2023-07-10 18:47:31,526 - root - INFO - Reading image header(readHeader16C)...
2023-07-10 18:47:31,526 - root - INFO - Image header was read:
2023-07-10 18:47:31,526 - root - INFO - Width: 54, Height: 114, RowLength: 162
2023-07-10 18:47:31,526 - root - INFO - _step: 3, unknown2: 0,
2023-07-10 18:47:31,526 - root - INFO - BPP: 24, Transparency: False
2023-07-10 18:47:31,604 - root - INFO - Resource 3 offset: 204851, length: 18484...
2023-07-10 18:47:31,604 - root - DEBUG - Reading resource 3...
2023-07-10 18:47:31,604 - root - INFO - The image is bmc.
2023-07-10 18:47:31,604 - root - INFO - Reading image header(readHeader16C)...
2023-07-10 18:47:31,604 - root - INFO - Image header was read:
2023-07-10 18:47:31,604 - root - INFO - Width: 54, Height: 114, RowLength: 162
2023-07-10 18:47:31,604 - root - INFO - _step: 3, unknown2: 0,
2023-07-10 18:47:31,604 - root - INFO - BPP: 24, Transparency: False
2023-07-10 18:47:31,682 - root - INFO - Resource 4 offset: 223335, length: 18484...
2023-07-10 18:47:31,682 - root - DEBUG - Reading resource 4...
2023-07-10 18:47:31,682 - root - INFO - The image is bmc.
2023-07-10 18:47:31,682 - root - INFO - Reading image header(readHeader16C)...
2023-07-10 18:47:31,682 - root - INFO - Image header was read:
2023-07-10 18:47:31,682 - root - INFO - Width: 54, Height: 114, RowLength: 162
2023-07-10 18:47:31,682 - root - INFO - _step: 3, unknown2: 0,
2023-07-10 18:47:31,682 - root - INFO - BPP: 24, Transparency: False
2023-07-10 18:47:31,744 - root - INFO - Resource 5 offset: 241819, length: 18484...
2023-07-10 18:47:31,744 - root - DEBUG - Reading resource 5...
2023-07-10 18:47:31,744 - root - INFO - The image is bmc.
2023-07-10 18:47:31,744 - root - INFO - Reading image header(readHeader16C)...
2023-07-10 18:47:31,744 - root - INFO - Image header was read:
2023-07-10 18:47:31,744 - root - INFO - Width: 54, Height: 114, RowLength: 162
2023-07-10 18:47:31,744 - root - INFO - _step: 3, unknown2: 0,
2023-07-10 18:47:31,744 - root - INFO - BPP: 24, Transparency: False
2023-07-10 18:47:31,807 - root - INFO - Resource 6 offset: 260303, length: 18484...
2023-07-10 18:47:31,807 - root - DEBUG - Reading resource 6...
2023-07-10 18:47:31,807 - root - INFO - The image is bmc.
2023-07-10 18:47:31,823 - root - INFO - Reading image header(readHeader16C)...
2023-07-10 18:47:31,823 - root - INFO - Image header was read:
2023-07-10 18:47:31,823 - root - INFO - Width: 54, Height: 114, RowLength: 162
2023-07-10 18:47:31,823 - root - INFO - _step: 3, unknown2: 0,
2023-07-10 18:47:31,823 - root - INFO - BPP: 24, Transparency: False
2023-07-10 18:47:31,869 - root - INFO - Resource 7 offset: 278787, length: 18484...
2023-07-10 18:47:31,869 - root - DEBUG - Reading resource 7...
2023-07-10 18:47:31,869 - root - INFO - The image is bmc.
2023-07-10 18:47:31,869 - root - INFO - Reading image header(readHeader16C)...
2023-07-10 18:47:31,869 - root - INFO - Image header was read:
2023-07-10 18:47:31,869 - root - INFO - Width: 54, Height: 114, RowLength: 162
2023-07-10 18:47:31,869 - root - INFO - _step: 3, unknown2: 0,
2023-07-10 18:47:31,869 - root - INFO - BPP: 24, Transparency: False
2023-07-10 18:47:31,916 - root - INFO - Resource 8 offset: 297271, length: 18484...
2023-07-10 18:47:31,916 - root - DEBUG - Reading resource 8...
2023-07-10 18:47:31,916 - root - INFO - The image is bmc.
2023-07-10 18:47:31,916 - root - INFO - Reading image header(readHeader16C)...
2023-07-10 18:47:31,916 - root - INFO - Image header was read:
2023-07-10 18:47:31,916 - root - INFO - Width: 54, Height: 114, RowLength: 162
2023-07-10 18:47:31,916 - root - INFO - _step: 3, unknown2: 0,
2023-07-10 18:47:31,916 - root - INFO - BPP: 24, Transparency: False
2023-07-10 18:47:31,963 - root - INFO - Resource 9 offset: 315755, length: 18484...
2023-07-10 18:47:31,963 - root - DEBUG - Reading resource 9...
2023-07-10 18:47:31,963 - root - INFO - The image is bmc.
2023-07-10 18:47:31,963 - root - INFO - Reading image header(readHeader16C)...
2023-07-10 18:47:31,963 - root - INFO - Image header was read:
2023-07-10 18:47:31,963 - root - INFO - Width: 54, Height: 114, RowLength: 162
2023-07-10 18:47:31,963 - root - INFO - _step: 3, unknown2: 0,
2023-07-10 18:47:31,963 - root - INFO - BPP: 24, Transparency: False
2023-07-10 18:47:32,010 - root - INFO - Resource 10 offset: 334239, length: 18484...
2023-07-10 18:47:32,010 - root - DEBUG - Reading resource 10...
2023-07-10 18:47:32,010 - root - INFO - The image is bmc.
2023-07-10 18:47:32,010 - root - INFO - Reading image header(readHeader16C)...
2023-07-10 18:47:32,010 - root - INFO - Image header was read:
2023-07-10 18:47:32,010 - root - INFO - Width: 54, Height: 114, RowLength: 162
2023-07-10 18:47:32,010 - root - INFO - _step: 3, unknown2: 0,
2023-07-10 18:47:32,010 - root - INFO - BPP: 24, Transparency: False
2023-07-10 18:47:32,057 - root - INFO - Resource 11 offset: 352723, length: 18484...
2023-07-10 18:47:32,057 - root - DEBUG - Reading resource 11...
2023-07-10 18:47:32,057 - root - INFO - The image is bmc.
2023-07-10 18:47:32,057 - root - INFO - Reading image header(readHeader16C)...
2023-07-10 18:47:32,057 - root - INFO - Image header was read:
2023-07-10 18:47:32,057 - root - INFO - Width: 54, Height: 114, RowLength: 162
2023-07-10 18:47:32,057 - root - INFO - _step: 3, unknown2: 0,
2023-07-10 18:47:32,057 - root - INFO - BPP: 24, Transparency: False
2023-07-10 18:47:32,135 - root - INFO - Resource 12 offset: 371207, length: 18484...
2023-07-10 18:47:32,135 - root - DEBUG - Reading resource 12...
2023-07-10 18:47:32,135 - root - INFO - The image is bmc.
2023-07-10 18:47:32,135 - root - INFO - Reading image header(readHeader16C)...
2023-07-10 18:47:32,135 - root - INFO - Image header was read:
2023-07-10 18:47:32,135 - root - INFO - Width: 54, Height: 114, RowLength: 162
2023-07-10 18:47:32,135 - root - INFO - _step: 3, unknown2: 0,
2023-07-10 18:47:32,135 - root - INFO - BPP: 24, Transparency: False
2023-07-10 18:47:32,198 - root - INFO - Resource 13 offset: 389691, length: 18484...
2023-07-10 18:47:32,198 - root - DEBUG - Reading resource 13...
2023-07-10 18:47:32,198 - root - INFO - The image is bmc.
2023-07-10 18:47:32,198 - root - INFO - Reading image header(readHeader16C)...
2023-07-10 18:47:32,198 - root - INFO - Image header was read:
2023-07-10 18:47:32,198 - root - INFO - Width: 54, Height: 114, RowLength: 162
2023-07-10 18:47:32,213 - root - INFO - _step: 3, unknown2: 0,
2023-07-10 18:47:32,213 - root - INFO - BPP: 24, Transparency: False
2023-07-10 18:47:32,276 - root - INFO - Resource 14 offset: 408175, length: 18484...
2023-07-10 18:47:32,276 - root - DEBUG - Reading resource 14...
2023-07-10 18:47:32,276 - root - INFO - The image is bmc.
2023-07-10 18:47:32,276 - root - INFO - Reading image header(readHeader16C)...
2023-07-10 18:47:32,276 - root - INFO - Image header was read:
2023-07-10 18:47:32,276 - root - INFO - Width: 54, Height: 114, RowLength: 162
2023-07-10 18:47:32,276 - root - INFO - _step: 3, unknown2: 0,
2023-07-10 18:47:32,276 - root - INFO - BPP: 24, Transparency: False
2023-07-10 18:47:32,354 - root - INFO - Resource 15 offset: 426659, length: 18484...
2023-07-10 18:47:32,354 - root - DEBUG - Reading resource 15...
2023-07-10 18:47:32,354 - root - INFO - The image is bmc.
2023-07-10 18:47:32,354 - root - INFO - Reading image header(readHeader16C)...
2023-07-10 18:47:32,354 - root - INFO - Image header was read:
2023-07-10 18:47:32,354 - root - INFO - Width: 54, Height: 114, RowLength: 162
2023-07-10 18:47:32,354 - root - INFO - _step: 3, unknown2: 0,
2023-07-10 18:47:32,354 - root - INFO - BPP: 24, Transparency: False
2023-07-10 18:47:32,417 - root - INFO - Resource 16 offset: 445143, length: 18484...
2023-07-10 18:47:32,417 - root - DEBUG - Reading resource 16...
2023-07-10 18:47:32,417 - root - INFO - The image is bmc.
2023-07-10 18:47:32,417 - root - INFO - Reading image header(readHeader16C)...
2023-07-10 18:47:32,417 - root - INFO - Image header was read:
2023-07-10 18:47:32,417 - root - INFO - Width: 54, Height: 114, RowLength: 162
2023-07-10 18:47:32,417 - root - INFO - _step: 3, unknown2: 0,
2023-07-10 18:47:32,417 - root - INFO - BPP: 24, Transparency: False
2023-07-10 18:47:32,479 - root - INFO - Resource 17 offset: 463627, length: 18484...
2023-07-10 18:47:32,479 - root - DEBUG - Reading resource 17...
2023-07-10 18:47:32,479 - root - INFO - The image is bmc.
2023-07-10 18:47:32,479 - root - INFO - Reading image header(readHeader16C)...
2023-07-10 18:47:32,479 - root - INFO - Image header was read:
2023-07-10 18:47:32,479 - root - INFO - Width: 54, Height: 114, RowLength: 162
2023-07-10 18:47:32,479 - root - INFO - _step: 3, unknown2: 0,
2023-07-10 18:47:32,479 - root - INFO - BPP: 24, Transparency: False
2023-07-10 18:47:32,542 - root - INFO - Resource 18 offset: 482111, length: 18484...
2023-07-10 18:47:32,542 - root - DEBUG - Reading resource 18...
2023-07-10 18:47:32,588 - root - INFO - The image is bmc.
2023-07-10 18:47:32,588 - root - INFO - Reading image header(readHeader16C)...
2023-07-10 18:47:32,588 - root - INFO - Image header was read:
2023-07-10 18:47:32,588 - root - INFO - Width: 54, Height: 114, RowLength: 162
2023-07-10 18:47:32,588 - root - INFO - _step: 3, unknown2: 0,
2023-07-10 18:47:32,588 - root - INFO - BPP: 24, Transparency: False
2023-07-10 18:47:32,651 - root - INFO - Resource 19 offset: 500595, length: 18484...
2023-07-10 18:47:32,651 - root - DEBUG - Reading resource 19...
2023-07-10 18:47:32,651 - root - INFO - The image is bmc.
2023-07-10 18:47:32,651 - root - INFO - Reading image header(readHeader16C)...
2023-07-10 18:47:32,651 - root - INFO - Image header was read:
2023-07-10 18:47:32,651 - root - INFO - Width: 54, Height: 114, RowLength: 162
2023-07-10 18:47:32,651 - root - INFO - _step: 3, unknown2: 0,
2023-07-10 18:47:32,651 - root - INFO - BPP: 24, Transparency: False
2023-07-10 18:47:32,729 - root - INFO - Resource 20 offset: 519079, length: 18484...
2023-07-10 18:47:32,729 - root - DEBUG - Reading resource 20...
2023-07-10 18:47:32,729 - root - INFO - The image is bmc.
2023-07-10 18:47:32,729 - root - INFO - Reading image header(readHeader16C)...
2023-07-10 18:47:32,729 - root - INFO - Image header was read:
2023-07-10 18:47:32,729 - root - INFO - Width: 54, Height: 114, RowLength: 162
2023-07-10 18:47:32,729 - root - INFO - _step: 3, unknown2: 0,
2023-07-10 18:47:32,729 - root - INFO - BPP: 24, Transparency: False
2023-07-10 18:47:32,792 - root - INFO - Resource 21 offset: 537563, length: 18484...
2023-07-10 18:47:32,792 - root - DEBUG - Reading resource 21...
2023-07-10 18:47:32,792 - root - INFO - The image is bmc.
2023-07-10 18:47:32,792 - root - INFO - Reading image header(readHeader16C)...
2023-07-10 18:47:32,792 - root - INFO - Image header was read:
2023-07-10 18:47:32,792 - root - INFO - Width: 54, Height: 114, RowLength: 162
2023-07-10 18:47:32,792 - root - INFO - _step: 3, unknown2: 0,
2023-07-10 18:47:32,792 - root - INFO - BPP: 24, Transparency: False
2023-07-10 18:47:32,879 - root - INFO - Resource 22 offset: 556047, length: 5830...
2023-07-10 18:47:32,879 - root - DEBUG - Reading resource 22...
2023-07-10 18:47:32,879 - root - INFO - The image is bmc.
2023-07-10 18:47:32,879 - root - INFO - Reading image header(readHeader16C)...
2023-07-10 18:47:32,879 - root - INFO - Image header was read:
2023-07-10 18:47:32,880 - root - INFO - Width: 17, Height: 114, RowLength: 51
2023-07-10 18:47:32,880 - root - INFO - _step: 3, unknown2: 0,
2023-07-10 18:47:32,880 - root - INFO - BPP: 24, Transparency: False
2023-07-10 18:47:32,895 - root - INFO - Resource 23 offset: 561877, length: 450...
2023-07-10 18:47:32,896 - root - DEBUG - Reading resource 23...
2023-07-10 18:47:32,896 - root - INFO - The image is bme.
2023-07-10 18:47:32,896 - root - INFO - Reading image header(readHeader16E)...
2023-07-10 18:47:32,896 - root - INFO - Image header was read:
2023-07-10 18:47:32,897 - root - INFO - Width: 12, Height: 22, RowLength: 24
2023-07-10 18:47:32,897 - root - INFO - datalength: 434, _step: 2
2023-07-10 18:47:32,897 - root - INFO - BPP: 16, Transparency: False
2023-07-10 18:47:32,898 - root - INFO - Resource 24 offset: 562327, length: 278...
2023-07-10 18:47:32,898 - root - DEBUG - Reading resource 24...
2023-07-10 18:47:32,898 - root - INFO - The image is bme.
2023-07-10 18:47:32,898 - root - INFO - Reading image header(readHeader16E)...
2023-07-10 18:47:32,898 - root - INFO - Image header was read:
2023-07-10 18:47:32,899 - root - INFO - Width: 12, Height: 22, RowLength: 24
2023-07-10 18:47:32,899 - root - INFO - datalength: 262, _step: 2
2023-07-10 18:47:32,899 - root - INFO - BPP: 16, Transparency: False
2023-07-10 18:47:32,900 - root - INFO - Resource 25 offset: 562605, length: 406...
2023-07-10 18:47:32,900 - root - DEBUG - Reading resource 25...
2023-07-10 18:47:32,900 - root - INFO - The image is bme.
2023-07-10 18:47:32,900 - root - INFO - Reading image header(readHeader16E)...
2023-07-10 18:47:32,900 - root - INFO - Image header was read:
2023-07-10 18:47:32,900 - root - INFO - Width: 12, Height: 22, RowLength: 24
2023-07-10 18:47:32,900 - root - INFO - datalength: 390, _step: 2
2023-07-10 18:47:32,900 - root - INFO - BPP: 16, Transparency: False
2023-07-10 18:47:32,905 - root - INFO - Resource 26 offset: 563011, length: 390...
2023-07-10 18:47:32,905 - root - DEBUG - Reading resource 26...
2023-07-10 18:47:32,905 - root - INFO - The image is bme.
2023-07-10 18:47:32,905 - root - INFO - Reading image header(readHeader16E)...
2023-07-10 18:47:32,905 - root - INFO - Image header was read:
2023-07-10 18:47:32,905 - root - INFO - Width: 12, Height: 22, RowLength: 24
2023-07-10 18:47:32,905 - root - INFO - datalength: 374, _step: 2
2023-07-10 18:47:32,906 - root - INFO - BPP: 16, Transparency: False
2023-07-10 18:47:32,907 - root - INFO - Resource 27 offset: 563401, length: 380...
2023-07-10 18:47:32,907 - root - DEBUG - Reading resource 27...
2023-07-10 18:47:32,907 - root - INFO - The image is bme.
2023-07-10 18:47:32,907 - root - INFO - Reading image header(readHeader16E)...
2023-07-10 18:47:32,907 - root - INFO - Image header was read:
2023-07-10 18:47:32,907 - root - INFO - Width: 12, Height: 22, RowLength: 24
2023-07-10 18:47:32,907 - root - INFO - datalength: 364, _step: 2
2023-07-10 18:47:32,907 - root - INFO - BPP: 16, Transparency: False
2023-07-10 18:47:32,907 - root - INFO - Resource 28 offset: 563781, length: 410...
2023-07-10 18:47:32,907 - root - DEBUG - Reading resource 28...
2023-07-10 18:47:32,907 - root - INFO - The image is bme.
2023-07-10 18:47:32,907 - root - INFO - Reading image header(readHeader16E)...
2023-07-10 18:47:32,907 - root - INFO - Image header was read:
2023-07-10 18:47:32,907 - root - INFO - Width: 12, Height: 22, RowLength: 24
2023-07-10 18:47:32,907 - root - INFO - datalength: 394, _step: 2
2023-07-10 18:47:32,923 - root - INFO - BPP: 16, Transparency: False
2023-07-10 18:47:32,923 - root - INFO - Resource 29 offset: 564191, length: 428...
2023-07-10 18:47:32,923 - root - DEBUG - Reading resource 29...
2023-07-10 18:47:32,923 - root - INFO - The image is bme.
2023-07-10 18:47:32,923 - root - INFO - Reading image header(readHeader16E)...
2023-07-10 18:47:32,923 - root - INFO - Image header was read:
2023-07-10 18:47:32,923 - root - INFO - Width: 12, Height: 22, RowLength: 24
2023-07-10 18:47:32,923 - root - INFO - datalength: 412, _step: 2
2023-07-10 18:47:32,923 - root - INFO - BPP: 16, Transparency: False
2023-07-10 18:47:32,923 - root - INFO - Resource 30 offset: 564619, length: 336...
2023-07-10 18:47:32,923 - root - DEBUG - Reading resource 30...
2023-07-10 18:47:32,923 - root - INFO - The image is bme.
2023-07-10 18:47:32,923 - root - INFO - Reading image header(readHeader16E)...
2023-07-10 18:47:32,923 - root - INFO - Image header was read:
2023-07-10 18:47:32,923 - root - INFO - Width: 12, Height: 22, RowLength: 24
2023-07-10 18:47:32,923 - root - INFO - datalength: 320, _step: 2
2023-07-10 18:47:32,923 - root - INFO - BPP: 16, Transparency: False
2023-07-10 18:47:32,923 - root - INFO - Resource 31 offset: 564955, length: 452...
2023-07-10 18:47:32,923 - root - DEBUG - Reading resource 31...
2023-07-10 18:47:32,923 - root - INFO - The image is bme.
2023-07-10 18:47:32,923 - root - INFO - Reading image header(readHeader16E)...
2023-07-10 18:47:32,923 - root - INFO - Image header was read:
2023-07-10 18:47:32,923 - root - INFO - Width: 12, Height: 22, RowLength: 24
2023-07-10 18:47:32,923 - root - INFO - datalength: 436, _step: 2
2023-07-10 18:47:32,923 - root - INFO - BPP: 16, Transparency: False
2023-07-10 18:47:32,923 - root - INFO - Resource 32 offset: 565407, length: 416...
2023-07-10 18:47:32,923 - root - DEBUG - Reading resource 32...
2023-07-10 18:47:32,938 - root - INFO - The image is bme.
2023-07-10 18:47:32,938 - root - INFO - Reading image header(readHeader16E)...
2023-07-10 18:47:32,938 - root - INFO - Image header was read:
2023-07-10 18:47:32,938 - root - INFO - Width: 12, Height: 22, RowLength: 24
2023-07-10 18:47:32,938 - root - INFO - datalength: 400, _step: 2
2023-07-10 18:47:32,938 - root - INFO - BPP: 16, Transparency: False
2023-07-10 18:47:32,938 - root - INFO - Resource 33 offset: 565823, length: 16...
2023-07-10 18:47:32,938 - root - DEBUG - Reading resource 33...
2023-07-10 18:47:32,938 - root - INFO - The image is bme.
2023-07-10 18:47:32,938 - root - INFO - Reading image header(readHeader16E)...
2023-07-10 18:47:32,938 - root - INFO - Image header was read:
2023-07-10 18:47:32,938 - root - INFO - Width: 1, Height: 22, RowLength: 2
2023-07-10 18:47:32,938 - root - INFO - datalength: 0, _step: 2
2023-07-10 18:47:32,938 - root - INFO - BPP: 16, Transparency: False
2023-07-10 18:47:32,938 - root - INFO - Resource 34 offset: 565839, length: 3580...
2023-07-10 18:47:32,938 - root - DEBUG - Reading resource 34...
2023-07-10 18:47:32,938 - root - INFO - The image is bmc.
2023-07-10 18:47:32,938 - root - INFO - Reading image header(readHeader16C)...
2023-07-10 18:47:32,938 - root - INFO - Image header was read:
2023-07-10 18:47:32,938 - root - INFO - Width: 54, Height: 22, RowLength: 162
2023-07-10 18:47:32,938 - root - INFO - _step: 3, unknown2: 0,
2023-07-10 18:47:32,938 - root - INFO - BPP: 24, Transparency: False
2023-07-10 18:47:32,954 - root - INFO - Resource 35 offset: 569419, length: 3580...
2023-07-10 18:47:32,954 - root - DEBUG - Reading resource 35...
2023-07-10 18:47:32,954 - root - INFO - The image is bmc.
2023-07-10 18:47:32,954 - root - INFO - Reading image header(readHeader16C)...
2023-07-10 18:47:32,954 - root - INFO - Image header was read:
2023-07-10 18:47:32,954 - root - INFO - Width: 54, Height: 22, RowLength: 162
2023-07-10 18:47:32,954 - root - INFO - _step: 3, unknown2: 0,
2023-07-10 18:47:32,954 - root - INFO - BPP: 24, Transparency: False
2023-07-10 18:47:32,954 - root - INFO - Resource 36 offset: 572999, length: 3580...
2023-07-10 18:47:32,954 - root - DEBUG - Reading resource 36...
2023-07-10 18:47:32,954 - root - INFO - The image is bmc.
2023-07-10 18:47:32,954 - root - INFO - Reading image header(readHeader16C)...
2023-07-10 18:47:32,954 - root - INFO - Image header was read:
2023-07-10 18:47:32,954 - root - INFO - Width: 54, Height: 22, RowLength: 162
2023-07-10 18:47:32,954 - root - INFO - _step: 3, unknown2: 0,
2023-07-10 18:47:32,954 - root - INFO - BPP: 24, Transparency: False
2023-07-10 18:47:32,985 - root - INFO - Resource 37 offset: 576579, length: 3580...
2023-07-10 18:47:32,985 - root - DEBUG - Reading resource 37...
2023-07-10 18:47:32,985 - root - INFO - The image is bmc.
2023-07-10 18:47:32,985 - root - INFO - Reading image header(readHeader16C)...
2023-07-10 18:47:32,985 - root - INFO - Image header was read:
2023-07-10 18:47:32,985 - root - INFO - Width: 54, Height: 22, RowLength: 162
2023-07-10 18:47:32,985 - root - INFO - _step: 3, unknown2: 0,
2023-07-10 18:47:32,985 - root - INFO - BPP: 24, Transparency: False
2023-07-10 18:47:32,985 - root - INFO - Resource 38 offset: 580159, length: 3580...
2023-07-10 18:47:32,985 - root - DEBUG - Reading resource 38...
2023-07-10 18:47:32,985 - root - INFO - The image is bmc.
2023-07-10 18:47:32,985 - root - INFO - Reading image header(readHeader16C)...
2023-07-10 18:47:32,985 - root - INFO - Image header was read:
2023-07-10 18:47:32,985 - root - INFO - Width: 54, Height: 22, RowLength: 162
2023-07-10 18:47:32,985 - root - INFO - _step: 3, unknown2: 0,
2023-07-10 18:47:32,985 - root - INFO - BPP: 24, Transparency: False
2023-07-10 18:47:33,016 - root - INFO - Resource 39 offset: 583739, length: 3580...
2023-07-10 18:47:33,016 - root - DEBUG - Reading resource 39...
2023-07-10 18:47:33,016 - root - INFO - The image is bmc.
2023-07-10 18:47:33,016 - root - INFO - Reading image header(readHeader16C)...
2023-07-10 18:47:33,016 - root - INFO - Image header was read:
2023-07-10 18:47:33,016 - root - INFO - Width: 54, Height: 22, RowLength: 162
2023-07-10 18:47:33,016 - root - INFO - _step: 3, unknown2: 0,
2023-07-10 18:47:33,016 - root - INFO - BPP: 24, Transparency: False
2023-07-10 18:47:33,016 - root - INFO - Resource 40 offset: 587319, length: 3580...
2023-07-10 18:47:33,016 - root - DEBUG - Reading resource 40...
2023-07-10 18:47:33,016 - root - INFO - The image is bmc.
2023-07-10 18:47:33,016 - root - INFO - Reading image header(readHeader16C)...
2023-07-10 18:47:33,016 - root - INFO - Image header was read:
2023-07-10 18:47:33,016 - root - INFO - Width: 54, Height: 22, RowLength: 162
2023-07-10 18:47:33,032 - root - INFO - _step: 3, unknown2: 0,
2023-07-10 18:47:33,032 - root - INFO - BPP: 24, Transparency: False
2023-07-10 18:47:33,032 - root - INFO - Resource 41 offset: 590899, length: 3580...
2023-07-10 18:47:33,032 - root - DEBUG - Reading resource 41...
2023-07-10 18:47:33,032 - root - INFO - The image is bmc.
2023-07-10 18:47:33,032 - root - INFO - Reading image header(readHeader16C)...
2023-07-10 18:47:33,032 - root - INFO - Image header was read:
2023-07-10 18:47:33,032 - root - INFO - Width: 54, Height: 22, RowLength: 162
2023-07-10 18:47:33,032 - root - INFO - _step: 3, unknown2: 0,
2023-07-10 18:47:33,032 - root - INFO - BPP: 24, Transparency: False
2023-07-10 18:47:33,048 - root - INFO - Resource 42 offset: 594479, length: 3580...
2023-07-10 18:47:33,048 - root - DEBUG - Reading resource 42...
2023-07-10 18:47:33,048 - root - INFO - The image is bmc.
2023-07-10 18:47:33,048 - root - INFO - Reading image header(readHeader16C)...
2023-07-10 18:47:33,048 - root - INFO - Image header was read:
2023-07-10 18:47:33,048 - root - INFO - Width: 54, Height: 22, RowLength: 162
2023-07-10 18:47:33,048 - root - INFO - _step: 3, unknown2: 0,
2023-07-10 18:47:33,048 - root - INFO - BPP: 24, Transparency: False
2023-07-10 18:47:33,063 - root - INFO - Resource 43 offset: 598059, length: 1756...
2023-07-10 18:47:33,063 - root - DEBUG - Reading resource 43...
2023-07-10 18:47:33,063 - root - INFO - The image is bmc.
2023-07-10 18:47:33,063 - root - INFO - Reading image header(readHeader16C)...
2023-07-10 18:47:33,063 - root - INFO - Image header was read:
2023-07-10 18:47:33,063 - root - INFO - Width: 20, Height: 29, RowLength: 60
2023-07-10 18:47:33,063 - root - INFO - _step: 3, unknown2: 0,
2023-07-10 18:47:33,063 - root - INFO - BPP: 24, Transparency: False
2023-07-10 18:47:33,063 - root - INFO - Resource 44 offset: 599815, length: 1756...
2023-07-10 18:47:33,063 - root - DEBUG - Reading resource 44...
2023-07-10 18:47:33,063 - root - INFO - The image is bmc.
2023-07-10 18:47:33,063 - root - INFO - Reading image header(readHeader16C)...
2023-07-10 18:47:33,063 - root - INFO - Image header was read:
2023-07-10 18:47:33,063 - root - INFO - Width: 20, Height: 29, RowLength: 60
2023-07-10 18:47:33,063 - root - INFO - _step: 3, unknown2: 0,
2023-07-10 18:47:33,063 - root - INFO - BPP: 24, Transparency: False
2023-07-10 18:47:33,063 - root - INFO - Resource 45 offset: 601571, length: 1756...
2023-07-10 18:47:33,063 - root - DEBUG - Reading resource 45...
2023-07-10 18:47:33,063 - root - INFO - The image is bmc.
2023-07-10 18:47:33,063 - root - INFO - Reading image header(readHeader16C)...
2023-07-10 18:47:33,063 - root - INFO - Image header was read:
2023-07-10 18:47:33,079 - root - INFO - Width: 20, Height: 29, RowLength: 60
2023-07-10 18:47:33,079 - root - INFO - _step: 3, unknown2: 0,
2023-07-10 18:47:33,079 - root - INFO - BPP: 24, Transparency: False
2023-07-10 18:47:33,094 - root - INFO - Resource 46 offset: 603327, length: 1756...
2023-07-10 18:47:33,094 - root - DEBUG - Reading resource 46...
2023-07-10 18:47:33,094 - root - INFO - The image is bmc.
2023-07-10 18:47:33,094 - root - INFO - Reading image header(readHeader16C)...
2023-07-10 18:47:33,094 - root - INFO - Image header was read:
2023-07-10 18:47:33,094 - root - INFO - Width: 20, Height: 29, RowLength: 60
2023-07-10 18:47:33,094 - root - INFO - _step: 3, unknown2: 0,
2023-07-10 18:47:33,094 - root - INFO - BPP: 24, Transparency: False
2023-07-10 18:47:33,094 - root - INFO - Resource 47 offset: 605083, length: 1756...
2023-07-10 18:47:33,094 - root - DEBUG - Reading resource 47...
2023-07-10 18:47:33,094 - root - INFO - The image is bmc.
2023-07-10 18:47:33,094 - root - INFO - Reading image header(readHeader16C)...
2023-07-10 18:47:33,094 - root - INFO - Image header was read:
2023-07-10 18:47:33,094 - root - INFO - Width: 20, Height: 29, RowLength: 60
2023-07-10 18:47:33,094 - root - INFO - _step: 3, unknown2: 0,
2023-07-10 18:47:33,094 - root - INFO - BPP: 24, Transparency: False
2023-07-10 18:47:33,094 - root - INFO - Resource 48 offset: 606839, length: 1756...
2023-07-10 18:47:33,094 - root - DEBUG - Reading resource 48...
2023-07-10 18:47:33,094 - root - INFO - The image is bmc.
2023-07-10 18:47:33,094 - root - INFO - Reading image header(readHeader16C)...
2023-07-10 18:47:33,094 - root - INFO - Image header was read:
2023-07-10 18:47:33,094 - root - INFO - Width: 20, Height: 29, RowLength: 60
2023-07-10 18:47:33,094 - root - INFO - _step: 3, unknown2: 0,
2023-07-10 18:47:33,094 - root - INFO - BPP: 24, Transparency: False
2023-07-10 18:47:33,110 - root - INFO - Resource 49 offset: 608595, length: 1756...
2023-07-10 18:47:33,110 - root - DEBUG - Reading resource 49...
2023-07-10 18:47:33,110 - root - INFO - The image is bmc.
2023-07-10 18:47:33,110 - root - INFO - Reading image header(readHeader16C)...
2023-07-10 18:47:33,110 - root - INFO - Image header was read:
2023-07-10 18:47:33,110 - root - INFO - Width: 20, Height: 29, RowLength: 60
2023-07-10 18:47:33,110 - root - INFO - _step: 3, unknown2: 0,
2023-07-10 18:47:33,110 - root - INFO - BPP: 24, Transparency: False
2023-07-10 18:47:33,110 - root - INFO - Resource 50 offset: 610351, length: 1756...
2023-07-10 18:47:33,110 - root - DEBUG - Reading resource 50...
2023-07-10 18:47:33,110 - root - INFO - The image is bmc.
2023-07-10 18:47:33,110 - root - INFO - Reading image header(readHeader16C)...
2023-07-10 18:47:33,110 - root - INFO - Image header was read:
2023-07-10 18:47:33,110 - root - INFO - Width: 20, Height: 29, RowLength: 60
2023-07-10 18:47:33,110 - root - INFO - _step: 3, unknown2: 0,
2023-07-10 18:47:33,110 - root - INFO - BPP: 24, Transparency: False
2023-07-10 18:47:33,126 - root - INFO - Resource 51 offset: 612107, length: 1756...
2023-07-10 18:47:33,126 - root - DEBUG - Reading resource 51...
2023-07-10 18:47:33,126 - root - INFO - The image is bmc.
2023-07-10 18:47:33,126 - root - INFO - Reading image header(readHeader16C)...
2023-07-10 18:47:33,126 - root - INFO - Image header was read:
2023-07-10 18:47:33,126 - root - INFO - Width: 20, Height: 29, RowLength: 60
2023-07-10 18:47:33,126 - root - INFO - _step: 3, unknown2: 0,
2023-07-10 18:47:33,126 - root - INFO - BPP: 24, Transparency: False
2023-07-10 18:47:33,126 - root - INFO - Resource 52 offset: 613863, length: 1756...
2023-07-10 18:47:33,126 - root - DEBUG - Reading resource 52...
2023-07-10 18:47:33,126 - root - INFO - The image is bmc.
2023-07-10 18:47:33,126 - root - INFO - Reading image header(readHeader16C)...
2023-07-10 18:47:33,126 - root - INFO - Image header was read:
2023-07-10 18:47:33,141 - root - INFO - Width: 20, Height: 29, RowLength: 60
2023-07-10 18:47:33,141 - root - INFO - _step: 3, unknown2: 0,
2023-07-10 18:47:33,141 - root - INFO - BPP: 24, Transparency: False
2023-07-10 18:47:33,141 - root - INFO - Resource 53 offset: 615619, length: 5236...
2023-07-10 18:47:33,141 - root - DEBUG - Reading resource 53...
2023-07-10 18:47:33,141 - root - INFO - The image is bmc.
2023-07-10 18:47:33,141 - root - INFO - Reading image header(readHeader16C)...
2023-07-10 18:47:33,141 - root - INFO - Image header was read:
2023-07-10 18:47:33,141 - root - INFO - Width: 60, Height: 29, RowLength: 180
2023-07-10 18:47:33,141 - root - INFO - _step: 3, unknown2: 0,
2023-07-10 18:47:33,141 - root - INFO - BPP: 24, Transparency: False
2023-07-10 18:47:33,173 - root - INFO - Resource 54 offset: 620855, length: 546...
2023-07-10 18:47:33,173 - root - DEBUG - Reading resource 54...
2023-07-10 18:47:33,173 - root - INFO - The image is bme.
2023-07-10 18:47:33,173 - root - INFO - Reading image header(readHeader16E)...
2023-07-10 18:47:33,173 - root - INFO - Image header was read:
2023-07-10 18:47:33,173 - root - INFO - Width: 110, Height: 27, RowLength: 220
2023-07-10 18:47:33,173 - root - INFO - datalength: 530, _step: 2
2023-07-10 18:47:33,173 - root - INFO - BPP: 16, Transparency: False
2023-07-10 18:47:33,173 - root - INFO - Resource 55 offset: 621401, length: 950...
2023-07-10 18:47:33,173 - root - DEBUG - Reading resource 55...
2023-07-10 18:47:33,173 - root - INFO - The image is bme.
2023-07-10 18:47:33,173 - root - INFO - Reading image header(readHeader16E)...
2023-07-10 18:47:33,173 - root - INFO - Image header was read:
2023-07-10 18:47:33,173 - root - INFO - Width: 110, Height: 27, RowLength: 220
2023-07-10 18:47:33,173 - root - INFO - datalength: 934, _step: 2
2023-07-10 18:47:33,173 - root - INFO - BPP: 16, Transparency: False
2023-07-10 18:47:33,173 - root - INFO - Resource 56 offset: 622351, length: 1398...
2023-07-10 18:47:33,173 - root - DEBUG - Reading resource 56...
2023-07-10 18:47:33,173 - root - INFO - The image is bme.
2023-07-10 18:47:33,173 - root - INFO - Reading image header(readHeader16E)...
2023-07-10 18:47:33,173 - root - INFO - Image header was read:
2023-07-10 18:47:33,173 - root - INFO - Width: 110, Height: 27, RowLength: 220
2023-07-10 18:47:33,173 - root - INFO - datalength: 1382, _step: 2
2023-07-10 18:47:33,173 - root - INFO - BPP: 16, Transparency: False
2023-07-10 18:47:33,219 - root - INFO - Resource 57 offset: 623749, length: 1630...
2023-07-10 18:47:33,219 - root - DEBUG - Reading resource 57...
2023-07-10 18:47:33,219 - root - INFO - The image is bme.
2023-07-10 18:47:33,219 - root - INFO - Reading image header(readHeader16E)...
2023-07-10 18:47:33,219 - root - INFO - Image header was read:
2023-07-10 18:47:33,219 - root - INFO - Width: 110, Height: 27, RowLength: 220
2023-07-10 18:47:33,219 - root - INFO - datalength: 1614, _step: 2
2023-07-10 18:47:33,219 - root - INFO - BPP: 16, Transparency: False
2023-07-10 18:47:33,235 - root - INFO - Resource 58 offset: 625379, length: 2260...
2023-07-10 18:47:33,235 - root - DEBUG - Reading resource 58...
2023-07-10 18:47:33,235 - root - INFO - The image is bme.
2023-07-10 18:47:33,235 - root - INFO - Reading image header(readHeader16E)...
2023-07-10 18:47:33,235 - root - INFO - Image header was read:
2023-07-10 18:47:33,235 - root - INFO - Width: 110, Height: 27, RowLength: 220
2023-07-10 18:47:33,235 - root - INFO - datalength: 2244, _step: 2
2023-07-10 18:47:33,235 - root - INFO - BPP: 16, Transparency: False
2023-07-10 18:47:33,235 - root - INFO - Resource 59 offset: 627639, length: 2488...
2023-07-10 18:47:33,235 - root - DEBUG - Reading resource 59...
2023-07-10 18:47:33,235 - root - INFO - The image is bme.
2023-07-10 18:47:33,235 - root - INFO - Reading image header(readHeader16E)...
2023-07-10 18:47:33,235 - root - INFO - Image header was read:
2023-07-10 18:47:33,235 - root - INFO - Width: 110, Height: 27, RowLength: 220
2023-07-10 18:47:33,235 - root - INFO - datalength: 2472, _step: 2
2023-07-10 18:47:33,235 - root - INFO - BPP: 16, Transparency: False
2023-07-10 18:47:33,251 - root - INFO - Resource 60 offset: 630127, length: 3108...
2023-07-10 18:47:33,251 - root - DEBUG - Reading resource 60...
2023-07-10 18:47:33,251 - root - INFO - The image is bme.
2023-07-10 18:47:33,251 - root - INFO - Reading image header(readHeader16E)...
2023-07-10 18:47:33,251 - root - INFO - Image header was read:
2023-07-10 18:47:33,251 - root - INFO - Width: 110, Height: 27, RowLength: 220
2023-07-10 18:47:33,251 - root - INFO - datalength: 3092, _step: 2
2023-07-10 18:47:33,251 - root - INFO - BPP: 16, Transparency: False
2023-07-10 18:47:33,266 - root - INFO - Resource 61 offset: 633235, length: 3400...
2023-07-10 18:47:33,266 - root - DEBUG - Reading resource 61...
2023-07-10 18:47:33,266 - root - INFO - The image is bme.
2023-07-10 18:47:33,266 - root - INFO - Reading image header(readHeader16E)...
2023-07-10 18:47:33,266 - root - INFO - Image header was read:
2023-07-10 18:47:33,266 - root - INFO - Width: 110, Height: 27, RowLength: 220
2023-07-10 18:47:33,266 - root - INFO - datalength: 3384, _step: 2
2023-07-10 18:47:33,266 - root - INFO - BPP: 16, Transparency: False
2023-07-10 18:47:33,282 - root - INFO - Resource 62 offset: 636635, length: 3878...
2023-07-10 18:47:33,282 - root - DEBUG - Reading resource 62...
2023-07-10 18:47:33,282 - root - INFO - The image is bme.
2023-07-10 18:47:33,282 - root - INFO - Reading image header(readHeader16E)...
2023-07-10 18:47:33,282 - root - INFO - Image header was read:
2023-07-10 18:47:33,282 - root - INFO - Width: 110, Height: 27, RowLength: 220
2023-07-10 18:47:33,282 - root - INFO - datalength: 3862, _step: 2
2023-07-10 18:47:33,282 - root - INFO - BPP: 16, Transparency: False
2023-07-10 18:47:33,298 - root - INFO - Resource 63 offset: 640513, length: 4330...
2023-07-10 18:47:33,298 - root - DEBUG - Reading resource 63...
2023-07-10 18:47:33,298 - root - INFO - The image is bme.
2023-07-10 18:47:33,298 - root - INFO - Reading image header(readHeader16E)...
2023-07-10 18:47:33,298 - root - INFO - Image header was read:
2023-07-10 18:47:33,298 - root - INFO - Width: 110, Height: 27, RowLength: 220
2023-07-10 18:47:33,298 - root - INFO - datalength: 4314, _step: 2
2023-07-10 18:47:33,298 - root - INFO - BPP: 16, Transparency: False
2023-07-10 18:47:33,329 - root - INFO - Resource 64 offset: 644843, length: 562...
2023-07-10 18:47:33,329 - root - DEBUG - Reading resource 64...
2023-07-10 18:47:33,329 - root - INFO - The image is bme.
2023-07-10 18:47:33,329 - root - INFO - Reading image header(readHeader16E)...
2023-07-10 18:47:33,329 - root - INFO - Image header was read:
2023-07-10 18:47:33,329 - root - INFO - Width: 115, Height: 27, RowLength: 230
2023-07-10 18:47:33,329 - root - INFO - datalength: 546, _step: 2
2023-07-10 18:47:33,329 - root - INFO - BPP: 16, Transparency: False
2023-07-10 18:47:33,329 - root - INFO - Resource 65 offset: 645405, length: 1058...
2023-07-10 18:47:33,329 - root - DEBUG - Reading resource 65...
2023-07-10 18:47:33,329 - root - INFO - The image is bme.
2023-07-10 18:47:33,329 - root - INFO - Reading image header(readHeader16E)...
2023-07-10 18:47:33,329 - root - INFO - Image header was read:
2023-07-10 18:47:33,329 - root - INFO - Width: 115, Height: 27, RowLength: 230
2023-07-10 18:47:33,329 - root - INFO - datalength: 1042, _step: 2
2023-07-10 18:47:33,329 - root - INFO - BPP: 16, Transparency: False
2023-07-10 18:47:33,329 - root - INFO - Resource 66 offset: 646463, length: 1602...
2023-07-10 18:47:33,329 - root - DEBUG - Reading resource 66...
2023-07-10 18:47:33,329 - root - INFO - The image is bme.
2023-07-10 18:47:33,329 - root - INFO - Reading image header(readHeader16E)...
2023-07-10 18:47:33,329 - root - INFO - Image header was read:
2023-07-10 18:47:33,329 - root - INFO - Width: 115, Height: 27, RowLength: 230
2023-07-10 18:47:33,329 - root - INFO - datalength: 1586, _step: 2
2023-07-10 18:47:33,329 - root - INFO - BPP: 16, Transparency: False
2023-07-10 18:47:33,344 - root - INFO - Resource 67 offset: 648065, length: 1882...
2023-07-10 18:47:33,344 - root - DEBUG - Reading resource 67...
2023-07-10 18:47:33,344 - root - INFO - The image is bme.
2023-07-10 18:47:33,344 - root - INFO - Reading image header(readHeader16E)...
2023-07-10 18:47:33,344 - root - INFO - Image header was read:
2023-07-10 18:47:33,344 - root - INFO - Width: 115, Height: 27, RowLength: 230
2023-07-10 18:47:33,344 - root - INFO - datalength: 1866, _step: 2
2023-07-10 18:47:33,344 - root - INFO - BPP: 16, Transparency: False
2023-07-10 18:47:33,344 - root - INFO - Resource 68 offset: 649947, length: 2394...
2023-07-10 18:47:33,344 - root - DEBUG - Reading resource 68...
2023-07-10 18:47:33,344 - root - INFO - The image is bme.
2023-07-10 18:47:33,344 - root - INFO - Reading image header(readHeader16E)...
2023-07-10 18:47:33,344 - root - INFO - Image header was read:
2023-07-10 18:47:33,344 - root - INFO - Width: 115, Height: 27, RowLength: 230
2023-07-10 18:47:33,344 - root - INFO - datalength: 2378, _step: 2
2023-07-10 18:47:33,344 - root - INFO - BPP: 16, Transparency: False
2023-07-10 18:47:33,360 - root - INFO - Resource 69 offset: 652341, length: 2808...
2023-07-10 18:47:33,360 - root - DEBUG - Reading resource 69...
2023-07-10 18:47:33,360 - root - INFO - The image is bme.
2023-07-10 18:47:33,360 - root - INFO - Reading image header(readHeader16E)...
2023-07-10 18:47:33,360 - root - INFO - Image header was read:
2023-07-10 18:47:33,360 - root - INFO - Width: 115, Height: 27, RowLength: 230
2023-07-10 18:47:33,360 - root - INFO - datalength: 2792, _step: 2
2023-07-10 18:47:33,360 - root - INFO - BPP: 16, Transparency: False
2023-07-10 18:47:33,376 - root - INFO - Resource 70 offset: 655149, length: 3394...
2023-07-10 18:47:33,376 - root - DEBUG - Reading resource 70...
2023-07-10 18:47:33,376 - root - INFO - The image is bme.
2023-07-10 18:47:33,391 - root - INFO - Reading image header(readHeader16E)...
2023-07-10 18:47:33,391 - root - INFO - Image header was read:
2023-07-10 18:47:33,391 - root - INFO - Width: 115, Height: 27, RowLength: 230
2023-07-10 18:47:33,391 - root - INFO - datalength: 3378, _step: 2
2023-07-10 18:47:33,391 - root - INFO - BPP: 16, Transparency: False
2023-07-10 18:47:33,407 - root - INFO - Resource 71 offset: 658543, length: 3892...
2023-07-10 18:47:33,407 - root - DEBUG - Reading resource 71...
2023-07-10 18:47:33,407 - root - INFO - The image is bme.
2023-07-10 18:47:33,407 - root - INFO - Reading image header(readHeader16E)...
2023-07-10 18:47:33,407 - root - INFO - Image header was read:
2023-07-10 18:47:33,407 - root - INFO - Width: 115, Height: 27, RowLength: 230
2023-07-10 18:47:33,407 - root - INFO - datalength: 3876, _step: 2
2023-07-10 18:47:33,407 - root - INFO - BPP: 16, Transparency: False
2023-07-10 18:47:33,423 - root - INFO - Resource 72 offset: 662435, length: 4302...
2023-07-10 18:47:33,423 - root - DEBUG - Reading resource 72...
2023-07-10 18:47:33,423 - root - INFO - The image is bme.
2023-07-10 18:47:33,423 - root - INFO - Reading image header(readHeader16E)...
2023-07-10 18:47:33,423 - root - INFO - Image header was read:
2023-07-10 18:47:33,423 - root - INFO - Width: 115, Height: 27, RowLength: 230
2023-07-10 18:47:33,423 - root - INFO - datalength: 4286, _step: 2
2023-07-10 18:47:33,423 - root - INFO - BPP: 16, Transparency: False
2023-07-10 18:47:33,438 - root - INFO - Resource 73 offset: 666737, length: 4588...
2023-07-10 18:47:33,438 - root - DEBUG - Reading resource 73...
2023-07-10 18:47:33,438 - root - INFO - The image is bme.
2023-07-10 18:47:33,438 - root - INFO - Reading image header(readHeader16E)...
2023-07-10 18:47:33,438 - root - INFO - Image header was read:
2023-07-10 18:47:33,438 - root - INFO - Width: 115, Height: 27, RowLength: 230
2023-07-10 18:47:33,438 - root - INFO - datalength: 4572, _step: 2
2023-07-10 18:47:33,438 - root - INFO - BPP: 16, Transparency: False
2023-07-10 18:47:33,454 - root - INFO - Resource 74 offset: 671325, length: 2278...
2023-07-10 18:47:33,454 - root - DEBUG - Reading resource 74...
2023-07-10 18:47:33,454 - root - INFO - The image is bmc.
2023-07-10 18:47:33,454 - root - INFO - Reading image header(readHeader16C)...
2023-07-10 18:47:33,454 - root - INFO - Image header was read:
2023-07-10 18:47:33,454 - root - INFO - Width: 26, Height: 29, RowLength: 78
2023-07-10 18:47:33,454 - root - INFO - _step: 3, unknown2: 0,
2023-07-10 18:47:33,454 - root - INFO - BPP: 24, Transparency: False
2023-07-10 18:47:33,454 - root - INFO - Resource 75 offset: 673603, length: 656...
2023-07-10 18:47:33,454 - root - DEBUG - Reading resource 75...
2023-07-10 18:47:33,454 - root - INFO - The image is bme.
2023-07-10 18:47:33,454 - root - INFO - Reading image header(readHeader16E)...
2023-07-10 18:47:33,454 - root - INFO - Image header was read:
2023-07-10 18:47:33,454 - root - INFO - Width: 125, Height: 27, RowLength: 250
2023-07-10 18:47:33,454 - root - INFO - datalength: 640, _step: 2
2023-07-10 18:47:33,454 - root - INFO - BPP: 16, Transparency: False
2023-07-10 18:47:33,469 - root - INFO - Resource 76 offset: 674259, length: 1046...
2023-07-10 18:47:33,469 - root - DEBUG - Reading resource 76...
2023-07-10 18:47:33,469 - root - INFO - The image is bme.
2023-07-10 18:47:33,469 - root - INFO - Reading image header(readHeader16E)...
2023-07-10 18:47:33,469 - root - INFO - Image header was read:
2023-07-10 18:47:33,469 - root - INFO - Width: 125, Height: 27, RowLength: 250
2023-07-10 18:47:33,469 - root - INFO - datalength: 1030, _step: 2
2023-07-10 18:47:33,469 - root - INFO - BPP: 16, Transparency: False
2023-07-10 18:47:33,469 - root - INFO - Resource 77 offset: 675305, length: 1516...
2023-07-10 18:47:33,469 - root - DEBUG - Reading resource 77...
2023-07-10 18:47:33,469 - root - INFO - The image is bme.
2023-07-10 18:47:33,469 - root - INFO - Reading image header(readHeader16E)...
2023-07-10 18:47:33,469 - root - INFO - Image header was read:
2023-07-10 18:47:33,469 - root - INFO - Width: 125, Height: 27, RowLength: 250
2023-07-10 18:47:33,469 - root - INFO - datalength: 1500, _step: 2
2023-07-10 18:47:33,469 - root - INFO - BPP: 16, Transparency: False
2023-07-10 18:47:33,469 - root - INFO - Resource 78 offset: 676821, length: 2004...
2023-07-10 18:47:33,469 - root - DEBUG - Reading resource 78...
2023-07-10 18:47:33,469 - root - INFO - The image is bme.
2023-07-10 18:47:33,469 - root - INFO - Reading image header(readHeader16E)...
2023-07-10 18:47:33,469 - root - INFO - Image header was read:
2023-07-10 18:47:33,469 - root - INFO - Width: 125, Height: 27, RowLength: 250
2023-07-10 18:47:33,469 - root - INFO - datalength: 1988, _step: 2
2023-07-10 18:47:33,469 - root - INFO - BPP: 16, Transparency: False
2023-07-10 18:47:33,485 - root - INFO - Resource 79 offset: 678825, length: 2670...
2023-07-10 18:47:33,485 - root - DEBUG - Reading resource 79...
2023-07-10 18:47:33,485 - root - INFO - The image is bme.
2023-07-10 18:47:33,485 - root - INFO - Reading image header(readHeader16E)...
2023-07-10 18:47:33,485 - root - INFO - Image header was read:
2023-07-10 18:47:33,485 - root - INFO - Width: 125, Height: 27, RowLength: 250
2023-07-10 18:47:33,485 - root - INFO - datalength: 2654, _step: 2
2023-07-10 18:47:33,485 - root - INFO - BPP: 16, Transparency: False
2023-07-10 18:47:33,501 - root - INFO - Resource 80 offset: 681495, length: 3276...
2023-07-10 18:47:33,501 - root - DEBUG - Reading resource 80...
2023-07-10 18:47:33,501 - root - INFO - The image is bme.
2023-07-10 18:47:33,501 - root - INFO - Reading image header(readHeader16E)...
2023-07-10 18:47:33,501 - root - INFO - Image header was read:
2023-07-10 18:47:33,501 - root - INFO - Width: 125, Height: 27, RowLength: 250
2023-07-10 18:47:33,501 - root - INFO - datalength: 3260, _step: 2
2023-07-10 18:47:33,501 - root - INFO - BPP: 16, Transparency: False
2023-07-10 18:47:33,501 - root - INFO - Resource 81 offset: 684771, length: 3896...
2023-07-10 18:47:33,501 - root - DEBUG - Reading resource 81...
2023-07-10 18:47:33,501 - root - INFO - The image is bme.
2023-07-10 18:47:33,501 - root - INFO - Reading image header(readHeader16E)...
2023-07-10 18:47:33,501 - root - INFO - Image header was read:
2023-07-10 18:47:33,501 - root - INFO - Width: 125, Height: 27, RowLength: 250
2023-07-10 18:47:33,501 - root - INFO - datalength: 3880, _step: 2
2023-07-10 18:47:33,501 - root - INFO - BPP: 16, Transparency: False
2023-07-10 18:47:33,516 - root - INFO - Resource 82 offset: 688667, length: 4268...
2023-07-10 18:47:33,516 - root - DEBUG - Reading resource 82...
2023-07-10 18:47:33,516 - root - INFO - The image is bme.
2023-07-10 18:47:33,516 - root - INFO - Reading image header(readHeader16E)...
2023-07-10 18:47:33,516 - root - INFO - Image header was read:
2023-07-10 18:47:33,516 - root - INFO - Width: 125, Height: 27, RowLength: 250
2023-07-10 18:47:33,516 - root - INFO - datalength: 4252, _step: 2
2023-07-10 18:47:33,516 - root - INFO - BPP: 16, Transparency: False
2023-07-10 18:47:33,532 - root - INFO - Resource 83 offset: 692935, length: 4884...
2023-07-10 18:47:33,532 - root - DEBUG - Reading resource 83...
2023-07-10 18:47:33,532 - root - INFO - The image is bme.
2023-07-10 18:47:33,532 - root - INFO - Reading image header(readHeader16E)...
2023-07-10 18:47:33,532 - root - INFO - Image header was read:
2023-07-10 18:47:33,532 - root - INFO - Width: 125, Height: 27, RowLength: 250
2023-07-10 18:47:33,532 - root - INFO - datalength: 4868, _step: 2
2023-07-10 18:47:33,532 - root - INFO - BPP: 16, Transparency: False
2023-07-10 18:47:33,548 - root - INFO - Resource 84 offset: 697819, length: 5374...
2023-07-10 18:47:33,548 - root - DEBUG - Reading resource 84...
2023-07-10 18:47:33,548 - root - INFO - The image is bme.
2023-07-10 18:47:33,548 - root - INFO - Reading image header(readHeader16E)...
2023-07-10 18:47:33,548 - root - INFO - Image header was read:
2023-07-10 18:47:33,548 - root - INFO - Width: 125, Height: 27, RowLength: 250
2023-07-10 18:47:33,548 - root - INFO - datalength: 5358, _step: 2
2023-07-10 18:47:33,548 - root - INFO - BPP: 16, Transparency: False
2023-07-10 18:47:33,579 - root - DEBUG - Parsing parameters...
2023-07-10 18:47:33,719 - root - DEBUG - 0 Value: None
2023-07-10 18:47:33,719 - root - DEBUG - 0.1 Value: 71
2023-07-10 18:47:33,719 - root - DEBUG - 2 Value: None
2023-07-10 18:47:33,719 - root - DEBUG - 2.1 Value: None
2023-07-10 18:47:33,719 - root - DEBUG - 2.1.1 Value: 0
2023-07-10 18:47:33,719 - root - DEBUG - 2.1.2 Value: 0
2023-07-10 18:47:33,719 - root - DEBUG - 2.1.3 Value: 1
2023-07-10 18:47:33,719 - root - DEBUG - 2.3 Value: None
2023-07-10 18:47:33,719 - root - DEBUG - 2.3.1 Value: 0
2023-07-10 18:47:33,719 - root - DEBUG - 2.3.2 Value: 0
2023-07-10 18:47:33,719 - root - DEBUG - 2.3.3 Value: 0
2023-07-10 18:47:33,719 - root - DEBUG - 3 Value: None
2023-07-10 18:47:33,719 - root - DEBUG - 3.1 Value: None
2023-07-10 18:47:33,719 - root - DEBUG - 3.1.1 Value: None
2023-07-10 18:47:33,719 - root - DEBUG - 3.1.1.1 Value: None
2023-07-10 18:47:33,719 - root - DEBUG - 3.1.1.1.1 Value: 2
2023-07-10 18:47:33,719 - root - DEBUG - 3.1.1.1.2 Value: 18
2023-07-10 18:47:33,719 - root - DEBUG - 3.1.1.1.3 Value: 2
2023-07-10 18:47:33,719 - root - DEBUG - 3.1.1.1.4 Value: 10
2023-07-10 18:47:33,719 - root - DEBUG - 3.1.1.2 Value: None
2023-07-10 18:47:33,719 - root - DEBUG - 3.1.1.2.1 Value: 58
2023-07-10 18:47:33,719 - root - DEBUG - 3.1.1.2.2 Value: 18
2023-07-10 18:47:33,719 - root - DEBUG - 3.1.1.2.3 Value: 2
2023-07-10 18:47:33,719 - root - DEBUG - 3.1.1.2.4 Value: 10
2023-07-10 18:47:33,719 - root - DEBUG - 3.1.2 Value: None
2023-07-10 18:47:33,719 - root - DEBUG - 3.1.2.1 Value: None
2023-07-10 18:47:33,719 - root - DEBUG - 3.1.2.1.1 Value: 132
2023-07-10 18:47:33,719 - root - DEBUG - 3.1.2.1.2 Value: 18
2023-07-10 18:47:33,719 - root - DEBUG - 3.1.2.1.3 Value: 12
2023-07-10 18:47:33,719 - root - DEBUG - 3.1.2.1.4 Value: 10
2023-07-10 18:47:33,719 - root - DEBUG - 3.1.2.2 Value: None
2023-07-10 18:47:33,735 - root - DEBUG - 3.1.2.2.1 Value: 186
2023-07-10 18:47:33,735 - root - DEBUG - 3.1.2.2.2 Value: 18
2023-07-10 18:47:33,735 - root - DEBUG - 3.1.2.2.3 Value: 12
2023-07-10 18:47:33,735 - root - DEBUG - 3.1.2.2.4 Value: 10
2023-07-10 18:47:33,735 - root - DEBUG - 3.1.5 Value: None
2023-07-10 18:47:33,735 - root - DEBUG - 3.1.5.1 Value: 113
2023-07-10 18:47:33,735 - root - DEBUG - 3.1.5.2 Value: 18
2023-07-10 18:47:33,735 - root - DEBUG - 3.1.5.3 Value: 22
2023-07-10 18:47:33,735 - root - DEBUG - 3.1.7 Value: 0
2023-07-10 18:47:33,735 - root - DEBUG - 3.1.8 Value: 1
2023-07-10 18:47:33,735 - root - DEBUG - 4 Value: None
2023-07-10 18:47:33,735 - root - DEBUG - 4.1 Value: None
2023-07-10 18:47:33,735 - root - DEBUG - 4.1.1 Value: None
2023-07-10 18:47:33,735 - root - DEBUG - 4.1.1.1 Value: 135
2023-07-10 18:47:33,735 - root - DEBUG - 4.1.1.2 Value: 147
2023-07-10 18:47:33,735 - root - DEBUG - 4.1.1.3 Value: 235
2023-07-10 18:47:33,735 - root - DEBUG - 4.1.1.4 Value: 176
2023-07-10 18:47:33,735 - root - DEBUG - 4.1.1.5 Value: 68
2023-07-10 18:47:33,735 - root - DEBUG - 4.1.1.6 Value: 0
2023-07-10 18:47:33,735 - root - DEBUG - 4.1.1.7 Value: 0
2023-07-10 18:47:33,735 - root - DEBUG - 4.1.1.8 Value: 43
2023-07-10 18:47:33,735 - root - DEBUG - 4.1.1.9 Value: 10
2023-07-10 18:47:33,735 - root - DEBUG - 4.4 Value: None
2023-07-10 18:47:33,735 - root - DEBUG - 4.4.1 Value: None
2023-07-10 18:47:33,735 - root - DEBUG - 4.4.1.1 Value: 155
2023-07-10 18:47:33,735 - root - DEBUG - 4.4.1.2 Value: 233
2023-07-10 18:47:33,735 - root - DEBUG - 4.4.1.3 Value: 235
2023-07-10 18:47:33,735 - root - DEBUG - 4.4.1.4 Value: 251
2023-07-10 18:47:33,735 - root - DEBUG - 4.4.1.5 Value: 68
2023-07-10 18:47:33,735 - root - DEBUG - 4.4.1.6 Value: 0
2023-07-10 18:47:33,735 - root - DEBUG - 4.4.1.7 Value: 0
2023-07-10 18:47:33,735 - root - DEBUG - 4.4.1.8 Value: 43
2023-07-10 18:47:33,735 - root - DEBUG - 4.4.1.9 Value: 10
2023-07-10 18:47:33,735 - root - DEBUG - 4.4.3 Value: 53
2023-07-10 18:47:33,735 - root - DEBUG - 4.7 Value: 0
2023-07-10 18:47:33,735 - root - DEBUG - 5 Value: None
2023-07-10 18:47:33,735 - root - DEBUG - 5.1 Value: None
2023-07-10 18:47:33,735 - root - DEBUG - 5.1.3 Value: None
2023-07-10 18:47:33,735 - root - DEBUG - 5.1.3.1 Value: None
2023-07-10 18:47:33,735 - root - DEBUG - 5.1.3.1.1 Value: 135
2023-07-10 18:47:33,735 - root - DEBUG - 5.1.3.1.2 Value: 46
2023-07-10 18:47:33,735 - root - DEBUG - 5.1.3.1.3 Value: 237
2023-07-10 18:47:33,735 - root - DEBUG - 5.1.3.1.4 Value: 68
2023-07-10 18:47:33,735 - root - DEBUG - 5.1.3.1.5 Value: 18
2023-07-10 18:47:33,735 - root - DEBUG - 5.1.3.1.6 Value: 0
2023-07-10 18:47:33,735 - root - DEBUG - 5.1.3.1.7 Value: 0
2023-07-10 18:47:33,735 - root - DEBUG - 5.1.3.1.8 Value: 23
2023-07-10 18:47:33,735 - root - DEBUG - 5.1.3.1.9 Value: 10
2023-07-10 18:47:33,735 - root - DEBUG - 5.1.3.2 Value: 33
2023-07-10 18:47:33,735 - root - DEBUG - 5.1.4 Value: 1
2023-07-10 18:47:33,735 - root - DEBUG - 5.1.5 Value: 1
2023-07-10 18:47:33,735 - root - DEBUG - 5.1.6 Value: 0
2023-07-10 18:47:33,735 - root - DEBUG - 5.2 Value: None
2023-07-10 18:47:33,735 - root - DEBUG - 5.2.1 Value: 2
2023-07-10 18:47:33,735 - root - DEBUG - 5.2.2 Value: 46
2023-07-10 18:47:33,735 - root - DEBUG - 5.2.5 Value: 41
2023-07-10 18:47:33,735 - root - DEBUG - 5.2.6 Value: 42
2023-07-10 18:47:33,735 - root - DEBUG - 5.4 Value: None
2023-07-10 18:47:33,735 - root - DEBUG - 5.4.1 Value: 58
2023-07-10 18:47:33,735 - root - DEBUG - 5.4.2 Value: 46
2023-07-10 18:47:33,735 - root - DEBUG - 5.4.3 Value: 34
2023-07-10 18:47:33,735 - root - DEBUG - 5.4.4 Value: 7
2023-07-10 18:47:33,735 - root - DEBUG - 7 Value: None
2023-07-10 18:47:33,735 - root - DEBUG - 7.2 Value: None
2023-07-10 18:47:33,735 - root - DEBUG - 7.2.1 Value: 9
2023-07-10 18:47:33,735 - root - DEBUG - 7.2.2 Value: 148
2023-07-10 18:47:33,735 - root - DEBUG - 7.2.3 Value: 54
2023-07-10 18:47:33,735 - root - DEBUG - 7.2.4 Value: 10
2023-07-10 18:47:33,735 - root - DEBUG - 9 Value: None
2023-07-10 18:47:33,735 - root - DEBUG - 9.1 Value: None
2023-07-10 18:47:33,735 - root - DEBUG - 9.1.1 Value: None
2023-07-10 18:47:33,735 - root - DEBUG - 9.1.1.1 Value: 155
2023-07-10 18:47:33,735 - root - DEBUG - 9.1.1.2 Value: 190
2023-07-10 18:47:33,735 - root - DEBUG - 9.1.1.3 Value: 235
2023-07-10 18:47:33,735 - root - DEBUG - 9.1.1.4 Value: 219
2023-07-10 18:47:33,735 - root - DEBUG - 9.1.1.5 Value: 68
2023-07-10 18:47:33,735 - root - DEBUG - 9.1.1.6 Value: 0
2023-07-10 18:47:33,735 - root - DEBUG - 9.1.1.7 Value: 0
2023-07-10 18:47:33,735 - root - DEBUG - 9.1.1.8 Value: 43
2023-07-10 18:47:33,735 - root - DEBUG - 9.1.1.9 Value: 10
2023-07-10 18:47:33,735 - root - DEBUG - 9.1.4 Value: 74
2023-07-10 18:47:33,735 - root - DEBUG - 9.2 Value: None
2023-07-10 18:47:33,735 - root - DEBUG - 9.2.1 Value: 9
2023-07-10 18:47:33,735 - root - DEBUG - 9.2.2 Value: 191
2023-07-10 18:47:33,735 - root - DEBUG - 9.2.3 Value: 75
2023-07-10 18:47:33,735 - root - DEBUG - 9.2.4 Value: 10
2023-07-10 18:47:33,751 - root - DEBUG - 12 Value: None
2023-07-10 18:47:33,751 - root - DEBUG - 12.2 Value: None
2023-07-10 18:47:33,751 - root - DEBUG - 12.2.1 Value: 10
2023-07-10 18:47:33,751 - root - DEBUG - 12.2.2 Value: 234
2023-07-10 18:47:33,751 - root - DEBUG - 12.2.3 Value: 64
2023-07-10 18:47:33,751 - root - DEBUG - 12.2.4 Value: 10
2023-07-10 18:47:33,751 - root - DEBUG - 0-Info
2023-07-10 18:47:33,751 - root - DEBUG - 0.1-DeviceId
2023-07-10 18:47:33,751 - root - DEBUG - 2-Background
2023-07-10 18:47:33,751 - root - DEBUG - 2.1-Image
2023-07-10 18:47:33,751 - root - DEBUG - 2.1.1-X
2023-07-10 18:47:33,751 - root - DEBUG - 2.1.2-Y
2023-07-10 18:47:33,751 - root - DEBUG - 2.1.3-ImageIndex
2023-07-10 18:47:33,751 - root - DEBUG - 2.3-Preview
2023-07-10 18:47:33,751 - root - DEBUG - 2.3.1-X
2023-07-10 18:47:33,751 - root - DEBUG - 2.3.2-Y
2023-07-10 18:47:33,751 - root - DEBUG - 2.3.3-ImageIndex
2023-07-10 18:47:33,751 - root - DEBUG - 3-TimeExtended
2023-07-10 18:47:33,751 - root - DEBUG - 3.1-TimeSeparateDigits
2023-07-10 18:47:33,751 - root - DEBUG - 3.1.1-Hours
2023-07-10 18:47:33,751 - root - DEBUG - 3.1.1.1-Tens
2023-07-10 18:47:33,751 - root - DEBUG - 3.1.1.1.1-X
2023-07-10 18:47:33,751 - root - DEBUG - 3.1.1.1.2-Y
2023-07-10 18:47:33,751 - root - DEBUG - 3.1.1.1.3-ImageIndex
2023-07-10 18:47:33,751 - root - DEBUG - 3.1.1.1.4-ImagesCount
2023-07-10 18:47:33,751 - root - DEBUG - 3.1.1.2-Ones
2023-07-10 18:47:33,751 - root - DEBUG - 3.1.1.2.1-X
2023-07-10 18:47:33,751 - root - DEBUG - 3.1.1.2.2-Y
2023-07-10 18:47:33,751 - root - DEBUG - 3.1.1.2.3-ImageIndex
2023-07-10 18:47:33,751 - root - DEBUG - 3.1.1.2.4-ImagesCount
2023-07-10 18:47:33,751 - root - DEBUG - 3.1.2-Minutes
2023-07-10 18:47:33,751 - root - DEBUG - 3.1.2.1-Tens
2023-07-10 18:47:33,751 - root - DEBUG - 3.1.2.1.1-X
2023-07-10 18:47:33,751 - root - DEBUG - 3.1.2.1.2-Y
2023-07-10 18:47:33,751 - root - DEBUG - 3.1.2.1.3-ImageIndex
2023-07-10 18:47:33,751 - root - DEBUG - 3.1.2.1.4-ImagesCount
2023-07-10 18:47:33,751 - root - DEBUG - 3.1.2.2-Ones
2023-07-10 18:47:33,751 - root - DEBUG - 3.1.2.2.1-X
2023-07-10 18:47:33,751 - root - DEBUG - 3.1.2.2.2-Y
2023-07-10 18:47:33,751 - root - DEBUG - 3.1.2.2.3-ImageIndex
2023-07-10 18:47:33,751 - root - DEBUG - 3.1.2.2.4-ImagesCount
2023-07-10 18:47:33,751 - root - DEBUG - 3.1.5-SeparatorHours
2023-07-10 18:47:33,751 - root - DEBUG - 3.1.5.1-X
2023-07-10 18:47:33,751 - root - DEBUG - 3.1.5.2-Y
2023-07-10 18:47:33,751 - root - DEBUG - 3.1.5.3-ImageIndex
2023-07-10 18:47:33,751 - root - DEBUG - 3.1.7-UnknowBoolean7
2023-07-10 18:47:33,751 - root - DEBUG - 3.1.8-PaddingZeroMinutes
2023-07-10 18:47:33,751 - root - DEBUG - 4-Activity
2023-07-10 18:47:33,751 - root - DEBUG - 4.1-Steps
2023-07-10 18:47:33,751 - root - DEBUG - 4.1.1-ImageNumber
2023-07-10 18:47:33,766 - root - DEBUG - 4.1.1.1-TopLeftX
2023-07-10 18:47:33,766 - root - DEBUG - 4.1.1.2-TopLeftY
2023-07-10 18:47:33,766 - root - DEBUG - 4.1.1.3-BottomRightX
2023-07-10 18:47:33,766 - root - DEBUG - 4.1.1.4-BottomRightY
2023-07-10 18:47:33,766 - root - DEBUG - 4.1.1.5-Alignment
2023-07-10 18:47:33,766 - root - DEBUG - 4.1.1.6-Spacing
2023-07-10 18:47:33,766 - root - DEBUG - 4.1.1.7-VerticalOffset
2023-07-10 18:47:33,766 - root - DEBUG - 4.1.1.8-ImageIndex
2023-07-10 18:47:33,766 - root - DEBUG - 4.1.1.9-ImagesCount
2023-07-10 18:47:33,766 - root - DEBUG - 4.4-HeartRate
2023-07-10 18:47:33,766 - root - DEBUG - 4.4.1-ImageNumber
2023-07-10 18:47:33,766 - root - DEBUG - 4.4.1.1-TopLeftX
2023-07-10 18:47:33,766 - root - DEBUG - 4.4.1.2-TopLeftY
2023-07-10 18:47:33,766 - root - DEBUG - 4.4.1.3-BottomRightX
2023-07-10 18:47:33,766 - root - DEBUG - 4.4.1.4-BottomRightY
2023-07-10 18:47:33,766 - root - DEBUG - 4.4.1.5-Alignment
2023-07-10 18:47:33,766 - root - DEBUG - 4.4.1.6-Spacing
2023-07-10 18:47:33,766 - root - DEBUG - 4.4.1.7-VerticalOffset
2023-07-10 18:47:33,766 - root - DEBUG - 4.4.1.8-ImageIndex
2023-07-10 18:47:33,766 - root - DEBUG - 4.4.1.9-ImagesCount
2023-07-10 18:47:33,766 - root - DEBUG - 4.4.3-NoDataImageIndex
2023-07-10 18:47:33,766 - root - DEBUG - 4.7-UnknownLongValue7
2023-07-10 18:47:33,766 - root - DEBUG - 5-DateBlock
2023-07-10 18:47:33,766 - root - DEBUG - 5.1-Date
2023-07-10 18:47:33,766 - root - DEBUG - 5.1.3-OneLineYearMonthAndDay
2023-07-10 18:47:33,766 - root - DEBUG - 5.1.3.1-Number
2023-07-10 18:47:33,766 - root - DEBUG - 5.1.3.1.1-TopLeftX
2023-07-10 18:47:33,766 - root - DEBUG - 5.1.3.1.2-TopLeftY
2023-07-10 18:47:33,766 - root - DEBUG - 5.1.3.1.3-BottomRightX
2023-07-10 18:47:33,766 - root - DEBUG - 5.1.3.1.4-BottomRightY
2023-07-10 18:47:33,766 - root - DEBUG - 5.1.3.1.5-Alignment
2023-07-10 18:47:33,766 - root - DEBUG - 5.1.3.1.6-Spacing
2023-07-10 18:47:33,766 - root - DEBUG - 5.1.3.1.7-VerticalOffset
2023-07-10 18:47:33,766 - root - DEBUG - 5.1.3.1.8-ImageIndex
2023-07-10 18:47:33,766 - root - DEBUG - 5.1.3.1.9-ImagesCount
2023-07-10 18:47:33,766 - root - DEBUG - 5.1.3.2-DelimiterImageIndex
2023-07-10 18:47:33,766 - root - DEBUG - 5.1.4-PaddingZeroMonth
2023-07-10 18:47:33,766 - root - DEBUG - 5.1.5-PaddingZeroDay
2023-07-10 18:47:33,766 - root - DEBUG - 5.1.6-UnknownBoolean6
2023-07-10 18:47:33,766 - root - DEBUG - 5.2-AmPm
2023-07-10 18:47:33,766 - root - DEBUG - 5.2.1-CommonX
2023-07-10 18:47:33,766 - root - DEBUG - 5.2.2-CommonY
2023-07-10 18:47:33,766 - root - DEBUG - 5.2.5-AmImageIndexEN
2023-07-10 18:47:33,766 - root - DEBUG - 5.2.6-PmImageIndexEN
2023-07-10 18:47:33,766 - root - DEBUG - 5.4-Weekday
2023-07-10 18:47:33,766 - root - DEBUG - 5.4.1-X
2023-07-10 18:47:33,766 - root - DEBUG - 5.4.2-Y
2023-07-10 18:47:33,766 - root - DEBUG - 5.4.3-ImageIndex
2023-07-10 18:47:33,766 - root - DEBUG - 5.4.4-ImagesCount
2023-07-10 18:47:33,782 - root - DEBUG - 7-StepProgress
2023-07-10 18:47:33,782 - root - DEBUG - 7.2-ImageProgress
2023-07-10 18:47:33,782 - root - DEBUG - 7.2.1-X
2023-07-10 18:47:33,782 - root - DEBUG - 7.2.2-Y
2023-07-10 18:47:33,782 - root - DEBUG - 7.2.3-ImageIndex
2023-07-10 18:47:33,782 - root - DEBUG - 7.2.4-ImagesCount
2023-07-10 18:47:33,782 - root - DEBUG - 9-Battery
2023-07-10 18:47:33,782 - root - DEBUG - 9.1-BatteryText
2023-07-10 18:47:33,782 - root - DEBUG - 9.1.1-ImageNumber
2023-07-10 18:47:33,782 - root - DEBUG - 9.1.1.1-TopLeftX
2023-07-10 18:47:33,782 - root - DEBUG - 9.1.1.2-TopLeftY
2023-07-10 18:47:33,782 - root - DEBUG - 9.1.1.3-BottomRightX
2023-07-10 18:47:33,782 - root - DEBUG - 9.1.1.4-BottomRightY
2023-07-10 18:47:33,782 - root - DEBUG - 9.1.1.5-Alignment
2023-07-10 18:47:33,782 - root - DEBUG - 9.1.1.6-Spacing
2023-07-10 18:47:33,782 - root - DEBUG - 9.1.1.7-VerticalOffset
2023-07-10 18:47:33,782 - root - DEBUG - 9.1.1.8-ImageIndex
2023-07-10 18:47:33,782 - root - DEBUG - 9.1.1.9-ImagesCount
2023-07-10 18:47:33,782 - root - DEBUG - 9.1.4-SuffixImageIndex
2023-07-10 18:47:33,782 - root - DEBUG - 9.2-ImageProgress
2023-07-10 18:47:33,782 - root - DEBUG - 9.2.1-X
2023-07-10 18:47:33,782 - root - DEBUG - 9.2.2-Y
2023-07-10 18:47:33,782 - root - DEBUG - 9.2.3-ImageIndex
2023-07-10 18:47:33,782 - root - DEBUG - 9.2.4-ImagesCount
2023-07-10 18:47:33,782 - root - DEBUG - 12-HeartProgress
2023-07-10 18:47:33,782 - root - DEBUG - 12.2-ImageProgress
2023-07-10 18:47:33,782 - root - DEBUG - 12.2.1-X
2023-07-10 18:47:33,782 - root - DEBUG - 12.2.2-Y
2023-07-10 18:47:33,782 - root - DEBUG - 12.2.3-ImageIndex
2023-07-10 18:47:33,782 - root - DEBUG - 12.2.4-ImagesCount
2023-07-10 18:47:33,782 - root - DEBUG - generatePreviews
2023-07-10 18:47:33,782 - root - DEBUG - Generating previews...
2023-07-10 18:47:33,782 - root - DEBUG - Generating states done...
2023-07-10 18:47:33,798 - root - DEBUG - >>>>>>>>>>>> 0 <watchFaceParser.models.parameter.Parameter object at 0x0000024CA736ECA0>
2023-07-10 18:47:33,798 - root - DEBUG - >>>>>>>>>>>> 2 <watchFaceParser.models.parameter.Parameter object at 0x0000024CA7369130>
2023-07-10 18:47:33,813 - root - DEBUG - >>>>>>>>>>>> 3 <watchFaceParser.models.parameter.Parameter object at 0x0000024CA73692E0>
2023-07-10 18:47:33,829 - root - DEBUG - >>>>>>>>>>>> 4 <watchFaceParser.models.parameter.Parameter object at 0x0000024CA736B850>
2023-07-10 18:47:33,844 - root - DEBUG - >>>>>>>>>>>> 5 <watchFaceParser.models.parameter.Parameter object at 0x0000024CA736C490>
2023-07-10 18:47:33,860 - root - DEBUG - >>>>>>>>>>>> 7 <watchFaceParser.models.parameter.Parameter object at 0x0000024CA736CFD0>
2023-07-10 18:47:33,860 - root - DEBUG - >>>>>>>>>>>> 9 <watchFaceParser.models.parameter.Parameter object at 0x0000024CA736C460>
2023-07-10 18:47:33,876 - root - DEBUG - >>>>>>>>>>>> 12 <watchFaceParser.models.parameter.Parameter object at 0x0000024CA736EA60>
2023-07-10 18:47:33,891 - root - DEBUG - Generating static preview gen done...
2023-07-10 18:47:34,016 - root - DEBUG - Generating static preview save done...
2023-07-10 18:47:34,016 - root - DEBUG - Generating anim preview gen done...
2023-07-10 18:47:34,016 - root - DEBUG - >>>>>>>>>>>> 0 <watchFaceParser.models.parameter.Parameter object at 0x0000024CA736ECA0>
2023-07-10 18:47:34,016 - root - DEBUG - >>>>>>>>>>>> 2 <watchFaceParser.models.parameter.Parameter object at 0x0000024CA7369130>
2023-07-10 18:47:34,016 - root - DEBUG - >>>>>>>>>>>> 3 <watchFaceParser.models.parameter.Parameter object at 0x0000024CA73692E0>
2023-07-10 18:47:34,016 - root - DEBUG - >>>>>>>>>>>> 4 <watchFaceParser.models.parameter.Parameter object at 0x0000024CA736B850>
2023-07-10 18:47:34,016 - root - DEBUG - >>>>>>>>>>>> 5 <watchFaceParser.models.parameter.Parameter object at 0x0000024CA736C490>
2023-07-10 18:47:34,016 - root - DEBUG - >>>>>>>>>>>> 7 <watchFaceParser.models.parameter.Parameter object at 0x0000024CA736CFD0>
2023-07-10 18:47:34,016 - root - DEBUG - >>>>>>>>>>>> 9 <watchFaceParser.models.parameter.Parameter object at 0x0000024CA736C460>
2023-07-10 18:47:34,016 - root - DEBUG - >>>>>>>>>>>> 12 <watchFaceParser.models.parameter.Parameter object at 0x0000024CA736EA60>
2023-07-10 18:47:34,188 - root - DEBUG - generatePreviews done
2023-07-10 18:47:34,188 - root - DEBUG - Exporting resources to 'E:\Codez\zepp-bip3-wf\bb64e6624023415f4e6b662e136503b4'
2023-07-10 18:47:34,188 - root - DEBUG - extracting E:\Codez\zepp-bip3-wf\bb64e6624023415f4e6b662e136503b4\0000.png...
2023-07-10 18:47:34,204 - root - DEBUG - extracting E:\Codez\zepp-bip3-wf\bb64e6624023415f4e6b662e136503b4\0001.png...
2023-07-10 18:47:34,219 - root - DEBUG - extracting E:\Codez\zepp-bip3-wf\bb64e6624023415f4e6b662e136503b4\0002.png...
2023-07-10 18:47:34,219 - root - DEBUG - extracting E:\Codez\zepp-bip3-wf\bb64e6624023415f4e6b662e136503b4\0003.png...
2023-07-10 18:47:34,219 - root - DEBUG - extracting E:\Codez\zepp-bip3-wf\bb64e6624023415f4e6b662e136503b4\0004.png...
2023-07-10 18:47:34,219 - root - DEBUG - extracting E:\Codez\zepp-bip3-wf\bb64e6624023415f4e6b662e136503b4\0005.png...
2023-07-10 18:47:34,219 - root - DEBUG - extracting E:\Codez\zepp-bip3-wf\bb64e6624023415f4e6b662e136503b4\0006.png...
2023-07-10 18:47:34,219 - root - DEBUG - extracting E:\Codez\zepp-bip3-wf\bb64e6624023415f4e6b662e136503b4\0007.png...
2023-07-10 18:47:34,235 - root - DEBUG - extracting E:\Codez\zepp-bip3-wf\bb64e6624023415f4e6b662e136503b4\0008.png...
2023-07-10 18:47:34,235 - root - DEBUG - extracting E:\Codez\zepp-bip3-wf\bb64e6624023415f4e6b662e136503b4\0009.png...
2023-07-10 18:47:34,235 - root - DEBUG - extracting E:\Codez\zepp-bip3-wf\bb64e6624023415f4e6b662e136503b4\0010.png...
2023-07-10 18:47:34,235 - root - DEBUG - extracting E:\Codez\zepp-bip3-wf\bb64e6624023415f4e6b662e136503b4\0011.png...
2023-07-10 18:47:34,235 - root - DEBUG - extracting E:\Codez\zepp-bip3-wf\bb64e6624023415f4e6b662e136503b4\0012.png...
2023-07-10 18:47:34,251 - root - DEBUG - extracting E:\Codez\zepp-bip3-wf\bb64e6624023415f4e6b662e136503b4\0013.png...
2023-07-10 18:47:34,251 - root - DEBUG - extracting E:\Codez\zepp-bip3-wf\bb64e6624023415f4e6b662e136503b4\0014.png...
2023-07-10 18:47:34,251 - root - DEBUG - extracting E:\Codez\zepp-bip3-wf\bb64e6624023415f4e6b662e136503b4\0015.png...
2023-07-10 18:47:34,251 - root - DEBUG - extracting E:\Codez\zepp-bip3-wf\bb64e6624023415f4e6b662e136503b4\0016.png...
2023-07-10 18:47:34,251 - root - DEBUG - extracting E:\Codez\zepp-bip3-wf\bb64e6624023415f4e6b662e136503b4\0017.png...
2023-07-10 18:47:34,251 - root - DEBUG - extracting E:\Codez\zepp-bip3-wf\bb64e6624023415f4e6b662e136503b4\0018.png...
2023-07-10 18:47:34,251 - root - DEBUG - extracting E:\Codez\zepp-bip3-wf\bb64e6624023415f4e6b662e136503b4\0019.png...
2023-07-10 18:47:34,266 - root - DEBUG - extracting E:\Codez\zepp-bip3-wf\bb64e6624023415f4e6b662e136503b4\0020.png...
2023-07-10 18:47:34,266 - root - DEBUG - extracting E:\Codez\zepp-bip3-wf\bb64e6624023415f4e6b662e136503b4\0021.png...
2023-07-10 18:47:34,266 - root - DEBUG - extracting E:\Codez\zepp-bip3-wf\bb64e6624023415f4e6b662e136503b4\0022.png...
2023-07-10 18:47:34,266 - root - DEBUG - extracting E:\Codez\zepp-bip3-wf\bb64e6624023415f4e6b662e136503b4\0023.png...
2023-07-10 18:47:34,266 - root - DEBUG - extracting E:\Codez\zepp-bip3-wf\bb64e6624023415f4e6b662e136503b4\0024.png...
2023-07-10 18:47:34,266 - root - DEBUG - extracting E:\Codez\zepp-bip3-wf\bb64e6624023415f4e6b662e136503b4\0025.png...
2023-07-10 18:47:34,266 - root - DEBUG - extracting E:\Codez\zepp-bip3-wf\bb64e6624023415f4e6b662e136503b4\0026.png...
2023-07-10 18:47:34,266 - root - DEBUG - extracting E:\Codez\zepp-bip3-wf\bb64e6624023415f4e6b662e136503b4\0027.png...
2023-07-10 18:47:34,266 - root - DEBUG - extracting E:\Codez\zepp-bip3-wf\bb64e6624023415f4e6b662e136503b4\0028.png...
2023-07-10 18:47:34,266 - root - DEBUG - extracting E:\Codez\zepp-bip3-wf\bb64e6624023415f4e6b662e136503b4\0029.png...
2023-07-10 18:47:34,282 - root - DEBUG - extracting E:\Codez\zepp-bip3-wf\bb64e6624023415f4e6b662e136503b4\0030.png...
2023-07-10 18:47:34,282 - root - DEBUG - extracting E:\Codez\zepp-bip3-wf\bb64e6624023415f4e6b662e136503b4\0031.png...
2023-07-10 18:47:34,282 - root - DEBUG - extracting E:\Codez\zepp-bip3-wf\bb64e6624023415f4e6b662e136503b4\0032.png...
2023-07-10 18:47:34,282 - root - DEBUG - extracting E:\Codez\zepp-bip3-wf\bb64e6624023415f4e6b662e136503b4\0033.png...
2023-07-10 18:47:34,282 - root - DEBUG - extracting E:\Codez\zepp-bip3-wf\bb64e6624023415f4e6b662e136503b4\0034.png...
2023-07-10 18:47:34,282 - root - DEBUG - extracting E:\Codez\zepp-bip3-wf\bb64e6624023415f4e6b662e136503b4\0035.png...
2023-07-10 18:47:34,282 - root - DEBUG - extracting E:\Codez\zepp-bip3-wf\bb64e6624023415f4e6b662e136503b4\0036.png...
2023-07-10 18:47:34,282 - root - DEBUG - extracting E:\Codez\zepp-bip3-wf\bb64e6624023415f4e6b662e136503b4\0037.png...
2023-07-10 18:47:34,282 - root - DEBUG - extracting E:\Codez\zepp-bip3-wf\bb64e6624023415f4e6b662e136503b4\0038.png...
2023-07-10 18:47:34,282 - root - DEBUG - extracting E:\Codez\zepp-bip3-wf\bb64e6624023415f4e6b662e136503b4\0039.png...
2023-07-10 18:47:34,282 - root - DEBUG - extracting E:\Codez\zepp-bip3-wf\bb64e6624023415f4e6b662e136503b4\0040.png...
2023-07-10 18:47:34,298 - root - DEBUG - extracting E:\Codez\zepp-bip3-wf\bb64e6624023415f4e6b662e136503b4\0041.png...
2023-07-10 18:47:34,298 - root - DEBUG - extracting E:\Codez\zepp-bip3-wf\bb64e6624023415f4e6b662e136503b4\0042.png...
2023-07-10 18:47:34,298 - root - DEBUG - extracting E:\Codez\zepp-bip3-wf\bb64e6624023415f4e6b662e136503b4\0043.png...
2023-07-10 18:47:34,298 - root - DEBUG - extracting E:\Codez\zepp-bip3-wf\bb64e6624023415f4e6b662e136503b4\0044.png...
2023-07-10 18:47:34,298 - root - DEBUG - extracting E:\Codez\zepp-bip3-wf\bb64e6624023415f4e6b662e136503b4\0045.png...
2023-07-10 18:47:34,298 - root - DEBUG - extracting E:\Codez\zepp-bip3-wf\bb64e6624023415f4e6b662e136503b4\0046.png...
2023-07-10 18:47:34,298 - root - DEBUG - extracting E:\Codez\zepp-bip3-wf\bb64e6624023415f4e6b662e136503b4\0047.png...
2023-07-10 18:47:34,298 - root - DEBUG - extracting E:\Codez\zepp-bip3-wf\bb64e6624023415f4e6b662e136503b4\0048.png...
2023-07-10 18:47:34,298 - root - DEBUG - extracting E:\Codez\zepp-bip3-wf\bb64e6624023415f4e6b662e136503b4\0049.png...
2023-07-10 18:47:34,313 - root - DEBUG - extracting E:\Codez\zepp-bip3-wf\bb64e6624023415f4e6b662e136503b4\0050.png...
2023-07-10 18:47:34,313 - root - DEBUG - extracting E:\Codez\zepp-bip3-wf\bb64e6624023415f4e6b662e136503b4\0051.png...
2023-07-10 18:47:34,313 - root - DEBUG - extracting E:\Codez\zepp-bip3-wf\bb64e6624023415f4e6b662e136503b4\0052.png...
2023-07-10 18:47:34,313 - root - DEBUG - extracting E:\Codez\zepp-bip3-wf\bb64e6624023415f4e6b662e136503b4\0053.png...
2023-07-10 18:47:34,313 - root - DEBUG - extracting E:\Codez\zepp-bip3-wf\bb64e6624023415f4e6b662e136503b4\0054.png...
2023-07-10 18:47:34,313 - root - DEBUG - extracting E:\Codez\zepp-bip3-wf\bb64e6624023415f4e6b662e136503b4\0055.png...
2023-07-10 18:47:34,313 - root - DEBUG - extracting E:\Codez\zepp-bip3-wf\bb64e6624023415f4e6b662e136503b4\0056.png...
2023-07-10 18:47:34,313 - root - DEBUG - extracting E:\Codez\zepp-bip3-wf\bb64e6624023415f4e6b662e136503b4\0057.png...
2023-07-10 18:47:34,329 - root - DEBUG - extracting E:\Codez\zepp-bip3-wf\bb64e6624023415f4e6b662e136503b4\0058.png...
2023-07-10 18:47:34,329 - root - DEBUG - extracting E:\Codez\zepp-bip3-wf\bb64e6624023415f4e6b662e136503b4\0059.png...
2023-07-10 18:47:34,329 - root - DEBUG - extracting E:\Codez\zepp-bip3-wf\bb64e6624023415f4e6b662e136503b4\0060.png...
2023-07-10 18:47:34,329 - root - DEBUG - extracting E:\Codez\zepp-bip3-wf\bb64e6624023415f4e6b662e136503b4\0061.png...
2023-07-10 18:47:34,329 - root - DEBUG - extracting E:\Codez\zepp-bip3-wf\bb64e6624023415f4e6b662e136503b4\0062.png...
2023-07-10 18:47:34,329 - root - DEBUG - extracting E:\Codez\zepp-bip3-wf\bb64e6624023415f4e6b662e136503b4\0063.png...
2023-07-10 18:47:34,329 - root - DEBUG - extracting E:\Codez\zepp-bip3-wf\bb64e6624023415f4e6b662e136503b4\0064.png...
2023-07-10 18:47:34,329 - root - DEBUG - extracting E:\Codez\zepp-bip3-wf\bb64e6624023415f4e6b662e136503b4\0065.png...
2023-07-10 18:47:34,344 - root - DEBUG - extracting E:\Codez\zepp-bip3-wf\bb64e6624023415f4e6b662e136503b4\0066.png...
2023-07-10 18:47:34,344 - root - DEBUG - extracting E:\Codez\zepp-bip3-wf\bb64e6624023415f4e6b662e136503b4\0067.png...
2023-07-10 18:47:34,344 - root - DEBUG - extracting E:\Codez\zepp-bip3-wf\bb64e6624023415f4e6b662e136503b4\0068.png...
2023-07-10 18:47:34,344 - root - DEBUG - extracting E:\Codez\zepp-bip3-wf\bb64e6624023415f4e6b662e136503b4\0069.png...
2023-07-10 18:47:34,344 - root - DEBUG - extracting E:\Codez\zepp-bip3-wf\bb64e6624023415f4e6b662e136503b4\0070.png...
2023-07-10 18:47:34,360 - root - DEBUG - extracting E:\Codez\zepp-bip3-wf\bb64e6624023415f4e6b662e136503b4\0071.png...
2023-07-10 18:47:34,360 - root - DEBUG - extracting E:\Codez\zepp-bip3-wf\bb64e6624023415f4e6b662e136503b4\0072.png...
2023-07-10 18:47:34,360 - root - DEBUG - extracting E:\Codez\zepp-bip3-wf\bb64e6624023415f4e6b662e136503b4\0073.png...
2023-07-10 18:47:34,360 - root - DEBUG - extracting E:\Codez\zepp-bip3-wf\bb64e6624023415f4e6b662e136503b4\0074.png...
2023-07-10 18:47:34,360 - root - DEBUG - extracting E:\Codez\zepp-bip3-wf\bb64e6624023415f4e6b662e136503b4\0075.png...
2023-07-10 18:47:34,360 - root - DEBUG - extracting E:\Codez\zepp-bip3-wf\bb64e6624023415f4e6b662e136503b4\0076.png...
2023-07-10 18:47:34,360 - root - DEBUG - extracting E:\Codez\zepp-bip3-wf\bb64e6624023415f4e6b662e136503b4\0077.png...
2023-07-10 18:47:34,376 - root - DEBUG - extracting E:\Codez\zepp-bip3-wf\bb64e6624023415f4e6b662e136503b4\0078.png...
2023-07-10 18:47:34,376 - root - DEBUG - extracting E:\Codez\zepp-bip3-wf\bb64e6624023415f4e6b662e136503b4\0079.png...
2023-07-10 18:47:34,376 - root - DEBUG - extracting E:\Codez\zepp-bip3-wf\bb64e6624023415f4e6b662e136503b4\0080.png...
2023-07-10 18:47:34,376 - root - DEBUG - extracting E:\Codez\zepp-bip3-wf\bb64e6624023415f4e6b662e136503b4\0081.png...
2023-07-10 18:47:34,376 - root - DEBUG - extracting E:\Codez\zepp-bip3-wf\bb64e6624023415f4e6b662e136503b4\0082.png...
2023-07-10 18:47:34,376 - root - DEBUG - extracting E:\Codez\zepp-bip3-wf\bb64e6624023415f4e6b662e136503b4\0083.png...
2023-07-10 18:47:34,391 - root - DEBUG - extracting E:\Codez\zepp-bip3-wf\bb64e6624023415f4e6b662e136503b4\0084.png...
2023-07-10 18:47:34,391 - root - DEBUG - Exporting config...
