2023-07-09 17:48:12,517 - root - DEBUG - Opening watch face 'E:\Codez\zepp-bip3-wf\446d185da44959125a0d854b7bfc4696.bin'
2023-07-09 17:48:12,517 - root - DEBUG - Reading parameters...
2023-07-09 17:48:12,517 - root - INFO - Reading header...
2023-07-09 17:48:12,533 - root - INFO - Header was read:
2023-07-09 17:48:12,533 - root - INFO - Signature: b'UIHH\x01\x00\xff', Unknown: 76, ParametersSize: 68, isValid: True, deviceId: 71
2023-07-09 17:48:12,533 - root - INFO - Reading parameter offsets...
2023-07-09 17:48:12,533 - root - INFO - Parameter offsets were read from file
2023-07-09 17:48:12,533 - root - INFO - Reading parameters descriptor...
2023-07-09 17:48:12,533 - root - INFO - 1 ( A): 5 bytes
2023-07-09 17:48:12,533 - root - INFO -     1 ( 8): 342 156
2023-07-09 17:48:12,533 - root - INFO -     2 (10): 91 5B
2023-07-09 17:48:12,533 - root - INFO - getParameters descriptor was read:
2023-07-09 17:48:12,533 - root - INFO - ParametersTableLength: 342, ImagesCount: 91
2023-07-09 17:48:12,533 - root - INFO - Reading parameters locations...
2023-07-09 17:48:12,533 - root - INFO - 2 (12): 4 bytes
2023-07-09 17:48:12,533 - root - INFO -     1 ( 8): 0  0
2023-07-09 17:48:12,533 - root - INFO -     2 (10): 16 10
2023-07-09 17:48:12,533 - root - INFO - 3 (1A): 4 bytes
2023-07-09 17:48:12,533 - root - INFO -     1 ( 8): 16 10
2023-07-09 17:48:12,533 - root - INFO -     2 (10): 60 3C
2023-07-09 17:48:12,533 - root - INFO - 4 (22): 5 bytes
2023-07-09 17:48:12,533 - root - INFO -     1 ( 8): 137 89
2023-07-09 17:48:12,533 - root - INFO -     2 (10): 76 4C
2023-07-09 17:48:12,533 - root - INFO - 5 (2A): 4 bytes
2023-07-09 17:48:12,533 - root - INFO -     1 ( 8): 76 4C
2023-07-09 17:48:12,533 - root - INFO -     2 (10): 61 3D
2023-07-09 17:48:12,533 - root - INFO - 6 (32): 5 bytes
2023-07-09 17:48:12,533 - root - INFO -     1 ( 8): 213 D5
2023-07-09 17:48:12,533 - root - INFO -     2 (10): 45 2D
2023-07-09 17:48:12,533 - root - INFO - 7 (3A): 5 bytes
2023-07-09 17:48:12,533 - root - INFO -     1 ( 8): 258 102
2023-07-09 17:48:12,533 - root - INFO -     2 (10): 11  B
2023-07-09 17:48:12,533 - root - INFO - 8 (42): 5 bytes
2023-07-09 17:48:12,533 - root - INFO -     1 ( 8): 269 10D
2023-07-09 17:48:12,533 - root - INFO -     2 (10): 49 31
2023-07-09 17:48:12,533 - root - INFO - 15 (7A): 5 bytes
2023-07-09 17:48:12,533 - root - INFO -     1 ( 8): 318 13E
2023-07-09 17:48:12,533 - root - INFO -     2 (10): 12  C
2023-07-09 17:48:12,533 - root - INFO - 24 (C2): 5 bytes
2023-07-09 17:48:12,533 - root - INFO -     1 ( 8): 330 14A
2023-07-09 17:48:12,533 - root - INFO -     2 (10): 12  C
2023-07-09 17:48:12,533 - root - INFO - Watch face parameters locations were read:
2023-07-09 17:48:12,533 - root - INFO - Reading descriptor for parameter 2
2023-07-09 17:48:12,533 - root - INFO - Descriptor offset: 0, Descriptor length: 16
2023-07-09 17:48:12,533 - root - INFO - Parsing descriptor for parameter 2...
2023-07-09 17:48:12,533 - root - INFO - 1 ( A): 6 bytes
2023-07-09 17:48:12,533 - root - INFO -     1 ( 8): 0  0
2023-07-09 17:48:12,533 - root - INFO -     2 (10): 0  0
2023-07-09 17:48:12,533 - root - INFO -     3 (18): 1  1
2023-07-09 17:48:12,533 - root - INFO - 3 (1A): 6 bytes
2023-07-09 17:48:12,533 - root - INFO -     1 ( 8): 0  0
2023-07-09 17:48:12,533 - root - INFO -     2 (10): 0  0
2023-07-09 17:48:12,533 - root - INFO -     3 (18): 0  0
2023-07-09 17:48:12,533 - root - INFO - Reading descriptor for parameter 3
2023-07-09 17:48:12,533 - root - INFO - Descriptor offset: 16, Descriptor length: 60
2023-07-09 17:48:12,533 - root - INFO - Parsing descriptor for parameter 3...
2023-07-09 17:48:12,533 - root - INFO - 1 ( A): 58 bytes
2023-07-09 17:48:12,533 - root - INFO -     1 ( A): 20 bytes
2023-07-09 17:48:12,533 - root - INFO -         1 ( A): 8 bytes
2023-07-09 17:48:12,533 - root - INFO -             1 ( 8): 12  C
2023-07-09 17:48:12,533 - root - INFO -             2 (10): 44 2C
2023-07-09 17:48:12,533 - root - INFO -             3 (18): 2  2
2023-07-09 17:48:12,533 - root - INFO -             4 (20): 10  A
2023-07-09 17:48:12,533 - root - INFO -         2 (12): 8 bytes
2023-07-09 17:48:12,533 - root - INFO -             1 ( 8): 58 3A
2023-07-09 17:48:12,533 - root - INFO -             2 (10): 44 2C
2023-07-09 17:48:12,533 - root - INFO -             3 (18): 2  2
2023-07-09 17:48:12,533 - root - INFO -             4 (20): 10  A
2023-07-09 17:48:12,533 - root - INFO -     2 (12): 22 bytes
2023-07-09 17:48:12,533 - root - INFO -         1 ( A): 9 bytes
2023-07-09 17:48:12,533 - root - INFO -             1 ( 8): 136 88
2023-07-09 17:48:12,533 - root - INFO -             2 (10): 44 2C
2023-07-09 17:48:12,533 - root - INFO -             3 (18): 2  2
2023-07-09 17:48:12,533 - root - INFO -             4 (20): 10  A
2023-07-09 17:48:12,533 - root - INFO -         2 (12): 9 bytes
2023-07-09 17:48:12,533 - root - INFO -             1 ( 8): 182 B6
2023-07-09 17:48:12,533 - root - INFO -             2 (10): 44 2C
2023-07-09 17:48:12,533 - root - INFO -             3 (18): 2  2
2023-07-09 17:48:12,533 - root - INFO -             4 (20): 10  A
2023-07-09 17:48:12,533 - root - INFO -     5 (2A): 6 bytes
2023-07-09 17:48:12,533 - root - INFO -         1 ( 8): 104 68
2023-07-09 17:48:12,533 - root - INFO -         2 (10): 44 2C
2023-07-09 17:48:12,533 - root - INFO -         3 (18): 12  C
2023-07-09 17:48:12,533 - root - INFO -     7 (38): 0  0
2023-07-09 17:48:12,533 - root - INFO -     8 (40): 1  1
2023-07-09 17:48:12,533 - root - INFO - Reading descriptor for parameter 4
2023-07-09 17:48:12,533 - root - INFO - Descriptor offset: 137, Descriptor length: 76
2023-07-09 17:48:12,533 - root - INFO - Parsing descriptor for parameter 4...
2023-07-09 17:48:12,533 - root - INFO - 1 ( A): 22 bytes
2023-07-09 17:48:12,533 - root - INFO -     1 ( A): 20 bytes
2023-07-09 17:48:12,533 - root - INFO -         1 ( 8): 87 57
2023-07-09 17:48:12,533 - root - INFO -         2 (10): 124 7C
2023-07-09 17:48:12,533 - root - INFO -         3 (18): 147 93
2023-07-09 17:48:12,533 - root - INFO -         4 (20): 140 8C
2023-07-09 17:48:12,533 - root - INFO -         5 (28): 66 42
2023-07-09 17:48:12,533 - root - INFO -         6 (30): 0  0
2023-07-09 17:48:12,533 - root - INFO -         7 (38): 0  0
2023-07-09 17:48:12,533 - root - INFO -         8 (40): 13  D
2023-07-09 17:48:12,533 - root - INFO -         9 (48): 10  A
2023-07-09 17:48:12,533 - root - INFO - 3 (1A): 23 bytes
2023-07-09 17:48:12,548 - root - INFO -     1 ( A): 21 bytes
2023-07-09 17:48:12,548 - root - INFO -         1 ( 8): 87 57
2023-07-09 17:48:12,548 - root - INFO -         2 (10): 193 C1
2023-07-09 17:48:12,548 - root - INFO -         3 (18): 135 87
2023-07-09 17:48:12,548 - root - INFO -         4 (20): 209 D1
2023-07-09 17:48:12,548 - root - INFO -         5 (28): 66 42
2023-07-09 17:48:12,548 - root - INFO -         6 (30): 0  0
2023-07-09 17:48:12,548 - root - INFO -         7 (38): 0  0
2023-07-09 17:48:12,548 - root - INFO -         8 (40): 13  D
2023-07-09 17:48:12,548 - root - INFO -         9 (48): 10  A
2023-07-09 17:48:12,548 - root - INFO - 7 (38): 0  0
2023-07-09 17:48:12,548 - root - INFO - 8 (42): 23 bytes
2023-07-09 17:48:12,548 - root - INFO -     1 ( A): 21 bytes
2023-07-09 17:48:12,548 - root - INFO -         1 ( 8): 87 57
2023-07-09 17:48:12,548 - root - INFO -         2 (10): 159 9F
2023-07-09 17:48:12,548 - root - INFO -         3 (18): 147 93
2023-07-09 17:48:12,548 - root - INFO -         4 (20): 175 AF
2023-07-09 17:48:12,548 - root - INFO -         5 (28): 66 42
2023-07-09 17:48:12,548 - root - INFO -         6 (30): 0  0
2023-07-09 17:48:12,548 - root - INFO -         7 (38): 0  0
2023-07-09 17:48:12,548 - root - INFO -         8 (40): 13  D
2023-07-09 17:48:12,548 - root - INFO -         9 (48): 10  A
2023-07-09 17:48:12,548 - root - INFO - Reading descriptor for parameter 5
2023-07-09 17:48:12,548 - root - INFO - Descriptor offset: 76, Descriptor length: 61
2023-07-09 17:48:12,548 - root - INFO - Parsing descriptor for parameter 5...
2023-07-09 17:48:12,548 - root - INFO - 1 ( A): 36 bytes
2023-07-09 17:48:12,548 - root - INFO -     9 (4A): 28 bytes
2023-07-09 17:48:12,548 - root - INFO -         3 (1A): 22 bytes
2023-07-09 17:48:12,548 - root - INFO -             1 ( 8): 191 BF
2023-07-09 17:48:12,548 - root - INFO -             2 (10): 240 F0
2023-07-09 17:48:12,548 - root - INFO -             3 (18): 219 DB
2023-07-09 17:48:12,548 - root - INFO -             4 (20): 256 100
2023-07-09 17:48:12,548 - root - INFO -             5 (28): 18 12
2023-07-09 17:48:12,548 - root - INFO -             6 (30): 0  0
2023-07-09 17:48:12,548 - root - INFO -             7 (38): 0  0
2023-07-09 17:48:12,548 - root - INFO -             8 (40): 13  D
2023-07-09 17:48:12,548 - root - INFO -             9 (48): 10  A
2023-07-09 17:48:12,548 - root - INFO -         4 (20): 0  0
2023-07-09 17:48:12,548 - root - INFO -         5 (28): 0  0
2023-07-09 17:48:12,548 - root - INFO -     4 (20): 1  1
2023-07-09 17:48:12,548 - root - INFO -     5 (28): 1  1
2023-07-09 17:48:12,548 - root - INFO -     6 (30): 0  0
2023-07-09 17:48:12,548 - root - INFO - 2 (12): 9 bytes
2023-07-09 17:48:12,548 - root - INFO -     1 ( 8): 163 A3
2023-07-09 17:48:12,548 - root - INFO -     2 (10): 7  7
2023-07-09 17:48:12,548 - root - INFO -     5 (28): 30 1E
2023-07-09 17:48:12,548 - root - INFO -     6 (30): 31 1F
2023-07-09 17:48:12,548 - root - INFO - 4 (22): 10 bytes
2023-07-09 17:48:12,548 - root - INFO -     1 ( 8): 141 8D
2023-07-09 17:48:12,548 - root - INFO -     2 (10): 240 F0
2023-07-09 17:48:12,548 - root - INFO -     3 (18): 23 17
2023-07-09 17:48:12,548 - root - INFO -     4 (20): 7  7
2023-07-09 17:48:12,548 - root - INFO - Reading descriptor for parameter 6
2023-07-09 17:48:12,548 - root - INFO - Descriptor offset: 213, Descriptor length: 45
2023-07-09 17:48:12,548 - root - INFO - Parsing descriptor for parameter 6...
2023-07-09 17:48:12,548 - root - INFO - 1 ( A): 11 bytes
2023-07-09 17:48:12,548 - root - INFO -     2 (12): 9 bytes
2023-07-09 17:48:12,548 - root - INFO -         1 ( 8): 39 27
2023-07-09 17:48:12,548 - root - INFO -         2 (10): 234 EA
2023-07-09 17:48:12,548 - root - INFO -         3 (18): 32 20
2023-07-09 17:48:12,548 - root - INFO -         4 (20): 26 1A
2023-07-09 17:48:12,548 - root - INFO - 2 (12): 30 bytes
2023-07-09 17:48:12,548 - root - INFO -     1 ( A): 28 bytes
2023-07-09 17:48:12,548 - root - INFO -         1 ( A): 20 bytes
2023-07-09 17:48:12,548 - root - INFO -             1 ( 8): 69 45
2023-07-09 17:48:12,548 - root - INFO -             2 (10): 240 F0
2023-07-09 17:48:12,548 - root - INFO -             3 (18): 113 71
2023-07-09 17:48:12,548 - root - INFO -             4 (20): 256 100
2023-07-09 17:48:12,548 - root - INFO -             5 (28): 66 42
2023-07-09 17:48:12,548 - root - INFO -             6 (30): 0  0
2023-07-09 17:48:12,548 - root - INFO -             7 (38): 0  0
2023-07-09 17:48:12,548 - root - INFO -             8 (40): 58 3A
2023-07-09 17:48:12,548 - root - INFO -             9 (48): 10  A
2023-07-09 17:48:12,548 - root - INFO -         2 (10): 68 44
2023-07-09 17:48:12,548 - root - INFO -         3 (18): 69 45
2023-07-09 17:48:12,548 - root - INFO -         5 (28): 70 46
2023-07-09 17:48:12,548 - root - INFO - Reading descriptor for parameter 7
2023-07-09 17:48:12,548 - root - INFO - Descriptor offset: 258, Descriptor length: 11
2023-07-09 17:48:12,548 - root - INFO - Parsing descriptor for parameter 7...
2023-07-09 17:48:12,548 - root - INFO - 2 (12): 9 bytes
2023-07-09 17:48:12,548 - root - INFO -     1 ( 8): 144 90
2023-07-09 17:48:12,548 - root - INFO -     2 (10): 125 7D
2023-07-09 17:48:12,548 - root - INFO -     3 (18): 71 47
2023-07-09 17:48:12,548 - root - INFO -     4 (20): 12  C
2023-07-09 17:48:12,548 - root - INFO - Reading descriptor for parameter 8
2023-07-09 17:48:12,548 - root - INFO - Descriptor offset: 269, Descriptor length: 49
2023-07-09 17:48:12,548 - root - INFO - Parsing descriptor for parameter 8...
2023-07-09 17:48:12,548 - root - INFO - 1 ( A): 11 bytes
2023-07-09 17:48:12,548 - root - INFO -     1 ( A): 5 bytes
2023-07-09 17:48:12,548 - root - INFO -         1 ( 8): 129 81
2023-07-09 17:48:12,548 - root - INFO -         2 (10): 7  7
2023-07-09 17:48:12,548 - root - INFO -     2 (10): 85 55
2023-07-09 17:48:12,548 - root - INFO -     3 (18): 86 56
2023-07-09 17:48:12,548 - root - INFO - 2 (12): 10 bytes
2023-07-09 17:48:12,548 - root - INFO -     1 ( A): 4 bytes
2023-07-09 17:48:12,548 - root - INFO -         1 ( 8): 27 1B
2023-07-09 17:48:12,548 - root - INFO -         2 (10): 7  7
2023-07-09 17:48:12,548 - root - INFO -     2 (10): 87 57
2023-07-09 17:48:12,564 - root - INFO -     3 (18): 88 58
2023-07-09 17:48:12,564 - root - INFO - 3 (1A): 10 bytes
2023-07-09 17:48:12,564 - root - INFO -     1 ( A): 4 bytes
2023-07-09 17:48:12,564 - root - INFO -         1 ( 8): 61 3D
2023-07-09 17:48:12,564 - root - INFO -         2 (10): 7  7
2023-07-09 17:48:12,564 - root - INFO -     2 (10): 83 53
2023-07-09 17:48:12,564 - root - INFO -     3 (18): 84 54
2023-07-09 17:48:12,564 - root - INFO - 4 (22): 10 bytes
2023-07-09 17:48:12,564 - root - INFO -     1 ( A): 4 bytes
2023-07-09 17:48:12,564 - root - INFO -         1 ( 8): 95 5F
2023-07-09 17:48:12,564 - root - INFO -         2 (10): 7  7
2023-07-09 17:48:12,564 - root - INFO -     2 (10): 89 59
2023-07-09 17:48:12,564 - root - INFO -     3 (18): 90 5A
2023-07-09 17:48:12,564 - root - INFO - Reading descriptor for parameter 15
2023-07-09 17:48:12,564 - root - INFO - Descriptor offset: 318, Descriptor length: 12
2023-07-09 17:48:12,564 - root - INFO - Parsing descriptor for parameter 15...
2023-07-09 17:48:12,564 - root - INFO - 2 (12): 10 bytes
2023-07-09 17:48:12,564 - root - INFO -     1 ( 8): 141 8D
2023-07-09 17:48:12,564 - root - INFO -     2 (10): 193 C1
2023-07-09 17:48:12,564 - root - INFO -     3 (18): 71 47
2023-07-09 17:48:12,564 - root - INFO -     4 (20): 12  C
2023-07-09 17:48:12,564 - root - INFO - Reading descriptor for parameter 24
2023-07-09 17:48:12,564 - root - INFO - Descriptor offset: 330, Descriptor length: 12
2023-07-09 17:48:12,564 - root - INFO - Parsing descriptor for parameter 24...
2023-07-09 17:48:12,564 - root - INFO - 2 (12): 10 bytes
2023-07-09 17:48:12,564 - root - INFO -     1 ( 8): 144 90
2023-07-09 17:48:12,564 - root - INFO -     2 (10): 159 9F
2023-07-09 17:48:12,564 - root - INFO -     3 (18): 71 47
2023-07-09 17:48:12,564 - root - INFO -     4 (20): 12  C
2023-07-09 17:48:12,564 - root - INFO - Reading resources offsets table with 91 elements (364 bytes)
2023-07-09 17:48:12,564 - root - INFO - Resource 0 offset: 861, length: 51224...
2023-07-09 17:48:12,564 - root - DEBUG - Reading resource 0...
2023-07-09 17:48:12,635 - root - INFO - The image is bmc.
2023-07-09 17:48:12,635 - root - INFO - Reading image header(readHeader16C)...
2023-07-09 17:48:12,636 - root - INFO - Image header was read:
2023-07-09 17:48:12,636 - root - INFO - Width: 148, Height: 173, RowLength: 296
2023-07-09 17:48:12,636 - root - INFO - _step: 2, unknown2: 0,
2023-07-09 17:48:12,636 - root - INFO - BPP: 16, Transparency: False
2023-07-09 17:48:12,776 - root - INFO - Resource 1 offset: 52085, length: 134416...
2023-07-09 17:48:12,776 - root - DEBUG - Reading resource 1...
2023-07-09 17:48:12,776 - root - INFO - The image is bmc.
2023-07-09 17:48:12,776 - root - INFO - Reading image header(readHeader16C)...
2023-07-09 17:48:12,776 - root - INFO - Image header was read:
2023-07-09 17:48:12,776 - root - INFO - Width: 240, Height: 280, RowLength: 480
2023-07-09 17:48:12,776 - root - INFO - _step: 2, unknown2: 0,
2023-07-09 17:48:12,776 - root - INFO - BPP: 16, Transparency: False
2023-07-09 17:48:13,182 - root - INFO - Resource 2 offset: 186501, length: 3172...
2023-07-09 17:48:13,182 - root - DEBUG - Reading resource 2...
2023-07-09 17:48:13,182 - root - INFO - The image is bme.
2023-07-09 17:48:13,182 - root - INFO - Reading image header(readHeader16E)...
2023-07-09 17:48:13,182 - root - INFO - Image header was read:
2023-07-09 17:48:13,182 - root - INFO - Width: 46, Height: 60, RowLength: 92
2023-07-09 17:48:13,182 - root - INFO - datalength: 3156, _step: 2
2023-07-09 17:48:13,182 - root - INFO - BPP: 16, Transparency: False
2023-07-09 17:48:13,198 - root - INFO - Resource 3 offset: 189673, length: 1768...
2023-07-09 17:48:13,198 - root - DEBUG - Reading resource 3...
2023-07-09 17:48:13,198 - root - INFO - The image is bme.
2023-07-09 17:48:13,198 - root - INFO - Reading image header(readHeader16E)...
2023-07-09 17:48:13,198 - root - INFO - Image header was read:
2023-07-09 17:48:13,198 - root - INFO - Width: 46, Height: 60, RowLength: 92
2023-07-09 17:48:13,198 - root - INFO - datalength: 1752, _step: 2
2023-07-09 17:48:13,198 - root - INFO - BPP: 16, Transparency: False
2023-07-09 17:48:13,198 - root - INFO - Resource 4 offset: 191441, length: 2658...
2023-07-09 17:48:13,198 - root - DEBUG - Reading resource 4...
2023-07-09 17:48:13,198 - root - INFO - The image is bme.
2023-07-09 17:48:13,198 - root - INFO - Reading image header(readHeader16E)...
2023-07-09 17:48:13,198 - root - INFO - Image header was read:
2023-07-09 17:48:13,198 - root - INFO - Width: 46, Height: 60, RowLength: 92
2023-07-09 17:48:13,198 - root - INFO - datalength: 2642, _step: 2
2023-07-09 17:48:13,198 - root - INFO - BPP: 16, Transparency: False
2023-07-09 17:48:13,213 - root - INFO - Resource 5 offset: 194099, length: 2772...
2023-07-09 17:48:13,213 - root - DEBUG - Reading resource 5...
2023-07-09 17:48:13,213 - root - INFO - The image is bme.
2023-07-09 17:48:13,213 - root - INFO - Reading image header(readHeader16E)...
2023-07-09 17:48:13,213 - root - INFO - Image header was read:
2023-07-09 17:48:13,213 - root - INFO - Width: 46, Height: 60, RowLength: 92
2023-07-09 17:48:13,213 - root - INFO - datalength: 2756, _step: 2
2023-07-09 17:48:13,213 - root - INFO - BPP: 16, Transparency: False
2023-07-09 17:48:13,213 - root - INFO - Resource 6 offset: 196871, length: 2848...
2023-07-09 17:48:13,213 - root - DEBUG - Reading resource 6...
2023-07-09 17:48:13,213 - root - INFO - The image is bme.
2023-07-09 17:48:13,213 - root - INFO - Reading image header(readHeader16E)...
2023-07-09 17:48:13,213 - root - INFO - Image header was read:
2023-07-09 17:48:13,213 - root - INFO - Width: 46, Height: 60, RowLength: 92
2023-07-09 17:48:13,213 - root - INFO - datalength: 2832, _step: 2
2023-07-09 17:48:13,213 - root - INFO - BPP: 16, Transparency: False
2023-07-09 17:48:13,229 - root - INFO - Resource 7 offset: 199719, length: 2918...
2023-07-09 17:48:13,229 - root - DEBUG - Reading resource 7...
2023-07-09 17:48:13,229 - root - INFO - The image is bme.
2023-07-09 17:48:13,229 - root - INFO - Reading image header(readHeader16E)...
2023-07-09 17:48:13,229 - root - INFO - Image header was read:
2023-07-09 17:48:13,229 - root - INFO - Width: 46, Height: 60, RowLength: 92
2023-07-09 17:48:13,229 - root - INFO - datalength: 2902, _step: 2
2023-07-09 17:48:13,229 - root - INFO - BPP: 16, Transparency: False
2023-07-09 17:48:13,244 - root - INFO - Resource 8 offset: 202637, length: 2982...
2023-07-09 17:48:13,244 - root - DEBUG - Reading resource 8...
2023-07-09 17:48:13,244 - root - INFO - The image is bme.
2023-07-09 17:48:13,244 - root - INFO - Reading image header(readHeader16E)...
2023-07-09 17:48:13,244 - root - INFO - Image header was read:
2023-07-09 17:48:13,244 - root - INFO - Width: 46, Height: 60, RowLength: 92
2023-07-09 17:48:13,244 - root - INFO - datalength: 2966, _step: 2
2023-07-09 17:48:13,244 - root - INFO - BPP: 16, Transparency: False
2023-07-09 17:48:13,244 - root - INFO - Resource 9 offset: 205619, length: 2048...
2023-07-09 17:48:13,244 - root - DEBUG - Reading resource 9...
2023-07-09 17:48:13,244 - root - INFO - The image is bme.
2023-07-09 17:48:13,244 - root - INFO - Reading image header(readHeader16E)...
2023-07-09 17:48:13,244 - root - INFO - Image header was read:
2023-07-09 17:48:13,244 - root - INFO - Width: 46, Height: 60, RowLength: 92
2023-07-09 17:48:13,244 - root - INFO - datalength: 2032, _step: 2
2023-07-09 17:48:13,244 - root - INFO - BPP: 16, Transparency: False
2023-07-09 17:48:13,260 - root - INFO - Resource 10 offset: 207667, length: 3278...
2023-07-09 17:48:13,260 - root - DEBUG - Reading resource 10...
2023-07-09 17:48:13,260 - root - INFO - The image is bme.
2023-07-09 17:48:13,260 - root - INFO - Reading image header(readHeader16E)...
2023-07-09 17:48:13,260 - root - INFO - Image header was read:
2023-07-09 17:48:13,260 - root - INFO - Width: 46, Height: 60, RowLength: 92
2023-07-09 17:48:13,260 - root - INFO - datalength: 3262, _step: 2
2023-07-09 17:48:13,260 - root - INFO - BPP: 16, Transparency: False
2023-07-09 17:48:13,260 - root - INFO - Resource 11 offset: 210945, length: 3048...
2023-07-09 17:48:13,260 - root - DEBUG - Reading resource 11...
2023-07-09 17:48:13,260 - root - INFO - The image is bme.
2023-07-09 17:48:13,260 - root - INFO - Reading image header(readHeader16E)...
2023-07-09 17:48:13,260 - root - INFO - Image header was read:
2023-07-09 17:48:13,260 - root - INFO - Width: 46, Height: 60, RowLength: 92
2023-07-09 17:48:13,260 - root - INFO - datalength: 3032, _step: 2
2023-07-09 17:48:13,260 - root - INFO - BPP: 16, Transparency: False
2023-07-09 17:48:13,276 - root - INFO - Resource 12 offset: 213993, length: 816...
2023-07-09 17:48:13,276 - root - DEBUG - Reading resource 12...
2023-07-09 17:48:13,276 - root - INFO - The image is bme.
2023-07-09 17:48:13,276 - root - INFO - Reading image header(readHeader16E)...
2023-07-09 17:48:13,276 - root - INFO - Image header was read:
2023-07-09 17:48:13,276 - root - INFO - Width: 32, Height: 60, RowLength: 64
2023-07-09 17:48:13,276 - root - INFO - datalength: 800, _step: 2
2023-07-09 17:48:13,276 - root - INFO - BPP: 16, Transparency: False
2023-07-09 17:48:13,276 - root - INFO - Resource 13 offset: 214809, length: 368...
2023-07-09 17:48:13,276 - root - DEBUG - Reading resource 13...
2023-07-09 17:48:13,276 - root - INFO - The image is bme.
2023-07-09 17:48:13,276 - root - INFO - Reading image header(readHeader16E)...
2023-07-09 17:48:13,276 - root - INFO - Image header was read:
2023-07-09 17:48:13,276 - root - INFO - Width: 12, Height: 16, RowLength: 24
2023-07-09 17:48:13,276 - root - INFO - datalength: 352, _step: 2
2023-07-09 17:48:13,276 - root - INFO - BPP: 16, Transparency: False
2023-07-09 17:48:13,276 - root - INFO - Resource 14 offset: 215177, length: 216...
2023-07-09 17:48:13,276 - root - DEBUG - Reading resource 14...
2023-07-09 17:48:13,276 - root - INFO - The image is bme.
2023-07-09 17:48:13,276 - root - INFO - Reading image header(readHeader16E)...
2023-07-09 17:48:13,276 - root - INFO - Image header was read:
2023-07-09 17:48:13,276 - root - INFO - Width: 12, Height: 16, RowLength: 24
2023-07-09 17:48:13,276 - root - INFO - datalength: 200, _step: 2
2023-07-09 17:48:13,276 - root - INFO - BPP: 16, Transparency: False
2023-07-09 17:48:13,276 - root - INFO - Resource 15 offset: 215393, length: 316...
2023-07-09 17:48:13,276 - root - DEBUG - Reading resource 15...
2023-07-09 17:48:13,276 - root - INFO - The image is bme.
2023-07-09 17:48:13,276 - root - INFO - Reading image header(readHeader16E)...
2023-07-09 17:48:13,276 - root - INFO - Image header was read:
2023-07-09 17:48:13,276 - root - INFO - Width: 12, Height: 16, RowLength: 24
2023-07-09 17:48:13,276 - root - INFO - datalength: 300, _step: 2
2023-07-09 17:48:13,276 - root - INFO - BPP: 16, Transparency: False
2023-07-09 17:48:13,291 - root - INFO - Resource 16 offset: 215709, length: 322...
2023-07-09 17:48:13,291 - root - DEBUG - Reading resource 16...
2023-07-09 17:48:13,291 - root - INFO - The image is bme.
2023-07-09 17:48:13,291 - root - INFO - Reading image header(readHeader16E)...
2023-07-09 17:48:13,291 - root - INFO - Image header was read:
2023-07-09 17:48:13,291 - root - INFO - Width: 12, Height: 16, RowLength: 24
2023-07-09 17:48:13,291 - root - INFO - datalength: 306, _step: 2
2023-07-09 17:48:13,291 - root - INFO - BPP: 16, Transparency: False
2023-07-09 17:48:13,291 - root - INFO - Resource 17 offset: 216031, length: 310...
2023-07-09 17:48:13,291 - root - DEBUG - Reading resource 17...
2023-07-09 17:48:13,291 - root - INFO - The image is bme.
2023-07-09 17:48:13,291 - root - INFO - Reading image header(readHeader16E)...
2023-07-09 17:48:13,291 - root - INFO - Image header was read:
2023-07-09 17:48:13,291 - root - INFO - Width: 12, Height: 16, RowLength: 24
2023-07-09 17:48:13,291 - root - INFO - datalength: 294, _step: 2
2023-07-09 17:48:13,291 - root - INFO - BPP: 16, Transparency: False
2023-07-09 17:48:13,291 - root - INFO - Resource 18 offset: 216341, length: 328...
2023-07-09 17:48:13,291 - root - DEBUG - Reading resource 18...
2023-07-09 17:48:13,291 - root - INFO - The image is bme.
2023-07-09 17:48:13,291 - root - INFO - Reading image header(readHeader16E)...
2023-07-09 17:48:13,291 - root - INFO - Image header was read:
2023-07-09 17:48:13,291 - root - INFO - Width: 12, Height: 16, RowLength: 24
2023-07-09 17:48:13,291 - root - INFO - datalength: 312, _step: 2
2023-07-09 17:48:13,291 - root - INFO - BPP: 16, Transparency: False
2023-07-09 17:48:13,291 - root - INFO - Resource 19 offset: 216669, length: 342...
2023-07-09 17:48:13,291 - root - DEBUG - Reading resource 19...
2023-07-09 17:48:13,291 - root - INFO - The image is bme.
2023-07-09 17:48:13,291 - root - INFO - Reading image header(readHeader16E)...
2023-07-09 17:48:13,291 - root - INFO - Image header was read:
2023-07-09 17:48:13,291 - root - INFO - Width: 12, Height: 16, RowLength: 24
2023-07-09 17:48:13,291 - root - INFO - datalength: 326, _step: 2
2023-07-09 17:48:13,291 - root - INFO - BPP: 16, Transparency: False
2023-07-09 17:48:13,291 - root - INFO - Resource 20 offset: 217011, length: 236...
2023-07-09 17:48:13,291 - root - DEBUG - Reading resource 20...
2023-07-09 17:48:13,291 - root - INFO - The image is bme.
2023-07-09 17:48:13,291 - root - INFO - Reading image header(readHeader16E)...
2023-07-09 17:48:13,291 - root - INFO - Image header was read:
2023-07-09 17:48:13,291 - root - INFO - Width: 12, Height: 16, RowLength: 24
2023-07-09 17:48:13,291 - root - INFO - datalength: 220, _step: 2
2023-07-09 17:48:13,291 - root - INFO - BPP: 16, Transparency: False
2023-07-09 17:48:13,291 - root - INFO - Resource 21 offset: 217247, length: 376...
2023-07-09 17:48:13,291 - root - DEBUG - Reading resource 21...
2023-07-09 17:48:13,291 - root - INFO - The image is bme.
2023-07-09 17:48:13,291 - root - INFO - Reading image header(readHeader16E)...
2023-07-09 17:48:13,291 - root - INFO - Image header was read:
2023-07-09 17:48:13,291 - root - INFO - Width: 12, Height: 16, RowLength: 24
2023-07-09 17:48:13,291 - root - INFO - datalength: 360, _step: 2
2023-07-09 17:48:13,291 - root - INFO - BPP: 16, Transparency: False
2023-07-09 17:48:13,291 - root - INFO - Resource 22 offset: 217623, length: 340...
2023-07-09 17:48:13,291 - root - DEBUG - Reading resource 22...
2023-07-09 17:48:13,291 - root - INFO - The image is bme.
2023-07-09 17:48:13,291 - root - INFO - Reading image header(readHeader16E)...
2023-07-09 17:48:13,291 - root - INFO - Image header was read:
2023-07-09 17:48:13,291 - root - INFO - Width: 12, Height: 16, RowLength: 24
2023-07-09 17:48:13,291 - root - INFO - datalength: 324, _step: 2
2023-07-09 17:48:13,291 - root - INFO - BPP: 16, Transparency: False
2023-07-09 17:48:13,291 - root - INFO - Resource 23 offset: 217963, length: 1514...
2023-07-09 17:48:13,291 - root - DEBUG - Reading resource 23...
2023-07-09 17:48:13,291 - root - INFO - The image is bme.
2023-07-09 17:48:13,291 - root - INFO - Reading image header(readHeader16E)...
2023-07-09 17:48:13,291 - root - INFO - Image header was read:
2023-07-09 17:48:13,291 - root - INFO - Width: 50, Height: 16, RowLength: 100
2023-07-09 17:48:13,291 - root - INFO - datalength: 1498, _step: 2
2023-07-09 17:48:13,291 - root - INFO - BPP: 16, Transparency: False
2023-07-09 17:48:13,307 - root - INFO - Resource 24 offset: 219477, length: 964...
2023-07-09 17:48:13,307 - root - DEBUG - Reading resource 24...
2023-07-09 17:48:13,307 - root - INFO - The image is bme.
2023-07-09 17:48:13,307 - root - INFO - Reading image header(readHeader16E)...
2023-07-09 17:48:13,307 - root - INFO - Image header was read:
2023-07-09 17:48:13,307 - root - INFO - Width: 50, Height: 16, RowLength: 100
2023-07-09 17:48:13,307 - root - INFO - datalength: 948, _step: 2
2023-07-09 17:48:13,307 - root - INFO - BPP: 16, Transparency: False
2023-07-09 17:48:13,307 - root - INFO - Resource 25 offset: 220441, length: 1266...
2023-07-09 17:48:13,307 - root - DEBUG - Reading resource 25...
2023-07-09 17:48:13,307 - root - INFO - The image is bme.
2023-07-09 17:48:13,307 - root - INFO - Reading image header(readHeader16E)...
2023-07-09 17:48:13,307 - root - INFO - Image header was read:
2023-07-09 17:48:13,307 - root - INFO - Width: 50, Height: 16, RowLength: 100
2023-07-09 17:48:13,307 - root - INFO - datalength: 1250, _step: 2
2023-07-09 17:48:13,307 - root - INFO - BPP: 16, Transparency: False
2023-07-09 17:48:13,307 - root - INFO - Resource 26 offset: 221707, length: 1068...
2023-07-09 17:48:13,307 - root - DEBUG - Reading resource 26...
2023-07-09 17:48:13,307 - root - INFO - The image is bme.
2023-07-09 17:48:13,307 - root - INFO - Reading image header(readHeader16E)...
2023-07-09 17:48:13,307 - root - INFO - Image header was read:
2023-07-09 17:48:13,307 - root - INFO - Width: 50, Height: 16, RowLength: 100
2023-07-09 17:48:13,307 - root - INFO - datalength: 1052, _step: 2
2023-07-09 17:48:13,307 - root - INFO - BPP: 16, Transparency: False
2023-07-09 17:48:13,307 - root - INFO - Resource 27 offset: 222775, length: 876...
2023-07-09 17:48:13,307 - root - DEBUG - Reading resource 27...
2023-07-09 17:48:13,307 - root - INFO - The image is bme.
2023-07-09 17:48:13,307 - root - INFO - Reading image header(readHeader16E)...
2023-07-09 17:48:13,307 - root - INFO - Image header was read:
2023-07-09 17:48:13,307 - root - INFO - Width: 50, Height: 16, RowLength: 100
2023-07-09 17:48:13,307 - root - INFO - datalength: 860, _step: 2
2023-07-09 17:48:13,307 - root - INFO - BPP: 16, Transparency: False
2023-07-09 17:48:13,323 - root - INFO - Resource 28 offset: 223651, length: 994...
2023-07-09 17:48:13,323 - root - DEBUG - Reading resource 28...
2023-07-09 17:48:13,323 - root - INFO - The image is bme.
2023-07-09 17:48:13,323 - root - INFO - Reading image header(readHeader16E)...
2023-07-09 17:48:13,323 - root - INFO - Image header was read:
2023-07-09 17:48:13,323 - root - INFO - Width: 50, Height: 16, RowLength: 100
2023-07-09 17:48:13,323 - root - INFO - datalength: 978, _step: 2
2023-07-09 17:48:13,323 - root - INFO - BPP: 16, Transparency: False
2023-07-09 17:48:13,323 - root - INFO - Resource 29 offset: 224645, length: 1270...
2023-07-09 17:48:13,323 - root - DEBUG - Reading resource 29...
2023-07-09 17:48:13,323 - root - INFO - The image is bme.
2023-07-09 17:48:13,323 - root - INFO - Reading image header(readHeader16E)...
2023-07-09 17:48:13,323 - root - INFO - Image header was read:
2023-07-09 17:48:13,323 - root - INFO - Width: 50, Height: 16, RowLength: 100
2023-07-09 17:48:13,323 - root - INFO - datalength: 1254, _step: 2
2023-07-09 17:48:13,323 - root - INFO - BPP: 16, Transparency: False
2023-07-09 17:48:13,323 - root - INFO - Resource 30 offset: 225915, length: 996...
2023-07-09 17:48:13,323 - root - DEBUG - Reading resource 30...
2023-07-09 17:48:13,323 - root - INFO - The image is bme.
2023-07-09 17:48:13,323 - root - INFO - Reading image header(readHeader16E)...
2023-07-09 17:48:13,323 - root - INFO - Image header was read:
2023-07-09 17:48:13,323 - root - INFO - Width: 46, Height: 26, RowLength: 92
2023-07-09 17:48:13,323 - root - INFO - datalength: 980, _step: 2
2023-07-09 17:48:13,323 - root - INFO - BPP: 16, Transparency: False
2023-07-09 17:48:13,323 - root - INFO - Resource 31 offset: 226911, length: 970...
2023-07-09 17:48:13,323 - root - DEBUG - Reading resource 31...
2023-07-09 17:48:13,323 - root - INFO - The image is bme.
2023-07-09 17:48:13,323 - root - INFO - Reading image header(readHeader16E)...
2023-07-09 17:48:13,323 - root - INFO - Image header was read:
2023-07-09 17:48:13,323 - root - INFO - Width: 46, Height: 26, RowLength: 92
2023-07-09 17:48:13,323 - root - INFO - datalength: 954, _step: 2
2023-07-09 17:48:13,323 - root - INFO - BPP: 16, Transparency: False
2023-07-09 17:48:13,323 - root - INFO - Resource 32 offset: 227881, length: 602...
2023-07-09 17:48:13,323 - root - DEBUG - Reading resource 32...
2023-07-09 17:48:13,323 - root - INFO - The image is bme.
2023-07-09 17:48:13,323 - root - INFO - Reading image header(readHeader16E)...
2023-07-09 17:48:13,323 - root - INFO - Image header was read:
2023-07-09 17:48:13,323 - root - INFO - Width: 28, Height: 28, RowLength: 56
2023-07-09 17:48:13,323 - root - INFO - datalength: 586, _step: 2
2023-07-09 17:48:13,323 - root - INFO - BPP: 16, Transparency: False
2023-07-09 17:48:13,338 - root - INFO - Resource 33 offset: 228483, length: 812...
2023-07-09 17:48:13,338 - root - DEBUG - Reading resource 33...
2023-07-09 17:48:13,338 - root - INFO - The image is bme.
2023-07-09 17:48:13,338 - root - INFO - Reading image header(readHeader16E)...
2023-07-09 17:48:13,338 - root - INFO - Image header was read:
2023-07-09 17:48:13,338 - root - INFO - Width: 28, Height: 28, RowLength: 56
2023-07-09 17:48:13,338 - root - INFO - datalength: 796, _step: 2
2023-07-09 17:48:13,338 - root - INFO - BPP: 16, Transparency: False
2023-07-09 17:48:13,338 - root - INFO - Resource 34 offset: 229295, length: 766...
2023-07-09 17:48:13,338 - root - DEBUG - Reading resource 34...
2023-07-09 17:48:13,338 - root - INFO - The image is bme.
2023-07-09 17:48:13,338 - root - INFO - Reading image header(readHeader16E)...
2023-07-09 17:48:13,338 - root - INFO - Image header was read:
2023-07-09 17:48:13,338 - root - INFO - Width: 28, Height: 28, RowLength: 56
2023-07-09 17:48:13,338 - root - INFO - datalength: 750, _step: 2
2023-07-09 17:48:13,338 - root - INFO - BPP: 16, Transparency: False
2023-07-09 17:48:13,338 - root - INFO - Resource 35 offset: 230061, length: 706...
2023-07-09 17:48:13,338 - root - DEBUG - Reading resource 35...
2023-07-09 17:48:13,338 - root - INFO - The image is bme.
2023-07-09 17:48:13,338 - root - INFO - Reading image header(readHeader16E)...
2023-07-09 17:48:13,338 - root - INFO - Image header was read:
2023-07-09 17:48:13,338 - root - INFO - Width: 28, Height: 28, RowLength: 56
2023-07-09 17:48:13,338 - root - INFO - datalength: 690, _step: 2
2023-07-09 17:48:13,338 - root - INFO - BPP: 16, Transparency: False
2023-07-09 17:48:13,338 - root - INFO - Resource 36 offset: 230767, length: 672...
2023-07-09 17:48:13,338 - root - DEBUG - Reading resource 36...
2023-07-09 17:48:13,338 - root - INFO - The image is bme.
2023-07-09 17:48:13,338 - root - INFO - Reading image header(readHeader16E)...
2023-07-09 17:48:13,338 - root - INFO - Image header was read:
2023-07-09 17:48:13,338 - root - INFO - Width: 28, Height: 28, RowLength: 56
2023-07-09 17:48:13,338 - root - INFO - datalength: 656, _step: 2
2023-07-09 17:48:13,338 - root - INFO - BPP: 16, Transparency: False
2023-07-09 17:48:13,338 - root - INFO - Resource 37 offset: 231439, length: 810...
2023-07-09 17:48:13,338 - root - DEBUG - Reading resource 37...
2023-07-09 17:48:13,338 - root - INFO - The image is bme.
2023-07-09 17:48:13,338 - root - INFO - Reading image header(readHeader16E)...
2023-07-09 17:48:13,338 - root - INFO - Image header was read:
2023-07-09 17:48:13,338 - root - INFO - Width: 28, Height: 28, RowLength: 56
2023-07-09 17:48:13,338 - root - INFO - datalength: 794, _step: 2
2023-07-09 17:48:13,338 - root - INFO - BPP: 16, Transparency: False
2023-07-09 17:48:13,354 - root - INFO - Resource 38 offset: 232249, length: 678...
2023-07-09 17:48:13,354 - root - DEBUG - Reading resource 38...
2023-07-09 17:48:13,354 - root - INFO - The image is bme.
2023-07-09 17:48:13,354 - root - INFO - Reading image header(readHeader16E)...
2023-07-09 17:48:13,354 - root - INFO - Image header was read:
2023-07-09 17:48:13,354 - root - INFO - Width: 28, Height: 28, RowLength: 56
2023-07-09 17:48:13,354 - root - INFO - datalength: 662, _step: 2
2023-07-09 17:48:13,354 - root - INFO - BPP: 16, Transparency: False
2023-07-09 17:48:13,354 - root - INFO - Resource 39 offset: 232927, length: 696...
2023-07-09 17:48:13,354 - root - DEBUG - Reading resource 39...
2023-07-09 17:48:13,354 - root - INFO - The image is bme.
2023-07-09 17:48:13,354 - root - INFO - Reading image header(readHeader16E)...
2023-07-09 17:48:13,354 - root - INFO - Image header was read:
2023-07-09 17:48:13,354 - root - INFO - Width: 28, Height: 28, RowLength: 56
2023-07-09 17:48:13,354 - root - INFO - datalength: 680, _step: 2
2023-07-09 17:48:13,354 - root - INFO - BPP: 16, Transparency: False
2023-07-09 17:48:13,354 - root - INFO - Resource 40 offset: 233623, length: 718...
2023-07-09 17:48:13,354 - root - DEBUG - Reading resource 40...
2023-07-09 17:48:13,354 - root - INFO - The image is bme.
2023-07-09 17:48:13,354 - root - INFO - Reading image header(readHeader16E)...
2023-07-09 17:48:13,354 - root - INFO - Image header was read:
2023-07-09 17:48:13,354 - root - INFO - Width: 28, Height: 28, RowLength: 56
2023-07-09 17:48:13,354 - root - INFO - datalength: 702, _step: 2
2023-07-09 17:48:13,354 - root - INFO - BPP: 16, Transparency: False
2023-07-09 17:48:13,354 - root - INFO - Resource 41 offset: 234341, length: 670...
2023-07-09 17:48:13,354 - root - DEBUG - Reading resource 41...
2023-07-09 17:48:13,354 - root - INFO - The image is bme.
2023-07-09 17:48:13,354 - root - INFO - Reading image header(readHeader16E)...
2023-07-09 17:48:13,354 - root - INFO - Image header was read:
2023-07-09 17:48:13,354 - root - INFO - Width: 28, Height: 28, RowLength: 56
2023-07-09 17:48:13,354 - root - INFO - datalength: 654, _step: 2
2023-07-09 17:48:13,354 - root - INFO - BPP: 16, Transparency: False
2023-07-09 17:48:13,354 - root - INFO - Resource 42 offset: 235011, length: 800...
2023-07-09 17:48:13,369 - root - DEBUG - Reading resource 42...
2023-07-09 17:48:13,369 - root - INFO - The image is bme.
2023-07-09 17:48:13,369 - root - INFO - Reading image header(readHeader16E)...
2023-07-09 17:48:13,369 - root - INFO - Image header was read:
2023-07-09 17:48:13,369 - root - INFO - Width: 28, Height: 28, RowLength: 56
2023-07-09 17:48:13,369 - root - INFO - datalength: 784, _step: 2
2023-07-09 17:48:13,369 - root - INFO - BPP: 16, Transparency: False
2023-07-09 17:48:13,369 - root - INFO - Resource 43 offset: 235811, length: 738...
2023-07-09 17:48:13,369 - root - DEBUG - Reading resource 43...
2023-07-09 17:48:13,369 - root - INFO - The image is bme.
2023-07-09 17:48:13,369 - root - INFO - Reading image header(readHeader16E)...
2023-07-09 17:48:13,369 - root - INFO - Image header was read:
2023-07-09 17:48:13,369 - root - INFO - Width: 28, Height: 28, RowLength: 56
2023-07-09 17:48:13,369 - root - INFO - datalength: 722, _step: 2
2023-07-09 17:48:13,369 - root - INFO - BPP: 16, Transparency: False
2023-07-09 17:48:13,369 - root - INFO - Resource 44 offset: 236549, length: 576...
2023-07-09 17:48:13,369 - root - DEBUG - Reading resource 44...
2023-07-09 17:48:13,369 - root - INFO - The image is bme.
2023-07-09 17:48:13,369 - root - INFO - Reading image header(readHeader16E)...
2023-07-09 17:48:13,369 - root - INFO - Image header was read:
2023-07-09 17:48:13,369 - root - INFO - Width: 28, Height: 28, RowLength: 56
2023-07-09 17:48:13,369 - root - INFO - datalength: 560, _step: 2
2023-07-09 17:48:13,369 - root - INFO - BPP: 16, Transparency: False
2023-07-09 17:48:13,369 - root - INFO - Resource 45 offset: 237125, length: 726...
2023-07-09 17:48:13,369 - root - DEBUG - Reading resource 45...
2023-07-09 17:48:13,369 - root - INFO - The image is bme.
2023-07-09 17:48:13,369 - root - INFO - Reading image header(readHeader16E)...
2023-07-09 17:48:13,369 - root - INFO - Image header was read:
2023-07-09 17:48:13,369 - root - INFO - Width: 28, Height: 28, RowLength: 56
2023-07-09 17:48:13,369 - root - INFO - datalength: 710, _step: 2
2023-07-09 17:48:13,369 - root - INFO - BPP: 16, Transparency: False
2023-07-09 17:48:13,369 - root - INFO - Resource 46 offset: 237851, length: 542...
2023-07-09 17:48:13,369 - root - DEBUG - Reading resource 46...
2023-07-09 17:48:13,369 - root - INFO - The image is bme.
2023-07-09 17:48:13,369 - root - INFO - Reading image header(readHeader16E)...
2023-07-09 17:48:13,369 - root - INFO - Image header was read:
2023-07-09 17:48:13,369 - root - INFO - Width: 28, Height: 28, RowLength: 56
2023-07-09 17:48:13,369 - root - INFO - datalength: 526, _step: 2
2023-07-09 17:48:13,369 - root - INFO - BPP: 16, Transparency: False
2023-07-09 17:48:13,369 - root - INFO - Resource 47 offset: 238393, length: 632...
2023-07-09 17:48:13,369 - root - DEBUG - Reading resource 47...
2023-07-09 17:48:13,369 - root - INFO - The image is bme.
2023-07-09 17:48:13,369 - root - INFO - Reading image header(readHeader16E)...
2023-07-09 17:48:13,369 - root - INFO - Image header was read:
2023-07-09 17:48:13,369 - root - INFO - Width: 28, Height: 28, RowLength: 56
2023-07-09 17:48:13,369 - root - INFO - datalength: 616, _step: 2
2023-07-09 17:48:13,369 - root - INFO - BPP: 16, Transparency: False
2023-07-09 17:48:13,385 - root - INFO - Resource 48 offset: 239025, length: 756...
2023-07-09 17:48:13,385 - root - DEBUG - Reading resource 48...
2023-07-09 17:48:13,385 - root - INFO - The image is bme.
2023-07-09 17:48:13,385 - root - INFO - Reading image header(readHeader16E)...
2023-07-09 17:48:13,385 - root - INFO - Image header was read:
2023-07-09 17:48:13,385 - root - INFO - Width: 28, Height: 28, RowLength: 56
2023-07-09 17:48:13,385 - root - INFO - datalength: 740, _step: 2
2023-07-09 17:48:13,385 - root - INFO - BPP: 16, Transparency: False
2023-07-09 17:48:13,385 - root - INFO - Resource 49 offset: 239781, length: 742...
2023-07-09 17:48:13,385 - root - DEBUG - Reading resource 49...
2023-07-09 17:48:13,385 - root - INFO - The image is bme.
2023-07-09 17:48:13,385 - root - INFO - Reading image header(readHeader16E)...
2023-07-09 17:48:13,385 - root - INFO - Image header was read:
2023-07-09 17:48:13,385 - root - INFO - Width: 28, Height: 28, RowLength: 56
2023-07-09 17:48:13,385 - root - INFO - datalength: 726, _step: 2
2023-07-09 17:48:13,385 - root - INFO - BPP: 16, Transparency: False
2023-07-09 17:48:13,385 - root - INFO - Resource 50 offset: 240523, length: 542...
2023-07-09 17:48:13,385 - root - DEBUG - Reading resource 50...
2023-07-09 17:48:13,385 - root - INFO - The image is bme.
2023-07-09 17:48:13,385 - root - INFO - Reading image header(readHeader16E)...
2023-07-09 17:48:13,385 - root - INFO - Image header was read:
2023-07-09 17:48:13,385 - root - INFO - Width: 28, Height: 28, RowLength: 56
2023-07-09 17:48:13,385 - root - INFO - datalength: 526, _step: 2
2023-07-09 17:48:13,385 - root - INFO - BPP: 16, Transparency: False
2023-07-09 17:48:13,385 - root - INFO - Resource 51 offset: 241065, length: 806...
2023-07-09 17:48:13,385 - root - DEBUG - Reading resource 51...
2023-07-09 17:48:13,385 - root - INFO - The image is bme.
2023-07-09 17:48:13,385 - root - INFO - Reading image header(readHeader16E)...
2023-07-09 17:48:13,385 - root - INFO - Image header was read:
2023-07-09 17:48:13,385 - root - INFO - Width: 28, Height: 28, RowLength: 56
2023-07-09 17:48:13,385 - root - INFO - datalength: 790, _step: 2
2023-07-09 17:48:13,385 - root - INFO - BPP: 16, Transparency: False
2023-07-09 17:48:13,385 - root - INFO - Resource 52 offset: 241871, length: 714...
2023-07-09 17:48:13,385 - root - DEBUG - Reading resource 52...
2023-07-09 17:48:13,385 - root - INFO - The image is bme.
2023-07-09 17:48:13,385 - root - INFO - Reading image header(readHeader16E)...
2023-07-09 17:48:13,385 - root - INFO - Image header was read:
2023-07-09 17:48:13,385 - root - INFO - Width: 28, Height: 28, RowLength: 56
2023-07-09 17:48:13,385 - root - INFO - datalength: 698, _step: 2
2023-07-09 17:48:13,385 - root - INFO - BPP: 16, Transparency: False
2023-07-09 17:48:13,385 - root - INFO - Resource 53 offset: 242585, length: 726...
2023-07-09 17:48:13,385 - root - DEBUG - Reading resource 53...
2023-07-09 17:48:13,401 - root - INFO - The image is bme.
2023-07-09 17:48:13,401 - root - INFO - Reading image header(readHeader16E)...
2023-07-09 17:48:13,401 - root - INFO - Image header was read:
2023-07-09 17:48:13,401 - root - INFO - Width: 28, Height: 28, RowLength: 56
2023-07-09 17:48:13,401 - root - INFO - datalength: 710, _step: 2
2023-07-09 17:48:13,401 - root - INFO - BPP: 16, Transparency: False
2023-07-09 17:48:13,401 - root - INFO - Resource 54 offset: 243311, length: 806...
2023-07-09 17:48:13,401 - root - DEBUG - Reading resource 54...
2023-07-09 17:48:13,401 - root - INFO - The image is bme.
2023-07-09 17:48:13,401 - root - INFO - Reading image header(readHeader16E)...
2023-07-09 17:48:13,401 - root - INFO - Image header was read:
2023-07-09 17:48:13,401 - root - INFO - Width: 28, Height: 28, RowLength: 56
2023-07-09 17:48:13,401 - root - INFO - datalength: 790, _step: 2
2023-07-09 17:48:13,401 - root - INFO - BPP: 16, Transparency: False
2023-07-09 17:48:13,401 - root - INFO - Resource 55 offset: 244117, length: 492...
2023-07-09 17:48:13,401 - root - DEBUG - Reading resource 55...
2023-07-09 17:48:13,401 - root - INFO - The image is bme.
2023-07-09 17:48:13,401 - root - INFO - Reading image header(readHeader16E)...
2023-07-09 17:48:13,401 - root - INFO - Image header was read:
2023-07-09 17:48:13,401 - root - INFO - Width: 28, Height: 28, RowLength: 56
2023-07-09 17:48:13,401 - root - INFO - datalength: 476, _step: 2
2023-07-09 17:48:13,401 - root - INFO - BPP: 16, Transparency: False
2023-07-09 17:48:13,401 - root - INFO - Resource 56 offset: 244609, length: 600...
2023-07-09 17:48:13,401 - root - DEBUG - Reading resource 56...
2023-07-09 17:48:13,401 - root - INFO - The image is bme.
2023-07-09 17:48:13,401 - root - INFO - Reading image header(readHeader16E)...
2023-07-09 17:48:13,401 - root - INFO - Image header was read:
2023-07-09 17:48:13,401 - root - INFO - Width: 28, Height: 28, RowLength: 56
2023-07-09 17:48:13,401 - root - INFO - datalength: 584, _step: 2
2023-07-09 17:48:13,401 - root - INFO - BPP: 16, Transparency: False
2023-07-09 17:48:13,401 - root - INFO - Resource 57 offset: 245209, length: 770...
2023-07-09 17:48:13,401 - root - DEBUG - Reading resource 57...
2023-07-09 17:48:13,401 - root - INFO - The image is bme.
2023-07-09 17:48:13,401 - root - INFO - Reading image header(readHeader16E)...
2023-07-09 17:48:13,401 - root - INFO - Image header was read:
2023-07-09 17:48:13,401 - root - INFO - Width: 28, Height: 28, RowLength: 56
2023-07-09 17:48:13,401 - root - INFO - datalength: 754, _step: 2
2023-07-09 17:48:13,401 - root - INFO - BPP: 16, Transparency: False
2023-07-09 17:48:13,401 - root - INFO - Resource 58 offset: 245979, length: 372...
2023-07-09 17:48:13,401 - root - DEBUG - Reading resource 58...
2023-07-09 17:48:13,401 - root - INFO - The image is bme.
2023-07-09 17:48:13,401 - root - INFO - Reading image header(readHeader16E)...
2023-07-09 17:48:13,401 - root - INFO - Image header was read:
2023-07-09 17:48:13,401 - root - INFO - Width: 14, Height: 16, RowLength: 28
2023-07-09 17:48:13,401 - root - INFO - datalength: 356, _step: 2
2023-07-09 17:48:13,401 - root - INFO - BPP: 16, Transparency: False
2023-07-09 17:48:13,416 - root - INFO - Resource 59 offset: 246351, length: 226...
2023-07-09 17:48:13,416 - root - DEBUG - Reading resource 59...
2023-07-09 17:48:13,416 - root - INFO - The image is bme.
2023-07-09 17:48:13,416 - root - INFO - Reading image header(readHeader16E)...
2023-07-09 17:48:13,416 - root - INFO - Image header was read:
2023-07-09 17:48:13,416 - root - INFO - Width: 14, Height: 16, RowLength: 28
2023-07-09 17:48:13,416 - root - INFO - datalength: 210, _step: 2
2023-07-09 17:48:13,416 - root - INFO - BPP: 16, Transparency: False
2023-07-09 17:48:13,416 - root - INFO - Resource 60 offset: 246577, length: 318...
2023-07-09 17:48:13,416 - root - DEBUG - Reading resource 60...
2023-07-09 17:48:13,416 - root - INFO - The image is bme.
2023-07-09 17:48:13,416 - root - INFO - Reading image header(readHeader16E)...
2023-07-09 17:48:13,416 - root - INFO - Image header was read:
2023-07-09 17:48:13,416 - root - INFO - Width: 14, Height: 16, RowLength: 28
2023-07-09 17:48:13,416 - root - INFO - datalength: 302, _step: 2
2023-07-09 17:48:13,416 - root - INFO - BPP: 16, Transparency: False
2023-07-09 17:48:13,416 - root - INFO - Resource 61 offset: 246895, length: 324...
2023-07-09 17:48:13,416 - root - DEBUG - Reading resource 61...
2023-07-09 17:48:13,416 - root - INFO - The image is bme.
2023-07-09 17:48:13,416 - root - INFO - Reading image header(readHeader16E)...
2023-07-09 17:48:13,416 - root - INFO - Image header was read:
2023-07-09 17:48:13,416 - root - INFO - Width: 14, Height: 16, RowLength: 28
2023-07-09 17:48:13,416 - root - INFO - datalength: 308, _step: 2
2023-07-09 17:48:13,416 - root - INFO - BPP: 16, Transparency: False
2023-07-09 17:48:13,416 - root - INFO - Resource 62 offset: 247219, length: 318...
2023-07-09 17:48:13,416 - root - DEBUG - Reading resource 62...
2023-07-09 17:48:13,416 - root - INFO - The image is bme.
2023-07-09 17:48:13,416 - root - INFO - Reading image header(readHeader16E)...
2023-07-09 17:48:13,416 - root - INFO - Image header was read:
2023-07-09 17:48:13,416 - root - INFO - Width: 14, Height: 16, RowLength: 28
2023-07-09 17:48:13,416 - root - INFO - datalength: 302, _step: 2
2023-07-09 17:48:13,416 - root - INFO - BPP: 16, Transparency: False
2023-07-09 17:48:13,416 - root - INFO - Resource 63 offset: 247537, length: 330...
2023-07-09 17:48:13,416 - root - DEBUG - Reading resource 63...
2023-07-09 17:48:13,416 - root - INFO - The image is bme.
2023-07-09 17:48:13,416 - root - INFO - Reading image header(readHeader16E)...
2023-07-09 17:48:13,416 - root - INFO - Image header was read:
2023-07-09 17:48:13,416 - root - INFO - Width: 14, Height: 16, RowLength: 28
2023-07-09 17:48:13,416 - root - INFO - datalength: 314, _step: 2
2023-07-09 17:48:13,416 - root - INFO - BPP: 16, Transparency: False
2023-07-09 17:48:13,416 - root - INFO - Resource 64 offset: 247867, length: 344...
2023-07-09 17:48:13,416 - root - DEBUG - Reading resource 64...
2023-07-09 17:48:13,416 - root - INFO - The image is bme.
2023-07-09 17:48:13,416 - root - INFO - Reading image header(readHeader16E)...
2023-07-09 17:48:13,416 - root - INFO - Image header was read:
2023-07-09 17:48:13,416 - root - INFO - Width: 14, Height: 16, RowLength: 28
2023-07-09 17:48:13,416 - root - INFO - datalength: 328, _step: 2
2023-07-09 17:48:13,416 - root - INFO - BPP: 16, Transparency: False
2023-07-09 17:48:13,416 - root - INFO - Resource 65 offset: 248211, length: 244...
2023-07-09 17:48:13,416 - root - DEBUG - Reading resource 65...
2023-07-09 17:48:13,416 - root - INFO - The image is bme.
2023-07-09 17:48:13,416 - root - INFO - Reading image header(readHeader16E)...
2023-07-09 17:48:13,416 - root - INFO - Image header was read:
2023-07-09 17:48:13,416 - root - INFO - Width: 14, Height: 16, RowLength: 28
2023-07-09 17:48:13,416 - root - INFO - datalength: 228, _step: 2
2023-07-09 17:48:13,416 - root - INFO - BPP: 16, Transparency: False
2023-07-09 17:48:13,416 - root - INFO - Resource 66 offset: 248455, length: 372...
2023-07-09 17:48:13,416 - root - DEBUG - Reading resource 66...
2023-07-09 17:48:13,416 - root - INFO - The image is bme.
2023-07-09 17:48:13,416 - root - INFO - Reading image header(readHeader16E)...
2023-07-09 17:48:13,416 - root - INFO - Image header was read:
2023-07-09 17:48:13,416 - root - INFO - Width: 14, Height: 16, RowLength: 28
2023-07-09 17:48:13,416 - root - INFO - datalength: 356, _step: 2
2023-07-09 17:48:13,416 - root - INFO - BPP: 16, Transparency: False
2023-07-09 17:48:13,416 - root - INFO - Resource 67 offset: 248827, length: 328...
2023-07-09 17:48:13,416 - root - DEBUG - Reading resource 67...
2023-07-09 17:48:13,416 - root - INFO - The image is bme.
2023-07-09 17:48:13,416 - root - INFO - Reading image header(readHeader16E)...
2023-07-09 17:48:13,416 - root - INFO - Image header was read:
2023-07-09 17:48:13,416 - root - INFO - Width: 14, Height: 16, RowLength: 28
2023-07-09 17:48:13,416 - root - INFO - datalength: 312, _step: 2
2023-07-09 17:48:13,416 - root - INFO - BPP: 16, Transparency: False
2023-07-09 17:48:13,432 - root - INFO - Resource 68 offset: 249155, length: 50...
2023-07-09 17:48:13,432 - root - DEBUG - Reading resource 68...
2023-07-09 17:48:13,432 - root - INFO - The image is bme.
2023-07-09 17:48:13,432 - root - INFO - Reading image header(readHeader16E)...
2023-07-09 17:48:13,432 - root - INFO - Image header was read:
2023-07-09 17:48:13,432 - root - INFO - Width: 8, Height: 16, RowLength: 16
2023-07-09 17:48:13,432 - root - INFO - datalength: 34, _step: 2
2023-07-09 17:48:13,432 - root - INFO - BPP: 16, Transparency: False
2023-07-09 17:48:13,432 - root - INFO - Resource 69 offset: 249205, length: 112...
2023-07-09 17:48:13,432 - root - DEBUG - Reading resource 69...
2023-07-09 17:48:13,432 - root - INFO - The image is bme.
2023-07-09 17:48:13,432 - root - INFO - Reading image header(readHeader16E)...
2023-07-09 17:48:13,432 - root - INFO - Image header was read:
2023-07-09 17:48:13,432 - root - INFO - Width: 8, Height: 16, RowLength: 16
2023-07-09 17:48:13,432 - root - INFO - datalength: 96, _step: 2
2023-07-09 17:48:13,432 - root - INFO - BPP: 16, Transparency: False
2023-07-09 17:48:13,432 - root - INFO - Resource 70 offset: 249317, length: 84...
2023-07-09 17:48:13,432 - root - DEBUG - Reading resource 70...
2023-07-09 17:48:13,432 - root - INFO - The image is bme.
2023-07-09 17:48:13,432 - root - INFO - Reading image header(readHeader16E)...
2023-07-09 17:48:13,432 - root - INFO - Image header was read:
2023-07-09 17:48:13,432 - root - INFO - Width: 30, Height: 16, RowLength: 60
2023-07-09 17:48:13,432 - root - INFO - datalength: 68, _step: 2
2023-07-09 17:48:13,432 - root - INFO - BPP: 16, Transparency: False
2023-07-09 17:48:13,432 - root - INFO - Resource 71 offset: 249401, length: 438...
2023-07-09 17:48:13,432 - root - DEBUG - Reading resource 71...
2023-07-09 17:48:13,432 - root - INFO - The image is bme.
2023-07-09 17:48:13,432 - root - INFO - Reading image header(readHeader16E)...
2023-07-09 17:48:13,432 - root - INFO - Image header was read:
2023-07-09 17:48:13,432 - root - INFO - Width: 82, Height: 16, RowLength: 164
2023-07-09 17:48:13,432 - root - INFO - datalength: 422, _step: 2
2023-07-09 17:48:13,432 - root - INFO - BPP: 16, Transparency: False
2023-07-09 17:48:13,432 - root - INFO - Resource 72 offset: 249839, length: 634...
2023-07-09 17:48:13,432 - root - DEBUG - Reading resource 72...
2023-07-09 17:48:13,432 - root - INFO - The image is bme.
2023-07-09 17:48:13,432 - root - INFO - Reading image header(readHeader16E)...
2023-07-09 17:48:13,432 - root - INFO - Image header was read:
2023-07-09 17:48:13,432 - root - INFO - Width: 82, Height: 16, RowLength: 164
2023-07-09 17:48:13,432 - root - INFO - datalength: 618, _step: 2
2023-07-09 17:48:13,432 - root - INFO - BPP: 16, Transparency: False
2023-07-09 17:48:13,432 - root - INFO - Resource 73 offset: 250473, length: 830...
2023-07-09 17:48:13,432 - root - DEBUG - Reading resource 73...
2023-07-09 17:48:13,432 - root - INFO - The image is bme.
2023-07-09 17:48:13,432 - root - INFO - Reading image header(readHeader16E)...
2023-07-09 17:48:13,432 - root - INFO - Image header was read:
2023-07-09 17:48:13,432 - root - INFO - Width: 82, Height: 16, RowLength: 164
2023-07-09 17:48:13,432 - root - INFO - datalength: 814, _step: 2
2023-07-09 17:48:13,432 - root - INFO - BPP: 16, Transparency: False
2023-07-09 17:48:13,432 - root - INFO - Resource 74 offset: 251303, length: 970...
2023-07-09 17:48:13,432 - root - DEBUG - Reading resource 74...
2023-07-09 17:48:13,432 - root - INFO - The image is bme.
2023-07-09 17:48:13,432 - root - INFO - Reading image header(readHeader16E)...
2023-07-09 17:48:13,432 - root - INFO - Image header was read:
2023-07-09 17:48:13,432 - root - INFO - Width: 82, Height: 16, RowLength: 164
2023-07-09 17:48:13,432 - root - INFO - datalength: 954, _step: 2
2023-07-09 17:48:13,432 - root - INFO - BPP: 16, Transparency: False
2023-07-09 17:48:13,448 - root - INFO - Resource 75 offset: 252273, length: 1110...
2023-07-09 17:48:13,448 - root - DEBUG - Reading resource 75...
2023-07-09 17:48:13,448 - root - INFO - The image is bme.
2023-07-09 17:48:13,448 - root - INFO - Reading image header(readHeader16E)...
2023-07-09 17:48:13,448 - root - INFO - Image header was read:
2023-07-09 17:48:13,448 - root - INFO - Width: 82, Height: 16, RowLength: 164
2023-07-09 17:48:13,448 - root - INFO - datalength: 1094, _step: 2
2023-07-09 17:48:13,448 - root - INFO - BPP: 16, Transparency: False
2023-07-09 17:48:13,448 - root - INFO - Resource 76 offset: 253383, length: 1194...
2023-07-09 17:48:13,448 - root - DEBUG - Reading resource 76...
2023-07-09 17:48:13,448 - root - INFO - The image is bme.
2023-07-09 17:48:13,448 - root - INFO - Reading image header(readHeader16E)...
2023-07-09 17:48:13,448 - root - INFO - Image header was read:
2023-07-09 17:48:13,448 - root - INFO - Width: 82, Height: 16, RowLength: 164
2023-07-09 17:48:13,448 - root - INFO - datalength: 1178, _step: 2
2023-07-09 17:48:13,448 - root - INFO - BPP: 16, Transparency: False
2023-07-09 17:48:13,448 - root - INFO - Resource 77 offset: 254577, length: 1334...
2023-07-09 17:48:13,448 - root - DEBUG - Reading resource 77...
2023-07-09 17:48:13,448 - root - INFO - The image is bme.
2023-07-09 17:48:13,448 - root - INFO - Reading image header(readHeader16E)...
2023-07-09 17:48:13,448 - root - INFO - Image header was read:
2023-07-09 17:48:13,448 - root - INFO - Width: 82, Height: 16, RowLength: 164
2023-07-09 17:48:13,448 - root - INFO - datalength: 1318, _step: 2
2023-07-09 17:48:13,448 - root - INFO - BPP: 16, Transparency: False
2023-07-09 17:48:13,463 - root - INFO - Resource 78 offset: 255911, length: 1474...
2023-07-09 17:48:13,463 - root - DEBUG - Reading resource 78...
2023-07-09 17:48:13,463 - root - INFO - The image is bme.
2023-07-09 17:48:13,463 - root - INFO - Reading image header(readHeader16E)...
2023-07-09 17:48:13,463 - root - INFO - Image header was read:
2023-07-09 17:48:13,463 - root - INFO - Width: 82, Height: 16, RowLength: 164
2023-07-09 17:48:13,463 - root - INFO - datalength: 1458, _step: 2
2023-07-09 17:48:13,463 - root - INFO - BPP: 16, Transparency: False
2023-07-09 17:48:13,463 - root - INFO - Resource 79 offset: 257385, length: 1726...
2023-07-09 17:48:13,463 - root - DEBUG - Reading resource 79...
2023-07-09 17:48:13,463 - root - INFO - The image is bme.
2023-07-09 17:48:13,463 - root - INFO - Reading image header(readHeader16E)...
2023-07-09 17:48:13,463 - root - INFO - Image header was read:
2023-07-09 17:48:13,463 - root - INFO - Width: 82, Height: 16, RowLength: 164
2023-07-09 17:48:13,463 - root - INFO - datalength: 1710, _step: 2
2023-07-09 17:48:13,463 - root - INFO - BPP: 16, Transparency: False
2023-07-09 17:48:13,463 - root - INFO - Resource 80 offset: 259111, length: 1838...
2023-07-09 17:48:13,463 - root - DEBUG - Reading resource 80...
2023-07-09 17:48:13,463 - root - INFO - The image is bme.
2023-07-09 17:48:13,463 - root - INFO - Reading image header(readHeader16E)...
2023-07-09 17:48:13,463 - root - INFO - Image header was read:
2023-07-09 17:48:13,463 - root - INFO - Width: 82, Height: 16, RowLength: 164
2023-07-09 17:48:13,463 - root - INFO - datalength: 1822, _step: 2
2023-07-09 17:48:13,463 - root - INFO - BPP: 16, Transparency: False
2023-07-09 17:48:13,479 - root - INFO - Resource 81 offset: 260949, length: 1950...
2023-07-09 17:48:13,479 - root - DEBUG - Reading resource 81...
2023-07-09 17:48:13,479 - root - INFO - The image is bme.
2023-07-09 17:48:13,479 - root - INFO - Reading image header(readHeader16E)...
2023-07-09 17:48:13,479 - root - INFO - Image header was read:
2023-07-09 17:48:13,479 - root - INFO - Width: 82, Height: 16, RowLength: 164
2023-07-09 17:48:13,479 - root - INFO - datalength: 1934, _step: 2
2023-07-09 17:48:13,479 - root - INFO - BPP: 16, Transparency: False
2023-07-09 17:48:13,479 - root - INFO - Resource 82 offset: 262899, length: 2088...
2023-07-09 17:48:13,479 - root - DEBUG - Reading resource 82...
2023-07-09 17:48:13,479 - root - INFO - The image is bme.
2023-07-09 17:48:13,479 - root - INFO - Reading image header(readHeader16E)...
2023-07-09 17:48:13,479 - root - INFO - Image header was read:
2023-07-09 17:48:13,479 - root - INFO - Width: 82, Height: 16, RowLength: 164
2023-07-09 17:48:13,479 - root - INFO - datalength: 2072, _step: 2
2023-07-09 17:48:13,479 - root - INFO - BPP: 16, Transparency: False
2023-07-09 17:48:13,494 - root - INFO - Resource 83 offset: 264987, length: 398...
2023-07-09 17:48:13,494 - root - DEBUG - Reading resource 83...
2023-07-09 17:48:13,494 - root - INFO - The image is bme.
2023-07-09 17:48:13,494 - root - INFO - Reading image header(readHeader16E)...
2023-07-09 17:48:13,494 - root - INFO - Image header was read:
2023-07-09 17:48:13,494 - root - INFO - Width: 26, Height: 26, RowLength: 52
2023-07-09 17:48:13,494 - root - INFO - datalength: 382, _step: 2
2023-07-09 17:48:13,494 - root - INFO - BPP: 16, Transparency: False
2023-07-09 17:48:13,494 - root - INFO - Resource 84 offset: 265385, length: 398...
2023-07-09 17:48:13,494 - root - DEBUG - Reading resource 84...
2023-07-09 17:48:13,494 - root - INFO - The image is bme.
2023-07-09 17:48:13,494 - root - INFO - Reading image header(readHeader16E)...
2023-07-09 17:48:13,494 - root - INFO - Image header was read:
2023-07-09 17:48:13,494 - root - INFO - Width: 26, Height: 26, RowLength: 52
2023-07-09 17:48:13,494 - root - INFO - datalength: 382, _step: 2
2023-07-09 17:48:13,494 - root - INFO - BPP: 16, Transparency: False
2023-07-09 17:48:13,494 - root - INFO - Resource 85 offset: 265783, length: 436...
2023-07-09 17:48:13,494 - root - DEBUG - Reading resource 85...
2023-07-09 17:48:13,494 - root - INFO - The image is bme.
2023-07-09 17:48:13,494 - root - INFO - Reading image header(readHeader16E)...
2023-07-09 17:48:13,494 - root - INFO - Image header was read:
2023-07-09 17:48:13,494 - root - INFO - Width: 26, Height: 26, RowLength: 52
2023-07-09 17:48:13,494 - root - INFO - datalength: 420, _step: 2
2023-07-09 17:48:13,494 - root - INFO - BPP: 16, Transparency: False
2023-07-09 17:48:13,494 - root - INFO - Resource 86 offset: 266219, length: 418...
2023-07-09 17:48:13,494 - root - DEBUG - Reading resource 86...
2023-07-09 17:48:13,494 - root - INFO - The image is bme.
2023-07-09 17:48:13,494 - root - INFO - Reading image header(readHeader16E)...
2023-07-09 17:48:13,494 - root - INFO - Image header was read:
2023-07-09 17:48:13,494 - root - INFO - Width: 26, Height: 26, RowLength: 52
2023-07-09 17:48:13,494 - root - INFO - datalength: 402, _step: 2
2023-07-09 17:48:13,494 - root - INFO - BPP: 16, Transparency: False
2023-07-09 17:48:13,494 - root - INFO - Resource 87 offset: 266637, length: 456...
2023-07-09 17:48:13,494 - root - DEBUG - Reading resource 87...
2023-07-09 17:48:13,494 - root - INFO - The image is bme.
2023-07-09 17:48:13,494 - root - INFO - Reading image header(readHeader16E)...
2023-07-09 17:48:13,494 - root - INFO - Image header was read:
2023-07-09 17:48:13,494 - root - INFO - Width: 26, Height: 26, RowLength: 52
2023-07-09 17:48:13,494 - root - INFO - datalength: 440, _step: 2
2023-07-09 17:48:13,494 - root - INFO - BPP: 16, Transparency: False
2023-07-09 17:48:13,510 - root - INFO - Resource 88 offset: 267093, length: 456...
2023-07-09 17:48:13,510 - root - DEBUG - Reading resource 88...
2023-07-09 17:48:13,510 - root - INFO - The image is bme.
2023-07-09 17:48:13,510 - root - INFO - Reading image header(readHeader16E)...
2023-07-09 17:48:13,510 - root - INFO - Image header was read:
2023-07-09 17:48:13,510 - root - INFO - Width: 26, Height: 26, RowLength: 52
2023-07-09 17:48:13,510 - root - INFO - datalength: 440, _step: 2
2023-07-09 17:48:13,510 - root - INFO - BPP: 16, Transparency: False
2023-07-09 17:48:13,510 - root - INFO - Resource 89 offset: 267549, length: 530...
2023-07-09 17:48:13,510 - root - DEBUG - Reading resource 89...
2023-07-09 17:48:13,510 - root - INFO - The image is bme.
2023-07-09 17:48:13,510 - root - INFO - Reading image header(readHeader16E)...
2023-07-09 17:48:13,510 - root - INFO - Image header was read:
2023-07-09 17:48:13,510 - root - INFO - Width: 26, Height: 26, RowLength: 52
2023-07-09 17:48:13,510 - root - INFO - datalength: 514, _step: 2
2023-07-09 17:48:13,510 - root - INFO - BPP: 16, Transparency: False
2023-07-09 17:48:13,510 - root - INFO - Resource 90 offset: 268079, length: 530...
2023-07-09 17:48:13,510 - root - DEBUG - Reading resource 90...
2023-07-09 17:48:13,510 - root - INFO - The image is bme.
2023-07-09 17:48:13,510 - root - INFO - Reading image header(readHeader16E)...
2023-07-09 17:48:13,510 - root - INFO - Image header was read:
2023-07-09 17:48:13,510 - root - INFO - Width: 26, Height: 26, RowLength: 52
2023-07-09 17:48:13,510 - root - INFO - datalength: 514, _step: 2
2023-07-09 17:48:13,510 - root - INFO - BPP: 16, Transparency: False
2023-07-09 17:48:13,510 - root - DEBUG - Parsing parameters...
2023-07-09 17:48:13,635 - root - DEBUG - 0 Value: None
2023-07-09 17:48:13,635 - root - DEBUG - 0.1 Value: 71
2023-07-09 17:48:13,635 - root - DEBUG - 2 Value: None
2023-07-09 17:48:13,635 - root - DEBUG - 2.1 Value: None
2023-07-09 17:48:13,635 - root - DEBUG - 2.1.1 Value: 0
2023-07-09 17:48:13,635 - root - DEBUG - 2.1.2 Value: 0
2023-07-09 17:48:13,635 - root - DEBUG - 2.1.3 Value: 1
2023-07-09 17:48:13,635 - root - DEBUG - 2.3 Value: None
2023-07-09 17:48:13,635 - root - DEBUG - 2.3.1 Value: 0
2023-07-09 17:48:13,635 - root - DEBUG - 2.3.2 Value: 0
2023-07-09 17:48:13,635 - root - DEBUG - 2.3.3 Value: 0
2023-07-09 17:48:13,635 - root - DEBUG - 3 Value: None
2023-07-09 17:48:13,635 - root - DEBUG - 3.1 Value: None
2023-07-09 17:48:13,635 - root - DEBUG - 3.1.1 Value: None
2023-07-09 17:48:13,635 - root - DEBUG - 3.1.1.1 Value: None
2023-07-09 17:48:13,635 - root - DEBUG - 3.1.1.1.1 Value: 12
2023-07-09 17:48:13,635 - root - DEBUG - 3.1.1.1.2 Value: 44
2023-07-09 17:48:13,635 - root - DEBUG - 3.1.1.1.3 Value: 2
2023-07-09 17:48:13,635 - root - DEBUG - 3.1.1.1.4 Value: 10
2023-07-09 17:48:13,635 - root - DEBUG - 3.1.1.2 Value: None
2023-07-09 17:48:13,635 - root - DEBUG - 3.1.1.2.1 Value: 58
2023-07-09 17:48:13,635 - root - DEBUG - 3.1.1.2.2 Value: 44
2023-07-09 17:48:13,635 - root - DEBUG - 3.1.1.2.3 Value: 2
2023-07-09 17:48:13,635 - root - DEBUG - 3.1.1.2.4 Value: 10
2023-07-09 17:48:13,635 - root - DEBUG - 3.1.2 Value: None
2023-07-09 17:48:13,635 - root - DEBUG - 3.1.2.1 Value: None
2023-07-09 17:48:13,635 - root - DEBUG - 3.1.2.1.1 Value: 136
2023-07-09 17:48:13,635 - root - DEBUG - 3.1.2.1.2 Value: 44
2023-07-09 17:48:13,635 - root - DEBUG - 3.1.2.1.3 Value: 2
2023-07-09 17:48:13,635 - root - DEBUG - 3.1.2.1.4 Value: 10
2023-07-09 17:48:13,635 - root - DEBUG - 3.1.2.2 Value: None
2023-07-09 17:48:13,635 - root - DEBUG - 3.1.2.2.1 Value: 182
2023-07-09 17:48:13,635 - root - DEBUG - 3.1.2.2.2 Value: 44
2023-07-09 17:48:13,635 - root - DEBUG - 3.1.2.2.3 Value: 2
2023-07-09 17:48:13,635 - root - DEBUG - 3.1.2.2.4 Value: 10
2023-07-09 17:48:13,635 - root - DEBUG - 3.1.5 Value: None
2023-07-09 17:48:13,635 - root - DEBUG - 3.1.5.1 Value: 104
2023-07-09 17:48:13,635 - root - DEBUG - 3.1.5.2 Value: 44
2023-07-09 17:48:13,635 - root - DEBUG - 3.1.5.3 Value: 12
2023-07-09 17:48:13,635 - root - DEBUG - 3.1.7 Value: 0
2023-07-09 17:48:13,635 - root - DEBUG - 3.1.8 Value: 1
2023-07-09 17:48:13,635 - root - DEBUG - 4 Value: None
2023-07-09 17:48:13,635 - root - DEBUG - 4.1 Value: None
2023-07-09 17:48:13,635 - root - DEBUG - 4.1.1 Value: None
2023-07-09 17:48:13,635 - root - DEBUG - 4.1.1.1 Value: 87
2023-07-09 17:48:13,635 - root - DEBUG - 4.1.1.2 Value: 124
2023-07-09 17:48:13,635 - root - DEBUG - 4.1.1.3 Value: 147
2023-07-09 17:48:13,635 - root - DEBUG - 4.1.1.4 Value: 140
2023-07-09 17:48:13,635 - root - DEBUG - 4.1.1.5 Value: 66
2023-07-09 17:48:13,635 - root - DEBUG - 4.1.1.6 Value: 0
2023-07-09 17:48:13,635 - root - DEBUG - 4.1.1.7 Value: 0
2023-07-09 17:48:13,635 - root - DEBUG - 4.1.1.8 Value: 13
2023-07-09 17:48:13,635 - root - DEBUG - 4.1.1.9 Value: 10
2023-07-09 17:48:13,635 - root - DEBUG - 4.3 Value: None
2023-07-09 17:48:13,635 - root - DEBUG - 4.3.1 Value: None
2023-07-09 17:48:13,635 - root - DEBUG - 4.3.1.1 Value: 87
2023-07-09 17:48:13,635 - root - DEBUG - 4.3.1.2 Value: 193
2023-07-09 17:48:13,635 - root - DEBUG - 4.3.1.3 Value: 135
2023-07-09 17:48:13,635 - root - DEBUG - 4.3.1.4 Value: 209
2023-07-09 17:48:13,635 - root - DEBUG - 4.3.1.5 Value: 66
2023-07-09 17:48:13,635 - root - DEBUG - 4.3.1.6 Value: 0
2023-07-09 17:48:13,635 - root - DEBUG - 4.3.1.7 Value: 0
2023-07-09 17:48:13,635 - root - DEBUG - 4.3.1.8 Value: 13
2023-07-09 17:48:13,635 - root - DEBUG - 4.3.1.9 Value: 10
2023-07-09 17:48:13,635 - root - DEBUG - 4.7 Value: 0
2023-07-09 17:48:13,635 - root - DEBUG - 4.8 Value: None
2023-07-09 17:48:13,635 - root - DEBUG - 4.8.1 Value: None
2023-07-09 17:48:13,635 - root - DEBUG - 4.8.1.1 Value: 87
2023-07-09 17:48:13,635 - root - DEBUG - 4.8.1.2 Value: 159
2023-07-09 17:48:13,635 - root - DEBUG - 4.8.1.3 Value: 147
2023-07-09 17:48:13,635 - root - DEBUG - 4.8.1.4 Value: 175
2023-07-09 17:48:13,635 - root - DEBUG - 4.8.1.5 Value: 66
2023-07-09 17:48:13,635 - root - DEBUG - 4.8.1.6 Value: 0
2023-07-09 17:48:13,635 - root - DEBUG - 4.8.1.7 Value: 0
2023-07-09 17:48:13,635 - root - DEBUG - 4.8.1.8 Value: 13
2023-07-09 17:48:13,635 - root - DEBUG - 4.8.1.9 Value: 10
2023-07-09 17:48:13,635 - root - DEBUG - 5 Value: None
2023-07-09 17:48:13,635 - root - DEBUG - 5.1 Value: None
2023-07-09 17:48:13,635 - root - DEBUG - 5.1.9 Value: None
2023-07-09 17:48:13,635 - root - DEBUG - 5.1.9.3 Value: None
2023-07-09 17:48:13,635 - root - DEBUG - 5.1.9.3.1 Value: 191
2023-07-09 17:48:13,635 - root - DEBUG - 5.1.9.3.2 Value: 240
2023-07-09 17:48:13,635 - root - DEBUG - 5.1.9.3.3 Value: 219
2023-07-09 17:48:13,635 - root - DEBUG - 5.1.9.3.4 Value: 256
2023-07-09 17:48:13,635 - root - DEBUG - 5.1.9.3.5 Value: 18
2023-07-09 17:48:13,635 - root - DEBUG - 5.1.9.3.6 Value: 0
2023-07-09 17:48:13,635 - root - DEBUG - 5.1.9.3.7 Value: 0
2023-07-09 17:48:13,635 - root - DEBUG - 5.1.9.3.8 Value: 13
2023-07-09 17:48:13,635 - root - DEBUG - 5.1.9.3.9 Value: 10
2023-07-09 17:48:13,635 - root - DEBUG - 5.1.9.4 Value: 0
2023-07-09 17:48:13,635 - root - DEBUG - 5.1.9.5 Value: 0
2023-07-09 17:48:13,635 - root - DEBUG - 5.1.4 Value: 1
2023-07-09 17:48:13,635 - root - DEBUG - 5.1.5 Value: 1
2023-07-09 17:48:13,635 - root - DEBUG - 5.1.6 Value: 0
2023-07-09 17:48:13,635 - root - DEBUG - 5.2 Value: None
2023-07-09 17:48:13,635 - root - DEBUG - 5.2.1 Value: 163
2023-07-09 17:48:13,635 - root - DEBUG - 5.2.2 Value: 7
2023-07-09 17:48:13,635 - root - DEBUG - 5.2.5 Value: 30
2023-07-09 17:48:13,635 - root - DEBUG - 5.2.6 Value: 31
2023-07-09 17:48:13,635 - root - DEBUG - 5.4 Value: None
2023-07-09 17:48:13,635 - root - DEBUG - 5.4.1 Value: 141
2023-07-09 17:48:13,635 - root - DEBUG - 5.4.2 Value: 240
2023-07-09 17:48:13,635 - root - DEBUG - 5.4.3 Value: 23
2023-07-09 17:48:13,635 - root - DEBUG - 5.4.4 Value: 7
2023-07-09 17:48:13,635 - root - DEBUG - 6 Value: None
2023-07-09 17:48:13,635 - root - DEBUG - 6.1 Value: None
2023-07-09 17:48:13,635 - root - DEBUG - 6.1.2 Value: None
2023-07-09 17:48:13,635 - root - DEBUG - 6.1.2.1 Value: 39
2023-07-09 17:48:13,635 - root - DEBUG - 6.1.2.2 Value: 234
2023-07-09 17:48:13,635 - root - DEBUG - 6.1.2.3 Value: 32
2023-07-09 17:48:13,651 - root - DEBUG - 6.1.2.4 Value: 26
2023-07-09 17:48:13,651 - root - DEBUG - 6.2 Value: None
2023-07-09 17:48:13,651 - root - DEBUG - 6.2.1 Value: None
2023-07-09 17:48:13,651 - root - DEBUG - 6.2.1.1 Value: None
2023-07-09 17:48:13,651 - root - DEBUG - 6.2.1.1.1 Value: 69
2023-07-09 17:48:13,651 - root - DEBUG - 6.2.1.1.2 Value: 240
2023-07-09 17:48:13,651 - root - DEBUG - 6.2.1.1.3 Value: 113
2023-07-09 17:48:13,651 - root - DEBUG - 6.2.1.1.4 Value: 256
2023-07-09 17:48:13,651 - root - DEBUG - 6.2.1.1.5 Value: 66
2023-07-09 17:48:13,651 - root - DEBUG - 6.2.1.1.6 Value: 0
2023-07-09 17:48:13,651 - root - DEBUG - 6.2.1.1.7 Value: 0
2023-07-09 17:48:13,651 - root - DEBUG - 6.2.1.1.8 Value: 58
2023-07-09 17:48:13,651 - root - DEBUG - 6.2.1.1.9 Value: 10
2023-07-09 17:48:13,651 - root - DEBUG - 6.2.1.2 Value: 68
2023-07-09 17:48:13,651 - root - DEBUG - 6.2.1.3 Value: 69
2023-07-09 17:48:13,651 - root - DEBUG - 6.2.1.5 Value: 70
2023-07-09 17:48:13,651 - root - DEBUG - 7 Value: None
2023-07-09 17:48:13,651 - root - DEBUG - 7.2 Value: None
2023-07-09 17:48:13,651 - root - DEBUG - 7.2.1 Value: 144
2023-07-09 17:48:13,651 - root - DEBUG - 7.2.2 Value: 125
2023-07-09 17:48:13,651 - root - DEBUG - 7.2.3 Value: 71
2023-07-09 17:48:13,651 - root - DEBUG - 7.2.4 Value: 12
2023-07-09 17:48:13,651 - root - DEBUG - 8 Value: None
2023-07-09 17:48:13,651 - root - DEBUG - 8.1 Value: None
2023-07-09 17:48:13,651 - root - DEBUG - 8.1.1 Value: None
2023-07-09 17:48:13,651 - root - DEBUG - 8.1.1.1 Value: 129
2023-07-09 17:48:13,651 - root - DEBUG - 8.1.1.2 Value: 7
2023-07-09 17:48:13,651 - root - DEBUG - 8.1.2 Value: 85
2023-07-09 17:48:13,651 - root - DEBUG - 8.1.3 Value: 86
2023-07-09 17:48:13,651 - root - DEBUG - 8.2 Value: None
2023-07-09 17:48:13,651 - root - DEBUG - 8.2.1 Value: None
2023-07-09 17:48:13,651 - root - DEBUG - 8.2.1.1 Value: 27
2023-07-09 17:48:13,651 - root - DEBUG - 8.2.1.2 Value: 7
2023-07-09 17:48:13,651 - root - DEBUG - 8.2.2 Value: 87
2023-07-09 17:48:13,651 - root - DEBUG - 8.2.3 Value: 88
2023-07-09 17:48:13,651 - root - DEBUG - 8.3 Value: None
2023-07-09 17:48:13,651 - root - DEBUG - 8.3.1 Value: None
2023-07-09 17:48:13,651 - root - DEBUG - 8.3.1.1 Value: 61
2023-07-09 17:48:13,651 - root - DEBUG - 8.3.1.2 Value: 7
2023-07-09 17:48:13,651 - root - DEBUG - 8.3.2 Value: 83
2023-07-09 17:48:13,651 - root - DEBUG - 8.3.3 Value: 84
2023-07-09 17:48:13,651 - root - DEBUG - 8.4 Value: None
2023-07-09 17:48:13,651 - root - DEBUG - 8.4.1 Value: None
2023-07-09 17:48:13,651 - root - DEBUG - 8.4.1.1 Value: 95
2023-07-09 17:48:13,651 - root - DEBUG - 8.4.1.2 Value: 7
2023-07-09 17:48:13,651 - root - DEBUG - 8.4.2 Value: 89
2023-07-09 17:48:13,651 - root - DEBUG - 8.4.3 Value: 90
2023-07-09 17:48:13,651 - root - DEBUG - 15 Value: None
2023-07-09 17:48:13,651 - root - DEBUG - 15.2 Value: None
2023-07-09 17:48:13,651 - root - DEBUG - 15.2.1 Value: 141
2023-07-09 17:48:13,651 - root - DEBUG - 15.2.2 Value: 193
2023-07-09 17:48:13,651 - root - DEBUG - 15.2.3 Value: 71
2023-07-09 17:48:13,651 - root - DEBUG - 15.2.4 Value: 12
2023-07-09 17:48:13,651 - root - DEBUG - 24 Value: None
2023-07-09 17:48:13,651 - root - DEBUG - 24.2 Value: None
2023-07-09 17:48:13,651 - root - DEBUG - 24.2.1 Value: 144
2023-07-09 17:48:13,651 - root - DEBUG - 24.2.2 Value: 159
2023-07-09 17:48:13,651 - root - DEBUG - 24.2.3 Value: 71
2023-07-09 17:48:13,651 - root - DEBUG - 24.2.4 Value: 12
2023-07-09 17:48:13,651 - root - DEBUG - 0-Info
2023-07-09 17:48:13,651 - root - DEBUG - 0.1-DeviceId
2023-07-09 17:48:13,651 - root - DEBUG - 2-Background
2023-07-09 17:48:13,651 - root - DEBUG - 2.1-Image
2023-07-09 17:48:13,651 - root - DEBUG - 2.1.1-X
2023-07-09 17:48:13,651 - root - DEBUG - 2.1.2-Y
2023-07-09 17:48:13,651 - root - DEBUG - 2.1.3-ImageIndex
2023-07-09 17:48:13,651 - root - DEBUG - 2.3-Preview
2023-07-09 17:48:13,651 - root - DEBUG - 2.3.1-X
2023-07-09 17:48:13,651 - root - DEBUG - 2.3.2-Y
2023-07-09 17:48:13,651 - root - DEBUG - 2.3.3-ImageIndex
2023-07-09 17:48:13,651 - root - DEBUG - 3-TimeExtended
2023-07-09 17:48:13,651 - root - DEBUG - 3.1-TimeSeparateDigits
2023-07-09 17:48:13,651 - root - DEBUG - 3.1.1-Hours
2023-07-09 17:48:13,651 - root - DEBUG - 3.1.1.1-Tens
2023-07-09 17:48:13,651 - root - DEBUG - 3.1.1.1.1-X
2023-07-09 17:48:13,651 - root - DEBUG - 3.1.1.1.2-Y
2023-07-09 17:48:13,651 - root - DEBUG - 3.1.1.1.3-ImageIndex
2023-07-09 17:48:13,651 - root - DEBUG - 3.1.1.1.4-ImagesCount
2023-07-09 17:48:13,651 - root - DEBUG - 3.1.1.2-Ones
2023-07-09 17:48:13,651 - root - DEBUG - 3.1.1.2.1-X
2023-07-09 17:48:13,651 - root - DEBUG - 3.1.1.2.2-Y
2023-07-09 17:48:13,651 - root - DEBUG - 3.1.1.2.3-ImageIndex
2023-07-09 17:48:13,651 - root - DEBUG - 3.1.1.2.4-ImagesCount
2023-07-09 17:48:13,651 - root - DEBUG - 3.1.2-Minutes
2023-07-09 17:48:13,651 - root - DEBUG - 3.1.2.1-Tens
2023-07-09 17:48:13,651 - root - DEBUG - 3.1.2.1.1-X
2023-07-09 17:48:13,651 - root - DEBUG - 3.1.2.1.2-Y
2023-07-09 17:48:13,651 - root - DEBUG - 3.1.2.1.3-ImageIndex
2023-07-09 17:48:13,651 - root - DEBUG - 3.1.2.1.4-ImagesCount
2023-07-09 17:48:13,651 - root - DEBUG - 3.1.2.2-Ones
2023-07-09 17:48:13,651 - root - DEBUG - 3.1.2.2.1-X
2023-07-09 17:48:13,651 - root - DEBUG - 3.1.2.2.2-Y
2023-07-09 17:48:13,651 - root - DEBUG - 3.1.2.2.3-ImageIndex
2023-07-09 17:48:13,651 - root - DEBUG - 3.1.2.2.4-ImagesCount
2023-07-09 17:48:13,651 - root - DEBUG - 3.1.5-SeparatorHours
2023-07-09 17:48:13,651 - root - DEBUG - 3.1.5.1-X
2023-07-09 17:48:13,651 - root - DEBUG - 3.1.5.2-Y
2023-07-09 17:48:13,651 - root - DEBUG - 3.1.5.3-ImageIndex
2023-07-09 17:48:13,651 - root - DEBUG - 3.1.7-UnknowBoolean7
2023-07-09 17:48:13,651 - root - DEBUG - 3.1.8-PaddingZeroMinutes
2023-07-09 17:48:13,651 - root - DEBUG - 4-Activity
2023-07-09 17:48:13,651 - root - DEBUG - 4.1-Steps
2023-07-09 17:48:13,651 - root - DEBUG - 4.1.1-ImageNumber
2023-07-09 17:48:13,651 - root - DEBUG - 4.1.1.1-TopLeftX
2023-07-09 17:48:13,651 - root - DEBUG - 4.1.1.2-TopLeftY
2023-07-09 17:48:13,651 - root - DEBUG - 4.1.1.3-BottomRightX
2023-07-09 17:48:13,651 - root - DEBUG - 4.1.1.4-BottomRightY
2023-07-09 17:48:13,666 - root - DEBUG - 4.1.1.5-Alignment
2023-07-09 17:48:13,666 - root - DEBUG - 4.1.1.6-Spacing
2023-07-09 17:48:13,666 - root - DEBUG - 4.1.1.7-VerticalOffset
2023-07-09 17:48:13,666 - root - DEBUG - 4.1.1.8-ImageIndex
2023-07-09 17:48:13,666 - root - DEBUG - 4.1.1.9-ImagesCount
2023-07-09 17:48:13,666 - root - DEBUG - 4.3-Calories
2023-07-09 17:48:13,666 - root - DEBUG - 4.3.1-ImageNumber
2023-07-09 17:48:13,666 - root - DEBUG - 4.3.1.1-TopLeftX
2023-07-09 17:48:13,666 - root - DEBUG - 4.3.1.2-TopLeftY
2023-07-09 17:48:13,666 - root - DEBUG - 4.3.1.3-BottomRightX
2023-07-09 17:48:13,666 - root - DEBUG - 4.3.1.4-BottomRightY
2023-07-09 17:48:13,666 - root - DEBUG - 4.3.1.5-Alignment
2023-07-09 17:48:13,666 - root - DEBUG - 4.3.1.6-Spacing
2023-07-09 17:48:13,666 - root - DEBUG - 4.3.1.7-VerticalOffset
2023-07-09 17:48:13,666 - root - DEBUG - 4.3.1.8-ImageIndex
2023-07-09 17:48:13,666 - root - DEBUG - 4.3.1.9-ImagesCount
2023-07-09 17:48:13,666 - root - DEBUG - 4.7-UnknownLongValue7
2023-07-09 17:48:13,666 - root - DEBUG - 4.8-StandUp
2023-07-09 17:48:13,666 - root - DEBUG - 4.8.1-ImageNumber
2023-07-09 17:48:13,666 - root - DEBUG - 4.8.1.1-TopLeftX
2023-07-09 17:48:13,666 - root - DEBUG - 4.8.1.2-TopLeftY
2023-07-09 17:48:13,666 - root - DEBUG - 4.8.1.3-BottomRightX
2023-07-09 17:48:13,666 - root - DEBUG - 4.8.1.4-BottomRightY
2023-07-09 17:48:13,666 - root - DEBUG - 4.8.1.5-Alignment
2023-07-09 17:48:13,666 - root - DEBUG - 4.8.1.6-Spacing
2023-07-09 17:48:13,666 - root - DEBUG - 4.8.1.7-VerticalOffset
2023-07-09 17:48:13,666 - root - DEBUG - 4.8.1.8-ImageIndex
2023-07-09 17:48:13,666 - root - DEBUG - 4.8.1.9-ImagesCount
2023-07-09 17:48:13,666 - root - DEBUG - 5-DateBlock
2023-07-09 17:48:13,666 - root - DEBUG - 5.1-Date
2023-07-09 17:48:13,666 - root - DEBUG - 5.1.9-YearMonthAndDay
2023-07-09 17:48:13,666 - root - DEBUG - 5.1.9.3-Day
2023-07-09 17:48:13,666 - root - DEBUG - 5.1.9.3.1-TopLeftX
2023-07-09 17:48:13,666 - root - DEBUG - 5.1.9.3.2-TopLeftY
2023-07-09 17:48:13,666 - root - DEBUG - 5.1.9.3.3-BottomRightX
2023-07-09 17:48:13,666 - root - DEBUG - 5.1.9.3.4-BottomRightY
2023-07-09 17:48:13,666 - root - DEBUG - 5.1.9.3.5-Alignment
2023-07-09 17:48:13,666 - root - DEBUG - 5.1.9.3.6-Spacing
2023-07-09 17:48:13,666 - root - DEBUG - 5.1.9.3.7-VerticalOffset
2023-07-09 17:48:13,666 - root - DEBUG - 5.1.9.3.8-ImageIndex
2023-07-09 17:48:13,666 - root - DEBUG - 5.1.9.3.9-ImagesCount
2023-07-09 17:48:13,666 - root - DEBUG - 5.1.9.4-MonthFollowsYear
2023-07-09 17:48:13,666 - root - DEBUG - 5.1.9.5-DayFollowsMonth
2023-07-09 17:48:13,666 - root - DEBUG - 5.1.4-PaddingZeroMonth
2023-07-09 17:48:13,666 - root - DEBUG - 5.1.5-PaddingZeroDay
2023-07-09 17:48:13,666 - root - DEBUG - 5.1.6-UnknownBoolean6
2023-07-09 17:48:13,666 - root - DEBUG - 5.2-AmPm
2023-07-09 17:48:13,666 - root - DEBUG - 5.2.1-CommonX
2023-07-09 17:48:13,666 - root - DEBUG - 5.2.2-CommonY
2023-07-09 17:48:13,666 - root - DEBUG - 5.2.5-AmImageIndexEN
2023-07-09 17:48:13,666 - root - DEBUG - 5.2.6-PmImageIndexEN
2023-07-09 17:48:13,666 - root - DEBUG - 5.4-Weekday
2023-07-09 17:48:13,666 - root - DEBUG - 5.4.1-X
2023-07-09 17:48:13,666 - root - DEBUG - 5.4.2-Y
2023-07-09 17:48:13,666 - root - DEBUG - 5.4.3-ImageIndex
2023-07-09 17:48:13,666 - root - DEBUG - 5.4.4-ImagesCount
2023-07-09 17:48:13,666 - root - DEBUG - 6-Weather
2023-07-09 17:48:13,666 - root - DEBUG - 6.1-Icon
2023-07-09 17:48:13,666 - root - DEBUG - 6.1.2-Images
2023-07-09 17:48:13,666 - root - DEBUG - 6.1.2.1-X
2023-07-09 17:48:13,666 - root - DEBUG - 6.1.2.2-Y
2023-07-09 17:48:13,666 - root - DEBUG - 6.1.2.3-ImageIndex
2023-07-09 17:48:13,666 - root - DEBUG - 6.1.2.4-ImagesCount
2023-07-09 17:48:13,666 - root - DEBUG - 6.2-Temperature
2023-07-09 17:48:13,666 - root - DEBUG - 6.2.1-Current
2023-07-09 17:48:13,666 - root - DEBUG - 6.2.1.1-ImageNumber
2023-07-09 17:48:13,666 - root - DEBUG - 6.2.1.1.1-TopLeftX
2023-07-09 17:48:13,666 - root - DEBUG - 6.2.1.1.2-TopLeftY
2023-07-09 17:48:13,666 - root - DEBUG - 6.2.1.1.3-BottomRightX
2023-07-09 17:48:13,666 - root - DEBUG - 6.2.1.1.4-BottomRightY
2023-07-09 17:48:13,666 - root - DEBUG - 6.2.1.1.5-Alignment
2023-07-09 17:48:13,666 - root - DEBUG - 6.2.1.1.6-Spacing
2023-07-09 17:48:13,666 - root - DEBUG - 6.2.1.1.7-VerticalOffset
2023-07-09 17:48:13,666 - root - DEBUG - 6.2.1.1.8-ImageIndex
2023-07-09 17:48:13,666 - root - DEBUG - 6.2.1.1.9-ImagesCount
2023-07-09 17:48:13,666 - root - DEBUG - 6.2.1.2-MinusImageIndex
2023-07-09 17:48:13,666 - root - DEBUG - 6.2.1.3-SuffixImageIndexC
2023-07-09 17:48:13,666 - root - DEBUG - 6.2.1.5-NoDataImageIndex
2023-07-09 17:48:13,666 - root - DEBUG - 7-StepProgress
2023-07-09 17:48:13,666 - root - DEBUG - 7.2-ImageProgress
2023-07-09 17:48:13,666 - root - DEBUG - 7.2.1-X
2023-07-09 17:48:13,666 - root - DEBUG - 7.2.2-Y
2023-07-09 17:48:13,666 - root - DEBUG - 7.2.3-ImageIndex
2023-07-09 17:48:13,666 - root - DEBUG - 7.2.4-ImagesCount
2023-07-09 17:48:13,666 - root - DEBUG - 8-Status
2023-07-09 17:48:13,666 - root - DEBUG - 8.1-DoNotDisturb
2023-07-09 17:48:13,682 - root - DEBUG - 8.1.1-Coordinates
2023-07-09 17:48:13,682 - root - DEBUG - 8.1.1.1-X
2023-07-09 17:48:13,682 - root - DEBUG - 8.1.1.2-Y
2023-07-09 17:48:13,682 - root - DEBUG - 8.1.2-ImageIndexOn
2023-07-09 17:48:13,682 - root - DEBUG - 8.1.3-ImageIndexOff
2023-07-09 17:48:13,682 - root - DEBUG - 8.2-Lock
2023-07-09 17:48:13,682 - root - DEBUG - 8.2.1-Coordinates
2023-07-09 17:48:13,682 - root - DEBUG - 8.2.1.1-X
2023-07-09 17:48:13,682 - root - DEBUG - 8.2.1.2-Y
2023-07-09 17:48:13,682 - root - DEBUG - 8.2.2-ImageIndexOn
2023-07-09 17:48:13,682 - root - DEBUG - 8.2.3-ImageIndexOff
2023-07-09 17:48:13,682 - root - DEBUG - 8.3-Bluetooth
2023-07-09 17:48:13,682 - root - DEBUG - 8.3.1-Coordinates
2023-07-09 17:48:13,682 - root - DEBUG - 8.3.1.1-X
2023-07-09 17:48:13,682 - root - DEBUG - 8.3.1.2-Y
2023-07-09 17:48:13,682 - root - DEBUG - 8.3.2-ImageIndexOn
2023-07-09 17:48:13,682 - root - DEBUG - 8.3.3-ImageIndexOff
2023-07-09 17:48:13,682 - root - DEBUG - 8.4-Alarm
2023-07-09 17:48:13,682 - root - DEBUG - 8.4.1-Coordinates
2023-07-09 17:48:13,682 - root - DEBUG - 8.4.1.1-X
2023-07-09 17:48:13,682 - root - DEBUG - 8.4.1.2-Y
2023-07-09 17:48:13,682 - root - DEBUG - 8.4.2-ImageIndexOn
2023-07-09 17:48:13,682 - root - DEBUG - 8.4.3-ImageIndexOff
2023-07-09 17:48:13,682 - root - DEBUG - 15-CaloriesProgress
2023-07-09 17:48:13,682 - root - DEBUG - 15.2-ImageProgress
2023-07-09 17:48:13,682 - root - DEBUG - 15.2.1-X
2023-07-09 17:48:13,682 - root - DEBUG - 15.2.2-Y
2023-07-09 17:48:13,682 - root - DEBUG - 15.2.3-ImageIndex
2023-07-09 17:48:13,682 - root - DEBUG - 15.2.4-ImagesCount
2023-07-09 17:48:13,682 - root - DEBUG - 24-StandUpProgress
2023-07-09 17:48:13,682 - root - DEBUG - 24.2-ImageProgress
2023-07-09 17:48:13,682 - root - DEBUG - 24.2.1-X
2023-07-09 17:48:13,682 - root - DEBUG - 24.2.2-Y
2023-07-09 17:48:13,682 - root - DEBUG - 24.2.3-ImageIndex
2023-07-09 17:48:13,682 - root - DEBUG - 24.2.4-ImagesCount
2023-07-09 17:48:13,682 - root - DEBUG - generatePreviews
2023-07-09 17:48:13,682 - root - DEBUG - Generating previews...
2023-07-09 17:48:13,682 - root - DEBUG - Generating states done...
2023-07-09 17:48:13,698 - root - DEBUG - >>>>>>>>>>>> 0 <watchFaceParser.models.parameter.Parameter object at 0x0000027C42EB31F0>
2023-07-09 17:48:13,698 - root - DEBUG - >>>>>>>>>>>> 2 <watchFaceParser.models.parameter.Parameter object at 0x0000027C42EA9160>
2023-07-09 17:48:13,698 - root - DEBUG - >>>>>>>>>>>> 3 <watchFaceParser.models.parameter.Parameter object at 0x0000027C42EA92E0>
2023-07-09 17:48:13,713 - root - DEBUG - >>>>>>>>>>>> 4 <watchFaceParser.models.parameter.Parameter object at 0x0000027C42EABBB0>
2023-07-09 17:48:13,729 - root - DEBUG - >>>>>>>>>>>> 5 <watchFaceParser.models.parameter.Parameter object at 0x0000027C42EACBE0>
2023-07-09 17:48:13,729 - root - DEBUG - >>>>>>>>>>>> 6 <watchFaceParser.models.parameter.Parameter object at 0x0000027C42EAF910>
2023-07-09 17:48:13,744 - root - DEBUG - >>>>>>>>>>>> 7 <watchFaceParser.models.parameter.Parameter object at 0x0000027C42EAFF70>
2023-07-09 17:48:13,744 - root - DEBUG - >>>>>>>>>>>> 8 <watchFaceParser.models.parameter.Parameter object at 0x0000027C42EAFC40>
2023-07-09 17:48:13,760 - root - DEBUG - >>>>>>>>>>>> 15 <watchFaceParser.models.parameter.Parameter object at 0x0000027C42EB1D60>
2023-07-09 17:48:13,776 - root - DEBUG - >>>>>>>>>>>> 24 <watchFaceParser.models.parameter.Parameter object at 0x0000027C42EB1FA0>
2023-07-09 17:48:13,776 - root - DEBUG - Generating static preview gen done...
2023-07-09 17:48:13,856 - root - DEBUG - Generating static preview save done...
2023-07-09 17:48:13,856 - root - DEBUG - Generating anim preview gen done...
2023-07-09 17:48:13,856 - root - DEBUG - >>>>>>>>>>>> 0 <watchFaceParser.models.parameter.Parameter object at 0x0000027C42EB31F0>
2023-07-09 17:48:13,856 - root - DEBUG - >>>>>>>>>>>> 2 <watchFaceParser.models.parameter.Parameter object at 0x0000027C42EA9160>
2023-07-09 17:48:13,857 - root - DEBUG - >>>>>>>>>>>> 3 <watchFaceParser.models.parameter.Parameter object at 0x0000027C42EA92E0>
2023-07-09 17:48:13,857 - root - DEBUG - >>>>>>>>>>>> 4 <watchFaceParser.models.parameter.Parameter object at 0x0000027C42EABBB0>
2023-07-09 17:48:13,857 - root - DEBUG - >>>>>>>>>>>> 5 <watchFaceParser.models.parameter.Parameter object at 0x0000027C42EACBE0>
2023-07-09 17:48:13,858 - root - DEBUG - >>>>>>>>>>>> 6 <watchFaceParser.models.parameter.Parameter object at 0x0000027C42EAF910>
2023-07-09 17:48:13,858 - root - DEBUG - >>>>>>>>>>>> 7 <watchFaceParser.models.parameter.Parameter object at 0x0000027C42EAFF70>
2023-07-09 17:48:13,858 - root - DEBUG - >>>>>>>>>>>> 8 <watchFaceParser.models.parameter.Parameter object at 0x0000027C42EAFC40>
2023-07-09 17:48:13,859 - root - DEBUG - >>>>>>>>>>>> 15 <watchFaceParser.models.parameter.Parameter object at 0x0000027C42EB1D60>
2023-07-09 17:48:13,859 - root - DEBUG - >>>>>>>>>>>> 24 <watchFaceParser.models.parameter.Parameter object at 0x0000027C42EB1FA0>
2023-07-09 17:48:13,975 - root - DEBUG - generatePreviews done
2023-07-09 17:48:13,975 - root - DEBUG - Exporting resources to 'E:\Codez\zepp-bip3-wf\446d185da44959125a0d854b7bfc4696'
2023-07-09 17:48:13,975 - root - DEBUG - extracting E:\Codez\zepp-bip3-wf\446d185da44959125a0d854b7bfc4696\0000.png...
2023-07-09 17:48:13,975 - root - DEBUG - extracting E:\Codez\zepp-bip3-wf\446d185da44959125a0d854b7bfc4696\0001.png...
2023-07-09 17:48:13,990 - root - DEBUG - extracting E:\Codez\zepp-bip3-wf\446d185da44959125a0d854b7bfc4696\0002.png...
2023-07-09 17:48:13,990 - root - DEBUG - extracting E:\Codez\zepp-bip3-wf\446d185da44959125a0d854b7bfc4696\0003.png...
2023-07-09 17:48:13,990 - root - DEBUG - extracting E:\Codez\zepp-bip3-wf\446d185da44959125a0d854b7bfc4696\0004.png...
2023-07-09 17:48:13,990 - root - DEBUG - extracting E:\Codez\zepp-bip3-wf\446d185da44959125a0d854b7bfc4696\0005.png...
2023-07-09 17:48:13,990 - root - DEBUG - extracting E:\Codez\zepp-bip3-wf\446d185da44959125a0d854b7bfc4696\0006.png...
2023-07-09 17:48:14,006 - root - DEBUG - extracting E:\Codez\zepp-bip3-wf\446d185da44959125a0d854b7bfc4696\0007.png...
2023-07-09 17:48:14,006 - root - DEBUG - extracting E:\Codez\zepp-bip3-wf\446d185da44959125a0d854b7bfc4696\0008.png...
2023-07-09 17:48:14,006 - root - DEBUG - extracting E:\Codez\zepp-bip3-wf\446d185da44959125a0d854b7bfc4696\0009.png...
2023-07-09 17:48:14,006 - root - DEBUG - extracting E:\Codez\zepp-bip3-wf\446d185da44959125a0d854b7bfc4696\0010.png...
2023-07-09 17:48:14,006 - root - DEBUG - extracting E:\Codez\zepp-bip3-wf\446d185da44959125a0d854b7bfc4696\0011.png...
2023-07-09 17:48:14,006 - root - DEBUG - extracting E:\Codez\zepp-bip3-wf\446d185da44959125a0d854b7bfc4696\0012.png...
2023-07-09 17:48:14,006 - root - DEBUG - extracting E:\Codez\zepp-bip3-wf\446d185da44959125a0d854b7bfc4696\0013.png...
2023-07-09 17:48:14,006 - root - DEBUG - extracting E:\Codez\zepp-bip3-wf\446d185da44959125a0d854b7bfc4696\0014.png...
2023-07-09 17:48:14,006 - root - DEBUG - extracting E:\Codez\zepp-bip3-wf\446d185da44959125a0d854b7bfc4696\0015.png...
2023-07-09 17:48:14,021 - root - DEBUG - extracting E:\Codez\zepp-bip3-wf\446d185da44959125a0d854b7bfc4696\0016.png...
2023-07-09 17:48:14,021 - root - DEBUG - extracting E:\Codez\zepp-bip3-wf\446d185da44959125a0d854b7bfc4696\0017.png...
2023-07-09 17:48:14,021 - root - DEBUG - extracting E:\Codez\zepp-bip3-wf\446d185da44959125a0d854b7bfc4696\0018.png...
2023-07-09 17:48:14,021 - root - DEBUG - extracting E:\Codez\zepp-bip3-wf\446d185da44959125a0d854b7bfc4696\0019.png...
2023-07-09 17:48:14,021 - root - DEBUG - extracting E:\Codez\zepp-bip3-wf\446d185da44959125a0d854b7bfc4696\0020.png...
2023-07-09 17:48:14,021 - root - DEBUG - extracting E:\Codez\zepp-bip3-wf\446d185da44959125a0d854b7bfc4696\0021.png...
2023-07-09 17:48:14,021 - root - DEBUG - extracting E:\Codez\zepp-bip3-wf\446d185da44959125a0d854b7bfc4696\0022.png...
2023-07-09 17:48:14,021 - root - DEBUG - extracting E:\Codez\zepp-bip3-wf\446d185da44959125a0d854b7bfc4696\0023.png...
2023-07-09 17:48:14,021 - root - DEBUG - extracting E:\Codez\zepp-bip3-wf\446d185da44959125a0d854b7bfc4696\0024.png...
2023-07-09 17:48:14,021 - root - DEBUG - extracting E:\Codez\zepp-bip3-wf\446d185da44959125a0d854b7bfc4696\0025.png...
2023-07-09 17:48:14,021 - root - DEBUG - extracting E:\Codez\zepp-bip3-wf\446d185da44959125a0d854b7bfc4696\0026.png...
2023-07-09 17:48:14,021 - root - DEBUG - extracting E:\Codez\zepp-bip3-wf\446d185da44959125a0d854b7bfc4696\0027.png...
2023-07-09 17:48:14,021 - root - DEBUG - extracting E:\Codez\zepp-bip3-wf\446d185da44959125a0d854b7bfc4696\0028.png...
2023-07-09 17:48:14,037 - root - DEBUG - extracting E:\Codez\zepp-bip3-wf\446d185da44959125a0d854b7bfc4696\0029.png...
2023-07-09 17:48:14,037 - root - DEBUG - extracting E:\Codez\zepp-bip3-wf\446d185da44959125a0d854b7bfc4696\0030.png...
2023-07-09 17:48:14,037 - root - DEBUG - extracting E:\Codez\zepp-bip3-wf\446d185da44959125a0d854b7bfc4696\0031.png...
2023-07-09 17:48:14,037 - root - DEBUG - extracting E:\Codez\zepp-bip3-wf\446d185da44959125a0d854b7bfc4696\0032.png...
2023-07-09 17:48:14,037 - root - DEBUG - extracting E:\Codez\zepp-bip3-wf\446d185da44959125a0d854b7bfc4696\0033.png...
2023-07-09 17:48:14,037 - root - DEBUG - extracting E:\Codez\zepp-bip3-wf\446d185da44959125a0d854b7bfc4696\0034.png...
2023-07-09 17:48:14,037 - root - DEBUG - extracting E:\Codez\zepp-bip3-wf\446d185da44959125a0d854b7bfc4696\0035.png...
2023-07-09 17:48:14,037 - root - DEBUG - extracting E:\Codez\zepp-bip3-wf\446d185da44959125a0d854b7bfc4696\0036.png...
2023-07-09 17:48:14,037 - root - DEBUG - extracting E:\Codez\zepp-bip3-wf\446d185da44959125a0d854b7bfc4696\0037.png...
2023-07-09 17:48:14,037 - root - DEBUG - extracting E:\Codez\zepp-bip3-wf\446d185da44959125a0d854b7bfc4696\0038.png...
2023-07-09 17:48:14,037 - root - DEBUG - extracting E:\Codez\zepp-bip3-wf\446d185da44959125a0d854b7bfc4696\0039.png...
2023-07-09 17:48:14,037 - root - DEBUG - extracting E:\Codez\zepp-bip3-wf\446d185da44959125a0d854b7bfc4696\0040.png...
2023-07-09 17:48:14,037 - root - DEBUG - extracting E:\Codez\zepp-bip3-wf\446d185da44959125a0d854b7bfc4696\0041.png...
2023-07-09 17:48:14,053 - root - DEBUG - extracting E:\Codez\zepp-bip3-wf\446d185da44959125a0d854b7bfc4696\0042.png...
2023-07-09 17:48:14,053 - root - DEBUG - extracting E:\Codez\zepp-bip3-wf\446d185da44959125a0d854b7bfc4696\0043.png...
2023-07-09 17:48:14,053 - root - DEBUG - extracting E:\Codez\zepp-bip3-wf\446d185da44959125a0d854b7bfc4696\0044.png...
2023-07-09 17:48:14,053 - root - DEBUG - extracting E:\Codez\zepp-bip3-wf\446d185da44959125a0d854b7bfc4696\0045.png...
2023-07-09 17:48:14,053 - root - DEBUG - extracting E:\Codez\zepp-bip3-wf\446d185da44959125a0d854b7bfc4696\0046.png...
2023-07-09 17:48:14,053 - root - DEBUG - extracting E:\Codez\zepp-bip3-wf\446d185da44959125a0d854b7bfc4696\0047.png...
2023-07-09 17:48:14,053 - root - DEBUG - extracting E:\Codez\zepp-bip3-wf\446d185da44959125a0d854b7bfc4696\0048.png...
2023-07-09 17:48:14,053 - root - DEBUG - extracting E:\Codez\zepp-bip3-wf\446d185da44959125a0d854b7bfc4696\0049.png...
2023-07-09 17:48:14,053 - root - DEBUG - extracting E:\Codez\zepp-bip3-wf\446d185da44959125a0d854b7bfc4696\0050.png...
2023-07-09 17:48:14,053 - root - DEBUG - extracting E:\Codez\zepp-bip3-wf\446d185da44959125a0d854b7bfc4696\0051.png...
2023-07-09 17:48:14,053 - root - DEBUG - extracting E:\Codez\zepp-bip3-wf\446d185da44959125a0d854b7bfc4696\0052.png...
2023-07-09 17:48:14,053 - root - DEBUG - extracting E:\Codez\zepp-bip3-wf\446d185da44959125a0d854b7bfc4696\0053.png...
2023-07-09 17:48:14,053 - root - DEBUG - extracting E:\Codez\zepp-bip3-wf\446d185da44959125a0d854b7bfc4696\0054.png...
2023-07-09 17:48:14,068 - root - DEBUG - extracting E:\Codez\zepp-bip3-wf\446d185da44959125a0d854b7bfc4696\0055.png...
2023-07-09 17:48:14,068 - root - DEBUG - extracting E:\Codez\zepp-bip3-wf\446d185da44959125a0d854b7bfc4696\0056.png...
2023-07-09 17:48:14,068 - root - DEBUG - extracting E:\Codez\zepp-bip3-wf\446d185da44959125a0d854b7bfc4696\0057.png...
2023-07-09 17:48:14,068 - root - DEBUG - extracting E:\Codez\zepp-bip3-wf\446d185da44959125a0d854b7bfc4696\0058.png...
2023-07-09 17:48:14,068 - root - DEBUG - extracting E:\Codez\zepp-bip3-wf\446d185da44959125a0d854b7bfc4696\0059.png...
2023-07-09 17:48:14,068 - root - DEBUG - extracting E:\Codez\zepp-bip3-wf\446d185da44959125a0d854b7bfc4696\0060.png...
2023-07-09 17:48:14,068 - root - DEBUG - extracting E:\Codez\zepp-bip3-wf\446d185da44959125a0d854b7bfc4696\0061.png...
2023-07-09 17:48:14,068 - root - DEBUG - extracting E:\Codez\zepp-bip3-wf\446d185da44959125a0d854b7bfc4696\0062.png...
2023-07-09 17:48:14,068 - root - DEBUG - extracting E:\Codez\zepp-bip3-wf\446d185da44959125a0d854b7bfc4696\0063.png...
2023-07-09 17:48:14,068 - root - DEBUG - extracting E:\Codez\zepp-bip3-wf\446d185da44959125a0d854b7bfc4696\0064.png...
2023-07-09 17:48:14,068 - root - DEBUG - extracting E:\Codez\zepp-bip3-wf\446d185da44959125a0d854b7bfc4696\0065.png...
2023-07-09 17:48:14,068 - root - DEBUG - extracting E:\Codez\zepp-bip3-wf\446d185da44959125a0d854b7bfc4696\0066.png...
2023-07-09 17:48:14,068 - root - DEBUG - extracting E:\Codez\zepp-bip3-wf\446d185da44959125a0d854b7bfc4696\0067.png...
2023-07-09 17:48:14,084 - root - DEBUG - extracting E:\Codez\zepp-bip3-wf\446d185da44959125a0d854b7bfc4696\0068.png...
2023-07-09 17:48:14,084 - root - DEBUG - extracting E:\Codez\zepp-bip3-wf\446d185da44959125a0d854b7bfc4696\0069.png...
2023-07-09 17:48:14,084 - root - DEBUG - extracting E:\Codez\zepp-bip3-wf\446d185da44959125a0d854b7bfc4696\0070.png...
2023-07-09 17:48:14,084 - root - DEBUG - extracting E:\Codez\zepp-bip3-wf\446d185da44959125a0d854b7bfc4696\0071.png...
2023-07-09 17:48:14,084 - root - DEBUG - extracting E:\Codez\zepp-bip3-wf\446d185da44959125a0d854b7bfc4696\0072.png...
2023-07-09 17:48:14,084 - root - DEBUG - extracting E:\Codez\zepp-bip3-wf\446d185da44959125a0d854b7bfc4696\0073.png...
2023-07-09 17:48:14,084 - root - DEBUG - extracting E:\Codez\zepp-bip3-wf\446d185da44959125a0d854b7bfc4696\0074.png...
2023-07-09 17:48:14,084 - root - DEBUG - extracting E:\Codez\zepp-bip3-wf\446d185da44959125a0d854b7bfc4696\0075.png...
2023-07-09 17:48:14,084 - root - DEBUG - extracting E:\Codez\zepp-bip3-wf\446d185da44959125a0d854b7bfc4696\0076.png...
2023-07-09 17:48:14,084 - root - DEBUG - extracting E:\Codez\zepp-bip3-wf\446d185da44959125a0d854b7bfc4696\0077.png...
2023-07-09 17:48:14,084 - root - DEBUG - extracting E:\Codez\zepp-bip3-wf\446d185da44959125a0d854b7bfc4696\0078.png...
2023-07-09 17:48:14,084 - root - DEBUG - extracting E:\Codez\zepp-bip3-wf\446d185da44959125a0d854b7bfc4696\0079.png...
2023-07-09 17:48:14,084 - root - DEBUG - extracting E:\Codez\zepp-bip3-wf\446d185da44959125a0d854b7bfc4696\0080.png...
2023-07-09 17:48:14,100 - root - DEBUG - extracting E:\Codez\zepp-bip3-wf\446d185da44959125a0d854b7bfc4696\0081.png...
2023-07-09 17:48:14,100 - root - DEBUG - extracting E:\Codez\zepp-bip3-wf\446d185da44959125a0d854b7bfc4696\0082.png...
2023-07-09 17:48:14,100 - root - DEBUG - extracting E:\Codez\zepp-bip3-wf\446d185da44959125a0d854b7bfc4696\0083.png...
2023-07-09 17:48:14,100 - root - DEBUG - extracting E:\Codez\zepp-bip3-wf\446d185da44959125a0d854b7bfc4696\0084.png...
2023-07-09 17:48:14,100 - root - DEBUG - extracting E:\Codez\zepp-bip3-wf\446d185da44959125a0d854b7bfc4696\0085.png...
2023-07-09 17:48:14,100 - root - DEBUG - extracting E:\Codez\zepp-bip3-wf\446d185da44959125a0d854b7bfc4696\0086.png...
2023-07-09 17:48:14,100 - root - DEBUG - extracting E:\Codez\zepp-bip3-wf\446d185da44959125a0d854b7bfc4696\0087.png...
2023-07-09 17:48:14,100 - root - DEBUG - extracting E:\Codez\zepp-bip3-wf\446d185da44959125a0d854b7bfc4696\0088.png...
2023-07-09 17:48:14,100 - root - DEBUG - extracting E:\Codez\zepp-bip3-wf\446d185da44959125a0d854b7bfc4696\0089.png...
2023-07-09 17:48:14,100 - root - DEBUG - extracting E:\Codez\zepp-bip3-wf\446d185da44959125a0d854b7bfc4696\0090.png...
2023-07-09 17:48:14,100 - root - DEBUG - Exporting config...
