2023-07-09 17:49:03,976 - root - DEBUG - Opening watch face 'E:\Codez\zepp-bip3-wf\a8e45fc08c556fe059b30cc4173f5713.bin'
2023-07-09 17:49:03,992 - root - DEBUG - Reading parameters...
2023-07-09 17:49:03,992 - root - INFO - Reading header...
2023-07-09 17:49:03,992 - root - INFO - Header was read:
2023-07-09 17:49:03,992 - root - INFO - Signature: b'UIHH\x01\x00\xff', Unknown: 56, ParametersSize: 54, isValid: True, deviceId: 71
2023-07-09 17:49:03,992 - root - INFO - Reading parameter offsets...
2023-07-09 17:49:03,992 - root - INFO - Parameter offsets were read from file
2023-07-09 17:49:03,992 - root - INFO - Reading parameters descriptor...
2023-07-09 17:49:03,992 - root - INFO - 1 ( A): 5 bytes
2023-07-09 17:49:03,992 - root - INFO -     1 ( 8): 205 CD
2023-07-09 17:49:03,992 - root - INFO -     2 (10): 83 53
2023-07-09 17:49:03,992 - root - INFO - getParameters descriptor was read:
2023-07-09 17:49:03,992 - root - INFO - ParametersTableLength: 205, ImagesCount: 83
2023-07-09 17:49:03,992 - root - INFO - Reading parameters locations...
2023-07-09 17:49:03,992 - root - INFO - 2 (12): 4 bytes
2023-07-09 17:49:03,992 - root - INFO -     1 ( 8): 0  0
2023-07-09 17:49:03,992 - root - INFO -     2 (10): 24 18
2023-07-09 17:49:03,992 - root - INFO - 4 (22): 4 bytes
2023-07-09 17:49:03,992 - root - INFO -     1 ( 8): 80 50
2023-07-09 17:49:03,992 - root - INFO -     2 (10): 52 34
2023-07-09 17:49:03,992 - root - INFO - 5 (2A): 4 bytes
2023-07-09 17:49:03,992 - root - INFO -     1 ( 8): 24 18
2023-07-09 17:49:03,992 - root - INFO -     2 (10): 56 38
2023-07-09 17:49:03,992 - root - INFO - 6 (32): 5 bytes
2023-07-09 17:49:03,992 - root - INFO -     1 ( 8): 132 84
2023-07-09 17:49:03,992 - root - INFO -     2 (10): 26 1A
2023-07-09 17:49:03,992 - root - INFO - 7 (3A): 5 bytes
2023-07-09 17:49:03,992 - root - INFO -     1 ( 8): 158 9E
2023-07-09 17:49:03,992 - root - INFO -     2 (10): 11  B
2023-07-09 17:49:03,992 - root - INFO - 15 (7A): 5 bytes
2023-07-09 17:49:03,992 - root - INFO -     1 ( 8): 169 A9
2023-07-09 17:49:03,992 - root - INFO -     2 (10): 11  B
2023-07-09 17:49:03,992 - root - INFO - 20 (A2): 5 bytes
2023-07-09 17:49:03,992 - root - INFO -     1 ( 8): 180 B4
2023-07-09 17:49:03,992 - root - INFO -     2 (10): 25 19
2023-07-09 17:49:03,992 - root - INFO - Watch face parameters locations were read:
2023-07-09 17:49:03,992 - root - INFO - Reading descriptor for parameter 2
2023-07-09 17:49:03,992 - root - INFO - Descriptor offset: 0, Descriptor length: 24
2023-07-09 17:49:03,992 - root - INFO - Parsing descriptor for parameter 2...
2023-07-09 17:49:03,992 - root - INFO - 1 ( A): 6 bytes
2023-07-09 17:49:03,992 - root - INFO -     1 ( 8): 0  0
2023-07-09 17:49:03,992 - root - INFO -     2 (10): 0  0
2023-07-09 17:49:03,992 - root - INFO -     3 (18): 1  1
2023-07-09 17:49:03,992 - root - INFO - 3 (1A): 6 bytes
2023-07-09 17:49:03,992 - root - INFO -     1 ( 8): 0  0
2023-07-09 17:49:03,992 - root - INFO -     2 (10): 0  0
2023-07-09 17:49:03,992 - root - INFO -     3 (18): 0  0
2023-07-09 17:49:03,992 - root - INFO - 5 (2A): 6 bytes
2023-07-09 17:49:03,992 - root - INFO -     1 ( 8): 0  0
2023-07-09 17:49:03,992 - root - INFO -     2 (10): 0  0
2023-07-09 17:49:03,992 - root - INFO -     3 (18): 0  0
2023-07-09 17:49:03,992 - root - INFO - Reading descriptor for parameter 4
2023-07-09 17:49:03,992 - root - INFO - Descriptor offset: 80, Descriptor length: 52
2023-07-09 17:49:03,992 - root - INFO - Parsing descriptor for parameter 4...
2023-07-09 17:49:03,992 - root - INFO - 1 ( A): 24 bytes
2023-07-09 17:49:03,992 - root - INFO -     1 ( A): 22 bytes
2023-07-09 17:49:03,992 - root - INFO -         1 ( 8): 180 B4
2023-07-09 17:49:03,992 - root - INFO -         2 (10): 245 F5
2023-07-09 17:49:03,992 - root - INFO -         3 (18): 220 DC
2023-07-09 17:49:03,992 - root - INFO -         4 (20): 258 102
2023-07-09 17:49:03,992 - root - INFO -         5 (28): 72 48
2023-07-09 17:49:03,992 - root - INFO -         6 (30): 0  0
2023-07-09 17:49:03,992 - root - INFO -         7 (38): 0  0
2023-07-09 17:49:03,992 - root - INFO -         8 (40): 24 18
2023-07-09 17:49:04,007 - root - INFO -         9 (48): 10  A
2023-07-09 17:49:04,007 - root - INFO - 4 (22): 22 bytes
2023-07-09 17:49:04,007 - root - INFO -     1 ( A): 18 bytes
2023-07-09 17:49:04,007 - root - INFO -         1 ( 8): 34 22
2023-07-09 17:49:04,007 - root - INFO -         2 (10): 34 22
2023-07-09 17:49:04,007 - root - INFO -         3 (18): 58 3A
2023-07-09 17:49:04,007 - root - INFO -         4 (20): 45 2D
2023-07-09 17:49:04,007 - root - INFO -         5 (28): 72 48
2023-07-09 17:49:04,007 - root - INFO -         6 (30): 0  0
2023-07-09 17:49:04,007 - root - INFO -         7 (38): 0  0
2023-07-09 17:49:04,007 - root - INFO -         8 (40): 34 22
2023-07-09 17:49:04,007 - root - INFO -         9 (48): 10  A
2023-07-09 17:49:04,007 - root - INFO -     3 (18): 44 2C
2023-07-09 17:49:04,007 - root - INFO - 7 (38): 0  0
2023-07-09 17:49:04,007 - root - INFO - Reading descriptor for parameter 5
2023-07-09 17:49:04,007 - root - INFO - Descriptor offset: 24, Descriptor length: 56
2023-07-09 17:49:04,007 - root - INFO - Parsing descriptor for parameter 5...
2023-07-09 17:49:04,007 - root - INFO - 1 ( A): 54 bytes
2023-07-09 17:49:04,007 - root - INFO -     9 (4A): 46 bytes
2023-07-09 17:49:04,007 - root - INFO -         3 (1A): 20 bytes
2023-07-09 17:49:04,007 - root - INFO -             1 ( 8): 128 80
2023-07-09 17:49:04,007 - root - INFO -             2 (10): 93 5D
2023-07-09 17:49:04,007 - root - INFO -             3 (18): 148 94
2023-07-09 17:49:04,007 - root - INFO -             4 (20): 106 6A
2023-07-09 17:49:04,007 - root - INFO -             5 (28): 72 48
2023-07-09 17:49:04,007 - root - INFO -             6 (30): 0  0
2023-07-09 17:49:04,007 - root - INFO -             7 (38): 0  0
2023-07-09 17:49:04,007 - root - INFO -             8 (40): 2  2
2023-07-09 17:49:04,007 - root - INFO -             9 (48): 10  A
2023-07-09 17:49:04,007 - root - INFO -         4 (20): 0  0
2023-07-09 17:49:04,007 - root - INFO -         5 (28): 0  0
2023-07-09 17:49:04,007 - root - INFO -         6 (32): 8 bytes
2023-07-09 17:49:04,007 - root - INFO -             1 ( 8): 93 5D
2023-07-09 17:49:04,007 - root - INFO -             2 (10): 93 5D
2023-07-09 17:49:04,007 - root - INFO -             3 (18): 12  C
2023-07-09 17:49:04,007 - root - INFO -             4 (20): 12  C
2023-07-09 17:49:04,007 - root - INFO -         7 (3A): 8 bytes
2023-07-09 17:49:04,007 - root - INFO -             1 ( 8): 93 5D
2023-07-09 17:49:04,007 - root - INFO -             2 (10): 93 5D
2023-07-09 17:49:04,007 - root - INFO -             3 (18): 12  C
2023-07-09 17:49:04,007 - root - INFO -             4 (20): 12  C
2023-07-09 17:49:04,007 - root - INFO -     4 (20): 1  1
2023-07-09 17:49:04,007 - root - INFO -     5 (28): 1  1
2023-07-09 17:49:04,007 - root - INFO -     6 (30): 0  0
2023-07-09 17:49:04,007 - root - INFO - Reading descriptor for parameter 6
2023-07-09 17:49:04,007 - root - INFO - Descriptor offset: 132, Descriptor length: 26
2023-07-09 17:49:04,007 - root - INFO - Parsing descriptor for parameter 6...
2023-07-09 17:49:04,007 - root - INFO - 6 (32): 24 bytes
2023-07-09 17:49:04,007 - root - INFO -     1 ( A): 20 bytes
2023-07-09 17:49:04,007 - root - INFO -         1 ( 8): 186 BA
2023-07-09 17:49:04,007 - root - INFO -         2 (10): 34 22
2023-07-09 17:49:04,007 - root - INFO -         3 (18): 202 CA
2023-07-09 17:49:04,007 - root - INFO -         4 (20): 44 2C
2023-07-09 17:49:04,007 - root - INFO -         5 (28): 72 48
2023-07-09 17:49:04,007 - root - INFO -         6 (30): 0  0
2023-07-09 17:49:04,007 - root - INFO -         7 (38): 0  0
2023-07-09 17:49:04,007 - root - INFO -         8 (40): 45 2D
2023-07-09 17:49:04,007 - root - INFO -         9 (48): 10  A
2023-07-09 17:49:04,007 - root - INFO -     6 (30): 44 2C
2023-07-09 17:49:04,007 - root - INFO - Reading descriptor for parameter 7
2023-07-09 17:49:04,007 - root - INFO - Descriptor offset: 158, Descriptor length: 11
2023-07-09 17:49:04,007 - root - INFO - Parsing descriptor for parameter 7...
2023-07-09 17:49:04,007 - root - INFO - 2 (12): 9 bytes
2023-07-09 17:49:04,007 - root - INFO -     1 ( 8): 25 19
2023-07-09 17:49:04,007 - root - INFO -     2 (10): 209 D1
2023-07-09 17:49:04,007 - root - INFO -     3 (18): 55 37
2023-07-09 17:49:04,007 - root - INFO -     4 (20): 10  A
2023-07-09 17:49:04,007 - root - INFO - Reading descriptor for parameter 15
2023-07-09 17:49:04,007 - root - INFO - Descriptor offset: 169, Descriptor length: 11
2023-07-09 17:49:04,007 - root - INFO - Parsing descriptor for parameter 15...
2023-07-09 17:49:04,007 - root - INFO - 2 (12): 9 bytes
2023-07-09 17:49:04,007 - root - INFO -     1 ( 8): 95 5F
2023-07-09 17:49:04,007 - root - INFO -     2 (10): 154 9A
2023-07-09 17:49:04,007 - root - INFO -     3 (18): 65 41
2023-07-09 17:49:04,007 - root - INFO -     4 (20): 15  F
2023-07-09 17:49:04,007 - root - INFO - Reading descriptor for parameter 20
2023-07-09 17:49:04,007 - root - INFO - Descriptor offset: 180, Descriptor length: 25
2023-07-09 17:49:04,007 - root - INFO - Parsing descriptor for parameter 20...
2023-07-09 17:49:04,007 - root - INFO - 2 (12): 5 bytes
2023-07-09 17:49:04,007 - root - INFO -     1 ( 8): 120 78
2023-07-09 17:49:04,007 - root - INFO -     2 (10): 140 8C
2023-07-09 17:49:04,007 - root - INFO - 3 (1A): 4 bytes
2023-07-09 17:49:04,007 - root - INFO -     1 ( 8): 80 50
2023-07-09 17:49:04,007 - root - INFO -     2 (10): 64 40
2023-07-09 17:49:04,007 - root - INFO - 4 (22): 4 bytes
2023-07-09 17:49:04,007 - root - INFO -     1 ( 8): 82 52
2023-07-09 17:49:04,007 - root - INFO -     2 (10): 91 5B
2023-07-09 17:49:04,007 - root - INFO - 5 (2A): 4 bytes
2023-07-09 17:49:04,007 - root - INFO -     1 ( 8): 81 51
2023-07-09 17:49:04,007 - root - INFO -     2 (10): 92 5C
2023-07-09 17:49:04,023 - root - INFO - Reading resources offsets table with 83 elements (332 bytes)
2023-07-09 17:49:04,023 - root - INFO - Resource 0 offset: 678, length: 51224...
2023-07-09 17:49:04,023 - root - DEBUG - Reading resource 0...
2023-07-09 17:49:04,070 - root - INFO - The image is bmc.
2023-07-09 17:49:04,085 - root - INFO - Reading image header(readHeader16C)...
2023-07-09 17:49:04,085 - root - INFO - Image header was read:
2023-07-09 17:49:04,085 - root - INFO - Width: 148, Height: 173, RowLength: 296
2023-07-09 17:49:04,085 - root - INFO - _step: 2, unknown2: 0,
2023-07-09 17:49:04,085 - root - INFO - BPP: 16, Transparency: False
2023-07-09 17:49:04,226 - root - INFO - Resource 1 offset: 51902, length: 201616...
2023-07-09 17:49:04,226 - root - DEBUG - Reading resource 1...
2023-07-09 17:49:04,226 - root - INFO - The image is bmc.
2023-07-09 17:49:04,226 - root - INFO - Reading image header(readHeader16C)...
2023-07-09 17:49:04,226 - root - INFO - Image header was read:
2023-07-09 17:49:04,226 - root - INFO - Width: 240, Height: 280, RowLength: 720
2023-07-09 17:49:04,226 - root - INFO - _step: 3, unknown2: 0,
2023-07-09 17:49:04,226 - root - INFO - BPP: 24, Transparency: False
2023-07-09 17:49:04,690 - root - INFO - Resource 2 offset: 253518, length: 436...
2023-07-09 17:49:04,690 - root - DEBUG - Reading resource 2...
2023-07-09 17:49:04,690 - root - INFO - The image is bmc.
2023-07-09 17:49:04,690 - root - INFO - Reading image header(readHeader16C)...
2023-07-09 17:49:04,690 - root - INFO - Image header was read:
2023-07-09 17:49:04,690 - root - INFO - Width: 10, Height: 14, RowLength: 30
2023-07-09 17:49:04,690 - root - INFO - _step: 3, unknown2: 0,
2023-07-09 17:49:04,690 - root - INFO - BPP: 24, Transparency: False
2023-07-09 17:49:04,690 - root - INFO - Resource 3 offset: 253954, length: 436...
2023-07-09 17:49:04,690 - root - DEBUG - Reading resource 3...
2023-07-09 17:49:04,690 - root - INFO - The image is bmc.
2023-07-09 17:49:04,690 - root - INFO - Reading image header(readHeader16C)...
2023-07-09 17:49:04,690 - root - INFO - Image header was read:
2023-07-09 17:49:04,690 - root - INFO - Width: 10, Height: 14, RowLength: 30
2023-07-09 17:49:04,690 - root - INFO - _step: 3, unknown2: 0,
2023-07-09 17:49:04,690 - root - INFO - BPP: 24, Transparency: False
2023-07-09 17:49:04,690 - root - INFO - Resource 4 offset: 254390, length: 436...
2023-07-09 17:49:04,690 - root - DEBUG - Reading resource 4...
2023-07-09 17:49:04,690 - root - INFO - The image is bmc.
2023-07-09 17:49:04,690 - root - INFO - Reading image header(readHeader16C)...
2023-07-09 17:49:04,690 - root - INFO - Image header was read:
2023-07-09 17:49:04,690 - root - INFO - Width: 10, Height: 14, RowLength: 30
2023-07-09 17:49:04,690 - root - INFO - _step: 3, unknown2: 0,
2023-07-09 17:49:04,690 - root - INFO - BPP: 24, Transparency: False
2023-07-09 17:49:04,690 - root - INFO - Resource 5 offset: 254826, length: 436...
2023-07-09 17:49:04,690 - root - DEBUG - Reading resource 5...
2023-07-09 17:49:04,690 - root - INFO - The image is bmc.
2023-07-09 17:49:04,690 - root - INFO - Reading image header(readHeader16C)...
2023-07-09 17:49:04,690 - root - INFO - Image header was read:
2023-07-09 17:49:04,690 - root - INFO - Width: 10, Height: 14, RowLength: 30
2023-07-09 17:49:04,690 - root - INFO - _step: 3, unknown2: 0,
2023-07-09 17:49:04,690 - root - INFO - BPP: 24, Transparency: False
2023-07-09 17:49:04,690 - root - INFO - Resource 6 offset: 255262, length: 436...
2023-07-09 17:49:04,690 - root - DEBUG - Reading resource 6...
2023-07-09 17:49:04,690 - root - INFO - The image is bmc.
2023-07-09 17:49:04,690 - root - INFO - Reading image header(readHeader16C)...
2023-07-09 17:49:04,690 - root - INFO - Image header was read:
2023-07-09 17:49:04,690 - root - INFO - Width: 10, Height: 14, RowLength: 30
2023-07-09 17:49:04,690 - root - INFO - _step: 3, unknown2: 0,
2023-07-09 17:49:04,690 - root - INFO - BPP: 24, Transparency: False
2023-07-09 17:49:04,690 - root - INFO - Resource 7 offset: 255698, length: 436...
2023-07-09 17:49:04,690 - root - DEBUG - Reading resource 7...
2023-07-09 17:49:04,690 - root - INFO - The image is bmc.
2023-07-09 17:49:04,690 - root - INFO - Reading image header(readHeader16C)...
2023-07-09 17:49:04,690 - root - INFO - Image header was read:
2023-07-09 17:49:04,690 - root - INFO - Width: 10, Height: 14, RowLength: 30
2023-07-09 17:49:04,690 - root - INFO - _step: 3, unknown2: 0,
2023-07-09 17:49:04,690 - root - INFO - BPP: 24, Transparency: False
2023-07-09 17:49:04,706 - root - INFO - Resource 8 offset: 256134, length: 436...
2023-07-09 17:49:04,706 - root - DEBUG - Reading resource 8...
2023-07-09 17:49:04,706 - root - INFO - The image is bmc.
2023-07-09 17:49:04,706 - root - INFO - Reading image header(readHeader16C)...
2023-07-09 17:49:04,706 - root - INFO - Image header was read:
2023-07-09 17:49:04,706 - root - INFO - Width: 10, Height: 14, RowLength: 30
2023-07-09 17:49:04,706 - root - INFO - _step: 3, unknown2: 0,
2023-07-09 17:49:04,706 - root - INFO - BPP: 24, Transparency: False
2023-07-09 17:49:04,706 - root - INFO - Resource 9 offset: 256570, length: 436...
2023-07-09 17:49:04,706 - root - DEBUG - Reading resource 9...
2023-07-09 17:49:04,706 - root - INFO - The image is bmc.
2023-07-09 17:49:04,706 - root - INFO - Reading image header(readHeader16C)...
2023-07-09 17:49:04,706 - root - INFO - Image header was read:
2023-07-09 17:49:04,706 - root - INFO - Width: 10, Height: 14, RowLength: 30
2023-07-09 17:49:04,706 - root - INFO - _step: 3, unknown2: 0,
2023-07-09 17:49:04,706 - root - INFO - BPP: 24, Transparency: False
2023-07-09 17:49:04,706 - root - INFO - Resource 10 offset: 257006, length: 436...
2023-07-09 17:49:04,706 - root - DEBUG - Reading resource 10...
2023-07-09 17:49:04,706 - root - INFO - The image is bmc.
2023-07-09 17:49:04,706 - root - INFO - Reading image header(readHeader16C)...
2023-07-09 17:49:04,706 - root - INFO - Image header was read:
2023-07-09 17:49:04,706 - root - INFO - Width: 10, Height: 14, RowLength: 30
2023-07-09 17:49:04,706 - root - INFO - _step: 3, unknown2: 0,
2023-07-09 17:49:04,706 - root - INFO - BPP: 24, Transparency: False
2023-07-09 17:49:04,706 - root - INFO - Resource 11 offset: 257442, length: 436...
2023-07-09 17:49:04,706 - root - DEBUG - Reading resource 11...
2023-07-09 17:49:04,706 - root - INFO - The image is bmc.
2023-07-09 17:49:04,706 - root - INFO - Reading image header(readHeader16C)...
2023-07-09 17:49:04,706 - root - INFO - Image header was read:
2023-07-09 17:49:04,706 - root - INFO - Width: 10, Height: 14, RowLength: 30
2023-07-09 17:49:04,706 - root - INFO - _step: 3, unknown2: 0,
2023-07-09 17:49:04,706 - root - INFO - BPP: 24, Transparency: False
2023-07-09 17:49:04,706 - root - INFO - Resource 12 offset: 257878, length: 1225...
2023-07-09 17:49:04,706 - root - DEBUG - Reading resource 12...
2023-07-09 17:49:04,706 - root - INFO - The image is bmc.
2023-07-09 17:49:04,706 - root - INFO - Reading image header(readHeader16C)...
2023-07-09 17:49:04,706 - root - INFO - Image header was read:
2023-07-09 17:49:04,706 - root - INFO - Width: 31, Height: 13, RowLength: 93
2023-07-09 17:49:04,706 - root - INFO - _step: 3, unknown2: 0,
2023-07-09 17:49:04,706 - root - INFO - BPP: 24, Transparency: False
2023-07-09 17:49:04,706 - root - INFO - Resource 13 offset: 259103, length: 1225...
2023-07-09 17:49:04,706 - root - DEBUG - Reading resource 13...
2023-07-09 17:49:04,706 - root - INFO - The image is bmc.
2023-07-09 17:49:04,706 - root - INFO - Reading image header(readHeader16C)...
2023-07-09 17:49:04,706 - root - INFO - Image header was read:
2023-07-09 17:49:04,706 - root - INFO - Width: 31, Height: 13, RowLength: 93
2023-07-09 17:49:04,706 - root - INFO - _step: 3, unknown2: 0,
2023-07-09 17:49:04,706 - root - INFO - BPP: 24, Transparency: False
2023-07-09 17:49:04,706 - root - INFO - Resource 14 offset: 260328, length: 1225...
2023-07-09 17:49:04,721 - root - DEBUG - Reading resource 14...
2023-07-09 17:49:04,721 - root - INFO - The image is bmc.
2023-07-09 17:49:04,721 - root - INFO - Reading image header(readHeader16C)...
2023-07-09 17:49:04,721 - root - INFO - Image header was read:
2023-07-09 17:49:04,721 - root - INFO - Width: 31, Height: 13, RowLength: 93
2023-07-09 17:49:04,721 - root - INFO - _step: 3, unknown2: 0,
2023-07-09 17:49:04,721 - root - INFO - BPP: 24, Transparency: False
2023-07-09 17:49:04,721 - root - INFO - Resource 15 offset: 261553, length: 1225...
2023-07-09 17:49:04,721 - root - DEBUG - Reading resource 15...
2023-07-09 17:49:04,721 - root - INFO - The image is bmc.
2023-07-09 17:49:04,721 - root - INFO - Reading image header(readHeader16C)...
2023-07-09 17:49:04,721 - root - INFO - Image header was read:
2023-07-09 17:49:04,721 - root - INFO - Width: 31, Height: 13, RowLength: 93
2023-07-09 17:49:04,721 - root - INFO - _step: 3, unknown2: 0,
2023-07-09 17:49:04,721 - root - INFO - BPP: 24, Transparency: False
2023-07-09 17:49:04,721 - root - INFO - Resource 16 offset: 262778, length: 1225...
2023-07-09 17:49:04,721 - root - DEBUG - Reading resource 16...
2023-07-09 17:49:04,721 - root - INFO - The image is bmc.
2023-07-09 17:49:04,721 - root - INFO - Reading image header(readHeader16C)...
2023-07-09 17:49:04,721 - root - INFO - Image header was read:
2023-07-09 17:49:04,721 - root - INFO - Width: 31, Height: 13, RowLength: 93
2023-07-09 17:49:04,721 - root - INFO - _step: 3, unknown2: 0,
2023-07-09 17:49:04,721 - root - INFO - BPP: 24, Transparency: False
2023-07-09 17:49:04,721 - root - INFO - Resource 17 offset: 264003, length: 1225...
2023-07-09 17:49:04,721 - root - DEBUG - Reading resource 17...
2023-07-09 17:49:04,721 - root - INFO - The image is bmc.
2023-07-09 17:49:04,721 - root - INFO - Reading image header(readHeader16C)...
2023-07-09 17:49:04,721 - root - INFO - Image header was read:
2023-07-09 17:49:04,721 - root - INFO - Width: 31, Height: 13, RowLength: 93
2023-07-09 17:49:04,721 - root - INFO - _step: 3, unknown2: 0,
2023-07-09 17:49:04,721 - root - INFO - BPP: 24, Transparency: False
2023-07-09 17:49:04,721 - root - INFO - Resource 18 offset: 265228, length: 1225...
2023-07-09 17:49:04,721 - root - DEBUG - Reading resource 18...
2023-07-09 17:49:04,721 - root - INFO - The image is bmc.
2023-07-09 17:49:04,721 - root - INFO - Reading image header(readHeader16C)...
2023-07-09 17:49:04,721 - root - INFO - Image header was read:
2023-07-09 17:49:04,737 - root - INFO - Width: 31, Height: 13, RowLength: 93
2023-07-09 17:49:04,737 - root - INFO - _step: 3, unknown2: 0,
2023-07-09 17:49:04,737 - root - INFO - BPP: 24, Transparency: False
2023-07-09 17:49:04,737 - root - INFO - Resource 19 offset: 266453, length: 1225...
2023-07-09 17:49:04,737 - root - DEBUG - Reading resource 19...
2023-07-09 17:49:04,737 - root - INFO - The image is bmc.
2023-07-09 17:49:04,737 - root - INFO - Reading image header(readHeader16C)...
2023-07-09 17:49:04,737 - root - INFO - Image header was read:
2023-07-09 17:49:04,737 - root - INFO - Width: 31, Height: 13, RowLength: 93
2023-07-09 17:49:04,737 - root - INFO - _step: 3, unknown2: 0,
2023-07-09 17:49:04,737 - root - INFO - BPP: 24, Transparency: False
2023-07-09 17:49:04,737 - root - INFO - Resource 20 offset: 267678, length: 1225...
2023-07-09 17:49:04,737 - root - DEBUG - Reading resource 20...
2023-07-09 17:49:04,737 - root - INFO - The image is bmc.
2023-07-09 17:49:04,737 - root - INFO - Reading image header(readHeader16C)...
2023-07-09 17:49:04,737 - root - INFO - Image header was read:
2023-07-09 17:49:04,737 - root - INFO - Width: 31, Height: 13, RowLength: 93
2023-07-09 17:49:04,737 - root - INFO - _step: 3, unknown2: 0,
2023-07-09 17:49:04,737 - root - INFO - BPP: 24, Transparency: False
2023-07-09 17:49:04,737 - root - INFO - Resource 21 offset: 268903, length: 1225...
2023-07-09 17:49:04,737 - root - DEBUG - Reading resource 21...
2023-07-09 17:49:04,737 - root - INFO - The image is bmc.
2023-07-09 17:49:04,737 - root - INFO - Reading image header(readHeader16C)...
2023-07-09 17:49:04,737 - root - INFO - Image header was read:
2023-07-09 17:49:04,737 - root - INFO - Width: 31, Height: 13, RowLength: 93
2023-07-09 17:49:04,737 - root - INFO - _step: 3, unknown2: 0,
2023-07-09 17:49:04,737 - root - INFO - BPP: 24, Transparency: False
2023-07-09 17:49:04,737 - root - INFO - Resource 22 offset: 270128, length: 1225...
2023-07-09 17:49:04,737 - root - DEBUG - Reading resource 22...
2023-07-09 17:49:04,737 - root - INFO - The image is bmc.
2023-07-09 17:49:04,737 - root - INFO - Reading image header(readHeader16C)...
2023-07-09 17:49:04,737 - root - INFO - Image header was read:
2023-07-09 17:49:04,737 - root - INFO - Width: 31, Height: 13, RowLength: 93
2023-07-09 17:49:04,737 - root - INFO - _step: 3, unknown2: 0,
2023-07-09 17:49:04,737 - root - INFO - BPP: 24, Transparency: False
2023-07-09 17:49:04,752 - root - INFO - Resource 23 offset: 271353, length: 1225...
2023-07-09 17:49:04,752 - root - DEBUG - Reading resource 23...
2023-07-09 17:49:04,752 - root - INFO - The image is bmc.
2023-07-09 17:49:04,752 - root - INFO - Reading image header(readHeader16C)...
2023-07-09 17:49:04,752 - root - INFO - Image header was read:
2023-07-09 17:49:04,752 - root - INFO - Width: 31, Height: 13, RowLength: 93
2023-07-09 17:49:04,752 - root - INFO - _step: 3, unknown2: 0,
2023-07-09 17:49:04,752 - root - INFO - BPP: 24, Transparency: False
2023-07-09 17:49:04,752 - root - INFO - Resource 24 offset: 272578, length: 268...
2023-07-09 17:49:04,752 - root - DEBUG - Reading resource 24...
2023-07-09 17:49:04,752 - root - INFO - The image is bme.
2023-07-09 17:49:04,752 - root - INFO - Reading image header(readHeader16E)...
2023-07-09 17:49:04,752 - root - INFO - Image header was read:
2023-07-09 17:49:04,752 - root - INFO - Width: 10, Height: 13, RowLength: 20
2023-07-09 17:49:04,752 - root - INFO - datalength: 252, _step: 2
2023-07-09 17:49:04,752 - root - INFO - BPP: 16, Transparency: False
2023-07-09 17:49:04,752 - root - INFO - Resource 25 offset: 272846, length: 166...
2023-07-09 17:49:04,752 - root - DEBUG - Reading resource 25...
2023-07-09 17:49:04,752 - root - INFO - The image is bme.
2023-07-09 17:49:04,752 - root - INFO - Reading image header(readHeader16E)...
2023-07-09 17:49:04,752 - root - INFO - Image header was read:
2023-07-09 17:49:04,752 - root - INFO - Width: 10, Height: 13, RowLength: 20
2023-07-09 17:49:04,752 - root - INFO - datalength: 150, _step: 2
2023-07-09 17:49:04,752 - root - INFO - BPP: 16, Transparency: False
2023-07-09 17:49:04,752 - root - INFO - Resource 26 offset: 273012, length: 220...
2023-07-09 17:49:04,752 - root - DEBUG - Reading resource 26...
2023-07-09 17:49:04,752 - root - INFO - The image is bme.
2023-07-09 17:49:04,752 - root - INFO - Reading image header(readHeader16E)...
2023-07-09 17:49:04,752 - root - INFO - Image header was read:
2023-07-09 17:49:04,752 - root - INFO - Width: 10, Height: 13, RowLength: 20
2023-07-09 17:49:04,752 - root - INFO - datalength: 204, _step: 2
2023-07-09 17:49:04,752 - root - INFO - BPP: 16, Transparency: False
2023-07-09 17:49:04,752 - root - INFO - Resource 27 offset: 273232, length: 236...
2023-07-09 17:49:04,752 - root - DEBUG - Reading resource 27...
2023-07-09 17:49:04,752 - root - INFO - The image is bme.
2023-07-09 17:49:04,752 - root - INFO - Reading image header(readHeader16E)...
2023-07-09 17:49:04,752 - root - INFO - Image header was read:
2023-07-09 17:49:04,752 - root - INFO - Width: 10, Height: 13, RowLength: 20
2023-07-09 17:49:04,752 - root - INFO - datalength: 220, _step: 2
2023-07-09 17:49:04,752 - root - INFO - BPP: 16, Transparency: False
2023-07-09 17:49:04,752 - root - INFO - Resource 28 offset: 273468, length: 218...
2023-07-09 17:49:04,752 - root - DEBUG - Reading resource 28...
2023-07-09 17:49:04,752 - root - INFO - The image is bme.
2023-07-09 17:49:04,752 - root - INFO - Reading image header(readHeader16E)...
2023-07-09 17:49:04,752 - root - INFO - Image header was read:
2023-07-09 17:49:04,752 - root - INFO - Width: 10, Height: 13, RowLength: 20
2023-07-09 17:49:04,752 - root - INFO - datalength: 202, _step: 2
2023-07-09 17:49:04,752 - root - INFO - BPP: 16, Transparency: False
2023-07-09 17:49:04,752 - root - INFO - Resource 29 offset: 273686, length: 256...
2023-07-09 17:49:04,752 - root - DEBUG - Reading resource 29...
2023-07-09 17:49:04,752 - root - INFO - The image is bme.
2023-07-09 17:49:04,752 - root - INFO - Reading image header(readHeader16E)...
2023-07-09 17:49:04,752 - root - INFO - Image header was read:
2023-07-09 17:49:04,752 - root - INFO - Width: 10, Height: 13, RowLength: 20
2023-07-09 17:49:04,752 - root - INFO - datalength: 240, _step: 2
2023-07-09 17:49:04,752 - root - INFO - BPP: 16, Transparency: False
2023-07-09 17:49:04,752 - root - INFO - Resource 30 offset: 273942, length: 232...
2023-07-09 17:49:04,768 - root - DEBUG - Reading resource 30...
2023-07-09 17:49:04,768 - root - INFO - The image is bme.
2023-07-09 17:49:04,768 - root - INFO - Reading image header(readHeader16E)...
2023-07-09 17:49:04,768 - root - INFO - Image header was read:
2023-07-09 17:49:04,768 - root - INFO - Width: 10, Height: 13, RowLength: 20
2023-07-09 17:49:04,768 - root - INFO - datalength: 216, _step: 2
2023-07-09 17:49:04,768 - root - INFO - BPP: 16, Transparency: False
2023-07-09 17:49:04,768 - root - INFO - Resource 31 offset: 274174, length: 184...
2023-07-09 17:49:04,768 - root - DEBUG - Reading resource 31...
2023-07-09 17:49:04,768 - root - INFO - The image is bme.
2023-07-09 17:49:04,768 - root - INFO - Reading image header(readHeader16E)...
2023-07-09 17:49:04,768 - root - INFO - Image header was read:
2023-07-09 17:49:04,768 - root - INFO - Width: 10, Height: 13, RowLength: 20
2023-07-09 17:49:04,768 - root - INFO - datalength: 168, _step: 2
2023-07-09 17:49:04,768 - root - INFO - BPP: 16, Transparency: False
2023-07-09 17:49:04,768 - root - INFO - Resource 32 offset: 274358, length: 272...
2023-07-09 17:49:04,768 - root - DEBUG - Reading resource 32...
2023-07-09 17:49:04,768 - root - INFO - The image is bme.
2023-07-09 17:49:04,768 - root - INFO - Reading image header(readHeader16E)...
2023-07-09 17:49:04,768 - root - INFO - Image header was read:
2023-07-09 17:49:04,768 - root - INFO - Width: 10, Height: 13, RowLength: 20
2023-07-09 17:49:04,768 - root - INFO - datalength: 256, _step: 2
2023-07-09 17:49:04,768 - root - INFO - BPP: 16, Transparency: False
2023-07-09 17:49:04,768 - root - INFO - Resource 33 offset: 274630, length: 232...
2023-07-09 17:49:04,768 - root - DEBUG - Reading resource 33...
2023-07-09 17:49:04,768 - root - INFO - The image is bme.
2023-07-09 17:49:04,768 - root - INFO - Reading image header(readHeader16E)...
2023-07-09 17:49:04,768 - root - INFO - Image header was read:
2023-07-09 17:49:04,768 - root - INFO - Width: 10, Height: 13, RowLength: 20
2023-07-09 17:49:04,768 - root - INFO - datalength: 216, _step: 2
2023-07-09 17:49:04,768 - root - INFO - BPP: 16, Transparency: False
2023-07-09 17:49:04,768 - root - INFO - Resource 34 offset: 274862, length: 184...
2023-07-09 17:49:04,768 - root - DEBUG - Reading resource 34...
2023-07-09 17:49:04,768 - root - INFO - The image is bme.
2023-07-09 17:49:04,768 - root - INFO - Reading image header(readHeader16E)...
2023-07-09 17:49:04,768 - root - INFO - Image header was read:
2023-07-09 17:49:04,768 - root - INFO - Width: 8, Height: 10, RowLength: 16
2023-07-09 17:49:04,768 - root - INFO - datalength: 168, _step: 2
2023-07-09 17:49:04,768 - root - INFO - BPP: 16, Transparency: False
2023-07-09 17:49:04,768 - root - INFO - Resource 35 offset: 275046, length: 120...
2023-07-09 17:49:04,768 - root - DEBUG - Reading resource 35...
2023-07-09 17:49:04,768 - root - INFO - The image is bme.
2023-07-09 17:49:04,768 - root - INFO - Reading image header(readHeader16E)...
2023-07-09 17:49:04,768 - root - INFO - Image header was read:
2023-07-09 17:49:04,768 - root - INFO - Width: 8, Height: 10, RowLength: 16
2023-07-09 17:49:04,768 - root - INFO - datalength: 104, _step: 2
2023-07-09 17:49:04,768 - root - INFO - BPP: 16, Transparency: False
2023-07-09 17:49:04,768 - root - INFO - Resource 36 offset: 275166, length: 156...
2023-07-09 17:49:04,768 - root - DEBUG - Reading resource 36...
2023-07-09 17:49:04,768 - root - INFO - The image is bme.
2023-07-09 17:49:04,768 - root - INFO - Reading image header(readHeader16E)...
2023-07-09 17:49:04,768 - root - INFO - Image header was read:
2023-07-09 17:49:04,768 - root - INFO - Width: 8, Height: 10, RowLength: 16
2023-07-09 17:49:04,768 - root - INFO - datalength: 140, _step: 2
2023-07-09 17:49:04,768 - root - INFO - BPP: 16, Transparency: False
2023-07-09 17:49:04,768 - root - INFO - Resource 37 offset: 275322, length: 160...
2023-07-09 17:49:04,768 - root - DEBUG - Reading resource 37...
2023-07-09 17:49:04,768 - root - INFO - The image is bme.
2023-07-09 17:49:04,768 - root - INFO - Reading image header(readHeader16E)...
2023-07-09 17:49:04,768 - root - INFO - Image header was read:
2023-07-09 17:49:04,768 - root - INFO - Width: 8, Height: 10, RowLength: 16
2023-07-09 17:49:04,768 - root - INFO - datalength: 144, _step: 2
2023-07-09 17:49:04,768 - root - INFO - BPP: 16, Transparency: False
2023-07-09 17:49:04,768 - root - INFO - Resource 38 offset: 275482, length: 150...
2023-07-09 17:49:04,768 - root - DEBUG - Reading resource 38...
2023-07-09 17:49:04,768 - root - INFO - The image is bme.
2023-07-09 17:49:04,768 - root - INFO - Reading image header(readHeader16E)...
2023-07-09 17:49:04,768 - root - INFO - Image header was read:
2023-07-09 17:49:04,768 - root - INFO - Width: 8, Height: 10, RowLength: 16
2023-07-09 17:49:04,768 - root - INFO - datalength: 134, _step: 2
2023-07-09 17:49:04,768 - root - INFO - BPP: 16, Transparency: False
2023-07-09 17:49:04,768 - root - INFO - Resource 39 offset: 275632, length: 172...
2023-07-09 17:49:04,768 - root - DEBUG - Reading resource 39...
2023-07-09 17:49:04,768 - root - INFO - The image is bme.
2023-07-09 17:49:04,768 - root - INFO - Reading image header(readHeader16E)...
2023-07-09 17:49:04,768 - root - INFO - Image header was read:
2023-07-09 17:49:04,768 - root - INFO - Width: 8, Height: 10, RowLength: 16
2023-07-09 17:49:04,768 - root - INFO - datalength: 156, _step: 2
2023-07-09 17:49:04,768 - root - INFO - BPP: 16, Transparency: False
2023-07-09 17:49:04,768 - root - INFO - Resource 40 offset: 275804, length: 154...
2023-07-09 17:49:04,768 - root - DEBUG - Reading resource 40...
2023-07-09 17:49:04,768 - root - INFO - The image is bme.
2023-07-09 17:49:04,768 - root - INFO - Reading image header(readHeader16E)...
2023-07-09 17:49:04,768 - root - INFO - Image header was read:
2023-07-09 17:49:04,768 - root - INFO - Width: 8, Height: 10, RowLength: 16
2023-07-09 17:49:04,768 - root - INFO - datalength: 138, _step: 2
2023-07-09 17:49:04,768 - root - INFO - BPP: 16, Transparency: False
2023-07-09 17:49:04,784 - root - INFO - Resource 41 offset: 275958, length: 128...
2023-07-09 17:49:04,784 - root - DEBUG - Reading resource 41...
2023-07-09 17:49:04,784 - root - INFO - The image is bme.
2023-07-09 17:49:04,784 - root - INFO - Reading image header(readHeader16E)...
2023-07-09 17:49:04,784 - root - INFO - Image header was read:
2023-07-09 17:49:04,784 - root - INFO - Width: 8, Height: 10, RowLength: 16
2023-07-09 17:49:04,784 - root - INFO - datalength: 112, _step: 2
2023-07-09 17:49:04,784 - root - INFO - BPP: 16, Transparency: False
2023-07-09 17:49:04,785 - root - INFO - Resource 42 offset: 276086, length: 172...
2023-07-09 17:49:04,785 - root - DEBUG - Reading resource 42...
2023-07-09 17:49:04,785 - root - INFO - The image is bme.
2023-07-09 17:49:04,785 - root - INFO - Reading image header(readHeader16E)...
2023-07-09 17:49:04,785 - root - INFO - Image header was read:
2023-07-09 17:49:04,785 - root - INFO - Width: 8, Height: 10, RowLength: 16
2023-07-09 17:49:04,785 - root - INFO - datalength: 156, _step: 2
2023-07-09 17:49:04,785 - root - INFO - BPP: 16, Transparency: False
2023-07-09 17:49:04,785 - root - INFO - Resource 43 offset: 276258, length: 156...
2023-07-09 17:49:04,785 - root - DEBUG - Reading resource 43...
2023-07-09 17:49:04,785 - root - INFO - The image is bme.
2023-07-09 17:49:04,785 - root - INFO - Reading image header(readHeader16E)...
2023-07-09 17:49:04,785 - root - INFO - Image header was read:
2023-07-09 17:49:04,785 - root - INFO - Width: 8, Height: 10, RowLength: 16
2023-07-09 17:49:04,785 - root - INFO - datalength: 140, _step: 2
2023-07-09 17:49:04,785 - root - INFO - BPP: 16, Transparency: False
2023-07-09 17:49:04,785 - root - INFO - Resource 44 offset: 276414, length: 286...
2023-07-09 17:49:04,785 - root - DEBUG - Reading resource 44...
2023-07-09 17:49:04,785 - root - INFO - The image is bmc.
2023-07-09 17:49:04,785 - root - INFO - Reading image header(readHeader16C)...
2023-07-09 17:49:04,785 - root - INFO - Image header was read:
2023-07-09 17:49:04,785 - root - INFO - Width: 9, Height: 10, RowLength: 27
2023-07-09 17:49:04,785 - root - INFO - _step: 3, unknown2: 0,
2023-07-09 17:49:04,785 - root - INFO - BPP: 24, Transparency: False
2023-07-09 17:49:04,785 - root - INFO - Resource 45 offset: 276700, length: 184...
2023-07-09 17:49:04,785 - root - DEBUG - Reading resource 45...
2023-07-09 17:49:04,785 - root - INFO - The image is bme.
2023-07-09 17:49:04,785 - root - INFO - Reading image header(readHeader16E)...
2023-07-09 17:49:04,785 - root - INFO - Image header was read:
2023-07-09 17:49:04,785 - root - INFO - Width: 8, Height: 10, RowLength: 16
2023-07-09 17:49:04,785 - root - INFO - datalength: 168, _step: 2
2023-07-09 17:49:04,785 - root - INFO - BPP: 16, Transparency: False
2023-07-09 17:49:04,785 - root - INFO - Resource 46 offset: 276884, length: 120...
2023-07-09 17:49:04,785 - root - DEBUG - Reading resource 46...
2023-07-09 17:49:04,785 - root - INFO - The image is bme.
2023-07-09 17:49:04,785 - root - INFO - Reading image header(readHeader16E)...
2023-07-09 17:49:04,785 - root - INFO - Image header was read:
2023-07-09 17:49:04,785 - root - INFO - Width: 8, Height: 10, RowLength: 16
2023-07-09 17:49:04,785 - root - INFO - datalength: 104, _step: 2
2023-07-09 17:49:04,785 - root - INFO - BPP: 16, Transparency: False
2023-07-09 17:49:04,785 - root - INFO - Resource 47 offset: 277004, length: 156...
2023-07-09 17:49:04,785 - root - DEBUG - Reading resource 47...
2023-07-09 17:49:04,785 - root - INFO - The image is bme.
2023-07-09 17:49:04,785 - root - INFO - Reading image header(readHeader16E)...
2023-07-09 17:49:04,785 - root - INFO - Image header was read:
2023-07-09 17:49:04,785 - root - INFO - Width: 8, Height: 10, RowLength: 16
2023-07-09 17:49:04,785 - root - INFO - datalength: 140, _step: 2
2023-07-09 17:49:04,785 - root - INFO - BPP: 16, Transparency: False
2023-07-09 17:49:04,785 - root - INFO - Resource 48 offset: 277160, length: 160...
2023-07-09 17:49:04,785 - root - DEBUG - Reading resource 48...
2023-07-09 17:49:04,785 - root - INFO - The image is bme.
2023-07-09 17:49:04,785 - root - INFO - Reading image header(readHeader16E)...
2023-07-09 17:49:04,785 - root - INFO - Image header was read:
2023-07-09 17:49:04,785 - root - INFO - Width: 8, Height: 10, RowLength: 16
2023-07-09 17:49:04,785 - root - INFO - datalength: 144, _step: 2
2023-07-09 17:49:04,785 - root - INFO - BPP: 16, Transparency: False
2023-07-09 17:49:04,785 - root - INFO - Resource 49 offset: 277320, length: 150...
2023-07-09 17:49:04,785 - root - DEBUG - Reading resource 49...
2023-07-09 17:49:04,785 - root - INFO - The image is bme.
2023-07-09 17:49:04,785 - root - INFO - Reading image header(readHeader16E)...
2023-07-09 17:49:04,785 - root - INFO - Image header was read:
2023-07-09 17:49:04,785 - root - INFO - Width: 8, Height: 10, RowLength: 16
2023-07-09 17:49:04,785 - root - INFO - datalength: 134, _step: 2
2023-07-09 17:49:04,785 - root - INFO - BPP: 16, Transparency: False
2023-07-09 17:49:04,785 - root - INFO - Resource 50 offset: 277470, length: 172...
2023-07-09 17:49:04,785 - root - DEBUG - Reading resource 50...
2023-07-09 17:49:04,785 - root - INFO - The image is bme.
2023-07-09 17:49:04,785 - root - INFO - Reading image header(readHeader16E)...
2023-07-09 17:49:04,785 - root - INFO - Image header was read:
2023-07-09 17:49:04,785 - root - INFO - Width: 8, Height: 10, RowLength: 16
2023-07-09 17:49:04,785 - root - INFO - datalength: 156, _step: 2
2023-07-09 17:49:04,785 - root - INFO - BPP: 16, Transparency: False
2023-07-09 17:49:04,785 - root - INFO - Resource 51 offset: 277642, length: 154...
2023-07-09 17:49:04,785 - root - DEBUG - Reading resource 51...
2023-07-09 17:49:04,785 - root - INFO - The image is bme.
2023-07-09 17:49:04,785 - root - INFO - Reading image header(readHeader16E)...
2023-07-09 17:49:04,785 - root - INFO - Image header was read:
2023-07-09 17:49:04,785 - root - INFO - Width: 8, Height: 10, RowLength: 16
2023-07-09 17:49:04,785 - root - INFO - datalength: 138, _step: 2
2023-07-09 17:49:04,785 - root - INFO - BPP: 16, Transparency: False
2023-07-09 17:49:04,785 - root - INFO - Resource 52 offset: 277796, length: 128...
2023-07-09 17:49:04,785 - root - DEBUG - Reading resource 52...
2023-07-09 17:49:04,785 - root - INFO - The image is bme.
2023-07-09 17:49:04,785 - root - INFO - Reading image header(readHeader16E)...
2023-07-09 17:49:04,785 - root - INFO - Image header was read:
2023-07-09 17:49:04,785 - root - INFO - Width: 8, Height: 10, RowLength: 16
2023-07-09 17:49:04,785 - root - INFO - datalength: 112, _step: 2
2023-07-09 17:49:04,785 - root - INFO - BPP: 16, Transparency: False
2023-07-09 17:49:04,801 - root - INFO - Resource 53 offset: 277924, length: 172...
2023-07-09 17:49:04,801 - root - DEBUG - Reading resource 53...
2023-07-09 17:49:04,801 - root - INFO - The image is bme.
2023-07-09 17:49:04,801 - root - INFO - Reading image header(readHeader16E)...
2023-07-09 17:49:04,801 - root - INFO - Image header was read:
2023-07-09 17:49:04,801 - root - INFO - Width: 8, Height: 10, RowLength: 16
2023-07-09 17:49:04,801 - root - INFO - datalength: 156, _step: 2
2023-07-09 17:49:04,801 - root - INFO - BPP: 16, Transparency: False
2023-07-09 17:49:04,801 - root - INFO - Resource 54 offset: 278096, length: 156...
2023-07-09 17:49:04,801 - root - DEBUG - Reading resource 54...
2023-07-09 17:49:04,801 - root - INFO - The image is bme.
2023-07-09 17:49:04,801 - root - INFO - Reading image header(readHeader16E)...
2023-07-09 17:49:04,801 - root - INFO - Image header was read:
2023-07-09 17:49:04,801 - root - INFO - Width: 8, Height: 10, RowLength: 16
2023-07-09 17:49:04,801 - root - INFO - datalength: 140, _step: 2
2023-07-09 17:49:04,801 - root - INFO - BPP: 16, Transparency: False
2023-07-09 17:49:04,801 - root - INFO - Resource 55 offset: 278252, length: 31531...
2023-07-09 17:49:04,801 - root - DEBUG - Reading resource 55...
2023-07-09 17:49:04,801 - root - INFO - The image is bmc.
2023-07-09 17:49:04,801 - root - INFO - Reading image header(readHeader16C)...
2023-07-09 17:49:04,801 - root - INFO - Image header was read:
2023-07-09 17:49:04,801 - root - INFO - Width: 191, Height: 55, RowLength: 573
2023-07-09 17:49:04,801 - root - INFO - _step: 3, unknown2: 0,
2023-07-09 17:49:04,801 - root - INFO - BPP: 24, Transparency: False
2023-07-09 17:49:04,864 - root - INFO - Resource 56 offset: 309783, length: 30958...
2023-07-09 17:49:04,864 - root - DEBUG - Reading resource 56...
2023-07-09 17:49:04,864 - root - INFO - The image is bmc.
2023-07-09 17:49:04,864 - root - INFO - Reading image header(readHeader16C)...
2023-07-09 17:49:04,864 - root - INFO - Image header was read:
2023-07-09 17:49:04,864 - root - INFO - Width: 191, Height: 54, RowLength: 573
2023-07-09 17:49:04,864 - root - INFO - _step: 3, unknown2: 0,
2023-07-09 17:49:04,864 - root - INFO - BPP: 24, Transparency: False
2023-07-09 17:49:04,926 - root - INFO - Resource 57 offset: 340741, length: 30958...
2023-07-09 17:49:04,926 - root - DEBUG - Reading resource 57...
2023-07-09 17:49:04,926 - root - INFO - The image is bmc.
2023-07-09 17:49:04,926 - root - INFO - Reading image header(readHeader16C)...
2023-07-09 17:49:04,926 - root - INFO - Image header was read:
2023-07-09 17:49:04,926 - root - INFO - Width: 191, Height: 54, RowLength: 573
2023-07-09 17:49:04,926 - root - INFO - _step: 3, unknown2: 0,
2023-07-09 17:49:04,926 - root - INFO - BPP: 24, Transparency: False
2023-07-09 17:49:04,989 - root - INFO - Resource 58 offset: 371699, length: 30958...
2023-07-09 17:49:04,989 - root - DEBUG - Reading resource 58...
2023-07-09 17:49:04,989 - root - INFO - The image is bmc.
2023-07-09 17:49:04,989 - root - INFO - Reading image header(readHeader16C)...
2023-07-09 17:49:05,004 - root - INFO - Image header was read:
2023-07-09 17:49:05,004 - root - INFO - Width: 191, Height: 54, RowLength: 573
2023-07-09 17:49:05,004 - root - INFO - _step: 3, unknown2: 0,
2023-07-09 17:49:05,004 - root - INFO - BPP: 24, Transparency: False
2023-07-09 17:49:05,067 - root - INFO - Resource 59 offset: 402657, length: 31531...
2023-07-09 17:49:05,067 - root - DEBUG - Reading resource 59...
2023-07-09 17:49:05,067 - root - INFO - The image is bmc.
2023-07-09 17:49:05,067 - root - INFO - Reading image header(readHeader16C)...
2023-07-09 17:49:05,067 - root - INFO - Image header was read:
2023-07-09 17:49:05,067 - root - INFO - Width: 191, Height: 55, RowLength: 573
2023-07-09 17:49:05,067 - root - INFO - _step: 3, unknown2: 0,
2023-07-09 17:49:05,067 - root - INFO - BPP: 24, Transparency: False
2023-07-09 17:49:05,129 - root - INFO - Resource 60 offset: 434188, length: 30958...
2023-07-09 17:49:05,129 - root - DEBUG - Reading resource 60...
2023-07-09 17:49:05,129 - root - INFO - The image is bmc.
2023-07-09 17:49:05,129 - root - INFO - Reading image header(readHeader16C)...
2023-07-09 17:49:05,129 - root - INFO - Image header was read:
2023-07-09 17:49:05,129 - root - INFO - Width: 191, Height: 54, RowLength: 573
2023-07-09 17:49:05,129 - root - INFO - _step: 3, unknown2: 0,
2023-07-09 17:49:05,129 - root - INFO - BPP: 24, Transparency: False
2023-07-09 17:49:05,192 - root - INFO - Resource 61 offset: 465146, length: 30958...
2023-07-09 17:49:05,192 - root - DEBUG - Reading resource 61...
2023-07-09 17:49:05,192 - root - INFO - The image is bmc.
2023-07-09 17:49:05,192 - root - INFO - Reading image header(readHeader16C)...
2023-07-09 17:49:05,192 - root - INFO - Image header was read:
2023-07-09 17:49:05,192 - root - INFO - Width: 191, Height: 54, RowLength: 573
2023-07-09 17:49:05,192 - root - INFO - _step: 3, unknown2: 0,
2023-07-09 17:49:05,192 - root - INFO - BPP: 24, Transparency: False
2023-07-09 17:49:05,270 - root - INFO - Resource 62 offset: 496104, length: 30958...
2023-07-09 17:49:05,270 - root - DEBUG - Reading resource 62...
2023-07-09 17:49:05,270 - root - INFO - The image is bmc.
2023-07-09 17:49:05,270 - root - INFO - Reading image header(readHeader16C)...
2023-07-09 17:49:05,270 - root - INFO - Image header was read:
2023-07-09 17:49:05,270 - root - INFO - Width: 191, Height: 54, RowLength: 573
2023-07-09 17:49:05,270 - root - INFO - _step: 3, unknown2: 0,
2023-07-09 17:49:05,270 - root - INFO - BPP: 24, Transparency: False
2023-07-09 17:49:05,332 - root - INFO - Resource 63 offset: 527062, length: 31531...
2023-07-09 17:49:05,332 - root - DEBUG - Reading resource 63...
2023-07-09 17:49:05,332 - root - INFO - The image is bmc.
2023-07-09 17:49:05,332 - root - INFO - Reading image header(readHeader16C)...
2023-07-09 17:49:05,332 - root - INFO - Image header was read:
2023-07-09 17:49:05,332 - root - INFO - Width: 191, Height: 55, RowLength: 573
2023-07-09 17:49:05,332 - root - INFO - _step: 3, unknown2: 0,
2023-07-09 17:49:05,332 - root - INFO - BPP: 24, Transparency: False
2023-07-09 17:49:05,395 - root - INFO - Resource 64 offset: 558593, length: 31696...
2023-07-09 17:49:05,395 - root - DEBUG - Reading resource 64...
2023-07-09 17:49:05,395 - root - INFO - The image is bmc.
2023-07-09 17:49:05,395 - root - INFO - Reading image header(readHeader16C)...
2023-07-09 17:49:05,395 - root - INFO - Image header was read:
2023-07-09 17:49:05,395 - root - INFO - Width: 192, Height: 55, RowLength: 576
2023-07-09 17:49:05,395 - root - INFO - _step: 3, unknown2: 0,
2023-07-09 17:49:05,395 - root - INFO - BPP: 24, Transparency: False
2023-07-09 17:49:05,457 - root - INFO - Resource 65 offset: 590289, length: 7516...
2023-07-09 17:49:05,457 - root - DEBUG - Reading resource 65...
2023-07-09 17:49:05,457 - root - INFO - The image is bmc.
2023-07-09 17:49:05,457 - root - INFO - Reading image header(readHeader16C)...
2023-07-09 17:49:05,457 - root - INFO - Image header was read:
2023-07-09 17:49:05,457 - root - INFO - Width: 50, Height: 50, RowLength: 150
2023-07-09 17:49:05,457 - root - INFO - _step: 3, unknown2: 0,
2023-07-09 17:49:05,457 - root - INFO - BPP: 24, Transparency: False
2023-07-09 17:49:05,473 - root - INFO - Resource 66 offset: 597805, length: 7516...
2023-07-09 17:49:05,473 - root - DEBUG - Reading resource 66...
2023-07-09 17:49:05,473 - root - INFO - The image is bmc.
2023-07-09 17:49:05,473 - root - INFO - Reading image header(readHeader16C)...
2023-07-09 17:49:05,473 - root - INFO - Image header was read:
2023-07-09 17:49:05,473 - root - INFO - Width: 50, Height: 50, RowLength: 150
2023-07-09 17:49:05,473 - root - INFO - _step: 3, unknown2: 0,
2023-07-09 17:49:05,473 - root - INFO - BPP: 24, Transparency: False
2023-07-09 17:49:05,489 - root - INFO - Resource 67 offset: 605321, length: 7516...
2023-07-09 17:49:05,489 - root - DEBUG - Reading resource 67...
2023-07-09 17:49:05,504 - root - INFO - The image is bmc.
2023-07-09 17:49:05,504 - root - INFO - Reading image header(readHeader16C)...
2023-07-09 17:49:05,504 - root - INFO - Image header was read:
2023-07-09 17:49:05,504 - root - INFO - Width: 50, Height: 50, RowLength: 150
2023-07-09 17:49:05,504 - root - INFO - _step: 3, unknown2: 0,
2023-07-09 17:49:05,504 - root - INFO - BPP: 24, Transparency: False
2023-07-09 17:49:05,520 - root - INFO - Resource 68 offset: 612837, length: 7516...
2023-07-09 17:49:05,520 - root - DEBUG - Reading resource 68...
2023-07-09 17:49:05,520 - root - INFO - The image is bmc.
2023-07-09 17:49:05,520 - root - INFO - Reading image header(readHeader16C)...
2023-07-09 17:49:05,520 - root - INFO - Image header was read:
2023-07-09 17:49:05,520 - root - INFO - Width: 50, Height: 50, RowLength: 150
2023-07-09 17:49:05,520 - root - INFO - _step: 3, unknown2: 0,
2023-07-09 17:49:05,520 - root - INFO - BPP: 24, Transparency: False
2023-07-09 17:49:05,535 - root - INFO - Resource 69 offset: 620353, length: 7516...
2023-07-09 17:49:05,535 - root - DEBUG - Reading resource 69...
2023-07-09 17:49:05,535 - root - INFO - The image is bmc.
2023-07-09 17:49:05,535 - root - INFO - Reading image header(readHeader16C)...
2023-07-09 17:49:05,535 - root - INFO - Image header was read:
2023-07-09 17:49:05,535 - root - INFO - Width: 50, Height: 50, RowLength: 150
2023-07-09 17:49:05,535 - root - INFO - _step: 3, unknown2: 0,
2023-07-09 17:49:05,535 - root - INFO - BPP: 24, Transparency: False
2023-07-09 17:49:05,551 - root - INFO - Resource 70 offset: 627869, length: 7516...
2023-07-09 17:49:05,551 - root - DEBUG - Reading resource 70...
2023-07-09 17:49:05,551 - root - INFO - The image is bmc.
2023-07-09 17:49:05,551 - root - INFO - Reading image header(readHeader16C)...
2023-07-09 17:49:05,551 - root - INFO - Image header was read:
2023-07-09 17:49:05,551 - root - INFO - Width: 50, Height: 50, RowLength: 150
2023-07-09 17:49:05,551 - root - INFO - _step: 3, unknown2: 0,
2023-07-09 17:49:05,551 - root - INFO - BPP: 24, Transparency: False
2023-07-09 17:49:05,567 - root - INFO - Resource 71 offset: 635385, length: 7516...
2023-07-09 17:49:05,567 - root - DEBUG - Reading resource 71...
2023-07-09 17:49:05,567 - root - INFO - The image is bmc.
2023-07-09 17:49:05,567 - root - INFO - Reading image header(readHeader16C)...
2023-07-09 17:49:05,567 - root - INFO - Image header was read:
2023-07-09 17:49:05,567 - root - INFO - Width: 50, Height: 50, RowLength: 150
2023-07-09 17:49:05,567 - root - INFO - _step: 3, unknown2: 0,
2023-07-09 17:49:05,567 - root - INFO - BPP: 24, Transparency: False
2023-07-09 17:49:05,582 - root - INFO - Resource 72 offset: 642901, length: 7516...
2023-07-09 17:49:05,582 - root - DEBUG - Reading resource 72...
2023-07-09 17:49:05,582 - root - INFO - The image is bmc.
2023-07-09 17:49:05,582 - root - INFO - Reading image header(readHeader16C)...
2023-07-09 17:49:05,582 - root - INFO - Image header was read:
2023-07-09 17:49:05,582 - root - INFO - Width: 50, Height: 50, RowLength: 150
2023-07-09 17:49:05,582 - root - INFO - _step: 3, unknown2: 0,
2023-07-09 17:49:05,582 - root - INFO - BPP: 24, Transparency: False
2023-07-09 17:49:05,598 - root - INFO - Resource 73 offset: 650417, length: 7516...
2023-07-09 17:49:05,598 - root - DEBUG - Reading resource 73...
2023-07-09 17:49:05,598 - root - INFO - The image is bmc.
2023-07-09 17:49:05,598 - root - INFO - Reading image header(readHeader16C)...
2023-07-09 17:49:05,598 - root - INFO - Image header was read:
2023-07-09 17:49:05,598 - root - INFO - Width: 50, Height: 50, RowLength: 150
2023-07-09 17:49:05,598 - root - INFO - _step: 3, unknown2: 0,
2023-07-09 17:49:05,598 - root - INFO - BPP: 24, Transparency: False
2023-07-09 17:49:05,614 - root - INFO - Resource 74 offset: 657933, length: 7516...
2023-07-09 17:49:05,614 - root - DEBUG - Reading resource 74...
2023-07-09 17:49:05,614 - root - INFO - The image is bmc.
2023-07-09 17:49:05,614 - root - INFO - Reading image header(readHeader16C)...
2023-07-09 17:49:05,614 - root - INFO - Image header was read:
2023-07-09 17:49:05,614 - root - INFO - Width: 50, Height: 50, RowLength: 150
2023-07-09 17:49:05,614 - root - INFO - _step: 3, unknown2: 0,
2023-07-09 17:49:05,614 - root - INFO - BPP: 24, Transparency: False
2023-07-09 17:49:05,629 - root - INFO - Resource 75 offset: 665449, length: 7516...
2023-07-09 17:49:05,629 - root - DEBUG - Reading resource 75...
2023-07-09 17:49:05,629 - root - INFO - The image is bmc.
2023-07-09 17:49:05,629 - root - INFO - Reading image header(readHeader16C)...
2023-07-09 17:49:05,629 - root - INFO - Image header was read:
2023-07-09 17:49:05,629 - root - INFO - Width: 50, Height: 50, RowLength: 150
2023-07-09 17:49:05,629 - root - INFO - _step: 3, unknown2: 0,
2023-07-09 17:49:05,629 - root - INFO - BPP: 24, Transparency: False
2023-07-09 17:49:05,645 - root - INFO - Resource 76 offset: 672965, length: 7516...
2023-07-09 17:49:05,645 - root - DEBUG - Reading resource 76...
2023-07-09 17:49:05,645 - root - INFO - The image is bmc.
2023-07-09 17:49:05,645 - root - INFO - Reading image header(readHeader16C)...
2023-07-09 17:49:05,645 - root - INFO - Image header was read:
2023-07-09 17:49:05,645 - root - INFO - Width: 50, Height: 50, RowLength: 150
2023-07-09 17:49:05,645 - root - INFO - _step: 3, unknown2: 0,
2023-07-09 17:49:05,645 - root - INFO - BPP: 24, Transparency: False
2023-07-09 17:49:05,676 - root - INFO - Resource 77 offset: 680481, length: 7516...
2023-07-09 17:49:05,676 - root - DEBUG - Reading resource 77...
2023-07-09 17:49:05,676 - root - INFO - The image is bmc.
2023-07-09 17:49:05,676 - root - INFO - Reading image header(readHeader16C)...
2023-07-09 17:49:05,676 - root - INFO - Image header was read:
2023-07-09 17:49:05,676 - root - INFO - Width: 50, Height: 50, RowLength: 150
2023-07-09 17:49:05,676 - root - INFO - _step: 3, unknown2: 0,
2023-07-09 17:49:05,676 - root - INFO - BPP: 24, Transparency: False
2023-07-09 17:49:05,692 - root - INFO - Resource 78 offset: 687997, length: 7516...
2023-07-09 17:49:05,692 - root - DEBUG - Reading resource 78...
2023-07-09 17:49:05,692 - root - INFO - The image is bmc.
2023-07-09 17:49:05,692 - root - INFO - Reading image header(readHeader16C)...
2023-07-09 17:49:05,692 - root - INFO - Image header was read:
2023-07-09 17:49:05,692 - root - INFO - Width: 50, Height: 50, RowLength: 150
2023-07-09 17:49:05,692 - root - INFO - _step: 3, unknown2: 0,
2023-07-09 17:49:05,692 - root - INFO - BPP: 24, Transparency: False
2023-07-09 17:49:05,707 - root - INFO - Resource 79 offset: 695513, length: 7516...
2023-07-09 17:49:05,707 - root - DEBUG - Reading resource 79...
2023-07-09 17:49:05,707 - root - INFO - The image is bmc.
2023-07-09 17:49:05,707 - root - INFO - Reading image header(readHeader16C)...
2023-07-09 17:49:05,707 - root - INFO - Image header was read:
2023-07-09 17:49:05,707 - root - INFO - Width: 50, Height: 50, RowLength: 150
2023-07-09 17:49:05,707 - root - INFO - _step: 3, unknown2: 0,
2023-07-09 17:49:05,707 - root - INFO - BPP: 24, Transparency: False
2023-07-09 17:49:05,723 - root - INFO - Resource 80 offset: 703029, length: 1552...
2023-07-09 17:49:05,723 - root - DEBUG - Reading resource 80...
2023-07-09 17:49:05,723 - root - INFO - The image is bmc.
2023-07-09 17:49:05,723 - root - INFO - Reading image header(readHeader16C)...
2023-07-09 17:49:05,723 - root - INFO - Image header was read:
2023-07-09 17:49:05,723 - root - INFO - Width: 8, Height: 64, RowLength: 24
2023-07-09 17:49:05,723 - root - INFO - _step: 3, unknown2: 0,
2023-07-09 17:49:05,723 - root - INFO - BPP: 24, Transparency: False
2023-07-09 17:49:05,723 - root - INFO - Resource 81 offset: 704581, length: 2704...
2023-07-09 17:49:05,723 - root - DEBUG - Reading resource 81...
2023-07-09 17:49:05,723 - root - INFO - The image is bmc.
2023-07-09 17:49:05,723 - root - INFO - Reading image header(readHeader16C)...
2023-07-09 17:49:05,723 - root - INFO - Image header was read:
2023-07-09 17:49:05,723 - root - INFO - Width: 8, Height: 112, RowLength: 24
2023-07-09 17:49:05,723 - root - INFO - _step: 3, unknown2: 0,
2023-07-09 17:49:05,723 - root - INFO - BPP: 24, Transparency: False
2023-07-09 17:49:05,739 - root - INFO - Resource 82 offset: 707285, length: 2200...
2023-07-09 17:49:05,739 - root - DEBUG - Reading resource 82...
2023-07-09 17:49:05,739 - root - INFO - The image is bmc.
2023-07-09 17:49:05,739 - root - INFO - Reading image header(readHeader16C)...
2023-07-09 17:49:05,739 - root - INFO - Image header was read:
2023-07-09 17:49:05,739 - root - INFO - Width: 8, Height: 91, RowLength: 24
2023-07-09 17:49:05,739 - root - INFO - _step: 3, unknown2: 0,
2023-07-09 17:49:05,739 - root - INFO - BPP: 24, Transparency: False
2023-07-09 17:49:05,739 - root - DEBUG - Parsing parameters...
2023-07-09 17:49:05,879 - root - DEBUG - 0 Value: None
2023-07-09 17:49:05,879 - root - DEBUG - 0.1 Value: 71
2023-07-09 17:49:05,879 - root - DEBUG - 2 Value: None
2023-07-09 17:49:05,879 - root - DEBUG - 2.1 Value: None
2023-07-09 17:49:05,879 - root - DEBUG - 2.1.1 Value: 0
2023-07-09 17:49:05,879 - root - DEBUG - 2.1.2 Value: 0
2023-07-09 17:49:05,879 - root - DEBUG - 2.1.3 Value: 1
2023-07-09 17:49:05,879 - root - DEBUG - 2.3 Value: None
2023-07-09 17:49:05,879 - root - DEBUG - 2.3.1 Value: 0
2023-07-09 17:49:05,879 - root - DEBUG - 2.3.2 Value: 0
2023-07-09 17:49:05,879 - root - DEBUG - 2.3.3 Value: 0
2023-07-09 17:49:05,879 - root - DEBUG - 2.5 Value: None
2023-07-09 17:49:05,879 - root - DEBUG - 2.5.1 Value: 0
2023-07-09 17:49:05,879 - root - DEBUG - 2.5.2 Value: 0
2023-07-09 17:49:05,879 - root - DEBUG - 2.5.3 Value: 0
2023-07-09 17:49:05,879 - root - DEBUG - 4 Value: None
2023-07-09 17:49:05,879 - root - DEBUG - 4.1 Value: None
2023-07-09 17:49:05,879 - root - DEBUG - 4.1.1 Value: None
2023-07-09 17:49:05,879 - root - DEBUG - 4.1.1.1 Value: 180
2023-07-09 17:49:05,879 - root - DEBUG - 4.1.1.2 Value: 245
2023-07-09 17:49:05,879 - root - DEBUG - 4.1.1.3 Value: 220
2023-07-09 17:49:05,879 - root - DEBUG - 4.1.1.4 Value: 258
2023-07-09 17:49:05,879 - root - DEBUG - 4.1.1.5 Value: 72
2023-07-09 17:49:05,879 - root - DEBUG - 4.1.1.6 Value: 0
2023-07-09 17:49:05,879 - root - DEBUG - 4.1.1.7 Value: 0
2023-07-09 17:49:05,879 - root - DEBUG - 4.1.1.8 Value: 24
2023-07-09 17:49:05,879 - root - DEBUG - 4.1.1.9 Value: 10
2023-07-09 17:49:05,879 - root - DEBUG - 4.4 Value: None
2023-07-09 17:49:05,879 - root - DEBUG - 4.4.1 Value: None
2023-07-09 17:49:05,879 - root - DEBUG - 4.4.1.1 Value: 34
2023-07-09 17:49:05,879 - root - DEBUG - 4.4.1.2 Value: 34
2023-07-09 17:49:05,879 - root - DEBUG - 4.4.1.3 Value: 58
2023-07-09 17:49:05,879 - root - DEBUG - 4.4.1.4 Value: 45
2023-07-09 17:49:05,879 - root - DEBUG - 4.4.1.5 Value: 72
2023-07-09 17:49:05,879 - root - DEBUG - 4.4.1.6 Value: 0
2023-07-09 17:49:05,879 - root - DEBUG - 4.4.1.7 Value: 0
2023-07-09 17:49:05,879 - root - DEBUG - 4.4.1.8 Value: 34
2023-07-09 17:49:05,879 - root - DEBUG - 4.4.1.9 Value: 10
2023-07-09 17:49:05,879 - root - DEBUG - 4.4.3 Value: 44
2023-07-09 17:49:05,879 - root - DEBUG - 4.7 Value: 0
2023-07-09 17:49:05,879 - root - DEBUG - 5 Value: None
2023-07-09 17:49:05,879 - root - DEBUG - 5.1 Value: None
2023-07-09 17:49:05,879 - root - DEBUG - 5.1.9 Value: None
2023-07-09 17:49:05,879 - root - DEBUG - 5.1.9.3 Value: None
2023-07-09 17:49:05,879 - root - DEBUG - 5.1.9.3.1 Value: 128
2023-07-09 17:49:05,879 - root - DEBUG - 5.1.9.3.2 Value: 93
2023-07-09 17:49:05,879 - root - DEBUG - 5.1.9.3.3 Value: 148
2023-07-09 17:49:05,879 - root - DEBUG - 5.1.9.3.4 Value: 106
2023-07-09 17:49:05,879 - root - DEBUG - 5.1.9.3.5 Value: 72
2023-07-09 17:49:05,879 - root - DEBUG - 5.1.9.3.6 Value: 0
2023-07-09 17:49:05,879 - root - DEBUG - 5.1.9.3.7 Value: 0
2023-07-09 17:49:05,879 - root - DEBUG - 5.1.9.3.8 Value: 2
2023-07-09 17:49:05,879 - root - DEBUG - 5.1.9.3.9 Value: 10
2023-07-09 17:49:05,879 - root - DEBUG - 5.1.9.4 Value: 0
2023-07-09 17:49:05,879 - root - DEBUG - 5.1.9.5 Value: 0
2023-07-09 17:49:05,879 - root - DEBUG - 5.1.9.6 Value: None
2023-07-09 17:49:05,879 - root - DEBUG - 5.1.9.6.1 Value: 93
2023-07-09 17:49:05,879 - root - DEBUG - 5.1.9.6.2 Value: 93
2023-07-09 17:49:05,879 - root - DEBUG - 5.1.9.6.3 Value: 12
2023-07-09 17:49:05,879 - root - DEBUG - 5.1.9.6.4 Value: 12
2023-07-09 17:49:05,879 - root - DEBUG - 5.1.9.7 Value: None
2023-07-09 17:49:05,879 - root - DEBUG - 5.1.9.7.1 Value: 93
2023-07-09 17:49:05,879 - root - DEBUG - 5.1.9.7.2 Value: 93
2023-07-09 17:49:05,879 - root - DEBUG - 5.1.9.7.3 Value: 12
2023-07-09 17:49:05,879 - root - DEBUG - 5.1.9.7.4 Value: 12
2023-07-09 17:49:05,879 - root - DEBUG - 5.1.4 Value: 1
2023-07-09 17:49:05,879 - root - DEBUG - 5.1.5 Value: 1
2023-07-09 17:49:05,879 - root - DEBUG - 5.1.6 Value: 0
2023-07-09 17:49:05,879 - root - DEBUG - 6 Value: None
2023-07-09 17:49:05,879 - root - DEBUG - 6.6 Value: None
2023-07-09 17:49:05,879 - root - DEBUG - 6.6.1 Value: None
2023-07-09 17:49:05,879 - root - DEBUG - 6.6.1.1 Value: 186
2023-07-09 17:49:05,879 - root - DEBUG - 6.6.1.2 Value: 34
2023-07-09 17:49:05,879 - root - DEBUG - 6.6.1.3 Value: 202
2023-07-09 17:49:05,879 - root - DEBUG - 6.6.1.4 Value: 44
2023-07-09 17:49:05,879 - root - DEBUG - 6.6.1.5 Value: 72
2023-07-09 17:49:05,879 - root - DEBUG - 6.6.1.6 Value: 0
2023-07-09 17:49:05,879 - root - DEBUG - 6.6.1.7 Value: 0
2023-07-09 17:49:05,879 - root - DEBUG - 6.6.1.8 Value: 45
2023-07-09 17:49:05,879 - root - DEBUG - 6.6.1.9 Value: 10
2023-07-09 17:49:05,879 - root - DEBUG - 6.6.6 Value: 44
2023-07-09 17:49:05,879 - root - DEBUG - 7 Value: None
2023-07-09 17:49:05,895 - root - DEBUG - 7.2 Value: None
2023-07-09 17:49:05,895 - root - DEBUG - 7.2.1 Value: 25
2023-07-09 17:49:05,895 - root - DEBUG - 7.2.2 Value: 209
2023-07-09 17:49:05,895 - root - DEBUG - 7.2.3 Value: 55
2023-07-09 17:49:05,895 - root - DEBUG - 7.2.4 Value: 10
2023-07-09 17:49:05,895 - root - DEBUG - 15 Value: None
2023-07-09 17:49:05,895 - root - DEBUG - 15.2 Value: None
2023-07-09 17:49:05,895 - root - DEBUG - 15.2.1 Value: 95
2023-07-09 17:49:05,895 - root - DEBUG - 15.2.2 Value: 154
2023-07-09 17:49:05,895 - root - DEBUG - 15.2.3 Value: 65
2023-07-09 17:49:05,895 - root - DEBUG - 15.2.4 Value: 15
2023-07-09 17:49:05,895 - root - DEBUG - 20 Value: None
2023-07-09 17:49:05,895 - root - DEBUG - 20.2 Value: None
2023-07-09 17:49:05,895 - root - DEBUG - 20.2.1 Value: 120
2023-07-09 17:49:05,895 - root - DEBUG - 20.2.2 Value: 140
2023-07-09 17:49:05,895 - root - DEBUG - 20.3 Value: None
2023-07-09 17:49:05,895 - root - DEBUG - 20.3.1 Value: 80
2023-07-09 17:49:05,895 - root - DEBUG - 20.3.2 Value: 64
2023-07-09 17:49:05,895 - root - DEBUG - 20.4 Value: None
2023-07-09 17:49:05,895 - root - DEBUG - 20.4.1 Value: 82
2023-07-09 17:49:05,895 - root - DEBUG - 20.4.2 Value: 91
2023-07-09 17:49:05,895 - root - DEBUG - 20.5 Value: None
2023-07-09 17:49:05,895 - root - DEBUG - 20.5.1 Value: 81
2023-07-09 17:49:05,895 - root - DEBUG - 20.5.2 Value: 92
2023-07-09 17:49:05,895 - root - DEBUG - 0-Info
2023-07-09 17:49:05,895 - root - DEBUG - 0.1-DeviceId
2023-07-09 17:49:05,895 - root - DEBUG - 2-Background
2023-07-09 17:49:05,895 - root - DEBUG - 2.1-Image
2023-07-09 17:49:05,895 - root - DEBUG - 2.1.1-X
2023-07-09 17:49:05,895 - root - DEBUG - 2.1.2-Y
2023-07-09 17:49:05,895 - root - DEBUG - 2.1.3-ImageIndex
2023-07-09 17:49:05,895 - root - DEBUG - 2.3-Preview
2023-07-09 17:49:05,895 - root - DEBUG - 2.3.1-X
2023-07-09 17:49:05,895 - root - DEBUG - 2.3.2-Y
2023-07-09 17:49:05,895 - root - DEBUG - 2.3.3-ImageIndex
2023-07-09 17:49:05,895 - root - DEBUG - 2.5-PreviewChinese
2023-07-09 17:49:05,895 - root - DEBUG - 2.5.1-X
2023-07-09 17:49:05,895 - root - DEBUG - 2.5.2-Y
2023-07-09 17:49:05,895 - root - DEBUG - 2.5.3-ImageIndex
2023-07-09 17:49:05,895 - root - DEBUG - 4-Activity
2023-07-09 17:49:05,895 - root - DEBUG - 4.1-Steps
2023-07-09 17:49:05,895 - root - DEBUG - 4.1.1-ImageNumber
2023-07-09 17:49:05,895 - root - DEBUG - 4.1.1.1-TopLeftX
2023-07-09 17:49:05,895 - root - DEBUG - 4.1.1.2-TopLeftY
2023-07-09 17:49:05,895 - root - DEBUG - 4.1.1.3-BottomRightX
2023-07-09 17:49:05,895 - root - DEBUG - 4.1.1.4-BottomRightY
2023-07-09 17:49:05,895 - root - DEBUG - 4.1.1.5-Alignment
2023-07-09 17:49:05,895 - root - DEBUG - 4.1.1.6-Spacing
2023-07-09 17:49:05,895 - root - DEBUG - 4.1.1.7-VerticalOffset
2023-07-09 17:49:05,895 - root - DEBUG - 4.1.1.8-ImageIndex
2023-07-09 17:49:05,895 - root - DEBUG - 4.1.1.9-ImagesCount
2023-07-09 17:49:05,895 - root - DEBUG - 4.4-HeartRate
2023-07-09 17:49:05,895 - root - DEBUG - 4.4.1-ImageNumber
2023-07-09 17:49:05,895 - root - DEBUG - 4.4.1.1-TopLeftX
2023-07-09 17:49:05,895 - root - DEBUG - 4.4.1.2-TopLeftY
2023-07-09 17:49:05,895 - root - DEBUG - 4.4.1.3-BottomRightX
2023-07-09 17:49:05,895 - root - DEBUG - 4.4.1.4-BottomRightY
2023-07-09 17:49:05,895 - root - DEBUG - 4.4.1.5-Alignment
2023-07-09 17:49:05,895 - root - DEBUG - 4.4.1.6-Spacing
2023-07-09 17:49:05,895 - root - DEBUG - 4.4.1.7-VerticalOffset
2023-07-09 17:49:05,895 - root - DEBUG - 4.4.1.8-ImageIndex
2023-07-09 17:49:05,895 - root - DEBUG - 4.4.1.9-ImagesCount
2023-07-09 17:49:05,895 - root - DEBUG - 4.4.3-NoDataImageIndex
2023-07-09 17:49:05,895 - root - DEBUG - 4.7-UnknownLongValue7
2023-07-09 17:49:05,895 - root - DEBUG - 5-DateBlock
2023-07-09 17:49:05,895 - root - DEBUG - 5.1-Date
2023-07-09 17:49:05,895 - root - DEBUG - 5.1.9-YearMonthAndDay
2023-07-09 17:49:05,895 - root - DEBUG - 5.1.9.3-Day
2023-07-09 17:49:05,895 - root - DEBUG - 5.1.9.3.1-TopLeftX
2023-07-09 17:49:05,895 - root - DEBUG - 5.1.9.3.2-TopLeftY
2023-07-09 17:49:05,895 - root - DEBUG - 5.1.9.3.3-BottomRightX
2023-07-09 17:49:05,895 - root - DEBUG - 5.1.9.3.4-BottomRightY
2023-07-09 17:49:05,895 - root - DEBUG - 5.1.9.3.5-Alignment
2023-07-09 17:49:05,895 - root - DEBUG - 5.1.9.3.6-Spacing
2023-07-09 17:49:05,895 - root - DEBUG - 5.1.9.3.7-VerticalOffset
2023-07-09 17:49:05,895 - root - DEBUG - 5.1.9.3.8-ImageIndex
2023-07-09 17:49:05,895 - root - DEBUG - 5.1.9.3.9-ImagesCount
2023-07-09 17:49:05,895 - root - DEBUG - 5.1.9.4-MonthFollowsYear
2023-07-09 17:49:05,895 - root - DEBUG - 5.1.9.5-DayFollowsMonth
2023-07-09 17:49:05,895 - root - DEBUG - 5.1.9.6-MonthAsWord
2023-07-09 17:49:05,895 - root - DEBUG - 5.1.9.6.1-X
2023-07-09 17:49:05,895 - root - DEBUG - 5.1.9.6.2-Y
2023-07-09 17:49:05,895 - root - DEBUG - 5.1.9.6.3-ImageIndex
2023-07-09 17:49:05,910 - root - DEBUG - 5.1.9.6.4-ImagesCount
2023-07-09 17:49:05,910 - root - DEBUG - 5.1.9.7-MonthAsWordChinese
2023-07-09 17:49:05,910 - root - DEBUG - 5.1.9.7.1-X
2023-07-09 17:49:05,910 - root - DEBUG - 5.1.9.7.2-Y
2023-07-09 17:49:05,910 - root - DEBUG - 5.1.9.7.3-ImageIndex
2023-07-09 17:49:05,910 - root - DEBUG - 5.1.9.7.4-ImagesCount
2023-07-09 17:49:05,910 - root - DEBUG - 5.1.4-PaddingZeroMonth
2023-07-09 17:49:05,910 - root - DEBUG - 5.1.5-PaddingZeroDay
2023-07-09 17:49:05,910 - root - DEBUG - 5.1.6-UnknownBoolean6
2023-07-09 17:49:05,910 - root - DEBUG - 6-Weather
2023-07-09 17:49:05,910 - root - DEBUG - 6.6-UVindex
2023-07-09 17:49:05,910 - root - DEBUG - 6.6.1-UVindexNumber
2023-07-09 17:49:05,910 - root - DEBUG - 6.6.1.1-TopLeftX
2023-07-09 17:49:05,910 - root - DEBUG - 6.6.1.2-TopLeftY
2023-07-09 17:49:05,910 - root - DEBUG - 6.6.1.3-BottomRightX
2023-07-09 17:49:05,910 - root - DEBUG - 6.6.1.4-BottomRightY
2023-07-09 17:49:05,910 - root - DEBUG - 6.6.1.5-Alignment
2023-07-09 17:49:05,910 - root - DEBUG - 6.6.1.6-Spacing
2023-07-09 17:49:05,910 - root - DEBUG - 6.6.1.7-VerticalOffset
2023-07-09 17:49:05,910 - root - DEBUG - 6.6.1.8-ImageIndex
2023-07-09 17:49:05,910 - root - DEBUG - 6.6.1.9-ImagesCount
2023-07-09 17:49:05,910 - root - DEBUG - 6.6.6-NoDataImageIndex
2023-07-09 17:49:05,910 - root - DEBUG - 7-StepProgress
2023-07-09 17:49:05,910 - root - DEBUG - 7.2-ImageProgress
2023-07-09 17:49:05,910 - root - DEBUG - 7.2.1-X
2023-07-09 17:49:05,910 - root - DEBUG - 7.2.2-Y
2023-07-09 17:49:05,910 - root - DEBUG - 7.2.3-ImageIndex
2023-07-09 17:49:05,910 - root - DEBUG - 7.2.4-ImagesCount
2023-07-09 17:49:05,910 - root - DEBUG - 15-CaloriesProgress
2023-07-09 17:49:05,910 - root - DEBUG - 15.2-ImageProgress
2023-07-09 17:49:05,910 - root - DEBUG - 15.2.1-X
2023-07-09 17:49:05,910 - root - DEBUG - 15.2.2-Y
2023-07-09 17:49:05,910 - root - DEBUG - 15.2.3-ImageIndex
2023-07-09 17:49:05,910 - root - DEBUG - 15.2.4-ImagesCount
2023-07-09 17:49:05,910 - root - DEBUG - 20-TimeAnalog
2023-07-09 17:49:05,910 - root - DEBUG - 20.2-CommonCenterCoordinates
2023-07-09 17:49:05,910 - root - DEBUG - 20.2.1-X
2023-07-09 17:49:05,910 - root - DEBUG - 20.2.2-Y
2023-07-09 17:49:05,910 - root - DEBUG - 20.3-Hours
2023-07-09 17:49:05,910 - root - DEBUG - 20.3.1-ImageIndex
2023-07-09 17:49:05,910 - root - DEBUG - 20.3.2-PointerCenterOfRotationY
2023-07-09 17:49:05,910 - root - DEBUG - 20.4-Minutes
2023-07-09 17:49:05,910 - root - DEBUG - 20.4.1-ImageIndex
2023-07-09 17:49:05,910 - root - DEBUG - 20.4.2-PointerCenterOfRotationY
2023-07-09 17:49:05,910 - root - DEBUG - 20.5-Seconds
2023-07-09 17:49:05,910 - root - DEBUG - 20.5.1-ImageIndex
2023-07-09 17:49:05,910 - root - DEBUG - 20.5.2-PointerCenterOfRotationY
2023-07-09 17:49:05,910 - root - DEBUG - generatePreviews
2023-07-09 17:49:05,910 - root - DEBUG - Generating previews...
2023-07-09 17:49:05,910 - root - DEBUG - Generating states done...
2023-07-09 17:49:05,926 - root - DEBUG - >>>>>>>>>>>> 0 <watchFaceParser.models.parameter.Parameter object at 0x000001BA00DBF610>
2023-07-09 17:49:05,926 - root - DEBUG - >>>>>>>>>>>> 2 <watchFaceParser.models.parameter.Parameter object at 0x000001BA00DB9310>
2023-07-09 17:49:05,942 - root - DEBUG - >>>>>>>>>>>> 4 <watchFaceParser.models.parameter.Parameter object at 0x000001BA00DB9820>
2023-07-09 17:49:05,957 - root - DEBUG - >>>>>>>>>>>> 5 <watchFaceParser.models.parameter.Parameter object at 0x000001BA00DBB850>
2023-07-09 17:49:05,957 - root - DEBUG - >>>>>>>>>>>> 6 <watchFaceParser.models.parameter.Parameter object at 0x000001BA00DBC4C0>
2023-07-09 17:49:05,973 - root - DEBUG - >>>>>>>>>>>> 7 <watchFaceParser.models.parameter.Parameter object at 0x000001BA00DBCAC0>
2023-07-09 17:49:05,973 - root - DEBUG - >>>>>>>>>>>> 15 <watchFaceParser.models.parameter.Parameter object at 0x000001BA00DBCD60>
2023-07-09 17:49:05,973 - root - DEBUG - >>>>>>>>>>>> 20 <watchFaceParser.models.parameter.Parameter object at 0x000001BA00DBCA60>
2023-07-09 17:49:06,035 - root - DEBUG - Generating static preview gen done...
2023-07-09 17:49:06,114 - root - DEBUG - Generating static preview save done...
2023-07-09 17:49:06,114 - root - DEBUG - Generating anim preview gen done...
2023-07-09 17:49:06,114 - root - DEBUG - >>>>>>>>>>>> 0 <watchFaceParser.models.parameter.Parameter object at 0x000001BA00DBF610>
2023-07-09 17:49:06,114 - root - DEBUG - >>>>>>>>>>>> 2 <watchFaceParser.models.parameter.Parameter object at 0x000001BA00DB9310>
2023-07-09 17:49:06,114 - root - DEBUG - >>>>>>>>>>>> 4 <watchFaceParser.models.parameter.Parameter object at 0x000001BA00DB9820>
2023-07-09 17:49:06,114 - root - DEBUG - >>>>>>>>>>>> 5 <watchFaceParser.models.parameter.Parameter object at 0x000001BA00DBB850>
2023-07-09 17:49:06,114 - root - DEBUG - >>>>>>>>>>>> 6 <watchFaceParser.models.parameter.Parameter object at 0x000001BA00DBC4C0>
2023-07-09 17:49:06,114 - root - DEBUG - >>>>>>>>>>>> 7 <watchFaceParser.models.parameter.Parameter object at 0x000001BA00DBCAC0>
2023-07-09 17:49:06,114 - root - DEBUG - >>>>>>>>>>>> 15 <watchFaceParser.models.parameter.Parameter object at 0x000001BA00DBCD60>
2023-07-09 17:49:06,114 - root - DEBUG - >>>>>>>>>>>> 20 <watchFaceParser.models.parameter.Parameter object at 0x000001BA00DBCA60>
2023-07-09 17:49:06,703 - root - DEBUG - generatePreviews done
2023-07-09 17:49:06,703 - root - DEBUG - Exporting resources to 'E:\Codez\zepp-bip3-wf\a8e45fc08c556fe059b30cc4173f5713'
2023-07-09 17:49:06,703 - root - DEBUG - extracting E:\Codez\zepp-bip3-wf\a8e45fc08c556fe059b30cc4173f5713\0000.png...
2023-07-09 17:49:06,719 - root - DEBUG - extracting E:\Codez\zepp-bip3-wf\a8e45fc08c556fe059b30cc4173f5713\0001.png...
2023-07-09 17:49:06,735 - root - DEBUG - extracting E:\Codez\zepp-bip3-wf\a8e45fc08c556fe059b30cc4173f5713\0002.png...
2023-07-09 17:49:06,735 - root - DEBUG - extracting E:\Codez\zepp-bip3-wf\a8e45fc08c556fe059b30cc4173f5713\0003.png...
2023-07-09 17:49:06,735 - root - DEBUG - extracting E:\Codez\zepp-bip3-wf\a8e45fc08c556fe059b30cc4173f5713\0004.png...
2023-07-09 17:49:06,735 - root - DEBUG - extracting E:\Codez\zepp-bip3-wf\a8e45fc08c556fe059b30cc4173f5713\0005.png...
2023-07-09 17:49:06,735 - root - DEBUG - extracting E:\Codez\zepp-bip3-wf\a8e45fc08c556fe059b30cc4173f5713\0006.png...
2023-07-09 17:49:06,735 - root - DEBUG - extracting E:\Codez\zepp-bip3-wf\a8e45fc08c556fe059b30cc4173f5713\0007.png...
2023-07-09 17:49:06,735 - root - DEBUG - extracting E:\Codez\zepp-bip3-wf\a8e45fc08c556fe059b30cc4173f5713\0008.png...
2023-07-09 17:49:06,735 - root - DEBUG - extracting E:\Codez\zepp-bip3-wf\a8e45fc08c556fe059b30cc4173f5713\0009.png...
2023-07-09 17:49:06,735 - root - DEBUG - extracting E:\Codez\zepp-bip3-wf\a8e45fc08c556fe059b30cc4173f5713\0010.png...
2023-07-09 17:49:06,735 - root - DEBUG - extracting E:\Codez\zepp-bip3-wf\a8e45fc08c556fe059b30cc4173f5713\0011.png...
2023-07-09 17:49:06,750 - root - DEBUG - extracting E:\Codez\zepp-bip3-wf\a8e45fc08c556fe059b30cc4173f5713\0012.png...
2023-07-09 17:49:06,750 - root - DEBUG - extracting E:\Codez\zepp-bip3-wf\a8e45fc08c556fe059b30cc4173f5713\0013.png...
2023-07-09 17:49:06,750 - root - DEBUG - extracting E:\Codez\zepp-bip3-wf\a8e45fc08c556fe059b30cc4173f5713\0014.png...
2023-07-09 17:49:06,750 - root - DEBUG - extracting E:\Codez\zepp-bip3-wf\a8e45fc08c556fe059b30cc4173f5713\0015.png...
2023-07-09 17:49:06,750 - root - DEBUG - extracting E:\Codez\zepp-bip3-wf\a8e45fc08c556fe059b30cc4173f5713\0016.png...
2023-07-09 17:49:06,750 - root - DEBUG - extracting E:\Codez\zepp-bip3-wf\a8e45fc08c556fe059b30cc4173f5713\0017.png...
2023-07-09 17:49:06,750 - root - DEBUG - extracting E:\Codez\zepp-bip3-wf\a8e45fc08c556fe059b30cc4173f5713\0018.png...
2023-07-09 17:49:06,750 - root - DEBUG - extracting E:\Codez\zepp-bip3-wf\a8e45fc08c556fe059b30cc4173f5713\0019.png...
2023-07-09 17:49:06,750 - root - DEBUG - extracting E:\Codez\zepp-bip3-wf\a8e45fc08c556fe059b30cc4173f5713\0020.png...
2023-07-09 17:49:06,750 - root - DEBUG - extracting E:\Codez\zepp-bip3-wf\a8e45fc08c556fe059b30cc4173f5713\0021.png...
2023-07-09 17:49:06,750 - root - DEBUG - extracting E:\Codez\zepp-bip3-wf\a8e45fc08c556fe059b30cc4173f5713\0022.png...
2023-07-09 17:49:06,750 - root - DEBUG - extracting E:\Codez\zepp-bip3-wf\a8e45fc08c556fe059b30cc4173f5713\0023.png...
2023-07-09 17:49:06,750 - root - DEBUG - extracting E:\Codez\zepp-bip3-wf\a8e45fc08c556fe059b30cc4173f5713\0024.png...
2023-07-09 17:49:06,766 - root - DEBUG - extracting E:\Codez\zepp-bip3-wf\a8e45fc08c556fe059b30cc4173f5713\0025.png...
2023-07-09 17:49:06,766 - root - DEBUG - extracting E:\Codez\zepp-bip3-wf\a8e45fc08c556fe059b30cc4173f5713\0026.png...
2023-07-09 17:49:06,766 - root - DEBUG - extracting E:\Codez\zepp-bip3-wf\a8e45fc08c556fe059b30cc4173f5713\0027.png...
2023-07-09 17:49:06,766 - root - DEBUG - extracting E:\Codez\zepp-bip3-wf\a8e45fc08c556fe059b30cc4173f5713\0028.png...
2023-07-09 17:49:06,766 - root - DEBUG - extracting E:\Codez\zepp-bip3-wf\a8e45fc08c556fe059b30cc4173f5713\0029.png...
2023-07-09 17:49:06,766 - root - DEBUG - extracting E:\Codez\zepp-bip3-wf\a8e45fc08c556fe059b30cc4173f5713\0030.png...
2023-07-09 17:49:06,766 - root - DEBUG - extracting E:\Codez\zepp-bip3-wf\a8e45fc08c556fe059b30cc4173f5713\0031.png...
2023-07-09 17:49:06,766 - root - DEBUG - extracting E:\Codez\zepp-bip3-wf\a8e45fc08c556fe059b30cc4173f5713\0032.png...
2023-07-09 17:49:06,766 - root - DEBUG - extracting E:\Codez\zepp-bip3-wf\a8e45fc08c556fe059b30cc4173f5713\0033.png...
2023-07-09 17:49:06,766 - root - DEBUG - extracting E:\Codez\zepp-bip3-wf\a8e45fc08c556fe059b30cc4173f5713\0034.png...
2023-07-09 17:49:06,766 - root - DEBUG - extracting E:\Codez\zepp-bip3-wf\a8e45fc08c556fe059b30cc4173f5713\0035.png...
2023-07-09 17:49:06,766 - root - DEBUG - extracting E:\Codez\zepp-bip3-wf\a8e45fc08c556fe059b30cc4173f5713\0036.png...
2023-07-09 17:49:06,766 - root - DEBUG - extracting E:\Codez\zepp-bip3-wf\a8e45fc08c556fe059b30cc4173f5713\0037.png...
2023-07-09 17:49:06,766 - root - DEBUG - extracting E:\Codez\zepp-bip3-wf\a8e45fc08c556fe059b30cc4173f5713\0038.png...
2023-07-09 17:49:06,766 - root - DEBUG - extracting E:\Codez\zepp-bip3-wf\a8e45fc08c556fe059b30cc4173f5713\0039.png...
2023-07-09 17:49:06,766 - root - DEBUG - extracting E:\Codez\zepp-bip3-wf\a8e45fc08c556fe059b30cc4173f5713\0040.png...
2023-07-09 17:49:06,781 - root - DEBUG - extracting E:\Codez\zepp-bip3-wf\a8e45fc08c556fe059b30cc4173f5713\0041.png...
2023-07-09 17:49:06,781 - root - DEBUG - extracting E:\Codez\zepp-bip3-wf\a8e45fc08c556fe059b30cc4173f5713\0042.png...
2023-07-09 17:49:06,781 - root - DEBUG - extracting E:\Codez\zepp-bip3-wf\a8e45fc08c556fe059b30cc4173f5713\0043.png...
2023-07-09 17:49:06,781 - root - DEBUG - extracting E:\Codez\zepp-bip3-wf\a8e45fc08c556fe059b30cc4173f5713\0044.png...
2023-07-09 17:49:06,781 - root - DEBUG - extracting E:\Codez\zepp-bip3-wf\a8e45fc08c556fe059b30cc4173f5713\0045.png...
2023-07-09 17:49:06,781 - root - DEBUG - extracting E:\Codez\zepp-bip3-wf\a8e45fc08c556fe059b30cc4173f5713\0046.png...
2023-07-09 17:49:06,781 - root - DEBUG - extracting E:\Codez\zepp-bip3-wf\a8e45fc08c556fe059b30cc4173f5713\0047.png...
2023-07-09 17:49:06,781 - root - DEBUG - extracting E:\Codez\zepp-bip3-wf\a8e45fc08c556fe059b30cc4173f5713\0048.png...
2023-07-09 17:49:06,781 - root - DEBUG - extracting E:\Codez\zepp-bip3-wf\a8e45fc08c556fe059b30cc4173f5713\0049.png...
2023-07-09 17:49:06,781 - root - DEBUG - extracting E:\Codez\zepp-bip3-wf\a8e45fc08c556fe059b30cc4173f5713\0050.png...
2023-07-09 17:49:06,781 - root - DEBUG - extracting E:\Codez\zepp-bip3-wf\a8e45fc08c556fe059b30cc4173f5713\0051.png...
2023-07-09 17:49:06,781 - root - DEBUG - extracting E:\Codez\zepp-bip3-wf\a8e45fc08c556fe059b30cc4173f5713\0052.png...
2023-07-09 17:49:06,781 - root - DEBUG - extracting E:\Codez\zepp-bip3-wf\a8e45fc08c556fe059b30cc4173f5713\0053.png...
2023-07-09 17:49:06,781 - root - DEBUG - extracting E:\Codez\zepp-bip3-wf\a8e45fc08c556fe059b30cc4173f5713\0054.png...
2023-07-09 17:49:06,781 - root - DEBUG - extracting E:\Codez\zepp-bip3-wf\a8e45fc08c556fe059b30cc4173f5713\0055.png...
2023-07-09 17:49:06,797 - root - DEBUG - extracting E:\Codez\zepp-bip3-wf\a8e45fc08c556fe059b30cc4173f5713\0056.png...
2023-07-09 17:49:06,797 - root - DEBUG - extracting E:\Codez\zepp-bip3-wf\a8e45fc08c556fe059b30cc4173f5713\0057.png...
2023-07-09 17:49:06,797 - root - DEBUG - extracting E:\Codez\zepp-bip3-wf\a8e45fc08c556fe059b30cc4173f5713\0058.png...
2023-07-09 17:49:06,797 - root - DEBUG - extracting E:\Codez\zepp-bip3-wf\a8e45fc08c556fe059b30cc4173f5713\0059.png...
2023-07-09 17:49:06,813 - root - DEBUG - extracting E:\Codez\zepp-bip3-wf\a8e45fc08c556fe059b30cc4173f5713\0060.png...
2023-07-09 17:49:06,813 - root - DEBUG - extracting E:\Codez\zepp-bip3-wf\a8e45fc08c556fe059b30cc4173f5713\0061.png...
2023-07-09 17:49:06,813 - root - DEBUG - extracting E:\Codez\zepp-bip3-wf\a8e45fc08c556fe059b30cc4173f5713\0062.png...
2023-07-09 17:49:06,813 - root - DEBUG - extracting E:\Codez\zepp-bip3-wf\a8e45fc08c556fe059b30cc4173f5713\0063.png...
2023-07-09 17:49:06,828 - root - DEBUG - extracting E:\Codez\zepp-bip3-wf\a8e45fc08c556fe059b30cc4173f5713\0064.png...
2023-07-09 17:49:06,828 - root - DEBUG - extracting E:\Codez\zepp-bip3-wf\a8e45fc08c556fe059b30cc4173f5713\0065.png...
2023-07-09 17:49:06,828 - root - DEBUG - extracting E:\Codez\zepp-bip3-wf\a8e45fc08c556fe059b30cc4173f5713\0066.png...
2023-07-09 17:49:06,828 - root - DEBUG - extracting E:\Codez\zepp-bip3-wf\a8e45fc08c556fe059b30cc4173f5713\0067.png...
2023-07-09 17:49:06,828 - root - DEBUG - extracting E:\Codez\zepp-bip3-wf\a8e45fc08c556fe059b30cc4173f5713\0068.png...
2023-07-09 17:49:06,828 - root - DEBUG - extracting E:\Codez\zepp-bip3-wf\a8e45fc08c556fe059b30cc4173f5713\0069.png...
2023-07-09 17:49:06,828 - root - DEBUG - extracting E:\Codez\zepp-bip3-wf\a8e45fc08c556fe059b30cc4173f5713\0070.png...
2023-07-09 17:49:06,844 - root - DEBUG - extracting E:\Codez\zepp-bip3-wf\a8e45fc08c556fe059b30cc4173f5713\0071.png...
2023-07-09 17:49:06,844 - root - DEBUG - extracting E:\Codez\zepp-bip3-wf\a8e45fc08c556fe059b30cc4173f5713\0072.png...
2023-07-09 17:49:06,844 - root - DEBUG - extracting E:\Codez\zepp-bip3-wf\a8e45fc08c556fe059b30cc4173f5713\0073.png...
2023-07-09 17:49:06,844 - root - DEBUG - extracting E:\Codez\zepp-bip3-wf\a8e45fc08c556fe059b30cc4173f5713\0074.png...
2023-07-09 17:49:06,844 - root - DEBUG - extracting E:\Codez\zepp-bip3-wf\a8e45fc08c556fe059b30cc4173f5713\0075.png...
2023-07-09 17:49:06,844 - root - DEBUG - extracting E:\Codez\zepp-bip3-wf\a8e45fc08c556fe059b30cc4173f5713\0076.png...
2023-07-09 17:49:06,844 - root - DEBUG - extracting E:\Codez\zepp-bip3-wf\a8e45fc08c556fe059b30cc4173f5713\0077.png...
2023-07-09 17:49:06,844 - root - DEBUG - extracting E:\Codez\zepp-bip3-wf\a8e45fc08c556fe059b30cc4173f5713\0078.png...
2023-07-09 17:49:06,860 - root - DEBUG - extracting E:\Codez\zepp-bip3-wf\a8e45fc08c556fe059b30cc4173f5713\0079.png...
2023-07-09 17:49:06,860 - root - DEBUG - extracting E:\Codez\zepp-bip3-wf\a8e45fc08c556fe059b30cc4173f5713\0080.png...
2023-07-09 17:49:06,860 - root - DEBUG - extracting E:\Codez\zepp-bip3-wf\a8e45fc08c556fe059b30cc4173f5713\0081.png...
2023-07-09 17:49:06,860 - root - DEBUG - extracting E:\Codez\zepp-bip3-wf\a8e45fc08c556fe059b30cc4173f5713\0082.png...
2023-07-09 17:49:06,860 - root - DEBUG - Exporting config...
