2023-07-09 17:47:46,921 - root - DEBUG - Opening watch face 'E:\Codez\zepp-bip3-wf\223a529d3a2161553b9428e1ab6c0ee7.bin'
2023-07-09 17:47:46,937 - root - DEBUG - Reading parameters...
2023-07-09 17:47:46,937 - root - INFO - Reading header...
2023-07-09 17:47:46,937 - root - INFO - Header was read:
2023-07-09 17:47:46,937 - root - INFO - Signature: b'UIHH\x01\x00\xff', Unknown: 80, ParametersSize: 45, isValid: True, deviceId: 71
2023-07-09 17:47:46,937 - root - INFO - Reading parameter offsets...
2023-07-09 17:47:46,937 - root - INFO - Parameter offsets were read from file
2023-07-09 17:47:46,937 - root - INFO - Reading parameters descriptor...
2023-07-09 17:47:46,937 - root - INFO - 1 ( A): 5 bytes
2023-07-09 17:47:46,937 - root - INFO -     1 ( 8): 239 EF
2023-07-09 17:47:46,937 - root - INFO -     2 (10): 85 55
2023-07-09 17:47:46,937 - root - INFO - getParameters descriptor was read:
2023-07-09 17:47:46,937 - root - INFO - ParametersTableLength: 239, ImagesCount: 85
2023-07-09 17:47:46,937 - root - INFO - Reading parameters locations...
2023-07-09 17:47:46,937 - root - INFO - 2 (12): 4 bytes
2023-07-09 17:47:46,937 - root - INFO -     1 ( 8): 0  0
2023-07-09 17:47:46,937 - root - INFO -     2 (10): 16 10
2023-07-09 17:47:46,937 - root - INFO - 3 (1A): 4 bytes
2023-07-09 17:47:46,937 - root - INFO -     1 ( 8): 16 10
2023-07-09 17:47:46,937 - root - INFO -     2 (10): 52 34
2023-07-09 17:47:46,937 - root - INFO - 4 (22): 4 bytes
2023-07-09 17:47:46,937 - root - INFO -     1 ( 8): 122 7A
2023-07-09 17:47:46,937 - root - INFO -     2 (10): 80 50
2023-07-09 17:47:46,937 - root - INFO - 5 (2A): 4 bytes
2023-07-09 17:47:46,937 - root - INFO -     1 ( 8): 68 44
2023-07-09 17:47:46,953 - root - INFO -     2 (10): 54 36
2023-07-09 17:47:46,953 - root - INFO - 7 (3A): 5 bytes
2023-07-09 17:47:46,953 - root - INFO -     1 ( 8): 202 CA
2023-07-09 17:47:46,953 - root - INFO -     2 (10): 11  B
2023-07-09 17:47:46,953 - root - INFO - 9 (4A): 5 bytes
2023-07-09 17:47:46,953 - root - INFO -     1 ( 8): 213 D5
2023-07-09 17:47:46,953 - root - INFO -     2 (10): 26 1A
2023-07-09 17:47:46,953 - root - INFO - Watch face parameters locations were read:
2023-07-09 17:47:46,953 - root - INFO - Reading descriptor for parameter 2
2023-07-09 17:47:46,953 - root - INFO - Descriptor offset: 0, Descriptor length: 16
2023-07-09 17:47:46,953 - root - INFO - Parsing descriptor for parameter 2...
2023-07-09 17:47:46,953 - root - INFO - 1 ( A): 6 bytes
2023-07-09 17:47:46,953 - root - INFO -     1 ( 8): 0  0
2023-07-09 17:47:46,953 - root - INFO -     2 (10): 0  0
2023-07-09 17:47:46,953 - root - INFO -     3 (18): 1  1
2023-07-09 17:47:46,953 - root - INFO - 3 (1A): 6 bytes
2023-07-09 17:47:46,953 - root - INFO -     1 ( 8): 0  0
2023-07-09 17:47:46,953 - root - INFO -     2 (10): 0  0
2023-07-09 17:47:46,953 - root - INFO -     3 (18): 0  0
2023-07-09 17:47:46,953 - root - INFO - Reading descriptor for parameter 3
2023-07-09 17:47:46,953 - root - INFO - Descriptor offset: 16, Descriptor length: 52
2023-07-09 17:47:46,953 - root - INFO - Parsing descriptor for parameter 3...
2023-07-09 17:47:46,953 - root - INFO - 1 ( A): 50 bytes
2023-07-09 17:47:46,953 - root - INFO -     1 ( A): 20 bytes
2023-07-09 17:47:46,953 - root - INFO -         1 ( A): 8 bytes
2023-07-09 17:47:46,953 - root - INFO -             1 ( 8): 26 1A
2023-07-09 17:47:46,953 - root - INFO -             2 (10): 108 6C
2023-07-09 17:47:46,953 - root - INFO -             3 (18): 2  2
2023-07-09 17:47:46,953 - root - INFO -             4 (20): 10  A
2023-07-09 17:47:46,953 - root - INFO -         2 (12): 8 bytes
2023-07-09 17:47:46,953 - root - INFO -             1 ( 8): 66 42
2023-07-09 17:47:46,953 - root - INFO -             2 (10): 108 6C
2023-07-09 17:47:46,953 - root - INFO -             3 (18): 2  2
2023-07-09 17:47:46,953 - root - INFO -             4 (20): 10  A
2023-07-09 17:47:46,953 - root - INFO -     2 (12): 22 bytes
2023-07-09 17:47:46,953 - root - INFO -         1 ( A): 9 bytes
2023-07-09 17:47:46,953 - root - INFO -             1 ( 8): 135 87
2023-07-09 17:47:46,953 - root - INFO -             2 (10): 108 6C
2023-07-09 17:47:46,953 - root - INFO -             3 (18): 2  2
2023-07-09 17:47:46,953 - root - INFO -             4 (20): 10  A
2023-07-09 17:47:46,953 - root - INFO -         2 (12): 9 bytes
2023-07-09 17:47:46,953 - root - INFO -             1 ( 8): 176 B0
2023-07-09 17:47:46,953 - root - INFO -             2 (10): 108 6C
2023-07-09 17:47:46,953 - root - INFO -             3 (18): 2  2
2023-07-09 17:47:46,953 - root - INFO -             4 (20): 10  A
2023-07-09 17:47:46,953 - root - INFO -     7 (38): 0  0
2023-07-09 17:47:46,953 - root - INFO -     8 (40): 1  1
2023-07-09 17:47:46,953 - root - INFO - Reading descriptor for parameter 4
2023-07-09 17:47:46,953 - root - INFO - Descriptor offset: 122, Descriptor length: 80
2023-07-09 17:47:46,953 - root - INFO - Parsing descriptor for parameter 4...
2023-07-09 17:47:46,953 - root - INFO - 1 ( A): 23 bytes
2023-07-09 17:47:46,953 - root - INFO -     1 ( A): 21 bytes
2023-07-09 17:47:46,953 - root - INFO -         1 ( 8): 84 54
2023-07-09 17:47:46,953 - root - INFO -         2 (10): 212 D4
2023-07-09 17:47:46,953 - root - INFO -         3 (18): 155 9B
2023-07-09 17:47:46,953 - root - INFO -         4 (20): 229 E5
2023-07-09 17:47:46,953 - root - INFO -         5 (28): 72 48
2023-07-09 17:47:46,953 - root - INFO -         6 (30): 0  0
2023-07-09 17:47:46,953 - root - INFO -         7 (38): 0  0
2023-07-09 17:47:46,953 - root - INFO -         8 (40): 32 20
2023-07-09 17:47:46,953 - root - INFO -         9 (48): 10  A
2023-07-09 17:47:46,953 - root - INFO - 3 (1A): 23 bytes
2023-07-09 17:47:46,953 - root - INFO -     1 ( A): 19 bytes
2023-07-09 17:47:46,953 - root - INFO -         1 ( 8): 87 57
2023-07-09 17:47:46,953 - root - INFO -         2 (10): 22 16
2023-07-09 17:47:46,953 - root - INFO -         3 (18): 180 B4
2023-07-09 17:47:46,953 - root - INFO -         4 (20): 42 2A
2023-07-09 17:47:46,953 - root - INFO -         5 (28): 72 48
2023-07-09 17:47:46,953 - root - INFO -         6 (30): 0  0
2023-07-09 17:47:46,953 - root - INFO -         7 (38): 0  0
2023-07-09 17:47:46,953 - root - INFO -         8 (40): 42 2A
2023-07-09 17:47:46,953 - root - INFO -         9 (48): 10  A
2023-07-09 17:47:46,953 - root - INFO -     2 (10): 52 34
2023-07-09 17:47:46,953 - root - INFO - 4 (22): 26 bytes
2023-07-09 17:47:46,953 - root - INFO -     1 ( A): 22 bytes
2023-07-09 17:47:46,953 - root - INFO -         1 ( 8): 181 B5
2023-07-09 17:47:46,953 - root - INFO -         2 (10): 233 E9
2023-07-09 17:47:46,953 - root - INFO -         3 (18): 224 E0
2023-07-09 17:47:46,953 - root - INFO -         4 (20): 249 F9
2023-07-09 17:47:46,953 - root - INFO -         5 (28): 24 18
2023-07-09 17:47:46,953 - root - INFO -         6 (30): 0  0
2023-07-09 17:47:46,953 - root - INFO -         7 (38): 0  0
2023-07-09 17:47:46,953 - root - INFO -         8 (40): 53 35
2023-07-09 17:47:46,953 - root - INFO -         9 (48): 10  A
2023-07-09 17:47:46,953 - root - INFO -     3 (18): 63 3F
2023-07-09 17:47:46,953 - root - INFO - 7 (38): 0  0
2023-07-09 17:47:46,953 - root - INFO - Reading descriptor for parameter 5
2023-07-09 17:47:46,953 - root - INFO - Descriptor offset: 68, Descriptor length: 54
2023-07-09 17:47:46,953 - root - INFO - Parsing descriptor for parameter 5...
2023-07-09 17:47:46,953 - root - INFO - 1 ( A): 31 bytes
2023-07-09 17:47:46,953 - root - INFO -     2 (12): 23 bytes
2023-07-09 17:47:46,968 - root - INFO -         1 ( A): 19 bytes
2023-07-09 17:47:46,968 - root - INFO -             1 ( 8): 66 42
2023-07-09 17:47:46,968 - root - INFO -             2 (10): 50 32
2023-07-09 17:47:46,968 - root - INFO -             3 (18): 132 84
2023-07-09 17:47:46,968 - root - INFO -             4 (20): 66 42
2023-07-09 17:47:46,968 - root - INFO -             5 (28): 18 12
2023-07-09 17:47:46,968 - root - INFO -             6 (30): 0  0
2023-07-09 17:47:46,968 - root - INFO -             7 (38): 0  0
2023-07-09 17:47:46,968 - root - INFO -             8 (40): 12  C
2023-07-09 17:47:46,968 - root - INFO -             9 (48): 10  A
2023-07-09 17:47:46,968 - root - INFO -         2 (10): 22 16
2023-07-09 17:47:46,968 - root - INFO -     4 (20): 1  1
2023-07-09 17:47:46,968 - root - INFO -     5 (28): 1  1
2023-07-09 17:47:46,968 - root - INFO -     6 (30): 0  0
2023-07-09 17:47:46,968 - root - INFO - 2 (12): 8 bytes
2023-07-09 17:47:46,968 - root - INFO -     1 ( 8): 101 65
2023-07-09 17:47:46,968 - root - INFO -     2 (10): 76 4C
2023-07-09 17:47:46,968 - root - INFO -     5 (28): 30 1E
2023-07-09 17:47:46,968 - root - INFO -     6 (30): 31 1F
2023-07-09 17:47:46,968 - root - INFO - 4 (22): 9 bytes
2023-07-09 17:47:46,968 - root - INFO -     1 ( 8): 132 84
2023-07-09 17:47:46,968 - root - INFO -     2 (10): 50 32
2023-07-09 17:47:46,968 - root - INFO -     3 (18): 23 17
2023-07-09 17:47:46,968 - root - INFO -     4 (20): 7  7
2023-07-09 17:47:46,968 - root - INFO - Reading descriptor for parameter 7
2023-07-09 17:47:46,968 - root - INFO - Descriptor offset: 202, Descriptor length: 11
2023-07-09 17:47:46,968 - root - INFO - Parsing descriptor for parameter 7...
2023-07-09 17:47:46,968 - root - INFO - 2 (12): 9 bytes
2023-07-09 17:47:46,968 - root - INFO -     1 ( 8): 67 43
2023-07-09 17:47:46,968 - root - INFO -     2 (10): 168 A8
2023-07-09 17:47:46,968 - root - INFO -     3 (18): 64 40
2023-07-09 17:47:46,968 - root - INFO -     4 (20): 10  A
2023-07-09 17:47:46,968 - root - INFO - Reading descriptor for parameter 9
2023-07-09 17:47:46,968 - root - INFO - Descriptor offset: 213, Descriptor length: 26
2023-07-09 17:47:46,968 - root - INFO - Parsing descriptor for parameter 9...
2023-07-09 17:47:46,968 - root - INFO - 1 ( A): 24 bytes
2023-07-09 17:47:46,968 - root - INFO -     1 ( A): 20 bytes
2023-07-09 17:47:46,968 - root - INFO -         1 ( 8): 10  A
2023-07-09 17:47:46,968 - root - INFO -         2 (10): 233 E9
2023-07-09 17:47:46,968 - root - INFO -         3 (18): 66 42
2023-07-09 17:47:46,968 - root - INFO -         4 (20): 249 F9
2023-07-09 17:47:46,968 - root - INFO -         5 (28): 24 18
2023-07-09 17:47:46,968 - root - INFO -         6 (30): 0  0
2023-07-09 17:47:46,968 - root - INFO -         7 (38): 0  0
2023-07-09 17:47:46,968 - root - INFO -         8 (40): 74 4A
2023-07-09 17:47:46,968 - root - INFO -         9 (48): 10  A
2023-07-09 17:47:46,968 - root - INFO -     4 (20): 84 54
2023-07-09 17:47:46,968 - root - INFO - Reading resources offsets table with 85 elements (340 bytes)
2023-07-09 17:47:46,968 - root - INFO - Resource 0 offset: 711, length: 51224...
2023-07-09 17:47:46,968 - root - DEBUG - Reading resource 0...
2023-07-09 17:47:47,046 - root - INFO - The image is bmc.
2023-07-09 17:47:47,046 - root - INFO - Reading image header(readHeader16C)...
2023-07-09 17:47:47,046 - root - INFO - Image header was read:
2023-07-09 17:47:47,046 - root - INFO - Width: 148, Height: 173, RowLength: 296
2023-07-09 17:47:47,046 - root - INFO - _step: 2, unknown2: 0,
2023-07-09 17:47:47,046 - root - INFO - BPP: 16, Transparency: False
2023-07-09 17:47:47,203 - root - INFO - Resource 1 offset: 51935, length: 134416...
2023-07-09 17:47:47,203 - root - DEBUG - Reading resource 1...
2023-07-09 17:47:47,203 - root - INFO - The image is bmc.
2023-07-09 17:47:47,203 - root - INFO - Reading image header(readHeader16C)...
2023-07-09 17:47:47,203 - root - INFO - Image header was read:
2023-07-09 17:47:47,203 - root - INFO - Width: 240, Height: 280, RowLength: 480
2023-07-09 17:47:47,203 - root - INFO - _step: 2, unknown2: 0,
2023-07-09 17:47:47,203 - root - INFO - BPP: 16, Transparency: False
2023-07-09 17:47:47,624 - root - INFO - Resource 2 offset: 186351, length: 1986...
2023-07-09 17:47:47,624 - root - DEBUG - Reading resource 2...
2023-07-09 17:47:47,624 - root - INFO - The image is bme.
2023-07-09 17:47:47,624 - root - INFO - Reading image header(readHeader16E)...
2023-07-09 17:47:47,624 - root - INFO - Image header was read:
2023-07-09 17:47:47,624 - root - INFO - Width: 40, Height: 42, RowLength: 80
2023-07-09 17:47:47,624 - root - INFO - datalength: 1970, _step: 2
2023-07-09 17:47:47,624 - root - INFO - BPP: 16, Transparency: False
2023-07-09 17:47:47,624 - root - INFO - Resource 3 offset: 188337, length: 762...
2023-07-09 17:47:47,624 - root - DEBUG - Reading resource 3...
2023-07-09 17:47:47,624 - root - INFO - The image is bme.
2023-07-09 17:47:47,624 - root - INFO - Reading image header(readHeader16E)...
2023-07-09 17:47:47,624 - root - INFO - Image header was read:
2023-07-09 17:47:47,624 - root - INFO - Width: 40, Height: 42, RowLength: 80
2023-07-09 17:47:47,624 - root - INFO - datalength: 746, _step: 2
2023-07-09 17:47:47,624 - root - INFO - BPP: 16, Transparency: False
2023-07-09 17:47:47,624 - root - INFO - Resource 4 offset: 189099, length: 1402...
2023-07-09 17:47:47,624 - root - DEBUG - Reading resource 4...
2023-07-09 17:47:47,624 - root - INFO - The image is bme.
2023-07-09 17:47:47,639 - root - INFO - Reading image header(readHeader16E)...
2023-07-09 17:47:47,639 - root - INFO - Image header was read:
2023-07-09 17:47:47,639 - root - INFO - Width: 40, Height: 42, RowLength: 80
2023-07-09 17:47:47,639 - root - INFO - datalength: 1386, _step: 2
2023-07-09 17:47:47,639 - root - INFO - BPP: 16, Transparency: False
2023-07-09 17:47:47,639 - root - INFO - Resource 5 offset: 190501, length: 1344...
2023-07-09 17:47:47,639 - root - DEBUG - Reading resource 5...
2023-07-09 17:47:47,639 - root - INFO - The image is bme.
2023-07-09 17:47:47,639 - root - INFO - Reading image header(readHeader16E)...
2023-07-09 17:47:47,639 - root - INFO - Image header was read:
2023-07-09 17:47:47,639 - root - INFO - Width: 40, Height: 42, RowLength: 80
2023-07-09 17:47:47,639 - root - INFO - datalength: 1328, _step: 2
2023-07-09 17:47:47,639 - root - INFO - BPP: 16, Transparency: False
2023-07-09 17:47:47,639 - root - INFO - Resource 6 offset: 191845, length: 1244...
2023-07-09 17:47:47,639 - root - DEBUG - Reading resource 6...
2023-07-09 17:47:47,639 - root - INFO - The image is bme.
2023-07-09 17:47:47,639 - root - INFO - Reading image header(readHeader16E)...
2023-07-09 17:47:47,639 - root - INFO - Image header was read:
2023-07-09 17:47:47,639 - root - INFO - Width: 40, Height: 42, RowLength: 80
2023-07-09 17:47:47,639 - root - INFO - datalength: 1228, _step: 2
2023-07-09 17:47:47,639 - root - INFO - BPP: 16, Transparency: False
2023-07-09 17:47:47,639 - root - INFO - Resource 7 offset: 193089, length: 1416...
2023-07-09 17:47:47,639 - root - DEBUG - Reading resource 7...
2023-07-09 17:47:47,639 - root - INFO - The image is bme.
2023-07-09 17:47:47,639 - root - INFO - Reading image header(readHeader16E)...
2023-07-09 17:47:47,639 - root - INFO - Image header was read:
2023-07-09 17:47:47,639 - root - INFO - Width: 40, Height: 42, RowLength: 80
2023-07-09 17:47:47,639 - root - INFO - datalength: 1400, _step: 2
2023-07-09 17:47:47,639 - root - INFO - BPP: 16, Transparency: False
2023-07-09 17:47:47,655 - root - INFO - Resource 8 offset: 194505, length: 1490...
2023-07-09 17:47:47,655 - root - DEBUG - Reading resource 8...
2023-07-09 17:47:47,655 - root - INFO - The image is bme.
2023-07-09 17:47:47,655 - root - INFO - Reading image header(readHeader16E)...
2023-07-09 17:47:47,655 - root - INFO - Image header was read:
2023-07-09 17:47:47,655 - root - INFO - Width: 40, Height: 42, RowLength: 80
2023-07-09 17:47:47,655 - root - INFO - datalength: 1474, _step: 2
2023-07-09 17:47:47,655 - root - INFO - BPP: 16, Transparency: False
2023-07-09 17:47:47,655 - root - INFO - Resource 9 offset: 195995, length: 788...
2023-07-09 17:47:47,655 - root - DEBUG - Reading resource 9...
2023-07-09 17:47:47,655 - root - INFO - The image is bme.
2023-07-09 17:47:47,655 - root - INFO - Reading image header(readHeader16E)...
2023-07-09 17:47:47,655 - root - INFO - Image header was read:
2023-07-09 17:47:47,655 - root - INFO - Width: 40, Height: 42, RowLength: 80
2023-07-09 17:47:47,655 - root - INFO - datalength: 772, _step: 2
2023-07-09 17:47:47,655 - root - INFO - BPP: 16, Transparency: False
2023-07-09 17:47:47,655 - root - INFO - Resource 10 offset: 196783, length: 1702...
2023-07-09 17:47:47,655 - root - DEBUG - Reading resource 10...
2023-07-09 17:47:47,655 - root - INFO - The image is bme.
2023-07-09 17:47:47,655 - root - INFO - Reading image header(readHeader16E)...
2023-07-09 17:47:47,655 - root - INFO - Image header was read:
2023-07-09 17:47:47,655 - root - INFO - Width: 40, Height: 42, RowLength: 80
2023-07-09 17:47:47,655 - root - INFO - datalength: 1686, _step: 2
2023-07-09 17:47:47,655 - root - INFO - BPP: 16, Transparency: False
2023-07-09 17:47:47,671 - root - INFO - Resource 11 offset: 198485, length: 1518...
2023-07-09 17:47:47,671 - root - DEBUG - Reading resource 11...
2023-07-09 17:47:47,671 - root - INFO - The image is bme.
2023-07-09 17:47:47,671 - root - INFO - Reading image header(readHeader16E)...
2023-07-09 17:47:47,671 - root - INFO - Image header was read:
2023-07-09 17:47:47,671 - root - INFO - Width: 40, Height: 42, RowLength: 80
2023-07-09 17:47:47,671 - root - INFO - datalength: 1502, _step: 2
2023-07-09 17:47:47,671 - root - INFO - BPP: 16, Transparency: False
2023-07-09 17:47:47,671 - root - INFO - Resource 12 offset: 200003, length: 378...
2023-07-09 17:47:47,671 - root - DEBUG - Reading resource 12...
2023-07-09 17:47:47,671 - root - INFO - The image is bme.
2023-07-09 17:47:47,671 - root - INFO - Reading image header(readHeader16E)...
2023-07-09 17:47:47,671 - root - INFO - Image header was read:
2023-07-09 17:47:47,671 - root - INFO - Width: 14, Height: 16, RowLength: 28
2023-07-09 17:47:47,671 - root - INFO - datalength: 362, _step: 2
2023-07-09 17:47:47,671 - root - INFO - BPP: 16, Transparency: False
2023-07-09 17:47:47,671 - root - INFO - Resource 13 offset: 200381, length: 184...
2023-07-09 17:47:47,671 - root - DEBUG - Reading resource 13...
2023-07-09 17:47:47,671 - root - INFO - The image is bme.
2023-07-09 17:47:47,671 - root - INFO - Reading image header(readHeader16E)...
2023-07-09 17:47:47,671 - root - INFO - Image header was read:
2023-07-09 17:47:47,671 - root - INFO - Width: 14, Height: 16, RowLength: 28
2023-07-09 17:47:47,671 - root - INFO - datalength: 168, _step: 2
2023-07-09 17:47:47,671 - root - INFO - BPP: 16, Transparency: False
2023-07-09 17:47:47,671 - root - INFO - Resource 14 offset: 200565, length: 306...
2023-07-09 17:47:47,671 - root - DEBUG - Reading resource 14...
2023-07-09 17:47:47,671 - root - INFO - The image is bme.
2023-07-09 17:47:47,671 - root - INFO - Reading image header(readHeader16E)...
2023-07-09 17:47:47,671 - root - INFO - Image header was read:
2023-07-09 17:47:47,671 - root - INFO - Width: 14, Height: 16, RowLength: 28
2023-07-09 17:47:47,671 - root - INFO - datalength: 290, _step: 2
2023-07-09 17:47:47,671 - root - INFO - BPP: 16, Transparency: False
2023-07-09 17:47:47,671 - root - INFO - Resource 15 offset: 200871, length: 298...
2023-07-09 17:47:47,671 - root - DEBUG - Reading resource 15...
2023-07-09 17:47:47,671 - root - INFO - The image is bme.
2023-07-09 17:47:47,671 - root - INFO - Reading image header(readHeader16E)...
2023-07-09 17:47:47,671 - root - INFO - Image header was read:
2023-07-09 17:47:47,671 - root - INFO - Width: 14, Height: 16, RowLength: 28
2023-07-09 17:47:47,671 - root - INFO - datalength: 282, _step: 2
2023-07-09 17:47:47,671 - root - INFO - BPP: 16, Transparency: False
2023-07-09 17:47:47,686 - root - INFO - Resource 16 offset: 201169, length: 250...
2023-07-09 17:47:47,686 - root - DEBUG - Reading resource 16...
2023-07-09 17:47:47,686 - root - INFO - The image is bme.
2023-07-09 17:47:47,686 - root - INFO - Reading image header(readHeader16E)...
2023-07-09 17:47:47,686 - root - INFO - Image header was read:
2023-07-09 17:47:47,686 - root - INFO - Width: 14, Height: 16, RowLength: 28
2023-07-09 17:47:47,686 - root - INFO - datalength: 234, _step: 2
2023-07-09 17:47:47,686 - root - INFO - BPP: 16, Transparency: False
2023-07-09 17:47:47,686 - root - INFO - Resource 17 offset: 201419, length: 306...
2023-07-09 17:47:47,686 - root - DEBUG - Reading resource 17...
2023-07-09 17:47:47,686 - root - INFO - The image is bme.
2023-07-09 17:47:47,686 - root - INFO - Reading image header(readHeader16E)...
2023-07-09 17:47:47,686 - root - INFO - Image header was read:
2023-07-09 17:47:47,686 - root - INFO - Width: 14, Height: 16, RowLength: 28
2023-07-09 17:47:47,686 - root - INFO - datalength: 290, _step: 2
2023-07-09 17:47:47,686 - root - INFO - BPP: 16, Transparency: False
2023-07-09 17:47:47,686 - root - INFO - Resource 18 offset: 201725, length: 310...
2023-07-09 17:47:47,686 - root - DEBUG - Reading resource 18...
2023-07-09 17:47:47,686 - root - INFO - The image is bme.
2023-07-09 17:47:47,686 - root - INFO - Reading image header(readHeader16E)...
2023-07-09 17:47:47,686 - root - INFO - Image header was read:
2023-07-09 17:47:47,686 - root - INFO - Width: 14, Height: 16, RowLength: 28
2023-07-09 17:47:47,686 - root - INFO - datalength: 294, _step: 2
2023-07-09 17:47:47,686 - root - INFO - BPP: 16, Transparency: False
2023-07-09 17:47:47,686 - root - INFO - Resource 19 offset: 202035, length: 204...
2023-07-09 17:47:47,686 - root - DEBUG - Reading resource 19...
2023-07-09 17:47:47,686 - root - INFO - The image is bme.
2023-07-09 17:47:47,686 - root - INFO - Reading image header(readHeader16E)...
2023-07-09 17:47:47,686 - root - INFO - Image header was read:
2023-07-09 17:47:47,686 - root - INFO - Width: 14, Height: 16, RowLength: 28
2023-07-09 17:47:47,686 - root - INFO - datalength: 188, _step: 2
2023-07-09 17:47:47,686 - root - INFO - BPP: 16, Transparency: False
2023-07-09 17:47:47,686 - root - INFO - Resource 20 offset: 202239, length: 340...
2023-07-09 17:47:47,686 - root - DEBUG - Reading resource 20...
2023-07-09 17:47:47,686 - root - INFO - The image is bme.
2023-07-09 17:47:47,686 - root - INFO - Reading image header(readHeader16E)...
2023-07-09 17:47:47,686 - root - INFO - Image header was read:
2023-07-09 17:47:47,686 - root - INFO - Width: 14, Height: 16, RowLength: 28
2023-07-09 17:47:47,686 - root - INFO - datalength: 324, _step: 2
2023-07-09 17:47:47,686 - root - INFO - BPP: 16, Transparency: False
2023-07-09 17:47:47,686 - root - INFO - Resource 21 offset: 202579, length: 326...
2023-07-09 17:47:47,686 - root - DEBUG - Reading resource 21...
2023-07-09 17:47:47,686 - root - INFO - The image is bme.
2023-07-09 17:47:47,686 - root - INFO - Reading image header(readHeader16E)...
2023-07-09 17:47:47,686 - root - INFO - Image header was read:
2023-07-09 17:47:47,686 - root - INFO - Width: 14, Height: 16, RowLength: 28
2023-07-09 17:47:47,686 - root - INFO - datalength: 310, _step: 2
2023-07-09 17:47:47,686 - root - INFO - BPP: 16, Transparency: False
2023-07-09 17:47:47,686 - root - INFO - Resource 22 offset: 202905, length: 164...
2023-07-09 17:47:47,686 - root - DEBUG - Reading resource 22...
2023-07-09 17:47:47,686 - root - INFO - The image is bme.
2023-07-09 17:47:47,686 - root - INFO - Reading image header(readHeader16E)...
2023-07-09 17:47:47,686 - root - INFO - Image header was read:
2023-07-09 17:47:47,686 - root - INFO - Width: 10, Height: 16, RowLength: 20
2023-07-09 17:47:47,686 - root - INFO - datalength: 148, _step: 2
2023-07-09 17:47:47,686 - root - INFO - BPP: 16, Transparency: False
2023-07-09 17:47:47,686 - root - INFO - Resource 23 offset: 203069, length: 1046...
2023-07-09 17:47:47,686 - root - DEBUG - Reading resource 23...
2023-07-09 17:47:47,686 - root - INFO - The image is bme.
2023-07-09 17:47:47,686 - root - INFO - Reading image header(readHeader16E)...
2023-07-09 17:47:47,686 - root - INFO - Image header was read:
2023-07-09 17:47:47,686 - root - INFO - Width: 50, Height: 16, RowLength: 100
2023-07-09 17:47:47,686 - root - INFO - datalength: 1030, _step: 2
2023-07-09 17:47:47,686 - root - INFO - BPP: 16, Transparency: False
2023-07-09 17:47:47,702 - root - INFO - Resource 24 offset: 204115, length: 754...
2023-07-09 17:47:47,702 - root - DEBUG - Reading resource 24...
2023-07-09 17:47:47,702 - root - INFO - The image is bme.
2023-07-09 17:47:47,702 - root - INFO - Reading image header(readHeader16E)...
2023-07-09 17:47:47,702 - root - INFO - Image header was read:
2023-07-09 17:47:47,702 - root - INFO - Width: 50, Height: 16, RowLength: 100
2023-07-09 17:47:47,702 - root - INFO - datalength: 738, _step: 2
2023-07-09 17:47:47,702 - root - INFO - BPP: 16, Transparency: False
2023-07-09 17:47:47,702 - root - INFO - Resource 25 offset: 204869, length: 1026...
2023-07-09 17:47:47,702 - root - DEBUG - Reading resource 25...
2023-07-09 17:47:47,702 - root - INFO - The image is bme.
2023-07-09 17:47:47,702 - root - INFO - Reading image header(readHeader16E)...
2023-07-09 17:47:47,702 - root - INFO - Image header was read:
2023-07-09 17:47:47,702 - root - INFO - Width: 50, Height: 16, RowLength: 100
2023-07-09 17:47:47,702 - root - INFO - datalength: 1010, _step: 2
2023-07-09 17:47:47,702 - root - INFO - BPP: 16, Transparency: False
2023-07-09 17:47:47,702 - root - INFO - Resource 26 offset: 205895, length: 764...
2023-07-09 17:47:47,702 - root - DEBUG - Reading resource 26...
2023-07-09 17:47:47,702 - root - INFO - The image is bme.
2023-07-09 17:47:47,702 - root - INFO - Reading image header(readHeader16E)...
2023-07-09 17:47:47,702 - root - INFO - Image header was read:
2023-07-09 17:47:47,702 - root - INFO - Width: 50, Height: 16, RowLength: 100
2023-07-09 17:47:47,702 - root - INFO - datalength: 748, _step: 2
2023-07-09 17:47:47,702 - root - INFO - BPP: 16, Transparency: False
2023-07-09 17:47:47,702 - root - INFO - Resource 27 offset: 206659, length: 720...
2023-07-09 17:47:47,702 - root - DEBUG - Reading resource 27...
2023-07-09 17:47:47,702 - root - INFO - The image is bme.
2023-07-09 17:47:47,702 - root - INFO - Reading image header(readHeader16E)...
2023-07-09 17:47:47,702 - root - INFO - Image header was read:
2023-07-09 17:47:47,702 - root - INFO - Width: 50, Height: 16, RowLength: 100
2023-07-09 17:47:47,702 - root - INFO - datalength: 704, _step: 2
2023-07-09 17:47:47,702 - root - INFO - BPP: 16, Transparency: False
2023-07-09 17:47:47,702 - root - INFO - Resource 28 offset: 207379, length: 840...
2023-07-09 17:47:47,702 - root - DEBUG - Reading resource 28...
2023-07-09 17:47:47,702 - root - INFO - The image is bme.
2023-07-09 17:47:47,702 - root - INFO - Reading image header(readHeader16E)...
2023-07-09 17:47:47,702 - root - INFO - Image header was read:
2023-07-09 17:47:47,702 - root - INFO - Width: 50, Height: 16, RowLength: 100
2023-07-09 17:47:47,718 - root - INFO - datalength: 824, _step: 2
2023-07-09 17:47:47,718 - root - INFO - BPP: 16, Transparency: False
2023-07-09 17:47:47,718 - root - INFO - Resource 29 offset: 208219, length: 936...
2023-07-09 17:47:47,718 - root - DEBUG - Reading resource 29...
2023-07-09 17:47:47,718 - root - INFO - The image is bme.
2023-07-09 17:47:47,718 - root - INFO - Reading image header(readHeader16E)...
2023-07-09 17:47:47,718 - root - INFO - Image header was read:
2023-07-09 17:47:47,718 - root - INFO - Width: 50, Height: 16, RowLength: 100
2023-07-09 17:47:47,718 - root - INFO - datalength: 920, _step: 2
2023-07-09 17:47:47,718 - root - INFO - BPP: 16, Transparency: False
2023-07-09 17:47:47,718 - root - INFO - Resource 30 offset: 209155, length: 636...
2023-07-09 17:47:47,718 - root - DEBUG - Reading resource 30...
2023-07-09 17:47:47,718 - root - INFO - The image is bme.
2023-07-09 17:47:47,718 - root - INFO - Reading image header(readHeader16E)...
2023-07-09 17:47:47,718 - root - INFO - Image header was read:
2023-07-09 17:47:47,718 - root - INFO - Width: 36, Height: 20, RowLength: 72
2023-07-09 17:47:47,718 - root - INFO - datalength: 620, _step: 2
2023-07-09 17:47:47,718 - root - INFO - BPP: 16, Transparency: False
2023-07-09 17:47:47,718 - root - INFO - Resource 31 offset: 209791, length: 572...
2023-07-09 17:47:47,718 - root - DEBUG - Reading resource 31...
2023-07-09 17:47:47,718 - root - INFO - The image is bme.
2023-07-09 17:47:47,718 - root - INFO - Reading image header(readHeader16E)...
2023-07-09 17:47:47,718 - root - INFO - Image header was read:
2023-07-09 17:47:47,718 - root - INFO - Width: 36, Height: 20, RowLength: 72
2023-07-09 17:47:47,718 - root - INFO - datalength: 556, _step: 2
2023-07-09 17:47:47,718 - root - INFO - BPP: 16, Transparency: False
2023-07-09 17:47:47,718 - root - INFO - Resource 32 offset: 210363, length: 354...
2023-07-09 17:47:47,718 - root - DEBUG - Reading resource 32...
2023-07-09 17:47:47,718 - root - INFO - The image is bme.
2023-07-09 17:47:47,718 - root - INFO - Reading image header(readHeader16E)...
2023-07-09 17:47:47,718 - root - INFO - Image header was read:
2023-07-09 17:47:47,718 - root - INFO - Width: 14, Height: 16, RowLength: 28
2023-07-09 17:47:47,718 - root - INFO - datalength: 338, _step: 2
2023-07-09 17:47:47,718 - root - INFO - BPP: 16, Transparency: False
2023-07-09 17:47:47,718 - root - INFO - Resource 33 offset: 210717, length: 168...
2023-07-09 17:47:47,718 - root - DEBUG - Reading resource 33...
2023-07-09 17:47:47,718 - root - INFO - The image is bme.
2023-07-09 17:47:47,718 - root - INFO - Reading image header(readHeader16E)...
2023-07-09 17:47:47,718 - root - INFO - Image header was read:
2023-07-09 17:47:47,718 - root - INFO - Width: 14, Height: 16, RowLength: 28
2023-07-09 17:47:47,718 - root - INFO - datalength: 152, _step: 2
2023-07-09 17:47:47,718 - root - INFO - BPP: 16, Transparency: False
2023-07-09 17:47:47,718 - root - INFO - Resource 34 offset: 210885, length: 262...
2023-07-09 17:47:47,718 - root - DEBUG - Reading resource 34...
2023-07-09 17:47:47,733 - root - INFO - The image is bme.
2023-07-09 17:47:47,733 - root - INFO - Reading image header(readHeader16E)...
2023-07-09 17:47:47,733 - root - INFO - Image header was read:
2023-07-09 17:47:47,733 - root - INFO - Width: 14, Height: 16, RowLength: 28
2023-07-09 17:47:47,733 - root - INFO - datalength: 246, _step: 2
2023-07-09 17:47:47,733 - root - INFO - BPP: 16, Transparency: False
2023-07-09 17:47:47,733 - root - INFO - Resource 35 offset: 211147, length: 266...
2023-07-09 17:47:47,733 - root - DEBUG - Reading resource 35...
2023-07-09 17:47:47,733 - root - INFO - The image is bme.
2023-07-09 17:47:47,733 - root - INFO - Reading image header(readHeader16E)...
2023-07-09 17:47:47,733 - root - INFO - Image header was read:
2023-07-09 17:47:47,733 - root - INFO - Width: 14, Height: 16, RowLength: 28
2023-07-09 17:47:47,733 - root - INFO - datalength: 250, _step: 2
2023-07-09 17:47:47,733 - root - INFO - BPP: 16, Transparency: False
2023-07-09 17:47:47,733 - root - INFO - Resource 36 offset: 211413, length: 232...
2023-07-09 17:47:47,733 - root - DEBUG - Reading resource 36...
2023-07-09 17:47:47,733 - root - INFO - The image is bme.
2023-07-09 17:47:47,733 - root - INFO - Reading image header(readHeader16E)...
2023-07-09 17:47:47,733 - root - INFO - Image header was read:
2023-07-09 17:47:47,733 - root - INFO - Width: 14, Height: 16, RowLength: 28
2023-07-09 17:47:47,733 - root - INFO - datalength: 216, _step: 2
2023-07-09 17:47:47,733 - root - INFO - BPP: 16, Transparency: False
2023-07-09 17:47:47,733 - root - INFO - Resource 37 offset: 211645, length: 264...
2023-07-09 17:47:47,733 - root - DEBUG - Reading resource 37...
2023-07-09 17:47:47,733 - root - INFO - The image is bme.
2023-07-09 17:47:47,733 - root - INFO - Reading image header(readHeader16E)...
2023-07-09 17:47:47,733 - root - INFO - Image header was read:
2023-07-09 17:47:47,733 - root - INFO - Width: 14, Height: 16, RowLength: 28
2023-07-09 17:47:47,733 - root - INFO - datalength: 248, _step: 2
2023-07-09 17:47:47,733 - root - INFO - BPP: 16, Transparency: False
2023-07-09 17:47:47,733 - root - INFO - Resource 38 offset: 211909, length: 274...
2023-07-09 17:47:47,733 - root - DEBUG - Reading resource 38...
2023-07-09 17:47:47,733 - root - INFO - The image is bme.
2023-07-09 17:47:47,733 - root - INFO - Reading image header(readHeader16E)...
2023-07-09 17:47:47,733 - root - INFO - Image header was read:
2023-07-09 17:47:47,733 - root - INFO - Width: 14, Height: 16, RowLength: 28
2023-07-09 17:47:47,733 - root - INFO - datalength: 258, _step: 2
2023-07-09 17:47:47,733 - root - INFO - BPP: 16, Transparency: False
2023-07-09 17:47:47,733 - root - INFO - Resource 39 offset: 212183, length: 188...
2023-07-09 17:47:47,733 - root - DEBUG - Reading resource 39...
2023-07-09 17:47:47,733 - root - INFO - The image is bme.
2023-07-09 17:47:47,733 - root - INFO - Reading image header(readHeader16E)...
2023-07-09 17:47:47,733 - root - INFO - Image header was read:
2023-07-09 17:47:47,733 - root - INFO - Width: 14, Height: 16, RowLength: 28
2023-07-09 17:47:47,733 - root - INFO - datalength: 172, _step: 2
2023-07-09 17:47:47,733 - root - INFO - BPP: 16, Transparency: False
2023-07-09 17:47:47,733 - root - INFO - Resource 40 offset: 212371, length: 314...
2023-07-09 17:47:47,733 - root - DEBUG - Reading resource 40...
2023-07-09 17:47:47,733 - root - INFO - The image is bme.
2023-07-09 17:47:47,733 - root - INFO - Reading image header(readHeader16E)...
2023-07-09 17:47:47,733 - root - INFO - Image header was read:
2023-07-09 17:47:47,733 - root - INFO - Width: 14, Height: 16, RowLength: 28
2023-07-09 17:47:47,733 - root - INFO - datalength: 298, _step: 2
2023-07-09 17:47:47,733 - root - INFO - BPP: 16, Transparency: False
2023-07-09 17:47:47,733 - root - INFO - Resource 41 offset: 212685, length: 292...
2023-07-09 17:47:47,733 - root - DEBUG - Reading resource 41...
2023-07-09 17:47:47,733 - root - INFO - The image is bme.
2023-07-09 17:47:47,733 - root - INFO - Reading image header(readHeader16E)...
2023-07-09 17:47:47,733 - root - INFO - Image header was read:
2023-07-09 17:47:47,733 - root - INFO - Width: 14, Height: 16, RowLength: 28
2023-07-09 17:47:47,733 - root - INFO - datalength: 276, _step: 2
2023-07-09 17:47:47,733 - root - INFO - BPP: 16, Transparency: False
2023-07-09 17:47:47,733 - root - INFO - Resource 42 offset: 212977, length: 378...
2023-07-09 17:47:47,733 - root - DEBUG - Reading resource 42...
2023-07-09 17:47:47,733 - root - INFO - The image is bme.
2023-07-09 17:47:47,733 - root - INFO - Reading image header(readHeader16E)...
2023-07-09 17:47:47,733 - root - INFO - Image header was read:
2023-07-09 17:47:47,733 - root - INFO - Width: 14, Height: 16, RowLength: 28
2023-07-09 17:47:47,733 - root - INFO - datalength: 362, _step: 2
2023-07-09 17:47:47,733 - root - INFO - BPP: 16, Transparency: False
2023-07-09 17:47:47,749 - root - INFO - Resource 43 offset: 213355, length: 184...
2023-07-09 17:47:47,749 - root - DEBUG - Reading resource 43...
2023-07-09 17:47:47,749 - root - INFO - The image is bme.
2023-07-09 17:47:47,749 - root - INFO - Reading image header(readHeader16E)...
2023-07-09 17:47:47,749 - root - INFO - Image header was read:
2023-07-09 17:47:47,749 - root - INFO - Width: 14, Height: 16, RowLength: 28
2023-07-09 17:47:47,749 - root - INFO - datalength: 168, _step: 2
2023-07-09 17:47:47,749 - root - INFO - BPP: 16, Transparency: False
2023-07-09 17:47:47,749 - root - INFO - Resource 44 offset: 213539, length: 306...
2023-07-09 17:47:47,749 - root - DEBUG - Reading resource 44...
2023-07-09 17:47:47,749 - root - INFO - The image is bme.
2023-07-09 17:47:47,749 - root - INFO - Reading image header(readHeader16E)...
2023-07-09 17:47:47,749 - root - INFO - Image header was read:
2023-07-09 17:47:47,749 - root - INFO - Width: 14, Height: 16, RowLength: 28
2023-07-09 17:47:47,749 - root - INFO - datalength: 290, _step: 2
2023-07-09 17:47:47,749 - root - INFO - BPP: 16, Transparency: False
2023-07-09 17:47:47,749 - root - INFO - Resource 45 offset: 213845, length: 298...
2023-07-09 17:47:47,749 - root - DEBUG - Reading resource 45...
2023-07-09 17:47:47,749 - root - INFO - The image is bme.
2023-07-09 17:47:47,749 - root - INFO - Reading image header(readHeader16E)...
2023-07-09 17:47:47,749 - root - INFO - Image header was read:
2023-07-09 17:47:47,749 - root - INFO - Width: 14, Height: 16, RowLength: 28
2023-07-09 17:47:47,749 - root - INFO - datalength: 282, _step: 2
2023-07-09 17:47:47,749 - root - INFO - BPP: 16, Transparency: False
2023-07-09 17:47:47,749 - root - INFO - Resource 46 offset: 214143, length: 250...
2023-07-09 17:47:47,749 - root - DEBUG - Reading resource 46...
2023-07-09 17:47:47,749 - root - INFO - The image is bme.
2023-07-09 17:47:47,749 - root - INFO - Reading image header(readHeader16E)...
2023-07-09 17:47:47,749 - root - INFO - Image header was read:
2023-07-09 17:47:47,749 - root - INFO - Width: 14, Height: 16, RowLength: 28
2023-07-09 17:47:47,749 - root - INFO - datalength: 234, _step: 2
2023-07-09 17:47:47,749 - root - INFO - BPP: 16, Transparency: False
2023-07-09 17:47:47,749 - root - INFO - Resource 47 offset: 214393, length: 306...
2023-07-09 17:47:47,749 - root - DEBUG - Reading resource 47...
2023-07-09 17:47:47,749 - root - INFO - The image is bme.
2023-07-09 17:47:47,749 - root - INFO - Reading image header(readHeader16E)...
2023-07-09 17:47:47,749 - root - INFO - Image header was read:
2023-07-09 17:47:47,749 - root - INFO - Width: 14, Height: 16, RowLength: 28
2023-07-09 17:47:47,749 - root - INFO - datalength: 290, _step: 2
2023-07-09 17:47:47,749 - root - INFO - BPP: 16, Transparency: False
2023-07-09 17:47:47,749 - root - INFO - Resource 48 offset: 214699, length: 310...
2023-07-09 17:47:47,749 - root - DEBUG - Reading resource 48...
2023-07-09 17:47:47,749 - root - INFO - The image is bme.
2023-07-09 17:47:47,749 - root - INFO - Reading image header(readHeader16E)...
2023-07-09 17:47:47,749 - root - INFO - Image header was read:
2023-07-09 17:47:47,749 - root - INFO - Width: 14, Height: 16, RowLength: 28
2023-07-09 17:47:47,749 - root - INFO - datalength: 294, _step: 2
2023-07-09 17:47:47,749 - root - INFO - BPP: 16, Transparency: False
2023-07-09 17:47:47,749 - root - INFO - Resource 49 offset: 215009, length: 204...
2023-07-09 17:47:47,749 - root - DEBUG - Reading resource 49...
2023-07-09 17:47:47,749 - root - INFO - The image is bme.
2023-07-09 17:47:47,749 - root - INFO - Reading image header(readHeader16E)...
2023-07-09 17:47:47,749 - root - INFO - Image header was read:
2023-07-09 17:47:47,749 - root - INFO - Width: 14, Height: 16, RowLength: 28
2023-07-09 17:47:47,749 - root - INFO - datalength: 188, _step: 2
2023-07-09 17:47:47,749 - root - INFO - BPP: 16, Transparency: False
2023-07-09 17:47:47,749 - root - INFO - Resource 50 offset: 215213, length: 340...
2023-07-09 17:47:47,749 - root - DEBUG - Reading resource 50...
2023-07-09 17:47:47,749 - root - INFO - The image is bme.
2023-07-09 17:47:47,749 - root - INFO - Reading image header(readHeader16E)...
2023-07-09 17:47:47,764 - root - INFO - Image header was read:
2023-07-09 17:47:47,765 - root - INFO - Width: 14, Height: 16, RowLength: 28
2023-07-09 17:47:47,765 - root - INFO - datalength: 324, _step: 2
2023-07-09 17:47:47,765 - root - INFO - BPP: 16, Transparency: False
2023-07-09 17:47:47,767 - root - INFO - Resource 51 offset: 215553, length: 326...
2023-07-09 17:47:47,767 - root - DEBUG - Reading resource 51...
2023-07-09 17:47:47,767 - root - INFO - The image is bme.
2023-07-09 17:47:47,767 - root - INFO - Reading image header(readHeader16E)...
2023-07-09 17:47:47,767 - root - INFO - Image header was read:
2023-07-09 17:47:47,767 - root - INFO - Width: 14, Height: 16, RowLength: 28
2023-07-09 17:47:47,768 - root - INFO - datalength: 310, _step: 2
2023-07-09 17:47:47,768 - root - INFO - BPP: 16, Transparency: False
2023-07-09 17:47:47,769 - root - INFO - Resource 52 offset: 215879, length: 792...
2023-07-09 17:47:47,769 - root - DEBUG - Reading resource 52...
2023-07-09 17:47:47,769 - root - INFO - The image is bme.
2023-07-09 17:47:47,769 - root - INFO - Reading image header(readHeader16E)...
2023-07-09 17:47:47,769 - root - INFO - Image header was read:
2023-07-09 17:47:47,769 - root - INFO - Width: 40, Height: 16, RowLength: 80
2023-07-09 17:47:47,770 - root - INFO - datalength: 776, _step: 2
2023-07-09 17:47:47,770 - root - INFO - BPP: 16, Transparency: False
2023-07-09 17:47:47,773 - root - INFO - Resource 53 offset: 216671, length: 354...
2023-07-09 17:47:47,773 - root - DEBUG - Reading resource 53...
2023-07-09 17:47:47,774 - root - INFO - The image is bme.
2023-07-09 17:47:47,774 - root - INFO - Reading image header(readHeader16E)...
2023-07-09 17:47:47,774 - root - INFO - Image header was read:
2023-07-09 17:47:47,774 - root - INFO - Width: 14, Height: 16, RowLength: 28
2023-07-09 17:47:47,774 - root - INFO - datalength: 338, _step: 2
2023-07-09 17:47:47,775 - root - INFO - BPP: 16, Transparency: False
2023-07-09 17:47:47,776 - root - INFO - Resource 54 offset: 217025, length: 168...
2023-07-09 17:47:47,776 - root - DEBUG - Reading resource 54...
2023-07-09 17:47:47,776 - root - INFO - The image is bme.
2023-07-09 17:47:47,776 - root - INFO - Reading image header(readHeader16E)...
2023-07-09 17:47:47,776 - root - INFO - Image header was read:
2023-07-09 17:47:47,776 - root - INFO - Width: 14, Height: 16, RowLength: 28
2023-07-09 17:47:47,776 - root - INFO - datalength: 152, _step: 2
2023-07-09 17:47:47,777 - root - INFO - BPP: 16, Transparency: False
2023-07-09 17:47:47,777 - root - INFO - Resource 55 offset: 217193, length: 262...
2023-07-09 17:47:47,777 - root - DEBUG - Reading resource 55...
2023-07-09 17:47:47,777 - root - INFO - The image is bme.
2023-07-09 17:47:47,777 - root - INFO - Reading image header(readHeader16E)...
2023-07-09 17:47:47,778 - root - INFO - Image header was read:
2023-07-09 17:47:47,778 - root - INFO - Width: 14, Height: 16, RowLength: 28
2023-07-09 17:47:47,778 - root - INFO - datalength: 246, _step: 2
2023-07-09 17:47:47,778 - root - INFO - BPP: 16, Transparency: False
2023-07-09 17:47:47,779 - root - INFO - Resource 56 offset: 217455, length: 266...
2023-07-09 17:47:47,779 - root - DEBUG - Reading resource 56...
2023-07-09 17:47:47,779 - root - INFO - The image is bme.
2023-07-09 17:47:47,779 - root - INFO - Reading image header(readHeader16E)...
2023-07-09 17:47:47,779 - root - INFO - Image header was read:
2023-07-09 17:47:47,779 - root - INFO - Width: 14, Height: 16, RowLength: 28
2023-07-09 17:47:47,779 - root - INFO - datalength: 250, _step: 2
2023-07-09 17:47:47,780 - root - INFO - BPP: 16, Transparency: False
2023-07-09 17:47:47,781 - root - INFO - Resource 57 offset: 217721, length: 232...
2023-07-09 17:47:47,782 - root - DEBUG - Reading resource 57...
2023-07-09 17:47:47,782 - root - INFO - The image is bme.
2023-07-09 17:47:47,782 - root - INFO - Reading image header(readHeader16E)...
2023-07-09 17:47:47,782 - root - INFO - Image header was read:
2023-07-09 17:47:47,782 - root - INFO - Width: 14, Height: 16, RowLength: 28
2023-07-09 17:47:47,782 - root - INFO - datalength: 216, _step: 2
2023-07-09 17:47:47,782 - root - INFO - BPP: 16, Transparency: False
2023-07-09 17:47:47,782 - root - INFO - Resource 58 offset: 217953, length: 264...
2023-07-09 17:47:47,782 - root - DEBUG - Reading resource 58...
2023-07-09 17:47:47,782 - root - INFO - The image is bme.
2023-07-09 17:47:47,782 - root - INFO - Reading image header(readHeader16E)...
2023-07-09 17:47:47,782 - root - INFO - Image header was read:
2023-07-09 17:47:47,782 - root - INFO - Width: 14, Height: 16, RowLength: 28
2023-07-09 17:47:47,782 - root - INFO - datalength: 248, _step: 2
2023-07-09 17:47:47,782 - root - INFO - BPP: 16, Transparency: False
2023-07-09 17:47:47,782 - root - INFO - Resource 59 offset: 218217, length: 274...
2023-07-09 17:47:47,782 - root - DEBUG - Reading resource 59...
2023-07-09 17:47:47,782 - root - INFO - The image is bme.
2023-07-09 17:47:47,782 - root - INFO - Reading image header(readHeader16E)...
2023-07-09 17:47:47,782 - root - INFO - Image header was read:
2023-07-09 17:47:47,782 - root - INFO - Width: 14, Height: 16, RowLength: 28
2023-07-09 17:47:47,782 - root - INFO - datalength: 258, _step: 2
2023-07-09 17:47:47,782 - root - INFO - BPP: 16, Transparency: False
2023-07-09 17:47:47,782 - root - INFO - Resource 60 offset: 218491, length: 188...
2023-07-09 17:47:47,782 - root - DEBUG - Reading resource 60...
2023-07-09 17:47:47,782 - root - INFO - The image is bme.
2023-07-09 17:47:47,782 - root - INFO - Reading image header(readHeader16E)...
2023-07-09 17:47:47,782 - root - INFO - Image header was read:
2023-07-09 17:47:47,782 - root - INFO - Width: 14, Height: 16, RowLength: 28
2023-07-09 17:47:47,782 - root - INFO - datalength: 172, _step: 2
2023-07-09 17:47:47,782 - root - INFO - BPP: 16, Transparency: False
2023-07-09 17:47:47,782 - root - INFO - Resource 61 offset: 218679, length: 314...
2023-07-09 17:47:47,782 - root - DEBUG - Reading resource 61...
2023-07-09 17:47:47,782 - root - INFO - The image is bme.
2023-07-09 17:47:47,782 - root - INFO - Reading image header(readHeader16E)...
2023-07-09 17:47:47,782 - root - INFO - Image header was read:
2023-07-09 17:47:47,782 - root - INFO - Width: 14, Height: 16, RowLength: 28
2023-07-09 17:47:47,782 - root - INFO - datalength: 298, _step: 2
2023-07-09 17:47:47,782 - root - INFO - BPP: 16, Transparency: False
2023-07-09 17:47:47,782 - root - INFO - Resource 62 offset: 218993, length: 292...
2023-07-09 17:47:47,782 - root - DEBUG - Reading resource 62...
2023-07-09 17:47:47,782 - root - INFO - The image is bme.
2023-07-09 17:47:47,782 - root - INFO - Reading image header(readHeader16E)...
2023-07-09 17:47:47,782 - root - INFO - Image header was read:
2023-07-09 17:47:47,782 - root - INFO - Width: 14, Height: 16, RowLength: 28
2023-07-09 17:47:47,782 - root - INFO - datalength: 276, _step: 2
2023-07-09 17:47:47,782 - root - INFO - BPP: 16, Transparency: False
2023-07-09 17:47:47,782 - root - INFO - Resource 63 offset: 219285, length: 96...
2023-07-09 17:47:47,782 - root - DEBUG - Reading resource 63...
2023-07-09 17:47:47,782 - root - INFO - The image is bme.
2023-07-09 17:47:47,782 - root - INFO - Reading image header(readHeader16E)...
2023-07-09 17:47:47,782 - root - INFO - Image header was read:
2023-07-09 17:47:47,782 - root - INFO - Width: 30, Height: 16, RowLength: 60
2023-07-09 17:47:47,782 - root - INFO - datalength: 80, _step: 2
2023-07-09 17:47:47,782 - root - INFO - BPP: 16, Transparency: False
2023-07-09 17:47:47,782 - root - INFO - Resource 64 offset: 219381, length: 32464...
2023-07-09 17:47:47,782 - root - DEBUG - Reading resource 64...
2023-07-09 17:47:47,782 - root - INFO - The image is bmc.
2023-07-09 17:47:47,782 - root - INFO - Reading image header(readHeader16C)...
2023-07-09 17:47:47,782 - root - INFO - Image header was read:
2023-07-09 17:47:47,782 - root - INFO - Width: 104, Height: 104, RowLength: 312
2023-07-09 17:47:47,782 - root - INFO - _step: 3, unknown2: 0,
2023-07-09 17:47:47,782 - root - INFO - BPP: 24, Transparency: False
2023-07-09 17:47:47,860 - root - INFO - Resource 65 offset: 251845, length: 32464...
2023-07-09 17:47:47,860 - root - DEBUG - Reading resource 65...
2023-07-09 17:47:47,860 - root - INFO - The image is bmc.
2023-07-09 17:47:47,860 - root - INFO - Reading image header(readHeader16C)...
2023-07-09 17:47:47,860 - root - INFO - Image header was read:
2023-07-09 17:47:47,876 - root - INFO - Width: 104, Height: 104, RowLength: 312
2023-07-09 17:47:47,876 - root - INFO - _step: 3, unknown2: 0,
2023-07-09 17:47:47,876 - root - INFO - BPP: 24, Transparency: False
2023-07-09 17:47:47,938 - root - INFO - Resource 66 offset: 284309, length: 32464...
2023-07-09 17:47:47,938 - root - DEBUG - Reading resource 66...
2023-07-09 17:47:47,938 - root - INFO - The image is bmc.
2023-07-09 17:47:47,938 - root - INFO - Reading image header(readHeader16C)...
2023-07-09 17:47:47,938 - root - INFO - Image header was read:
2023-07-09 17:47:47,938 - root - INFO - Width: 104, Height: 104, RowLength: 312
2023-07-09 17:47:47,938 - root - INFO - _step: 3, unknown2: 0,
2023-07-09 17:47:47,938 - root - INFO - BPP: 24, Transparency: False
2023-07-09 17:47:48,017 - root - INFO - Resource 67 offset: 316773, length: 32464...
2023-07-09 17:47:48,017 - root - DEBUG - Reading resource 67...
2023-07-09 17:47:48,017 - root - INFO - The image is bmc.
2023-07-09 17:47:48,017 - root - INFO - Reading image header(readHeader16C)...
2023-07-09 17:47:48,017 - root - INFO - Image header was read:
2023-07-09 17:47:48,017 - root - INFO - Width: 104, Height: 104, RowLength: 312
2023-07-09 17:47:48,017 - root - INFO - _step: 3, unknown2: 0,
2023-07-09 17:47:48,017 - root - INFO - BPP: 24, Transparency: False
2023-07-09 17:47:48,091 - root - INFO - Resource 68 offset: 349237, length: 32464...
2023-07-09 17:47:48,091 - root - DEBUG - Reading resource 68...
2023-07-09 17:47:48,091 - root - INFO - The image is bmc.
2023-07-09 17:47:48,091 - root - INFO - Reading image header(readHeader16C)...
2023-07-09 17:47:48,091 - root - INFO - Image header was read:
2023-07-09 17:47:48,092 - root - INFO - Width: 104, Height: 104, RowLength: 312
2023-07-09 17:47:48,092 - root - INFO - _step: 3, unknown2: 0,
2023-07-09 17:47:48,092 - root - INFO - BPP: 24, Transparency: False
2023-07-09 17:47:48,153 - root - INFO - Resource 69 offset: 381701, length: 32464...
2023-07-09 17:47:48,153 - root - DEBUG - Reading resource 69...
2023-07-09 17:47:48,153 - root - INFO - The image is bmc.
2023-07-09 17:47:48,153 - root - INFO - Reading image header(readHeader16C)...
2023-07-09 17:47:48,153 - root - INFO - Image header was read:
2023-07-09 17:47:48,153 - root - INFO - Width: 104, Height: 104, RowLength: 312
2023-07-09 17:47:48,153 - root - INFO - _step: 3, unknown2: 0,
2023-07-09 17:47:48,153 - root - INFO - BPP: 24, Transparency: False
2023-07-09 17:47:48,231 - root - INFO - Resource 70 offset: 414165, length: 32464...
2023-07-09 17:47:48,231 - root - DEBUG - Reading resource 70...
2023-07-09 17:47:48,231 - root - INFO - The image is bmc.
2023-07-09 17:47:48,231 - root - INFO - Reading image header(readHeader16C)...
2023-07-09 17:47:48,231 - root - INFO - Image header was read:
2023-07-09 17:47:48,231 - root - INFO - Width: 104, Height: 104, RowLength: 312
2023-07-09 17:47:48,231 - root - INFO - _step: 3, unknown2: 0,
2023-07-09 17:47:48,231 - root - INFO - BPP: 24, Transparency: False
2023-07-09 17:47:48,309 - root - INFO - Resource 71 offset: 446629, length: 32464...
2023-07-09 17:47:48,309 - root - DEBUG - Reading resource 71...
2023-07-09 17:47:48,309 - root - INFO - The image is bmc.
2023-07-09 17:47:48,309 - root - INFO - Reading image header(readHeader16C)...
2023-07-09 17:47:48,309 - root - INFO - Image header was read:
2023-07-09 17:47:48,309 - root - INFO - Width: 104, Height: 104, RowLength: 312
2023-07-09 17:47:48,309 - root - INFO - _step: 3, unknown2: 0,
2023-07-09 17:47:48,309 - root - INFO - BPP: 24, Transparency: False
2023-07-09 17:47:48,387 - root - INFO - Resource 72 offset: 479093, length: 32464...
2023-07-09 17:47:48,387 - root - DEBUG - Reading resource 72...
2023-07-09 17:47:48,387 - root - INFO - The image is bmc.
2023-07-09 17:47:48,387 - root - INFO - Reading image header(readHeader16C)...
2023-07-09 17:47:48,387 - root - INFO - Image header was read:
2023-07-09 17:47:48,387 - root - INFO - Width: 104, Height: 104, RowLength: 312
2023-07-09 17:47:48,387 - root - INFO - _step: 3, unknown2: 0,
2023-07-09 17:47:48,387 - root - INFO - BPP: 24, Transparency: False
2023-07-09 17:47:48,466 - root - INFO - Resource 73 offset: 511557, length: 32464...
2023-07-09 17:47:48,466 - root - DEBUG - Reading resource 73...
2023-07-09 17:47:48,466 - root - INFO - The image is bmc.
2023-07-09 17:47:48,466 - root - INFO - Reading image header(readHeader16C)...
2023-07-09 17:47:48,466 - root - INFO - Image header was read:
2023-07-09 17:47:48,466 - root - INFO - Width: 104, Height: 104, RowLength: 312
2023-07-09 17:47:48,466 - root - INFO - _step: 3, unknown2: 0,
2023-07-09 17:47:48,466 - root - INFO - BPP: 24, Transparency: False
2023-07-09 17:47:48,544 - root - INFO - Resource 74 offset: 544021, length: 354...
2023-07-09 17:47:48,544 - root - DEBUG - Reading resource 74...
2023-07-09 17:47:48,544 - root - INFO - The image is bme.
2023-07-09 17:47:48,544 - root - INFO - Reading image header(readHeader16E)...
2023-07-09 17:47:48,544 - root - INFO - Image header was read:
2023-07-09 17:47:48,544 - root - INFO - Width: 14, Height: 16, RowLength: 28
2023-07-09 17:47:48,544 - root - INFO - datalength: 338, _step: 2
2023-07-09 17:47:48,544 - root - INFO - BPP: 16, Transparency: False
2023-07-09 17:47:48,544 - root - INFO - Resource 75 offset: 544375, length: 168...
2023-07-09 17:47:48,544 - root - DEBUG - Reading resource 75...
2023-07-09 17:47:48,544 - root - INFO - The image is bme.
2023-07-09 17:47:48,544 - root - INFO - Reading image header(readHeader16E)...
2023-07-09 17:47:48,544 - root - INFO - Image header was read:
2023-07-09 17:47:48,544 - root - INFO - Width: 14, Height: 16, RowLength: 28
2023-07-09 17:47:48,544 - root - INFO - datalength: 152, _step: 2
2023-07-09 17:47:48,544 - root - INFO - BPP: 16, Transparency: False
2023-07-09 17:47:48,544 - root - INFO - Resource 76 offset: 544543, length: 262...
2023-07-09 17:47:48,544 - root - DEBUG - Reading resource 76...
2023-07-09 17:47:48,544 - root - INFO - The image is bme.
2023-07-09 17:47:48,544 - root - INFO - Reading image header(readHeader16E)...
2023-07-09 17:47:48,544 - root - INFO - Image header was read:
2023-07-09 17:47:48,544 - root - INFO - Width: 14, Height: 16, RowLength: 28
2023-07-09 17:47:48,544 - root - INFO - datalength: 246, _step: 2
2023-07-09 17:47:48,544 - root - INFO - BPP: 16, Transparency: False
2023-07-09 17:47:48,544 - root - INFO - Resource 77 offset: 544805, length: 266...
2023-07-09 17:47:48,544 - root - DEBUG - Reading resource 77...
2023-07-09 17:47:48,544 - root - INFO - The image is bme.
2023-07-09 17:47:48,544 - root - INFO - Reading image header(readHeader16E)...
2023-07-09 17:47:48,544 - root - INFO - Image header was read:
2023-07-09 17:47:48,544 - root - INFO - Width: 14, Height: 16, RowLength: 28
2023-07-09 17:47:48,544 - root - INFO - datalength: 250, _step: 2
2023-07-09 17:47:48,544 - root - INFO - BPP: 16, Transparency: False
2023-07-09 17:47:48,544 - root - INFO - Resource 78 offset: 545071, length: 232...
2023-07-09 17:47:48,544 - root - DEBUG - Reading resource 78...
2023-07-09 17:47:48,544 - root - INFO - The image is bme.
2023-07-09 17:47:48,544 - root - INFO - Reading image header(readHeader16E)...
2023-07-09 17:47:48,544 - root - INFO - Image header was read:
2023-07-09 17:47:48,544 - root - INFO - Width: 14, Height: 16, RowLength: 28
2023-07-09 17:47:48,544 - root - INFO - datalength: 216, _step: 2
2023-07-09 17:47:48,544 - root - INFO - BPP: 16, Transparency: False
2023-07-09 17:47:48,544 - root - INFO - Resource 79 offset: 545303, length: 264...
2023-07-09 17:47:48,544 - root - DEBUG - Reading resource 79...
2023-07-09 17:47:48,544 - root - INFO - The image is bme.
2023-07-09 17:47:48,544 - root - INFO - Reading image header(readHeader16E)...
2023-07-09 17:47:48,544 - root - INFO - Image header was read:
2023-07-09 17:47:48,544 - root - INFO - Width: 14, Height: 16, RowLength: 28
2023-07-09 17:47:48,544 - root - INFO - datalength: 248, _step: 2
2023-07-09 17:47:48,544 - root - INFO - BPP: 16, Transparency: False
2023-07-09 17:47:48,544 - root - INFO - Resource 80 offset: 545567, length: 274...
2023-07-09 17:47:48,544 - root - DEBUG - Reading resource 80...
2023-07-09 17:47:48,544 - root - INFO - The image is bme.
2023-07-09 17:47:48,544 - root - INFO - Reading image header(readHeader16E)...
2023-07-09 17:47:48,544 - root - INFO - Image header was read:
2023-07-09 17:47:48,544 - root - INFO - Width: 14, Height: 16, RowLength: 28
2023-07-09 17:47:48,544 - root - INFO - datalength: 258, _step: 2
2023-07-09 17:47:48,544 - root - INFO - BPP: 16, Transparency: False
2023-07-09 17:47:48,544 - root - INFO - Resource 81 offset: 545841, length: 188...
2023-07-09 17:47:48,544 - root - DEBUG - Reading resource 81...
2023-07-09 17:47:48,544 - root - INFO - The image is bme.
2023-07-09 17:47:48,544 - root - INFO - Reading image header(readHeader16E)...
2023-07-09 17:47:48,544 - root - INFO - Image header was read:
2023-07-09 17:47:48,544 - root - INFO - Width: 14, Height: 16, RowLength: 28
2023-07-09 17:47:48,544 - root - INFO - datalength: 172, _step: 2
2023-07-09 17:47:48,544 - root - INFO - BPP: 16, Transparency: False
2023-07-09 17:47:48,544 - root - INFO - Resource 82 offset: 546029, length: 314...
2023-07-09 17:47:48,544 - root - DEBUG - Reading resource 82...
2023-07-09 17:47:48,544 - root - INFO - The image is bme.
2023-07-09 17:47:48,544 - root - INFO - Reading image header(readHeader16E)...
2023-07-09 17:47:48,544 - root - INFO - Image header was read:
2023-07-09 17:47:48,544 - root - INFO - Width: 14, Height: 16, RowLength: 28
2023-07-09 17:47:48,544 - root - INFO - datalength: 298, _step: 2
2023-07-09 17:47:48,544 - root - INFO - BPP: 16, Transparency: False
2023-07-09 17:47:48,559 - root - INFO - Resource 83 offset: 546343, length: 292...
2023-07-09 17:47:48,559 - root - DEBUG - Reading resource 83...
2023-07-09 17:47:48,559 - root - INFO - The image is bme.
2023-07-09 17:47:48,559 - root - INFO - Reading image header(readHeader16E)...
2023-07-09 17:47:48,559 - root - INFO - Image header was read:
2023-07-09 17:47:48,559 - root - INFO - Width: 14, Height: 16, RowLength: 28
2023-07-09 17:47:48,559 - root - INFO - datalength: 276, _step: 2
2023-07-09 17:47:48,559 - root - INFO - BPP: 16, Transparency: False
2023-07-09 17:47:48,559 - root - INFO - Resource 84 offset: 546635, length: 372...
2023-07-09 17:47:48,559 - root - DEBUG - Reading resource 84...
2023-07-09 17:47:48,559 - root - INFO - The image is bme.
2023-07-09 17:47:48,559 - root - INFO - Reading image header(readHeader16E)...
2023-07-09 17:47:48,559 - root - INFO - Image header was read:
2023-07-09 17:47:48,559 - root - INFO - Width: 28, Height: 16, RowLength: 56
2023-07-09 17:47:48,559 - root - INFO - datalength: 356, _step: 2
2023-07-09 17:47:48,559 - root - INFO - BPP: 16, Transparency: False
2023-07-09 17:47:48,559 - root - DEBUG - Parsing parameters...
2023-07-09 17:47:48,669 - root - DEBUG - 0 Value: None
2023-07-09 17:47:48,669 - root - DEBUG - 0.1 Value: 71
2023-07-09 17:47:48,669 - root - DEBUG - 2 Value: None
2023-07-09 17:47:48,669 - root - DEBUG - 2.1 Value: None
2023-07-09 17:47:48,669 - root - DEBUG - 2.1.1 Value: 0
2023-07-09 17:47:48,669 - root - DEBUG - 2.1.2 Value: 0
2023-07-09 17:47:48,669 - root - DEBUG - 2.1.3 Value: 1
2023-07-09 17:47:48,669 - root - DEBUG - 2.3 Value: None
2023-07-09 17:47:48,669 - root - DEBUG - 2.3.1 Value: 0
2023-07-09 17:47:48,669 - root - DEBUG - 2.3.2 Value: 0
2023-07-09 17:47:48,669 - root - DEBUG - 2.3.3 Value: 0
2023-07-09 17:47:48,669 - root - DEBUG - 3 Value: None
2023-07-09 17:47:48,669 - root - DEBUG - 3.1 Value: None
2023-07-09 17:47:48,669 - root - DEBUG - 3.1.1 Value: None
2023-07-09 17:47:48,669 - root - DEBUG - 3.1.1.1 Value: None
2023-07-09 17:47:48,669 - root - DEBUG - 3.1.1.1.1 Value: 26
2023-07-09 17:47:48,669 - root - DEBUG - 3.1.1.1.2 Value: 108
2023-07-09 17:47:48,669 - root - DEBUG - 3.1.1.1.3 Value: 2
2023-07-09 17:47:48,669 - root - DEBUG - 3.1.1.1.4 Value: 10
2023-07-09 17:47:48,669 - root - DEBUG - 3.1.1.2 Value: None
2023-07-09 17:47:48,669 - root - DEBUG - 3.1.1.2.1 Value: 66
2023-07-09 17:47:48,669 - root - DEBUG - 3.1.1.2.2 Value: 108
2023-07-09 17:47:48,669 - root - DEBUG - 3.1.1.2.3 Value: 2
2023-07-09 17:47:48,669 - root - DEBUG - 3.1.1.2.4 Value: 10
2023-07-09 17:47:48,669 - root - DEBUG - 3.1.2 Value: None
2023-07-09 17:47:48,669 - root - DEBUG - 3.1.2.1 Value: None
2023-07-09 17:47:48,669 - root - DEBUG - 3.1.2.1.1 Value: 135
2023-07-09 17:47:48,669 - root - DEBUG - 3.1.2.1.2 Value: 108
2023-07-09 17:47:48,669 - root - DEBUG - 3.1.2.1.3 Value: 2
2023-07-09 17:47:48,669 - root - DEBUG - 3.1.2.1.4 Value: 10
2023-07-09 17:47:48,669 - root - DEBUG - 3.1.2.2 Value: None
2023-07-09 17:47:48,669 - root - DEBUG - 3.1.2.2.1 Value: 176
2023-07-09 17:47:48,669 - root - DEBUG - 3.1.2.2.2 Value: 108
2023-07-09 17:47:48,669 - root - DEBUG - 3.1.2.2.3 Value: 2
2023-07-09 17:47:48,669 - root - DEBUG - 3.1.2.2.4 Value: 10
2023-07-09 17:47:48,669 - root - DEBUG - 3.1.7 Value: 0
2023-07-09 17:47:48,669 - root - DEBUG - 3.1.8 Value: 1
2023-07-09 17:47:48,669 - root - DEBUG - 4 Value: None
2023-07-09 17:47:48,669 - root - DEBUG - 4.1 Value: None
2023-07-09 17:47:48,669 - root - DEBUG - 4.1.1 Value: None
2023-07-09 17:47:48,669 - root - DEBUG - 4.1.1.1 Value: 84
2023-07-09 17:47:48,669 - root - DEBUG - 4.1.1.2 Value: 212
2023-07-09 17:47:48,669 - root - DEBUG - 4.1.1.3 Value: 155
2023-07-09 17:47:48,669 - root - DEBUG - 4.1.1.4 Value: 229
2023-07-09 17:47:48,669 - root - DEBUG - 4.1.1.5 Value: 72
2023-07-09 17:47:48,669 - root - DEBUG - 4.1.1.6 Value: 0
2023-07-09 17:47:48,684 - root - DEBUG - 4.1.1.7 Value: 0
2023-07-09 17:47:48,684 - root - DEBUG - 4.1.1.8 Value: 32
2023-07-09 17:47:48,684 - root - DEBUG - 4.1.1.9 Value: 10
2023-07-09 17:47:48,684 - root - DEBUG - 4.3 Value: None
2023-07-09 17:47:48,684 - root - DEBUG - 4.3.1 Value: None
2023-07-09 17:47:48,684 - root - DEBUG - 4.3.1.1 Value: 87
2023-07-09 17:47:48,684 - root - DEBUG - 4.3.1.2 Value: 22
2023-07-09 17:47:48,684 - root - DEBUG - 4.3.1.3 Value: 180
2023-07-09 17:47:48,684 - root - DEBUG - 4.3.1.4 Value: 42
2023-07-09 17:47:48,684 - root - DEBUG - 4.3.1.5 Value: 72
2023-07-09 17:47:48,684 - root - DEBUG - 4.3.1.6 Value: 0
2023-07-09 17:47:48,684 - root - DEBUG - 4.3.1.7 Value: 0
2023-07-09 17:47:48,684 - root - DEBUG - 4.3.1.8 Value: 42
2023-07-09 17:47:48,684 - root - DEBUG - 4.3.1.9 Value: 10
2023-07-09 17:47:48,684 - root - DEBUG - 4.3.2 Value: 52
2023-07-09 17:47:48,684 - root - DEBUG - 4.4 Value: None
2023-07-09 17:47:48,684 - root - DEBUG - 4.4.1 Value: None
2023-07-09 17:47:48,684 - root - DEBUG - 4.4.1.1 Value: 181
2023-07-09 17:47:48,684 - root - DEBUG - 4.4.1.2 Value: 233
2023-07-09 17:47:48,684 - root - DEBUG - 4.4.1.3 Value: 224
2023-07-09 17:47:48,684 - root - DEBUG - 4.4.1.4 Value: 249
2023-07-09 17:47:48,684 - root - DEBUG - 4.4.1.5 Value: 24
2023-07-09 17:47:48,684 - root - DEBUG - 4.4.1.6 Value: 0
2023-07-09 17:47:48,684 - root - DEBUG - 4.4.1.7 Value: 0
2023-07-09 17:47:48,684 - root - DEBUG - 4.4.1.8 Value: 53
2023-07-09 17:47:48,684 - root - DEBUG - 4.4.1.9 Value: 10
2023-07-09 17:47:48,684 - root - DEBUG - 4.4.3 Value: 63
2023-07-09 17:47:48,684 - root - DEBUG - 4.7 Value: 0
2023-07-09 17:47:48,684 - root - DEBUG - 5 Value: None
2023-07-09 17:47:48,684 - root - DEBUG - 5.1 Value: None
2023-07-09 17:47:48,684 - root - DEBUG - 5.1.2 Value: None
2023-07-09 17:47:48,684 - root - DEBUG - 5.1.2.1 Value: None
2023-07-09 17:47:48,684 - root - DEBUG - 5.1.2.1.1 Value: 66
2023-07-09 17:47:48,684 - root - DEBUG - 5.1.2.1.2 Value: 50
2023-07-09 17:47:48,684 - root - DEBUG - 5.1.2.1.3 Value: 132
2023-07-09 17:47:48,684 - root - DEBUG - 5.1.2.1.4 Value: 66
2023-07-09 17:47:48,684 - root - DEBUG - 5.1.2.1.5 Value: 18
2023-07-09 17:47:48,684 - root - DEBUG - 5.1.2.1.6 Value: 0
2023-07-09 17:47:48,684 - root - DEBUG - 5.1.2.1.7 Value: 0
2023-07-09 17:47:48,684 - root - DEBUG - 5.1.2.1.8 Value: 12
2023-07-09 17:47:48,684 - root - DEBUG - 5.1.2.1.9 Value: 10
2023-07-09 17:47:48,684 - root - DEBUG - 5.1.2.2 Value: 22
2023-07-09 17:47:48,684 - root - DEBUG - 5.1.4 Value: 1
2023-07-09 17:47:48,684 - root - DEBUG - 5.1.5 Value: 1
2023-07-09 17:47:48,684 - root - DEBUG - 5.1.6 Value: 0
2023-07-09 17:47:48,684 - root - DEBUG - 5.2 Value: None
2023-07-09 17:47:48,684 - root - DEBUG - 5.2.1 Value: 101
2023-07-09 17:47:48,684 - root - DEBUG - 5.2.2 Value: 76
2023-07-09 17:47:48,684 - root - DEBUG - 5.2.5 Value: 30
2023-07-09 17:47:48,684 - root - DEBUG - 5.2.6 Value: 31
2023-07-09 17:47:48,684 - root - DEBUG - 5.4 Value: None
2023-07-09 17:47:48,684 - root - DEBUG - 5.4.1 Value: 132
2023-07-09 17:47:48,684 - root - DEBUG - 5.4.2 Value: 50
2023-07-09 17:47:48,684 - root - DEBUG - 5.4.3 Value: 23
2023-07-09 17:47:48,684 - root - DEBUG - 5.4.4 Value: 7
2023-07-09 17:47:48,684 - root - DEBUG - 7 Value: None
2023-07-09 17:47:48,684 - root - DEBUG - 7.2 Value: None
2023-07-09 17:47:48,684 - root - DEBUG - 7.2.1 Value: 67
2023-07-09 17:47:48,684 - root - DEBUG - 7.2.2 Value: 168
2023-07-09 17:47:48,684 - root - DEBUG - 7.2.3 Value: 64
2023-07-09 17:47:48,684 - root - DEBUG - 7.2.4 Value: 10
2023-07-09 17:47:48,684 - root - DEBUG - 9 Value: None
2023-07-09 17:47:48,684 - root - DEBUG - 9.1 Value: None
2023-07-09 17:47:48,684 - root - DEBUG - 9.1.1 Value: None
2023-07-09 17:47:48,684 - root - DEBUG - 9.1.1.1 Value: 10
2023-07-09 17:47:48,684 - root - DEBUG - 9.1.1.2 Value: 233
2023-07-09 17:47:48,684 - root - DEBUG - 9.1.1.3 Value: 66
2023-07-09 17:47:48,684 - root - DEBUG - 9.1.1.4 Value: 249
2023-07-09 17:47:48,684 - root - DEBUG - 9.1.1.5 Value: 24
2023-07-09 17:47:48,684 - root - DEBUG - 9.1.1.6 Value: 0
2023-07-09 17:47:48,684 - root - DEBUG - 9.1.1.7 Value: 0
2023-07-09 17:47:48,684 - root - DEBUG - 9.1.1.8 Value: 74
2023-07-09 17:47:48,684 - root - DEBUG - 9.1.1.9 Value: 10
2023-07-09 17:47:48,684 - root - DEBUG - 9.1.4 Value: 84
2023-07-09 17:47:48,684 - root - DEBUG - 0-Info
2023-07-09 17:47:48,684 - root - DEBUG - 0.1-DeviceId
2023-07-09 17:47:48,684 - root - DEBUG - 2-Background
2023-07-09 17:47:48,684 - root - DEBUG - 2.1-Image
2023-07-09 17:47:48,684 - root - DEBUG - 2.1.1-X
2023-07-09 17:47:48,684 - root - DEBUG - 2.1.2-Y
2023-07-09 17:47:48,684 - root - DEBUG - 2.1.3-ImageIndex
2023-07-09 17:47:48,684 - root - DEBUG - 2.3-Preview
2023-07-09 17:47:48,684 - root - DEBUG - 2.3.1-X
2023-07-09 17:47:48,684 - root - DEBUG - 2.3.2-Y
2023-07-09 17:47:48,684 - root - DEBUG - 2.3.3-ImageIndex
2023-07-09 17:47:48,684 - root - DEBUG - 3-TimeExtended
2023-07-09 17:47:48,684 - root - DEBUG - 3.1-TimeSeparateDigits
2023-07-09 17:47:48,684 - root - DEBUG - 3.1.1-Hours
2023-07-09 17:47:48,684 - root - DEBUG - 3.1.1.1-Tens
2023-07-09 17:47:48,684 - root - DEBUG - 3.1.1.1.1-X
2023-07-09 17:47:48,684 - root - DEBUG - 3.1.1.1.2-Y
2023-07-09 17:47:48,684 - root - DEBUG - 3.1.1.1.3-ImageIndex
2023-07-09 17:47:48,684 - root - DEBUG - 3.1.1.1.4-ImagesCount
2023-07-09 17:47:48,684 - root - DEBUG - 3.1.1.2-Ones
2023-07-09 17:47:48,684 - root - DEBUG - 3.1.1.2.1-X
2023-07-09 17:47:48,684 - root - DEBUG - 3.1.1.2.2-Y
2023-07-09 17:47:48,684 - root - DEBUG - 3.1.1.2.3-ImageIndex
2023-07-09 17:47:48,684 - root - DEBUG - 3.1.1.2.4-ImagesCount
2023-07-09 17:47:48,684 - root - DEBUG - 3.1.2-Minutes
2023-07-09 17:47:48,684 - root - DEBUG - 3.1.2.1-Tens
2023-07-09 17:47:48,684 - root - DEBUG - 3.1.2.1.1-X
2023-07-09 17:47:48,684 - root - DEBUG - 3.1.2.1.2-Y
2023-07-09 17:47:48,684 - root - DEBUG - 3.1.2.1.3-ImageIndex
2023-07-09 17:47:48,684 - root - DEBUG - 3.1.2.1.4-ImagesCount
2023-07-09 17:47:48,684 - root - DEBUG - 3.1.2.2-Ones
2023-07-09 17:47:48,700 - root - DEBUG - 3.1.2.2.1-X
2023-07-09 17:47:48,700 - root - DEBUG - 3.1.2.2.2-Y
2023-07-09 17:47:48,700 - root - DEBUG - 3.1.2.2.3-ImageIndex
2023-07-09 17:47:48,700 - root - DEBUG - 3.1.2.2.4-ImagesCount
2023-07-09 17:47:48,700 - root - DEBUG - 3.1.7-UnknowBoolean7
2023-07-09 17:47:48,700 - root - DEBUG - 3.1.8-PaddingZeroMinutes
2023-07-09 17:47:48,700 - root - DEBUG - 4-Activity
2023-07-09 17:47:48,700 - root - DEBUG - 4.1-Steps
2023-07-09 17:47:48,700 - root - DEBUG - 4.1.1-ImageNumber
2023-07-09 17:47:48,700 - root - DEBUG - 4.1.1.1-TopLeftX
2023-07-09 17:47:48,700 - root - DEBUG - 4.1.1.2-TopLeftY
2023-07-09 17:47:48,700 - root - DEBUG - 4.1.1.3-BottomRightX
2023-07-09 17:47:48,700 - root - DEBUG - 4.1.1.4-BottomRightY
2023-07-09 17:47:48,700 - root - DEBUG - 4.1.1.5-Alignment
2023-07-09 17:47:48,700 - root - DEBUG - 4.1.1.6-Spacing
2023-07-09 17:47:48,700 - root - DEBUG - 4.1.1.7-VerticalOffset
2023-07-09 17:47:48,700 - root - DEBUG - 4.1.1.8-ImageIndex
2023-07-09 17:47:48,700 - root - DEBUG - 4.1.1.9-ImagesCount
2023-07-09 17:47:48,700 - root - DEBUG - 4.3-Calories
2023-07-09 17:47:48,700 - root - DEBUG - 4.3.1-ImageNumber
2023-07-09 17:47:48,700 - root - DEBUG - 4.3.1.1-TopLeftX
2023-07-09 17:47:48,700 - root - DEBUG - 4.3.1.2-TopLeftY
2023-07-09 17:47:48,700 - root - DEBUG - 4.3.1.3-BottomRightX
2023-07-09 17:47:48,700 - root - DEBUG - 4.3.1.4-BottomRightY
2023-07-09 17:47:48,700 - root - DEBUG - 4.3.1.5-Alignment
2023-07-09 17:47:48,700 - root - DEBUG - 4.3.1.6-Spacing
2023-07-09 17:47:48,700 - root - DEBUG - 4.3.1.7-VerticalOffset
2023-07-09 17:47:48,700 - root - DEBUG - 4.3.1.8-ImageIndex
2023-07-09 17:47:48,700 - root - DEBUG - 4.3.1.9-ImagesCount
2023-07-09 17:47:48,700 - root - DEBUG - 4.3.2-SuffixImageIndex
2023-07-09 17:47:48,700 - root - DEBUG - 4.4-HeartRate
2023-07-09 17:47:48,700 - root - DEBUG - 4.4.1-ImageNumber
2023-07-09 17:47:48,700 - root - DEBUG - 4.4.1.1-TopLeftX
2023-07-09 17:47:48,700 - root - DEBUG - 4.4.1.2-TopLeftY
2023-07-09 17:47:48,700 - root - DEBUG - 4.4.1.3-BottomRightX
2023-07-09 17:47:48,700 - root - DEBUG - 4.4.1.4-BottomRightY
2023-07-09 17:47:48,700 - root - DEBUG - 4.4.1.5-Alignment
2023-07-09 17:47:48,700 - root - DEBUG - 4.4.1.6-Spacing
2023-07-09 17:47:48,700 - root - DEBUG - 4.4.1.7-VerticalOffset
2023-07-09 17:47:48,700 - root - DEBUG - 4.4.1.8-ImageIndex
2023-07-09 17:47:48,700 - root - DEBUG - 4.4.1.9-ImagesCount
2023-07-09 17:47:48,700 - root - DEBUG - 4.4.3-NoDataImageIndex
2023-07-09 17:47:48,700 - root - DEBUG - 4.7-UnknownLongValue7
2023-07-09 17:47:48,700 - root - DEBUG - 5-DateBlock
2023-07-09 17:47:48,700 - root - DEBUG - 5.1-Date
2023-07-09 17:47:48,700 - root - DEBUG - 5.1.2-OneLineMonthAndDay
2023-07-09 17:47:48,700 - root - DEBUG - 5.1.2.1-Number
2023-07-09 17:47:48,700 - root - DEBUG - 5.1.2.1.1-TopLeftX
2023-07-09 17:47:48,700 - root - DEBUG - 5.1.2.1.2-TopLeftY
2023-07-09 17:47:48,700 - root - DEBUG - 5.1.2.1.3-BottomRightX
2023-07-09 17:47:48,700 - root - DEBUG - 5.1.2.1.4-BottomRightY
2023-07-09 17:47:48,700 - root - DEBUG - 5.1.2.1.5-Alignment
2023-07-09 17:47:48,700 - root - DEBUG - 5.1.2.1.6-Spacing
2023-07-09 17:47:48,700 - root - DEBUG - 5.1.2.1.7-VerticalOffset
2023-07-09 17:47:48,700 - root - DEBUG - 5.1.2.1.8-ImageIndex
2023-07-09 17:47:48,700 - root - DEBUG - 5.1.2.1.9-ImagesCount
2023-07-09 17:47:48,700 - root - DEBUG - 5.1.2.2-DelimiterImageIndex
2023-07-09 17:47:48,700 - root - DEBUG - 5.1.4-PaddingZeroMonth
2023-07-09 17:47:48,700 - root - DEBUG - 5.1.5-PaddingZeroDay
2023-07-09 17:47:48,700 - root - DEBUG - 5.1.6-UnknownBoolean6
2023-07-09 17:47:48,700 - root - DEBUG - 5.2-AmPm
2023-07-09 17:47:48,700 - root - DEBUG - 5.2.1-CommonX
2023-07-09 17:47:48,700 - root - DEBUG - 5.2.2-CommonY
2023-07-09 17:47:48,700 - root - DEBUG - 5.2.5-AmImageIndexEN
2023-07-09 17:47:48,700 - root - DEBUG - 5.2.6-PmImageIndexEN
2023-07-09 17:47:48,700 - root - DEBUG - 5.4-Weekday
2023-07-09 17:47:48,700 - root - DEBUG - 5.4.1-X
2023-07-09 17:47:48,700 - root - DEBUG - 5.4.2-Y
2023-07-09 17:47:48,700 - root - DEBUG - 5.4.3-ImageIndex
2023-07-09 17:47:48,700 - root - DEBUG - 5.4.4-ImagesCount
2023-07-09 17:47:48,700 - root - DEBUG - 7-StepProgress
2023-07-09 17:47:48,716 - root - DEBUG - 7.2-ImageProgress
2023-07-09 17:47:48,716 - root - DEBUG - 7.2.1-X
2023-07-09 17:47:48,716 - root - DEBUG - 7.2.2-Y
2023-07-09 17:47:48,716 - root - DEBUG - 7.2.3-ImageIndex
2023-07-09 17:47:48,716 - root - DEBUG - 7.2.4-ImagesCount
2023-07-09 17:47:48,716 - root - DEBUG - 9-Battery
2023-07-09 17:47:48,716 - root - DEBUG - 9.1-BatteryText
2023-07-09 17:47:48,716 - root - DEBUG - 9.1.1-ImageNumber
2023-07-09 17:47:48,716 - root - DEBUG - 9.1.1.1-TopLeftX
2023-07-09 17:47:48,716 - root - DEBUG - 9.1.1.2-TopLeftY
2023-07-09 17:47:48,716 - root - DEBUG - 9.1.1.3-BottomRightX
2023-07-09 17:47:48,716 - root - DEBUG - 9.1.1.4-BottomRightY
2023-07-09 17:47:48,716 - root - DEBUG - 9.1.1.5-Alignment
2023-07-09 17:47:48,716 - root - DEBUG - 9.1.1.6-Spacing
2023-07-09 17:47:48,716 - root - DEBUG - 9.1.1.7-VerticalOffset
2023-07-09 17:47:48,716 - root - DEBUG - 9.1.1.8-ImageIndex
2023-07-09 17:47:48,716 - root - DEBUG - 9.1.1.9-ImagesCount
2023-07-09 17:47:48,716 - root - DEBUG - 9.1.4-SuffixImageIndex
2023-07-09 17:47:48,716 - root - DEBUG - generatePreviews
2023-07-09 17:47:48,716 - root - DEBUG - Generating previews...
2023-07-09 17:47:48,716 - root - DEBUG - Generating states done...
2023-07-09 17:47:48,732 - root - DEBUG - >>>>>>>>>>>> 0 <watchFaceParser.models.parameter.Parameter object at 0x00000206542AFAC0>
2023-07-09 17:47:48,732 - root - DEBUG - >>>>>>>>>>>> 2 <watchFaceParser.models.parameter.Parameter object at 0x00000206542A9160>
2023-07-09 17:47:48,732 - root - DEBUG - >>>>>>>>>>>> 3 <watchFaceParser.models.parameter.Parameter object at 0x00000206542A9310>
2023-07-09 17:47:48,747 - root - DEBUG - >>>>>>>>>>>> 4 <watchFaceParser.models.parameter.Parameter object at 0x00000206542AB5E0>
2023-07-09 17:47:48,763 - root - DEBUG - >>>>>>>>>>>> 5 <watchFaceParser.models.parameter.Parameter object at 0x00000206542AC790>
2023-07-09 17:47:48,778 - root - DEBUG - >>>>>>>>>>>> 7 <watchFaceParser.models.parameter.Parameter object at 0x00000206542AF3A0>
2023-07-09 17:47:48,778 - root - DEBUG - >>>>>>>>>>>> 9 <watchFaceParser.models.parameter.Parameter object at 0x00000206542AC760>
2023-07-09 17:47:48,794 - root - DEBUG - Generating static preview gen done...
2023-07-09 17:47:48,872 - root - DEBUG - Generating static preview save done...
2023-07-09 17:47:48,872 - root - DEBUG - Generating anim preview gen done...
2023-07-09 17:47:48,872 - root - DEBUG - >>>>>>>>>>>> 0 <watchFaceParser.models.parameter.Parameter object at 0x00000206542AFAC0>
2023-07-09 17:47:48,872 - root - DEBUG - >>>>>>>>>>>> 2 <watchFaceParser.models.parameter.Parameter object at 0x00000206542A9160>
2023-07-09 17:47:48,872 - root - DEBUG - >>>>>>>>>>>> 3 <watchFaceParser.models.parameter.Parameter object at 0x00000206542A9310>
2023-07-09 17:47:48,872 - root - DEBUG - >>>>>>>>>>>> 4 <watchFaceParser.models.parameter.Parameter object at 0x00000206542AB5E0>
2023-07-09 17:47:48,872 - root - DEBUG - >>>>>>>>>>>> 5 <watchFaceParser.models.parameter.Parameter object at 0x00000206542AC790>
2023-07-09 17:47:48,872 - root - DEBUG - >>>>>>>>>>>> 7 <watchFaceParser.models.parameter.Parameter object at 0x00000206542AF3A0>
2023-07-09 17:47:48,872 - root - DEBUG - >>>>>>>>>>>> 9 <watchFaceParser.models.parameter.Parameter object at 0x00000206542AC760>
2023-07-09 17:47:48,997 - root - DEBUG - generatePreviews done
2023-07-09 17:47:48,997 - root - DEBUG - Exporting resources to 'E:\Codez\zepp-bip3-wf\223a529d3a2161553b9428e1ab6c0ee7'
2023-07-09 17:47:48,997 - root - DEBUG - extracting E:\Codez\zepp-bip3-wf\223a529d3a2161553b9428e1ab6c0ee7\0000.png...
2023-07-09 17:47:48,997 - root - DEBUG - extracting E:\Codez\zepp-bip3-wf\223a529d3a2161553b9428e1ab6c0ee7\0001.png...
2023-07-09 17:47:49,013 - root - DEBUG - extracting E:\Codez\zepp-bip3-wf\223a529d3a2161553b9428e1ab6c0ee7\0002.png...
2023-07-09 17:47:49,013 - root - DEBUG - extracting E:\Codez\zepp-bip3-wf\223a529d3a2161553b9428e1ab6c0ee7\0003.png...
2023-07-09 17:47:49,013 - root - DEBUG - extracting E:\Codez\zepp-bip3-wf\223a529d3a2161553b9428e1ab6c0ee7\0004.png...
2023-07-09 17:47:49,013 - root - DEBUG - extracting E:\Codez\zepp-bip3-wf\223a529d3a2161553b9428e1ab6c0ee7\0005.png...
2023-07-09 17:47:49,013 - root - DEBUG - extracting E:\Codez\zepp-bip3-wf\223a529d3a2161553b9428e1ab6c0ee7\0006.png...
2023-07-09 17:47:49,028 - root - DEBUG - extracting E:\Codez\zepp-bip3-wf\223a529d3a2161553b9428e1ab6c0ee7\0007.png...
2023-07-09 17:47:49,028 - root - DEBUG - extracting E:\Codez\zepp-bip3-wf\223a529d3a2161553b9428e1ab6c0ee7\0008.png...
2023-07-09 17:47:49,028 - root - DEBUG - extracting E:\Codez\zepp-bip3-wf\223a529d3a2161553b9428e1ab6c0ee7\0009.png...
2023-07-09 17:47:49,028 - root - DEBUG - extracting E:\Codez\zepp-bip3-wf\223a529d3a2161553b9428e1ab6c0ee7\0010.png...
2023-07-09 17:47:49,028 - root - DEBUG - extracting E:\Codez\zepp-bip3-wf\223a529d3a2161553b9428e1ab6c0ee7\0011.png...
2023-07-09 17:47:49,028 - root - DEBUG - extracting E:\Codez\zepp-bip3-wf\223a529d3a2161553b9428e1ab6c0ee7\0012.png...
2023-07-09 17:47:49,028 - root - DEBUG - extracting E:\Codez\zepp-bip3-wf\223a529d3a2161553b9428e1ab6c0ee7\0013.png...
2023-07-09 17:47:49,028 - root - DEBUG - extracting E:\Codez\zepp-bip3-wf\223a529d3a2161553b9428e1ab6c0ee7\0014.png...
2023-07-09 17:47:49,028 - root - DEBUG - extracting E:\Codez\zepp-bip3-wf\223a529d3a2161553b9428e1ab6c0ee7\0015.png...
2023-07-09 17:47:49,028 - root - DEBUG - extracting E:\Codez\zepp-bip3-wf\223a529d3a2161553b9428e1ab6c0ee7\0016.png...
2023-07-09 17:47:49,044 - root - DEBUG - extracting E:\Codez\zepp-bip3-wf\223a529d3a2161553b9428e1ab6c0ee7\0017.png...
2023-07-09 17:47:49,044 - root - DEBUG - extracting E:\Codez\zepp-bip3-wf\223a529d3a2161553b9428e1ab6c0ee7\0018.png...
2023-07-09 17:47:49,044 - root - DEBUG - extracting E:\Codez\zepp-bip3-wf\223a529d3a2161553b9428e1ab6c0ee7\0019.png...
2023-07-09 17:47:49,044 - root - DEBUG - extracting E:\Codez\zepp-bip3-wf\223a529d3a2161553b9428e1ab6c0ee7\0020.png...
2023-07-09 17:47:49,044 - root - DEBUG - extracting E:\Codez\zepp-bip3-wf\223a529d3a2161553b9428e1ab6c0ee7\0021.png...
2023-07-09 17:47:49,044 - root - DEBUG - extracting E:\Codez\zepp-bip3-wf\223a529d3a2161553b9428e1ab6c0ee7\0022.png...
2023-07-09 17:47:49,044 - root - DEBUG - extracting E:\Codez\zepp-bip3-wf\223a529d3a2161553b9428e1ab6c0ee7\0023.png...
2023-07-09 17:47:49,044 - root - DEBUG - extracting E:\Codez\zepp-bip3-wf\223a529d3a2161553b9428e1ab6c0ee7\0024.png...
2023-07-09 17:47:49,044 - root - DEBUG - extracting E:\Codez\zepp-bip3-wf\223a529d3a2161553b9428e1ab6c0ee7\0025.png...
2023-07-09 17:47:49,044 - root - DEBUG - extracting E:\Codez\zepp-bip3-wf\223a529d3a2161553b9428e1ab6c0ee7\0026.png...
2023-07-09 17:47:49,044 - root - DEBUG - extracting E:\Codez\zepp-bip3-wf\223a529d3a2161553b9428e1ab6c0ee7\0027.png...
2023-07-09 17:47:49,044 - root - DEBUG - extracting E:\Codez\zepp-bip3-wf\223a529d3a2161553b9428e1ab6c0ee7\0028.png...
2023-07-09 17:47:49,044 - root - DEBUG - extracting E:\Codez\zepp-bip3-wf\223a529d3a2161553b9428e1ab6c0ee7\0029.png...
2023-07-09 17:47:49,044 - root - DEBUG - extracting E:\Codez\zepp-bip3-wf\223a529d3a2161553b9428e1ab6c0ee7\0030.png...
2023-07-09 17:47:49,060 - root - DEBUG - extracting E:\Codez\zepp-bip3-wf\223a529d3a2161553b9428e1ab6c0ee7\0031.png...
2023-07-09 17:47:49,060 - root - DEBUG - extracting E:\Codez\zepp-bip3-wf\223a529d3a2161553b9428e1ab6c0ee7\0032.png...
2023-07-09 17:47:49,060 - root - DEBUG - extracting E:\Codez\zepp-bip3-wf\223a529d3a2161553b9428e1ab6c0ee7\0033.png...
2023-07-09 17:47:49,060 - root - DEBUG - extracting E:\Codez\zepp-bip3-wf\223a529d3a2161553b9428e1ab6c0ee7\0034.png...
2023-07-09 17:47:49,060 - root - DEBUG - extracting E:\Codez\zepp-bip3-wf\223a529d3a2161553b9428e1ab6c0ee7\0035.png...
2023-07-09 17:47:49,060 - root - DEBUG - extracting E:\Codez\zepp-bip3-wf\223a529d3a2161553b9428e1ab6c0ee7\0036.png...
2023-07-09 17:47:49,060 - root - DEBUG - extracting E:\Codez\zepp-bip3-wf\223a529d3a2161553b9428e1ab6c0ee7\0037.png...
2023-07-09 17:47:49,060 - root - DEBUG - extracting E:\Codez\zepp-bip3-wf\223a529d3a2161553b9428e1ab6c0ee7\0038.png...
2023-07-09 17:47:49,060 - root - DEBUG - extracting E:\Codez\zepp-bip3-wf\223a529d3a2161553b9428e1ab6c0ee7\0039.png...
2023-07-09 17:47:49,060 - root - DEBUG - extracting E:\Codez\zepp-bip3-wf\223a529d3a2161553b9428e1ab6c0ee7\0040.png...
2023-07-09 17:47:49,060 - root - DEBUG - extracting E:\Codez\zepp-bip3-wf\223a529d3a2161553b9428e1ab6c0ee7\0041.png...
2023-07-09 17:47:49,060 - root - DEBUG - extracting E:\Codez\zepp-bip3-wf\223a529d3a2161553b9428e1ab6c0ee7\0042.png...
2023-07-09 17:47:49,060 - root - DEBUG - extracting E:\Codez\zepp-bip3-wf\223a529d3a2161553b9428e1ab6c0ee7\0043.png...
2023-07-09 17:47:49,060 - root - DEBUG - extracting E:\Codez\zepp-bip3-wf\223a529d3a2161553b9428e1ab6c0ee7\0044.png...
2023-07-09 17:47:49,075 - root - DEBUG - extracting E:\Codez\zepp-bip3-wf\223a529d3a2161553b9428e1ab6c0ee7\0045.png...
2023-07-09 17:47:49,075 - root - DEBUG - extracting E:\Codez\zepp-bip3-wf\223a529d3a2161553b9428e1ab6c0ee7\0046.png...
2023-07-09 17:47:49,075 - root - DEBUG - extracting E:\Codez\zepp-bip3-wf\223a529d3a2161553b9428e1ab6c0ee7\0047.png...
2023-07-09 17:47:49,075 - root - DEBUG - extracting E:\Codez\zepp-bip3-wf\223a529d3a2161553b9428e1ab6c0ee7\0048.png...
2023-07-09 17:47:49,075 - root - DEBUG - extracting E:\Codez\zepp-bip3-wf\223a529d3a2161553b9428e1ab6c0ee7\0049.png...
2023-07-09 17:47:49,075 - root - DEBUG - extracting E:\Codez\zepp-bip3-wf\223a529d3a2161553b9428e1ab6c0ee7\0050.png...
2023-07-09 17:47:49,075 - root - DEBUG - extracting E:\Codez\zepp-bip3-wf\223a529d3a2161553b9428e1ab6c0ee7\0051.png...
2023-07-09 17:47:49,075 - root - DEBUG - extracting E:\Codez\zepp-bip3-wf\223a529d3a2161553b9428e1ab6c0ee7\0052.png...
2023-07-09 17:47:49,075 - root - DEBUG - extracting E:\Codez\zepp-bip3-wf\223a529d3a2161553b9428e1ab6c0ee7\0053.png...
2023-07-09 17:47:49,075 - root - DEBUG - extracting E:\Codez\zepp-bip3-wf\223a529d3a2161553b9428e1ab6c0ee7\0054.png...
2023-07-09 17:47:49,075 - root - DEBUG - extracting E:\Codez\zepp-bip3-wf\223a529d3a2161553b9428e1ab6c0ee7\0055.png...
2023-07-09 17:47:49,075 - root - DEBUG - extracting E:\Codez\zepp-bip3-wf\223a529d3a2161553b9428e1ab6c0ee7\0056.png...
2023-07-09 17:47:49,075 - root - DEBUG - extracting E:\Codez\zepp-bip3-wf\223a529d3a2161553b9428e1ab6c0ee7\0057.png...
2023-07-09 17:47:49,075 - root - DEBUG - extracting E:\Codez\zepp-bip3-wf\223a529d3a2161553b9428e1ab6c0ee7\0058.png...
2023-07-09 17:47:49,075 - root - DEBUG - extracting E:\Codez\zepp-bip3-wf\223a529d3a2161553b9428e1ab6c0ee7\0059.png...
2023-07-09 17:47:49,091 - root - DEBUG - extracting E:\Codez\zepp-bip3-wf\223a529d3a2161553b9428e1ab6c0ee7\0060.png...
2023-07-09 17:47:49,091 - root - DEBUG - extracting E:\Codez\zepp-bip3-wf\223a529d3a2161553b9428e1ab6c0ee7\0061.png...
2023-07-09 17:47:49,091 - root - DEBUG - extracting E:\Codez\zepp-bip3-wf\223a529d3a2161553b9428e1ab6c0ee7\0062.png...
2023-07-09 17:47:49,091 - root - DEBUG - extracting E:\Codez\zepp-bip3-wf\223a529d3a2161553b9428e1ab6c0ee7\0063.png...
2023-07-09 17:47:49,091 - root - DEBUG - extracting E:\Codez\zepp-bip3-wf\223a529d3a2161553b9428e1ab6c0ee7\0064.png...
2023-07-09 17:47:49,091 - root - DEBUG - extracting E:\Codez\zepp-bip3-wf\223a529d3a2161553b9428e1ab6c0ee7\0065.png...
2023-07-09 17:47:49,091 - root - DEBUG - extracting E:\Codez\zepp-bip3-wf\223a529d3a2161553b9428e1ab6c0ee7\0066.png...
2023-07-09 17:47:49,107 - root - DEBUG - extracting E:\Codez\zepp-bip3-wf\223a529d3a2161553b9428e1ab6c0ee7\0067.png...
2023-07-09 17:47:49,107 - root - DEBUG - extracting E:\Codez\zepp-bip3-wf\223a529d3a2161553b9428e1ab6c0ee7\0068.png...
2023-07-09 17:47:49,107 - root - DEBUG - extracting E:\Codez\zepp-bip3-wf\223a529d3a2161553b9428e1ab6c0ee7\0069.png...
2023-07-09 17:47:49,107 - root - DEBUG - extracting E:\Codez\zepp-bip3-wf\223a529d3a2161553b9428e1ab6c0ee7\0070.png...
2023-07-09 17:47:49,122 - root - DEBUG - extracting E:\Codez\zepp-bip3-wf\223a529d3a2161553b9428e1ab6c0ee7\0071.png...
2023-07-09 17:47:49,122 - root - DEBUG - extracting E:\Codez\zepp-bip3-wf\223a529d3a2161553b9428e1ab6c0ee7\0072.png...
2023-07-09 17:47:49,122 - root - DEBUG - extracting E:\Codez\zepp-bip3-wf\223a529d3a2161553b9428e1ab6c0ee7\0073.png...
2023-07-09 17:47:49,122 - root - DEBUG - extracting E:\Codez\zepp-bip3-wf\223a529d3a2161553b9428e1ab6c0ee7\0074.png...
2023-07-09 17:47:49,122 - root - DEBUG - extracting E:\Codez\zepp-bip3-wf\223a529d3a2161553b9428e1ab6c0ee7\0075.png...
2023-07-09 17:47:49,122 - root - DEBUG - extracting E:\Codez\zepp-bip3-wf\223a529d3a2161553b9428e1ab6c0ee7\0076.png...
2023-07-09 17:47:49,122 - root - DEBUG - extracting E:\Codez\zepp-bip3-wf\223a529d3a2161553b9428e1ab6c0ee7\0077.png...
2023-07-09 17:47:49,138 - root - DEBUG - extracting E:\Codez\zepp-bip3-wf\223a529d3a2161553b9428e1ab6c0ee7\0078.png...
2023-07-09 17:47:49,138 - root - DEBUG - extracting E:\Codez\zepp-bip3-wf\223a529d3a2161553b9428e1ab6c0ee7\0079.png...
2023-07-09 17:47:49,138 - root - DEBUG - extracting E:\Codez\zepp-bip3-wf\223a529d3a2161553b9428e1ab6c0ee7\0080.png...
2023-07-09 17:47:49,138 - root - DEBUG - extracting E:\Codez\zepp-bip3-wf\223a529d3a2161553b9428e1ab6c0ee7\0081.png...
2023-07-09 17:47:49,138 - root - DEBUG - extracting E:\Codez\zepp-bip3-wf\223a529d3a2161553b9428e1ab6c0ee7\0082.png...
2023-07-09 17:47:49,138 - root - DEBUG - extracting E:\Codez\zepp-bip3-wf\223a529d3a2161553b9428e1ab6c0ee7\0083.png...
2023-07-09 17:47:49,138 - root - DEBUG - extracting E:\Codez\zepp-bip3-wf\223a529d3a2161553b9428e1ab6c0ee7\0084.png...
2023-07-09 17:47:49,138 - root - DEBUG - Exporting config...
