2023-01-20 23:17:41,910 - root - DEBUG - Opening watch face 'E:\Codez\zepp-bip3-wf\a61b7a888a80b4dfc1eef6fbdbac4e94.bin'
2023-01-20 23:17:41,910 - root - DEBUG - Reading parameters...
2023-01-20 23:17:41,910 - root - INFO - Reading header...
2023-01-20 23:17:41,910 - root - INFO - Header was read:
2023-01-20 23:17:41,910 - root - INFO - Signature: b'UIHH\x01\x00\xff', Unknown: 82, ParametersSize: 25, isValid: True, deviceId: 71
2023-01-20 23:17:41,915 - root - INFO - Reading parameter offsets...
2023-01-20 23:17:41,915 - root - INFO - Parameter offsets were read from file
2023-01-20 23:17:41,915 - root - INFO - Reading parameters descriptor...
2023-01-20 23:17:41,915 - root - INFO - 1 ( A): 5 bytes
2023-01-20 23:17:41,915 - root - INFO -     1 ( 8): 166 A6
2023-01-20 23:17:41,915 - root - INFO -     2 (10): 43 2B
2023-01-20 23:17:41,915 - root - INFO - getParameters descriptor was read:
2023-01-20 23:17:41,915 - root - INFO - ParametersTableLength: 166, ImagesCount: 43
2023-01-20 23:17:41,920 - root - INFO - Reading parameters locations...
2023-01-20 23:17:41,920 - root - INFO - 2 (12): 4 bytes
2023-01-20 23:17:41,920 - root - INFO -     1 ( 8): 0  0
2023-01-20 23:17:41,920 - root - INFO -     2 (10): 32 20
2023-01-20 23:17:41,920 - root - INFO - 3 (1A): 4 bytes
2023-01-20 23:17:41,925 - root - INFO -     1 ( 8): 32 20
2023-01-20 23:17:41,925 - root - INFO -     2 (10): 52 34
2023-01-20 23:17:41,925 - root - INFO - 5 (2A): 4 bytes
2023-01-20 23:17:41,925 - root - INFO -     1 ( 8): 84 54
2023-01-20 23:17:41,925 - root - INFO -     2 (10): 82 52
2023-01-20 23:17:41,925 - root - INFO - Watch face parameters locations were read:
2023-01-20 23:17:41,930 - root - INFO - Reading descriptor for parameter 2
2023-01-20 23:17:41,930 - root - INFO - Descriptor offset: 0, Descriptor length: 32
2023-01-20 23:17:41,930 - root - INFO - Parsing descriptor for parameter 2...
2023-01-20 23:17:41,930 - root - INFO - 1 ( A): 6 bytes
2023-01-20 23:17:41,930 - root - INFO -     1 ( 8): 0  0
2023-01-20 23:17:41,930 - root - INFO -     2 (10): 0  0
2023-01-20 23:17:41,930 - root - INFO -     3 (18): 0  0
2023-01-20 23:17:41,930 - root - INFO - 3 (1A): 6 bytes
2023-01-20 23:17:41,930 - root - INFO -     1 ( 8): 0  0
2023-01-20 23:17:41,930 - root - INFO -     2 (10): 0  0
2023-01-20 23:17:41,930 - root - INFO -     3 (18): 1  1
2023-01-20 23:17:41,930 - root - INFO - 4 (22): 6 bytes
2023-01-20 23:17:41,935 - root - INFO -     1 ( 8): 0  0
2023-01-20 23:17:41,935 - root - INFO -     2 (10): 0  0
2023-01-20 23:17:41,935 - root - INFO -     3 (18): 1  1
2023-01-20 23:17:41,935 - root - INFO - 5 (2A): 6 bytes
2023-01-20 23:17:41,935 - root - INFO -     1 ( 8): 0  0
2023-01-20 23:17:41,935 - root - INFO -     2 (10): 0  0
2023-01-20 23:17:41,935 - root - INFO -     3 (18): 1  1
2023-01-20 23:17:41,935 - root - INFO - Reading descriptor for parameter 3
2023-01-20 23:17:41,935 - root - INFO - Descriptor offset: 32, Descriptor length: 52
2023-01-20 23:17:41,935 - root - INFO - Parsing descriptor for parameter 3...
2023-01-20 23:17:41,935 - root - INFO - 1 ( A): 50 bytes
2023-01-20 23:17:41,935 - root - INFO -     1 ( A): 20 bytes
2023-01-20 23:17:41,935 - root - INFO -         1 ( A): 8 bytes
2023-01-20 23:17:41,935 - root - INFO -             1 ( 8): 79 4F
2023-01-20 23:17:41,935 - root - INFO -             2 (10): 58 3A
2023-01-20 23:17:41,935 - root - INFO -             3 (18): 2  2
2023-01-20 23:17:41,935 - root - INFO -             4 (20): 10  A
2023-01-20 23:17:41,935 - root - INFO -         2 (12): 8 bytes
2023-01-20 23:17:41,935 - root - INFO -             1 ( 8): 121 79
2023-01-20 23:17:41,935 - root - INFO -             2 (10): 58 3A
2023-01-20 23:17:41,935 - root - INFO -             3 (18): 2  2
2023-01-20 23:17:41,935 - root - INFO -             4 (20): 10  A
2023-01-20 23:17:41,935 - root - INFO -     2 (12): 22 bytes
2023-01-20 23:17:41,935 - root - INFO -         1 ( A): 9 bytes
2023-01-20 23:17:41,935 - root - INFO -             1 ( 8): 73 49
2023-01-20 23:17:41,935 - root - INFO -             2 (10): 161 A1
2023-01-20 23:17:41,935 - root - INFO -             3 (18): 2  2
2023-01-20 23:17:41,935 - root - INFO -             4 (20): 10  A
2023-01-20 23:17:41,940 - root - INFO -         2 (12): 9 bytes
2023-01-20 23:17:41,940 - root - INFO -             1 ( 8): 115 73
2023-01-20 23:17:41,940 - root - INFO -             2 (10): 161 A1
2023-01-20 23:17:41,940 - root - INFO -             3 (18): 2  2
2023-01-20 23:17:41,940 - root - INFO -             4 (20): 10  A
2023-01-20 23:17:41,940 - root - INFO -     7 (38): 0  0
2023-01-20 23:17:41,940 - root - INFO -     8 (40): 1  1
2023-01-20 23:17:41,940 - root - INFO - Reading descriptor for parameter 5
2023-01-20 23:17:41,940 - root - INFO - Descriptor offset: 84, Descriptor length: 82
2023-01-20 23:17:41,940 - root - INFO - Parsing descriptor for parameter 5...
2023-01-20 23:17:41,940 - root - INFO - 1 ( A): 57 bytes
2023-01-20 23:17:41,940 - root - INFO -     9 (4A): 49 bytes
2023-01-20 23:17:41,940 - root - INFO -         3 (1A): 21 bytes
2023-01-20 23:17:41,940 - root - INFO -             1 ( 8): 96 60
2023-01-20 23:17:41,940 - root - INFO -             2 (10): 131 83
2023-01-20 23:17:41,940 - root - INFO -             3 (18): 136 88
2023-01-20 23:17:41,940 - root - INFO -             4 (20): 153 99
2023-01-20 23:17:41,940 - root - INFO -             5 (28): 18 12
2023-01-20 23:17:41,940 - root - INFO -             6 (30): 0  0
2023-01-20 23:17:41,940 - root - INFO -             7 (38): 0  0
2023-01-20 23:17:41,940 - root - INFO -             8 (40): 12  C
2023-01-20 23:17:41,940 - root - INFO -             9 (48): 10  A
2023-01-20 23:17:41,940 - root - INFO -         4 (20): 0  0
2023-01-20 23:17:41,940 - root - INFO -         5 (28): 0  0
2023-01-20 23:17:41,940 - root - INFO -         6 (32): 9 bytes
2023-01-20 23:17:41,940 - root - INFO -             1 ( 8): 8  8
2023-01-20 23:17:41,940 - root - INFO -             2 (10): 131 83
2023-01-20 23:17:41,940 - root - INFO -             3 (18): 22 16
2023-01-20 23:17:41,940 - root - INFO -             4 (20): 12  C
2023-01-20 23:17:41,940 - root - INFO -         7 (3A): 9 bytes
2023-01-20 23:17:41,940 - root - INFO -             1 ( 8): 8  8
2023-01-20 23:17:41,940 - root - INFO -             2 (10): 131 83
2023-01-20 23:17:41,940 - root - INFO -             3 (18): 22 16
2023-01-20 23:17:41,940 - root - INFO -             4 (20): 12  C
2023-01-20 23:17:41,940 - root - INFO -     4 (20): 1  1
2023-01-20 23:17:41,940 - root - INFO -     5 (28): 1  1
2023-01-20 23:17:41,940 - root - INFO -     6 (30): 0  0
2023-01-20 23:17:41,940 - root - INFO - 2 (12): 9 bytes
2023-01-20 23:17:41,940 - root - INFO -     1 ( 8): 165 A5
2023-01-20 23:17:41,940 - root - INFO -     2 (10): 58 3A
2023-01-20 23:17:41,940 - root - INFO -     5 (28): 41 29
2023-01-20 23:17:41,940 - root - INFO -     6 (30): 42 2A
2023-01-20 23:17:41,940 - root - INFO - 4 (22): 10 bytes
2023-01-20 23:17:41,940 - root - INFO -     1 ( 8): 144 90
2023-01-20 23:17:41,940 - root - INFO -     2 (10): 131 83
2023-01-20 23:17:41,940 - root - INFO -     3 (18): 34 22
2023-01-20 23:17:41,940 - root - INFO -     4 (20): 7  7
2023-01-20 23:17:41,946 - root - INFO - Reading resources offsets table with 43 elements (172 bytes)
2023-01-20 23:17:41,946 - root - INFO - Resource 0 offset: 450, length: 134416...
2023-01-20 23:17:41,946 - root - DEBUG - Reading resource 0...
2023-01-20 23:17:41,985 - root - INFO - The image is bmc.
2023-01-20 23:17:41,985 - root - INFO - Reading image header(readHeader16C)...
2023-01-20 23:17:41,985 - root - INFO - Image header was read:
2023-01-20 23:17:41,985 - root - INFO - Width: 240, Height: 280, RowLength: 480
2023-01-20 23:17:41,985 - root - INFO - _step: 2, unknown2: 0,
2023-01-20 23:17:41,985 - root - INFO - BPP: 16, Transparency: False
2023-01-20 23:17:42,284 - root - INFO - Resource 1 offset: 134866, length: 51224...
2023-01-20 23:17:42,284 - root - DEBUG - Reading resource 1...
2023-01-20 23:17:42,284 - root - INFO - The image is bmc.
2023-01-20 23:17:42,284 - root - INFO - Reading image header(readHeader16C)...
2023-01-20 23:17:42,284 - root - INFO - Image header was read:
2023-01-20 23:17:42,284 - root - INFO - Width: 148, Height: 173, RowLength: 296
2023-01-20 23:17:42,284 - root - INFO - _step: 2, unknown2: 0,
2023-01-20 23:17:42,284 - root - INFO - BPP: 16, Transparency: False
2023-01-20 23:17:42,399 - root - INFO - Resource 2 offset: 186090, length: 7576...
2023-01-20 23:17:42,399 - root - DEBUG - Reading resource 2...
2023-01-20 23:17:42,399 - root - INFO - The image is bmc.
2023-01-20 23:17:42,399 - root - INFO - Reading image header(readHeader16C)...
2023-01-20 23:17:42,399 - root - INFO - Image header was read:
2023-01-20 23:17:42,399 - root - INFO - Width: 42, Height: 60, RowLength: 126
2023-01-20 23:17:42,399 - root - INFO - _step: 3, unknown2: 0,
2023-01-20 23:17:42,399 - root - INFO - BPP: 24, Transparency: False
2023-01-20 23:17:42,409 - root - INFO - Resource 3 offset: 193666, length: 7576...
2023-01-20 23:17:42,409 - root - DEBUG - Reading resource 3...
2023-01-20 23:17:42,409 - root - INFO - The image is bmc.
2023-01-20 23:17:42,409 - root - INFO - Reading image header(readHeader16C)...
2023-01-20 23:17:42,409 - root - INFO - Image header was read:
2023-01-20 23:17:42,409 - root - INFO - Width: 42, Height: 60, RowLength: 126
2023-01-20 23:17:42,409 - root - INFO - _step: 3, unknown2: 0,
2023-01-20 23:17:42,409 - root - INFO - BPP: 24, Transparency: False
2023-01-20 23:17:42,425 - root - INFO - Resource 4 offset: 201242, length: 7576...
2023-01-20 23:17:42,425 - root - DEBUG - Reading resource 4...
2023-01-20 23:17:42,425 - root - INFO - The image is bmc.
2023-01-20 23:17:42,425 - root - INFO - Reading image header(readHeader16C)...
2023-01-20 23:17:42,425 - root - INFO - Image header was read:
2023-01-20 23:17:42,425 - root - INFO - Width: 42, Height: 60, RowLength: 126
2023-01-20 23:17:42,425 - root - INFO - _step: 3, unknown2: 0,
2023-01-20 23:17:42,425 - root - INFO - BPP: 24, Transparency: False
2023-01-20 23:17:42,435 - root - INFO - Resource 5 offset: 208818, length: 7576...
2023-01-20 23:17:42,435 - root - DEBUG - Reading resource 5...
2023-01-20 23:17:42,435 - root - INFO - The image is bmc.
2023-01-20 23:17:42,435 - root - INFO - Reading image header(readHeader16C)...
2023-01-20 23:17:42,435 - root - INFO - Image header was read:
2023-01-20 23:17:42,435 - root - INFO - Width: 42, Height: 60, RowLength: 126
2023-01-20 23:17:42,435 - root - INFO - _step: 3, unknown2: 0,
2023-01-20 23:17:42,435 - root - INFO - BPP: 24, Transparency: False
2023-01-20 23:17:42,445 - root - INFO - Resource 6 offset: 216394, length: 7576...
2023-01-20 23:17:42,445 - root - DEBUG - Reading resource 6...
2023-01-20 23:17:42,445 - root - INFO - The image is bmc.
2023-01-20 23:17:42,445 - root - INFO - Reading image header(readHeader16C)...
2023-01-20 23:17:42,445 - root - INFO - Image header was read:
2023-01-20 23:17:42,445 - root - INFO - Width: 42, Height: 60, RowLength: 126
2023-01-20 23:17:42,445 - root - INFO - _step: 3, unknown2: 0,
2023-01-20 23:17:42,445 - root - INFO - BPP: 24, Transparency: False
2023-01-20 23:17:42,457 - root - INFO - Resource 7 offset: 223970, length: 7576...
2023-01-20 23:17:42,457 - root - DEBUG - Reading resource 7...
2023-01-20 23:17:42,457 - root - INFO - The image is bmc.
2023-01-20 23:17:42,457 - root - INFO - Reading image header(readHeader16C)...
2023-01-20 23:17:42,457 - root - INFO - Image header was read:
2023-01-20 23:17:42,457 - root - INFO - Width: 42, Height: 60, RowLength: 126
2023-01-20 23:17:42,457 - root - INFO - _step: 3, unknown2: 0,
2023-01-20 23:17:42,457 - root - INFO - BPP: 24, Transparency: False
2023-01-20 23:17:42,475 - root - INFO - Resource 8 offset: 231546, length: 7576...
2023-01-20 23:17:42,475 - root - DEBUG - Reading resource 8...
2023-01-20 23:17:42,475 - root - INFO - The image is bmc.
2023-01-20 23:17:42,475 - root - INFO - Reading image header(readHeader16C)...
2023-01-20 23:17:42,475 - root - INFO - Image header was read:
2023-01-20 23:17:42,475 - root - INFO - Width: 42, Height: 60, RowLength: 126
2023-01-20 23:17:42,475 - root - INFO - _step: 3, unknown2: 0,
2023-01-20 23:17:42,475 - root - INFO - BPP: 24, Transparency: False
2023-01-20 23:17:42,485 - root - INFO - Resource 9 offset: 239122, length: 7576...
2023-01-20 23:17:42,485 - root - DEBUG - Reading resource 9...
2023-01-20 23:17:42,485 - root - INFO - The image is bmc.
2023-01-20 23:17:42,485 - root - INFO - Reading image header(readHeader16C)...
2023-01-20 23:17:42,485 - root - INFO - Image header was read:
2023-01-20 23:17:42,485 - root - INFO - Width: 42, Height: 60, RowLength: 126
2023-01-20 23:17:42,485 - root - INFO - _step: 3, unknown2: 0,
2023-01-20 23:17:42,485 - root - INFO - BPP: 24, Transparency: False
2023-01-20 23:17:42,495 - root - INFO - Resource 10 offset: 246698, length: 7576...
2023-01-20 23:17:42,495 - root - DEBUG - Reading resource 10...
2023-01-20 23:17:42,495 - root - INFO - The image is bmc.
2023-01-20 23:17:42,495 - root - INFO - Reading image header(readHeader16C)...
2023-01-20 23:17:42,495 - root - INFO - Image header was read:
2023-01-20 23:17:42,495 - root - INFO - Width: 42, Height: 60, RowLength: 126
2023-01-20 23:17:42,495 - root - INFO - _step: 3, unknown2: 0,
2023-01-20 23:17:42,495 - root - INFO - BPP: 24, Transparency: False
2023-01-20 23:17:42,505 - root - INFO - Resource 11 offset: 254274, length: 7576...
2023-01-20 23:17:42,505 - root - DEBUG - Reading resource 11...
2023-01-20 23:17:42,505 - root - INFO - The image is bmc.
2023-01-20 23:17:42,505 - root - INFO - Reading image header(readHeader16C)...
2023-01-20 23:17:42,505 - root - INFO - Image header was read:
2023-01-20 23:17:42,505 - root - INFO - Width: 42, Height: 60, RowLength: 126
2023-01-20 23:17:42,505 - root - INFO - _step: 3, unknown2: 0,
2023-01-20 23:17:42,505 - root - INFO - BPP: 24, Transparency: False
2023-01-20 23:17:42,520 - root - INFO - Resource 12 offset: 261850, length: 1072...
2023-01-20 23:17:42,520 - root - DEBUG - Reading resource 12...
2023-01-20 23:17:42,520 - root - INFO - The image is bmc.
2023-01-20 23:17:42,520 - root - INFO - Reading image header(readHeader16C)...
2023-01-20 23:17:42,520 - root - INFO - Image header was read:
2023-01-20 23:17:42,520 - root - INFO - Width: 16, Height: 22, RowLength: 48
2023-01-20 23:17:42,520 - root - INFO - _step: 3, unknown2: 0,
2023-01-20 23:17:42,520 - root - INFO - BPP: 24, Transparency: False
2023-01-20 23:17:42,520 - root - INFO - Resource 13 offset: 262922, length: 1072...
2023-01-20 23:17:42,520 - root - DEBUG - Reading resource 13...
2023-01-20 23:17:42,520 - root - INFO - The image is bmc.
2023-01-20 23:17:42,520 - root - INFO - Reading image header(readHeader16C)...
2023-01-20 23:17:42,520 - root - INFO - Image header was read:
2023-01-20 23:17:42,520 - root - INFO - Width: 16, Height: 22, RowLength: 48
2023-01-20 23:17:42,520 - root - INFO - _step: 3, unknown2: 0,
2023-01-20 23:17:42,520 - root - INFO - BPP: 24, Transparency: False
2023-01-20 23:17:42,524 - root - INFO - Resource 14 offset: 263994, length: 1072...
2023-01-20 23:17:42,524 - root - DEBUG - Reading resource 14...
2023-01-20 23:17:42,524 - root - INFO - The image is bmc.
2023-01-20 23:17:42,524 - root - INFO - Reading image header(readHeader16C)...
2023-01-20 23:17:42,524 - root - INFO - Image header was read:
2023-01-20 23:17:42,524 - root - INFO - Width: 16, Height: 22, RowLength: 48
2023-01-20 23:17:42,524 - root - INFO - _step: 3, unknown2: 0,
2023-01-20 23:17:42,524 - root - INFO - BPP: 24, Transparency: False
2023-01-20 23:17:42,524 - root - INFO - Resource 15 offset: 265066, length: 1072...
2023-01-20 23:17:42,524 - root - DEBUG - Reading resource 15...
2023-01-20 23:17:42,524 - root - INFO - The image is bmc.
2023-01-20 23:17:42,524 - root - INFO - Reading image header(readHeader16C)...
2023-01-20 23:17:42,524 - root - INFO - Image header was read:
2023-01-20 23:17:42,524 - root - INFO - Width: 16, Height: 22, RowLength: 48
2023-01-20 23:17:42,524 - root - INFO - _step: 3, unknown2: 0,
2023-01-20 23:17:42,524 - root - INFO - BPP: 24, Transparency: False
2023-01-20 23:17:42,524 - root - INFO - Resource 16 offset: 266138, length: 1072...
2023-01-20 23:17:42,529 - root - DEBUG - Reading resource 16...
2023-01-20 23:17:42,529 - root - INFO - The image is bmc.
2023-01-20 23:17:42,529 - root - INFO - Reading image header(readHeader16C)...
2023-01-20 23:17:42,529 - root - INFO - Image header was read:
2023-01-20 23:17:42,529 - root - INFO - Width: 16, Height: 22, RowLength: 48
2023-01-20 23:17:42,529 - root - INFO - _step: 3, unknown2: 0,
2023-01-20 23:17:42,529 - root - INFO - BPP: 24, Transparency: False
2023-01-20 23:17:42,529 - root - INFO - Resource 17 offset: 267210, length: 1072...
2023-01-20 23:17:42,529 - root - DEBUG - Reading resource 17...
2023-01-20 23:17:42,529 - root - INFO - The image is bmc.
2023-01-20 23:17:42,529 - root - INFO - Reading image header(readHeader16C)...
2023-01-20 23:17:42,529 - root - INFO - Image header was read:
2023-01-20 23:17:42,529 - root - INFO - Width: 16, Height: 22, RowLength: 48
2023-01-20 23:17:42,529 - root - INFO - _step: 3, unknown2: 0,
2023-01-20 23:17:42,529 - root - INFO - BPP: 24, Transparency: False
2023-01-20 23:17:42,529 - root - INFO - Resource 18 offset: 268282, length: 1072...
2023-01-20 23:17:42,529 - root - DEBUG - Reading resource 18...
2023-01-20 23:17:42,529 - root - INFO - The image is bmc.
2023-01-20 23:17:42,529 - root - INFO - Reading image header(readHeader16C)...
2023-01-20 23:17:42,529 - root - INFO - Image header was read:
2023-01-20 23:17:42,529 - root - INFO - Width: 16, Height: 22, RowLength: 48
2023-01-20 23:17:42,529 - root - INFO - _step: 3, unknown2: 0,
2023-01-20 23:17:42,529 - root - INFO - BPP: 24, Transparency: False
2023-01-20 23:17:42,534 - root - INFO - Resource 19 offset: 269354, length: 1072...
2023-01-20 23:17:42,534 - root - DEBUG - Reading resource 19...
2023-01-20 23:17:42,534 - root - INFO - The image is bmc.
2023-01-20 23:17:42,534 - root - INFO - Reading image header(readHeader16C)...
2023-01-20 23:17:42,534 - root - INFO - Image header was read:
2023-01-20 23:17:42,534 - root - INFO - Width: 16, Height: 22, RowLength: 48
2023-01-20 23:17:42,534 - root - INFO - _step: 3, unknown2: 0,
2023-01-20 23:17:42,534 - root - INFO - BPP: 24, Transparency: False
2023-01-20 23:17:42,537 - root - INFO - Resource 20 offset: 270426, length: 1072...
2023-01-20 23:17:42,537 - root - DEBUG - Reading resource 20...
2023-01-20 23:17:42,537 - root - INFO - The image is bmc.
2023-01-20 23:17:42,537 - root - INFO - Reading image header(readHeader16C)...
2023-01-20 23:17:42,537 - root - INFO - Image header was read:
2023-01-20 23:17:42,537 - root - INFO - Width: 16, Height: 22, RowLength: 48
2023-01-20 23:17:42,537 - root - INFO - _step: 3, unknown2: 0,
2023-01-20 23:17:42,537 - root - INFO - BPP: 24, Transparency: False
2023-01-20 23:17:42,537 - root - INFO - Resource 21 offset: 271498, length: 1072...
2023-01-20 23:17:42,537 - root - DEBUG - Reading resource 21...
2023-01-20 23:17:42,537 - root - INFO - The image is bmc.
2023-01-20 23:17:42,537 - root - INFO - Reading image header(readHeader16C)...
2023-01-20 23:17:42,537 - root - INFO - Image header was read:
2023-01-20 23:17:42,537 - root - INFO - Width: 16, Height: 22, RowLength: 48
2023-01-20 23:17:42,537 - root - INFO - _step: 3, unknown2: 0,
2023-01-20 23:17:42,537 - root - INFO - BPP: 24, Transparency: False
2023-01-20 23:17:42,537 - root - INFO - Resource 22 offset: 272570, length: 5296...
2023-01-20 23:17:42,537 - root - DEBUG - Reading resource 22...
2023-01-20 23:17:42,537 - root - INFO - The image is bmc.
2023-01-20 23:17:42,537 - root - INFO - Reading image header(readHeader16C)...
2023-01-20 23:17:42,537 - root - INFO - Image header was read:
2023-01-20 23:17:42,537 - root - INFO - Width: 80, Height: 22, RowLength: 240
2023-01-20 23:17:42,537 - root - INFO - _step: 3, unknown2: 0,
2023-01-20 23:17:42,537 - root - INFO - BPP: 24, Transparency: False
2023-01-20 23:17:42,550 - root - INFO - Resource 23 offset: 277866, length: 5296...
2023-01-20 23:17:42,550 - root - DEBUG - Reading resource 23...
2023-01-20 23:17:42,550 - root - INFO - The image is bmc.
2023-01-20 23:17:42,550 - root - INFO - Reading image header(readHeader16C)...
2023-01-20 23:17:42,550 - root - INFO - Image header was read:
2023-01-20 23:17:42,550 - root - INFO - Width: 80, Height: 22, RowLength: 240
2023-01-20 23:17:42,550 - root - INFO - _step: 3, unknown2: 0,
2023-01-20 23:17:42,550 - root - INFO - BPP: 24, Transparency: False
2023-01-20 23:17:42,555 - root - INFO - Resource 24 offset: 283162, length: 5296...
2023-01-20 23:17:42,555 - root - DEBUG - Reading resource 24...
2023-01-20 23:17:42,555 - root - INFO - The image is bmc.
2023-01-20 23:17:42,560 - root - INFO - Reading image header(readHeader16C)...
2023-01-20 23:17:42,560 - root - INFO - Image header was read:
2023-01-20 23:17:42,560 - root - INFO - Width: 80, Height: 22, RowLength: 240
2023-01-20 23:17:42,560 - root - INFO - _step: 3, unknown2: 0,
2023-01-20 23:17:42,560 - root - INFO - BPP: 24, Transparency: False
2023-01-20 23:17:42,565 - root - INFO - Resource 25 offset: 288458, length: 5296...
2023-01-20 23:17:42,565 - root - DEBUG - Reading resource 25...
2023-01-20 23:17:42,565 - root - INFO - The image is bmc.
2023-01-20 23:17:42,565 - root - INFO - Reading image header(readHeader16C)...
2023-01-20 23:17:42,565 - root - INFO - Image header was read:
2023-01-20 23:17:42,565 - root - INFO - Width: 80, Height: 22, RowLength: 240
2023-01-20 23:17:42,565 - root - INFO - _step: 3, unknown2: 0,
2023-01-20 23:17:42,565 - root - INFO - BPP: 24, Transparency: False
2023-01-20 23:17:42,575 - root - INFO - Resource 26 offset: 293754, length: 5296...
2023-01-20 23:17:42,575 - root - DEBUG - Reading resource 26...
2023-01-20 23:17:42,575 - root - INFO - The image is bmc.
2023-01-20 23:17:42,575 - root - INFO - Reading image header(readHeader16C)...
2023-01-20 23:17:42,575 - root - INFO - Image header was read:
2023-01-20 23:17:42,575 - root - INFO - Width: 80, Height: 22, RowLength: 240
2023-01-20 23:17:42,575 - root - INFO - _step: 3, unknown2: 0,
2023-01-20 23:17:42,575 - root - INFO - BPP: 24, Transparency: False
2023-01-20 23:17:42,584 - root - INFO - Resource 27 offset: 299050, length: 5296...
2023-01-20 23:17:42,584 - root - DEBUG - Reading resource 27...
2023-01-20 23:17:42,584 - root - INFO - The image is bmc.
2023-01-20 23:17:42,584 - root - INFO - Reading image header(readHeader16C)...
2023-01-20 23:17:42,584 - root - INFO - Image header was read:
2023-01-20 23:17:42,584 - root - INFO - Width: 80, Height: 22, RowLength: 240
2023-01-20 23:17:42,584 - root - INFO - _step: 3, unknown2: 0,
2023-01-20 23:17:42,584 - root - INFO - BPP: 24, Transparency: False
2023-01-20 23:17:42,589 - root - INFO - Resource 28 offset: 304346, length: 5296...
2023-01-20 23:17:42,589 - root - DEBUG - Reading resource 28...
2023-01-20 23:17:42,589 - root - INFO - The image is bmc.
2023-01-20 23:17:42,589 - root - INFO - Reading image header(readHeader16C)...
2023-01-20 23:17:42,589 - root - INFO - Image header was read:
2023-01-20 23:17:42,589 - root - INFO - Width: 80, Height: 22, RowLength: 240
2023-01-20 23:17:42,589 - root - INFO - _step: 3, unknown2: 0,
2023-01-20 23:17:42,589 - root - INFO - BPP: 24, Transparency: False
2023-01-20 23:17:42,600 - root - INFO - Resource 29 offset: 309642, length: 5296...
2023-01-20 23:17:42,600 - root - DEBUG - Reading resource 29...
2023-01-20 23:17:42,600 - root - INFO - The image is bmc.
2023-01-20 23:17:42,600 - root - INFO - Reading image header(readHeader16C)...
2023-01-20 23:17:42,600 - root - INFO - Image header was read:
2023-01-20 23:17:42,600 - root - INFO - Width: 80, Height: 22, RowLength: 240
2023-01-20 23:17:42,600 - root - INFO - _step: 3, unknown2: 0,
2023-01-20 23:17:42,600 - root - INFO - BPP: 24, Transparency: False
2023-01-20 23:17:42,610 - root - INFO - Resource 30 offset: 314938, length: 5296...
2023-01-20 23:17:42,610 - root - DEBUG - Reading resource 30...
2023-01-20 23:17:42,610 - root - INFO - The image is bmc.
2023-01-20 23:17:42,610 - root - INFO - Reading image header(readHeader16C)...
2023-01-20 23:17:42,610 - root - INFO - Image header was read:
2023-01-20 23:17:42,610 - root - INFO - Width: 80, Height: 22, RowLength: 240
2023-01-20 23:17:42,610 - root - INFO - _step: 3, unknown2: 0,
2023-01-20 23:17:42,610 - root - INFO - BPP: 24, Transparency: False
2023-01-20 23:17:42,616 - root - INFO - Resource 31 offset: 320234, length: 5296...
2023-01-20 23:17:42,616 - root - DEBUG - Reading resource 31...
2023-01-20 23:17:42,616 - root - INFO - The image is bmc.
2023-01-20 23:17:42,616 - root - INFO - Reading image header(readHeader16C)...
2023-01-20 23:17:42,616 - root - INFO - Image header was read:
2023-01-20 23:17:42,616 - root - INFO - Width: 80, Height: 22, RowLength: 240
2023-01-20 23:17:42,616 - root - INFO - _step: 3, unknown2: 0,
2023-01-20 23:17:42,616 - root - INFO - BPP: 24, Transparency: False
2023-01-20 23:17:42,625 - root - INFO - Resource 32 offset: 325530, length: 5296...
2023-01-20 23:17:42,625 - root - DEBUG - Reading resource 32...
2023-01-20 23:17:42,625 - root - INFO - The image is bmc.
2023-01-20 23:17:42,625 - root - INFO - Reading image header(readHeader16C)...
2023-01-20 23:17:42,625 - root - INFO - Image header was read:
2023-01-20 23:17:42,625 - root - INFO - Width: 80, Height: 22, RowLength: 240
2023-01-20 23:17:42,625 - root - INFO - _step: 3, unknown2: 0,
2023-01-20 23:17:42,625 - root - INFO - BPP: 24, Transparency: False
2023-01-20 23:17:42,632 - root - INFO - Resource 33 offset: 330826, length: 5296...
2023-01-20 23:17:42,632 - root - DEBUG - Reading resource 33...
2023-01-20 23:17:42,632 - root - INFO - The image is bmc.
2023-01-20 23:17:42,632 - root - INFO - Reading image header(readHeader16C)...
2023-01-20 23:17:42,632 - root - INFO - Image header was read:
2023-01-20 23:17:42,632 - root - INFO - Width: 80, Height: 22, RowLength: 240
2023-01-20 23:17:42,632 - root - INFO - _step: 3, unknown2: 0,
2023-01-20 23:17:42,632 - root - INFO - BPP: 24, Transparency: False
2023-01-20 23:17:42,640 - root - INFO - Resource 34 offset: 336122, length: 5296...
2023-01-20 23:17:42,640 - root - DEBUG - Reading resource 34...
2023-01-20 23:17:42,640 - root - INFO - The image is bmc.
2023-01-20 23:17:42,640 - root - INFO - Reading image header(readHeader16C)...
2023-01-20 23:17:42,640 - root - INFO - Image header was read:
2023-01-20 23:17:42,640 - root - INFO - Width: 80, Height: 22, RowLength: 240
2023-01-20 23:17:42,640 - root - INFO - _step: 3, unknown2: 0,
2023-01-20 23:17:42,640 - root - INFO - BPP: 24, Transparency: False
2023-01-20 23:17:42,648 - root - INFO - Resource 35 offset: 341418, length: 5296...
2023-01-20 23:17:42,648 - root - DEBUG - Reading resource 35...
2023-01-20 23:17:42,648 - root - INFO - The image is bmc.
2023-01-20 23:17:42,648 - root - INFO - Reading image header(readHeader16C)...
2023-01-20 23:17:42,648 - root - INFO - Image header was read:
2023-01-20 23:17:42,648 - root - INFO - Width: 80, Height: 22, RowLength: 240
2023-01-20 23:17:42,648 - root - INFO - _step: 3, unknown2: 0,
2023-01-20 23:17:42,648 - root - INFO - BPP: 24, Transparency: False
2023-01-20 23:17:42,654 - root - INFO - Resource 36 offset: 346714, length: 5296...
2023-01-20 23:17:42,654 - root - DEBUG - Reading resource 36...
2023-01-20 23:17:42,654 - root - INFO - The image is bmc.
2023-01-20 23:17:42,654 - root - INFO - Reading image header(readHeader16C)...
2023-01-20 23:17:42,654 - root - INFO - Image header was read:
2023-01-20 23:17:42,654 - root - INFO - Width: 80, Height: 22, RowLength: 240
2023-01-20 23:17:42,654 - root - INFO - _step: 3, unknown2: 0,
2023-01-20 23:17:42,654 - root - INFO - BPP: 24, Transparency: False
2023-01-20 23:17:42,664 - root - INFO - Resource 37 offset: 352010, length: 5296...
2023-01-20 23:17:42,664 - root - DEBUG - Reading resource 37...
2023-01-20 23:17:42,664 - root - INFO - The image is bmc.
2023-01-20 23:17:42,664 - root - INFO - Reading image header(readHeader16C)...
2023-01-20 23:17:42,664 - root - INFO - Image header was read:
2023-01-20 23:17:42,664 - root - INFO - Width: 80, Height: 22, RowLength: 240
2023-01-20 23:17:42,664 - root - INFO - _step: 3, unknown2: 0,
2023-01-20 23:17:42,664 - root - INFO - BPP: 24, Transparency: False
2023-01-20 23:17:42,664 - root - INFO - Resource 38 offset: 357306, length: 5296...
2023-01-20 23:17:42,664 - root - DEBUG - Reading resource 38...
2023-01-20 23:17:42,664 - root - INFO - The image is bmc.
2023-01-20 23:17:42,664 - root - INFO - Reading image header(readHeader16C)...
2023-01-20 23:17:42,664 - root - INFO - Image header was read:
2023-01-20 23:17:42,664 - root - INFO - Width: 80, Height: 22, RowLength: 240
2023-01-20 23:17:42,664 - root - INFO - _step: 3, unknown2: 0,
2023-01-20 23:17:42,664 - root - INFO - BPP: 24, Transparency: False
2023-01-20 23:17:42,682 - root - INFO - Resource 39 offset: 362602, length: 5296...
2023-01-20 23:17:42,682 - root - DEBUG - Reading resource 39...
2023-01-20 23:17:42,682 - root - INFO - The image is bmc.
2023-01-20 23:17:42,682 - root - INFO - Reading image header(readHeader16C)...
2023-01-20 23:17:42,682 - root - INFO - Image header was read:
2023-01-20 23:17:42,682 - root - INFO - Width: 80, Height: 22, RowLength: 240
2023-01-20 23:17:42,682 - root - INFO - _step: 3, unknown2: 0,
2023-01-20 23:17:42,682 - root - INFO - BPP: 24, Transparency: False
2023-01-20 23:17:42,685 - root - INFO - Resource 40 offset: 367898, length: 5296...
2023-01-20 23:17:42,685 - root - DEBUG - Reading resource 40...
2023-01-20 23:17:42,685 - root - INFO - The image is bmc.
2023-01-20 23:17:42,685 - root - INFO - Reading image header(readHeader16C)...
2023-01-20 23:17:42,685 - root - INFO - Image header was read:
2023-01-20 23:17:42,685 - root - INFO - Width: 80, Height: 22, RowLength: 240
2023-01-20 23:17:42,685 - root - INFO - _step: 3, unknown2: 0,
2023-01-20 23:17:42,685 - root - INFO - BPP: 24, Transparency: False
2023-01-20 23:17:42,697 - root - INFO - Resource 41 offset: 373194, length: 2416...
2023-01-20 23:17:42,697 - root - DEBUG - Reading resource 41...
2023-01-20 23:17:42,697 - root - INFO - The image is bmc.
2023-01-20 23:17:42,697 - root - INFO - Reading image header(readHeader16C)...
2023-01-20 23:17:42,697 - root - INFO - Image header was read:
2023-01-20 23:17:42,697 - root - INFO - Width: 40, Height: 20, RowLength: 120
2023-01-20 23:17:42,697 - root - INFO - _step: 3, unknown2: 0,
2023-01-20 23:17:42,697 - root - INFO - BPP: 24, Transparency: False
2023-01-20 23:17:42,697 - root - INFO - Resource 42 offset: 375610, length: 2416...
2023-01-20 23:17:42,697 - root - DEBUG - Reading resource 42...
2023-01-20 23:17:42,697 - root - INFO - The image is bmc.
2023-01-20 23:17:42,697 - root - INFO - Reading image header(readHeader16C)...
2023-01-20 23:17:42,697 - root - INFO - Image header was read:
2023-01-20 23:17:42,697 - root - INFO - Width: 40, Height: 20, RowLength: 120
2023-01-20 23:17:42,697 - root - INFO - _step: 3, unknown2: 0,
2023-01-20 23:17:42,697 - root - INFO - BPP: 24, Transparency: False
2023-01-20 23:17:42,705 - root - DEBUG - Parsing parameters...
2023-01-20 23:17:42,776 - root - DEBUG - 0 Value: None
2023-01-20 23:17:42,776 - root - DEBUG - 0.1 Value: 71
2023-01-20 23:17:42,776 - root - DEBUG - 2 Value: None
2023-01-20 23:17:42,776 - root - DEBUG - 2.1 Value: None
2023-01-20 23:17:42,776 - root - DEBUG - 2.1.1 Value: 0
2023-01-20 23:17:42,776 - root - DEBUG - 2.1.2 Value: 0
2023-01-20 23:17:42,776 - root - DEBUG - 2.1.3 Value: 0
2023-01-20 23:17:42,776 - root - DEBUG - 2.3 Value: None
2023-01-20 23:17:42,776 - root - DEBUG - 2.3.1 Value: 0
2023-01-20 23:17:42,776 - root - DEBUG - 2.3.2 Value: 0
2023-01-20 23:17:42,776 - root - DEBUG - 2.3.3 Value: 1
2023-01-20 23:17:42,776 - root - DEBUG - 2.4 Value: None
2023-01-20 23:17:42,776 - root - DEBUG - 2.4.1 Value: 0
2023-01-20 23:17:42,776 - root - DEBUG - 2.4.2 Value: 0
2023-01-20 23:17:42,776 - root - DEBUG - 2.4.3 Value: 1
2023-01-20 23:17:42,776 - root - DEBUG - 2.5 Value: None
2023-01-20 23:17:42,776 - root - DEBUG - 2.5.1 Value: 0
2023-01-20 23:17:42,776 - root - DEBUG - 2.5.2 Value: 0
2023-01-20 23:17:42,776 - root - DEBUG - 2.5.3 Value: 1
2023-01-20 23:17:42,776 - root - DEBUG - 3 Value: None
2023-01-20 23:17:42,776 - root - DEBUG - 3.1 Value: None
2023-01-20 23:17:42,776 - root - DEBUG - 3.1.1 Value: None
2023-01-20 23:17:42,776 - root - DEBUG - 3.1.1.1 Value: None
2023-01-20 23:17:42,776 - root - DEBUG - 3.1.1.1.1 Value: 79
2023-01-20 23:17:42,776 - root - DEBUG - 3.1.1.1.2 Value: 58
2023-01-20 23:17:42,776 - root - DEBUG - 3.1.1.1.3 Value: 2
2023-01-20 23:17:42,776 - root - DEBUG - 3.1.1.1.4 Value: 10
2023-01-20 23:17:42,776 - root - DEBUG - 3.1.1.2 Value: None
2023-01-20 23:17:42,776 - root - DEBUG - 3.1.1.2.1 Value: 121
2023-01-20 23:17:42,776 - root - DEBUG - 3.1.1.2.2 Value: 58
2023-01-20 23:17:42,776 - root - DEBUG - 3.1.1.2.3 Value: 2
2023-01-20 23:17:42,776 - root - DEBUG - 3.1.1.2.4 Value: 10
2023-01-20 23:17:42,776 - root - DEBUG - 3.1.2 Value: None
2023-01-20 23:17:42,776 - root - DEBUG - 3.1.2.1 Value: None
2023-01-20 23:17:42,776 - root - DEBUG - 3.1.2.1.1 Value: 73
2023-01-20 23:17:42,776 - root - DEBUG - 3.1.2.1.2 Value: 161
2023-01-20 23:17:42,776 - root - DEBUG - 3.1.2.1.3 Value: 2
2023-01-20 23:17:42,782 - root - DEBUG - 3.1.2.1.4 Value: 10
2023-01-20 23:17:42,782 - root - DEBUG - 3.1.2.2 Value: None
2023-01-20 23:17:42,782 - root - DEBUG - 3.1.2.2.1 Value: 115
2023-01-20 23:17:42,782 - root - DEBUG - 3.1.2.2.2 Value: 161
2023-01-20 23:17:42,782 - root - DEBUG - 3.1.2.2.3 Value: 2
2023-01-20 23:17:42,782 - root - DEBUG - 3.1.2.2.4 Value: 10
2023-01-20 23:17:42,782 - root - DEBUG - 3.1.7 Value: 0
2023-01-20 23:17:42,782 - root - DEBUG - 3.1.8 Value: 1
2023-01-20 23:17:42,782 - root - DEBUG - 5 Value: None
2023-01-20 23:17:42,782 - root - DEBUG - 5.1 Value: None
2023-01-20 23:17:42,782 - root - DEBUG - 5.1.9 Value: None
2023-01-20 23:17:42,782 - root - DEBUG - 5.1.9.3 Value: None
2023-01-20 23:17:42,782 - root - DEBUG - 5.1.9.3.1 Value: 96
2023-01-20 23:17:42,782 - root - DEBUG - 5.1.9.3.2 Value: 131
2023-01-20 23:17:42,782 - root - DEBUG - 5.1.9.3.3 Value: 136
2023-01-20 23:17:42,782 - root - DEBUG - 5.1.9.3.4 Value: 153
2023-01-20 23:17:42,782 - root - DEBUG - 5.1.9.3.5 Value: 18
2023-01-20 23:17:42,782 - root - DEBUG - 5.1.9.3.6 Value: 0
2023-01-20 23:17:42,782 - root - DEBUG - 5.1.9.3.7 Value: 0
2023-01-20 23:17:42,782 - root - DEBUG - 5.1.9.3.8 Value: 12
2023-01-20 23:17:42,782 - root - DEBUG - 5.1.9.3.9 Value: 10
2023-01-20 23:17:42,782 - root - DEBUG - 5.1.9.4 Value: 0
2023-01-20 23:17:42,782 - root - DEBUG - 5.1.9.5 Value: 0
2023-01-20 23:17:42,782 - root - DEBUG - 5.1.9.6 Value: None
2023-01-20 23:17:42,782 - root - DEBUG - 5.1.9.6.1 Value: 8
2023-01-20 23:17:42,782 - root - DEBUG - 5.1.9.6.2 Value: 131
2023-01-20 23:17:42,782 - root - DEBUG - 5.1.9.6.3 Value: 22
2023-01-20 23:17:42,782 - root - DEBUG - 5.1.9.6.4 Value: 12
2023-01-20 23:17:42,782 - root - DEBUG - 5.1.9.7 Value: None
2023-01-20 23:17:42,782 - root - DEBUG - 5.1.9.7.1 Value: 8
2023-01-20 23:17:42,784 - root - DEBUG - 5.1.9.7.2 Value: 131
2023-01-20 23:17:42,784 - root - DEBUG - 5.1.9.7.3 Value: 22
2023-01-20 23:17:42,784 - root - DEBUG - 5.1.9.7.4 Value: 12
2023-01-20 23:17:42,784 - root - DEBUG - 5.1.4 Value: 1
2023-01-20 23:17:42,784 - root - DEBUG - 5.1.5 Value: 1
2023-01-20 23:17:42,784 - root - DEBUG - 5.1.6 Value: 0
2023-01-20 23:17:42,784 - root - DEBUG - 5.2 Value: None
2023-01-20 23:17:42,784 - root - DEBUG - 5.2.1 Value: 165
2023-01-20 23:17:42,784 - root - DEBUG - 5.2.2 Value: 58
2023-01-20 23:17:42,784 - root - DEBUG - 5.2.5 Value: 41
2023-01-20 23:17:42,784 - root - DEBUG - 5.2.6 Value: 42
2023-01-20 23:17:42,784 - root - DEBUG - 5.4 Value: None
2023-01-20 23:17:42,784 - root - DEBUG - 5.4.1 Value: 144
2023-01-20 23:17:42,784 - root - DEBUG - 5.4.2 Value: 131
2023-01-20 23:17:42,784 - root - DEBUG - 5.4.3 Value: 34
2023-01-20 23:17:42,784 - root - DEBUG - 5.4.4 Value: 7
2023-01-20 23:17:42,784 - root - DEBUG - 0-Info
2023-01-20 23:17:42,784 - root - DEBUG - 0.1-DeviceId
2023-01-20 23:17:42,784 - root - DEBUG - 2-Background
2023-01-20 23:17:42,784 - root - DEBUG - 2.1-Image
2023-01-20 23:17:42,784 - root - DEBUG - 2.1.1-X
2023-01-20 23:17:42,784 - root - DEBUG - 2.1.2-Y
2023-01-20 23:17:42,784 - root - DEBUG - 2.1.3-ImageIndex
2023-01-20 23:17:42,784 - root - DEBUG - 2.3-Preview
2023-01-20 23:17:42,784 - root - DEBUG - 2.3.1-X
2023-01-20 23:17:42,784 - root - DEBUG - 2.3.2-Y
2023-01-20 23:17:42,784 - root - DEBUG - 2.3.3-ImageIndex
2023-01-20 23:17:42,784 - root - DEBUG - 2.4-PreviewTradChinese
2023-01-20 23:17:42,784 - root - DEBUG - 2.4.1-X
2023-01-20 23:17:42,784 - root - DEBUG - 2.4.2-Y
2023-01-20 23:17:42,784 - root - DEBUG - 2.4.3-ImageIndex
2023-01-20 23:17:42,784 - root - DEBUG - 2.5-PreviewChinese
2023-01-20 23:17:42,784 - root - DEBUG - 2.5.1-X
2023-01-20 23:17:42,784 - root - DEBUG - 2.5.2-Y
2023-01-20 23:17:42,784 - root - DEBUG - 2.5.3-ImageIndex
2023-01-20 23:17:42,784 - root - DEBUG - 3-TimeExtended
2023-01-20 23:17:42,784 - root - DEBUG - 3.1-TimeSeparateDigits
2023-01-20 23:17:42,784 - root - DEBUG - 3.1.1-Hours
2023-01-20 23:17:42,784 - root - DEBUG - 3.1.1.1-Tens
2023-01-20 23:17:42,784 - root - DEBUG - 3.1.1.1.1-X
2023-01-20 23:17:42,784 - root - DEBUG - 3.1.1.1.2-Y
2023-01-20 23:17:42,784 - root - DEBUG - 3.1.1.1.3-ImageIndex
2023-01-20 23:17:42,784 - root - DEBUG - 3.1.1.1.4-ImagesCount
2023-01-20 23:17:42,784 - root - DEBUG - 3.1.1.2-Ones
2023-01-20 23:17:42,784 - root - DEBUG - 3.1.1.2.1-X
2023-01-20 23:17:42,784 - root - DEBUG - 3.1.1.2.2-Y
2023-01-20 23:17:42,784 - root - DEBUG - 3.1.1.2.3-ImageIndex
2023-01-20 23:17:42,789 - root - DEBUG - 3.1.1.2.4-ImagesCount
2023-01-20 23:17:42,789 - root - DEBUG - 3.1.2-Minutes
2023-01-20 23:17:42,789 - root - DEBUG - 3.1.2.1-Tens
2023-01-20 23:17:42,789 - root - DEBUG - 3.1.2.1.1-X
2023-01-20 23:17:42,789 - root - DEBUG - 3.1.2.1.2-Y
2023-01-20 23:17:42,789 - root - DEBUG - 3.1.2.1.3-ImageIndex
2023-01-20 23:17:42,789 - root - DEBUG - 3.1.2.1.4-ImagesCount
2023-01-20 23:17:42,789 - root - DEBUG - 3.1.2.2-Ones
2023-01-20 23:17:42,789 - root - DEBUG - 3.1.2.2.1-X
2023-01-20 23:17:42,789 - root - DEBUG - 3.1.2.2.2-Y
2023-01-20 23:17:42,789 - root - DEBUG - 3.1.2.2.3-ImageIndex
2023-01-20 23:17:42,789 - root - DEBUG - 3.1.2.2.4-ImagesCount
2023-01-20 23:17:42,789 - root - DEBUG - 3.1.7-PaddingZeroHours
2023-01-20 23:17:42,789 - root - DEBUG - 3.1.8-PaddingZeroMinutes
2023-01-20 23:17:42,789 - root - DEBUG - 5-DateBlock
2023-01-20 23:17:42,789 - root - DEBUG - 5.1-Date
2023-01-20 23:17:42,789 - root - DEBUG - 5.1.9-YearMonthAndDay
2023-01-20 23:17:42,789 - root - DEBUG - 5.1.9.3-Day
2023-01-20 23:17:42,789 - root - DEBUG - 5.1.9.3.1-TopLeftX
2023-01-20 23:17:42,792 - root - DEBUG - 5.1.9.3.2-TopLeftY
2023-01-20 23:17:42,792 - root - DEBUG - 5.1.9.3.3-BottomRightX
2023-01-20 23:17:42,792 - root - DEBUG - 5.1.9.3.4-BottomRightY
2023-01-20 23:17:42,792 - root - DEBUG - 5.1.9.3.5-Alignment
2023-01-20 23:17:42,792 - root - DEBUG - 5.1.9.3.6-Spacing
2023-01-20 23:17:42,792 - root - DEBUG - 5.1.9.3.7-VerticalOffset
2023-01-20 23:17:42,792 - root - DEBUG - 5.1.9.3.8-ImageIndex
2023-01-20 23:17:42,792 - root - DEBUG - 5.1.9.3.9-ImagesCount
2023-01-20 23:17:42,792 - root - DEBUG - 5.1.9.4-MonthFollowsYear
2023-01-20 23:17:42,792 - root - DEBUG - 5.1.9.5-DayFollowsMonth
2023-01-20 23:17:42,792 - root - DEBUG - 5.1.9.6-MonthAsWord
2023-01-20 23:17:42,792 - root - DEBUG - 5.1.9.6.1-X
2023-01-20 23:17:42,792 - root - DEBUG - 5.1.9.6.2-Y
2023-01-20 23:17:42,792 - root - DEBUG - 5.1.9.6.3-ImageIndex
2023-01-20 23:17:42,792 - root - DEBUG - 5.1.9.6.4-ImagesCount
2023-01-20 23:17:42,792 - root - DEBUG - 5.1.9.7-MonthAsWordChinese
2023-01-20 23:17:42,792 - root - DEBUG - 5.1.9.7.1-X
2023-01-20 23:17:42,792 - root - DEBUG - 5.1.9.7.2-Y
2023-01-20 23:17:42,792 - root - DEBUG - 5.1.9.7.3-ImageIndex
2023-01-20 23:17:42,792 - root - DEBUG - 5.1.9.7.4-ImagesCount
2023-01-20 23:17:42,794 - root - DEBUG - 5.1.4-PaddingZeroMonth
2023-01-20 23:17:42,794 - root - DEBUG - 5.1.5-PaddingZeroDay
2023-01-20 23:17:42,794 - root - DEBUG - 5.1.6-UnknownBoolean6
2023-01-20 23:17:42,794 - root - DEBUG - 5.2-AmPm
2023-01-20 23:17:42,794 - root - DEBUG - 5.2.1-CommonX
2023-01-20 23:17:42,794 - root - DEBUG - 5.2.2-CommonY
2023-01-20 23:17:42,794 - root - DEBUG - 5.2.5-AmImageIndexEN
2023-01-20 23:17:42,794 - root - DEBUG - 5.2.6-PmImageIndexEN
2023-01-20 23:17:42,794 - root - DEBUG - 5.4-Weekday
2023-01-20 23:17:42,794 - root - DEBUG - 5.4.1-X
2023-01-20 23:17:42,794 - root - DEBUG - 5.4.2-Y
2023-01-20 23:17:42,794 - root - DEBUG - 5.4.3-ImageIndex
2023-01-20 23:17:42,794 - root - DEBUG - 5.4.4-ImagesCount
2023-01-20 23:17:42,794 - root - DEBUG - generatePreviews
2023-01-20 23:17:42,794 - root - DEBUG - Generating previews...
2023-01-20 23:17:42,794 - root - DEBUG - Generating states done...
2023-01-20 23:17:42,804 - root - DEBUG - >>>>>>>>>>>> 0 <watchFaceParser.models.parameter.Parameter object at 0x000001D72309E220>
2023-01-20 23:17:42,804 - root - DEBUG - >>>>>>>>>>>> 2 <watchFaceParser.models.parameter.Parameter object at 0x000001D723096D90>
2023-01-20 23:17:42,808 - root - DEBUG - >>>>>>>>>>>> 3 <watchFaceParser.models.parameter.Parameter object at 0x000001D72309B130>
2023-01-20 23:17:42,814 - root - DEBUG - >>>>>>>>>>>> 5 <watchFaceParser.models.parameter.Parameter object at 0x000001D72309C0A0>
2023-01-20 23:17:42,824 - root - DEBUG - Generating static preview gen done...
2023-01-20 23:17:42,894 - root - DEBUG - Generating static preview save done...
2023-01-20 23:17:42,894 - root - DEBUG - Generating anim preview gen done...
2023-01-20 23:17:42,894 - root - DEBUG - >>>>>>>>>>>> 0 <watchFaceParser.models.parameter.Parameter object at 0x000001D72309E220>
2023-01-20 23:17:42,894 - root - DEBUG - >>>>>>>>>>>> 2 <watchFaceParser.models.parameter.Parameter object at 0x000001D723096D90>
2023-01-20 23:17:42,894 - root - DEBUG - >>>>>>>>>>>> 3 <watchFaceParser.models.parameter.Parameter object at 0x000001D72309B130>
2023-01-20 23:17:42,894 - root - DEBUG - >>>>>>>>>>>> 5 <watchFaceParser.models.parameter.Parameter object at 0x000001D72309C0A0>
2023-01-20 23:17:43,005 - root - DEBUG - generatePreviews done
2023-01-20 23:17:43,005 - root - DEBUG - Exporting resources to 'E:\Codez\zepp-bip3-wf\a61b7a888a80b4dfc1eef6fbdbac4e94'
2023-01-20 23:17:43,005 - root - DEBUG - extracting E:\Codez\zepp-bip3-wf\a61b7a888a80b4dfc1eef6fbdbac4e94\0000.png...
2023-01-20 23:17:43,055 - root - DEBUG - extracting E:\Codez\zepp-bip3-wf\a61b7a888a80b4dfc1eef6fbdbac4e94\0001.png...
2023-01-20 23:17:43,065 - root - DEBUG - extracting E:\Codez\zepp-bip3-wf\a61b7a888a80b4dfc1eef6fbdbac4e94\0002.png...
2023-01-20 23:17:43,065 - root - DEBUG - extracting E:\Codez\zepp-bip3-wf\a61b7a888a80b4dfc1eef6fbdbac4e94\0003.png...
2023-01-20 23:17:43,065 - root - DEBUG - extracting E:\Codez\zepp-bip3-wf\a61b7a888a80b4dfc1eef6fbdbac4e94\0004.png...
2023-01-20 23:17:43,065 - root - DEBUG - extracting E:\Codez\zepp-bip3-wf\a61b7a888a80b4dfc1eef6fbdbac4e94\0005.png...
2023-01-20 23:17:43,065 - root - DEBUG - extracting E:\Codez\zepp-bip3-wf\a61b7a888a80b4dfc1eef6fbdbac4e94\0006.png...
2023-01-20 23:17:43,065 - root - DEBUG - extracting E:\Codez\zepp-bip3-wf\a61b7a888a80b4dfc1eef6fbdbac4e94\0007.png...
2023-01-20 23:17:43,065 - root - DEBUG - extracting E:\Codez\zepp-bip3-wf\a61b7a888a80b4dfc1eef6fbdbac4e94\0008.png...
2023-01-20 23:17:43,065 - root - DEBUG - extracting E:\Codez\zepp-bip3-wf\a61b7a888a80b4dfc1eef6fbdbac4e94\0009.png...
2023-01-20 23:17:43,074 - root - DEBUG - extracting E:\Codez\zepp-bip3-wf\a61b7a888a80b4dfc1eef6fbdbac4e94\0010.png...
2023-01-20 23:17:43,074 - root - DEBUG - extracting E:\Codez\zepp-bip3-wf\a61b7a888a80b4dfc1eef6fbdbac4e94\0011.png...
2023-01-20 23:17:43,074 - root - DEBUG - extracting E:\Codez\zepp-bip3-wf\a61b7a888a80b4dfc1eef6fbdbac4e94\0012.png...
2023-01-20 23:17:43,078 - root - DEBUG - extracting E:\Codez\zepp-bip3-wf\a61b7a888a80b4dfc1eef6fbdbac4e94\0013.png...
2023-01-20 23:17:43,078 - root - DEBUG - extracting E:\Codez\zepp-bip3-wf\a61b7a888a80b4dfc1eef6fbdbac4e94\0014.png...
2023-01-20 23:17:43,078 - root - DEBUG - extracting E:\Codez\zepp-bip3-wf\a61b7a888a80b4dfc1eef6fbdbac4e94\0015.png...
2023-01-20 23:17:43,078 - root - DEBUG - extracting E:\Codez\zepp-bip3-wf\a61b7a888a80b4dfc1eef6fbdbac4e94\0016.png...
2023-01-20 23:17:43,078 - root - DEBUG - extracting E:\Codez\zepp-bip3-wf\a61b7a888a80b4dfc1eef6fbdbac4e94\0017.png...
2023-01-20 23:17:43,082 - root - DEBUG - extracting E:\Codez\zepp-bip3-wf\a61b7a888a80b4dfc1eef6fbdbac4e94\0018.png...
2023-01-20 23:17:43,082 - root - DEBUG - extracting E:\Codez\zepp-bip3-wf\a61b7a888a80b4dfc1eef6fbdbac4e94\0019.png...
2023-01-20 23:17:43,082 - root - DEBUG - extracting E:\Codez\zepp-bip3-wf\a61b7a888a80b4dfc1eef6fbdbac4e94\0020.png...
2023-01-20 23:17:43,085 - root - DEBUG - extracting E:\Codez\zepp-bip3-wf\a61b7a888a80b4dfc1eef6fbdbac4e94\0021.png...
2023-01-20 23:17:43,085 - root - DEBUG - extracting E:\Codez\zepp-bip3-wf\a61b7a888a80b4dfc1eef6fbdbac4e94\0022.png...
2023-01-20 23:17:43,085 - root - DEBUG - extracting E:\Codez\zepp-bip3-wf\a61b7a888a80b4dfc1eef6fbdbac4e94\0023.png...
2023-01-20 23:17:43,085 - root - DEBUG - extracting E:\Codez\zepp-bip3-wf\a61b7a888a80b4dfc1eef6fbdbac4e94\0024.png...
2023-01-20 23:17:43,085 - root - DEBUG - extracting E:\Codez\zepp-bip3-wf\a61b7a888a80b4dfc1eef6fbdbac4e94\0025.png...
2023-01-20 23:17:43,090 - root - DEBUG - extracting E:\Codez\zepp-bip3-wf\a61b7a888a80b4dfc1eef6fbdbac4e94\0026.png...
2023-01-20 23:17:43,090 - root - DEBUG - extracting E:\Codez\zepp-bip3-wf\a61b7a888a80b4dfc1eef6fbdbac4e94\0027.png...
2023-01-20 23:17:43,090 - root - DEBUG - extracting E:\Codez\zepp-bip3-wf\a61b7a888a80b4dfc1eef6fbdbac4e94\0028.png...
2023-01-20 23:17:43,090 - root - DEBUG - extracting E:\Codez\zepp-bip3-wf\a61b7a888a80b4dfc1eef6fbdbac4e94\0029.png...
2023-01-20 23:17:43,090 - root - DEBUG - extracting E:\Codez\zepp-bip3-wf\a61b7a888a80b4dfc1eef6fbdbac4e94\0030.png...
2023-01-20 23:17:43,095 - root - DEBUG - extracting E:\Codez\zepp-bip3-wf\a61b7a888a80b4dfc1eef6fbdbac4e94\0031.png...
2023-01-20 23:17:43,095 - root - DEBUG - extracting E:\Codez\zepp-bip3-wf\a61b7a888a80b4dfc1eef6fbdbac4e94\0032.png...
2023-01-20 23:17:43,095 - root - DEBUG - extracting E:\Codez\zepp-bip3-wf\a61b7a888a80b4dfc1eef6fbdbac4e94\0033.png...
2023-01-20 23:17:43,095 - root - DEBUG - extracting E:\Codez\zepp-bip3-wf\a61b7a888a80b4dfc1eef6fbdbac4e94\0034.png...
2023-01-20 23:17:43,100 - root - DEBUG - extracting E:\Codez\zepp-bip3-wf\a61b7a888a80b4dfc1eef6fbdbac4e94\0035.png...
2023-01-20 23:17:43,100 - root - DEBUG - extracting E:\Codez\zepp-bip3-wf\a61b7a888a80b4dfc1eef6fbdbac4e94\0036.png...
2023-01-20 23:17:43,100 - root - DEBUG - extracting E:\Codez\zepp-bip3-wf\a61b7a888a80b4dfc1eef6fbdbac4e94\0037.png...
2023-01-20 23:17:43,100 - root - DEBUG - extracting E:\Codez\zepp-bip3-wf\a61b7a888a80b4dfc1eef6fbdbac4e94\0038.png...
2023-01-20 23:17:43,105 - root - DEBUG - extracting E:\Codez\zepp-bip3-wf\a61b7a888a80b4dfc1eef6fbdbac4e94\0039.png...
2023-01-20 23:17:43,105 - root - DEBUG - extracting E:\Codez\zepp-bip3-wf\a61b7a888a80b4dfc1eef6fbdbac4e94\0040.png...
2023-01-20 23:17:43,105 - root - DEBUG - extracting E:\Codez\zepp-bip3-wf\a61b7a888a80b4dfc1eef6fbdbac4e94\0041.png...
2023-01-20 23:17:43,105 - root - DEBUG - extracting E:\Codez\zepp-bip3-wf\a61b7a888a80b4dfc1eef6fbdbac4e94\0042.png...
2023-01-20 23:17:43,105 - root - DEBUG - Exporting config...
