2023-01-20 23:17:57,187 - root - DEBUG - Opening watch face 'E:\Codez\zepp-bip3-wf\d61b544cec31a57d76ede2f107361854.bin'
2023-01-20 23:17:57,187 - root - DEBUG - Reading parameters...
2023-01-20 23:17:57,187 - root - INFO - Reading header...
2023-01-20 23:17:57,187 - root - INFO - Header was read:
2023-01-20 23:17:57,187 - root - INFO - Signature: b'UIHH\x01\x00\xff', Unknown: 84, ParametersSize: 54, isValid: True, deviceId: 71
2023-01-20 23:17:57,187 - root - INFO - Reading parameter offsets...
2023-01-20 23:17:57,187 - root - INFO - Parameter offsets were read from file
2023-01-20 23:17:57,187 - root - INFO - Reading parameters descriptor...
2023-01-20 23:17:57,187 - root - INFO - 1 ( A): 5 bytes
2023-01-20 23:17:57,187 - root - INFO -     1 ( 8): 237 ED
2023-01-20 23:17:57,187 - root - INFO -     2 (10): 87 57
2023-01-20 23:17:57,187 - root - INFO - getParameters descriptor was read:
2023-01-20 23:17:57,187 - root - INFO - ParametersTableLength: 237, ImagesCount: 87
2023-01-20 23:17:57,187 - root - INFO - Reading parameters locations...
2023-01-20 23:17:57,187 - root - INFO - 2 (12): 4 bytes
2023-01-20 23:17:57,187 - root - INFO -     1 ( 8): 0  0
2023-01-20 23:17:57,187 - root - INFO -     2 (10): 32 20
2023-01-20 23:17:57,187 - root - INFO - 3 (1A): 4 bytes
2023-01-20 23:17:57,187 - root - INFO -     1 ( 8): 32 20
2023-01-20 23:17:57,195 - root - INFO -     2 (10): 77 4D
2023-01-20 23:17:57,195 - root - INFO - 5 (2A): 4 bytes
2023-01-20 23:17:57,195 - root - INFO -     1 ( 8): 109 6D
2023-01-20 23:17:57,195 - root - INFO -     2 (10): 84 54
2023-01-20 23:17:57,195 - root - INFO - 7 (3A): 5 bytes
2023-01-20 23:17:57,195 - root - INFO -     1 ( 8): 193 C1
2023-01-20 23:17:57,195 - root - INFO -     2 (10): 10  A
2023-01-20 23:17:57,195 - root - INFO - 9 (4A): 5 bytes
2023-01-20 23:17:57,195 - root - INFO -     1 ( 8): 214 D6
2023-01-20 23:17:57,195 - root - INFO -     2 (10): 11  B
2023-01-20 23:17:57,195 - root - INFO - 12 (62): 5 bytes
2023-01-20 23:17:57,195 - root - INFO -     1 ( 8): 203 CB
2023-01-20 23:17:57,195 - root - INFO -     2 (10): 11  B
2023-01-20 23:17:57,195 - root - INFO - 23 (BA): 5 bytes
2023-01-20 23:17:57,195 - root - INFO -     1 ( 8): 225 E1
2023-01-20 23:17:57,195 - root - INFO -     2 (10): 12  C
2023-01-20 23:17:57,195 - root - INFO - Watch face parameters locations were read:
2023-01-20 23:17:57,195 - root - INFO - Reading descriptor for parameter 2
2023-01-20 23:17:57,195 - root - INFO - Descriptor offset: 0, Descriptor length: 32
2023-01-20 23:17:57,195 - root - INFO - Parsing descriptor for parameter 2...
2023-01-20 23:17:57,195 - root - INFO - 1 ( A): 6 bytes
2023-01-20 23:17:57,195 - root - INFO -     1 ( 8): 0  0
2023-01-20 23:17:57,195 - root - INFO -     2 (10): 0  0
2023-01-20 23:17:57,195 - root - INFO -     3 (18): 2  2
2023-01-20 23:17:57,195 - root - INFO - 3 (1A): 6 bytes
2023-01-20 23:17:57,195 - root - INFO -     1 ( 8): 0  0
2023-01-20 23:17:57,195 - root - INFO -     2 (10): 0  0
2023-01-20 23:17:57,195 - root - INFO -     3 (18): 1  1
2023-01-20 23:17:57,195 - root - INFO - 4 (22): 6 bytes
2023-01-20 23:17:57,195 - root - INFO -     1 ( 8): 0  0
2023-01-20 23:17:57,195 - root - INFO -     2 (10): 0  0
2023-01-20 23:17:57,195 - root - INFO -     3 (18): 0  0
2023-01-20 23:17:57,195 - root - INFO - 5 (2A): 6 bytes
2023-01-20 23:17:57,195 - root - INFO -     1 ( 8): 0  0
2023-01-20 23:17:57,195 - root - INFO -     2 (10): 0  0
2023-01-20 23:17:57,195 - root - INFO -     3 (18): 0  0
2023-01-20 23:17:57,195 - root - INFO - Reading descriptor for parameter 3
2023-01-20 23:17:57,195 - root - INFO - Descriptor offset: 32, Descriptor length: 77
2023-01-20 23:17:57,195 - root - INFO - Parsing descriptor for parameter 3...
2023-01-20 23:17:57,195 - root - INFO - 1 ( A): 75 bytes
2023-01-20 23:17:57,195 - root - INFO -     1 ( A): 20 bytes
2023-01-20 23:17:57,195 - root - INFO -         1 ( A): 8 bytes
2023-01-20 23:17:57,195 - root - INFO -             1 ( 8): 62 3E
2023-01-20 23:17:57,195 - root - INFO -             2 (10): 69 45
2023-01-20 23:17:57,195 - root - INFO -             3 (18): 3  3
2023-01-20 23:17:57,195 - root - INFO -             4 (20): 10  A
2023-01-20 23:17:57,195 - root - INFO -         2 (12): 8 bytes
2023-01-20 23:17:57,195 - root - INFO -             1 ( 8): 109 6D
2023-01-20 23:17:57,195 - root - INFO -             2 (10): 69 45
2023-01-20 23:17:57,195 - root - INFO -             3 (18): 3  3
2023-01-20 23:17:57,195 - root - INFO -             4 (20): 10  A
2023-01-20 23:17:57,195 - root - INFO -     2 (12): 23 bytes
2023-01-20 23:17:57,195 - root - INFO -         1 ( A): 9 bytes
2023-01-20 23:17:57,195 - root - INFO -             1 ( 8): 85 55
2023-01-20 23:17:57,195 - root - INFO -             2 (10): 139 8B
2023-01-20 23:17:57,195 - root - INFO -             3 (18): 3  3
2023-01-20 23:17:57,195 - root - INFO -             4 (20): 10  A
2023-01-20 23:17:57,195 - root - INFO -         2 (12): 10 bytes
2023-01-20 23:17:57,195 - root - INFO -             1 ( 8): 132 84
2023-01-20 23:17:57,195 - root - INFO -             2 (10): 139 8B
2023-01-20 23:17:57,195 - root - INFO -             3 (18): 3  3
2023-01-20 23:17:57,195 - root - INFO -             4 (20): 10  A
2023-01-20 23:17:57,195 - root - INFO -     3 (1A): 22 bytes
2023-01-20 23:17:57,195 - root - INFO -         1 ( A): 9 bytes
2023-01-20 23:17:57,195 - root - INFO -             1 ( 8): 168 A8
2023-01-20 23:17:57,195 - root - INFO -             2 (10): 115 73
2023-01-20 23:17:57,195 - root - INFO -             3 (18): 13  D
2023-01-20 23:17:57,195 - root - INFO -             4 (20): 10  A
2023-01-20 23:17:57,195 - root - INFO -         2 (12): 9 bytes
2023-01-20 23:17:57,195 - root - INFO -             1 ( 8): 182 B6
2023-01-20 23:17:57,195 - root - INFO -             2 (10): 115 73
2023-01-20 23:17:57,195 - root - INFO -             3 (18): 13  D
2023-01-20 23:17:57,195 - root - INFO -             4 (20): 10  A
2023-01-20 23:17:57,195 - root - INFO -     7 (38): 0  0
2023-01-20 23:17:57,195 - root - INFO -     8 (40): 1  1
2023-01-20 23:17:57,195 - root - INFO - Reading descriptor for parameter 5
2023-01-20 23:17:57,195 - root - INFO - Descriptor offset: 109, Descriptor length: 84
2023-01-20 23:17:57,195 - root - INFO - Parsing descriptor for parameter 5...
2023-01-20 23:17:57,195 - root - INFO - 1 ( A): 34 bytes
2023-01-20 23:17:57,195 - root - INFO -     9 (4A): 26 bytes
2023-01-20 23:17:57,195 - root - INFO -         3 (1A): 20 bytes
2023-01-20 23:17:57,195 - root - INFO -             1 ( 8): 57 39
2023-01-20 23:17:57,195 - root - INFO -             2 (10): 163 A3
2023-01-20 23:17:57,195 - root - INFO -             3 (18): 75 4B
2023-01-20 23:17:57,203 - root - INFO -             4 (20): 177 B1
2023-01-20 23:17:57,203 - root - INFO -             5 (28): 72 48
2023-01-20 23:17:57,203 - root - INFO -             6 (30): 0  0
2023-01-20 23:17:57,203 - root - INFO -             7 (38): 0  0
2023-01-20 23:17:57,203 - root - INFO -             8 (40): 23 17
2023-01-20 23:17:57,203 - root - INFO -             9 (48): 10  A
2023-01-20 23:17:57,203 - root - INFO -         4 (20): 0  0
2023-01-20 23:17:57,203 - root - INFO -         5 (28): 0  0
2023-01-20 23:17:57,203 - root - INFO -     4 (20): 1  1
2023-01-20 23:17:57,203 - root - INFO -     5 (28): 1  1
2023-01-20 23:17:57,203 - root - INFO -     6 (30): 0  0
2023-01-20 23:17:57,203 - root - INFO - 2 (12): 13 bytes
2023-01-20 23:17:57,203 - root - INFO -     1 ( 8): 156 9C
2023-01-20 23:17:57,203 - root - INFO -     2 (10): 72 48
2023-01-20 23:17:57,203 - root - INFO -     3 (18): 47 2F
2023-01-20 23:17:57,203 - root - INFO -     4 (20): 48 30
2023-01-20 23:17:57,203 - root - INFO -     5 (28): 49 31
2023-01-20 23:17:57,203 - root - INFO -     6 (30): 50 32
2023-01-20 23:17:57,203 - root - INFO - 4 (22): 9 bytes
2023-01-20 23:17:57,203 - root - INFO -     1 ( 8): 34 22
2023-01-20 23:17:57,205 - root - INFO -     2 (10): 142 8E
2023-01-20 23:17:57,205 - root - INFO -     3 (18): 33 21
2023-01-20 23:17:57,205 - root - INFO -     4 (20): 7  7
2023-01-20 23:17:57,205 - root - INFO - 5 (2A): 9 bytes
2023-01-20 23:17:57,205 - root - INFO -     1 ( 8): 34 22
2023-01-20 23:17:57,205 - root - INFO -     2 (10): 142 8E
2023-01-20 23:17:57,205 - root - INFO -     3 (18): 40 28
2023-01-20 23:17:57,205 - root - INFO -     4 (20): 7  7
2023-01-20 23:17:57,205 - root - INFO - 6 (32): 9 bytes
2023-01-20 23:17:57,205 - root - INFO -     1 ( 8): 34 22
2023-01-20 23:17:57,205 - root - INFO -     2 (10): 142 8E
2023-01-20 23:17:57,205 - root - INFO -     3 (18): 40 28
2023-01-20 23:17:57,205 - root - INFO -     4 (20): 7  7
2023-01-20 23:17:57,205 - root - INFO - Reading descriptor for parameter 7
2023-01-20 23:17:57,205 - root - INFO - Descriptor offset: 193, Descriptor length: 10
2023-01-20 23:17:57,205 - root - INFO - Parsing descriptor for parameter 7...
2023-01-20 23:17:57,205 - root - INFO - 2 (12): 8 bytes
2023-01-20 23:17:57,205 - root - INFO -     1 ( 8): 31 1F
2023-01-20 23:17:57,205 - root - INFO -     2 (10): 14  E
2023-01-20 23:17:57,205 - root - INFO -     3 (18): 51 33
2023-01-20 23:17:57,205 - root - INFO -     4 (20): 9  9
2023-01-20 23:17:57,205 - root - INFO - Reading descriptor for parameter 9
2023-01-20 23:17:57,205 - root - INFO - Descriptor offset: 214, Descriptor length: 11
2023-01-20 23:17:57,205 - root - INFO - Parsing descriptor for parameter 9...
2023-01-20 23:17:57,205 - root - INFO - 2 (12): 9 bytes
2023-01-20 23:17:57,205 - root - INFO -     1 ( 8): 141 8D
2023-01-20 23:17:57,205 - root - INFO -     2 (10): 14  E
2023-01-20 23:17:57,205 - root - INFO -     3 (18): 69 45
2023-01-20 23:17:57,205 - root - INFO -     4 (20): 9  9
2023-01-20 23:17:57,205 - root - INFO - Reading descriptor for parameter 12
2023-01-20 23:17:57,205 - root - INFO - Descriptor offset: 203, Descriptor length: 11
2023-01-20 23:17:57,209 - root - INFO - Parsing descriptor for parameter 12...
2023-01-20 23:17:57,209 - root - INFO - 2 (12): 9 bytes
2023-01-20 23:17:57,209 - root - INFO -     1 ( 8): 31 1F
2023-01-20 23:17:57,209 - root - INFO -     2 (10): 222 DE
2023-01-20 23:17:57,209 - root - INFO -     3 (18): 60 3C
2023-01-20 23:17:57,209 - root - INFO -     4 (20): 9  9
2023-01-20 23:17:57,209 - root - INFO - Reading descriptor for parameter 23
2023-01-20 23:17:57,209 - root - INFO - Descriptor offset: 225, Descriptor length: 12
2023-01-20 23:17:57,209 - root - INFO - Parsing descriptor for parameter 23...
2023-01-20 23:17:57,209 - root - INFO - 2 (12): 10 bytes
2023-01-20 23:17:57,209 - root - INFO -     1 ( 8): 141 8D
2023-01-20 23:17:57,209 - root - INFO -     2 (10): 222 DE
2023-01-20 23:17:57,209 - root - INFO -     3 (18): 78 4E
2023-01-20 23:17:57,209 - root - INFO -     4 (20): 9  9
2023-01-20 23:17:57,209 - root - INFO - Reading resources offsets table with 87 elements (348 bytes)
2023-01-20 23:17:57,209 - root - INFO - Resource 0 offset: 726, length: 51224...
2023-01-20 23:17:57,209 - root - DEBUG - Reading resource 0...
2023-01-20 23:17:57,245 - root - INFO - The image is bmc.
2023-01-20 23:17:57,245 - root - INFO - Reading image header(readHeader16C)...
2023-01-20 23:17:57,245 - root - INFO - Image header was read:
2023-01-20 23:17:57,245 - root - INFO - Width: 148, Height: 173, RowLength: 296
2023-01-20 23:17:57,245 - root - INFO - _step: 2, unknown2: 0,
2023-01-20 23:17:57,245 - root - INFO - BPP: 16, Transparency: False
2023-01-20 23:17:57,346 - root - INFO - Resource 1 offset: 51950, length: 51224...
2023-01-20 23:17:57,346 - root - DEBUG - Reading resource 1...
2023-01-20 23:17:57,346 - root - INFO - The image is bmc.
2023-01-20 23:17:57,346 - root - INFO - Reading image header(readHeader16C)...
2023-01-20 23:17:57,346 - root - INFO - Image header was read:
2023-01-20 23:17:57,346 - root - INFO - Width: 148, Height: 173, RowLength: 296
2023-01-20 23:17:57,346 - root - INFO - _step: 2, unknown2: 0,
2023-01-20 23:17:57,346 - root - INFO - BPP: 16, Transparency: False
2023-01-20 23:17:57,455 - root - INFO - Resource 2 offset: 103174, length: 201616...
2023-01-20 23:17:57,455 - root - DEBUG - Reading resource 2...
2023-01-20 23:17:57,455 - root - INFO - The image is bmc.
2023-01-20 23:17:57,455 - root - INFO - Reading image header(readHeader16C)...
2023-01-20 23:17:57,455 - root - INFO - Image header was read:
2023-01-20 23:17:57,455 - root - INFO - Width: 240, Height: 280, RowLength: 720
2023-01-20 23:17:57,455 - root - INFO - _step: 3, unknown2: 0,
2023-01-20 23:17:57,455 - root - INFO - BPP: 24, Transparency: False
2023-01-20 23:17:57,765 - root - INFO - Resource 3 offset: 304790, length: 9745...
2023-01-20 23:17:57,765 - root - DEBUG - Reading resource 3...
2023-01-20 23:17:57,765 - root - INFO - The image is bmc.
2023-01-20 23:17:57,765 - root - INFO - Reading image header(readHeader16C)...
2023-01-20 23:17:57,765 - root - INFO - Image header was read:
2023-01-20 23:17:57,765 - root - INFO - Width: 47, Height: 69, RowLength: 141
2023-01-20 23:17:57,765 - root - INFO - _step: 3, unknown2: 0,
2023-01-20 23:17:57,765 - root - INFO - BPP: 24, Transparency: False
2023-01-20 23:17:57,785 - root - INFO - Resource 4 offset: 314535, length: 9745...
2023-01-20 23:17:57,785 - root - DEBUG - Reading resource 4...
2023-01-20 23:17:57,785 - root - INFO - The image is bmc.
2023-01-20 23:17:57,785 - root - INFO - Reading image header(readHeader16C)...
2023-01-20 23:17:57,785 - root - INFO - Image header was read:
2023-01-20 23:17:57,785 - root - INFO - Width: 47, Height: 69, RowLength: 141
2023-01-20 23:17:57,785 - root - INFO - _step: 3, unknown2: 0,
2023-01-20 23:17:57,785 - root - INFO - BPP: 24, Transparency: False
2023-01-20 23:17:57,795 - root - INFO - Resource 5 offset: 324280, length: 9745...
2023-01-20 23:17:57,795 - root - DEBUG - Reading resource 5...
2023-01-20 23:17:57,795 - root - INFO - The image is bmc.
2023-01-20 23:17:57,795 - root - INFO - Reading image header(readHeader16C)...
2023-01-20 23:17:57,795 - root - INFO - Image header was read:
2023-01-20 23:17:57,795 - root - INFO - Width: 47, Height: 69, RowLength: 141
2023-01-20 23:17:57,795 - root - INFO - _step: 3, unknown2: 0,
2023-01-20 23:17:57,795 - root - INFO - BPP: 24, Transparency: False
2023-01-20 23:17:57,809 - root - INFO - Resource 6 offset: 334025, length: 9745...
2023-01-20 23:17:57,809 - root - DEBUG - Reading resource 6...
2023-01-20 23:17:57,809 - root - INFO - The image is bmc.
2023-01-20 23:17:57,809 - root - INFO - Reading image header(readHeader16C)...
2023-01-20 23:17:57,809 - root - INFO - Image header was read:
2023-01-20 23:17:57,809 - root - INFO - Width: 47, Height: 69, RowLength: 141
2023-01-20 23:17:57,809 - root - INFO - _step: 3, unknown2: 0,
2023-01-20 23:17:57,809 - root - INFO - BPP: 24, Transparency: False
2023-01-20 23:17:57,825 - root - INFO - Resource 7 offset: 343770, length: 9745...
2023-01-20 23:17:57,825 - root - DEBUG - Reading resource 7...
2023-01-20 23:17:57,825 - root - INFO - The image is bmc.
2023-01-20 23:17:57,825 - root - INFO - Reading image header(readHeader16C)...
2023-01-20 23:17:57,825 - root - INFO - Image header was read:
2023-01-20 23:17:57,825 - root - INFO - Width: 47, Height: 69, RowLength: 141
2023-01-20 23:17:57,825 - root - INFO - _step: 3, unknown2: 0,
2023-01-20 23:17:57,825 - root - INFO - BPP: 24, Transparency: False
2023-01-20 23:17:57,838 - root - INFO - Resource 8 offset: 353515, length: 9745...
2023-01-20 23:17:57,838 - root - DEBUG - Reading resource 8...
2023-01-20 23:17:57,838 - root - INFO - The image is bmc.
2023-01-20 23:17:57,838 - root - INFO - Reading image header(readHeader16C)...
2023-01-20 23:17:57,838 - root - INFO - Image header was read:
2023-01-20 23:17:57,838 - root - INFO - Width: 47, Height: 69, RowLength: 141
2023-01-20 23:17:57,838 - root - INFO - _step: 3, unknown2: 0,
2023-01-20 23:17:57,838 - root - INFO - BPP: 24, Transparency: False
2023-01-20 23:17:57,845 - root - INFO - Resource 9 offset: 363260, length: 9745...
2023-01-20 23:17:57,845 - root - DEBUG - Reading resource 9...
2023-01-20 23:17:57,845 - root - INFO - The image is bmc.
2023-01-20 23:17:57,845 - root - INFO - Reading image header(readHeader16C)...
2023-01-20 23:17:57,845 - root - INFO - Image header was read:
2023-01-20 23:17:57,845 - root - INFO - Width: 47, Height: 69, RowLength: 141
2023-01-20 23:17:57,845 - root - INFO - _step: 3, unknown2: 0,
2023-01-20 23:17:57,845 - root - INFO - BPP: 24, Transparency: False
2023-01-20 23:17:57,865 - root - INFO - Resource 10 offset: 373005, length: 9745...
2023-01-20 23:17:57,865 - root - DEBUG - Reading resource 10...
2023-01-20 23:17:57,865 - root - INFO - The image is bmc.
2023-01-20 23:17:57,865 - root - INFO - Reading image header(readHeader16C)...
2023-01-20 23:17:57,865 - root - INFO - Image header was read:
2023-01-20 23:17:57,865 - root - INFO - Width: 47, Height: 69, RowLength: 141
2023-01-20 23:17:57,865 - root - INFO - _step: 3, unknown2: 0,
2023-01-20 23:17:57,865 - root - INFO - BPP: 24, Transparency: False
2023-01-20 23:17:57,886 - root - INFO - Resource 11 offset: 382750, length: 9745...
2023-01-20 23:17:57,886 - root - DEBUG - Reading resource 11...
2023-01-20 23:17:57,886 - root - INFO - The image is bmc.
2023-01-20 23:17:57,886 - root - INFO - Reading image header(readHeader16C)...
2023-01-20 23:17:57,886 - root - INFO - Image header was read:
2023-01-20 23:17:57,886 - root - INFO - Width: 47, Height: 69, RowLength: 141
2023-01-20 23:17:57,886 - root - INFO - _step: 3, unknown2: 0,
2023-01-20 23:17:57,886 - root - INFO - BPP: 24, Transparency: False
2023-01-20 23:17:57,902 - root - INFO - Resource 12 offset: 392495, length: 9745...
2023-01-20 23:17:57,902 - root - DEBUG - Reading resource 12...
2023-01-20 23:17:57,902 - root - INFO - The image is bmc.
2023-01-20 23:17:57,902 - root - INFO - Reading image header(readHeader16C)...
2023-01-20 23:17:57,902 - root - INFO - Image header was read:
2023-01-20 23:17:57,902 - root - INFO - Width: 47, Height: 69, RowLength: 141
2023-01-20 23:17:57,902 - root - INFO - _step: 3, unknown2: 0,
2023-01-20 23:17:57,902 - root - INFO - BPP: 24, Transparency: False
2023-01-20 23:17:57,915 - root - INFO - Resource 13 offset: 402240, length: 835...
2023-01-20 23:17:57,915 - root - DEBUG - Reading resource 13...
2023-01-20 23:17:57,915 - root - INFO - The image is bmc.
2023-01-20 23:17:57,915 - root - INFO - Reading image header(readHeader16C)...
2023-01-20 23:17:57,915 - root - INFO - Image header was read:
2023-01-20 23:17:57,915 - root - INFO - Width: 13, Height: 21, RowLength: 39
2023-01-20 23:17:57,915 - root - INFO - _step: 3, unknown2: 0,
2023-01-20 23:17:57,915 - root - INFO - BPP: 24, Transparency: False
2023-01-20 23:17:57,918 - root - INFO - Resource 14 offset: 403075, length: 835...
2023-01-20 23:17:57,918 - root - DEBUG - Reading resource 14...
2023-01-20 23:17:57,918 - root - INFO - The image is bmc.
2023-01-20 23:17:57,918 - root - INFO - Reading image header(readHeader16C)...
2023-01-20 23:17:57,918 - root - INFO - Image header was read:
2023-01-20 23:17:57,918 - root - INFO - Width: 13, Height: 21, RowLength: 39
2023-01-20 23:17:57,918 - root - INFO - _step: 3, unknown2: 0,
2023-01-20 23:17:57,918 - root - INFO - BPP: 24, Transparency: False
2023-01-20 23:17:57,918 - root - INFO - Resource 15 offset: 403910, length: 835...
2023-01-20 23:17:57,918 - root - DEBUG - Reading resource 15...
2023-01-20 23:17:57,918 - root - INFO - The image is bmc.
2023-01-20 23:17:57,918 - root - INFO - Reading image header(readHeader16C)...
2023-01-20 23:17:57,918 - root - INFO - Image header was read:
2023-01-20 23:17:57,918 - root - INFO - Width: 13, Height: 21, RowLength: 39
2023-01-20 23:17:57,918 - root - INFO - _step: 3, unknown2: 0,
2023-01-20 23:17:57,918 - root - INFO - BPP: 24, Transparency: False
2023-01-20 23:17:57,918 - root - INFO - Resource 16 offset: 404745, length: 835...
2023-01-20 23:17:57,918 - root - DEBUG - Reading resource 16...
2023-01-20 23:17:57,918 - root - INFO - The image is bmc.
2023-01-20 23:17:57,918 - root - INFO - Reading image header(readHeader16C)...
2023-01-20 23:17:57,918 - root - INFO - Image header was read:
2023-01-20 23:17:57,918 - root - INFO - Width: 13, Height: 21, RowLength: 39
2023-01-20 23:17:57,918 - root - INFO - _step: 3, unknown2: 0,
2023-01-20 23:17:57,918 - root - INFO - BPP: 24, Transparency: False
2023-01-20 23:17:57,918 - root - INFO - Resource 17 offset: 405580, length: 835...
2023-01-20 23:17:57,918 - root - DEBUG - Reading resource 17...
2023-01-20 23:17:57,918 - root - INFO - The image is bmc.
2023-01-20 23:17:57,918 - root - INFO - Reading image header(readHeader16C)...
2023-01-20 23:17:57,918 - root - INFO - Image header was read:
2023-01-20 23:17:57,925 - root - INFO - Width: 13, Height: 21, RowLength: 39
2023-01-20 23:17:57,925 - root - INFO - _step: 3, unknown2: 0,
2023-01-20 23:17:57,925 - root - INFO - BPP: 24, Transparency: False
2023-01-20 23:17:57,925 - root - INFO - Resource 18 offset: 406415, length: 835...
2023-01-20 23:17:57,925 - root - DEBUG - Reading resource 18...
2023-01-20 23:17:57,925 - root - INFO - The image is bmc.
2023-01-20 23:17:57,925 - root - INFO - Reading image header(readHeader16C)...
2023-01-20 23:17:57,925 - root - INFO - Image header was read:
2023-01-20 23:17:57,925 - root - INFO - Width: 13, Height: 21, RowLength: 39
2023-01-20 23:17:57,925 - root - INFO - _step: 3, unknown2: 0,
2023-01-20 23:17:57,925 - root - INFO - BPP: 24, Transparency: False
2023-01-20 23:17:57,925 - root - INFO - Resource 19 offset: 407250, length: 835...
2023-01-20 23:17:57,925 - root - DEBUG - Reading resource 19...
2023-01-20 23:17:57,925 - root - INFO - The image is bmc.
2023-01-20 23:17:57,925 - root - INFO - Reading image header(readHeader16C)...
2023-01-20 23:17:57,925 - root - INFO - Image header was read:
2023-01-20 23:17:57,925 - root - INFO - Width: 13, Height: 21, RowLength: 39
2023-01-20 23:17:57,925 - root - INFO - _step: 3, unknown2: 0,
2023-01-20 23:17:57,925 - root - INFO - BPP: 24, Transparency: False
2023-01-20 23:17:57,925 - root - INFO - Resource 20 offset: 408085, length: 835...
2023-01-20 23:17:57,925 - root - DEBUG - Reading resource 20...
2023-01-20 23:17:57,925 - root - INFO - The image is bmc.
2023-01-20 23:17:57,925 - root - INFO - Reading image header(readHeader16C)...
2023-01-20 23:17:57,925 - root - INFO - Image header was read:
2023-01-20 23:17:57,925 - root - INFO - Width: 13, Height: 21, RowLength: 39
2023-01-20 23:17:57,925 - root - INFO - _step: 3, unknown2: 0,
2023-01-20 23:17:57,925 - root - INFO - BPP: 24, Transparency: False
2023-01-20 23:17:57,925 - root - INFO - Resource 21 offset: 408920, length: 835...
2023-01-20 23:17:57,925 - root - DEBUG - Reading resource 21...
2023-01-20 23:17:57,925 - root - INFO - The image is bmc.
2023-01-20 23:17:57,925 - root - INFO - Reading image header(readHeader16C)...
2023-01-20 23:17:57,925 - root - INFO - Image header was read:
2023-01-20 23:17:57,925 - root - INFO - Width: 13, Height: 21, RowLength: 39
2023-01-20 23:17:57,925 - root - INFO - _step: 3, unknown2: 0,
2023-01-20 23:17:57,925 - root - INFO - BPP: 24, Transparency: False
2023-01-20 23:17:57,925 - root - INFO - Resource 22 offset: 409755, length: 835...
2023-01-20 23:17:57,925 - root - DEBUG - Reading resource 22...
2023-01-20 23:17:57,925 - root - INFO - The image is bmc.
2023-01-20 23:17:57,925 - root - INFO - Reading image header(readHeader16C)...
2023-01-20 23:17:57,925 - root - INFO - Image header was read:
2023-01-20 23:17:57,925 - root - INFO - Width: 13, Height: 21, RowLength: 39
2023-01-20 23:17:57,925 - root - INFO - _step: 3, unknown2: 0,
2023-01-20 23:17:57,925 - root - INFO - BPP: 24, Transparency: False
2023-01-20 23:17:57,935 - root - INFO - Resource 23 offset: 410590, length: 394...
2023-01-20 23:17:57,935 - root - DEBUG - Reading resource 23...
2023-01-20 23:17:57,935 - root - INFO - The image is bmc.
2023-01-20 23:17:57,935 - root - INFO - Reading image header(readHeader16C)...
2023-01-20 23:17:57,935 - root - INFO - Image header was read:
2023-01-20 23:17:57,935 - root - INFO - Width: 9, Height: 14, RowLength: 27
2023-01-20 23:17:57,935 - root - INFO - _step: 3, unknown2: 0,
2023-01-20 23:17:57,935 - root - INFO - BPP: 24, Transparency: False
2023-01-20 23:17:57,935 - root - INFO - Resource 24 offset: 410984, length: 394...
2023-01-20 23:17:57,935 - root - DEBUG - Reading resource 24...
2023-01-20 23:17:57,935 - root - INFO - The image is bmc.
2023-01-20 23:17:57,935 - root - INFO - Reading image header(readHeader16C)...
2023-01-20 23:17:57,935 - root - INFO - Image header was read:
2023-01-20 23:17:57,935 - root - INFO - Width: 9, Height: 14, RowLength: 27
2023-01-20 23:17:57,935 - root - INFO - _step: 3, unknown2: 0,
2023-01-20 23:17:57,935 - root - INFO - BPP: 24, Transparency: False
2023-01-20 23:17:57,935 - root - INFO - Resource 25 offset: 411378, length: 394...
2023-01-20 23:17:57,935 - root - DEBUG - Reading resource 25...
2023-01-20 23:17:57,935 - root - INFO - The image is bmc.
2023-01-20 23:17:57,935 - root - INFO - Reading image header(readHeader16C)...
2023-01-20 23:17:57,935 - root - INFO - Image header was read:
2023-01-20 23:17:57,935 - root - INFO - Width: 9, Height: 14, RowLength: 27
2023-01-20 23:17:57,935 - root - INFO - _step: 3, unknown2: 0,
2023-01-20 23:17:57,935 - root - INFO - BPP: 24, Transparency: False
2023-01-20 23:17:57,935 - root - INFO - Resource 26 offset: 411772, length: 394...
2023-01-20 23:17:57,935 - root - DEBUG - Reading resource 26...
2023-01-20 23:17:57,935 - root - INFO - The image is bmc.
2023-01-20 23:17:57,935 - root - INFO - Reading image header(readHeader16C)...
2023-01-20 23:17:57,935 - root - INFO - Image header was read:
2023-01-20 23:17:57,935 - root - INFO - Width: 9, Height: 14, RowLength: 27
2023-01-20 23:17:57,935 - root - INFO - _step: 3, unknown2: 0,
2023-01-20 23:17:57,935 - root - INFO - BPP: 24, Transparency: False
2023-01-20 23:17:57,935 - root - INFO - Resource 27 offset: 412166, length: 394...
2023-01-20 23:17:57,935 - root - DEBUG - Reading resource 27...
2023-01-20 23:17:57,935 - root - INFO - The image is bmc.
2023-01-20 23:17:57,935 - root - INFO - Reading image header(readHeader16C)...
2023-01-20 23:17:57,935 - root - INFO - Image header was read:
2023-01-20 23:17:57,935 - root - INFO - Width: 9, Height: 14, RowLength: 27
2023-01-20 23:17:57,935 - root - INFO - _step: 3, unknown2: 0,
2023-01-20 23:17:57,935 - root - INFO - BPP: 24, Transparency: False
2023-01-20 23:17:57,935 - root - INFO - Resource 28 offset: 412560, length: 394...
2023-01-20 23:17:57,935 - root - DEBUG - Reading resource 28...
2023-01-20 23:17:57,935 - root - INFO - The image is bmc.
2023-01-20 23:17:57,935 - root - INFO - Reading image header(readHeader16C)...
2023-01-20 23:17:57,935 - root - INFO - Image header was read:
2023-01-20 23:17:57,935 - root - INFO - Width: 9, Height: 14, RowLength: 27
2023-01-20 23:17:57,935 - root - INFO - _step: 3, unknown2: 0,
2023-01-20 23:17:57,935 - root - INFO - BPP: 24, Transparency: False
2023-01-20 23:17:57,935 - root - INFO - Resource 29 offset: 412954, length: 394...
2023-01-20 23:17:57,935 - root - DEBUG - Reading resource 29...
2023-01-20 23:17:57,935 - root - INFO - The image is bmc.
2023-01-20 23:17:57,935 - root - INFO - Reading image header(readHeader16C)...
2023-01-20 23:17:57,935 - root - INFO - Image header was read:
2023-01-20 23:17:57,935 - root - INFO - Width: 9, Height: 14, RowLength: 27
2023-01-20 23:17:57,935 - root - INFO - _step: 3, unknown2: 0,
2023-01-20 23:17:57,935 - root - INFO - BPP: 24, Transparency: False
2023-01-20 23:17:57,935 - root - INFO - Resource 30 offset: 413348, length: 394...
2023-01-20 23:17:57,935 - root - DEBUG - Reading resource 30...
2023-01-20 23:17:57,935 - root - INFO - The image is bmc.
2023-01-20 23:17:57,935 - root - INFO - Reading image header(readHeader16C)...
2023-01-20 23:17:57,935 - root - INFO - Image header was read:
2023-01-20 23:17:57,935 - root - INFO - Width: 9, Height: 14, RowLength: 27
2023-01-20 23:17:57,935 - root - INFO - _step: 3, unknown2: 0,
2023-01-20 23:17:57,935 - root - INFO - BPP: 24, Transparency: False
2023-01-20 23:17:57,935 - root - INFO - Resource 31 offset: 413742, length: 394...
2023-01-20 23:17:57,935 - root - DEBUG - Reading resource 31...
2023-01-20 23:17:57,935 - root - INFO - The image is bmc.
2023-01-20 23:17:57,935 - root - INFO - Reading image header(readHeader16C)...
2023-01-20 23:17:57,945 - root - INFO - Image header was read:
2023-01-20 23:17:57,945 - root - INFO - Width: 9, Height: 14, RowLength: 27
2023-01-20 23:17:57,945 - root - INFO - _step: 3, unknown2: 0,
2023-01-20 23:17:57,945 - root - INFO - BPP: 24, Transparency: False
2023-01-20 23:17:57,945 - root - INFO - Resource 32 offset: 414136, length: 394...
2023-01-20 23:17:57,945 - root - DEBUG - Reading resource 32...
2023-01-20 23:17:57,945 - root - INFO - The image is bmc.
2023-01-20 23:17:57,945 - root - INFO - Reading image header(readHeader16C)...
2023-01-20 23:17:57,945 - root - INFO - Image header was read:
2023-01-20 23:17:57,945 - root - INFO - Width: 9, Height: 14, RowLength: 27
2023-01-20 23:17:57,945 - root - INFO - _step: 3, unknown2: 0,
2023-01-20 23:17:57,945 - root - INFO - BPP: 24, Transparency: False
2023-01-20 23:17:57,945 - root - INFO - Resource 33 offset: 414530, length: 2878...
2023-01-20 23:17:57,945 - root - DEBUG - Reading resource 33...
2023-01-20 23:17:57,945 - root - INFO - The image is bmc.
2023-01-20 23:17:57,945 - root - INFO - Reading image header(readHeader16C)...
2023-01-20 23:17:57,945 - root - INFO - Image header was read:
2023-01-20 23:17:57,945 - root - INFO - Width: 53, Height: 18, RowLength: 159
2023-01-20 23:17:57,945 - root - INFO - _step: 3, unknown2: 0,
2023-01-20 23:17:57,945 - root - INFO - BPP: 24, Transparency: False
2023-01-20 23:17:57,950 - root - INFO - Resource 34 offset: 417408, length: 2878...
2023-01-20 23:17:57,950 - root - DEBUG - Reading resource 34...
2023-01-20 23:17:57,950 - root - INFO - The image is bmc.
2023-01-20 23:17:57,950 - root - INFO - Reading image header(readHeader16C)...
2023-01-20 23:17:57,950 - root - INFO - Image header was read:
2023-01-20 23:17:57,950 - root - INFO - Width: 53, Height: 18, RowLength: 159
2023-01-20 23:17:57,950 - root - INFO - _step: 3, unknown2: 0,
2023-01-20 23:17:57,950 - root - INFO - BPP: 24, Transparency: False
2023-01-20 23:17:57,955 - root - INFO - Resource 35 offset: 420286, length: 2878...
2023-01-20 23:17:57,955 - root - DEBUG - Reading resource 35...
2023-01-20 23:17:57,955 - root - INFO - The image is bmc.
2023-01-20 23:17:57,955 - root - INFO - Reading image header(readHeader16C)...
2023-01-20 23:17:57,955 - root - INFO - Image header was read:
2023-01-20 23:17:57,955 - root - INFO - Width: 53, Height: 18, RowLength: 159
2023-01-20 23:17:57,955 - root - INFO - _step: 3, unknown2: 0,
2023-01-20 23:17:57,955 - root - INFO - BPP: 24, Transparency: False
2023-01-20 23:17:57,960 - root - INFO - Resource 36 offset: 423164, length: 2878...
2023-01-20 23:17:57,960 - root - DEBUG - Reading resource 36...
2023-01-20 23:17:57,960 - root - INFO - The image is bmc.
2023-01-20 23:17:57,960 - root - INFO - Reading image header(readHeader16C)...
2023-01-20 23:17:57,960 - root - INFO - Image header was read:
2023-01-20 23:17:57,960 - root - INFO - Width: 53, Height: 18, RowLength: 159
2023-01-20 23:17:57,960 - root - INFO - _step: 3, unknown2: 0,
2023-01-20 23:17:57,960 - root - INFO - BPP: 24, Transparency: False
2023-01-20 23:17:57,965 - root - INFO - Resource 37 offset: 426042, length: 2878...
2023-01-20 23:17:57,965 - root - DEBUG - Reading resource 37...
2023-01-20 23:17:57,965 - root - INFO - The image is bmc.
2023-01-20 23:17:57,965 - root - INFO - Reading image header(readHeader16C)...
2023-01-20 23:17:57,966 - root - INFO - Image header was read:
2023-01-20 23:17:57,966 - root - INFO - Width: 53, Height: 18, RowLength: 159
2023-01-20 23:17:57,966 - root - INFO - _step: 3, unknown2: 0,
2023-01-20 23:17:57,966 - root - INFO - BPP: 24, Transparency: False
2023-01-20 23:17:57,966 - root - INFO - Resource 38 offset: 428920, length: 2878...
2023-01-20 23:17:57,966 - root - DEBUG - Reading resource 38...
2023-01-20 23:17:57,966 - root - INFO - The image is bmc.
2023-01-20 23:17:57,966 - root - INFO - Reading image header(readHeader16C)...
2023-01-20 23:17:57,966 - root - INFO - Image header was read:
2023-01-20 23:17:57,966 - root - INFO - Width: 53, Height: 18, RowLength: 159
2023-01-20 23:17:57,966 - root - INFO - _step: 3, unknown2: 0,
2023-01-20 23:17:57,966 - root - INFO - BPP: 24, Transparency: False
2023-01-20 23:17:57,966 - root - INFO - Resource 39 offset: 431798, length: 2878...
2023-01-20 23:17:57,966 - root - DEBUG - Reading resource 39...
2023-01-20 23:17:57,966 - root - INFO - The image is bmc.
2023-01-20 23:17:57,966 - root - INFO - Reading image header(readHeader16C)...
2023-01-20 23:17:57,975 - root - INFO - Image header was read:
2023-01-20 23:17:57,975 - root - INFO - Width: 53, Height: 18, RowLength: 159
2023-01-20 23:17:57,975 - root - INFO - _step: 3, unknown2: 0,
2023-01-20 23:17:57,975 - root - INFO - BPP: 24, Transparency: False
2023-01-20 23:17:57,975 - root - INFO - Resource 40 offset: 434676, length: 2878...
2023-01-20 23:17:57,975 - root - DEBUG - Reading resource 40...
2023-01-20 23:17:57,975 - root - INFO - The image is bmc.
2023-01-20 23:17:57,975 - root - INFO - Reading image header(readHeader16C)...
2023-01-20 23:17:57,975 - root - INFO - Image header was read:
2023-01-20 23:17:57,975 - root - INFO - Width: 53, Height: 18, RowLength: 159
2023-01-20 23:17:57,975 - root - INFO - _step: 3, unknown2: 0,
2023-01-20 23:17:57,975 - root - INFO - BPP: 24, Transparency: False
2023-01-20 23:17:57,982 - root - INFO - Resource 41 offset: 437554, length: 2878...
2023-01-20 23:17:57,982 - root - DEBUG - Reading resource 41...
2023-01-20 23:17:57,982 - root - INFO - The image is bmc.
2023-01-20 23:17:57,982 - root - INFO - Reading image header(readHeader16C)...
2023-01-20 23:17:57,982 - root - INFO - Image header was read:
2023-01-20 23:17:57,982 - root - INFO - Width: 53, Height: 18, RowLength: 159
2023-01-20 23:17:57,982 - root - INFO - _step: 3, unknown2: 0,
2023-01-20 23:17:57,985 - root - INFO - BPP: 24, Transparency: False
2023-01-20 23:17:57,985 - root - INFO - Resource 42 offset: 440432, length: 2878...
2023-01-20 23:17:57,985 - root - DEBUG - Reading resource 42...
2023-01-20 23:17:57,985 - root - INFO - The image is bmc.
2023-01-20 23:17:57,985 - root - INFO - Reading image header(readHeader16C)...
2023-01-20 23:17:57,985 - root - INFO - Image header was read:
2023-01-20 23:17:57,985 - root - INFO - Width: 53, Height: 18, RowLength: 159
2023-01-20 23:17:57,985 - root - INFO - _step: 3, unknown2: 0,
2023-01-20 23:17:57,985 - root - INFO - BPP: 24, Transparency: False
2023-01-20 23:17:57,985 - root - INFO - Resource 43 offset: 443310, length: 2878...
2023-01-20 23:17:57,985 - root - DEBUG - Reading resource 43...
2023-01-20 23:17:57,985 - root - INFO - The image is bmc.
2023-01-20 23:17:57,985 - root - INFO - Reading image header(readHeader16C)...
2023-01-20 23:17:57,985 - root - INFO - Image header was read:
2023-01-20 23:17:57,985 - root - INFO - Width: 53, Height: 18, RowLength: 159
2023-01-20 23:17:57,985 - root - INFO - _step: 3, unknown2: 0,
2023-01-20 23:17:57,985 - root - INFO - BPP: 24, Transparency: False
2023-01-20 23:17:57,998 - root - INFO - Resource 44 offset: 446188, length: 2878...
2023-01-20 23:17:57,998 - root - DEBUG - Reading resource 44...
2023-01-20 23:17:57,998 - root - INFO - The image is bmc.
2023-01-20 23:17:57,998 - root - INFO - Reading image header(readHeader16C)...
2023-01-20 23:17:57,998 - root - INFO - Image header was read:
2023-01-20 23:17:57,998 - root - INFO - Width: 53, Height: 18, RowLength: 159
2023-01-20 23:17:57,998 - root - INFO - _step: 3, unknown2: 0,
2023-01-20 23:17:57,998 - root - INFO - BPP: 24, Transparency: False
2023-01-20 23:17:57,998 - root - INFO - Resource 45 offset: 449066, length: 2878...
2023-01-20 23:17:57,998 - root - DEBUG - Reading resource 45...
2023-01-20 23:17:57,998 - root - INFO - The image is bmc.
2023-01-20 23:17:57,998 - root - INFO - Reading image header(readHeader16C)...
2023-01-20 23:17:57,998 - root - INFO - Image header was read:
2023-01-20 23:17:57,998 - root - INFO - Width: 53, Height: 18, RowLength: 159
2023-01-20 23:17:57,998 - root - INFO - _step: 3, unknown2: 0,
2023-01-20 23:17:57,998 - root - INFO - BPP: 24, Transparency: False
2023-01-20 23:17:58,005 - root - INFO - Resource 46 offset: 451944, length: 2878...
2023-01-20 23:17:58,005 - root - DEBUG - Reading resource 46...
2023-01-20 23:17:58,005 - root - INFO - The image is bmc.
2023-01-20 23:17:58,009 - root - INFO - Reading image header(readHeader16C)...
2023-01-20 23:17:58,009 - root - INFO - Image header was read:
2023-01-20 23:17:58,009 - root - INFO - Width: 53, Height: 18, RowLength: 159
2023-01-20 23:17:58,009 - root - INFO - _step: 3, unknown2: 0,
2023-01-20 23:17:58,009 - root - INFO - BPP: 24, Transparency: False
2023-01-20 23:17:58,013 - root - INFO - Resource 47 offset: 454822, length: 518...
2023-01-20 23:17:58,013 - root - DEBUG - Reading resource 47...
2023-01-20 23:17:58,013 - root - INFO - The image is bme.
2023-01-20 23:17:58,013 - root - INFO - Reading image header(readHeader16E)...
2023-01-20 23:17:58,013 - root - INFO - Image header was read:
2023-01-20 23:17:58,013 - root - INFO - Width: 32, Height: 16, RowLength: 64
2023-01-20 23:17:58,013 - root - INFO - datalength: 502, _step: 2
2023-01-20 23:17:58,013 - root - INFO - BPP: 16, Transparency: False
2023-01-20 23:17:58,015 - root - INFO - Resource 48 offset: 455340, length: 536...
2023-01-20 23:17:58,015 - root - DEBUG - Reading resource 48...
2023-01-20 23:17:58,015 - root - INFO - The image is bme.
2023-01-20 23:17:58,015 - root - INFO - Reading image header(readHeader16E)...
2023-01-20 23:17:58,015 - root - INFO - Image header was read:
2023-01-20 23:17:58,015 - root - INFO - Width: 32, Height: 16, RowLength: 64
2023-01-20 23:17:58,015 - root - INFO - datalength: 520, _step: 2
2023-01-20 23:17:58,015 - root - INFO - BPP: 16, Transparency: False
2023-01-20 23:17:58,015 - root - INFO - Resource 49 offset: 455876, length: 724...
2023-01-20 23:17:58,015 - root - DEBUG - Reading resource 49...
2023-01-20 23:17:58,015 - root - INFO - The image is bme.
2023-01-20 23:17:58,015 - root - INFO - Reading image header(readHeader16E)...
2023-01-20 23:17:58,015 - root - INFO - Image header was read:
2023-01-20 23:17:58,015 - root - INFO - Width: 32, Height: 16, RowLength: 64
2023-01-20 23:17:58,015 - root - INFO - datalength: 708, _step: 2
2023-01-20 23:17:58,015 - root - INFO - BPP: 16, Transparency: False
2023-01-20 23:17:58,015 - root - INFO - Resource 50 offset: 456600, length: 758...
2023-01-20 23:17:58,015 - root - DEBUG - Reading resource 50...
2023-01-20 23:17:58,015 - root - INFO - The image is bme.
2023-01-20 23:17:58,015 - root - INFO - Reading image header(readHeader16E)...
2023-01-20 23:17:58,015 - root - INFO - Image header was read:
2023-01-20 23:17:58,015 - root - INFO - Width: 32, Height: 16, RowLength: 64
2023-01-20 23:17:58,015 - root - INFO - datalength: 742, _step: 2
2023-01-20 23:17:58,015 - root - INFO - BPP: 16, Transparency: False
2023-01-20 23:17:58,015 - root - INFO - Resource 51 offset: 457358, length: 2008...
2023-01-20 23:17:58,015 - root - DEBUG - Reading resource 51...
2023-01-20 23:17:58,015 - root - INFO - The image is bme.
2023-01-20 23:17:58,015 - root - INFO - Reading image header(readHeader16E)...
2023-01-20 23:17:58,015 - root - INFO - Image header was read:
2023-01-20 23:17:58,015 - root - INFO - Width: 68, Height: 44, RowLength: 136
2023-01-20 23:17:58,015 - root - INFO - datalength: 1992, _step: 2
2023-01-20 23:17:58,015 - root - INFO - BPP: 16, Transparency: False
2023-01-20 23:17:58,015 - root - INFO - Resource 52 offset: 459366, length: 2024...
2023-01-20 23:17:58,015 - root - DEBUG - Reading resource 52...
2023-01-20 23:17:58,015 - root - INFO - The image is bme.
2023-01-20 23:17:58,015 - root - INFO - Reading image header(readHeader16E)...
2023-01-20 23:17:58,015 - root - INFO - Image header was read:
2023-01-20 23:17:58,015 - root - INFO - Width: 68, Height: 44, RowLength: 136
2023-01-20 23:17:58,015 - root - INFO - datalength: 2008, _step: 2
2023-01-20 23:17:58,025 - root - INFO - BPP: 16, Transparency: False
2023-01-20 23:17:58,025 - root - INFO - Resource 53 offset: 461390, length: 2014...
2023-01-20 23:17:58,029 - root - DEBUG - Reading resource 53...
2023-01-20 23:17:58,029 - root - INFO - The image is bme.
2023-01-20 23:17:58,029 - root - INFO - Reading image header(readHeader16E)...
2023-01-20 23:17:58,029 - root - INFO - Image header was read:
2023-01-20 23:17:58,029 - root - INFO - Width: 68, Height: 44, RowLength: 136
2023-01-20 23:17:58,029 - root - INFO - datalength: 1998, _step: 2
2023-01-20 23:17:58,029 - root - INFO - BPP: 16, Transparency: False
2023-01-20 23:17:58,029 - root - INFO - Resource 54 offset: 463404, length: 2030...
2023-01-20 23:17:58,029 - root - DEBUG - Reading resource 54...
2023-01-20 23:17:58,029 - root - INFO - The image is bme.
2023-01-20 23:17:58,029 - root - INFO - Reading image header(readHeader16E)...
2023-01-20 23:17:58,029 - root - INFO - Image header was read:
2023-01-20 23:17:58,029 - root - INFO - Width: 68, Height: 44, RowLength: 136
2023-01-20 23:17:58,029 - root - INFO - datalength: 2014, _step: 2
2023-01-20 23:17:58,029 - root - INFO - BPP: 16, Transparency: False
2023-01-20 23:17:58,035 - root - INFO - Resource 55 offset: 465434, length: 2036...
2023-01-20 23:17:58,035 - root - DEBUG - Reading resource 55...
2023-01-20 23:17:58,035 - root - INFO - The image is bme.
2023-01-20 23:17:58,035 - root - INFO - Reading image header(readHeader16E)...
2023-01-20 23:17:58,035 - root - INFO - Image header was read:
2023-01-20 23:17:58,035 - root - INFO - Width: 68, Height: 44, RowLength: 136
2023-01-20 23:17:58,035 - root - INFO - datalength: 2020, _step: 2
2023-01-20 23:17:58,035 - root - INFO - BPP: 16, Transparency: False
2023-01-20 23:17:58,035 - root - INFO - Resource 56 offset: 467470, length: 2056...
2023-01-20 23:17:58,035 - root - DEBUG - Reading resource 56...
2023-01-20 23:17:58,035 - root - INFO - The image is bme.
2023-01-20 23:17:58,035 - root - INFO - Reading image header(readHeader16E)...
2023-01-20 23:17:58,035 - root - INFO - Image header was read:
2023-01-20 23:17:58,035 - root - INFO - Width: 68, Height: 44, RowLength: 136
2023-01-20 23:17:58,035 - root - INFO - datalength: 2040, _step: 2
2023-01-20 23:17:58,035 - root - INFO - BPP: 16, Transparency: False
2023-01-20 23:17:58,045 - root - INFO - Resource 57 offset: 469526, length: 2054...
2023-01-20 23:17:58,045 - root - DEBUG - Reading resource 57...
2023-01-20 23:17:58,045 - root - INFO - The image is bme.
2023-01-20 23:17:58,045 - root - INFO - Reading image header(readHeader16E)...
2023-01-20 23:17:58,045 - root - INFO - Image header was read:
2023-01-20 23:17:58,045 - root - INFO - Width: 68, Height: 44, RowLength: 136
2023-01-20 23:17:58,045 - root - INFO - datalength: 2038, _step: 2
2023-01-20 23:17:58,045 - root - INFO - BPP: 16, Transparency: False
2023-01-20 23:17:58,045 - root - INFO - Resource 58 offset: 471580, length: 2040...
2023-01-20 23:17:58,045 - root - DEBUG - Reading resource 58...
2023-01-20 23:17:58,045 - root - INFO - The image is bme.
2023-01-20 23:17:58,045 - root - INFO - Reading image header(readHeader16E)...
2023-01-20 23:17:58,045 - root - INFO - Image header was read:
2023-01-20 23:17:58,045 - root - INFO - Width: 68, Height: 44, RowLength: 136
2023-01-20 23:17:58,045 - root - INFO - datalength: 2024, _step: 2
2023-01-20 23:17:58,045 - root - INFO - BPP: 16, Transparency: False
2023-01-20 23:17:58,055 - root - INFO - Resource 59 offset: 473620, length: 2022...
2023-01-20 23:17:58,055 - root - DEBUG - Reading resource 59...
2023-01-20 23:17:58,055 - root - INFO - The image is bme.
2023-01-20 23:17:58,055 - root - INFO - Reading image header(readHeader16E)...
2023-01-20 23:17:58,055 - root - INFO - Image header was read:
2023-01-20 23:17:58,055 - root - INFO - Width: 68, Height: 44, RowLength: 136
2023-01-20 23:17:58,055 - root - INFO - datalength: 2006, _step: 2
2023-01-20 23:17:58,055 - root - INFO - BPP: 16, Transparency: False
2023-01-20 23:17:58,061 - root - INFO - Resource 60 offset: 475642, length: 2008...
2023-01-20 23:17:58,061 - root - DEBUG - Reading resource 60...
2023-01-20 23:17:58,061 - root - INFO - The image is bme.
2023-01-20 23:17:58,061 - root - INFO - Reading image header(readHeader16E)...
2023-01-20 23:17:58,061 - root - INFO - Image header was read:
2023-01-20 23:17:58,061 - root - INFO - Width: 68, Height: 44, RowLength: 136
2023-01-20 23:17:58,061 - root - INFO - datalength: 1992, _step: 2
2023-01-20 23:17:58,061 - root - INFO - BPP: 16, Transparency: False
2023-01-20 23:17:58,065 - root - INFO - Resource 61 offset: 477650, length: 2024...
2023-01-20 23:17:58,065 - root - DEBUG - Reading resource 61...
2023-01-20 23:17:58,065 - root - INFO - The image is bme.
2023-01-20 23:17:58,065 - root - INFO - Reading image header(readHeader16E)...
2023-01-20 23:17:58,065 - root - INFO - Image header was read:
2023-01-20 23:17:58,065 - root - INFO - Width: 68, Height: 44, RowLength: 136
2023-01-20 23:17:58,065 - root - INFO - datalength: 2008, _step: 2
2023-01-20 23:17:58,065 - root - INFO - BPP: 16, Transparency: False
2023-01-20 23:17:58,065 - root - INFO - Resource 62 offset: 479674, length: 2014...
2023-01-20 23:17:58,065 - root - DEBUG - Reading resource 62...
2023-01-20 23:17:58,065 - root - INFO - The image is bme.
2023-01-20 23:17:58,065 - root - INFO - Reading image header(readHeader16E)...
2023-01-20 23:17:58,065 - root - INFO - Image header was read:
2023-01-20 23:17:58,065 - root - INFO - Width: 68, Height: 44, RowLength: 136
2023-01-20 23:17:58,065 - root - INFO - datalength: 1998, _step: 2
2023-01-20 23:17:58,065 - root - INFO - BPP: 16, Transparency: False
2023-01-20 23:17:58,075 - root - INFO - Resource 63 offset: 481688, length: 2030...
2023-01-20 23:17:58,075 - root - DEBUG - Reading resource 63...
2023-01-20 23:17:58,075 - root - INFO - The image is bme.
2023-01-20 23:17:58,075 - root - INFO - Reading image header(readHeader16E)...
2023-01-20 23:17:58,075 - root - INFO - Image header was read:
2023-01-20 23:17:58,075 - root - INFO - Width: 68, Height: 44, RowLength: 136
2023-01-20 23:17:58,076 - root - INFO - datalength: 2014, _step: 2
2023-01-20 23:17:58,076 - root - INFO - BPP: 16, Transparency: False
2023-01-20 23:17:58,076 - root - INFO - Resource 64 offset: 483718, length: 2036...
2023-01-20 23:17:58,076 - root - DEBUG - Reading resource 64...
2023-01-20 23:17:58,076 - root - INFO - The image is bme.
2023-01-20 23:17:58,076 - root - INFO - Reading image header(readHeader16E)...
2023-01-20 23:17:58,076 - root - INFO - Image header was read:
2023-01-20 23:17:58,076 - root - INFO - Width: 68, Height: 44, RowLength: 136
2023-01-20 23:17:58,076 - root - INFO - datalength: 2020, _step: 2
2023-01-20 23:17:58,076 - root - INFO - BPP: 16, Transparency: False
2023-01-20 23:17:58,085 - root - INFO - Resource 65 offset: 485754, length: 2056...
2023-01-20 23:17:58,085 - root - DEBUG - Reading resource 65...
2023-01-20 23:17:58,085 - root - INFO - The image is bme.
2023-01-20 23:17:58,085 - root - INFO - Reading image header(readHeader16E)...
2023-01-20 23:17:58,085 - root - INFO - Image header was read:
2023-01-20 23:17:58,085 - root - INFO - Width: 68, Height: 44, RowLength: 136
2023-01-20 23:17:58,085 - root - INFO - datalength: 2040, _step: 2
2023-01-20 23:17:58,085 - root - INFO - BPP: 16, Transparency: False
2023-01-20 23:17:58,085 - root - INFO - Resource 66 offset: 487810, length: 2054...
2023-01-20 23:17:58,085 - root - DEBUG - Reading resource 66...
2023-01-20 23:17:58,085 - root - INFO - The image is bme.
2023-01-20 23:17:58,085 - root - INFO - Reading image header(readHeader16E)...
2023-01-20 23:17:58,085 - root - INFO - Image header was read:
2023-01-20 23:17:58,085 - root - INFO - Width: 68, Height: 44, RowLength: 136
2023-01-20 23:17:58,085 - root - INFO - datalength: 2038, _step: 2
2023-01-20 23:17:58,085 - root - INFO - BPP: 16, Transparency: False
2023-01-20 23:17:58,095 - root - INFO - Resource 67 offset: 489864, length: 2040...
2023-01-20 23:17:58,095 - root - DEBUG - Reading resource 67...
2023-01-20 23:17:58,095 - root - INFO - The image is bme.
2023-01-20 23:17:58,095 - root - INFO - Reading image header(readHeader16E)...
2023-01-20 23:17:58,095 - root - INFO - Image header was read:
2023-01-20 23:17:58,095 - root - INFO - Width: 68, Height: 44, RowLength: 136
2023-01-20 23:17:58,095 - root - INFO - datalength: 2024, _step: 2
2023-01-20 23:17:58,095 - root - INFO - BPP: 16, Transparency: False
2023-01-20 23:17:58,095 - root - INFO - Resource 68 offset: 491904, length: 2022...
2023-01-20 23:17:58,095 - root - DEBUG - Reading resource 68...
2023-01-20 23:17:58,095 - root - INFO - The image is bme.
2023-01-20 23:17:58,095 - root - INFO - Reading image header(readHeader16E)...
2023-01-20 23:17:58,095 - root - INFO - Image header was read:
2023-01-20 23:17:58,095 - root - INFO - Width: 68, Height: 44, RowLength: 136
2023-01-20 23:17:58,095 - root - INFO - datalength: 2006, _step: 2
2023-01-20 23:17:58,095 - root - INFO - BPP: 16, Transparency: False
2023-01-20 23:17:58,095 - root - INFO - Resource 69 offset: 493926, length: 2008...
2023-01-20 23:17:58,095 - root - DEBUG - Reading resource 69...
2023-01-20 23:17:58,095 - root - INFO - The image is bme.
2023-01-20 23:17:58,095 - root - INFO - Reading image header(readHeader16E)...
2023-01-20 23:17:58,095 - root - INFO - Image header was read:
2023-01-20 23:17:58,095 - root - INFO - Width: 68, Height: 44, RowLength: 136
2023-01-20 23:17:58,095 - root - INFO - datalength: 1992, _step: 2
2023-01-20 23:17:58,105 - root - INFO - BPP: 16, Transparency: False
2023-01-20 23:17:58,109 - root - INFO - Resource 70 offset: 495934, length: 2024...
2023-01-20 23:17:58,109 - root - DEBUG - Reading resource 70...
2023-01-20 23:17:58,109 - root - INFO - The image is bme.
2023-01-20 23:17:58,109 - root - INFO - Reading image header(readHeader16E)...
2023-01-20 23:17:58,109 - root - INFO - Image header was read:
2023-01-20 23:17:58,109 - root - INFO - Width: 68, Height: 44, RowLength: 136
2023-01-20 23:17:58,109 - root - INFO - datalength: 2008, _step: 2
2023-01-20 23:17:58,109 - root - INFO - BPP: 16, Transparency: False
2023-01-20 23:17:58,109 - root - INFO - Resource 71 offset: 497958, length: 2014...
2023-01-20 23:17:58,109 - root - DEBUG - Reading resource 71...
2023-01-20 23:17:58,109 - root - INFO - The image is bme.
2023-01-20 23:17:58,109 - root - INFO - Reading image header(readHeader16E)...
2023-01-20 23:17:58,109 - root - INFO - Image header was read:
2023-01-20 23:17:58,109 - root - INFO - Width: 68, Height: 44, RowLength: 136
2023-01-20 23:17:58,109 - root - INFO - datalength: 1998, _step: 2
2023-01-20 23:17:58,109 - root - INFO - BPP: 16, Transparency: False
2023-01-20 23:17:58,115 - root - INFO - Resource 72 offset: 499972, length: 2030...
2023-01-20 23:17:58,115 - root - DEBUG - Reading resource 72...
2023-01-20 23:17:58,115 - root - INFO - The image is bme.
2023-01-20 23:17:58,115 - root - INFO - Reading image header(readHeader16E)...
2023-01-20 23:17:58,115 - root - INFO - Image header was read:
2023-01-20 23:17:58,115 - root - INFO - Width: 68, Height: 44, RowLength: 136
2023-01-20 23:17:58,115 - root - INFO - datalength: 2014, _step: 2
2023-01-20 23:17:58,115 - root - INFO - BPP: 16, Transparency: False
2023-01-20 23:17:58,115 - root - INFO - Resource 73 offset: 502002, length: 2036...
2023-01-20 23:17:58,115 - root - DEBUG - Reading resource 73...
2023-01-20 23:17:58,115 - root - INFO - The image is bme.
2023-01-20 23:17:58,115 - root - INFO - Reading image header(readHeader16E)...
2023-01-20 23:17:58,115 - root - INFO - Image header was read:
2023-01-20 23:17:58,115 - root - INFO - Width: 68, Height: 44, RowLength: 136
2023-01-20 23:17:58,115 - root - INFO - datalength: 2020, _step: 2
2023-01-20 23:17:58,115 - root - INFO - BPP: 16, Transparency: False
2023-01-20 23:17:58,125 - root - INFO - Resource 74 offset: 504038, length: 2056...
2023-01-20 23:17:58,125 - root - DEBUG - Reading resource 74...
2023-01-20 23:17:58,125 - root - INFO - The image is bme.
2023-01-20 23:17:58,125 - root - INFO - Reading image header(readHeader16E)...
2023-01-20 23:17:58,125 - root - INFO - Image header was read:
2023-01-20 23:17:58,125 - root - INFO - Width: 68, Height: 44, RowLength: 136
2023-01-20 23:17:58,125 - root - INFO - datalength: 2040, _step: 2
2023-01-20 23:17:58,125 - root - INFO - BPP: 16, Transparency: False
2023-01-20 23:17:58,125 - root - INFO - Resource 75 offset: 506094, length: 2054...
2023-01-20 23:17:58,125 - root - DEBUG - Reading resource 75...
2023-01-20 23:17:58,125 - root - INFO - The image is bme.
2023-01-20 23:17:58,125 - root - INFO - Reading image header(readHeader16E)...
2023-01-20 23:17:58,125 - root - INFO - Image header was read:
2023-01-20 23:17:58,125 - root - INFO - Width: 68, Height: 44, RowLength: 136
2023-01-20 23:17:58,125 - root - INFO - datalength: 2038, _step: 2
2023-01-20 23:17:58,125 - root - INFO - BPP: 16, Transparency: False
2023-01-20 23:17:58,135 - root - INFO - Resource 76 offset: 508148, length: 2040...
2023-01-20 23:17:58,135 - root - DEBUG - Reading resource 76...
2023-01-20 23:17:58,135 - root - INFO - The image is bme.
2023-01-20 23:17:58,135 - root - INFO - Reading image header(readHeader16E)...
2023-01-20 23:17:58,135 - root - INFO - Image header was read:
2023-01-20 23:17:58,135 - root - INFO - Width: 68, Height: 44, RowLength: 136
2023-01-20 23:17:58,135 - root - INFO - datalength: 2024, _step: 2
2023-01-20 23:17:58,135 - root - INFO - BPP: 16, Transparency: False
2023-01-20 23:17:58,140 - root - INFO - Resource 77 offset: 510188, length: 2022...
2023-01-20 23:17:58,140 - root - DEBUG - Reading resource 77...
2023-01-20 23:17:58,140 - root - INFO - The image is bme.
2023-01-20 23:17:58,140 - root - INFO - Reading image header(readHeader16E)...
2023-01-20 23:17:58,140 - root - INFO - Image header was read:
2023-01-20 23:17:58,140 - root - INFO - Width: 68, Height: 44, RowLength: 136
2023-01-20 23:17:58,140 - root - INFO - datalength: 2006, _step: 2
2023-01-20 23:17:58,140 - root - INFO - BPP: 16, Transparency: False
2023-01-20 23:17:58,145 - root - INFO - Resource 78 offset: 512210, length: 2008...
2023-01-20 23:17:58,145 - root - DEBUG - Reading resource 78...
2023-01-20 23:17:58,145 - root - INFO - The image is bme.
2023-01-20 23:17:58,145 - root - INFO - Reading image header(readHeader16E)...
2023-01-20 23:17:58,145 - root - INFO - Image header was read:
2023-01-20 23:17:58,145 - root - INFO - Width: 68, Height: 44, RowLength: 136
2023-01-20 23:17:58,145 - root - INFO - datalength: 1992, _step: 2
2023-01-20 23:17:58,145 - root - INFO - BPP: 16, Transparency: False
2023-01-20 23:17:58,145 - root - INFO - Resource 79 offset: 514218, length: 2024...
2023-01-20 23:17:58,145 - root - DEBUG - Reading resource 79...
2023-01-20 23:17:58,145 - root - INFO - The image is bme.
2023-01-20 23:17:58,145 - root - INFO - Reading image header(readHeader16E)...
2023-01-20 23:17:58,145 - root - INFO - Image header was read:
2023-01-20 23:17:58,145 - root - INFO - Width: 68, Height: 44, RowLength: 136
2023-01-20 23:17:58,145 - root - INFO - datalength: 2008, _step: 2
2023-01-20 23:17:58,145 - root - INFO - BPP: 16, Transparency: False
2023-01-20 23:17:58,156 - root - INFO - Resource 80 offset: 516242, length: 2014...
2023-01-20 23:17:58,156 - root - DEBUG - Reading resource 80...
2023-01-20 23:17:58,156 - root - INFO - The image is bme.
2023-01-20 23:17:58,156 - root - INFO - Reading image header(readHeader16E)...
2023-01-20 23:17:58,156 - root - INFO - Image header was read:
2023-01-20 23:17:58,156 - root - INFO - Width: 68, Height: 44, RowLength: 136
2023-01-20 23:17:58,156 - root - INFO - datalength: 1998, _step: 2
2023-01-20 23:17:58,156 - root - INFO - BPP: 16, Transparency: False
2023-01-20 23:17:58,156 - root - INFO - Resource 81 offset: 518256, length: 2030...
2023-01-20 23:17:58,156 - root - DEBUG - Reading resource 81...
2023-01-20 23:17:58,156 - root - INFO - The image is bme.
2023-01-20 23:17:58,156 - root - INFO - Reading image header(readHeader16E)...
2023-01-20 23:17:58,156 - root - INFO - Image header was read:
2023-01-20 23:17:58,156 - root - INFO - Width: 68, Height: 44, RowLength: 136
2023-01-20 23:17:58,156 - root - INFO - datalength: 2014, _step: 2
2023-01-20 23:17:58,156 - root - INFO - BPP: 16, Transparency: False
2023-01-20 23:17:58,165 - root - INFO - Resource 82 offset: 520286, length: 2036...
2023-01-20 23:17:58,165 - root - DEBUG - Reading resource 82...
2023-01-20 23:17:58,165 - root - INFO - The image is bme.
2023-01-20 23:17:58,165 - root - INFO - Reading image header(readHeader16E)...
2023-01-20 23:17:58,165 - root - INFO - Image header was read:
2023-01-20 23:17:58,165 - root - INFO - Width: 68, Height: 44, RowLength: 136
2023-01-20 23:17:58,165 - root - INFO - datalength: 2020, _step: 2
2023-01-20 23:17:58,165 - root - INFO - BPP: 16, Transparency: False
2023-01-20 23:17:58,165 - root - INFO - Resource 83 offset: 522322, length: 2056...
2023-01-20 23:17:58,165 - root - DEBUG - Reading resource 83...
2023-01-20 23:17:58,165 - root - INFO - The image is bme.
2023-01-20 23:17:58,165 - root - INFO - Reading image header(readHeader16E)...
2023-01-20 23:17:58,165 - root - INFO - Image header was read:
2023-01-20 23:17:58,165 - root - INFO - Width: 68, Height: 44, RowLength: 136
2023-01-20 23:17:58,172 - root - INFO - datalength: 2040, _step: 2
2023-01-20 23:17:58,172 - root - INFO - BPP: 16, Transparency: False
2023-01-20 23:17:58,175 - root - INFO - Resource 84 offset: 524378, length: 2054...
2023-01-20 23:17:58,175 - root - DEBUG - Reading resource 84...
2023-01-20 23:17:58,175 - root - INFO - The image is bme.
2023-01-20 23:17:58,175 - root - INFO - Reading image header(readHeader16E)...
2023-01-20 23:17:58,175 - root - INFO - Image header was read:
2023-01-20 23:17:58,175 - root - INFO - Width: 68, Height: 44, RowLength: 136
2023-01-20 23:17:58,175 - root - INFO - datalength: 2038, _step: 2
2023-01-20 23:17:58,175 - root - INFO - BPP: 16, Transparency: False
2023-01-20 23:17:58,175 - root - INFO - Resource 85 offset: 526432, length: 2040...
2023-01-20 23:17:58,175 - root - DEBUG - Reading resource 85...
2023-01-20 23:17:58,175 - root - INFO - The image is bme.
2023-01-20 23:17:58,175 - root - INFO - Reading image header(readHeader16E)...
2023-01-20 23:17:58,175 - root - INFO - Image header was read:
2023-01-20 23:17:58,175 - root - INFO - Width: 68, Height: 44, RowLength: 136
2023-01-20 23:17:58,175 - root - INFO - datalength: 2024, _step: 2
2023-01-20 23:17:58,175 - root - INFO - BPP: 16, Transparency: False
2023-01-20 23:17:58,185 - root - INFO - Resource 86 offset: 528472, length: 2022...
2023-01-20 23:17:58,185 - root - DEBUG - Reading resource 86...
2023-01-20 23:17:58,185 - root - INFO - The image is bme.
2023-01-20 23:17:58,185 - root - INFO - Reading image header(readHeader16E)...
2023-01-20 23:17:58,185 - root - INFO - Image header was read:
2023-01-20 23:17:58,185 - root - INFO - Width: 68, Height: 44, RowLength: 136
2023-01-20 23:17:58,185 - root - INFO - datalength: 2006, _step: 2
2023-01-20 23:17:58,185 - root - INFO - BPP: 16, Transparency: False
2023-01-20 23:17:58,188 - root - DEBUG - Parsing parameters...
2023-01-20 23:17:58,267 - root - DEBUG - 0 Value: None
2023-01-20 23:17:58,267 - root - DEBUG - 0.1 Value: 71
2023-01-20 23:17:58,267 - root - DEBUG - 2 Value: None
2023-01-20 23:17:58,267 - root - DEBUG - 2.1 Value: None
2023-01-20 23:17:58,267 - root - DEBUG - 2.1.1 Value: 0
2023-01-20 23:17:58,267 - root - DEBUG - 2.1.2 Value: 0
2023-01-20 23:17:58,267 - root - DEBUG - 2.1.3 Value: 2
2023-01-20 23:17:58,267 - root - DEBUG - 2.3 Value: None
2023-01-20 23:17:58,267 - root - DEBUG - 2.3.1 Value: 0
2023-01-20 23:17:58,267 - root - DEBUG - 2.3.2 Value: 0
2023-01-20 23:17:58,267 - root - DEBUG - 2.3.3 Value: 1
2023-01-20 23:17:58,267 - root - DEBUG - 2.4 Value: None
2023-01-20 23:17:58,267 - root - DEBUG - 2.4.1 Value: 0
2023-01-20 23:17:58,267 - root - DEBUG - 2.4.2 Value: 0
2023-01-20 23:17:58,267 - root - DEBUG - 2.4.3 Value: 0
2023-01-20 23:17:58,267 - root - DEBUG - 2.5 Value: None
2023-01-20 23:17:58,267 - root - DEBUG - 2.5.1 Value: 0
2023-01-20 23:17:58,267 - root - DEBUG - 2.5.2 Value: 0
2023-01-20 23:17:58,267 - root - DEBUG - 2.5.3 Value: 0
2023-01-20 23:17:58,267 - root - DEBUG - 3 Value: None
2023-01-20 23:17:58,267 - root - DEBUG - 3.1 Value: None
2023-01-20 23:17:58,267 - root - DEBUG - 3.1.1 Value: None
2023-01-20 23:17:58,267 - root - DEBUG - 3.1.1.1 Value: None
2023-01-20 23:17:58,267 - root - DEBUG - 3.1.1.1.1 Value: 62
2023-01-20 23:17:58,267 - root - DEBUG - 3.1.1.1.2 Value: 69
2023-01-20 23:17:58,267 - root - DEBUG - 3.1.1.1.3 Value: 3
2023-01-20 23:17:58,267 - root - DEBUG - 3.1.1.1.4 Value: 10
2023-01-20 23:17:58,267 - root - DEBUG - 3.1.1.2 Value: None
2023-01-20 23:17:58,267 - root - DEBUG - 3.1.1.2.1 Value: 109
2023-01-20 23:17:58,267 - root - DEBUG - 3.1.1.2.2 Value: 69
2023-01-20 23:17:58,267 - root - DEBUG - 3.1.1.2.3 Value: 3
2023-01-20 23:17:58,267 - root - DEBUG - 3.1.1.2.4 Value: 10
2023-01-20 23:17:58,267 - root - DEBUG - 3.1.2 Value: None
2023-01-20 23:17:58,267 - root - DEBUG - 3.1.2.1 Value: None
2023-01-20 23:17:58,267 - root - DEBUG - 3.1.2.1.1 Value: 85
2023-01-20 23:17:58,267 - root - DEBUG - 3.1.2.1.2 Value: 139
2023-01-20 23:17:58,267 - root - DEBUG - 3.1.2.1.3 Value: 3
2023-01-20 23:17:58,267 - root - DEBUG - 3.1.2.1.4 Value: 10
2023-01-20 23:17:58,267 - root - DEBUG - 3.1.2.2 Value: None
2023-01-20 23:17:58,267 - root - DEBUG - 3.1.2.2.1 Value: 132
2023-01-20 23:17:58,267 - root - DEBUG - 3.1.2.2.2 Value: 139
2023-01-20 23:17:58,267 - root - DEBUG - 3.1.2.2.3 Value: 3
2023-01-20 23:17:58,267 - root - DEBUG - 3.1.2.2.4 Value: 10
2023-01-20 23:17:58,267 - root - DEBUG - 3.1.3 Value: None
2023-01-20 23:17:58,267 - root - DEBUG - 3.1.3.1 Value: None
2023-01-20 23:17:58,267 - root - DEBUG - 3.1.3.1.1 Value: 168
2023-01-20 23:17:58,267 - root - DEBUG - 3.1.3.1.2 Value: 115
2023-01-20 23:17:58,267 - root - DEBUG - 3.1.3.1.3 Value: 13
2023-01-20 23:17:58,267 - root - DEBUG - 3.1.3.1.4 Value: 10
2023-01-20 23:17:58,267 - root - DEBUG - 3.1.3.2 Value: None
2023-01-20 23:17:58,267 - root - DEBUG - 3.1.3.2.1 Value: 182
2023-01-20 23:17:58,267 - root - DEBUG - 3.1.3.2.2 Value: 115
2023-01-20 23:17:58,267 - root - DEBUG - 3.1.3.2.3 Value: 13
2023-01-20 23:17:58,275 - root - DEBUG - 3.1.3.2.4 Value: 10
2023-01-20 23:17:58,275 - root - DEBUG - 3.1.7 Value: 0
2023-01-20 23:17:58,275 - root - DEBUG - 3.1.8 Value: 1
2023-01-20 23:17:58,275 - root - DEBUG - 5 Value: None
2023-01-20 23:17:58,275 - root - DEBUG - 5.1 Value: None
2023-01-20 23:17:58,275 - root - DEBUG - 5.1.9 Value: None
2023-01-20 23:17:58,275 - root - DEBUG - 5.1.9.3 Value: None
2023-01-20 23:17:58,275 - root - DEBUG - 5.1.9.3.1 Value: 57
2023-01-20 23:17:58,275 - root - DEBUG - 5.1.9.3.2 Value: 163
2023-01-20 23:17:58,275 - root - DEBUG - 5.1.9.3.3 Value: 75
2023-01-20 23:17:58,275 - root - DEBUG - 5.1.9.3.4 Value: 177
2023-01-20 23:17:58,275 - root - DEBUG - 5.1.9.3.5 Value: 72
2023-01-20 23:17:58,275 - root - DEBUG - 5.1.9.3.6 Value: 0
2023-01-20 23:17:58,275 - root - DEBUG - 5.1.9.3.7 Value: 0
2023-01-20 23:17:58,275 - root - DEBUG - 5.1.9.3.8 Value: 23
2023-01-20 23:17:58,275 - root - DEBUG - 5.1.9.3.9 Value: 10
2023-01-20 23:17:58,275 - root - DEBUG - 5.1.9.4 Value: 0
2023-01-20 23:17:58,275 - root - DEBUG - 5.1.9.5 Value: 0
2023-01-20 23:17:58,275 - root - DEBUG - 5.1.4 Value: 1
2023-01-20 23:17:58,275 - root - DEBUG - 5.1.5 Value: 1
2023-01-20 23:17:58,275 - root - DEBUG - 5.1.6 Value: 0
2023-01-20 23:17:58,275 - root - DEBUG - 5.2 Value: None
2023-01-20 23:17:58,275 - root - DEBUG - 5.2.1 Value: 156
2023-01-20 23:17:58,275 - root - DEBUG - 5.2.2 Value: 72
2023-01-20 23:17:58,275 - root - DEBUG - 5.2.3 Value: 47
2023-01-20 23:17:58,275 - root - DEBUG - 5.2.4 Value: 48
2023-01-20 23:17:58,275 - root - DEBUG - 5.2.5 Value: 49
2023-01-20 23:17:58,275 - root - DEBUG - 5.2.6 Value: 50
2023-01-20 23:17:58,275 - root - DEBUG - 5.4 Value: None
2023-01-20 23:17:58,275 - root - DEBUG - 5.4.1 Value: 34
2023-01-20 23:17:58,275 - root - DEBUG - 5.4.2 Value: 142
2023-01-20 23:17:58,275 - root - DEBUG - 5.4.3 Value: 33
2023-01-20 23:17:58,275 - root - DEBUG - 5.4.4 Value: 7
2023-01-20 23:17:58,275 - root - DEBUG - 5.5 Value: None
2023-01-20 23:17:58,275 - root - DEBUG - 5.5.1 Value: 34
2023-01-20 23:17:58,275 - root - DEBUG - 5.5.2 Value: 142
2023-01-20 23:17:58,275 - root - DEBUG - 5.5.3 Value: 40
2023-01-20 23:17:58,275 - root - DEBUG - 5.5.4 Value: 7
2023-01-20 23:17:58,275 - root - DEBUG - 5.6 Value: None
2023-01-20 23:17:58,275 - root - DEBUG - 5.6.1 Value: 34
2023-01-20 23:17:58,275 - root - DEBUG - 5.6.2 Value: 142
2023-01-20 23:17:58,275 - root - DEBUG - 5.6.3 Value: 40
2023-01-20 23:17:58,275 - root - DEBUG - 5.6.4 Value: 7
2023-01-20 23:17:58,275 - root - DEBUG - 7 Value: None
2023-01-20 23:17:58,275 - root - DEBUG - 7.2 Value: None
2023-01-20 23:17:58,275 - root - DEBUG - 7.2.1 Value: 31
2023-01-20 23:17:58,275 - root - DEBUG - 7.2.2 Value: 14
2023-01-20 23:17:58,275 - root - DEBUG - 7.2.3 Value: 51
2023-01-20 23:17:58,275 - root - DEBUG - 7.2.4 Value: 9
2023-01-20 23:17:58,275 - root - DEBUG - 9 Value: None
2023-01-20 23:17:58,275 - root - DEBUG - 9.2 Value: None
2023-01-20 23:17:58,275 - root - DEBUG - 9.2.1 Value: 141
2023-01-20 23:17:58,275 - root - DEBUG - 9.2.2 Value: 14
2023-01-20 23:17:58,275 - root - DEBUG - 9.2.3 Value: 69
2023-01-20 23:17:58,275 - root - DEBUG - 9.2.4 Value: 9
2023-01-20 23:17:58,275 - root - DEBUG - 12 Value: None
2023-01-20 23:17:58,275 - root - DEBUG - 12.2 Value: None
2023-01-20 23:17:58,275 - root - DEBUG - 12.2.1 Value: 31
2023-01-20 23:17:58,275 - root - DEBUG - 12.2.2 Value: 222
2023-01-20 23:17:58,280 - root - DEBUG - 12.2.3 Value: 60
2023-01-20 23:17:58,280 - root - DEBUG - 12.2.4 Value: 9
2023-01-20 23:17:58,280 - root - DEBUG - 23 Value: None
2023-01-20 23:17:58,280 - root - DEBUG - 23.2 Value: None
2023-01-20 23:17:58,280 - root - DEBUG - 23.2.1 Value: 141
2023-01-20 23:17:58,280 - root - DEBUG - 23.2.2 Value: 222
2023-01-20 23:17:58,280 - root - DEBUG - 23.2.3 Value: 78
2023-01-20 23:17:58,280 - root - DEBUG - 23.2.4 Value: 9
2023-01-20 23:17:58,280 - root - DEBUG - 0-Info
2023-01-20 23:17:58,280 - root - DEBUG - 0.1-DeviceId
2023-01-20 23:17:58,280 - root - DEBUG - 2-Background
2023-01-20 23:17:58,280 - root - DEBUG - 2.1-Image
2023-01-20 23:17:58,280 - root - DEBUG - 2.1.1-X
2023-01-20 23:17:58,280 - root - DEBUG - 2.1.2-Y
2023-01-20 23:17:58,280 - root - DEBUG - 2.1.3-ImageIndex
2023-01-20 23:17:58,280 - root - DEBUG - 2.3-Preview
2023-01-20 23:17:58,280 - root - DEBUG - 2.3.1-X
2023-01-20 23:17:58,280 - root - DEBUG - 2.3.2-Y
2023-01-20 23:17:58,280 - root - DEBUG - 2.3.3-ImageIndex
2023-01-20 23:17:58,280 - root - DEBUG - 2.4-PreviewTradChinese
2023-01-20 23:17:58,280 - root - DEBUG - 2.4.1-X
2023-01-20 23:17:58,280 - root - DEBUG - 2.4.2-Y
2023-01-20 23:17:58,280 - root - DEBUG - 2.4.3-ImageIndex
2023-01-20 23:17:58,280 - root - DEBUG - 2.5-PreviewChinese
2023-01-20 23:17:58,280 - root - DEBUG - 2.5.1-X
2023-01-20 23:17:58,280 - root - DEBUG - 2.5.2-Y
2023-01-20 23:17:58,280 - root - DEBUG - 2.5.3-ImageIndex
2023-01-20 23:17:58,280 - root - DEBUG - 3-TimeExtended
2023-01-20 23:17:58,283 - root - DEBUG - 3.1-TimeSeparateDigits
2023-01-20 23:17:58,283 - root - DEBUG - 3.1.1-Hours
2023-01-20 23:17:58,283 - root - DEBUG - 3.1.1.1-Tens
2023-01-20 23:17:58,283 - root - DEBUG - 3.1.1.1.1-X
2023-01-20 23:17:58,283 - root - DEBUG - 3.1.1.1.2-Y
2023-01-20 23:17:58,283 - root - DEBUG - 3.1.1.1.3-ImageIndex
2023-01-20 23:17:58,283 - root - DEBUG - 3.1.1.1.4-ImagesCount
2023-01-20 23:17:58,283 - root - DEBUG - 3.1.1.2-Ones
2023-01-20 23:17:58,283 - root - DEBUG - 3.1.1.2.1-X
2023-01-20 23:17:58,283 - root - DEBUG - 3.1.1.2.2-Y
2023-01-20 23:17:58,283 - root - DEBUG - 3.1.1.2.3-ImageIndex
2023-01-20 23:17:58,283 - root - DEBUG - 3.1.1.2.4-ImagesCount
2023-01-20 23:17:58,283 - root - DEBUG - 3.1.2-Minutes
2023-01-20 23:17:58,283 - root - DEBUG - 3.1.2.1-Tens
2023-01-20 23:17:58,283 - root - DEBUG - 3.1.2.1.1-X
2023-01-20 23:17:58,285 - root - DEBUG - 3.1.2.1.2-Y
2023-01-20 23:17:58,285 - root - DEBUG - 3.1.2.1.3-ImageIndex
2023-01-20 23:17:58,285 - root - DEBUG - 3.1.2.1.4-ImagesCount
2023-01-20 23:17:58,285 - root - DEBUG - 3.1.2.2-Ones
2023-01-20 23:17:58,285 - root - DEBUG - 3.1.2.2.1-X
2023-01-20 23:17:58,285 - root - DEBUG - 3.1.2.2.2-Y
2023-01-20 23:17:58,285 - root - DEBUG - 3.1.2.2.3-ImageIndex
2023-01-20 23:17:58,285 - root - DEBUG - 3.1.2.2.4-ImagesCount
2023-01-20 23:17:58,285 - root - DEBUG - 3.1.3-Seconds
2023-01-20 23:17:58,285 - root - DEBUG - 3.1.3.1-Tens
2023-01-20 23:17:58,285 - root - DEBUG - 3.1.3.1.1-X
2023-01-20 23:17:58,285 - root - DEBUG - 3.1.3.1.2-Y
2023-01-20 23:17:58,285 - root - DEBUG - 3.1.3.1.3-ImageIndex
2023-01-20 23:17:58,285 - root - DEBUG - 3.1.3.1.4-ImagesCount
2023-01-20 23:17:58,285 - root - DEBUG - 3.1.3.2-Ones
2023-01-20 23:17:58,285 - root - DEBUG - 3.1.3.2.1-X
2023-01-20 23:17:58,285 - root - DEBUG - 3.1.3.2.2-Y
2023-01-20 23:17:58,285 - root - DEBUG - 3.1.3.2.3-ImageIndex
2023-01-20 23:17:58,285 - root - DEBUG - 3.1.3.2.4-ImagesCount
2023-01-20 23:17:58,285 - root - DEBUG - 3.1.7-PaddingZeroHours
2023-01-20 23:17:58,285 - root - DEBUG - 3.1.8-PaddingZeroMinutes
2023-01-20 23:17:58,285 - root - DEBUG - 5-DateBlock
2023-01-20 23:17:58,285 - root - DEBUG - 5.1-Date
2023-01-20 23:17:58,285 - root - DEBUG - 5.1.9-YearMonthAndDay
2023-01-20 23:17:58,285 - root - DEBUG - 5.1.9.3-Day
2023-01-20 23:17:58,285 - root - DEBUG - 5.1.9.3.1-TopLeftX
2023-01-20 23:17:58,285 - root - DEBUG - 5.1.9.3.2-TopLeftY
2023-01-20 23:17:58,285 - root - DEBUG - 5.1.9.3.3-BottomRightX
2023-01-20 23:17:58,285 - root - DEBUG - 5.1.9.3.4-BottomRightY
2023-01-20 23:17:58,285 - root - DEBUG - 5.1.9.3.5-Alignment
2023-01-20 23:17:58,285 - root - DEBUG - 5.1.9.3.6-Spacing
2023-01-20 23:17:58,285 - root - DEBUG - 5.1.9.3.7-VerticalOffset
2023-01-20 23:17:58,285 - root - DEBUG - 5.1.9.3.8-ImageIndex
2023-01-20 23:17:58,285 - root - DEBUG - 5.1.9.3.9-ImagesCount
2023-01-20 23:17:58,285 - root - DEBUG - 5.1.9.4-MonthFollowsYear
2023-01-20 23:17:58,285 - root - DEBUG - 5.1.9.5-DayFollowsMonth
2023-01-20 23:17:58,285 - root - DEBUG - 5.1.4-PaddingZeroMonth
2023-01-20 23:17:58,285 - root - DEBUG - 5.1.5-PaddingZeroDay
2023-01-20 23:17:58,285 - root - DEBUG - 5.1.6-UnknownBoolean6
2023-01-20 23:17:58,285 - root - DEBUG - 5.2-AmPm
2023-01-20 23:17:58,285 - root - DEBUG - 5.2.1-CommonX
2023-01-20 23:17:58,285 - root - DEBUG - 5.2.2-CommonY
2023-01-20 23:17:58,285 - root - DEBUG - 5.2.3-ImageIndexAMCN
2023-01-20 23:17:58,285 - root - DEBUG - 5.2.4-ImageIndexPMCN
2023-01-20 23:17:58,285 - root - DEBUG - 5.2.5-AmImageIndexEN
2023-01-20 23:17:58,285 - root - DEBUG - 5.2.6-PmImageIndexEN
2023-01-20 23:17:58,285 - root - DEBUG - 5.4-Weekday
2023-01-20 23:17:58,285 - root - DEBUG - 5.4.1-X
2023-01-20 23:17:58,285 - root - DEBUG - 5.4.2-Y
2023-01-20 23:17:58,285 - root - DEBUG - 5.4.3-ImageIndex
2023-01-20 23:17:58,285 - root - DEBUG - 5.4.4-ImagesCount
2023-01-20 23:17:58,285 - root - DEBUG - 5.5-WeekdayChinese
2023-01-20 23:17:58,285 - root - DEBUG - 5.5.1-X
2023-01-20 23:17:58,285 - root - DEBUG - 5.5.2-Y
2023-01-20 23:17:58,285 - root - DEBUG - 5.5.3-ImageIndex
2023-01-20 23:17:58,285 - root - DEBUG - 5.5.4-ImagesCount
2023-01-20 23:17:58,285 - root - DEBUG - 5.6-WeekdayTradChinese
2023-01-20 23:17:58,285 - root - DEBUG - 5.6.1-X
2023-01-20 23:17:58,285 - root - DEBUG - 5.6.2-Y
2023-01-20 23:17:58,285 - root - DEBUG - 5.6.3-ImageIndex
2023-01-20 23:17:58,285 - root - DEBUG - 5.6.4-ImagesCount
2023-01-20 23:17:58,285 - root - DEBUG - 7-StepProgress
2023-01-20 23:17:58,285 - root - DEBUG - 7.2-ImageProgress
2023-01-20 23:17:58,285 - root - DEBUG - 7.2.1-X
2023-01-20 23:17:58,285 - root - DEBUG - 7.2.2-Y
2023-01-20 23:17:58,285 - root - DEBUG - 7.2.3-ImageIndex
2023-01-20 23:17:58,285 - root - DEBUG - 7.2.4-ImagesCount
2023-01-20 23:17:58,285 - root - DEBUG - 9-Battery
2023-01-20 23:17:58,285 - root - DEBUG - 9.2-ImageProgress
2023-01-20 23:17:58,285 - root - DEBUG - 9.2.1-X
2023-01-20 23:17:58,285 - root - DEBUG - 9.2.2-Y
2023-01-20 23:17:58,285 - root - DEBUG - 9.2.3-ImageIndex
2023-01-20 23:17:58,285 - root - DEBUG - 9.2.4-ImagesCount
2023-01-20 23:17:58,285 - root - DEBUG - 12-HeartProgress
2023-01-20 23:17:58,285 - root - DEBUG - 12.2-ImageProgress
2023-01-20 23:17:58,285 - root - DEBUG - 12.2.1-X
2023-01-20 23:17:58,285 - root - DEBUG - 12.2.2-Y
2023-01-20 23:17:58,285 - root - DEBUG - 12.2.3-ImageIndex
2023-01-20 23:17:58,285 - root - DEBUG - 12.2.4-ImagesCount
2023-01-20 23:17:58,285 - root - DEBUG - 23-PaiProgress
2023-01-20 23:17:58,285 - root - DEBUG - 23.2-ImageProgress
2023-01-20 23:17:58,285 - root - DEBUG - 23.2.1-X
2023-01-20 23:17:58,285 - root - DEBUG - 23.2.2-Y
2023-01-20 23:17:58,295 - root - DEBUG - 23.2.3-ImageIndex
2023-01-20 23:17:58,295 - root - DEBUG - 23.2.4-ImagesCount
2023-01-20 23:17:58,295 - root - DEBUG - generatePreviews
2023-01-20 23:17:58,295 - root - DEBUG - Generating previews...
2023-01-20 23:17:58,295 - root - DEBUG - Generating states done...
2023-01-20 23:17:58,299 - root - DEBUG - >>>>>>>>>>>> 0 <watchFaceParser.models.parameter.Parameter object at 0x00000188AE9308B0>
2023-01-20 23:17:58,299 - root - DEBUG - >>>>>>>>>>>> 2 <watchFaceParser.models.parameter.Parameter object at 0x00000188AE92B250>
2023-01-20 23:17:58,310 - root - DEBUG - >>>>>>>>>>>> 3 <watchFaceParser.models.parameter.Parameter object at 0x00000188AE92B430>
2023-01-20 23:17:58,315 - root - DEBUG - >>>>>>>>>>>> 5 <watchFaceParser.models.parameter.Parameter object at 0x00000188AE92CC10>
2023-01-20 23:17:58,325 - root - DEBUG - >>>>>>>>>>>> 7 <watchFaceParser.models.parameter.Parameter object at 0x00000188AE92EE50>
2023-01-20 23:17:58,325 - root - DEBUG - >>>>>>>>>>>> 9 <watchFaceParser.models.parameter.Parameter object at 0x00000188AE92E430>
2023-01-20 23:17:58,325 - root - DEBUG - >>>>>>>>>>>> 12 <watchFaceParser.models.parameter.Parameter object at 0x00000188AE92EE20>
2023-01-20 23:17:58,325 - root - DEBUG - >>>>>>>>>>>> 23 <watchFaceParser.models.parameter.Parameter object at 0x00000188AE930670>
2023-01-20 23:17:58,335 - root - DEBUG - Generating static preview gen done...
2023-01-20 23:17:58,379 - root - DEBUG - Generating static preview save done...
2023-01-20 23:17:58,379 - root - DEBUG - Generating anim preview gen done...
2023-01-20 23:17:58,379 - root - DEBUG - >>>>>>>>>>>> 0 <watchFaceParser.models.parameter.Parameter object at 0x00000188AE9308B0>
2023-01-20 23:17:58,379 - root - DEBUG - >>>>>>>>>>>> 2 <watchFaceParser.models.parameter.Parameter object at 0x00000188AE92B250>
2023-01-20 23:17:58,379 - root - DEBUG - >>>>>>>>>>>> 3 <watchFaceParser.models.parameter.Parameter object at 0x00000188AE92B430>
2023-01-20 23:17:58,379 - root - DEBUG - >>>>>>>>>>>> 5 <watchFaceParser.models.parameter.Parameter object at 0x00000188AE92CC10>
2023-01-20 23:17:58,379 - root - DEBUG - >>>>>>>>>>>> 7 <watchFaceParser.models.parameter.Parameter object at 0x00000188AE92EE50>
2023-01-20 23:17:58,379 - root - DEBUG - >>>>>>>>>>>> 9 <watchFaceParser.models.parameter.Parameter object at 0x00000188AE92E430>
2023-01-20 23:17:58,379 - root - DEBUG - >>>>>>>>>>>> 12 <watchFaceParser.models.parameter.Parameter object at 0x00000188AE92EE20>
2023-01-20 23:17:58,379 - root - DEBUG - >>>>>>>>>>>> 23 <watchFaceParser.models.parameter.Parameter object at 0x00000188AE930670>
2023-01-20 23:17:58,459 - root - DEBUG - generatePreviews done
2023-01-20 23:17:58,459 - root - DEBUG - Exporting resources to 'E:\Codez\zepp-bip3-wf\d61b544cec31a57d76ede2f107361854'
2023-01-20 23:17:58,465 - root - DEBUG - extracting E:\Codez\zepp-bip3-wf\d61b544cec31a57d76ede2f107361854\0000.png...
2023-01-20 23:17:58,465 - root - DEBUG - extracting E:\Codez\zepp-bip3-wf\d61b544cec31a57d76ede2f107361854\0001.png...
2023-01-20 23:17:58,475 - root - DEBUG - extracting E:\Codez\zepp-bip3-wf\d61b544cec31a57d76ede2f107361854\0002.png...
2023-01-20 23:17:58,485 - root - DEBUG - extracting E:\Codez\zepp-bip3-wf\d61b544cec31a57d76ede2f107361854\0003.png...
2023-01-20 23:17:58,485 - root - DEBUG - extracting E:\Codez\zepp-bip3-wf\d61b544cec31a57d76ede2f107361854\0004.png...
2023-01-20 23:17:58,485 - root - DEBUG - extracting E:\Codez\zepp-bip3-wf\d61b544cec31a57d76ede2f107361854\0005.png...
2023-01-20 23:17:58,485 - root - DEBUG - extracting E:\Codez\zepp-bip3-wf\d61b544cec31a57d76ede2f107361854\0006.png...
2023-01-20 23:17:58,491 - root - DEBUG - extracting E:\Codez\zepp-bip3-wf\d61b544cec31a57d76ede2f107361854\0007.png...
2023-01-20 23:17:58,491 - root - DEBUG - extracting E:\Codez\zepp-bip3-wf\d61b544cec31a57d76ede2f107361854\0008.png...
2023-01-20 23:17:58,495 - root - DEBUG - extracting E:\Codez\zepp-bip3-wf\d61b544cec31a57d76ede2f107361854\0009.png...
2023-01-20 23:17:58,495 - root - DEBUG - extracting E:\Codez\zepp-bip3-wf\d61b544cec31a57d76ede2f107361854\0010.png...
2023-01-20 23:17:58,495 - root - DEBUG - extracting E:\Codez\zepp-bip3-wf\d61b544cec31a57d76ede2f107361854\0011.png...
2023-01-20 23:17:58,495 - root - DEBUG - extracting E:\Codez\zepp-bip3-wf\d61b544cec31a57d76ede2f107361854\0012.png...
2023-01-20 23:17:58,495 - root - DEBUG - extracting E:\Codez\zepp-bip3-wf\d61b544cec31a57d76ede2f107361854\0013.png...
2023-01-20 23:17:58,495 - root - DEBUG - extracting E:\Codez\zepp-bip3-wf\d61b544cec31a57d76ede2f107361854\0014.png...
2023-01-20 23:17:58,495 - root - DEBUG - extracting E:\Codez\zepp-bip3-wf\d61b544cec31a57d76ede2f107361854\0015.png...
2023-01-20 23:17:58,495 - root - DEBUG - extracting E:\Codez\zepp-bip3-wf\d61b544cec31a57d76ede2f107361854\0016.png...
2023-01-20 23:17:58,495 - root - DEBUG - extracting E:\Codez\zepp-bip3-wf\d61b544cec31a57d76ede2f107361854\0017.png...
2023-01-20 23:17:58,495 - root - DEBUG - extracting E:\Codez\zepp-bip3-wf\d61b544cec31a57d76ede2f107361854\0018.png...
2023-01-20 23:17:58,505 - root - DEBUG - extracting E:\Codez\zepp-bip3-wf\d61b544cec31a57d76ede2f107361854\0019.png...
2023-01-20 23:17:58,505 - root - DEBUG - extracting E:\Codez\zepp-bip3-wf\d61b544cec31a57d76ede2f107361854\0020.png...
2023-01-20 23:17:58,507 - root - DEBUG - extracting E:\Codez\zepp-bip3-wf\d61b544cec31a57d76ede2f107361854\0021.png...
2023-01-20 23:17:58,509 - root - DEBUG - extracting E:\Codez\zepp-bip3-wf\d61b544cec31a57d76ede2f107361854\0022.png...
2023-01-20 23:17:58,509 - root - DEBUG - extracting E:\Codez\zepp-bip3-wf\d61b544cec31a57d76ede2f107361854\0023.png...
2023-01-20 23:17:58,509 - root - DEBUG - extracting E:\Codez\zepp-bip3-wf\d61b544cec31a57d76ede2f107361854\0024.png...
2023-01-20 23:17:58,509 - root - DEBUG - extracting E:\Codez\zepp-bip3-wf\d61b544cec31a57d76ede2f107361854\0025.png...
2023-01-20 23:17:58,509 - root - DEBUG - extracting E:\Codez\zepp-bip3-wf\d61b544cec31a57d76ede2f107361854\0026.png...
2023-01-20 23:17:58,509 - root - DEBUG - extracting E:\Codez\zepp-bip3-wf\d61b544cec31a57d76ede2f107361854\0027.png...
2023-01-20 23:17:58,509 - root - DEBUG - extracting E:\Codez\zepp-bip3-wf\d61b544cec31a57d76ede2f107361854\0028.png...
2023-01-20 23:17:58,515 - root - DEBUG - extracting E:\Codez\zepp-bip3-wf\d61b544cec31a57d76ede2f107361854\0029.png...
2023-01-20 23:17:58,515 - root - DEBUG - extracting E:\Codez\zepp-bip3-wf\d61b544cec31a57d76ede2f107361854\0030.png...
2023-01-20 23:17:58,515 - root - DEBUG - extracting E:\Codez\zepp-bip3-wf\d61b544cec31a57d76ede2f107361854\0031.png...
2023-01-20 23:17:58,515 - root - DEBUG - extracting E:\Codez\zepp-bip3-wf\d61b544cec31a57d76ede2f107361854\0032.png...
2023-01-20 23:17:58,515 - root - DEBUG - extracting E:\Codez\zepp-bip3-wf\d61b544cec31a57d76ede2f107361854\0033.png...
2023-01-20 23:17:58,515 - root - DEBUG - extracting E:\Codez\zepp-bip3-wf\d61b544cec31a57d76ede2f107361854\0034.png...
2023-01-20 23:17:58,515 - root - DEBUG - extracting E:\Codez\zepp-bip3-wf\d61b544cec31a57d76ede2f107361854\0035.png...
2023-01-20 23:17:58,515 - root - DEBUG - extracting E:\Codez\zepp-bip3-wf\d61b544cec31a57d76ede2f107361854\0036.png...
2023-01-20 23:17:58,515 - root - DEBUG - extracting E:\Codez\zepp-bip3-wf\d61b544cec31a57d76ede2f107361854\0037.png...
2023-01-20 23:17:58,515 - root - DEBUG - extracting E:\Codez\zepp-bip3-wf\d61b544cec31a57d76ede2f107361854\0038.png...
2023-01-20 23:17:58,523 - root - DEBUG - extracting E:\Codez\zepp-bip3-wf\d61b544cec31a57d76ede2f107361854\0039.png...
2023-01-20 23:17:58,525 - root - DEBUG - extracting E:\Codez\zepp-bip3-wf\d61b544cec31a57d76ede2f107361854\0040.png...
2023-01-20 23:17:58,525 - root - DEBUG - extracting E:\Codez\zepp-bip3-wf\d61b544cec31a57d76ede2f107361854\0041.png...
2023-01-20 23:17:58,525 - root - DEBUG - extracting E:\Codez\zepp-bip3-wf\d61b544cec31a57d76ede2f107361854\0042.png...
2023-01-20 23:17:58,525 - root - DEBUG - extracting E:\Codez\zepp-bip3-wf\d61b544cec31a57d76ede2f107361854\0043.png...
2023-01-20 23:17:58,525 - root - DEBUG - extracting E:\Codez\zepp-bip3-wf\d61b544cec31a57d76ede2f107361854\0044.png...
2023-01-20 23:17:58,530 - root - DEBUG - extracting E:\Codez\zepp-bip3-wf\d61b544cec31a57d76ede2f107361854\0045.png...
2023-01-20 23:17:58,530 - root - DEBUG - extracting E:\Codez\zepp-bip3-wf\d61b544cec31a57d76ede2f107361854\0046.png...
2023-01-20 23:17:58,530 - root - DEBUG - extracting E:\Codez\zepp-bip3-wf\d61b544cec31a57d76ede2f107361854\0047.png...
2023-01-20 23:17:58,530 - root - DEBUG - extracting E:\Codez\zepp-bip3-wf\d61b544cec31a57d76ede2f107361854\0048.png...
2023-01-20 23:17:58,530 - root - DEBUG - extracting E:\Codez\zepp-bip3-wf\d61b544cec31a57d76ede2f107361854\0049.png...
2023-01-20 23:17:58,535 - root - DEBUG - extracting E:\Codez\zepp-bip3-wf\d61b544cec31a57d76ede2f107361854\0050.png...
2023-01-20 23:17:58,535 - root - DEBUG - extracting E:\Codez\zepp-bip3-wf\d61b544cec31a57d76ede2f107361854\0051.png...
2023-01-20 23:17:58,535 - root - DEBUG - extracting E:\Codez\zepp-bip3-wf\d61b544cec31a57d76ede2f107361854\0052.png...
2023-01-20 23:17:58,539 - root - DEBUG - extracting E:\Codez\zepp-bip3-wf\d61b544cec31a57d76ede2f107361854\0053.png...
2023-01-20 23:17:58,539 - root - DEBUG - extracting E:\Codez\zepp-bip3-wf\d61b544cec31a57d76ede2f107361854\0054.png...
2023-01-20 23:17:58,539 - root - DEBUG - extracting E:\Codez\zepp-bip3-wf\d61b544cec31a57d76ede2f107361854\0055.png...
2023-01-20 23:17:58,539 - root - DEBUG - extracting E:\Codez\zepp-bip3-wf\d61b544cec31a57d76ede2f107361854\0056.png...
2023-01-20 23:17:58,545 - root - DEBUG - extracting E:\Codez\zepp-bip3-wf\d61b544cec31a57d76ede2f107361854\0057.png...
2023-01-20 23:17:58,545 - root - DEBUG - extracting E:\Codez\zepp-bip3-wf\d61b544cec31a57d76ede2f107361854\0058.png...
2023-01-20 23:17:58,545 - root - DEBUG - extracting E:\Codez\zepp-bip3-wf\d61b544cec31a57d76ede2f107361854\0059.png...
2023-01-20 23:17:58,545 - root - DEBUG - extracting E:\Codez\zepp-bip3-wf\d61b544cec31a57d76ede2f107361854\0060.png...
2023-01-20 23:17:58,550 - root - DEBUG - extracting E:\Codez\zepp-bip3-wf\d61b544cec31a57d76ede2f107361854\0061.png...
2023-01-20 23:17:58,550 - root - DEBUG - extracting E:\Codez\zepp-bip3-wf\d61b544cec31a57d76ede2f107361854\0062.png...
2023-01-20 23:17:58,550 - root - DEBUG - extracting E:\Codez\zepp-bip3-wf\d61b544cec31a57d76ede2f107361854\0063.png...
2023-01-20 23:17:58,550 - root - DEBUG - extracting E:\Codez\zepp-bip3-wf\d61b544cec31a57d76ede2f107361854\0064.png...
2023-01-20 23:17:58,555 - root - DEBUG - extracting E:\Codez\zepp-bip3-wf\d61b544cec31a57d76ede2f107361854\0065.png...
2023-01-20 23:17:58,560 - root - DEBUG - extracting E:\Codez\zepp-bip3-wf\d61b544cec31a57d76ede2f107361854\0066.png...
2023-01-20 23:17:58,560 - root - DEBUG - extracting E:\Codez\zepp-bip3-wf\d61b544cec31a57d76ede2f107361854\0067.png...
2023-01-20 23:17:58,565 - root - DEBUG - extracting E:\Codez\zepp-bip3-wf\d61b544cec31a57d76ede2f107361854\0068.png...
2023-01-20 23:17:58,565 - root - DEBUG - extracting E:\Codez\zepp-bip3-wf\d61b544cec31a57d76ede2f107361854\0069.png...
2023-01-20 23:17:58,565 - root - DEBUG - extracting E:\Codez\zepp-bip3-wf\d61b544cec31a57d76ede2f107361854\0070.png...
2023-01-20 23:17:58,565 - root - DEBUG - extracting E:\Codez\zepp-bip3-wf\d61b544cec31a57d76ede2f107361854\0071.png...
2023-01-20 23:17:58,570 - root - DEBUG - extracting E:\Codez\zepp-bip3-wf\d61b544cec31a57d76ede2f107361854\0072.png...
2023-01-20 23:17:58,570 - root - DEBUG - extracting E:\Codez\zepp-bip3-wf\d61b544cec31a57d76ede2f107361854\0073.png...
2023-01-20 23:17:58,570 - root - DEBUG - extracting E:\Codez\zepp-bip3-wf\d61b544cec31a57d76ede2f107361854\0074.png...
2023-01-20 23:17:58,575 - root - DEBUG - extracting E:\Codez\zepp-bip3-wf\d61b544cec31a57d76ede2f107361854\0075.png...
2023-01-20 23:17:58,575 - root - DEBUG - extracting E:\Codez\zepp-bip3-wf\d61b544cec31a57d76ede2f107361854\0076.png...
2023-01-20 23:17:58,575 - root - DEBUG - extracting E:\Codez\zepp-bip3-wf\d61b544cec31a57d76ede2f107361854\0077.png...
2023-01-20 23:17:58,580 - root - DEBUG - extracting E:\Codez\zepp-bip3-wf\d61b544cec31a57d76ede2f107361854\0078.png...
2023-01-20 23:17:58,580 - root - DEBUG - extracting E:\Codez\zepp-bip3-wf\d61b544cec31a57d76ede2f107361854\0079.png...
2023-01-20 23:17:58,580 - root - DEBUG - extracting E:\Codez\zepp-bip3-wf\d61b544cec31a57d76ede2f107361854\0080.png...
2023-01-20 23:17:58,580 - root - DEBUG - extracting E:\Codez\zepp-bip3-wf\d61b544cec31a57d76ede2f107361854\0081.png...
2023-01-20 23:17:58,585 - root - DEBUG - extracting E:\Codez\zepp-bip3-wf\d61b544cec31a57d76ede2f107361854\0082.png...
2023-01-20 23:17:58,586 - root - DEBUG - extracting E:\Codez\zepp-bip3-wf\d61b544cec31a57d76ede2f107361854\0083.png...
2023-01-20 23:17:58,586 - root - DEBUG - extracting E:\Codez\zepp-bip3-wf\d61b544cec31a57d76ede2f107361854\0084.png...
2023-01-20 23:17:58,586 - root - DEBUG - extracting E:\Codez\zepp-bip3-wf\d61b544cec31a57d76ede2f107361854\0085.png...
2023-01-20 23:17:58,586 - root - DEBUG - extracting E:\Codez\zepp-bip3-wf\d61b544cec31a57d76ede2f107361854\0086.png...
2023-01-20 23:17:58,586 - root - DEBUG - Exporting config...
