2023-01-20 23:16:53,902 - root - DEBUG - Opening watch face 'E:\Codez\zepp-bip3-wf\203fbca975ab065801946502026aea61.bin'
2023-01-20 23:16:53,902 - root - DEBUG - Reading parameters...
2023-01-20 23:16:53,903 - root - INFO - Reading header...
2023-01-20 23:16:53,905 - root - INFO - Header was read:
2023-01-20 23:16:53,905 - root - INFO - Signature: b'UIHH\x01\x00\xff', Unknown: 60, ParametersSize: 54, isValid: True, deviceId: 71
2023-01-20 23:16:53,905 - root - INFO - Reading parameter offsets...
2023-01-20 23:16:53,905 - root - INFO - Parameter offsets were read from file
2023-01-20 23:16:53,905 - root - INFO - Reading parameters descriptor...
2023-01-20 23:16:53,905 - root - INFO - 1 ( A): 5 bytes
2023-01-20 23:16:53,906 - root - INFO -     1 ( 8): 188 BC
2023-01-20 23:16:53,907 - root - INFO -     2 (10): 83 53
2023-01-20 23:16:53,907 - root - INFO - getParameters descriptor was read:
2023-01-20 23:16:53,907 - root - INFO - ParametersTableLength: 188, ImagesCount: 83
2023-01-20 23:16:53,907 - root - INFO - Reading parameters locations...
2023-01-20 23:16:53,907 - root - INFO - 2 (12): 4 bytes
2023-01-20 23:16:53,908 - root - INFO -     1 ( 8): 0  0
2023-01-20 23:16:53,908 - root - INFO -     2 (10): 32 20
2023-01-20 23:16:53,908 - root - INFO - 3 (1A): 4 bytes
2023-01-20 23:16:53,908 - root - INFO -     1 ( 8): 32 20
2023-01-20 23:16:53,908 - root - INFO -     2 (10): 52 34
2023-01-20 23:16:53,908 - root - INFO - 5 (2A): 4 bytes
2023-01-20 23:16:53,908 - root - INFO -     1 ( 8): 84 54
2023-01-20 23:16:53,909 - root - INFO -     2 (10): 60 3C
2023-01-20 23:16:53,909 - root - INFO - 7 (3A): 5 bytes
2023-01-20 23:16:53,909 - root - INFO -     1 ( 8): 144 90
2023-01-20 23:16:53,909 - root - INFO -     2 (10): 11  B
2023-01-20 23:16:53,909 - root - INFO - 9 (4A): 5 bytes
2023-01-20 23:16:53,909 - root - INFO -     1 ( 8): 165 A5
2023-01-20 23:16:53,909 - root - INFO -     2 (10): 12  C
2023-01-20 23:16:53,909 - root - INFO - 12 (62): 5 bytes
2023-01-20 23:16:53,909 - root - INFO -     1 ( 8): 155 9B
2023-01-20 23:16:53,909 - root - INFO -     2 (10): 10  A
2023-01-20 23:16:53,910 - root - INFO - 26 (D2): 5 bytes
2023-01-20 23:16:53,910 - root - INFO -     1 ( 8): 177 B1
2023-01-20 23:16:53,910 - root - INFO -     2 (10): 11  B
2023-01-20 23:16:53,910 - root - INFO - Watch face parameters locations were read:
2023-01-20 23:16:53,911 - root - INFO - Reading descriptor for parameter 2
2023-01-20 23:16:53,911 - root - INFO - Descriptor offset: 0, Descriptor length: 32
2023-01-20 23:16:53,911 - root - INFO - Parsing descriptor for parameter 2...
2023-01-20 23:16:53,911 - root - INFO - 1 ( A): 6 bytes
2023-01-20 23:16:53,911 - root - INFO -     1 ( 8): 0  0
2023-01-20 23:16:53,911 - root - INFO -     2 (10): 0  0
2023-01-20 23:16:53,911 - root - INFO -     3 (18): 2  2
2023-01-20 23:16:53,911 - root - INFO - 3 (1A): 6 bytes
2023-01-20 23:16:53,912 - root - INFO -     1 ( 8): 0  0
2023-01-20 23:16:53,912 - root - INFO -     2 (10): 0  0
2023-01-20 23:16:53,912 - root - INFO -     3 (18): 0  0
2023-01-20 23:16:53,912 - root - INFO - 4 (22): 6 bytes
2023-01-20 23:16:53,912 - root - INFO -     1 ( 8): 0  0
2023-01-20 23:16:53,912 - root - INFO -     2 (10): 0  0
2023-01-20 23:16:53,912 - root - INFO -     3 (18): 1  1
2023-01-20 23:16:53,912 - root - INFO - 5 (2A): 6 bytes
2023-01-20 23:16:53,912 - root - INFO -     1 ( 8): 0  0
2023-01-20 23:16:53,912 - root - INFO -     2 (10): 0  0
2023-01-20 23:16:53,912 - root - INFO -     3 (18): 1  1
2023-01-20 23:16:53,912 - root - INFO - Reading descriptor for parameter 3
2023-01-20 23:16:53,912 - root - INFO - Descriptor offset: 32, Descriptor length: 52
2023-01-20 23:16:53,912 - root - INFO - Parsing descriptor for parameter 3...
2023-01-20 23:16:53,912 - root - INFO - 1 ( A): 50 bytes
2023-01-20 23:16:53,913 - root - INFO -     1 ( A): 20 bytes
2023-01-20 23:16:53,913 - root - INFO -         1 ( A): 8 bytes
2023-01-20 23:16:53,913 - root - INFO -             1 ( 8): 81 51
2023-01-20 23:16:53,913 - root - INFO -             2 (10): 56 38
2023-01-20 23:16:53,913 - root - INFO -             3 (18): 3  3
2023-01-20 23:16:53,913 - root - INFO -             4 (20): 10  A
2023-01-20 23:16:53,913 - root - INFO -         2 (12): 8 bytes
2023-01-20 23:16:53,913 - root - INFO -             1 ( 8): 120 78
2023-01-20 23:16:53,913 - root - INFO -             2 (10): 56 38
2023-01-20 23:16:53,914 - root - INFO -             3 (18): 3  3
2023-01-20 23:16:53,914 - root - INFO -             4 (20): 10  A
2023-01-20 23:16:53,914 - root - INFO -     2 (12): 22 bytes
2023-01-20 23:16:53,914 - root - INFO -         1 ( A): 9 bytes
2023-01-20 23:16:53,914 - root - INFO -             1 ( 8): 81 51
2023-01-20 23:16:53,914 - root - INFO -             2 (10): 129 81
2023-01-20 23:16:53,914 - root - INFO -             3 (18): 3  3
2023-01-20 23:16:53,914 - root - INFO -             4 (20): 10  A
2023-01-20 23:16:53,914 - root - INFO -         2 (12): 9 bytes
2023-01-20 23:16:53,914 - root - INFO -             1 ( 8): 120 78
2023-01-20 23:16:53,914 - root - INFO -             2 (10): 129 81
2023-01-20 23:16:53,915 - root - INFO -             3 (18): 3  3
2023-01-20 23:16:53,915 - root - INFO -             4 (20): 10  A
2023-01-20 23:16:53,915 - root - INFO -     7 (38): 0  0
2023-01-20 23:16:53,915 - root - INFO -     8 (40): 1  1
2023-01-20 23:16:53,915 - root - INFO - Reading descriptor for parameter 5
2023-01-20 23:16:53,915 - root - INFO - Descriptor offset: 84, Descriptor length: 60
2023-01-20 23:16:53,915 - root - INFO - Parsing descriptor for parameter 5...
2023-01-20 23:16:53,915 - root - INFO - 1 ( A): 58 bytes
2023-01-20 23:16:53,915 - root - INFO -     9 (4A): 50 bytes
2023-01-20 23:16:53,916 - root - INFO -         3 (1A): 22 bytes
2023-01-20 23:16:53,916 - root - INFO -             1 ( 8): 131 83
2023-01-20 23:16:53,916 - root - INFO -             2 (10): 207 CF
2023-01-20 23:16:53,916 - root - INFO -             3 (18): 149 95
2023-01-20 23:16:53,916 - root - INFO -             4 (20): 222 DE
2023-01-20 23:16:53,916 - root - INFO -             5 (28): 18 12
2023-01-20 23:16:53,916 - root - INFO -             6 (30): 0  0
2023-01-20 23:16:53,916 - root - INFO -             7 (38): 0  0
2023-01-20 23:16:53,916 - root - INFO -             8 (40): 13  D
2023-01-20 23:16:53,916 - root - INFO -             9 (48): 10  A
2023-01-20 23:16:53,916 - root - INFO -         4 (20): 0  0
2023-01-20 23:16:53,917 - root - INFO -         5 (28): 0  0
2023-01-20 23:16:53,917 - root - INFO -         6 (32): 9 bytes
2023-01-20 23:16:53,917 - root - INFO -             1 ( 8): 82 52
2023-01-20 23:16:53,917 - root - INFO -             2 (10): 207 CF
2023-01-20 23:16:53,917 - root - INFO -             3 (18): 23 17
2023-01-20 23:16:53,917 - root - INFO -             4 (20): 12  C
2023-01-20 23:16:53,917 - root - INFO -         7 (3A): 9 bytes
2023-01-20 23:16:53,917 - root - INFO -             1 ( 8): 82 52
2023-01-20 23:16:53,917 - root - INFO -             2 (10): 207 CF
2023-01-20 23:16:53,917 - root - INFO -             3 (18): 35 23
2023-01-20 23:16:53,918 - root - INFO -             4 (20): 12  C
2023-01-20 23:16:53,918 - root - INFO -     4 (20): 1  1
2023-01-20 23:16:53,918 - root - INFO -     5 (28): 1  1
2023-01-20 23:16:53,918 - root - INFO -     6 (30): 0  0
2023-01-20 23:16:53,918 - root - INFO - Reading descriptor for parameter 7
2023-01-20 23:16:53,918 - root - INFO - Descriptor offset: 144, Descriptor length: 11
2023-01-20 23:16:53,918 - root - INFO - Parsing descriptor for parameter 7...
2023-01-20 23:16:53,918 - root - INFO - 2 (12): 9 bytes
2023-01-20 23:16:53,918 - root - INFO -     1 ( 8): 153 99
2023-01-20 23:16:53,919 - root - INFO -     2 (10): 6  6
2023-01-20 23:16:53,919 - root - INFO -     3 (18): 47 2F
2023-01-20 23:16:53,919 - root - INFO -     4 (20): 10  A
2023-01-20 23:16:53,919 - root - INFO - Reading descriptor for parameter 9
2023-01-20 23:16:53,919 - root - INFO - Descriptor offset: 165, Descriptor length: 12
2023-01-20 23:16:53,919 - root - INFO - Parsing descriptor for parameter 9...
2023-01-20 23:16:53,919 - root - INFO - 2 (12): 10 bytes
2023-01-20 23:16:53,919 - root - INFO -     1 ( 8): 153 99
2023-01-20 23:16:53,919 - root - INFO -     2 (10): 151 97
2023-01-20 23:16:53,920 - root - INFO -     3 (18): 63 3F
2023-01-20 23:16:53,920 - root - INFO -     4 (20): 10  A
2023-01-20 23:16:53,920 - root - INFO - Reading descriptor for parameter 12
2023-01-20 23:16:53,920 - root - INFO - Descriptor offset: 155, Descriptor length: 10
2023-01-20 23:16:53,920 - root - INFO - Parsing descriptor for parameter 12...
2023-01-20 23:16:53,920 - root - INFO - 2 (12): 8 bytes
2023-01-20 23:16:53,920 - root - INFO -     1 ( 8): 6  6
2023-01-20 23:16:53,920 - root - INFO -     2 (10): 6  6
2023-01-20 23:16:53,920 - root - INFO -     3 (18): 57 39
2023-01-20 23:16:53,921 - root - INFO -     4 (20): 6  6
2023-01-20 23:16:53,921 - root - INFO - Reading descriptor for parameter 26
2023-01-20 23:16:53,921 - root - INFO - Descriptor offset: 177, Descriptor length: 11
2023-01-20 23:16:53,921 - root - INFO - Parsing descriptor for parameter 26...
2023-01-20 23:16:53,921 - root - INFO - 1 ( A): 9 bytes
2023-01-20 23:16:53,921 - root - INFO -     1 ( 8): 6  6
2023-01-20 23:16:53,921 - root - INFO -     2 (10): 151 97
2023-01-20 23:16:53,921 - root - INFO -     3 (18): 73 49
2023-01-20 23:16:53,921 - root - INFO -     4 (20): 10  A
2023-01-20 23:16:53,925 - root - INFO - Reading resources offsets table with 83 elements (332 bytes)
2023-01-20 23:16:53,925 - root - INFO - Resource 0 offset: 661, length: 51224...
2023-01-20 23:16:53,925 - root - DEBUG - Reading resource 0...
2023-01-20 23:16:53,959 - root - INFO - The image is bmc.
2023-01-20 23:16:53,959 - root - INFO - Reading image header(readHeader16C)...
2023-01-20 23:16:53,959 - root - INFO - Image header was read:
2023-01-20 23:16:53,959 - root - INFO - Width: 148, Height: 173, RowLength: 296
2023-01-20 23:16:53,959 - root - INFO - _step: 2, unknown2: 0,
2023-01-20 23:16:53,959 - root - INFO - BPP: 16, Transparency: False
2023-01-20 23:16:54,061 - root - INFO - Resource 1 offset: 51885, length: 51224...
2023-01-20 23:16:54,061 - root - DEBUG - Reading resource 1...
2023-01-20 23:16:54,061 - root - INFO - The image is bmc.
2023-01-20 23:16:54,061 - root - INFO - Reading image header(readHeader16C)...
2023-01-20 23:16:54,061 - root - INFO - Image header was read:
2023-01-20 23:16:54,062 - root - INFO - Width: 148, Height: 173, RowLength: 296
2023-01-20 23:16:54,062 - root - INFO - _step: 2, unknown2: 0,
2023-01-20 23:16:54,062 - root - INFO - BPP: 16, Transparency: False
2023-01-20 23:16:54,164 - root - INFO - Resource 2 offset: 103109, length: 134416...
2023-01-20 23:16:54,164 - root - DEBUG - Reading resource 2...
2023-01-20 23:16:54,164 - root - INFO - The image is bmc.
2023-01-20 23:16:54,165 - root - INFO - Reading image header(readHeader16C)...
2023-01-20 23:16:54,165 - root - INFO - Image header was read:
2023-01-20 23:16:54,165 - root - INFO - Width: 240, Height: 280, RowLength: 480
2023-01-20 23:16:54,165 - root - INFO - _step: 2, unknown2: 0,
2023-01-20 23:16:54,165 - root - INFO - BPP: 16, Transparency: False
2023-01-20 23:16:54,426 - root - INFO - Resource 3 offset: 237525, length: 2604...
2023-01-20 23:16:54,426 - root - DEBUG - Reading resource 3...
2023-01-20 23:16:54,426 - root - INFO - The image is bme.
2023-01-20 23:16:54,426 - root - INFO - Reading image header(readHeader16E)...
2023-01-20 23:16:54,426 - root - INFO - Image header was read:
2023-01-20 23:16:54,426 - root - INFO - Width: 39, Height: 73, RowLength: 78
2023-01-20 23:16:54,426 - root - INFO - datalength: 2588, _step: 2
2023-01-20 23:16:54,426 - root - INFO - BPP: 16, Transparency: False
2023-01-20 23:16:54,431 - root - INFO - Resource 4 offset: 240129, length: 1316...
2023-01-20 23:16:54,431 - root - DEBUG - Reading resource 4...
2023-01-20 23:16:54,431 - root - INFO - The image is bme.
2023-01-20 23:16:54,431 - root - INFO - Reading image header(readHeader16E)...
2023-01-20 23:16:54,431 - root - INFO - Image header was read:
2023-01-20 23:16:54,431 - root - INFO - Width: 39, Height: 73, RowLength: 78
2023-01-20 23:16:54,432 - root - INFO - datalength: 1300, _step: 2
2023-01-20 23:16:54,432 - root - INFO - BPP: 16, Transparency: False
2023-01-20 23:16:54,433 - root - INFO - Resource 5 offset: 241445, length: 2116...
2023-01-20 23:16:54,433 - root - DEBUG - Reading resource 5...
2023-01-20 23:16:54,434 - root - INFO - The image is bme.
2023-01-20 23:16:54,434 - root - INFO - Reading image header(readHeader16E)...
2023-01-20 23:16:54,434 - root - INFO - Image header was read:
2023-01-20 23:16:54,434 - root - INFO - Width: 39, Height: 73, RowLength: 78
2023-01-20 23:16:54,434 - root - INFO - datalength: 2100, _step: 2
2023-01-20 23:16:54,434 - root - INFO - BPP: 16, Transparency: False
2023-01-20 23:16:54,438 - root - INFO - Resource 6 offset: 243561, length: 2130...
2023-01-20 23:16:54,438 - root - DEBUG - Reading resource 6...
2023-01-20 23:16:54,438 - root - INFO - The image is bme.
2023-01-20 23:16:54,438 - root - INFO - Reading image header(readHeader16E)...
2023-01-20 23:16:54,438 - root - INFO - Image header was read:
2023-01-20 23:16:54,438 - root - INFO - Width: 39, Height: 73, RowLength: 78
2023-01-20 23:16:54,438 - root - INFO - datalength: 2114, _step: 2
2023-01-20 23:16:54,438 - root - INFO - BPP: 16, Transparency: False
2023-01-20 23:16:54,443 - root - INFO - Resource 7 offset: 245691, length: 1900...
2023-01-20 23:16:54,443 - root - DEBUG - Reading resource 7...
2023-01-20 23:16:54,443 - root - INFO - The image is bme.
2023-01-20 23:16:54,443 - root - INFO - Reading image header(readHeader16E)...
2023-01-20 23:16:54,444 - root - INFO - Image header was read:
2023-01-20 23:16:54,444 - root - INFO - Width: 39, Height: 73, RowLength: 78
2023-01-20 23:16:54,444 - root - INFO - datalength: 1884, _step: 2
2023-01-20 23:16:54,444 - root - INFO - BPP: 16, Transparency: False
2023-01-20 23:16:54,447 - root - INFO - Resource 8 offset: 247591, length: 2354...
2023-01-20 23:16:54,447 - root - DEBUG - Reading resource 8...
2023-01-20 23:16:54,447 - root - INFO - The image is bme.
2023-01-20 23:16:54,447 - root - INFO - Reading image header(readHeader16E)...
2023-01-20 23:16:54,448 - root - INFO - Image header was read:
2023-01-20 23:16:54,448 - root - INFO - Width: 39, Height: 73, RowLength: 78
2023-01-20 23:16:54,448 - root - INFO - datalength: 2338, _step: 2
2023-01-20 23:16:54,448 - root - INFO - BPP: 16, Transparency: False
2023-01-20 23:16:54,452 - root - INFO - Resource 9 offset: 249945, length: 2598...
2023-01-20 23:16:54,452 - root - DEBUG - Reading resource 9...
2023-01-20 23:16:54,452 - root - INFO - The image is bme.
2023-01-20 23:16:54,452 - root - INFO - Reading image header(readHeader16E)...
2023-01-20 23:16:54,452 - root - INFO - Image header was read:
2023-01-20 23:16:54,452 - root - INFO - Width: 39, Height: 73, RowLength: 78
2023-01-20 23:16:54,452 - root - INFO - datalength: 2582, _step: 2
2023-01-20 23:16:54,452 - root - INFO - BPP: 16, Transparency: False
2023-01-20 23:16:54,457 - root - INFO - Resource 10 offset: 252543, length: 1686...
2023-01-20 23:16:54,457 - root - DEBUG - Reading resource 10...
2023-01-20 23:16:54,457 - root - INFO - The image is bme.
2023-01-20 23:16:54,457 - root - INFO - Reading image header(readHeader16E)...
2023-01-20 23:16:54,457 - root - INFO - Image header was read:
2023-01-20 23:16:54,457 - root - INFO - Width: 39, Height: 73, RowLength: 78
2023-01-20 23:16:54,457 - root - INFO - datalength: 1670, _step: 2
2023-01-20 23:16:54,457 - root - INFO - BPP: 16, Transparency: False
2023-01-20 23:16:54,460 - root - INFO - Resource 11 offset: 254229, length: 2670...
2023-01-20 23:16:54,460 - root - DEBUG - Reading resource 11...
2023-01-20 23:16:54,461 - root - INFO - The image is bme.
2023-01-20 23:16:54,461 - root - INFO - Reading image header(readHeader16E)...
2023-01-20 23:16:54,461 - root - INFO - Image header was read:
2023-01-20 23:16:54,461 - root - INFO - Width: 39, Height: 73, RowLength: 78
2023-01-20 23:16:54,461 - root - INFO - datalength: 2654, _step: 2
2023-01-20 23:16:54,461 - root - INFO - BPP: 16, Transparency: False
2023-01-20 23:16:54,466 - root - INFO - Resource 12 offset: 256899, length: 2586...
2023-01-20 23:16:54,467 - root - DEBUG - Reading resource 12...
2023-01-20 23:16:54,467 - root - INFO - The image is bme.
2023-01-20 23:16:54,467 - root - INFO - Reading image header(readHeader16E)...
2023-01-20 23:16:54,467 - root - INFO - Image header was read:
2023-01-20 23:16:54,467 - root - INFO - Width: 39, Height: 73, RowLength: 78
2023-01-20 23:16:54,467 - root - INFO - datalength: 2570, _step: 2
2023-01-20 23:16:54,467 - root - INFO - BPP: 16, Transparency: False
2023-01-20 23:16:54,472 - root - INFO - Resource 13 offset: 259485, length: 348...
2023-01-20 23:16:54,472 - root - DEBUG - Reading resource 13...
2023-01-20 23:16:54,472 - root - INFO - The image is bme.
2023-01-20 23:16:54,472 - root - INFO - Reading image header(readHeader16E)...
2023-01-20 23:16:54,472 - root - INFO - Image header was read:
2023-01-20 23:16:54,472 - root - INFO - Width: 9, Height: 15, RowLength: 18
2023-01-20 23:16:54,472 - root - INFO - datalength: 332, _step: 2
2023-01-20 23:16:54,472 - root - INFO - BPP: 16, Transparency: False
2023-01-20 23:16:54,472 - root - INFO - Resource 14 offset: 259833, length: 192...
2023-01-20 23:16:54,473 - root - DEBUG - Reading resource 14...
2023-01-20 23:16:54,473 - root - INFO - The image is bme.
2023-01-20 23:16:54,473 - root - INFO - Reading image header(readHeader16E)...
2023-01-20 23:16:54,473 - root - INFO - Image header was read:
2023-01-20 23:16:54,473 - root - INFO - Width: 9, Height: 15, RowLength: 18
2023-01-20 23:16:54,473 - root - INFO - datalength: 176, _step: 2
2023-01-20 23:16:54,473 - root - INFO - BPP: 16, Transparency: False
2023-01-20 23:16:54,473 - root - INFO - Resource 15 offset: 260025, length: 304...
2023-01-20 23:16:54,474 - root - DEBUG - Reading resource 15...
2023-01-20 23:16:54,474 - root - INFO - The image is bme.
2023-01-20 23:16:54,474 - root - INFO - Reading image header(readHeader16E)...
2023-01-20 23:16:54,474 - root - INFO - Image header was read:
2023-01-20 23:16:54,474 - root - INFO - Width: 9, Height: 15, RowLength: 18
2023-01-20 23:16:54,474 - root - INFO - datalength: 288, _step: 2
2023-01-20 23:16:54,474 - root - INFO - BPP: 16, Transparency: False
2023-01-20 23:16:54,475 - root - INFO - Resource 16 offset: 260329, length: 294...
2023-01-20 23:16:54,475 - root - DEBUG - Reading resource 16...
2023-01-20 23:16:54,475 - root - INFO - The image is bme.
2023-01-20 23:16:54,475 - root - INFO - Reading image header(readHeader16E)...
2023-01-20 23:16:54,475 - root - INFO - Image header was read:
2023-01-20 23:16:54,475 - root - INFO - Width: 9, Height: 15, RowLength: 18
2023-01-20 23:16:54,475 - root - INFO - datalength: 278, _step: 2
2023-01-20 23:16:54,475 - root - INFO - BPP: 16, Transparency: False
2023-01-20 23:16:54,476 - root - INFO - Resource 17 offset: 260623, length: 250...
2023-01-20 23:16:54,476 - root - DEBUG - Reading resource 17...
2023-01-20 23:16:54,476 - root - INFO - The image is bme.
2023-01-20 23:16:54,476 - root - INFO - Reading image header(readHeader16E)...
2023-01-20 23:16:54,476 - root - INFO - Image header was read:
2023-01-20 23:16:54,476 - root - INFO - Width: 9, Height: 15, RowLength: 18
2023-01-20 23:16:54,476 - root - INFO - datalength: 234, _step: 2
2023-01-20 23:16:54,476 - root - INFO - BPP: 16, Transparency: False
2023-01-20 23:16:54,477 - root - INFO - Resource 18 offset: 260873, length: 316...
2023-01-20 23:16:54,477 - root - DEBUG - Reading resource 18...
2023-01-20 23:16:54,477 - root - INFO - The image is bme.
2023-01-20 23:16:54,477 - root - INFO - Reading image header(readHeader16E)...
2023-01-20 23:16:54,477 - root - INFO - Image header was read:
2023-01-20 23:16:54,477 - root - INFO - Width: 9, Height: 15, RowLength: 18
2023-01-20 23:16:54,477 - root - INFO - datalength: 300, _step: 2
2023-01-20 23:16:54,477 - root - INFO - BPP: 16, Transparency: False
2023-01-20 23:16:54,478 - root - INFO - Resource 19 offset: 261189, length: 334...
2023-01-20 23:16:54,478 - root - DEBUG - Reading resource 19...
2023-01-20 23:16:54,478 - root - INFO - The image is bme.
2023-01-20 23:16:54,478 - root - INFO - Reading image header(readHeader16E)...
2023-01-20 23:16:54,478 - root - INFO - Image header was read:
2023-01-20 23:16:54,478 - root - INFO - Width: 9, Height: 15, RowLength: 18
2023-01-20 23:16:54,478 - root - INFO - datalength: 318, _step: 2
2023-01-20 23:16:54,478 - root - INFO - BPP: 16, Transparency: False
2023-01-20 23:16:54,479 - root - INFO - Resource 20 offset: 261523, length: 236...
2023-01-20 23:16:54,479 - root - DEBUG - Reading resource 20...
2023-01-20 23:16:54,479 - root - INFO - The image is bme.
2023-01-20 23:16:54,479 - root - INFO - Reading image header(readHeader16E)...
2023-01-20 23:16:54,479 - root - INFO - Image header was read:
2023-01-20 23:16:54,479 - root - INFO - Width: 9, Height: 15, RowLength: 18
2023-01-20 23:16:54,479 - root - INFO - datalength: 220, _step: 2
2023-01-20 23:16:54,480 - root - INFO - BPP: 16, Transparency: False
2023-01-20 23:16:54,480 - root - INFO - Resource 21 offset: 261759, length: 328...
2023-01-20 23:16:54,480 - root - DEBUG - Reading resource 21...
2023-01-20 23:16:54,480 - root - INFO - The image is bme.
2023-01-20 23:16:54,480 - root - INFO - Reading image header(readHeader16E)...
2023-01-20 23:16:54,480 - root - INFO - Image header was read:
2023-01-20 23:16:54,480 - root - INFO - Width: 9, Height: 15, RowLength: 18
2023-01-20 23:16:54,480 - root - INFO - datalength: 312, _step: 2
2023-01-20 23:16:54,481 - root - INFO - BPP: 16, Transparency: False
2023-01-20 23:16:54,481 - root - INFO - Resource 22 offset: 262087, length: 344...
2023-01-20 23:16:54,481 - root - DEBUG - Reading resource 22...
2023-01-20 23:16:54,481 - root - INFO - The image is bme.
2023-01-20 23:16:54,481 - root - INFO - Reading image header(readHeader16E)...
2023-01-20 23:16:54,481 - root - INFO - Image header was read:
2023-01-20 23:16:54,481 - root - INFO - Width: 9, Height: 15, RowLength: 18
2023-01-20 23:16:54,482 - root - INFO - datalength: 328, _step: 2
2023-01-20 23:16:54,482 - root - INFO - BPP: 16, Transparency: False
2023-01-20 23:16:54,482 - root - INFO - Resource 23 offset: 262431, length: 1504...
2023-01-20 23:16:54,482 - root - DEBUG - Reading resource 23...
2023-01-20 23:16:54,482 - root - INFO - The image is bmc.
2023-01-20 23:16:54,482 - root - INFO - Reading image header(readHeader16C)...
2023-01-20 23:16:54,483 - root - INFO - Image header was read:
2023-01-20 23:16:54,483 - root - INFO - Width: 31, Height: 16, RowLength: 93
2023-01-20 23:16:54,483 - root - INFO - _step: 3, unknown2: 0,
2023-01-20 23:16:54,483 - root - INFO - BPP: 24, Transparency: False
2023-01-20 23:16:54,485 - root - INFO - Resource 24 offset: 263935, length: 1504...
2023-01-20 23:16:54,485 - root - DEBUG - Reading resource 24...
2023-01-20 23:16:54,485 - root - INFO - The image is bmc.
2023-01-20 23:16:54,486 - root - INFO - Reading image header(readHeader16C)...
2023-01-20 23:16:54,486 - root - INFO - Image header was read:
2023-01-20 23:16:54,486 - root - INFO - Width: 31, Height: 16, RowLength: 93
2023-01-20 23:16:54,486 - root - INFO - _step: 3, unknown2: 0,
2023-01-20 23:16:54,486 - root - INFO - BPP: 24, Transparency: False
2023-01-20 23:16:54,488 - root - INFO - Resource 25 offset: 265439, length: 1504...
2023-01-20 23:16:54,488 - root - DEBUG - Reading resource 25...
2023-01-20 23:16:54,488 - root - INFO - The image is bmc.
2023-01-20 23:16:54,488 - root - INFO - Reading image header(readHeader16C)...
2023-01-20 23:16:54,488 - root - INFO - Image header was read:
2023-01-20 23:16:54,488 - root - INFO - Width: 31, Height: 16, RowLength: 93
2023-01-20 23:16:54,488 - root - INFO - _step: 3, unknown2: 0,
2023-01-20 23:16:54,488 - root - INFO - BPP: 24, Transparency: False
2023-01-20 23:16:54,490 - root - INFO - Resource 26 offset: 266943, length: 1504...
2023-01-20 23:16:54,491 - root - DEBUG - Reading resource 26...
2023-01-20 23:16:54,491 - root - INFO - The image is bmc.
2023-01-20 23:16:54,491 - root - INFO - Reading image header(readHeader16C)...
2023-01-20 23:16:54,491 - root - INFO - Image header was read:
2023-01-20 23:16:54,491 - root - INFO - Width: 31, Height: 16, RowLength: 93
2023-01-20 23:16:54,491 - root - INFO - _step: 3, unknown2: 0,
2023-01-20 23:16:54,491 - root - INFO - BPP: 24, Transparency: False
2023-01-20 23:16:54,493 - root - INFO - Resource 27 offset: 268447, length: 1504...
2023-01-20 23:16:54,493 - root - DEBUG - Reading resource 27...
2023-01-20 23:16:54,493 - root - INFO - The image is bmc.
2023-01-20 23:16:54,493 - root - INFO - Reading image header(readHeader16C)...
2023-01-20 23:16:54,493 - root - INFO - Image header was read:
2023-01-20 23:16:54,493 - root - INFO - Width: 31, Height: 16, RowLength: 93
2023-01-20 23:16:54,493 - root - INFO - _step: 3, unknown2: 0,
2023-01-20 23:16:54,493 - root - INFO - BPP: 24, Transparency: False
2023-01-20 23:16:54,496 - root - INFO - Resource 28 offset: 269951, length: 1504...
2023-01-20 23:16:54,496 - root - DEBUG - Reading resource 28...
2023-01-20 23:16:54,496 - root - INFO - The image is bmc.
2023-01-20 23:16:54,496 - root - INFO - Reading image header(readHeader16C)...
2023-01-20 23:16:54,496 - root - INFO - Image header was read:
2023-01-20 23:16:54,496 - root - INFO - Width: 31, Height: 16, RowLength: 93
2023-01-20 23:16:54,496 - root - INFO - _step: 3, unknown2: 0,
2023-01-20 23:16:54,496 - root - INFO - BPP: 24, Transparency: False
2023-01-20 23:16:54,498 - root - INFO - Resource 29 offset: 271455, length: 1504...
2023-01-20 23:16:54,498 - root - DEBUG - Reading resource 29...
2023-01-20 23:16:54,498 - root - INFO - The image is bmc.
2023-01-20 23:16:54,498 - root - INFO - Reading image header(readHeader16C)...
2023-01-20 23:16:54,499 - root - INFO - Image header was read:
2023-01-20 23:16:54,499 - root - INFO - Width: 31, Height: 16, RowLength: 93
2023-01-20 23:16:54,499 - root - INFO - _step: 3, unknown2: 0,
2023-01-20 23:16:54,499 - root - INFO - BPP: 24, Transparency: False
2023-01-20 23:16:54,501 - root - INFO - Resource 30 offset: 272959, length: 1504...
2023-01-20 23:16:54,501 - root - DEBUG - Reading resource 30...
2023-01-20 23:16:54,501 - root - INFO - The image is bmc.
2023-01-20 23:16:54,501 - root - INFO - Reading image header(readHeader16C)...
2023-01-20 23:16:54,501 - root - INFO - Image header was read:
2023-01-20 23:16:54,501 - root - INFO - Width: 31, Height: 16, RowLength: 93
2023-01-20 23:16:54,501 - root - INFO - _step: 3, unknown2: 0,
2023-01-20 23:16:54,501 - root - INFO - BPP: 24, Transparency: False
2023-01-20 23:16:54,504 - root - INFO - Resource 31 offset: 274463, length: 1504...
2023-01-20 23:16:54,504 - root - DEBUG - Reading resource 31...
2023-01-20 23:16:54,504 - root - INFO - The image is bmc.
2023-01-20 23:16:54,504 - root - INFO - Reading image header(readHeader16C)...
2023-01-20 23:16:54,504 - root - INFO - Image header was read:
2023-01-20 23:16:54,504 - root - INFO - Width: 31, Height: 16, RowLength: 93
2023-01-20 23:16:54,504 - root - INFO - _step: 3, unknown2: 0,
2023-01-20 23:16:54,504 - root - INFO - BPP: 24, Transparency: False
2023-01-20 23:16:54,506 - root - INFO - Resource 32 offset: 275967, length: 1504...
2023-01-20 23:16:54,507 - root - DEBUG - Reading resource 32...
2023-01-20 23:16:54,507 - root - INFO - The image is bmc.
2023-01-20 23:16:54,507 - root - INFO - Reading image header(readHeader16C)...
2023-01-20 23:16:54,507 - root - INFO - Image header was read:
2023-01-20 23:16:54,507 - root - INFO - Width: 31, Height: 16, RowLength: 93
2023-01-20 23:16:54,507 - root - INFO - _step: 3, unknown2: 0,
2023-01-20 23:16:54,507 - root - INFO - BPP: 24, Transparency: False
2023-01-20 23:16:54,509 - root - INFO - Resource 33 offset: 277471, length: 1504...
2023-01-20 23:16:54,509 - root - DEBUG - Reading resource 33...
2023-01-20 23:16:54,509 - root - INFO - The image is bmc.
2023-01-20 23:16:54,510 - root - INFO - Reading image header(readHeader16C)...
2023-01-20 23:16:54,510 - root - INFO - Image header was read:
2023-01-20 23:16:54,510 - root - INFO - Width: 31, Height: 16, RowLength: 93
2023-01-20 23:16:54,510 - root - INFO - _step: 3, unknown2: 0,
2023-01-20 23:16:54,510 - root - INFO - BPP: 24, Transparency: False
2023-01-20 23:16:54,512 - root - INFO - Resource 34 offset: 278975, length: 1504...
2023-01-20 23:16:54,512 - root - DEBUG - Reading resource 34...
2023-01-20 23:16:54,512 - root - INFO - The image is bmc.
2023-01-20 23:16:54,512 - root - INFO - Reading image header(readHeader16C)...
2023-01-20 23:16:54,512 - root - INFO - Image header was read:
2023-01-20 23:16:54,512 - root - INFO - Width: 31, Height: 16, RowLength: 93
2023-01-20 23:16:54,512 - root - INFO - _step: 3, unknown2: 0,
2023-01-20 23:16:54,512 - root - INFO - BPP: 24, Transparency: False
2023-01-20 23:16:54,514 - root - INFO - Resource 35 offset: 280479, length: 1504...
2023-01-20 23:16:54,514 - root - DEBUG - Reading resource 35...
2023-01-20 23:16:54,514 - root - INFO - The image is bmc.
2023-01-20 23:16:54,514 - root - INFO - Reading image header(readHeader16C)...
2023-01-20 23:16:54,514 - root - INFO - Image header was read:
2023-01-20 23:16:54,514 - root - INFO - Width: 31, Height: 16, RowLength: 93
2023-01-20 23:16:54,514 - root - INFO - _step: 3, unknown2: 0,
2023-01-20 23:16:54,515 - root - INFO - BPP: 24, Transparency: False
2023-01-20 23:16:54,517 - root - INFO - Resource 36 offset: 281983, length: 1504...
2023-01-20 23:16:54,517 - root - DEBUG - Reading resource 36...
2023-01-20 23:16:54,517 - root - INFO - The image is bmc.
2023-01-20 23:16:54,517 - root - INFO - Reading image header(readHeader16C)...
2023-01-20 23:16:54,517 - root - INFO - Image header was read:
2023-01-20 23:16:54,517 - root - INFO - Width: 31, Height: 16, RowLength: 93
2023-01-20 23:16:54,517 - root - INFO - _step: 3, unknown2: 0,
2023-01-20 23:16:54,517 - root - INFO - BPP: 24, Transparency: False
2023-01-20 23:16:54,519 - root - INFO - Resource 37 offset: 283487, length: 1504...
2023-01-20 23:16:54,519 - root - DEBUG - Reading resource 37...
2023-01-20 23:16:54,519 - root - INFO - The image is bmc.
2023-01-20 23:16:54,519 - root - INFO - Reading image header(readHeader16C)...
2023-01-20 23:16:54,519 - root - INFO - Image header was read:
2023-01-20 23:16:54,520 - root - INFO - Width: 31, Height: 16, RowLength: 93
2023-01-20 23:16:54,520 - root - INFO - _step: 3, unknown2: 0,
2023-01-20 23:16:54,520 - root - INFO - BPP: 24, Transparency: False
2023-01-20 23:16:54,521 - root - INFO - Resource 38 offset: 284991, length: 1504...
2023-01-20 23:16:54,521 - root - DEBUG - Reading resource 38...
2023-01-20 23:16:54,521 - root - INFO - The image is bmc.
2023-01-20 23:16:54,523 - root - INFO - Reading image header(readHeader16C)...
2023-01-20 23:16:54,523 - root - INFO - Image header was read:
2023-01-20 23:16:54,523 - root - INFO - Width: 31, Height: 16, RowLength: 93
2023-01-20 23:16:54,523 - root - INFO - _step: 3, unknown2: 0,
2023-01-20 23:16:54,523 - root - INFO - BPP: 24, Transparency: False
2023-01-20 23:16:54,525 - root - INFO - Resource 39 offset: 286495, length: 1504...
2023-01-20 23:16:54,525 - root - DEBUG - Reading resource 39...
2023-01-20 23:16:54,525 - root - INFO - The image is bmc.
2023-01-20 23:16:54,525 - root - INFO - Reading image header(readHeader16C)...
2023-01-20 23:16:54,525 - root - INFO - Image header was read:
2023-01-20 23:16:54,525 - root - INFO - Width: 31, Height: 16, RowLength: 93
2023-01-20 23:16:54,526 - root - INFO - _step: 3, unknown2: 0,
2023-01-20 23:16:54,526 - root - INFO - BPP: 24, Transparency: False
2023-01-20 23:16:54,528 - root - INFO - Resource 40 offset: 287999, length: 1504...
2023-01-20 23:16:54,528 - root - DEBUG - Reading resource 40...
2023-01-20 23:16:54,528 - root - INFO - The image is bmc.
2023-01-20 23:16:54,528 - root - INFO - Reading image header(readHeader16C)...
2023-01-20 23:16:54,528 - root - INFO - Image header was read:
2023-01-20 23:16:54,528 - root - INFO - Width: 31, Height: 16, RowLength: 93
2023-01-20 23:16:54,528 - root - INFO - _step: 3, unknown2: 0,
2023-01-20 23:16:54,528 - root - INFO - BPP: 24, Transparency: False
2023-01-20 23:16:54,530 - root - INFO - Resource 41 offset: 289503, length: 1504...
2023-01-20 23:16:54,530 - root - DEBUG - Reading resource 41...
2023-01-20 23:16:54,531 - root - INFO - The image is bmc.
2023-01-20 23:16:54,531 - root - INFO - Reading image header(readHeader16C)...
2023-01-20 23:16:54,531 - root - INFO - Image header was read:
2023-01-20 23:16:54,531 - root - INFO - Width: 31, Height: 16, RowLength: 93
2023-01-20 23:16:54,531 - root - INFO - _step: 3, unknown2: 0,
2023-01-20 23:16:54,531 - root - INFO - BPP: 24, Transparency: False
2023-01-20 23:16:54,533 - root - INFO - Resource 42 offset: 291007, length: 1504...
2023-01-20 23:16:54,533 - root - DEBUG - Reading resource 42...
2023-01-20 23:16:54,533 - root - INFO - The image is bmc.
2023-01-20 23:16:54,533 - root - INFO - Reading image header(readHeader16C)...
2023-01-20 23:16:54,533 - root - INFO - Image header was read:
2023-01-20 23:16:54,533 - root - INFO - Width: 31, Height: 16, RowLength: 93
2023-01-20 23:16:54,533 - root - INFO - _step: 3, unknown2: 0,
2023-01-20 23:16:54,533 - root - INFO - BPP: 24, Transparency: False
2023-01-20 23:16:54,536 - root - INFO - Resource 43 offset: 292511, length: 1504...
2023-01-20 23:16:54,536 - root - DEBUG - Reading resource 43...
2023-01-20 23:16:54,536 - root - INFO - The image is bmc.
2023-01-20 23:16:54,536 - root - INFO - Reading image header(readHeader16C)...
2023-01-20 23:16:54,536 - root - INFO - Image header was read:
2023-01-20 23:16:54,536 - root - INFO - Width: 31, Height: 16, RowLength: 93
2023-01-20 23:16:54,536 - root - INFO - _step: 3, unknown2: 0,
2023-01-20 23:16:54,537 - root - INFO - BPP: 24, Transparency: False
2023-01-20 23:16:54,539 - root - INFO - Resource 44 offset: 294015, length: 1504...
2023-01-20 23:16:54,539 - root - DEBUG - Reading resource 44...
2023-01-20 23:16:54,539 - root - INFO - The image is bmc.
2023-01-20 23:16:54,539 - root - INFO - Reading image header(readHeader16C)...
2023-01-20 23:16:54,539 - root - INFO - Image header was read:
2023-01-20 23:16:54,539 - root - INFO - Width: 31, Height: 16, RowLength: 93
2023-01-20 23:16:54,539 - root - INFO - _step: 3, unknown2: 0,
2023-01-20 23:16:54,539 - root - INFO - BPP: 24, Transparency: False
2023-01-20 23:16:54,541 - root - INFO - Resource 45 offset: 295519, length: 1504...
2023-01-20 23:16:54,541 - root - DEBUG - Reading resource 45...
2023-01-20 23:16:54,541 - root - INFO - The image is bmc.
2023-01-20 23:16:54,541 - root - INFO - Reading image header(readHeader16C)...
2023-01-20 23:16:54,542 - root - INFO - Image header was read:
2023-01-20 23:16:54,542 - root - INFO - Width: 31, Height: 16, RowLength: 93
2023-01-20 23:16:54,542 - root - INFO - _step: 3, unknown2: 0,
2023-01-20 23:16:54,542 - root - INFO - BPP: 24, Transparency: False
2023-01-20 23:16:54,544 - root - INFO - Resource 46 offset: 297023, length: 1504...
2023-01-20 23:16:54,544 - root - DEBUG - Reading resource 46...
2023-01-20 23:16:54,544 - root - INFO - The image is bmc.
2023-01-20 23:16:54,544 - root - INFO - Reading image header(readHeader16C)...
2023-01-20 23:16:54,544 - root - INFO - Image header was read:
2023-01-20 23:16:54,544 - root - INFO - Width: 31, Height: 16, RowLength: 93
2023-01-20 23:16:54,544 - root - INFO - _step: 3, unknown2: 0,
2023-01-20 23:16:54,544 - root - INFO - BPP: 24, Transparency: False
2023-01-20 23:16:54,546 - root - INFO - Resource 47 offset: 298527, length: 5568...
2023-01-20 23:16:54,546 - root - DEBUG - Reading resource 47...
2023-01-20 23:16:54,546 - root - INFO - The image is bme.
2023-01-20 23:16:54,547 - root - INFO - Reading image header(readHeader16E)...
2023-01-20 23:16:54,547 - root - INFO - Image header was read:
2023-01-20 23:16:54,547 - root - INFO - Width: 81, Height: 123, RowLength: 162
2023-01-20 23:16:54,547 - root - INFO - datalength: 5552, _step: 2
2023-01-20 23:16:54,547 - root - INFO - BPP: 16, Transparency: False
2023-01-20 23:16:54,557 - root - INFO - Resource 48 offset: 304095, length: 5564...
2023-01-20 23:16:54,557 - root - DEBUG - Reading resource 48...
2023-01-20 23:16:54,558 - root - INFO - The image is bme.
2023-01-20 23:16:54,558 - root - INFO - Reading image header(readHeader16E)...
2023-01-20 23:16:54,558 - root - INFO - Image header was read:
2023-01-20 23:16:54,558 - root - INFO - Width: 81, Height: 123, RowLength: 162
2023-01-20 23:16:54,558 - root - INFO - datalength: 5548, _step: 2
2023-01-20 23:16:54,558 - root - INFO - BPP: 16, Transparency: False
2023-01-20 23:16:54,569 - root - INFO - Resource 49 offset: 309659, length: 5572...
2023-01-20 23:16:54,569 - root - DEBUG - Reading resource 49...
2023-01-20 23:16:54,569 - root - INFO - The image is bme.
2023-01-20 23:16:54,569 - root - INFO - Reading image header(readHeader16E)...
2023-01-20 23:16:54,569 - root - INFO - Image header was read:
2023-01-20 23:16:54,569 - root - INFO - Width: 81, Height: 123, RowLength: 162
2023-01-20 23:16:54,569 - root - INFO - datalength: 5556, _step: 2
2023-01-20 23:16:54,570 - root - INFO - BPP: 16, Transparency: False
2023-01-20 23:16:54,580 - root - INFO - Resource 50 offset: 315231, length: 5580...
2023-01-20 23:16:54,580 - root - DEBUG - Reading resource 50...
2023-01-20 23:16:54,580 - root - INFO - The image is bme.
2023-01-20 23:16:54,580 - root - INFO - Reading image header(readHeader16E)...
2023-01-20 23:16:54,580 - root - INFO - Image header was read:
2023-01-20 23:16:54,581 - root - INFO - Width: 81, Height: 123, RowLength: 162
2023-01-20 23:16:54,581 - root - INFO - datalength: 5564, _step: 2
2023-01-20 23:16:54,581 - root - INFO - BPP: 16, Transparency: False
2023-01-20 23:16:54,591 - root - INFO - Resource 51 offset: 320811, length: 5592...
2023-01-20 23:16:54,591 - root - DEBUG - Reading resource 51...
2023-01-20 23:16:54,591 - root - INFO - The image is bme.
2023-01-20 23:16:54,591 - root - INFO - Reading image header(readHeader16E)...
2023-01-20 23:16:54,591 - root - INFO - Image header was read:
2023-01-20 23:16:54,591 - root - INFO - Width: 81, Height: 123, RowLength: 162
2023-01-20 23:16:54,591 - root - INFO - datalength: 5576, _step: 2
2023-01-20 23:16:54,591 - root - INFO - BPP: 16, Transparency: False
2023-01-20 23:16:54,603 - root - INFO - Resource 52 offset: 326403, length: 5596...
2023-01-20 23:16:54,603 - root - DEBUG - Reading resource 52...
2023-01-20 23:16:54,603 - root - INFO - The image is bme.
2023-01-20 23:16:54,603 - root - INFO - Reading image header(readHeader16E)...
2023-01-20 23:16:54,603 - root - INFO - Image header was read:
2023-01-20 23:16:54,603 - root - INFO - Width: 81, Height: 123, RowLength: 162
2023-01-20 23:16:54,604 - root - INFO - datalength: 5580, _step: 2
2023-01-20 23:16:54,604 - root - INFO - BPP: 16, Transparency: False
2023-01-20 23:16:54,614 - root - INFO - Resource 53 offset: 331999, length: 5596...
2023-01-20 23:16:54,614 - root - DEBUG - Reading resource 53...
2023-01-20 23:16:54,614 - root - INFO - The image is bme.
2023-01-20 23:16:54,614 - root - INFO - Reading image header(readHeader16E)...
2023-01-20 23:16:54,614 - root - INFO - Image header was read:
2023-01-20 23:16:54,614 - root - INFO - Width: 81, Height: 123, RowLength: 162
2023-01-20 23:16:54,614 - root - INFO - datalength: 5580, _step: 2
2023-01-20 23:16:54,614 - root - INFO - BPP: 16, Transparency: False
2023-01-20 23:16:54,626 - root - INFO - Resource 54 offset: 337595, length: 5596...
2023-01-20 23:16:54,626 - root - DEBUG - Reading resource 54...
2023-01-20 23:16:54,626 - root - INFO - The image is bme.
2023-01-20 23:16:54,626 - root - INFO - Reading image header(readHeader16E)...
2023-01-20 23:16:54,627 - root - INFO - Image header was read:
2023-01-20 23:16:54,627 - root - INFO - Width: 81, Height: 123, RowLength: 162
2023-01-20 23:16:54,627 - root - INFO - datalength: 5580, _step: 2
2023-01-20 23:16:54,627 - root - INFO - BPP: 16, Transparency: False
2023-01-20 23:16:54,637 - root - INFO - Resource 55 offset: 343191, length: 5596...
2023-01-20 23:16:54,638 - root - DEBUG - Reading resource 55...
2023-01-20 23:16:54,638 - root - INFO - The image is bme.
2023-01-20 23:16:54,638 - root - INFO - Reading image header(readHeader16E)...
2023-01-20 23:16:54,638 - root - INFO - Image header was read:
2023-01-20 23:16:54,638 - root - INFO - Width: 81, Height: 123, RowLength: 162
2023-01-20 23:16:54,638 - root - INFO - datalength: 5580, _step: 2
2023-01-20 23:16:54,638 - root - INFO - BPP: 16, Transparency: False
2023-01-20 23:16:54,649 - root - INFO - Resource 56 offset: 348787, length: 5600...
2023-01-20 23:16:54,649 - root - DEBUG - Reading resource 56...
2023-01-20 23:16:54,649 - root - INFO - The image is bme.
2023-01-20 23:16:54,650 - root - INFO - Reading image header(readHeader16E)...
2023-01-20 23:16:54,650 - root - INFO - Image header was read:
2023-01-20 23:16:54,650 - root - INFO - Width: 81, Height: 123, RowLength: 162
2023-01-20 23:16:54,650 - root - INFO - datalength: 5584, _step: 2
2023-01-20 23:16:54,650 - root - INFO - BPP: 16, Transparency: False
2023-01-20 23:16:54,660 - root - INFO - Resource 57 offset: 354387, length: 5580...
2023-01-20 23:16:54,660 - root - DEBUG - Reading resource 57...
2023-01-20 23:16:54,660 - root - INFO - The image is bme.
2023-01-20 23:16:54,660 - root - INFO - Reading image header(readHeader16E)...
2023-01-20 23:16:54,660 - root - INFO - Image header was read:
2023-01-20 23:16:54,660 - root - INFO - Width: 81, Height: 123, RowLength: 162
2023-01-20 23:16:54,660 - root - INFO - datalength: 5564, _step: 2
2023-01-20 23:16:54,660 - root - INFO - BPP: 16, Transparency: False
2023-01-20 23:16:54,672 - root - INFO - Resource 58 offset: 359967, length: 5584...
2023-01-20 23:16:54,672 - root - DEBUG - Reading resource 58...
2023-01-20 23:16:54,672 - root - INFO - The image is bme.
2023-01-20 23:16:54,672 - root - INFO - Reading image header(readHeader16E)...
2023-01-20 23:16:54,672 - root - INFO - Image header was read:
2023-01-20 23:16:54,672 - root - INFO - Width: 81, Height: 123, RowLength: 162
2023-01-20 23:16:54,672 - root - INFO - datalength: 5568, _step: 2
2023-01-20 23:16:54,672 - root - INFO - BPP: 16, Transparency: False
2023-01-20 23:16:54,683 - root - INFO - Resource 59 offset: 365551, length: 5604...
2023-01-20 23:16:54,683 - root - DEBUG - Reading resource 59...
2023-01-20 23:16:54,683 - root - INFO - The image is bme.
2023-01-20 23:16:54,683 - root - INFO - Reading image header(readHeader16E)...
2023-01-20 23:16:54,683 - root - INFO - Image header was read:
2023-01-20 23:16:54,684 - root - INFO - Width: 81, Height: 123, RowLength: 162
2023-01-20 23:16:54,684 - root - INFO - datalength: 5588, _step: 2
2023-01-20 23:16:54,684 - root - INFO - BPP: 16, Transparency: False
2023-01-20 23:16:54,695 - root - INFO - Resource 60 offset: 371155, length: 5602...
2023-01-20 23:16:54,695 - root - DEBUG - Reading resource 60...
2023-01-20 23:16:54,695 - root - INFO - The image is bme.
2023-01-20 23:16:54,695 - root - INFO - Reading image header(readHeader16E)...
2023-01-20 23:16:54,695 - root - INFO - Image header was read:
2023-01-20 23:16:54,695 - root - INFO - Width: 81, Height: 123, RowLength: 162
2023-01-20 23:16:54,695 - root - INFO - datalength: 5586, _step: 2
2023-01-20 23:16:54,695 - root - INFO - BPP: 16, Transparency: False
2023-01-20 23:16:54,706 - root - INFO - Resource 61 offset: 376757, length: 5602...
2023-01-20 23:16:54,706 - root - DEBUG - Reading resource 61...
2023-01-20 23:16:54,706 - root - INFO - The image is bme.
2023-01-20 23:16:54,706 - root - INFO - Reading image header(readHeader16E)...
2023-01-20 23:16:54,706 - root - INFO - Image header was read:
2023-01-20 23:16:54,706 - root - INFO - Width: 81, Height: 123, RowLength: 162
2023-01-20 23:16:54,707 - root - INFO - datalength: 5586, _step: 2
2023-01-20 23:16:54,707 - root - INFO - BPP: 16, Transparency: False
2023-01-20 23:16:54,718 - root - INFO - Resource 62 offset: 382359, length: 5604...
2023-01-20 23:16:54,718 - root - DEBUG - Reading resource 62...
2023-01-20 23:16:54,718 - root - INFO - The image is bme.
2023-01-20 23:16:54,719 - root - INFO - Reading image header(readHeader16E)...
2023-01-20 23:16:54,719 - root - INFO - Image header was read:
2023-01-20 23:16:54,719 - root - INFO - Width: 81, Height: 123, RowLength: 162
2023-01-20 23:16:54,719 - root - INFO - datalength: 5588, _step: 2
2023-01-20 23:16:54,719 - root - INFO - BPP: 16, Transparency: False
2023-01-20 23:16:54,730 - root - INFO - Resource 63 offset: 387963, length: 5568...
2023-01-20 23:16:54,730 - root - DEBUG - Reading resource 63...
2023-01-20 23:16:54,730 - root - INFO - The image is bme.
2023-01-20 23:16:54,730 - root - INFO - Reading image header(readHeader16E)...
2023-01-20 23:16:54,730 - root - INFO - Image header was read:
2023-01-20 23:16:54,730 - root - INFO - Width: 81, Height: 123, RowLength: 162
2023-01-20 23:16:54,730 - root - INFO - datalength: 5552, _step: 2
2023-01-20 23:16:54,730 - root - INFO - BPP: 16, Transparency: False
2023-01-20 23:16:54,741 - root - INFO - Resource 64 offset: 393531, length: 5564...
2023-01-20 23:16:54,741 - root - DEBUG - Reading resource 64...
2023-01-20 23:16:54,741 - root - INFO - The image is bme.
2023-01-20 23:16:54,741 - root - INFO - Reading image header(readHeader16E)...
2023-01-20 23:16:54,741 - root - INFO - Image header was read:
2023-01-20 23:16:54,741 - root - INFO - Width: 81, Height: 123, RowLength: 162
2023-01-20 23:16:54,741 - root - INFO - datalength: 5548, _step: 2
2023-01-20 23:16:54,741 - root - INFO - BPP: 16, Transparency: False
2023-01-20 23:16:54,752 - root - INFO - Resource 65 offset: 399095, length: 5572...
2023-01-20 23:16:54,752 - root - DEBUG - Reading resource 65...
2023-01-20 23:16:54,753 - root - INFO - The image is bme.
2023-01-20 23:16:54,753 - root - INFO - Reading image header(readHeader16E)...
2023-01-20 23:16:54,753 - root - INFO - Image header was read:
2023-01-20 23:16:54,753 - root - INFO - Width: 81, Height: 123, RowLength: 162
2023-01-20 23:16:54,753 - root - INFO - datalength: 5556, _step: 2
2023-01-20 23:16:54,753 - root - INFO - BPP: 16, Transparency: False
2023-01-20 23:16:54,764 - root - INFO - Resource 66 offset: 404667, length: 5580...
2023-01-20 23:16:54,764 - root - DEBUG - Reading resource 66...
2023-01-20 23:16:54,764 - root - INFO - The image is bme.
2023-01-20 23:16:54,765 - root - INFO - Reading image header(readHeader16E)...
2023-01-20 23:16:54,765 - root - INFO - Image header was read:
2023-01-20 23:16:54,765 - root - INFO - Width: 81, Height: 123, RowLength: 162
2023-01-20 23:16:54,765 - root - INFO - datalength: 5564, _step: 2
2023-01-20 23:16:54,765 - root - INFO - BPP: 16, Transparency: False
2023-01-20 23:16:54,775 - root - INFO - Resource 67 offset: 410247, length: 5592...
2023-01-20 23:16:54,775 - root - DEBUG - Reading resource 67...
2023-01-20 23:16:54,775 - root - INFO - The image is bme.
2023-01-20 23:16:54,775 - root - INFO - Reading image header(readHeader16E)...
2023-01-20 23:16:54,775 - root - INFO - Image header was read:
2023-01-20 23:16:54,775 - root - INFO - Width: 81, Height: 123, RowLength: 162
2023-01-20 23:16:54,776 - root - INFO - datalength: 5576, _step: 2
2023-01-20 23:16:54,776 - root - INFO - BPP: 16, Transparency: False
2023-01-20 23:16:54,787 - root - INFO - Resource 68 offset: 415839, length: 5596...
2023-01-20 23:16:54,787 - root - DEBUG - Reading resource 68...
2023-01-20 23:16:54,787 - root - INFO - The image is bme.
2023-01-20 23:16:54,787 - root - INFO - Reading image header(readHeader16E)...
2023-01-20 23:16:54,787 - root - INFO - Image header was read:
2023-01-20 23:16:54,787 - root - INFO - Width: 81, Height: 123, RowLength: 162
2023-01-20 23:16:54,787 - root - INFO - datalength: 5580, _step: 2
2023-01-20 23:16:54,787 - root - INFO - BPP: 16, Transparency: False
2023-01-20 23:16:54,797 - root - INFO - Resource 69 offset: 421435, length: 5596...
2023-01-20 23:16:54,797 - root - DEBUG - Reading resource 69...
2023-01-20 23:16:54,798 - root - INFO - The image is bme.
2023-01-20 23:16:54,798 - root - INFO - Reading image header(readHeader16E)...
2023-01-20 23:16:54,798 - root - INFO - Image header was read:
2023-01-20 23:16:54,798 - root - INFO - Width: 81, Height: 123, RowLength: 162
2023-01-20 23:16:54,798 - root - INFO - datalength: 5580, _step: 2
2023-01-20 23:16:54,798 - root - INFO - BPP: 16, Transparency: False
2023-01-20 23:16:54,809 - root - INFO - Resource 70 offset: 427031, length: 5596...
2023-01-20 23:16:54,809 - root - DEBUG - Reading resource 70...
2023-01-20 23:16:54,809 - root - INFO - The image is bme.
2023-01-20 23:16:54,809 - root - INFO - Reading image header(readHeader16E)...
2023-01-20 23:16:54,809 - root - INFO - Image header was read:
2023-01-20 23:16:54,810 - root - INFO - Width: 81, Height: 123, RowLength: 162
2023-01-20 23:16:54,810 - root - INFO - datalength: 5580, _step: 2
2023-01-20 23:16:54,810 - root - INFO - BPP: 16, Transparency: False
2023-01-20 23:16:54,821 - root - INFO - Resource 71 offset: 432627, length: 5596...
2023-01-20 23:16:54,821 - root - DEBUG - Reading resource 71...
2023-01-20 23:16:54,821 - root - INFO - The image is bme.
2023-01-20 23:16:54,821 - root - INFO - Reading image header(readHeader16E)...
2023-01-20 23:16:54,821 - root - INFO - Image header was read:
2023-01-20 23:16:54,821 - root - INFO - Width: 81, Height: 123, RowLength: 162
2023-01-20 23:16:54,821 - root - INFO - datalength: 5580, _step: 2
2023-01-20 23:16:54,822 - root - INFO - BPP: 16, Transparency: False
2023-01-20 23:16:54,832 - root - INFO - Resource 72 offset: 438223, length: 5600...
2023-01-20 23:16:54,832 - root - DEBUG - Reading resource 72...
2023-01-20 23:16:54,832 - root - INFO - The image is bme.
2023-01-20 23:16:54,832 - root - INFO - Reading image header(readHeader16E)...
2023-01-20 23:16:54,832 - root - INFO - Image header was read:
2023-01-20 23:16:54,832 - root - INFO - Width: 81, Height: 123, RowLength: 162
2023-01-20 23:16:54,832 - root - INFO - datalength: 5584, _step: 2
2023-01-20 23:16:54,832 - root - INFO - BPP: 16, Transparency: False
2023-01-20 23:16:54,844 - root - INFO - Resource 73 offset: 443823, length: 5716...
2023-01-20 23:16:54,844 - root - DEBUG - Reading resource 73...
2023-01-20 23:16:54,844 - root - INFO - The image is bme.
2023-01-20 23:16:54,844 - root - INFO - Reading image header(readHeader16E)...
2023-01-20 23:16:54,844 - root - INFO - Image header was read:
2023-01-20 23:16:54,845 - root - INFO - Width: 81, Height: 123, RowLength: 162
2023-01-20 23:16:54,845 - root - INFO - datalength: 5700, _step: 2
2023-01-20 23:16:54,845 - root - INFO - BPP: 16, Transparency: False
2023-01-20 23:16:54,855 - root - INFO - Resource 74 offset: 449539, length: 5716...
2023-01-20 23:16:54,855 - root - DEBUG - Reading resource 74...
2023-01-20 23:16:54,855 - root - INFO - The image is bme.
2023-01-20 23:16:54,855 - root - INFO - Reading image header(readHeader16E)...
2023-01-20 23:16:54,855 - root - INFO - Image header was read:
2023-01-20 23:16:54,856 - root - INFO - Width: 81, Height: 123, RowLength: 162
2023-01-20 23:16:54,856 - root - INFO - datalength: 5700, _step: 2
2023-01-20 23:16:54,856 - root - INFO - BPP: 16, Transparency: False
2023-01-20 23:16:54,867 - root - INFO - Resource 75 offset: 455255, length: 5720...
2023-01-20 23:16:54,867 - root - DEBUG - Reading resource 75...
2023-01-20 23:16:54,867 - root - INFO - The image is bme.
2023-01-20 23:16:54,868 - root - INFO - Reading image header(readHeader16E)...
2023-01-20 23:16:54,868 - root - INFO - Image header was read:
2023-01-20 23:16:54,868 - root - INFO - Width: 81, Height: 123, RowLength: 162
2023-01-20 23:16:54,868 - root - INFO - datalength: 5704, _step: 2
2023-01-20 23:16:54,868 - root - INFO - BPP: 16, Transparency: False
2023-01-20 23:16:54,879 - root - INFO - Resource 76 offset: 460975, length: 5732...
2023-01-20 23:16:54,879 - root - DEBUG - Reading resource 76...
2023-01-20 23:16:54,879 - root - INFO - The image is bme.
2023-01-20 23:16:54,879 - root - INFO - Reading image header(readHeader16E)...
2023-01-20 23:16:54,880 - root - INFO - Image header was read:
2023-01-20 23:16:54,880 - root - INFO - Width: 81, Height: 123, RowLength: 162
2023-01-20 23:16:54,880 - root - INFO - datalength: 5716, _step: 2
2023-01-20 23:16:54,880 - root - INFO - BPP: 16, Transparency: False
2023-01-20 23:16:54,892 - root - INFO - Resource 77 offset: 466707, length: 5730...
2023-01-20 23:16:54,892 - root - DEBUG - Reading resource 77...
2023-01-20 23:16:54,892 - root - INFO - The image is bme.
2023-01-20 23:16:54,892 - root - INFO - Reading image header(readHeader16E)...
2023-01-20 23:16:54,892 - root - INFO - Image header was read:
2023-01-20 23:16:54,892 - root - INFO - Width: 81, Height: 123, RowLength: 162
2023-01-20 23:16:54,892 - root - INFO - datalength: 5714, _step: 2
2023-01-20 23:16:54,892 - root - INFO - BPP: 16, Transparency: False
2023-01-20 23:16:54,904 - root - INFO - Resource 78 offset: 472437, length: 5740...
2023-01-20 23:16:54,904 - root - DEBUG - Reading resource 78...
2023-01-20 23:16:54,904 - root - INFO - The image is bme.
2023-01-20 23:16:54,904 - root - INFO - Reading image header(readHeader16E)...
2023-01-20 23:16:54,904 - root - INFO - Image header was read:
2023-01-20 23:16:54,904 - root - INFO - Width: 81, Height: 123, RowLength: 162
2023-01-20 23:16:54,904 - root - INFO - datalength: 5724, _step: 2
2023-01-20 23:16:54,904 - root - INFO - BPP: 16, Transparency: False
2023-01-20 23:16:54,917 - root - INFO - Resource 79 offset: 478177, length: 5740...
2023-01-20 23:16:54,917 - root - DEBUG - Reading resource 79...
2023-01-20 23:16:54,917 - root - INFO - The image is bme.
2023-01-20 23:16:54,917 - root - INFO - Reading image header(readHeader16E)...
2023-01-20 23:16:54,917 - root - INFO - Image header was read:
2023-01-20 23:16:54,917 - root - INFO - Width: 81, Height: 123, RowLength: 162
2023-01-20 23:16:54,917 - root - INFO - datalength: 5724, _step: 2
2023-01-20 23:16:54,917 - root - INFO - BPP: 16, Transparency: False
2023-01-20 23:16:54,928 - root - INFO - Resource 80 offset: 483917, length: 5740...
2023-01-20 23:16:54,928 - root - DEBUG - Reading resource 80...
2023-01-20 23:16:54,929 - root - INFO - The image is bme.
2023-01-20 23:16:54,929 - root - INFO - Reading image header(readHeader16E)...
2023-01-20 23:16:54,929 - root - INFO - Image header was read:
2023-01-20 23:16:54,929 - root - INFO - Width: 81, Height: 123, RowLength: 162
2023-01-20 23:16:54,929 - root - INFO - datalength: 5724, _step: 2
2023-01-20 23:16:54,929 - root - INFO - BPP: 16, Transparency: False
2023-01-20 23:16:54,939 - root - INFO - Resource 81 offset: 489657, length: 5740...
2023-01-20 23:16:54,939 - root - DEBUG - Reading resource 81...
2023-01-20 23:16:54,940 - root - INFO - The image is bme.
2023-01-20 23:16:54,940 - root - INFO - Reading image header(readHeader16E)...
2023-01-20 23:16:54,940 - root - INFO - Image header was read:
2023-01-20 23:16:54,940 - root - INFO - Width: 81, Height: 123, RowLength: 162
2023-01-20 23:16:54,940 - root - INFO - datalength: 5724, _step: 2
2023-01-20 23:16:54,940 - root - INFO - BPP: 16, Transparency: False
2023-01-20 23:16:54,952 - root - INFO - Resource 82 offset: 495397, length: 5746...
2023-01-20 23:16:54,952 - root - DEBUG - Reading resource 82...
2023-01-20 23:16:54,952 - root - INFO - The image is bme.
2023-01-20 23:16:54,952 - root - INFO - Reading image header(readHeader16E)...
2023-01-20 23:16:54,952 - root - INFO - Image header was read:
2023-01-20 23:16:54,952 - root - INFO - Width: 81, Height: 123, RowLength: 162
2023-01-20 23:16:54,952 - root - INFO - datalength: 5730, _step: 2
2023-01-20 23:16:54,952 - root - INFO - BPP: 16, Transparency: False
2023-01-20 23:16:54,965 - root - DEBUG - Parsing parameters...
2023-01-20 23:16:55,040 - root - DEBUG - 0 Value: None
2023-01-20 23:16:55,040 - root - DEBUG - 0.1 Value: 71
2023-01-20 23:16:55,041 - root - DEBUG - 2 Value: None
2023-01-20 23:16:55,041 - root - DEBUG - 2.1 Value: None
2023-01-20 23:16:55,041 - root - DEBUG - 2.1.1 Value: 0
2023-01-20 23:16:55,041 - root - DEBUG - 2.1.2 Value: 0
2023-01-20 23:16:55,041 - root - DEBUG - 2.1.3 Value: 2
2023-01-20 23:16:55,041 - root - DEBUG - 2.3 Value: None
2023-01-20 23:16:55,041 - root - DEBUG - 2.3.1 Value: 0
2023-01-20 23:16:55,042 - root - DEBUG - 2.3.2 Value: 0
2023-01-20 23:16:55,042 - root - DEBUG - 2.3.3 Value: 0
2023-01-20 23:16:55,042 - root - DEBUG - 2.4 Value: None
2023-01-20 23:16:55,042 - root - DEBUG - 2.4.1 Value: 0
2023-01-20 23:16:55,042 - root - DEBUG - 2.4.2 Value: 0
2023-01-20 23:16:55,042 - root - DEBUG - 2.4.3 Value: 1
2023-01-20 23:16:55,042 - root - DEBUG - 2.5 Value: None
2023-01-20 23:16:55,042 - root - DEBUG - 2.5.1 Value: 0
2023-01-20 23:16:55,042 - root - DEBUG - 2.5.2 Value: 0
2023-01-20 23:16:55,042 - root - DEBUG - 2.5.3 Value: 1
2023-01-20 23:16:55,042 - root - DEBUG - 3 Value: None
2023-01-20 23:16:55,042 - root - DEBUG - 3.1 Value: None
2023-01-20 23:16:55,042 - root - DEBUG - 3.1.1 Value: None
2023-01-20 23:16:55,042 - root - DEBUG - 3.1.1.1 Value: None
2023-01-20 23:16:55,042 - root - DEBUG - 3.1.1.1.1 Value: 81
2023-01-20 23:16:55,042 - root - DEBUG - 3.1.1.1.2 Value: 56
2023-01-20 23:16:55,042 - root - DEBUG - 3.1.1.1.3 Value: 3
2023-01-20 23:16:55,042 - root - DEBUG - 3.1.1.1.4 Value: 10
2023-01-20 23:16:55,042 - root - DEBUG - 3.1.1.2 Value: None
2023-01-20 23:16:55,043 - root - DEBUG - 3.1.1.2.1 Value: 120
2023-01-20 23:16:55,043 - root - DEBUG - 3.1.1.2.2 Value: 56
2023-01-20 23:16:55,043 - root - DEBUG - 3.1.1.2.3 Value: 3
2023-01-20 23:16:55,043 - root - DEBUG - 3.1.1.2.4 Value: 10
2023-01-20 23:16:55,043 - root - DEBUG - 3.1.2 Value: None
2023-01-20 23:16:55,043 - root - DEBUG - 3.1.2.1 Value: None
2023-01-20 23:16:55,043 - root - DEBUG - 3.1.2.1.1 Value: 81
2023-01-20 23:16:55,043 - root - DEBUG - 3.1.2.1.2 Value: 129
2023-01-20 23:16:55,043 - root - DEBUG - 3.1.2.1.3 Value: 3
2023-01-20 23:16:55,043 - root - DEBUG - 3.1.2.1.4 Value: 10
2023-01-20 23:16:55,043 - root - DEBUG - 3.1.2.2 Value: None
2023-01-20 23:16:55,043 - root - DEBUG - 3.1.2.2.1 Value: 120
2023-01-20 23:16:55,043 - root - DEBUG - 3.1.2.2.2 Value: 129
2023-01-20 23:16:55,043 - root - DEBUG - 3.1.2.2.3 Value: 3
2023-01-20 23:16:55,043 - root - DEBUG - 3.1.2.2.4 Value: 10
2023-01-20 23:16:55,043 - root - DEBUG - 3.1.7 Value: 0
2023-01-20 23:16:55,043 - root - DEBUG - 3.1.8 Value: 1
2023-01-20 23:16:55,043 - root - DEBUG - 5 Value: None
2023-01-20 23:16:55,043 - root - DEBUG - 5.1 Value: None
2023-01-20 23:16:55,045 - root - DEBUG - 5.1.9 Value: None
2023-01-20 23:16:55,045 - root - DEBUG - 5.1.9.3 Value: None
2023-01-20 23:16:55,045 - root - DEBUG - 5.1.9.3.1 Value: 131
2023-01-20 23:16:55,045 - root - DEBUG - 5.1.9.3.2 Value: 207
2023-01-20 23:16:55,045 - root - DEBUG - 5.1.9.3.3 Value: 149
2023-01-20 23:16:55,045 - root - DEBUG - 5.1.9.3.4 Value: 222
2023-01-20 23:16:55,045 - root - DEBUG - 5.1.9.3.5 Value: 18
2023-01-20 23:16:55,045 - root - DEBUG - 5.1.9.3.6 Value: 0
2023-01-20 23:16:55,045 - root - DEBUG - 5.1.9.3.7 Value: 0
2023-01-20 23:16:55,045 - root - DEBUG - 5.1.9.3.8 Value: 13
2023-01-20 23:16:55,045 - root - DEBUG - 5.1.9.3.9 Value: 10
2023-01-20 23:16:55,045 - root - DEBUG - 5.1.9.4 Value: 0
2023-01-20 23:16:55,046 - root - DEBUG - 5.1.9.5 Value: 0
2023-01-20 23:16:55,046 - root - DEBUG - 5.1.9.6 Value: None
2023-01-20 23:16:55,046 - root - DEBUG - 5.1.9.6.1 Value: 82
2023-01-20 23:16:55,046 - root - DEBUG - 5.1.9.6.2 Value: 207
2023-01-20 23:16:55,046 - root - DEBUG - 5.1.9.6.3 Value: 23
2023-01-20 23:16:55,046 - root - DEBUG - 5.1.9.6.4 Value: 12
2023-01-20 23:16:55,046 - root - DEBUG - 5.1.9.7 Value: None
2023-01-20 23:16:55,046 - root - DEBUG - 5.1.9.7.1 Value: 82
2023-01-20 23:16:55,046 - root - DEBUG - 5.1.9.7.2 Value: 207
2023-01-20 23:16:55,046 - root - DEBUG - 5.1.9.7.3 Value: 35
2023-01-20 23:16:55,046 - root - DEBUG - 5.1.9.7.4 Value: 12
2023-01-20 23:16:55,046 - root - DEBUG - 5.1.4 Value: 1
2023-01-20 23:16:55,047 - root - DEBUG - 5.1.5 Value: 1
2023-01-20 23:16:55,047 - root - DEBUG - 5.1.6 Value: 0
2023-01-20 23:16:55,047 - root - DEBUG - 7 Value: None
2023-01-20 23:16:55,047 - root - DEBUG - 7.2 Value: None
2023-01-20 23:16:55,047 - root - DEBUG - 7.2.1 Value: 153
2023-01-20 23:16:55,047 - root - DEBUG - 7.2.2 Value: 6
2023-01-20 23:16:55,047 - root - DEBUG - 7.2.3 Value: 47
2023-01-20 23:16:55,047 - root - DEBUG - 7.2.4 Value: 10
2023-01-20 23:16:55,047 - root - DEBUG - 9 Value: None
2023-01-20 23:16:55,047 - root - DEBUG - 9.2 Value: None
2023-01-20 23:16:55,047 - root - DEBUG - 9.2.1 Value: 153
2023-01-20 23:16:55,047 - root - DEBUG - 9.2.2 Value: 151
2023-01-20 23:16:55,048 - root - DEBUG - 9.2.3 Value: 63
2023-01-20 23:16:55,048 - root - DEBUG - 9.2.4 Value: 10
2023-01-20 23:16:55,048 - root - DEBUG - 12 Value: None
2023-01-20 23:16:55,048 - root - DEBUG - 12.2 Value: None
2023-01-20 23:16:55,048 - root - DEBUG - 12.2.1 Value: 6
2023-01-20 23:16:55,048 - root - DEBUG - 12.2.2 Value: 6
2023-01-20 23:16:55,048 - root - DEBUG - 12.2.3 Value: 57
2023-01-20 23:16:55,048 - root - DEBUG - 12.2.4 Value: 6
2023-01-20 23:16:55,048 - root - DEBUG - 26 Value: None
2023-01-20 23:16:55,048 - root - DEBUG - 26.1 Value: None
2023-01-20 23:16:55,048 - root - DEBUG - 26.1.1 Value: 6
2023-01-20 23:16:55,048 - root - DEBUG - 26.1.2 Value: 151
2023-01-20 23:16:55,049 - root - DEBUG - 26.1.3 Value: 73
2023-01-20 23:16:55,049 - root - DEBUG - 26.1.4 Value: 10
2023-01-20 23:16:55,049 - root - DEBUG - 0-Info
2023-01-20 23:16:55,049 - root - DEBUG - 0.1-DeviceId
2023-01-20 23:16:55,049 - root - DEBUG - 2-Background
2023-01-20 23:16:55,049 - root - DEBUG - 2.1-Image
2023-01-20 23:16:55,049 - root - DEBUG - 2.1.1-X
2023-01-20 23:16:55,049 - root - DEBUG - 2.1.2-Y
2023-01-20 23:16:55,049 - root - DEBUG - 2.1.3-ImageIndex
2023-01-20 23:16:55,050 - root - DEBUG - 2.3-Preview
2023-01-20 23:16:55,050 - root - DEBUG - 2.3.1-X
2023-01-20 23:16:55,050 - root - DEBUG - 2.3.2-Y
2023-01-20 23:16:55,050 - root - DEBUG - 2.3.3-ImageIndex
2023-01-20 23:16:55,050 - root - DEBUG - 2.4-PreviewTradChinese
2023-01-20 23:16:55,050 - root - DEBUG - 2.4.1-X
2023-01-20 23:16:55,050 - root - DEBUG - 2.4.2-Y
2023-01-20 23:16:55,050 - root - DEBUG - 2.4.3-ImageIndex
2023-01-20 23:16:55,050 - root - DEBUG - 2.5-PreviewChinese
2023-01-20 23:16:55,051 - root - DEBUG - 2.5.1-X
2023-01-20 23:16:55,051 - root - DEBUG - 2.5.2-Y
2023-01-20 23:16:55,051 - root - DEBUG - 2.5.3-ImageIndex
2023-01-20 23:16:55,051 - root - DEBUG - 3-TimeExtended
2023-01-20 23:16:55,051 - root - DEBUG - 3.1-TimeSeparateDigits
2023-01-20 23:16:55,051 - root - DEBUG - 3.1.1-Hours
2023-01-20 23:16:55,051 - root - DEBUG - 3.1.1.1-Tens
2023-01-20 23:16:55,051 - root - DEBUG - 3.1.1.1.1-X
2023-01-20 23:16:55,052 - root - DEBUG - 3.1.1.1.2-Y
2023-01-20 23:16:55,052 - root - DEBUG - 3.1.1.1.3-ImageIndex
2023-01-20 23:16:55,052 - root - DEBUG - 3.1.1.1.4-ImagesCount
2023-01-20 23:16:55,052 - root - DEBUG - 3.1.1.2-Ones
2023-01-20 23:16:55,052 - root - DEBUG - 3.1.1.2.1-X
2023-01-20 23:16:55,052 - root - DEBUG - 3.1.1.2.2-Y
2023-01-20 23:16:55,052 - root - DEBUG - 3.1.1.2.3-ImageIndex
2023-01-20 23:16:55,052 - root - DEBUG - 3.1.1.2.4-ImagesCount
2023-01-20 23:16:55,052 - root - DEBUG - 3.1.2-Minutes
2023-01-20 23:16:55,052 - root - DEBUG - 3.1.2.1-Tens
2023-01-20 23:16:55,052 - root - DEBUG - 3.1.2.1.1-X
2023-01-20 23:16:55,052 - root - DEBUG - 3.1.2.1.2-Y
2023-01-20 23:16:55,052 - root - DEBUG - 3.1.2.1.3-ImageIndex
2023-01-20 23:16:55,052 - root - DEBUG - 3.1.2.1.4-ImagesCount
2023-01-20 23:16:55,053 - root - DEBUG - 3.1.2.2-Ones
2023-01-20 23:16:55,053 - root - DEBUG - 3.1.2.2.1-X
2023-01-20 23:16:55,053 - root - DEBUG - 3.1.2.2.2-Y
2023-01-20 23:16:55,053 - root - DEBUG - 3.1.2.2.3-ImageIndex
2023-01-20 23:16:55,053 - root - DEBUG - 3.1.2.2.4-ImagesCount
2023-01-20 23:16:55,053 - root - DEBUG - 3.1.7-PaddingZeroHours
2023-01-20 23:16:55,053 - root - DEBUG - 3.1.8-PaddingZeroMinutes
2023-01-20 23:16:55,053 - root - DEBUG - 5-DateBlock
2023-01-20 23:16:55,053 - root - DEBUG - 5.1-Date
2023-01-20 23:16:55,054 - root - DEBUG - 5.1.9-YearMonthAndDay
2023-01-20 23:16:55,054 - root - DEBUG - 5.1.9.3-Day
2023-01-20 23:16:55,054 - root - DEBUG - 5.1.9.3.1-TopLeftX
2023-01-20 23:16:55,054 - root - DEBUG - 5.1.9.3.2-TopLeftY
2023-01-20 23:16:55,054 - root - DEBUG - 5.1.9.3.3-BottomRightX
2023-01-20 23:16:55,054 - root - DEBUG - 5.1.9.3.4-BottomRightY
2023-01-20 23:16:55,054 - root - DEBUG - 5.1.9.3.5-Alignment
2023-01-20 23:16:55,055 - root - DEBUG - 5.1.9.3.6-Spacing
2023-01-20 23:16:55,055 - root - DEBUG - 5.1.9.3.7-VerticalOffset
2023-01-20 23:16:55,055 - root - DEBUG - 5.1.9.3.8-ImageIndex
2023-01-20 23:16:55,055 - root - DEBUG - 5.1.9.3.9-ImagesCount
2023-01-20 23:16:55,055 - root - DEBUG - 5.1.9.4-MonthFollowsYear
2023-01-20 23:16:55,055 - root - DEBUG - 5.1.9.5-DayFollowsMonth
2023-01-20 23:16:55,055 - root - DEBUG - 5.1.9.6-MonthAsWord
2023-01-20 23:16:55,055 - root - DEBUG - 5.1.9.6.1-X
2023-01-20 23:16:55,056 - root - DEBUG - 5.1.9.6.2-Y
2023-01-20 23:16:55,056 - root - DEBUG - 5.1.9.6.3-ImageIndex
2023-01-20 23:16:55,056 - root - DEBUG - 5.1.9.6.4-ImagesCount
2023-01-20 23:16:55,056 - root - DEBUG - 5.1.9.7-MonthAsWordChinese
2023-01-20 23:16:55,057 - root - DEBUG - 5.1.9.7.1-X
2023-01-20 23:16:55,057 - root - DEBUG - 5.1.9.7.2-Y
2023-01-20 23:16:55,057 - root - DEBUG - 5.1.9.7.3-ImageIndex
2023-01-20 23:16:55,057 - root - DEBUG - 5.1.9.7.4-ImagesCount
2023-01-20 23:16:55,057 - root - DEBUG - 5.1.4-PaddingZeroMonth
2023-01-20 23:16:55,057 - root - DEBUG - 5.1.5-PaddingZeroDay
2023-01-20 23:16:55,057 - root - DEBUG - 5.1.6-UnknownBoolean6
2023-01-20 23:16:55,057 - root - DEBUG - 7-StepProgress
2023-01-20 23:16:55,057 - root - DEBUG - 7.2-ImageProgress
2023-01-20 23:16:55,058 - root - DEBUG - 7.2.1-X
2023-01-20 23:16:55,058 - root - DEBUG - 7.2.2-Y
2023-01-20 23:16:55,058 - root - DEBUG - 7.2.3-ImageIndex
2023-01-20 23:16:55,058 - root - DEBUG - 7.2.4-ImagesCount
2023-01-20 23:16:55,058 - root - DEBUG - 9-Battery
2023-01-20 23:16:55,058 - root - DEBUG - 9.2-ImageProgress
2023-01-20 23:16:55,058 - root - DEBUG - 9.2.1-X
2023-01-20 23:16:55,058 - root - DEBUG - 9.2.2-Y
2023-01-20 23:16:55,058 - root - DEBUG - 9.2.3-ImageIndex
2023-01-20 23:16:55,059 - root - DEBUG - 9.2.4-ImagesCount
2023-01-20 23:16:55,059 - root - DEBUG - 12-HeartProgress
2023-01-20 23:16:55,059 - root - DEBUG - 12.2-ImageProgress
2023-01-20 23:16:55,059 - root - DEBUG - 12.2.1-X
2023-01-20 23:16:55,059 - root - DEBUG - 12.2.2-Y
2023-01-20 23:16:55,059 - root - DEBUG - 12.2.3-ImageIndex
2023-01-20 23:16:55,059 - root - DEBUG - 12.2.4-ImagesCount
2023-01-20 23:16:55,059 - root - DEBUG - 26-UviProgress
2023-01-20 23:16:55,059 - root - DEBUG - 26.1-ImageProgress
2023-01-20 23:16:55,060 - root - DEBUG - 26.1.1-X
2023-01-20 23:16:55,060 - root - DEBUG - 26.1.2-Y
2023-01-20 23:16:55,060 - root - DEBUG - 26.1.3-ImageIndex
2023-01-20 23:16:55,060 - root - DEBUG - 26.1.4-ImagesCount
2023-01-20 23:16:55,060 - root - DEBUG - generatePreviews
2023-01-20 23:16:55,060 - root - DEBUG - Generating previews...
2023-01-20 23:16:55,063 - root - DEBUG - Generating states done...
2023-01-20 23:16:55,070 - root - DEBUG - >>>>>>>>>>>> 0 <watchFaceParser.models.parameter.Parameter object at 0x0000020E682CEDC0>
2023-01-20 23:16:55,070 - root - DEBUG - >>>>>>>>>>>> 2 <watchFaceParser.models.parameter.Parameter object at 0x0000020E682CB280>
2023-01-20 23:16:55,076 - root - DEBUG - >>>>>>>>>>>> 3 <watchFaceParser.models.parameter.Parameter object at 0x0000020E682CB430>
2023-01-20 23:16:55,081 - root - DEBUG - >>>>>>>>>>>> 5 <watchFaceParser.models.parameter.Parameter object at 0x0000020E682CC6A0>
2023-01-20 23:16:55,090 - root - DEBUG - >>>>>>>>>>>> 7 <watchFaceParser.models.parameter.Parameter object at 0x0000020E682CE400>
2023-01-20 23:16:55,093 - root - DEBUG - >>>>>>>>>>>> 9 <watchFaceParser.models.parameter.Parameter object at 0x0000020E682CE6A0>
2023-01-20 23:16:55,094 - root - DEBUG - >>>>>>>>>>>> 12 <watchFaceParser.models.parameter.Parameter object at 0x0000020E682CE940>
2023-01-20 23:16:55,095 - root - DEBUG - >>>>>>>>>>>> 26 <watchFaceParser.models.parameter.Parameter object at 0x0000020E682CEBB0>
2023-01-20 23:16:55,104 - root - DEBUG - Generating static preview gen done...
2023-01-20 23:16:55,149 - root - DEBUG - Generating static preview save done...
2023-01-20 23:16:55,149 - root - DEBUG - Generating anim preview gen done...
2023-01-20 23:16:55,149 - root - DEBUG - >>>>>>>>>>>> 0 <watchFaceParser.models.parameter.Parameter object at 0x0000020E682CEDC0>
2023-01-20 23:16:55,149 - root - DEBUG - >>>>>>>>>>>> 2 <watchFaceParser.models.parameter.Parameter object at 0x0000020E682CB280>
2023-01-20 23:16:55,149 - root - DEBUG - >>>>>>>>>>>> 3 <watchFaceParser.models.parameter.Parameter object at 0x0000020E682CB430>
2023-01-20 23:16:55,150 - root - DEBUG - >>>>>>>>>>>> 5 <watchFaceParser.models.parameter.Parameter object at 0x0000020E682CC6A0>
2023-01-20 23:16:55,150 - root - DEBUG - >>>>>>>>>>>> 7 <watchFaceParser.models.parameter.Parameter object at 0x0000020E682CE400>
2023-01-20 23:16:55,150 - root - DEBUG - >>>>>>>>>>>> 9 <watchFaceParser.models.parameter.Parameter object at 0x0000020E682CE6A0>
2023-01-20 23:16:55,150 - root - DEBUG - >>>>>>>>>>>> 12 <watchFaceParser.models.parameter.Parameter object at 0x0000020E682CE940>
2023-01-20 23:16:55,150 - root - DEBUG - >>>>>>>>>>>> 26 <watchFaceParser.models.parameter.Parameter object at 0x0000020E682CEBB0>
2023-01-20 23:16:55,226 - root - DEBUG - generatePreviews done
2023-01-20 23:16:55,227 - root - DEBUG - Exporting resources to 'E:\Codez\zepp-bip3-wf\203fbca975ab065801946502026aea61'
2023-01-20 23:16:55,229 - root - DEBUG - extracting E:\Codez\zepp-bip3-wf\203fbca975ab065801946502026aea61\0000.png...
2023-01-20 23:16:55,234 - root - DEBUG - extracting E:\Codez\zepp-bip3-wf\203fbca975ab065801946502026aea61\0001.png...
2023-01-20 23:16:55,239 - root - DEBUG - extracting E:\Codez\zepp-bip3-wf\203fbca975ab065801946502026aea61\0002.png...
2023-01-20 23:16:55,247 - root - DEBUG - extracting E:\Codez\zepp-bip3-wf\203fbca975ab065801946502026aea61\0003.png...
2023-01-20 23:16:55,249 - root - DEBUG - extracting E:\Codez\zepp-bip3-wf\203fbca975ab065801946502026aea61\0004.png...
2023-01-20 23:16:55,250 - root - DEBUG - extracting E:\Codez\zepp-bip3-wf\203fbca975ab065801946502026aea61\0005.png...
2023-01-20 23:16:55,251 - root - DEBUG - extracting E:\Codez\zepp-bip3-wf\203fbca975ab065801946502026aea61\0006.png...
2023-01-20 23:16:55,252 - root - DEBUG - extracting E:\Codez\zepp-bip3-wf\203fbca975ab065801946502026aea61\0007.png...
2023-01-20 23:16:55,253 - root - DEBUG - extracting E:\Codez\zepp-bip3-wf\203fbca975ab065801946502026aea61\0008.png...
2023-01-20 23:16:55,254 - root - DEBUG - extracting E:\Codez\zepp-bip3-wf\203fbca975ab065801946502026aea61\0009.png...
2023-01-20 23:16:55,255 - root - DEBUG - extracting E:\Codez\zepp-bip3-wf\203fbca975ab065801946502026aea61\0010.png...
2023-01-20 23:16:55,256 - root - DEBUG - extracting E:\Codez\zepp-bip3-wf\203fbca975ab065801946502026aea61\0011.png...
2023-01-20 23:16:55,257 - root - DEBUG - extracting E:\Codez\zepp-bip3-wf\203fbca975ab065801946502026aea61\0012.png...
2023-01-20 23:16:55,259 - root - DEBUG - extracting E:\Codez\zepp-bip3-wf\203fbca975ab065801946502026aea61\0013.png...
2023-01-20 23:16:55,259 - root - DEBUG - extracting E:\Codez\zepp-bip3-wf\203fbca975ab065801946502026aea61\0014.png...
2023-01-20 23:16:55,260 - root - DEBUG - extracting E:\Codez\zepp-bip3-wf\203fbca975ab065801946502026aea61\0015.png...
2023-01-20 23:16:55,261 - root - DEBUG - extracting E:\Codez\zepp-bip3-wf\203fbca975ab065801946502026aea61\0016.png...
2023-01-20 23:16:55,261 - root - DEBUG - extracting E:\Codez\zepp-bip3-wf\203fbca975ab065801946502026aea61\0017.png...
2023-01-20 23:16:55,263 - root - DEBUG - extracting E:\Codez\zepp-bip3-wf\203fbca975ab065801946502026aea61\0018.png...
2023-01-20 23:16:55,263 - root - DEBUG - extracting E:\Codez\zepp-bip3-wf\203fbca975ab065801946502026aea61\0019.png...
2023-01-20 23:16:55,264 - root - DEBUG - extracting E:\Codez\zepp-bip3-wf\203fbca975ab065801946502026aea61\0020.png...
2023-01-20 23:16:55,265 - root - DEBUG - extracting E:\Codez\zepp-bip3-wf\203fbca975ab065801946502026aea61\0021.png...
2023-01-20 23:16:55,266 - root - DEBUG - extracting E:\Codez\zepp-bip3-wf\203fbca975ab065801946502026aea61\0022.png...
2023-01-20 23:16:55,266 - root - DEBUG - extracting E:\Codez\zepp-bip3-wf\203fbca975ab065801946502026aea61\0023.png...
2023-01-20 23:16:55,267 - root - DEBUG - extracting E:\Codez\zepp-bip3-wf\203fbca975ab065801946502026aea61\0024.png...
2023-01-20 23:16:55,268 - root - DEBUG - extracting E:\Codez\zepp-bip3-wf\203fbca975ab065801946502026aea61\0025.png...
2023-01-20 23:16:55,269 - root - DEBUG - extracting E:\Codez\zepp-bip3-wf\203fbca975ab065801946502026aea61\0026.png...
2023-01-20 23:16:55,270 - root - DEBUG - extracting E:\Codez\zepp-bip3-wf\203fbca975ab065801946502026aea61\0027.png...
2023-01-20 23:16:55,271 - root - DEBUG - extracting E:\Codez\zepp-bip3-wf\203fbca975ab065801946502026aea61\0028.png...
2023-01-20 23:16:55,272 - root - DEBUG - extracting E:\Codez\zepp-bip3-wf\203fbca975ab065801946502026aea61\0029.png...
2023-01-20 23:16:55,274 - root - DEBUG - extracting E:\Codez\zepp-bip3-wf\203fbca975ab065801946502026aea61\0030.png...
2023-01-20 23:16:55,275 - root - DEBUG - extracting E:\Codez\zepp-bip3-wf\203fbca975ab065801946502026aea61\0031.png...
2023-01-20 23:16:55,277 - root - DEBUG - extracting E:\Codez\zepp-bip3-wf\203fbca975ab065801946502026aea61\0032.png...
2023-01-20 23:16:55,278 - root - DEBUG - extracting E:\Codez\zepp-bip3-wf\203fbca975ab065801946502026aea61\0033.png...
2023-01-20 23:16:55,279 - root - DEBUG - extracting E:\Codez\zepp-bip3-wf\203fbca975ab065801946502026aea61\0034.png...
2023-01-20 23:16:55,280 - root - DEBUG - extracting E:\Codez\zepp-bip3-wf\203fbca975ab065801946502026aea61\0035.png...
2023-01-20 23:16:55,281 - root - DEBUG - extracting E:\Codez\zepp-bip3-wf\203fbca975ab065801946502026aea61\0036.png...
2023-01-20 23:16:55,281 - root - DEBUG - extracting E:\Codez\zepp-bip3-wf\203fbca975ab065801946502026aea61\0037.png...
2023-01-20 23:16:55,283 - root - DEBUG - extracting E:\Codez\zepp-bip3-wf\203fbca975ab065801946502026aea61\0038.png...
2023-01-20 23:16:55,284 - root - DEBUG - extracting E:\Codez\zepp-bip3-wf\203fbca975ab065801946502026aea61\0039.png...
2023-01-20 23:16:55,285 - root - DEBUG - extracting E:\Codez\zepp-bip3-wf\203fbca975ab065801946502026aea61\0040.png...
2023-01-20 23:16:55,286 - root - DEBUG - extracting E:\Codez\zepp-bip3-wf\203fbca975ab065801946502026aea61\0041.png...
2023-01-20 23:16:55,287 - root - DEBUG - extracting E:\Codez\zepp-bip3-wf\203fbca975ab065801946502026aea61\0042.png...
2023-01-20 23:16:55,288 - root - DEBUG - extracting E:\Codez\zepp-bip3-wf\203fbca975ab065801946502026aea61\0043.png...
2023-01-20 23:16:55,288 - root - DEBUG - extracting E:\Codez\zepp-bip3-wf\203fbca975ab065801946502026aea61\0044.png...
2023-01-20 23:16:55,290 - root - DEBUG - extracting E:\Codez\zepp-bip3-wf\203fbca975ab065801946502026aea61\0045.png...
2023-01-20 23:16:55,290 - root - DEBUG - extracting E:\Codez\zepp-bip3-wf\203fbca975ab065801946502026aea61\0046.png...
2023-01-20 23:16:55,291 - root - DEBUG - extracting E:\Codez\zepp-bip3-wf\203fbca975ab065801946502026aea61\0047.png...
2023-01-20 23:16:55,293 - root - DEBUG - extracting E:\Codez\zepp-bip3-wf\203fbca975ab065801946502026aea61\0048.png...
2023-01-20 23:16:55,294 - root - DEBUG - extracting E:\Codez\zepp-bip3-wf\203fbca975ab065801946502026aea61\0049.png...
2023-01-20 23:16:55,296 - root - DEBUG - extracting E:\Codez\zepp-bip3-wf\203fbca975ab065801946502026aea61\0050.png...
2023-01-20 23:16:55,297 - root - DEBUG - extracting E:\Codez\zepp-bip3-wf\203fbca975ab065801946502026aea61\0051.png...
2023-01-20 23:16:55,299 - root - DEBUG - extracting E:\Codez\zepp-bip3-wf\203fbca975ab065801946502026aea61\0052.png...
2023-01-20 23:16:55,301 - root - DEBUG - extracting E:\Codez\zepp-bip3-wf\203fbca975ab065801946502026aea61\0053.png...
2023-01-20 23:16:55,302 - root - DEBUG - extracting E:\Codez\zepp-bip3-wf\203fbca975ab065801946502026aea61\0054.png...
2023-01-20 23:16:55,304 - root - DEBUG - extracting E:\Codez\zepp-bip3-wf\203fbca975ab065801946502026aea61\0055.png...
2023-01-20 23:16:55,306 - root - DEBUG - extracting E:\Codez\zepp-bip3-wf\203fbca975ab065801946502026aea61\0056.png...
2023-01-20 23:16:55,308 - root - DEBUG - extracting E:\Codez\zepp-bip3-wf\203fbca975ab065801946502026aea61\0057.png...
2023-01-20 23:16:55,309 - root - DEBUG - extracting E:\Codez\zepp-bip3-wf\203fbca975ab065801946502026aea61\0058.png...
2023-01-20 23:16:55,311 - root - DEBUG - extracting E:\Codez\zepp-bip3-wf\203fbca975ab065801946502026aea61\0059.png...
2023-01-20 23:16:55,313 - root - DEBUG - extracting E:\Codez\zepp-bip3-wf\203fbca975ab065801946502026aea61\0060.png...
2023-01-20 23:16:55,315 - root - DEBUG - extracting E:\Codez\zepp-bip3-wf\203fbca975ab065801946502026aea61\0061.png...
2023-01-20 23:16:55,316 - root - DEBUG - extracting E:\Codez\zepp-bip3-wf\203fbca975ab065801946502026aea61\0062.png...
2023-01-20 23:16:55,318 - root - DEBUG - extracting E:\Codez\zepp-bip3-wf\203fbca975ab065801946502026aea61\0063.png...
2023-01-20 23:16:55,319 - root - DEBUG - extracting E:\Codez\zepp-bip3-wf\203fbca975ab065801946502026aea61\0064.png...
2023-01-20 23:16:55,321 - root - DEBUG - extracting E:\Codez\zepp-bip3-wf\203fbca975ab065801946502026aea61\0065.png...
2023-01-20 23:16:55,323 - root - DEBUG - extracting E:\Codez\zepp-bip3-wf\203fbca975ab065801946502026aea61\0066.png...
2023-01-20 23:16:55,324 - root - DEBUG - extracting E:\Codez\zepp-bip3-wf\203fbca975ab065801946502026aea61\0067.png...
2023-01-20 23:16:55,326 - root - DEBUG - extracting E:\Codez\zepp-bip3-wf\203fbca975ab065801946502026aea61\0068.png...
2023-01-20 23:16:55,327 - root - DEBUG - extracting E:\Codez\zepp-bip3-wf\203fbca975ab065801946502026aea61\0069.png...
2023-01-20 23:16:55,329 - root - DEBUG - extracting E:\Codez\zepp-bip3-wf\203fbca975ab065801946502026aea61\0070.png...
2023-01-20 23:16:55,331 - root - DEBUG - extracting E:\Codez\zepp-bip3-wf\203fbca975ab065801946502026aea61\0071.png...
2023-01-20 23:16:55,333 - root - DEBUG - extracting E:\Codez\zepp-bip3-wf\203fbca975ab065801946502026aea61\0072.png...
2023-01-20 23:16:55,334 - root - DEBUG - extracting E:\Codez\zepp-bip3-wf\203fbca975ab065801946502026aea61\0073.png...
2023-01-20 23:16:55,336 - root - DEBUG - extracting E:\Codez\zepp-bip3-wf\203fbca975ab065801946502026aea61\0074.png...
2023-01-20 23:16:55,338 - root - DEBUG - extracting E:\Codez\zepp-bip3-wf\203fbca975ab065801946502026aea61\0075.png...
2023-01-20 23:16:55,339 - root - DEBUG - extracting E:\Codez\zepp-bip3-wf\203fbca975ab065801946502026aea61\0076.png...
2023-01-20 23:16:55,341 - root - DEBUG - extracting E:\Codez\zepp-bip3-wf\203fbca975ab065801946502026aea61\0077.png...
2023-01-20 23:16:55,343 - root - DEBUG - extracting E:\Codez\zepp-bip3-wf\203fbca975ab065801946502026aea61\0078.png...
2023-01-20 23:16:55,344 - root - DEBUG - extracting E:\Codez\zepp-bip3-wf\203fbca975ab065801946502026aea61\0079.png...
2023-01-20 23:16:55,346 - root - DEBUG - extracting E:\Codez\zepp-bip3-wf\203fbca975ab065801946502026aea61\0080.png...
2023-01-20 23:16:55,348 - root - DEBUG - extracting E:\Codez\zepp-bip3-wf\203fbca975ab065801946502026aea61\0081.png...
2023-01-20 23:16:55,350 - root - DEBUG - extracting E:\Codez\zepp-bip3-wf\203fbca975ab065801946502026aea61\0082.png...
2023-01-20 23:16:55,351 - root - DEBUG - Exporting config...
