2023-01-20 23:17:25,889 - root - DEBUG - Opening watch face 'E:\Codez\zepp-bip3-wf\84001ff4bc3aacab0465967e1005873e.bin'
2023-01-20 23:17:25,889 - root - DEBUG - Reading parameters...
2023-01-20 23:17:25,889 - root - INFO - Reading header...
2023-01-20 23:17:25,894 - root - INFO - Header was read:
2023-01-20 23:17:25,894 - root - INFO - Signature: b'UIHH\x01\x00\xff', Unknown: 52, ParametersSize: 45, isValid: True, deviceId: 71
2023-01-20 23:17:25,894 - root - INFO - Reading parameter offsets...
2023-01-20 23:17:25,894 - root - INFO - Parameter offsets were read from file
2023-01-20 23:17:25,894 - root - INFO - Reading parameters descriptor...
2023-01-20 23:17:25,894 - root - INFO - 1 ( A): 5 bytes
2023-01-20 23:17:25,894 - root - INFO -     1 ( 8): 194 C2
2023-01-20 23:17:25,894 - root - INFO -     2 (10): 73 49
2023-01-20 23:17:25,894 - root - INFO - getParameters descriptor was read:
2023-01-20 23:17:25,894 - root - INFO - ParametersTableLength: 194, ImagesCount: 73
2023-01-20 23:17:25,894 - root - INFO - Reading parameters locations...
2023-01-20 23:17:25,894 - root - INFO - 2 (12): 4 bytes
2023-01-20 23:17:25,894 - root - INFO -     1 ( 8): 0  0
2023-01-20 23:17:25,894 - root - INFO -     2 (10): 16 10
2023-01-20 23:17:25,894 - root - INFO - 3 (1A): 4 bytes
2023-01-20 23:17:25,894 - root - INFO -     1 ( 8): 16 10
2023-01-20 23:17:25,894 - root - INFO -     2 (10): 52 34
2023-01-20 23:17:25,894 - root - INFO - 4 (22): 4 bytes
2023-01-20 23:17:25,894 - root - INFO -     1 ( 8): 114 72
2023-01-20 23:17:25,894 - root - INFO -     2 (10): 31 1F
2023-01-20 23:17:25,894 - root - INFO - 5 (2A): 4 bytes
2023-01-20 23:17:25,894 - root - INFO -     1 ( 8): 68 44
2023-01-20 23:17:25,894 - root - INFO -     2 (10): 46 2E
2023-01-20 23:17:25,894 - root - INFO - 9 (4A): 5 bytes
2023-01-20 23:17:25,894 - root - INFO -     1 ( 8): 155 9B
2023-01-20 23:17:25,894 - root - INFO -     2 (10): 39 27
2023-01-20 23:17:25,894 - root - INFO - 12 (62): 5 bytes
2023-01-20 23:17:25,894 - root - INFO -     1 ( 8): 145 91
2023-01-20 23:17:25,894 - root - INFO -     2 (10): 10  A
2023-01-20 23:17:25,894 - root - INFO - Watch face parameters locations were read:
2023-01-20 23:17:25,894 - root - INFO - Reading descriptor for parameter 2
2023-01-20 23:17:25,894 - root - INFO - Descriptor offset: 0, Descriptor length: 16
2023-01-20 23:17:25,894 - root - INFO - Parsing descriptor for parameter 2...
2023-01-20 23:17:25,894 - root - INFO - 1 ( A): 6 bytes
2023-01-20 23:17:25,894 - root - INFO -     1 ( 8): 0  0
2023-01-20 23:17:25,894 - root - INFO -     2 (10): 0  0
2023-01-20 23:17:25,894 - root - INFO -     3 (18): 1  1
2023-01-20 23:17:25,894 - root - INFO - 3 (1A): 6 bytes
2023-01-20 23:17:25,894 - root - INFO -     1 ( 8): 0  0
2023-01-20 23:17:25,894 - root - INFO -     2 (10): 0  0
2023-01-20 23:17:25,894 - root - INFO -     3 (18): 0  0
2023-01-20 23:17:25,894 - root - INFO - Reading descriptor for parameter 3
2023-01-20 23:17:25,894 - root - INFO - Descriptor offset: 16, Descriptor length: 52
2023-01-20 23:17:25,894 - root - INFO - Parsing descriptor for parameter 3...
2023-01-20 23:17:25,894 - root - INFO - 1 ( A): 50 bytes
2023-01-20 23:17:25,894 - root - INFO -     1 ( A): 20 bytes
2023-01-20 23:17:25,894 - root - INFO -         1 ( A): 8 bytes
2023-01-20 23:17:25,894 - root - INFO -             1 ( 8): 78 4E
2023-01-20 23:17:25,894 - root - INFO -             2 (10): 80 50
2023-01-20 23:17:25,894 - root - INFO -             3 (18): 2  2
2023-01-20 23:17:25,894 - root - INFO -             4 (20): 10  A
2023-01-20 23:17:25,894 - root - INFO -         2 (12): 8 bytes
2023-01-20 23:17:25,894 - root - INFO -             1 ( 8): 120 78
2023-01-20 23:17:25,894 - root - INFO -             2 (10): 80 50
2023-01-20 23:17:25,894 - root - INFO -             3 (18): 2  2
2023-01-20 23:17:25,894 - root - INFO -             4 (20): 10  A
2023-01-20 23:17:25,894 - root - INFO -     2 (12): 22 bytes
2023-01-20 23:17:25,894 - root - INFO -         1 ( A): 9 bytes
2023-01-20 23:17:25,894 - root - INFO -             1 ( 8): 78 4E
2023-01-20 23:17:25,894 - root - INFO -             2 (10): 142 8E
2023-01-20 23:17:25,894 - root - INFO -             3 (18): 12  C
2023-01-20 23:17:25,894 - root - INFO -             4 (20): 10  A
2023-01-20 23:17:25,894 - root - INFO -         2 (12): 9 bytes
2023-01-20 23:17:25,894 - root - INFO -             1 ( 8): 120 78
2023-01-20 23:17:25,894 - root - INFO -             2 (10): 142 8E
2023-01-20 23:17:25,894 - root - INFO -             3 (18): 12  C
2023-01-20 23:17:25,894 - root - INFO -             4 (20): 10  A
2023-01-20 23:17:25,894 - root - INFO -     7 (38): 0  0
2023-01-20 23:17:25,894 - root - INFO -     8 (40): 1  1
2023-01-20 23:17:25,894 - root - INFO - Reading descriptor for parameter 4
2023-01-20 23:17:25,894 - root - INFO - Descriptor offset: 114, Descriptor length: 31
2023-01-20 23:17:25,894 - root - INFO - Parsing descriptor for parameter 4...
2023-01-20 23:17:25,894 - root - INFO - 4 (22): 27 bytes
2023-01-20 23:17:25,894 - root - INFO -     1 ( A): 21 bytes
2023-01-20 23:17:25,894 - root - INFO -         1 ( 8): 80 50
2023-01-20 23:17:25,894 - root - INFO -         2 (10): 262 106
2023-01-20 23:17:25,894 - root - INFO -         3 (18): 136 88
2023-01-20 23:17:25,894 - root - INFO -         4 (20): 278 116
2023-01-20 23:17:25,894 - root - INFO -         5 (28): 66 42
2023-01-20 23:17:25,894 - root - INFO -         6 (30): 0  0
2023-01-20 23:17:25,894 - root - INFO -         7 (38): 0  0
2023-01-20 23:17:25,894 - root - INFO -         8 (40): 39 27
2023-01-20 23:17:25,894 - root - INFO -         9 (48): 10  A
2023-01-20 23:17:25,894 - root - INFO -     2 (10): 49 31
2023-01-20 23:17:25,894 - root - INFO -     3 (18): 50 32
2023-01-20 23:17:25,894 - root - INFO - 7 (38): 0  0
2023-01-20 23:17:25,894 - root - INFO - Reading descriptor for parameter 5
2023-01-20 23:17:25,894 - root - INFO - Descriptor offset: 68, Descriptor length: 46
2023-01-20 23:17:25,894 - root - INFO - Parsing descriptor for parameter 5...
2023-01-20 23:17:25,894 - root - INFO - 1 ( A): 34 bytes
2023-01-20 23:17:25,894 - root - INFO -     9 (4A): 26 bytes
2023-01-20 23:17:25,894 - root - INFO -         3 (1A): 20 bytes
2023-01-20 23:17:25,894 - root - INFO -             1 ( 8): 140 8C
2023-01-20 23:17:25,894 - root - INFO -             2 (10): 51 33
2023-01-20 23:17:25,894 - root - INFO -             3 (18): 172 AC
2023-01-20 23:17:25,904 - root - INFO -             4 (20): 77 4D
2023-01-20 23:17:25,904 - root - INFO -             5 (28): 18 12
2023-01-20 23:17:25,904 - root - INFO -             6 (30): 0  0
2023-01-20 23:17:25,904 - root - INFO -             7 (38): 0  0
2023-01-20 23:17:25,904 - root - INFO -             8 (40): 22 16
2023-01-20 23:17:25,904 - root - INFO -             9 (48): 10  A
2023-01-20 23:17:25,904 - root - INFO -         4 (20): 0  0
2023-01-20 23:17:25,904 - root - INFO -         5 (28): 0  0
2023-01-20 23:17:25,904 - root - INFO -     4 (20): 1  1
2023-01-20 23:17:25,904 - root - INFO -     5 (28): 1  1
2023-01-20 23:17:25,904 - root - INFO -     6 (30): 0  0
2023-01-20 23:17:25,904 - root - INFO - 4 (22): 8 bytes
2023-01-20 23:17:25,905 - root - INFO -     1 ( 8): 65 41
2023-01-20 23:17:25,905 - root - INFO -     2 (10): 51 33
2023-01-20 23:17:25,905 - root - INFO -     3 (18): 32 20
2023-01-20 23:17:25,905 - root - INFO -     4 (20): 7  7
2023-01-20 23:17:25,905 - root - INFO - Reading descriptor for parameter 9
2023-01-20 23:17:25,905 - root - INFO - Descriptor offset: 155, Descriptor length: 39
2023-01-20 23:17:25,905 - root - INFO - Parsing descriptor for parameter 9...
2023-01-20 23:17:25,905 - root - INFO - 1 ( A): 27 bytes
2023-01-20 23:17:25,905 - root - INFO -     1 ( A): 21 bytes
2023-01-20 23:17:25,905 - root - INFO -         1 ( 8): 80 50
2023-01-20 23:17:25,905 - root - INFO -         2 (10): 243 F3
2023-01-20 23:17:25,905 - root - INFO -         3 (18): 136 88
2023-01-20 23:17:25,905 - root - INFO -         4 (20): 258 102
2023-01-20 23:17:25,905 - root - INFO -         5 (28): 66 42
2023-01-20 23:17:25,905 - root - INFO -         6 (30): 0  0
2023-01-20 23:17:25,905 - root - INFO -         7 (38): 0  0
2023-01-20 23:17:25,905 - root - INFO -         8 (40): 39 27
2023-01-20 23:17:25,905 - root - INFO -         9 (48): 10  A
2023-01-20 23:17:25,905 - root - INFO -     3 (18): 62 3E
2023-01-20 23:17:25,905 - root - INFO -     4 (20): 61 3D
2023-01-20 23:17:25,905 - root - INFO - 2 (12): 8 bytes
2023-01-20 23:17:25,905 - root - INFO -     1 ( 8): 20 14
2023-01-20 23:17:25,905 - root - INFO -     2 (10): 18 12
2023-01-20 23:17:25,905 - root - INFO -     3 (18): 63 3F
2023-01-20 23:17:25,905 - root - INFO -     4 (20): 10  A
2023-01-20 23:17:25,905 - root - INFO - Reading descriptor for parameter 12
2023-01-20 23:17:25,905 - root - INFO - Descriptor offset: 145, Descriptor length: 10
2023-01-20 23:17:25,905 - root - INFO - Parsing descriptor for parameter 12...
2023-01-20 23:17:25,905 - root - INFO - 2 (12): 8 bytes
2023-01-20 23:17:25,905 - root - INFO -     1 ( 8): 0  0
2023-01-20 23:17:25,905 - root - INFO -     2 (10): 0  0
2023-01-20 23:17:25,905 - root - INFO -     3 (18): 51 33
2023-01-20 23:17:25,905 - root - INFO -     4 (20): 10  A
2023-01-20 23:17:25,905 - root - INFO - Reading resources offsets table with 73 elements (292 bytes)
2023-01-20 23:17:25,905 - root - INFO - Resource 0 offset: 618, length: 51224...
2023-01-20 23:17:25,905 - root - DEBUG - Reading resource 0...
2023-01-20 23:17:25,937 - root - INFO - The image is bmc.
2023-01-20 23:17:25,937 - root - INFO - Reading image header(readHeader16C)...
2023-01-20 23:17:25,937 - root - INFO - Image header was read:
2023-01-20 23:17:25,937 - root - INFO - Width: 148, Height: 173, RowLength: 296
2023-01-20 23:17:25,937 - root - INFO - _step: 2, unknown2: 0,
2023-01-20 23:17:25,937 - root - INFO - BPP: 16, Transparency: False
2023-01-20 23:17:26,080 - root - INFO - Resource 1 offset: 51842, length: 134416...
2023-01-20 23:17:26,080 - root - DEBUG - Reading resource 1...
2023-01-20 23:17:26,080 - root - INFO - The image is bmc.
2023-01-20 23:17:26,080 - root - INFO - Reading image header(readHeader16C)...
2023-01-20 23:17:26,080 - root - INFO - Image header was read:
2023-01-20 23:17:26,080 - root - INFO - Width: 240, Height: 280, RowLength: 480
2023-01-20 23:17:26,080 - root - INFO - _step: 2, unknown2: 0,
2023-01-20 23:17:26,080 - root - INFO - BPP: 16, Transparency: False
2023-01-20 23:17:26,366 - root - INFO - Resource 2 offset: 186258, length: 4634...
2023-01-20 23:17:26,366 - root - DEBUG - Reading resource 2...
2023-01-20 23:17:26,366 - root - INFO - The image is bme.
2023-01-20 23:17:26,366 - root - INFO - Reading image header(readHeader16E)...
2023-01-20 23:17:26,366 - root - INFO - Image header was read:
2023-01-20 23:17:26,366 - root - INFO - Width: 40, Height: 70, RowLength: 80
2023-01-20 23:17:26,366 - root - INFO - datalength: 4618, _step: 2
2023-01-20 23:17:26,366 - root - INFO - BPP: 16, Transparency: False
2023-01-20 23:17:26,374 - root - INFO - Resource 3 offset: 190892, length: 2608...
2023-01-20 23:17:26,374 - root - DEBUG - Reading resource 3...
2023-01-20 23:17:26,374 - root - INFO - The image is bme.
2023-01-20 23:17:26,374 - root - INFO - Reading image header(readHeader16E)...
2023-01-20 23:17:26,374 - root - INFO - Image header was read:
2023-01-20 23:17:26,374 - root - INFO - Width: 40, Height: 70, RowLength: 80
2023-01-20 23:17:26,374 - root - INFO - datalength: 2592, _step: 2
2023-01-20 23:17:26,374 - root - INFO - BPP: 16, Transparency: False
2023-01-20 23:17:26,384 - root - INFO - Resource 4 offset: 193500, length: 3832...
2023-01-20 23:17:26,384 - root - DEBUG - Reading resource 4...
2023-01-20 23:17:26,384 - root - INFO - The image is bme.
2023-01-20 23:17:26,384 - root - INFO - Reading image header(readHeader16E)...
2023-01-20 23:17:26,384 - root - INFO - Image header was read:
2023-01-20 23:17:26,384 - root - INFO - Width: 40, Height: 70, RowLength: 80
2023-01-20 23:17:26,384 - root - INFO - datalength: 3816, _step: 2
2023-01-20 23:17:26,384 - root - INFO - BPP: 16, Transparency: False
2023-01-20 23:17:26,384 - root - INFO - Resource 5 offset: 197332, length: 3946...
2023-01-20 23:17:26,384 - root - DEBUG - Reading resource 5...
2023-01-20 23:17:26,384 - root - INFO - The image is bme.
2023-01-20 23:17:26,384 - root - INFO - Reading image header(readHeader16E)...
2023-01-20 23:17:26,384 - root - INFO - Image header was read:
2023-01-20 23:17:26,384 - root - INFO - Width: 40, Height: 70, RowLength: 80
2023-01-20 23:17:26,384 - root - INFO - datalength: 3930, _step: 2
2023-01-20 23:17:26,384 - root - INFO - BPP: 16, Transparency: False
2023-01-20 23:17:26,397 - root - INFO - Resource 6 offset: 201278, length: 4028...
2023-01-20 23:17:26,397 - root - DEBUG - Reading resource 6...
2023-01-20 23:17:26,397 - root - INFO - The image is bme.
2023-01-20 23:17:26,397 - root - INFO - Reading image header(readHeader16E)...
2023-01-20 23:17:26,397 - root - INFO - Image header was read:
2023-01-20 23:17:26,397 - root - INFO - Width: 40, Height: 70, RowLength: 80
2023-01-20 23:17:26,397 - root - INFO - datalength: 4012, _step: 2
2023-01-20 23:17:26,397 - root - INFO - BPP: 16, Transparency: False
2023-01-20 23:17:26,409 - root - INFO - Resource 7 offset: 205306, length: 4274...
2023-01-20 23:17:26,409 - root - DEBUG - Reading resource 7...
2023-01-20 23:17:26,409 - root - INFO - The image is bme.
2023-01-20 23:17:26,409 - root - INFO - Reading image header(readHeader16E)...
2023-01-20 23:17:26,409 - root - INFO - Image header was read:
2023-01-20 23:17:26,409 - root - INFO - Width: 40, Height: 70, RowLength: 80
2023-01-20 23:17:26,409 - root - INFO - datalength: 4258, _step: 2
2023-01-20 23:17:26,409 - root - INFO - BPP: 16, Transparency: False
2023-01-20 23:17:26,414 - root - INFO - Resource 8 offset: 209580, length: 4448...
2023-01-20 23:17:26,414 - root - DEBUG - Reading resource 8...
2023-01-20 23:17:26,414 - root - INFO - The image is bme.
2023-01-20 23:17:26,414 - root - INFO - Reading image header(readHeader16E)...
2023-01-20 23:17:26,414 - root - INFO - Image header was read:
2023-01-20 23:17:26,414 - root - INFO - Width: 40, Height: 70, RowLength: 80
2023-01-20 23:17:26,414 - root - INFO - datalength: 4432, _step: 2
2023-01-20 23:17:26,414 - root - INFO - BPP: 16, Transparency: False
2023-01-20 23:17:26,429 - root - INFO - Resource 9 offset: 214028, length: 3020...
2023-01-20 23:17:26,429 - root - DEBUG - Reading resource 9...
2023-01-20 23:17:26,429 - root - INFO - The image is bme.
2023-01-20 23:17:26,429 - root - INFO - Reading image header(readHeader16E)...
2023-01-20 23:17:26,429 - root - INFO - Image header was read:
2023-01-20 23:17:26,429 - root - INFO - Width: 40, Height: 70, RowLength: 80
2023-01-20 23:17:26,429 - root - INFO - datalength: 3004, _step: 2
2023-01-20 23:17:26,429 - root - INFO - BPP: 16, Transparency: False
2023-01-20 23:17:26,434 - root - INFO - Resource 10 offset: 217048, length: 4622...
2023-01-20 23:17:26,434 - root - DEBUG - Reading resource 10...
2023-01-20 23:17:26,434 - root - INFO - The image is bme.
2023-01-20 23:17:26,434 - root - INFO - Reading image header(readHeader16E)...
2023-01-20 23:17:26,434 - root - INFO - Image header was read:
2023-01-20 23:17:26,434 - root - INFO - Width: 40, Height: 70, RowLength: 80
2023-01-20 23:17:26,434 - root - INFO - datalength: 4606, _step: 2
2023-01-20 23:17:26,434 - root - INFO - BPP: 16, Transparency: False
2023-01-20 23:17:26,454 - root - INFO - Resource 11 offset: 221670, length: 4472...
2023-01-20 23:17:26,454 - root - DEBUG - Reading resource 11...
2023-01-20 23:17:26,454 - root - INFO - The image is bme.
2023-01-20 23:17:26,454 - root - INFO - Reading image header(readHeader16E)...
2023-01-20 23:17:26,454 - root - INFO - Image header was read:
2023-01-20 23:17:26,454 - root - INFO - Width: 40, Height: 70, RowLength: 80
2023-01-20 23:17:26,454 - root - INFO - datalength: 4456, _step: 2
2023-01-20 23:17:26,454 - root - INFO - BPP: 16, Transparency: False
2023-01-20 23:17:26,464 - root - INFO - Resource 12 offset: 226142, length: 4532...
2023-01-20 23:17:26,464 - root - DEBUG - Reading resource 12...
2023-01-20 23:17:26,464 - root - INFO - The image is bme.
2023-01-20 23:17:26,464 - root - INFO - Reading image header(readHeader16E)...
2023-01-20 23:17:26,464 - root - INFO - Image header was read:
2023-01-20 23:17:26,464 - root - INFO - Width: 40, Height: 70, RowLength: 80
2023-01-20 23:17:26,464 - root - INFO - datalength: 4516, _step: 2
2023-01-20 23:17:26,464 - root - INFO - BPP: 16, Transparency: False
2023-01-20 23:17:26,477 - root - INFO - Resource 13 offset: 230674, length: 2616...
2023-01-20 23:17:26,477 - root - DEBUG - Reading resource 13...
2023-01-20 23:17:26,477 - root - INFO - The image is bme.
2023-01-20 23:17:26,477 - root - INFO - Reading image header(readHeader16E)...
2023-01-20 23:17:26,477 - root - INFO - Image header was read:
2023-01-20 23:17:26,477 - root - INFO - Width: 40, Height: 70, RowLength: 80
2023-01-20 23:17:26,477 - root - INFO - datalength: 2600, _step: 2
2023-01-20 23:17:26,477 - root - INFO - BPP: 16, Transparency: False
2023-01-20 23:17:26,484 - root - INFO - Resource 14 offset: 233290, length: 3814...
2023-01-20 23:17:26,484 - root - DEBUG - Reading resource 14...
2023-01-20 23:17:26,484 - root - INFO - The image is bme.
2023-01-20 23:17:26,484 - root - INFO - Reading image header(readHeader16E)...
2023-01-20 23:17:26,484 - root - INFO - Image header was read:
2023-01-20 23:17:26,484 - root - INFO - Width: 40, Height: 70, RowLength: 80
2023-01-20 23:17:26,484 - root - INFO - datalength: 3798, _step: 2
2023-01-20 23:17:26,484 - root - INFO - BPP: 16, Transparency: False
2023-01-20 23:17:26,494 - root - INFO - Resource 15 offset: 237104, length: 3950...
2023-01-20 23:17:26,494 - root - DEBUG - Reading resource 15...
2023-01-20 23:17:26,494 - root - INFO - The image is bme.
2023-01-20 23:17:26,494 - root - INFO - Reading image header(readHeader16E)...
2023-01-20 23:17:26,494 - root - INFO - Image header was read:
2023-01-20 23:17:26,494 - root - INFO - Width: 40, Height: 70, RowLength: 80
2023-01-20 23:17:26,494 - root - INFO - datalength: 3934, _step: 2
2023-01-20 23:17:26,494 - root - INFO - BPP: 16, Transparency: False
2023-01-20 23:17:26,509 - root - INFO - Resource 16 offset: 241054, length: 3938...
2023-01-20 23:17:26,509 - root - DEBUG - Reading resource 16...
2023-01-20 23:17:26,509 - root - INFO - The image is bme.
2023-01-20 23:17:26,509 - root - INFO - Reading image header(readHeader16E)...
2023-01-20 23:17:26,509 - root - INFO - Image header was read:
2023-01-20 23:17:26,509 - root - INFO - Width: 40, Height: 70, RowLength: 80
2023-01-20 23:17:26,509 - root - INFO - datalength: 3922, _step: 2
2023-01-20 23:17:26,509 - root - INFO - BPP: 16, Transparency: False
2023-01-20 23:17:26,519 - root - INFO - Resource 17 offset: 244992, length: 4240...
2023-01-20 23:17:26,519 - root - DEBUG - Reading resource 17...
2023-01-20 23:17:26,519 - root - INFO - The image is bme.
2023-01-20 23:17:26,519 - root - INFO - Reading image header(readHeader16E)...
2023-01-20 23:17:26,519 - root - INFO - Image header was read:
2023-01-20 23:17:26,519 - root - INFO - Width: 40, Height: 70, RowLength: 80
2023-01-20 23:17:26,519 - root - INFO - datalength: 4224, _step: 2
2023-01-20 23:17:26,519 - root - INFO - BPP: 16, Transparency: False
2023-01-20 23:17:26,525 - root - INFO - Resource 18 offset: 249232, length: 4350...
2023-01-20 23:17:26,525 - root - DEBUG - Reading resource 18...
2023-01-20 23:17:26,525 - root - INFO - The image is bme.
2023-01-20 23:17:26,525 - root - INFO - Reading image header(readHeader16E)...
2023-01-20 23:17:26,525 - root - INFO - Image header was read:
2023-01-20 23:17:26,525 - root - INFO - Width: 40, Height: 70, RowLength: 80
2023-01-20 23:17:26,525 - root - INFO - datalength: 4334, _step: 2
2023-01-20 23:17:26,525 - root - INFO - BPP: 16, Transparency: False
2023-01-20 23:17:26,534 - root - INFO - Resource 19 offset: 253582, length: 3002...
2023-01-20 23:17:26,534 - root - DEBUG - Reading resource 19...
2023-01-20 23:17:26,534 - root - INFO - The image is bme.
2023-01-20 23:17:26,534 - root - INFO - Reading image header(readHeader16E)...
2023-01-20 23:17:26,534 - root - INFO - Image header was read:
2023-01-20 23:17:26,534 - root - INFO - Width: 40, Height: 70, RowLength: 80
2023-01-20 23:17:26,534 - root - INFO - datalength: 2986, _step: 2
2023-01-20 23:17:26,534 - root - INFO - BPP: 16, Transparency: False
2023-01-20 23:17:26,544 - root - INFO - Resource 20 offset: 256584, length: 4466...
2023-01-20 23:17:26,544 - root - DEBUG - Reading resource 20...
2023-01-20 23:17:26,544 - root - INFO - The image is bme.
2023-01-20 23:17:26,544 - root - INFO - Reading image header(readHeader16E)...
2023-01-20 23:17:26,544 - root - INFO - Image header was read:
2023-01-20 23:17:26,544 - root - INFO - Width: 40, Height: 70, RowLength: 80
2023-01-20 23:17:26,544 - root - INFO - datalength: 4450, _step: 2
2023-01-20 23:17:26,544 - root - INFO - BPP: 16, Transparency: False
2023-01-20 23:17:26,554 - root - INFO - Resource 21 offset: 261050, length: 4352...
2023-01-20 23:17:26,554 - root - DEBUG - Reading resource 21...
2023-01-20 23:17:26,554 - root - INFO - The image is bme.
2023-01-20 23:17:26,554 - root - INFO - Reading image header(readHeader16E)...
2023-01-20 23:17:26,554 - root - INFO - Image header was read:
2023-01-20 23:17:26,554 - root - INFO - Width: 40, Height: 70, RowLength: 80
2023-01-20 23:17:26,554 - root - INFO - datalength: 4336, _step: 2
2023-01-20 23:17:26,554 - root - INFO - BPP: 16, Transparency: False
2023-01-20 23:17:26,564 - root - INFO - Resource 22 offset: 265402, length: 620...
2023-01-20 23:17:26,564 - root - DEBUG - Reading resource 22...
2023-01-20 23:17:26,564 - root - INFO - The image is bme.
2023-01-20 23:17:26,564 - root - INFO - Reading image header(readHeader16E)...
2023-01-20 23:17:26,564 - root - INFO - Image header was read:
2023-01-20 23:17:26,564 - root - INFO - Width: 16, Height: 26, RowLength: 32
2023-01-20 23:17:26,564 - root - INFO - datalength: 604, _step: 2
2023-01-20 23:17:26,564 - root - INFO - BPP: 16, Transparency: False
2023-01-20 23:17:26,564 - root - INFO - Resource 23 offset: 266022, length: 368...
2023-01-20 23:17:26,564 - root - DEBUG - Reading resource 23...
2023-01-20 23:17:26,564 - root - INFO - The image is bme.
2023-01-20 23:17:26,564 - root - INFO - Reading image header(readHeader16E)...
2023-01-20 23:17:26,564 - root - INFO - Image header was read:
2023-01-20 23:17:26,564 - root - INFO - Width: 16, Height: 26, RowLength: 32
2023-01-20 23:17:26,564 - root - INFO - datalength: 352, _step: 2
2023-01-20 23:17:26,564 - root - INFO - BPP: 16, Transparency: False
2023-01-20 23:17:26,564 - root - INFO - Resource 24 offset: 266390, length: 504...
2023-01-20 23:17:26,564 - root - DEBUG - Reading resource 24...
2023-01-20 23:17:26,564 - root - INFO - The image is bme.
2023-01-20 23:17:26,564 - root - INFO - Reading image header(readHeader16E)...
2023-01-20 23:17:26,564 - root - INFO - Image header was read:
2023-01-20 23:17:26,564 - root - INFO - Width: 16, Height: 26, RowLength: 32
2023-01-20 23:17:26,564 - root - INFO - datalength: 488, _step: 2
2023-01-20 23:17:26,564 - root - INFO - BPP: 16, Transparency: False
2023-01-20 23:17:26,564 - root - INFO - Resource 25 offset: 266894, length: 532...
2023-01-20 23:17:26,564 - root - DEBUG - Reading resource 25...
2023-01-20 23:17:26,564 - root - INFO - The image is bme.
2023-01-20 23:17:26,564 - root - INFO - Reading image header(readHeader16E)...
2023-01-20 23:17:26,564 - root - INFO - Image header was read:
2023-01-20 23:17:26,564 - root - INFO - Width: 16, Height: 26, RowLength: 32
2023-01-20 23:17:26,564 - root - INFO - datalength: 516, _step: 2
2023-01-20 23:17:26,564 - root - INFO - BPP: 16, Transparency: False
2023-01-20 23:17:26,564 - root - INFO - Resource 26 offset: 267426, length: 502...
2023-01-20 23:17:26,564 - root - DEBUG - Reading resource 26...
2023-01-20 23:17:26,564 - root - INFO - The image is bme.
2023-01-20 23:17:26,564 - root - INFO - Reading image header(readHeader16E)...
2023-01-20 23:17:26,564 - root - INFO - Image header was read:
2023-01-20 23:17:26,564 - root - INFO - Width: 16, Height: 26, RowLength: 32
2023-01-20 23:17:26,564 - root - INFO - datalength: 486, _step: 2
2023-01-20 23:17:26,564 - root - INFO - BPP: 16, Transparency: False
2023-01-20 23:17:26,564 - root - INFO - Resource 27 offset: 267928, length: 546...
2023-01-20 23:17:26,564 - root - DEBUG - Reading resource 27...
2023-01-20 23:17:26,564 - root - INFO - The image is bme.
2023-01-20 23:17:26,564 - root - INFO - Reading image header(readHeader16E)...
2023-01-20 23:17:26,564 - root - INFO - Image header was read:
2023-01-20 23:17:26,564 - root - INFO - Width: 16, Height: 26, RowLength: 32
2023-01-20 23:17:26,564 - root - INFO - datalength: 530, _step: 2
2023-01-20 23:17:26,564 - root - INFO - BPP: 16, Transparency: False
2023-01-20 23:17:26,574 - root - INFO - Resource 28 offset: 268474, length: 552...
2023-01-20 23:17:26,574 - root - DEBUG - Reading resource 28...
2023-01-20 23:17:26,574 - root - INFO - The image is bme.
2023-01-20 23:17:26,574 - root - INFO - Reading image header(readHeader16E)...
2023-01-20 23:17:26,574 - root - INFO - Image header was read:
2023-01-20 23:17:26,574 - root - INFO - Width: 16, Height: 26, RowLength: 32
2023-01-20 23:17:26,574 - root - INFO - datalength: 536, _step: 2
2023-01-20 23:17:26,574 - root - INFO - BPP: 16, Transparency: False
2023-01-20 23:17:26,574 - root - INFO - Resource 29 offset: 269026, length: 414...
2023-01-20 23:17:26,574 - root - DEBUG - Reading resource 29...
2023-01-20 23:17:26,574 - root - INFO - The image is bme.
2023-01-20 23:17:26,574 - root - INFO - Reading image header(readHeader16E)...
2023-01-20 23:17:26,574 - root - INFO - Image header was read:
2023-01-20 23:17:26,574 - root - INFO - Width: 16, Height: 26, RowLength: 32
2023-01-20 23:17:26,574 - root - INFO - datalength: 398, _step: 2
2023-01-20 23:17:26,574 - root - INFO - BPP: 16, Transparency: False
2023-01-20 23:17:26,574 - root - INFO - Resource 30 offset: 269440, length: 624...
2023-01-20 23:17:26,574 - root - DEBUG - Reading resource 30...
2023-01-20 23:17:26,574 - root - INFO - The image is bme.
2023-01-20 23:17:26,579 - root - INFO - Reading image header(readHeader16E)...
2023-01-20 23:17:26,579 - root - INFO - Image header was read:
2023-01-20 23:17:26,579 - root - INFO - Width: 16, Height: 26, RowLength: 32
2023-01-20 23:17:26,579 - root - INFO - datalength: 608, _step: 2
2023-01-20 23:17:26,579 - root - INFO - BPP: 16, Transparency: False
2023-01-20 23:17:26,579 - root - INFO - Resource 31 offset: 270064, length: 548...
2023-01-20 23:17:26,579 - root - DEBUG - Reading resource 31...
2023-01-20 23:17:26,579 - root - INFO - The image is bme.
2023-01-20 23:17:26,579 - root - INFO - Reading image header(readHeader16E)...
2023-01-20 23:17:26,579 - root - INFO - Image header was read:
2023-01-20 23:17:26,579 - root - INFO - Width: 16, Height: 26, RowLength: 32
2023-01-20 23:17:26,579 - root - INFO - datalength: 532, _step: 2
2023-01-20 23:17:26,579 - root - INFO - BPP: 16, Transparency: False
2023-01-20 23:17:26,579 - root - INFO - Resource 32 offset: 270612, length: 2366...
2023-01-20 23:17:26,579 - root - DEBUG - Reading resource 32...
2023-01-20 23:17:26,579 - root - INFO - The image is bme.
2023-01-20 23:17:26,579 - root - INFO - Reading image header(readHeader16E)...
2023-01-20 23:17:26,579 - root - INFO - Image header was read:
2023-01-20 23:17:26,579 - root - INFO - Width: 70, Height: 26, RowLength: 140
2023-01-20 23:17:26,579 - root - INFO - datalength: 2350, _step: 2
2023-01-20 23:17:26,579 - root - INFO - BPP: 16, Transparency: False
2023-01-20 23:17:26,584 - root - INFO - Resource 33 offset: 272978, length: 1568...
2023-01-20 23:17:26,584 - root - DEBUG - Reading resource 33...
2023-01-20 23:17:26,584 - root - INFO - The image is bme.
2023-01-20 23:17:26,584 - root - INFO - Reading image header(readHeader16E)...
2023-01-20 23:17:26,584 - root - INFO - Image header was read:
2023-01-20 23:17:26,584 - root - INFO - Width: 70, Height: 26, RowLength: 140
2023-01-20 23:17:26,584 - root - INFO - datalength: 1552, _step: 2
2023-01-20 23:17:26,584 - root - INFO - BPP: 16, Transparency: False
2023-01-20 23:17:26,589 - root - INFO - Resource 34 offset: 274546, length: 2100...
2023-01-20 23:17:26,589 - root - DEBUG - Reading resource 34...
2023-01-20 23:17:26,589 - root - INFO - The image is bme.
2023-01-20 23:17:26,589 - root - INFO - Reading image header(readHeader16E)...
2023-01-20 23:17:26,589 - root - INFO - Image header was read:
2023-01-20 23:17:26,589 - root - INFO - Width: 70, Height: 26, RowLength: 140
2023-01-20 23:17:26,589 - root - INFO - datalength: 2084, _step: 2
2023-01-20 23:17:26,589 - root - INFO - BPP: 16, Transparency: False
2023-01-20 23:17:26,594 - root - INFO - Resource 35 offset: 276646, length: 1750...
2023-01-20 23:17:26,594 - root - DEBUG - Reading resource 35...
2023-01-20 23:17:26,594 - root - INFO - The image is bme.
2023-01-20 23:17:26,594 - root - INFO - Reading image header(readHeader16E)...
2023-01-20 23:17:26,594 - root - INFO - Image header was read:
2023-01-20 23:17:26,594 - root - INFO - Width: 70, Height: 26, RowLength: 140
2023-01-20 23:17:26,594 - root - INFO - datalength: 1734, _step: 2
2023-01-20 23:17:26,594 - root - INFO - BPP: 16, Transparency: False
2023-01-20 23:17:26,594 - root - INFO - Resource 36 offset: 278396, length: 1402...
2023-01-20 23:17:26,594 - root - DEBUG - Reading resource 36...
2023-01-20 23:17:26,594 - root - INFO - The image is bme.
2023-01-20 23:17:26,594 - root - INFO - Reading image header(readHeader16E)...
2023-01-20 23:17:26,594 - root - INFO - Image header was read:
2023-01-20 23:17:26,594 - root - INFO - Width: 70, Height: 26, RowLength: 140
2023-01-20 23:17:26,594 - root - INFO - datalength: 1386, _step: 2
2023-01-20 23:17:26,594 - root - INFO - BPP: 16, Transparency: False
2023-01-20 23:17:26,594 - root - INFO - Resource 37 offset: 279798, length: 1586...
2023-01-20 23:17:26,594 - root - DEBUG - Reading resource 37...
2023-01-20 23:17:26,594 - root - INFO - The image is bme.
2023-01-20 23:17:26,594 - root - INFO - Reading image header(readHeader16E)...
2023-01-20 23:17:26,594 - root - INFO - Image header was read:
2023-01-20 23:17:26,594 - root - INFO - Width: 70, Height: 26, RowLength: 140
2023-01-20 23:17:26,594 - root - INFO - datalength: 1570, _step: 2
2023-01-20 23:17:26,594 - root - INFO - BPP: 16, Transparency: False
2023-01-20 23:17:26,594 - root - INFO - Resource 38 offset: 281384, length: 1982...
2023-01-20 23:17:26,594 - root - DEBUG - Reading resource 38...
2023-01-20 23:17:26,594 - root - INFO - The image is bme.
2023-01-20 23:17:26,594 - root - INFO - Reading image header(readHeader16E)...
2023-01-20 23:17:26,594 - root - INFO - Image header was read:
2023-01-20 23:17:26,604 - root - INFO - Width: 70, Height: 26, RowLength: 140
2023-01-20 23:17:26,604 - root - INFO - datalength: 1966, _step: 2
2023-01-20 23:17:26,604 - root - INFO - BPP: 16, Transparency: False
2023-01-20 23:17:26,605 - root - INFO - Resource 39 offset: 283366, length: 304...
2023-01-20 23:17:26,605 - root - DEBUG - Reading resource 39...
2023-01-20 23:17:26,605 - root - INFO - The image is bmc.
2023-01-20 23:17:26,605 - root - INFO - Reading image header(readHeader16C)...
2023-01-20 23:17:26,605 - root - INFO - Image header was read:
2023-01-20 23:17:26,605 - root - INFO - Width: 8, Height: 12, RowLength: 24
2023-01-20 23:17:26,605 - root - INFO - _step: 3, unknown2: 0,
2023-01-20 23:17:26,605 - root - INFO - BPP: 24, Transparency: False
2023-01-20 23:17:26,605 - root - INFO - Resource 40 offset: 283670, length: 304...
2023-01-20 23:17:26,605 - root - DEBUG - Reading resource 40...
2023-01-20 23:17:26,605 - root - INFO - The image is bmc.
2023-01-20 23:17:26,605 - root - INFO - Reading image header(readHeader16C)...
2023-01-20 23:17:26,605 - root - INFO - Image header was read:
2023-01-20 23:17:26,605 - root - INFO - Width: 8, Height: 12, RowLength: 24
2023-01-20 23:17:26,605 - root - INFO - _step: 3, unknown2: 0,
2023-01-20 23:17:26,605 - root - INFO - BPP: 24, Transparency: False
2023-01-20 23:17:26,605 - root - INFO - Resource 41 offset: 283974, length: 304...
2023-01-20 23:17:26,605 - root - DEBUG - Reading resource 41...
2023-01-20 23:17:26,605 - root - INFO - The image is bmc.
2023-01-20 23:17:26,605 - root - INFO - Reading image header(readHeader16C)...
2023-01-20 23:17:26,605 - root - INFO - Image header was read:
2023-01-20 23:17:26,605 - root - INFO - Width: 8, Height: 12, RowLength: 24
2023-01-20 23:17:26,605 - root - INFO - _step: 3, unknown2: 0,
2023-01-20 23:17:26,605 - root - INFO - BPP: 24, Transparency: False
2023-01-20 23:17:26,605 - root - INFO - Resource 42 offset: 284278, length: 304...
2023-01-20 23:17:26,605 - root - DEBUG - Reading resource 42...
2023-01-20 23:17:26,605 - root - INFO - The image is bmc.
2023-01-20 23:17:26,605 - root - INFO - Reading image header(readHeader16C)...
2023-01-20 23:17:26,605 - root - INFO - Image header was read:
2023-01-20 23:17:26,605 - root - INFO - Width: 8, Height: 12, RowLength: 24
2023-01-20 23:17:26,605 - root - INFO - _step: 3, unknown2: 0,
2023-01-20 23:17:26,605 - root - INFO - BPP: 24, Transparency: False
2023-01-20 23:17:26,605 - root - INFO - Resource 43 offset: 284582, length: 304...
2023-01-20 23:17:26,605 - root - DEBUG - Reading resource 43...
2023-01-20 23:17:26,605 - root - INFO - The image is bmc.
2023-01-20 23:17:26,605 - root - INFO - Reading image header(readHeader16C)...
2023-01-20 23:17:26,605 - root - INFO - Image header was read:
2023-01-20 23:17:26,605 - root - INFO - Width: 8, Height: 12, RowLength: 24
2023-01-20 23:17:26,605 - root - INFO - _step: 3, unknown2: 0,
2023-01-20 23:17:26,605 - root - INFO - BPP: 24, Transparency: False
2023-01-20 23:17:26,605 - root - INFO - Resource 44 offset: 284886, length: 304...
2023-01-20 23:17:26,605 - root - DEBUG - Reading resource 44...
2023-01-20 23:17:26,605 - root - INFO - The image is bmc.
2023-01-20 23:17:26,605 - root - INFO - Reading image header(readHeader16C)...
2023-01-20 23:17:26,605 - root - INFO - Image header was read:
2023-01-20 23:17:26,605 - root - INFO - Width: 8, Height: 12, RowLength: 24
2023-01-20 23:17:26,605 - root - INFO - _step: 3, unknown2: 0,
2023-01-20 23:17:26,605 - root - INFO - BPP: 24, Transparency: False
2023-01-20 23:17:26,614 - root - INFO - Resource 45 offset: 285190, length: 304...
2023-01-20 23:17:26,614 - root - DEBUG - Reading resource 45...
2023-01-20 23:17:26,614 - root - INFO - The image is bmc.
2023-01-20 23:17:26,614 - root - INFO - Reading image header(readHeader16C)...
2023-01-20 23:17:26,614 - root - INFO - Image header was read:
2023-01-20 23:17:26,614 - root - INFO - Width: 8, Height: 12, RowLength: 24
2023-01-20 23:17:26,614 - root - INFO - _step: 3, unknown2: 0,
2023-01-20 23:17:26,614 - root - INFO - BPP: 24, Transparency: False
2023-01-20 23:17:26,614 - root - INFO - Resource 46 offset: 285494, length: 304...
2023-01-20 23:17:26,614 - root - DEBUG - Reading resource 46...
2023-01-20 23:17:26,614 - root - INFO - The image is bmc.
2023-01-20 23:17:26,614 - root - INFO - Reading image header(readHeader16C)...
2023-01-20 23:17:26,614 - root - INFO - Image header was read:
2023-01-20 23:17:26,614 - root - INFO - Width: 8, Height: 12, RowLength: 24
2023-01-20 23:17:26,614 - root - INFO - _step: 3, unknown2: 0,
2023-01-20 23:17:26,614 - root - INFO - BPP: 24, Transparency: False
2023-01-20 23:17:26,614 - root - INFO - Resource 47 offset: 285798, length: 304...
2023-01-20 23:17:26,614 - root - DEBUG - Reading resource 47...
2023-01-20 23:17:26,614 - root - INFO - The image is bmc.
2023-01-20 23:17:26,614 - root - INFO - Reading image header(readHeader16C)...
2023-01-20 23:17:26,614 - root - INFO - Image header was read:
2023-01-20 23:17:26,614 - root - INFO - Width: 8, Height: 12, RowLength: 24
2023-01-20 23:17:26,614 - root - INFO - _step: 3, unknown2: 0,
2023-01-20 23:17:26,614 - root - INFO - BPP: 24, Transparency: False
2023-01-20 23:17:26,614 - root - INFO - Resource 48 offset: 286102, length: 304...
2023-01-20 23:17:26,614 - root - DEBUG - Reading resource 48...
2023-01-20 23:17:26,614 - root - INFO - The image is bmc.
2023-01-20 23:17:26,614 - root - INFO - Reading image header(readHeader16C)...
2023-01-20 23:17:26,614 - root - INFO - Image header was read:
2023-01-20 23:17:26,614 - root - INFO - Width: 8, Height: 12, RowLength: 24
2023-01-20 23:17:26,614 - root - INFO - _step: 3, unknown2: 0,
2023-01-20 23:17:26,614 - root - INFO - BPP: 24, Transparency: False
2023-01-20 23:17:26,614 - root - INFO - Resource 49 offset: 286406, length: 988...
2023-01-20 23:17:26,614 - root - DEBUG - Reading resource 49...
2023-01-20 23:17:26,614 - root - INFO - The image is bmc.
2023-01-20 23:17:26,614 - root - INFO - Reading image header(readHeader16C)...
2023-01-20 23:17:26,614 - root - INFO - Image header was read:
2023-01-20 23:17:26,614 - root - INFO - Width: 18, Height: 18, RowLength: 54
2023-01-20 23:17:26,614 - root - INFO - _step: 3, unknown2: 0,
2023-01-20 23:17:26,614 - root - INFO - BPP: 24, Transparency: False
2023-01-20 23:17:26,614 - root - INFO - Resource 50 offset: 287394, length: 880...
2023-01-20 23:17:26,614 - root - DEBUG - Reading resource 50...
2023-01-20 23:17:26,614 - root - INFO - The image is bmc.
2023-01-20 23:17:26,614 - root - INFO - Reading image header(readHeader16C)...
2023-01-20 23:17:26,614 - root - INFO - Image header was read:
2023-01-20 23:17:26,614 - root - INFO - Width: 24, Height: 12, RowLength: 72
2023-01-20 23:17:26,614 - root - INFO - _step: 3, unknown2: 0,
2023-01-20 23:17:26,614 - root - INFO - BPP: 24, Transparency: False
2023-01-20 23:17:26,621 - root - INFO - Resource 51 offset: 288274, length: 2776...
2023-01-20 23:17:26,621 - root - DEBUG - Reading resource 51...
2023-01-20 23:17:26,621 - root - INFO - The image is bme.
2023-01-20 23:17:26,621 - root - INFO - Reading image header(readHeader16E)...
2023-01-20 23:17:26,621 - root - INFO - Image header was read:
2023-01-20 23:17:26,621 - root - INFO - Width: 240, Height: 280, RowLength: 480
2023-01-20 23:17:26,621 - root - INFO - datalength: 2760, _step: 2
2023-01-20 23:17:26,621 - root - INFO - BPP: 16, Transparency: False
2023-01-20 23:17:26,624 - root - INFO - Resource 52 offset: 291050, length: 4612...
2023-01-20 23:17:26,624 - root - DEBUG - Reading resource 52...
2023-01-20 23:17:26,624 - root - INFO - The image is bme.
2023-01-20 23:17:26,624 - root - INFO - Reading image header(readHeader16E)...
2023-01-20 23:17:26,624 - root - INFO - Image header was read:
2023-01-20 23:17:26,624 - root - INFO - Width: 240, Height: 280, RowLength: 480
2023-01-20 23:17:26,624 - root - INFO - datalength: 4596, _step: 2
2023-01-20 23:17:26,624 - root - INFO - BPP: 16, Transparency: False
2023-01-20 23:17:26,637 - root - INFO - Resource 53 offset: 295662, length: 8984...
2023-01-20 23:17:26,637 - root - DEBUG - Reading resource 53...
2023-01-20 23:17:26,637 - root - INFO - The image is bme.
2023-01-20 23:17:26,637 - root - INFO - Reading image header(readHeader16E)...
2023-01-20 23:17:26,637 - root - INFO - Image header was read:
2023-01-20 23:17:26,637 - root - INFO - Width: 240, Height: 280, RowLength: 480
2023-01-20 23:17:26,637 - root - INFO - datalength: 8968, _step: 2
2023-01-20 23:17:26,637 - root - INFO - BPP: 16, Transparency: False
2023-01-20 23:17:26,654 - root - INFO - Resource 54 offset: 304646, length: 14008...
2023-01-20 23:17:26,654 - root - DEBUG - Reading resource 54...
2023-01-20 23:17:26,654 - root - INFO - The image is bme.
2023-01-20 23:17:26,654 - root - INFO - Reading image header(readHeader16E)...
2023-01-20 23:17:26,654 - root - INFO - Image header was read:
2023-01-20 23:17:26,654 - root - INFO - Width: 240, Height: 280, RowLength: 480
2023-01-20 23:17:26,654 - root - INFO - datalength: 13992, _step: 2
2023-01-20 23:17:26,654 - root - INFO - BPP: 16, Transparency: False
2023-01-20 23:17:26,685 - root - INFO - Resource 55 offset: 318654, length: 16788...
2023-01-20 23:17:26,685 - root - DEBUG - Reading resource 55...
2023-01-20 23:17:26,685 - root - INFO - The image is bme.
2023-01-20 23:17:26,685 - root - INFO - Reading image header(readHeader16E)...
2023-01-20 23:17:26,685 - root - INFO - Image header was read:
2023-01-20 23:17:26,685 - root - INFO - Width: 240, Height: 280, RowLength: 480
2023-01-20 23:17:26,685 - root - INFO - datalength: 16772, _step: 2
2023-01-20 23:17:26,685 - root - INFO - BPP: 16, Transparency: False
2023-01-20 23:17:26,717 - root - INFO - Resource 56 offset: 335442, length: 18072...
2023-01-20 23:17:26,717 - root - DEBUG - Reading resource 56...
2023-01-20 23:17:26,717 - root - INFO - The image is bme.
2023-01-20 23:17:26,717 - root - INFO - Reading image header(readHeader16E)...
2023-01-20 23:17:26,717 - root - INFO - Image header was read:
2023-01-20 23:17:26,717 - root - INFO - Width: 240, Height: 280, RowLength: 480
2023-01-20 23:17:26,717 - root - INFO - datalength: 18056, _step: 2
2023-01-20 23:17:26,717 - root - INFO - BPP: 16, Transparency: False
2023-01-20 23:17:26,754 - root - INFO - Resource 57 offset: 353514, length: 24656...
2023-01-20 23:17:26,754 - root - DEBUG - Reading resource 57...
2023-01-20 23:17:26,754 - root - INFO - The image is bme.
2023-01-20 23:17:26,754 - root - INFO - Reading image header(readHeader16E)...
2023-01-20 23:17:26,754 - root - INFO - Image header was read:
2023-01-20 23:17:26,754 - root - INFO - Width: 240, Height: 280, RowLength: 480
2023-01-20 23:17:26,754 - root - INFO - datalength: 24640, _step: 2
2023-01-20 23:17:26,754 - root - INFO - BPP: 16, Transparency: False
2023-01-20 23:17:26,811 - root - INFO - Resource 58 offset: 378170, length: 27696...
2023-01-20 23:17:26,811 - root - DEBUG - Reading resource 58...
2023-01-20 23:17:26,811 - root - INFO - The image is bme.
2023-01-20 23:17:26,811 - root - INFO - Reading image header(readHeader16E)...
2023-01-20 23:17:26,811 - root - INFO - Image header was read:
2023-01-20 23:17:26,811 - root - INFO - Width: 240, Height: 280, RowLength: 480
2023-01-20 23:17:26,811 - root - INFO - datalength: 27680, _step: 2
2023-01-20 23:17:26,811 - root - INFO - BPP: 16, Transparency: False
2023-01-20 23:17:26,864 - root - INFO - Resource 59 offset: 405866, length: 30292...
2023-01-20 23:17:26,864 - root - DEBUG - Reading resource 59...
2023-01-20 23:17:26,864 - root - INFO - The image is bme.
2023-01-20 23:17:26,864 - root - INFO - Reading image header(readHeader16E)...
2023-01-20 23:17:26,864 - root - INFO - Image header was read:
2023-01-20 23:17:26,864 - root - INFO - Width: 240, Height: 280, RowLength: 480
2023-01-20 23:17:26,864 - root - INFO - datalength: 30276, _step: 2
2023-01-20 23:17:26,864 - root - INFO - BPP: 16, Transparency: False
2023-01-20 23:17:26,924 - root - INFO - Resource 60 offset: 436158, length: 32584...
2023-01-20 23:17:26,924 - root - DEBUG - Reading resource 60...
2023-01-20 23:17:26,924 - root - INFO - The image is bme.
2023-01-20 23:17:26,924 - root - INFO - Reading image header(readHeader16E)...
2023-01-20 23:17:26,924 - root - INFO - Image header was read:
2023-01-20 23:17:26,924 - root - INFO - Width: 240, Height: 280, RowLength: 480
2023-01-20 23:17:26,924 - root - INFO - datalength: 32568, _step: 2
2023-01-20 23:17:26,924 - root - INFO - BPP: 16, Transparency: False
2023-01-20 23:17:26,994 - root - INFO - Resource 61 offset: 468742, length: 448...
2023-01-20 23:17:26,994 - root - DEBUG - Reading resource 61...
2023-01-20 23:17:26,994 - root - INFO - The image is bmc.
2023-01-20 23:17:26,994 - root - INFO - Reading image header(readHeader16C)...
2023-01-20 23:17:26,994 - root - INFO - Image header was read:
2023-01-20 23:17:26,994 - root - INFO - Width: 12, Height: 12, RowLength: 36
2023-01-20 23:17:26,994 - root - INFO - _step: 3, unknown2: 0,
2023-01-20 23:17:26,994 - root - INFO - BPP: 24, Transparency: False
2023-01-20 23:17:26,994 - root - INFO - Resource 62 offset: 469190, length: 988...
2023-01-20 23:17:26,994 - root - DEBUG - Reading resource 62...
2023-01-20 23:17:26,994 - root - INFO - The image is bmc.
2023-01-20 23:17:26,994 - root - INFO - Reading image header(readHeader16C)...
2023-01-20 23:17:26,994 - root - INFO - Image header was read:
2023-01-20 23:17:26,994 - root - INFO - Width: 18, Height: 18, RowLength: 54
2023-01-20 23:17:26,994 - root - INFO - _step: 3, unknown2: 0,
2023-01-20 23:17:26,994 - root - INFO - BPP: 24, Transparency: False
2023-01-20 23:17:26,994 - root - INFO - Resource 63 offset: 470178, length: 2620...
2023-01-20 23:17:26,994 - root - DEBUG - Reading resource 63...
2023-01-20 23:17:26,994 - root - INFO - The image is bme.
2023-01-20 23:17:26,994 - root - INFO - Reading image header(readHeader16E)...
2023-01-20 23:17:26,994 - root - INFO - Image header was read:
2023-01-20 23:17:26,994 - root - INFO - Width: 200, Height: 244, RowLength: 400
2023-01-20 23:17:26,994 - root - INFO - datalength: 2604, _step: 2
2023-01-20 23:17:26,994 - root - INFO - BPP: 16, Transparency: False
2023-01-20 23:17:27,004 - root - INFO - Resource 64 offset: 472798, length: 4616...
2023-01-20 23:17:27,004 - root - DEBUG - Reading resource 64...
2023-01-20 23:17:27,004 - root - INFO - The image is bme.
2023-01-20 23:17:27,004 - root - INFO - Reading image header(readHeader16E)...
2023-01-20 23:17:27,004 - root - INFO - Image header was read:
2023-01-20 23:17:27,004 - root - INFO - Width: 200, Height: 244, RowLength: 400
2023-01-20 23:17:27,004 - root - INFO - datalength: 4600, _step: 2
2023-01-20 23:17:27,004 - root - INFO - BPP: 16, Transparency: False
2023-01-20 23:17:27,014 - root - INFO - Resource 65 offset: 477414, length: 7746...
2023-01-20 23:17:27,014 - root - DEBUG - Reading resource 65...
2023-01-20 23:17:27,014 - root - INFO - The image is bme.
2023-01-20 23:17:27,014 - root - INFO - Reading image header(readHeader16E)...
2023-01-20 23:17:27,014 - root - INFO - Image header was read:
2023-01-20 23:17:27,014 - root - INFO - Width: 200, Height: 244, RowLength: 400
2023-01-20 23:17:27,014 - root - INFO - datalength: 7730, _step: 2
2023-01-20 23:17:27,014 - root - INFO - BPP: 16, Transparency: False
2023-01-20 23:17:27,024 - root - INFO - Resource 66 offset: 485160, length: 10850...
2023-01-20 23:17:27,024 - root - DEBUG - Reading resource 66...
2023-01-20 23:17:27,024 - root - INFO - The image is bme.
2023-01-20 23:17:27,024 - root - INFO - Reading image header(readHeader16E)...
2023-01-20 23:17:27,024 - root - INFO - Image header was read:
2023-01-20 23:17:27,024 - root - INFO - Width: 200, Height: 244, RowLength: 400
2023-01-20 23:17:27,024 - root - INFO - datalength: 10834, _step: 2
2023-01-20 23:17:27,024 - root - INFO - BPP: 16, Transparency: False
2023-01-20 23:17:27,054 - root - INFO - Resource 67 offset: 496010, length: 14600...
2023-01-20 23:17:27,054 - root - DEBUG - Reading resource 67...
2023-01-20 23:17:27,054 - root - INFO - The image is bme.
2023-01-20 23:17:27,054 - root - INFO - Reading image header(readHeader16E)...
2023-01-20 23:17:27,054 - root - INFO - Image header was read:
2023-01-20 23:17:27,054 - root - INFO - Width: 200, Height: 244, RowLength: 400
2023-01-20 23:17:27,054 - root - INFO - datalength: 14584, _step: 2
2023-01-20 23:17:27,054 - root - INFO - BPP: 16, Transparency: False
2023-01-20 23:17:27,084 - root - INFO - Resource 68 offset: 510610, length: 16176...
2023-01-20 23:17:27,084 - root - DEBUG - Reading resource 68...
2023-01-20 23:17:27,084 - root - INFO - The image is bme.
2023-01-20 23:17:27,084 - root - INFO - Reading image header(readHeader16E)...
2023-01-20 23:17:27,084 - root - INFO - Image header was read:
2023-01-20 23:17:27,084 - root - INFO - Width: 200, Height: 244, RowLength: 400
2023-01-20 23:17:27,084 - root - INFO - datalength: 16160, _step: 2
2023-01-20 23:17:27,084 - root - INFO - BPP: 16, Transparency: False
2023-01-20 23:17:27,114 - root - INFO - Resource 69 offset: 526786, length: 21504...
2023-01-20 23:17:27,114 - root - DEBUG - Reading resource 69...
2023-01-20 23:17:27,114 - root - INFO - The image is bme.
2023-01-20 23:17:27,114 - root - INFO - Reading image header(readHeader16E)...
2023-01-20 23:17:27,114 - root - INFO - Image header was read:
2023-01-20 23:17:27,114 - root - INFO - Width: 200, Height: 244, RowLength: 400
2023-01-20 23:17:27,114 - root - INFO - datalength: 21488, _step: 2
2023-01-20 23:17:27,114 - root - INFO - BPP: 16, Transparency: False
2023-01-20 23:17:27,162 - root - INFO - Resource 70 offset: 548290, length: 24464...
2023-01-20 23:17:27,162 - root - DEBUG - Reading resource 70...
2023-01-20 23:17:27,162 - root - INFO - The image is bme.
2023-01-20 23:17:27,162 - root - INFO - Reading image header(readHeader16E)...
2023-01-20 23:17:27,162 - root - INFO - Image header was read:
2023-01-20 23:17:27,162 - root - INFO - Width: 200, Height: 244, RowLength: 400
2023-01-20 23:17:27,162 - root - INFO - datalength: 24448, _step: 2
2023-01-20 23:17:27,162 - root - INFO - BPP: 16, Transparency: False
2023-01-20 23:17:27,209 - root - INFO - Resource 71 offset: 572754, length: 26848...
2023-01-20 23:17:27,209 - root - DEBUG - Reading resource 71...
2023-01-20 23:17:27,209 - root - INFO - The image is bme.
2023-01-20 23:17:27,209 - root - INFO - Reading image header(readHeader16E)...
2023-01-20 23:17:27,209 - root - INFO - Image header was read:
2023-01-20 23:17:27,209 - root - INFO - Width: 200, Height: 244, RowLength: 400
2023-01-20 23:17:27,209 - root - INFO - datalength: 26832, _step: 2
2023-01-20 23:17:27,209 - root - INFO - BPP: 16, Transparency: False
2023-01-20 23:17:27,264 - root - INFO - Resource 72 offset: 599602, length: 27936...
2023-01-20 23:17:27,264 - root - DEBUG - Reading resource 72...
2023-01-20 23:17:27,264 - root - INFO - The image is bme.
2023-01-20 23:17:27,264 - root - INFO - Reading image header(readHeader16E)...
2023-01-20 23:17:27,264 - root - INFO - Image header was read:
2023-01-20 23:17:27,264 - root - INFO - Width: 200, Height: 244, RowLength: 400
2023-01-20 23:17:27,264 - root - INFO - datalength: 27920, _step: 2
2023-01-20 23:17:27,264 - root - INFO - BPP: 16, Transparency: False
2023-01-20 23:17:27,324 - root - DEBUG - Parsing parameters...
2023-01-20 23:17:27,400 - root - DEBUG - 0 Value: None
2023-01-20 23:17:27,400 - root - DEBUG - 0.1 Value: 71
2023-01-20 23:17:27,400 - root - DEBUG - 2 Value: None
2023-01-20 23:17:27,400 - root - DEBUG - 2.1 Value: None
2023-01-20 23:17:27,400 - root - DEBUG - 2.1.1 Value: 0
2023-01-20 23:17:27,400 - root - DEBUG - 2.1.2 Value: 0
2023-01-20 23:17:27,400 - root - DEBUG - 2.1.3 Value: 1
2023-01-20 23:17:27,400 - root - DEBUG - 2.3 Value: None
2023-01-20 23:17:27,400 - root - DEBUG - 2.3.1 Value: 0
2023-01-20 23:17:27,400 - root - DEBUG - 2.3.2 Value: 0
2023-01-20 23:17:27,400 - root - DEBUG - 2.3.3 Value: 0
2023-01-20 23:17:27,400 - root - DEBUG - 3 Value: None
2023-01-20 23:17:27,400 - root - DEBUG - 3.1 Value: None
2023-01-20 23:17:27,400 - root - DEBUG - 3.1.1 Value: None
2023-01-20 23:17:27,400 - root - DEBUG - 3.1.1.1 Value: None
2023-01-20 23:17:27,400 - root - DEBUG - 3.1.1.1.1 Value: 78
2023-01-20 23:17:27,400 - root - DEBUG - 3.1.1.1.2 Value: 80
2023-01-20 23:17:27,400 - root - DEBUG - 3.1.1.1.3 Value: 2
2023-01-20 23:17:27,400 - root - DEBUG - 3.1.1.1.4 Value: 10
2023-01-20 23:17:27,400 - root - DEBUG - 3.1.1.2 Value: None
2023-01-20 23:17:27,400 - root - DEBUG - 3.1.1.2.1 Value: 120
2023-01-20 23:17:27,400 - root - DEBUG - 3.1.1.2.2 Value: 80
2023-01-20 23:17:27,400 - root - DEBUG - 3.1.1.2.3 Value: 2
2023-01-20 23:17:27,400 - root - DEBUG - 3.1.1.2.4 Value: 10
2023-01-20 23:17:27,400 - root - DEBUG - 3.1.2 Value: None
2023-01-20 23:17:27,400 - root - DEBUG - 3.1.2.1 Value: None
2023-01-20 23:17:27,400 - root - DEBUG - 3.1.2.1.1 Value: 78
2023-01-20 23:17:27,400 - root - DEBUG - 3.1.2.1.2 Value: 142
2023-01-20 23:17:27,400 - root - DEBUG - 3.1.2.1.3 Value: 12
2023-01-20 23:17:27,400 - root - DEBUG - 3.1.2.1.4 Value: 10
2023-01-20 23:17:27,400 - root - DEBUG - 3.1.2.2 Value: None
2023-01-20 23:17:27,400 - root - DEBUG - 3.1.2.2.1 Value: 120
2023-01-20 23:17:27,400 - root - DEBUG - 3.1.2.2.2 Value: 142
2023-01-20 23:17:27,400 - root - DEBUG - 3.1.2.2.3 Value: 12
2023-01-20 23:17:27,400 - root - DEBUG - 3.1.2.2.4 Value: 10
2023-01-20 23:17:27,400 - root - DEBUG - 3.1.7 Value: 0
2023-01-20 23:17:27,400 - root - DEBUG - 3.1.8 Value: 1
2023-01-20 23:17:27,400 - root - DEBUG - 4 Value: None
2023-01-20 23:17:27,400 - root - DEBUG - 4.4 Value: None
2023-01-20 23:17:27,400 - root - DEBUG - 4.4.1 Value: None
2023-01-20 23:17:27,400 - root - DEBUG - 4.4.1.1 Value: 80
2023-01-20 23:17:27,400 - root - DEBUG - 4.4.1.2 Value: 262
2023-01-20 23:17:27,400 - root - DEBUG - 4.4.1.3 Value: 136
2023-01-20 23:17:27,400 - root - DEBUG - 4.4.1.4 Value: 278
2023-01-20 23:17:27,400 - root - DEBUG - 4.4.1.5 Value: 66
2023-01-20 23:17:27,400 - root - DEBUG - 4.4.1.6 Value: 0
2023-01-20 23:17:27,400 - root - DEBUG - 4.4.1.7 Value: 0
2023-01-20 23:17:27,400 - root - DEBUG - 4.4.1.8 Value: 39
2023-01-20 23:17:27,404 - root - DEBUG - 4.4.1.9 Value: 10
2023-01-20 23:17:27,404 - root - DEBUG - 4.4.2 Value: 49
2023-01-20 23:17:27,404 - root - DEBUG - 4.4.3 Value: 50
2023-01-20 23:17:27,404 - root - DEBUG - 4.7 Value: 0
2023-01-20 23:17:27,404 - root - DEBUG - 5 Value: None
2023-01-20 23:17:27,404 - root - DEBUG - 5.1 Value: None
2023-01-20 23:17:27,404 - root - DEBUG - 5.1.9 Value: None
2023-01-20 23:17:27,404 - root - DEBUG - 5.1.9.3 Value: None
2023-01-20 23:17:27,404 - root - DEBUG - 5.1.9.3.1 Value: 140
2023-01-20 23:17:27,404 - root - DEBUG - 5.1.9.3.2 Value: 51
2023-01-20 23:17:27,404 - root - DEBUG - 5.1.9.3.3 Value: 172
2023-01-20 23:17:27,404 - root - DEBUG - 5.1.9.3.4 Value: 77
2023-01-20 23:17:27,404 - root - DEBUG - 5.1.9.3.5 Value: 18
2023-01-20 23:17:27,404 - root - DEBUG - 5.1.9.3.6 Value: 0
2023-01-20 23:17:27,404 - root - DEBUG - 5.1.9.3.7 Value: 0
2023-01-20 23:17:27,404 - root - DEBUG - 5.1.9.3.8 Value: 22
2023-01-20 23:17:27,404 - root - DEBUG - 5.1.9.3.9 Value: 10
2023-01-20 23:17:27,404 - root - DEBUG - 5.1.9.4 Value: 0
2023-01-20 23:17:27,404 - root - DEBUG - 5.1.9.5 Value: 0
2023-01-20 23:17:27,404 - root - DEBUG - 5.1.4 Value: 1
2023-01-20 23:17:27,404 - root - DEBUG - 5.1.5 Value: 1
2023-01-20 23:17:27,404 - root - DEBUG - 5.1.6 Value: 0
2023-01-20 23:17:27,404 - root - DEBUG - 5.4 Value: None
2023-01-20 23:17:27,404 - root - DEBUG - 5.4.1 Value: 65
2023-01-20 23:17:27,404 - root - DEBUG - 5.4.2 Value: 51
2023-01-20 23:17:27,404 - root - DEBUG - 5.4.3 Value: 32
2023-01-20 23:17:27,404 - root - DEBUG - 5.4.4 Value: 7
2023-01-20 23:17:27,404 - root - DEBUG - 9 Value: None
2023-01-20 23:17:27,404 - root - DEBUG - 9.1 Value: None
2023-01-20 23:17:27,404 - root - DEBUG - 9.1.1 Value: None
2023-01-20 23:17:27,404 - root - DEBUG - 9.1.1.1 Value: 80
2023-01-20 23:17:27,404 - root - DEBUG - 9.1.1.2 Value: 243
2023-01-20 23:17:27,404 - root - DEBUG - 9.1.1.3 Value: 136
2023-01-20 23:17:27,404 - root - DEBUG - 9.1.1.4 Value: 258
2023-01-20 23:17:27,404 - root - DEBUG - 9.1.1.5 Value: 66
2023-01-20 23:17:27,404 - root - DEBUG - 9.1.1.6 Value: 0
2023-01-20 23:17:27,404 - root - DEBUG - 9.1.1.7 Value: 0
2023-01-20 23:17:27,404 - root - DEBUG - 9.1.1.8 Value: 39
2023-01-20 23:17:27,404 - root - DEBUG - 9.1.1.9 Value: 10
2023-01-20 23:17:27,404 - root - DEBUG - 9.1.3 Value: 62
2023-01-20 23:17:27,404 - root - DEBUG - 9.1.4 Value: 61
2023-01-20 23:17:27,404 - root - DEBUG - 9.2 Value: None
2023-01-20 23:17:27,404 - root - DEBUG - 9.2.1 Value: 20
2023-01-20 23:17:27,404 - root - DEBUG - 9.2.2 Value: 18
2023-01-20 23:17:27,404 - root - DEBUG - 9.2.3 Value: 63
2023-01-20 23:17:27,404 - root - DEBUG - 9.2.4 Value: 10
2023-01-20 23:17:27,404 - root - DEBUG - 12 Value: None
2023-01-20 23:17:27,404 - root - DEBUG - 12.2 Value: None
2023-01-20 23:17:27,404 - root - DEBUG - 12.2.1 Value: 0
2023-01-20 23:17:27,404 - root - DEBUG - 12.2.2 Value: 0
2023-01-20 23:17:27,404 - root - DEBUG - 12.2.3 Value: 51
2023-01-20 23:17:27,404 - root - DEBUG - 12.2.4 Value: 10
2023-01-20 23:17:27,404 - root - DEBUG - 0-Info
2023-01-20 23:17:27,404 - root - DEBUG - 0.1-DeviceId
2023-01-20 23:17:27,404 - root - DEBUG - 2-Background
2023-01-20 23:17:27,404 - root - DEBUG - 2.1-Image
2023-01-20 23:17:27,404 - root - DEBUG - 2.1.1-X
2023-01-20 23:17:27,404 - root - DEBUG - 2.1.2-Y
2023-01-20 23:17:27,404 - root - DEBUG - 2.1.3-ImageIndex
2023-01-20 23:17:27,404 - root - DEBUG - 2.3-Preview
2023-01-20 23:17:27,404 - root - DEBUG - 2.3.1-X
2023-01-20 23:17:27,404 - root - DEBUG - 2.3.2-Y
2023-01-20 23:17:27,404 - root - DEBUG - 2.3.3-ImageIndex
2023-01-20 23:17:27,404 - root - DEBUG - 3-TimeExtended
2023-01-20 23:17:27,404 - root - DEBUG - 3.1-TimeSeparateDigits
2023-01-20 23:17:27,404 - root - DEBUG - 3.1.1-Hours
2023-01-20 23:17:27,404 - root - DEBUG - 3.1.1.1-Tens
2023-01-20 23:17:27,404 - root - DEBUG - 3.1.1.1.1-X
2023-01-20 23:17:27,404 - root - DEBUG - 3.1.1.1.2-Y
2023-01-20 23:17:27,404 - root - DEBUG - 3.1.1.1.3-ImageIndex
2023-01-20 23:17:27,404 - root - DEBUG - 3.1.1.1.4-ImagesCount
2023-01-20 23:17:27,404 - root - DEBUG - 3.1.1.2-Ones
2023-01-20 23:17:27,404 - root - DEBUG - 3.1.1.2.1-X
2023-01-20 23:17:27,404 - root - DEBUG - 3.1.1.2.2-Y
2023-01-20 23:17:27,404 - root - DEBUG - 3.1.1.2.3-ImageIndex
2023-01-20 23:17:27,404 - root - DEBUG - 3.1.1.2.4-ImagesCount
2023-01-20 23:17:27,404 - root - DEBUG - 3.1.2-Minutes
2023-01-20 23:17:27,404 - root - DEBUG - 3.1.2.1-Tens
2023-01-20 23:17:27,404 - root - DEBUG - 3.1.2.1.1-X
2023-01-20 23:17:27,404 - root - DEBUG - 3.1.2.1.2-Y
2023-01-20 23:17:27,404 - root - DEBUG - 3.1.2.1.3-ImageIndex
2023-01-20 23:17:27,404 - root - DEBUG - 3.1.2.1.4-ImagesCount
2023-01-20 23:17:27,404 - root - DEBUG - 3.1.2.2-Ones
2023-01-20 23:17:27,404 - root - DEBUG - 3.1.2.2.1-X
2023-01-20 23:17:27,404 - root - DEBUG - 3.1.2.2.2-Y
2023-01-20 23:17:27,404 - root - DEBUG - 3.1.2.2.3-ImageIndex
2023-01-20 23:17:27,404 - root - DEBUG - 3.1.2.2.4-ImagesCount
2023-01-20 23:17:27,404 - root - DEBUG - 3.1.7-PaddingZeroHours
2023-01-20 23:17:27,404 - root - DEBUG - 3.1.8-PaddingZeroMinutes
2023-01-20 23:17:27,404 - root - DEBUG - 4-Activity
2023-01-20 23:17:27,404 - root - DEBUG - 4.4-HeartRate
2023-01-20 23:17:27,404 - root - DEBUG - 4.4.1-ImageNumber
2023-01-20 23:17:27,404 - root - DEBUG - 4.4.1.1-TopLeftX
2023-01-20 23:17:27,404 - root - DEBUG - 4.4.1.2-TopLeftY
2023-01-20 23:17:27,404 - root - DEBUG - 4.4.1.3-BottomRightX
2023-01-20 23:17:27,404 - root - DEBUG - 4.4.1.4-BottomRightY
2023-01-20 23:17:27,404 - root - DEBUG - 4.4.1.5-Alignment
2023-01-20 23:17:27,404 - root - DEBUG - 4.4.1.6-Spacing
2023-01-20 23:17:27,404 - root - DEBUG - 4.4.1.7-VerticalOffset
2023-01-20 23:17:27,404 - root - DEBUG - 4.4.1.8-ImageIndex
2023-01-20 23:17:27,404 - root - DEBUG - 4.4.1.9-ImagesCount
2023-01-20 23:17:27,404 - root - DEBUG - 4.4.2-PrefixImageIndex
2023-01-20 23:17:27,414 - root - DEBUG - 4.4.3-NoDataImageIndex
2023-01-20 23:17:27,414 - root - DEBUG - 4.7-UnknownLongValue7
2023-01-20 23:17:27,414 - root - DEBUG - 5-DateBlock
2023-01-20 23:17:27,414 - root - DEBUG - 5.1-Date
2023-01-20 23:17:27,414 - root - DEBUG - 5.1.9-YearMonthAndDay
2023-01-20 23:17:27,414 - root - DEBUG - 5.1.9.3-Day
2023-01-20 23:17:27,414 - root - DEBUG - 5.1.9.3.1-TopLeftX
2023-01-20 23:17:27,414 - root - DEBUG - 5.1.9.3.2-TopLeftY
2023-01-20 23:17:27,414 - root - DEBUG - 5.1.9.3.3-BottomRightX
2023-01-20 23:17:27,414 - root - DEBUG - 5.1.9.3.4-BottomRightY
2023-01-20 23:17:27,414 - root - DEBUG - 5.1.9.3.5-Alignment
2023-01-20 23:17:27,414 - root - DEBUG - 5.1.9.3.6-Spacing
2023-01-20 23:17:27,414 - root - DEBUG - 5.1.9.3.7-VerticalOffset
2023-01-20 23:17:27,414 - root - DEBUG - 5.1.9.3.8-ImageIndex
2023-01-20 23:17:27,414 - root - DEBUG - 5.1.9.3.9-ImagesCount
2023-01-20 23:17:27,414 - root - DEBUG - 5.1.9.4-MonthFollowsYear
2023-01-20 23:17:27,416 - root - DEBUG - 5.1.9.5-DayFollowsMonth
2023-01-20 23:17:27,416 - root - DEBUG - 5.1.4-PaddingZeroMonth
2023-01-20 23:17:27,416 - root - DEBUG - 5.1.5-PaddingZeroDay
2023-01-20 23:17:27,416 - root - DEBUG - 5.1.6-UnknownBoolean6
2023-01-20 23:17:27,416 - root - DEBUG - 5.4-Weekday
2023-01-20 23:17:27,416 - root - DEBUG - 5.4.1-X
2023-01-20 23:17:27,416 - root - DEBUG - 5.4.2-Y
2023-01-20 23:17:27,416 - root - DEBUG - 5.4.3-ImageIndex
2023-01-20 23:17:27,416 - root - DEBUG - 5.4.4-ImagesCount
2023-01-20 23:17:27,416 - root - DEBUG - 9-Battery
2023-01-20 23:17:27,416 - root - DEBUG - 9.1-BatteryText
2023-01-20 23:17:27,416 - root - DEBUG - 9.1.1-ImageNumber
2023-01-20 23:17:27,416 - root - DEBUG - 9.1.1.1-TopLeftX
2023-01-20 23:17:27,416 - root - DEBUG - 9.1.1.2-TopLeftY
2023-01-20 23:17:27,416 - root - DEBUG - 9.1.1.3-BottomRightX
2023-01-20 23:17:27,416 - root - DEBUG - 9.1.1.4-BottomRightY
2023-01-20 23:17:27,416 - root - DEBUG - 9.1.1.5-Alignment
2023-01-20 23:17:27,416 - root - DEBUG - 9.1.1.6-Spacing
2023-01-20 23:17:27,416 - root - DEBUG - 9.1.1.7-VerticalOffset
2023-01-20 23:17:27,416 - root - DEBUG - 9.1.1.8-ImageIndex
2023-01-20 23:17:27,416 - root - DEBUG - 9.1.1.9-ImagesCount
2023-01-20 23:17:27,416 - root - DEBUG - 9.1.3-NoDataImageIndex
2023-01-20 23:17:27,416 - root - DEBUG - 9.1.4-SuffixImageIndex
2023-01-20 23:17:27,416 - root - DEBUG - 9.2-ImageProgress
2023-01-20 23:17:27,416 - root - DEBUG - 9.2.1-X
2023-01-20 23:17:27,416 - root - DEBUG - 9.2.2-Y
2023-01-20 23:17:27,416 - root - DEBUG - 9.2.3-ImageIndex
2023-01-20 23:17:27,416 - root - DEBUG - 9.2.4-ImagesCount
2023-01-20 23:17:27,416 - root - DEBUG - 12-HeartProgress
2023-01-20 23:17:27,416 - root - DEBUG - 12.2-ImageProgress
2023-01-20 23:17:27,416 - root - DEBUG - 12.2.1-X
2023-01-20 23:17:27,416 - root - DEBUG - 12.2.2-Y
2023-01-20 23:17:27,416 - root - DEBUG - 12.2.3-ImageIndex
2023-01-20 23:17:27,416 - root - DEBUG - 12.2.4-ImagesCount
2023-01-20 23:17:27,416 - root - DEBUG - generatePreviews
2023-01-20 23:17:27,416 - root - DEBUG - Generating previews...
2023-01-20 23:17:27,416 - root - DEBUG - Generating states done...
2023-01-20 23:17:27,424 - root - DEBUG - >>>>>>>>>>>> 0 <watchFaceParser.models.parameter.Parameter object at 0x00000276776CEE50>
2023-01-20 23:17:27,424 - root - DEBUG - >>>>>>>>>>>> 2 <watchFaceParser.models.parameter.Parameter object at 0x00000276776C65E0>
2023-01-20 23:17:27,434 - root - DEBUG - >>>>>>>>>>>> 3 <watchFaceParser.models.parameter.Parameter object at 0x00000276776CB280>
2023-01-20 23:17:27,434 - root - DEBUG - >>>>>>>>>>>> 4 <watchFaceParser.models.parameter.Parameter object at 0x00000276776CC220>
2023-01-20 23:17:27,444 - root - DEBUG - >>>>>>>>>>>> 5 <watchFaceParser.models.parameter.Parameter object at 0x00000276776CC9A0>
2023-01-20 23:17:27,454 - root - DEBUG - >>>>>>>>>>>> 9 <watchFaceParser.models.parameter.Parameter object at 0x00000276776CE9A0>
2023-01-20 23:17:27,454 - root - DEBUG - >>>>>>>>>>>> 12 <watchFaceParser.models.parameter.Parameter object at 0x00000276776CEC40>
2023-01-20 23:17:27,464 - root - DEBUG - Generating static preview gen done...
2023-01-20 23:17:27,504 - root - DEBUG - Generating static preview save done...
2023-01-20 23:17:27,504 - root - DEBUG - Generating anim preview gen done...
2023-01-20 23:17:27,504 - root - DEBUG - >>>>>>>>>>>> 0 <watchFaceParser.models.parameter.Parameter object at 0x00000276776CEE50>
2023-01-20 23:17:27,504 - root - DEBUG - >>>>>>>>>>>> 2 <watchFaceParser.models.parameter.Parameter object at 0x00000276776C65E0>
2023-01-20 23:17:27,504 - root - DEBUG - >>>>>>>>>>>> 3 <watchFaceParser.models.parameter.Parameter object at 0x00000276776CB280>
2023-01-20 23:17:27,504 - root - DEBUG - >>>>>>>>>>>> 4 <watchFaceParser.models.parameter.Parameter object at 0x00000276776CC220>
2023-01-20 23:17:27,504 - root - DEBUG - >>>>>>>>>>>> 5 <watchFaceParser.models.parameter.Parameter object at 0x00000276776CC9A0>
2023-01-20 23:17:27,512 - root - DEBUG - >>>>>>>>>>>> 9 <watchFaceParser.models.parameter.Parameter object at 0x00000276776CE9A0>
2023-01-20 23:17:27,512 - root - DEBUG - >>>>>>>>>>>> 12 <watchFaceParser.models.parameter.Parameter object at 0x00000276776CEC40>
2023-01-20 23:17:27,584 - root - DEBUG - generatePreviews done
2023-01-20 23:17:27,584 - root - DEBUG - Exporting resources to 'E:\Codez\zepp-bip3-wf\84001ff4bc3aacab0465967e1005873e'
2023-01-20 23:17:27,592 - root - DEBUG - extracting E:\Codez\zepp-bip3-wf\84001ff4bc3aacab0465967e1005873e\0000.png...
2023-01-20 23:17:27,594 - root - DEBUG - extracting E:\Codez\zepp-bip3-wf\84001ff4bc3aacab0465967e1005873e\0001.png...
2023-01-20 23:17:27,604 - root - DEBUG - extracting E:\Codez\zepp-bip3-wf\84001ff4bc3aacab0465967e1005873e\0002.png...
2023-01-20 23:17:27,604 - root - DEBUG - extracting E:\Codez\zepp-bip3-wf\84001ff4bc3aacab0465967e1005873e\0003.png...
2023-01-20 23:17:27,608 - root - DEBUG - extracting E:\Codez\zepp-bip3-wf\84001ff4bc3aacab0465967e1005873e\0004.png...
2023-01-20 23:17:27,608 - root - DEBUG - extracting E:\Codez\zepp-bip3-wf\84001ff4bc3aacab0465967e1005873e\0005.png...
2023-01-20 23:17:27,608 - root - DEBUG - extracting E:\Codez\zepp-bip3-wf\84001ff4bc3aacab0465967e1005873e\0006.png...
2023-01-20 23:17:27,608 - root - DEBUG - extracting E:\Codez\zepp-bip3-wf\84001ff4bc3aacab0465967e1005873e\0007.png...
2023-01-20 23:17:27,608 - root - DEBUG - extracting E:\Codez\zepp-bip3-wf\84001ff4bc3aacab0465967e1005873e\0008.png...
2023-01-20 23:17:27,608 - root - DEBUG - extracting E:\Codez\zepp-bip3-wf\84001ff4bc3aacab0465967e1005873e\0009.png...
2023-01-20 23:17:27,614 - root - DEBUG - extracting E:\Codez\zepp-bip3-wf\84001ff4bc3aacab0465967e1005873e\0010.png...
2023-01-20 23:17:27,614 - root - DEBUG - extracting E:\Codez\zepp-bip3-wf\84001ff4bc3aacab0465967e1005873e\0011.png...
2023-01-20 23:17:27,614 - root - DEBUG - extracting E:\Codez\zepp-bip3-wf\84001ff4bc3aacab0465967e1005873e\0012.png...
2023-01-20 23:17:27,614 - root - DEBUG - extracting E:\Codez\zepp-bip3-wf\84001ff4bc3aacab0465967e1005873e\0013.png...
2023-01-20 23:17:27,614 - root - DEBUG - extracting E:\Codez\zepp-bip3-wf\84001ff4bc3aacab0465967e1005873e\0014.png...
2023-01-20 23:17:27,614 - root - DEBUG - extracting E:\Codez\zepp-bip3-wf\84001ff4bc3aacab0465967e1005873e\0015.png...
2023-01-20 23:17:27,614 - root - DEBUG - extracting E:\Codez\zepp-bip3-wf\84001ff4bc3aacab0465967e1005873e\0016.png...
2023-01-20 23:17:27,614 - root - DEBUG - extracting E:\Codez\zepp-bip3-wf\84001ff4bc3aacab0465967e1005873e\0017.png...
2023-01-20 23:17:27,614 - root - DEBUG - extracting E:\Codez\zepp-bip3-wf\84001ff4bc3aacab0465967e1005873e\0018.png...
2023-01-20 23:17:27,614 - root - DEBUG - extracting E:\Codez\zepp-bip3-wf\84001ff4bc3aacab0465967e1005873e\0019.png...
2023-01-20 23:17:27,624 - root - DEBUG - extracting E:\Codez\zepp-bip3-wf\84001ff4bc3aacab0465967e1005873e\0020.png...
2023-01-20 23:17:27,624 - root - DEBUG - extracting E:\Codez\zepp-bip3-wf\84001ff4bc3aacab0465967e1005873e\0021.png...
2023-01-20 23:17:27,624 - root - DEBUG - extracting E:\Codez\zepp-bip3-wf\84001ff4bc3aacab0465967e1005873e\0022.png...
2023-01-20 23:17:27,624 - root - DEBUG - extracting E:\Codez\zepp-bip3-wf\84001ff4bc3aacab0465967e1005873e\0023.png...
2023-01-20 23:17:27,624 - root - DEBUG - extracting E:\Codez\zepp-bip3-wf\84001ff4bc3aacab0465967e1005873e\0024.png...
2023-01-20 23:17:27,624 - root - DEBUG - extracting E:\Codez\zepp-bip3-wf\84001ff4bc3aacab0465967e1005873e\0025.png...
2023-01-20 23:17:27,624 - root - DEBUG - extracting E:\Codez\zepp-bip3-wf\84001ff4bc3aacab0465967e1005873e\0026.png...
2023-01-20 23:17:27,624 - root - DEBUG - extracting E:\Codez\zepp-bip3-wf\84001ff4bc3aacab0465967e1005873e\0027.png...
2023-01-20 23:17:27,624 - root - DEBUG - extracting E:\Codez\zepp-bip3-wf\84001ff4bc3aacab0465967e1005873e\0028.png...
2023-01-20 23:17:27,624 - root - DEBUG - extracting E:\Codez\zepp-bip3-wf\84001ff4bc3aacab0465967e1005873e\0029.png...
2023-01-20 23:17:27,624 - root - DEBUG - extracting E:\Codez\zepp-bip3-wf\84001ff4bc3aacab0465967e1005873e\0030.png...
2023-01-20 23:17:27,624 - root - DEBUG - extracting E:\Codez\zepp-bip3-wf\84001ff4bc3aacab0465967e1005873e\0031.png...
2023-01-20 23:17:27,624 - root - DEBUG - extracting E:\Codez\zepp-bip3-wf\84001ff4bc3aacab0465967e1005873e\0032.png...
2023-01-20 23:17:27,634 - root - DEBUG - extracting E:\Codez\zepp-bip3-wf\84001ff4bc3aacab0465967e1005873e\0033.png...
2023-01-20 23:17:27,634 - root - DEBUG - extracting E:\Codez\zepp-bip3-wf\84001ff4bc3aacab0465967e1005873e\0034.png...
2023-01-20 23:17:27,634 - root - DEBUG - extracting E:\Codez\zepp-bip3-wf\84001ff4bc3aacab0465967e1005873e\0035.png...
2023-01-20 23:17:27,634 - root - DEBUG - extracting E:\Codez\zepp-bip3-wf\84001ff4bc3aacab0465967e1005873e\0036.png...
2023-01-20 23:17:27,634 - root - DEBUG - extracting E:\Codez\zepp-bip3-wf\84001ff4bc3aacab0465967e1005873e\0037.png...
2023-01-20 23:17:27,634 - root - DEBUG - extracting E:\Codez\zepp-bip3-wf\84001ff4bc3aacab0465967e1005873e\0038.png...
2023-01-20 23:17:27,640 - root - DEBUG - extracting E:\Codez\zepp-bip3-wf\84001ff4bc3aacab0465967e1005873e\0039.png...
2023-01-20 23:17:27,640 - root - DEBUG - extracting E:\Codez\zepp-bip3-wf\84001ff4bc3aacab0465967e1005873e\0040.png...
2023-01-20 23:17:27,640 - root - DEBUG - extracting E:\Codez\zepp-bip3-wf\84001ff4bc3aacab0465967e1005873e\0041.png...
2023-01-20 23:17:27,640 - root - DEBUG - extracting E:\Codez\zepp-bip3-wf\84001ff4bc3aacab0465967e1005873e\0042.png...
2023-01-20 23:17:27,640 - root - DEBUG - extracting E:\Codez\zepp-bip3-wf\84001ff4bc3aacab0465967e1005873e\0043.png...
2023-01-20 23:17:27,640 - root - DEBUG - extracting E:\Codez\zepp-bip3-wf\84001ff4bc3aacab0465967e1005873e\0044.png...
2023-01-20 23:17:27,640 - root - DEBUG - extracting E:\Codez\zepp-bip3-wf\84001ff4bc3aacab0465967e1005873e\0045.png...
2023-01-20 23:17:27,644 - root - DEBUG - extracting E:\Codez\zepp-bip3-wf\84001ff4bc3aacab0465967e1005873e\0046.png...
2023-01-20 23:17:27,644 - root - DEBUG - extracting E:\Codez\zepp-bip3-wf\84001ff4bc3aacab0465967e1005873e\0047.png...
2023-01-20 23:17:27,644 - root - DEBUG - extracting E:\Codez\zepp-bip3-wf\84001ff4bc3aacab0465967e1005873e\0048.png...
2023-01-20 23:17:27,644 - root - DEBUG - extracting E:\Codez\zepp-bip3-wf\84001ff4bc3aacab0465967e1005873e\0049.png...
2023-01-20 23:17:27,644 - root - DEBUG - extracting E:\Codez\zepp-bip3-wf\84001ff4bc3aacab0465967e1005873e\0050.png...
2023-01-20 23:17:27,644 - root - DEBUG - extracting E:\Codez\zepp-bip3-wf\84001ff4bc3aacab0465967e1005873e\0051.png...
2023-01-20 23:17:27,644 - root - DEBUG - extracting E:\Codez\zepp-bip3-wf\84001ff4bc3aacab0465967e1005873e\0052.png...
2023-01-20 23:17:27,656 - root - DEBUG - extracting E:\Codez\zepp-bip3-wf\84001ff4bc3aacab0465967e1005873e\0053.png...
2023-01-20 23:17:27,656 - root - DEBUG - extracting E:\Codez\zepp-bip3-wf\84001ff4bc3aacab0465967e1005873e\0054.png...
2023-01-20 23:17:27,664 - root - DEBUG - extracting E:\Codez\zepp-bip3-wf\84001ff4bc3aacab0465967e1005873e\0055.png...
2023-01-20 23:17:27,674 - root - DEBUG - extracting E:\Codez\zepp-bip3-wf\84001ff4bc3aacab0465967e1005873e\0056.png...
2023-01-20 23:17:27,684 - root - DEBUG - extracting E:\Codez\zepp-bip3-wf\84001ff4bc3aacab0465967e1005873e\0057.png...
2023-01-20 23:17:27,688 - root - DEBUG - extracting E:\Codez\zepp-bip3-wf\84001ff4bc3aacab0465967e1005873e\0058.png...
2023-01-20 23:17:27,694 - root - DEBUG - extracting E:\Codez\zepp-bip3-wf\84001ff4bc3aacab0465967e1005873e\0059.png...
2023-01-20 23:17:27,704 - root - DEBUG - extracting E:\Codez\zepp-bip3-wf\84001ff4bc3aacab0465967e1005873e\0060.png...
2023-01-20 23:17:27,714 - root - DEBUG - extracting E:\Codez\zepp-bip3-wf\84001ff4bc3aacab0465967e1005873e\0061.png...
2023-01-20 23:17:27,714 - root - DEBUG - extracting E:\Codez\zepp-bip3-wf\84001ff4bc3aacab0465967e1005873e\0062.png...
2023-01-20 23:17:27,714 - root - DEBUG - extracting E:\Codez\zepp-bip3-wf\84001ff4bc3aacab0465967e1005873e\0063.png...
2023-01-20 23:17:27,720 - root - DEBUG - extracting E:\Codez\zepp-bip3-wf\84001ff4bc3aacab0465967e1005873e\0064.png...
2023-01-20 23:17:27,724 - root - DEBUG - extracting E:\Codez\zepp-bip3-wf\84001ff4bc3aacab0465967e1005873e\0065.png...
2023-01-20 23:17:27,724 - root - DEBUG - extracting E:\Codez\zepp-bip3-wf\84001ff4bc3aacab0465967e1005873e\0066.png...
2023-01-20 23:17:27,724 - root - DEBUG - extracting E:\Codez\zepp-bip3-wf\84001ff4bc3aacab0465967e1005873e\0067.png...
2023-01-20 23:17:27,736 - root - DEBUG - extracting E:\Codez\zepp-bip3-wf\84001ff4bc3aacab0465967e1005873e\0068.png...
2023-01-20 23:17:27,736 - root - DEBUG - extracting E:\Codez\zepp-bip3-wf\84001ff4bc3aacab0465967e1005873e\0069.png...
2023-01-20 23:17:27,744 - root - DEBUG - extracting E:\Codez\zepp-bip3-wf\84001ff4bc3aacab0465967e1005873e\0070.png...
2023-01-20 23:17:27,754 - root - DEBUG - extracting E:\Codez\zepp-bip3-wf\84001ff4bc3aacab0465967e1005873e\0071.png...
2023-01-20 23:17:27,754 - root - DEBUG - extracting E:\Codez\zepp-bip3-wf\84001ff4bc3aacab0465967e1005873e\0072.png...
2023-01-20 23:17:27,764 - root - DEBUG - Exporting config...
