2023-07-09 17:48:18,375 - root - DEBUG - Opening watch face 'E:\Codez\zepp-bip3-wf\56300303a0af0b2e6031962f01ae53c5.bin'
2023-07-09 17:48:18,390 - root - DEBUG - Reading parameters...
2023-07-09 17:48:18,390 - root - INFO - Reading header...
2023-07-09 17:48:18,390 - root - INFO - Header was read:
2023-07-09 17:48:18,390 - root - INFO - Signature: b'UIHH\x01\x00\xff', Unknown: 109, ParametersSize: 25, isValid: True, deviceId: 71
2023-07-09 17:48:18,390 - root - INFO - Reading parameter offsets...
2023-07-09 17:48:18,390 - root - INFO - Parameter offsets were read from file
2023-07-09 17:48:18,390 - root - INFO - Reading parameters descriptor...
2023-07-09 17:48:18,390 - root - INFO - 1 ( A): 5 bytes
2023-07-09 17:48:18,390 - root - INFO -     1 ( 8): 202 CA
2023-07-09 17:48:18,390 - root - INFO -     2 (10): 66 42
2023-07-09 17:48:18,390 - root - INFO - getParameters descriptor was read:
2023-07-09 17:48:18,390 - root - INFO - ParametersTableLength: 202, ImagesCount: 66
2023-07-09 17:48:18,390 - root - INFO - Reading parameters locations...
2023-07-09 17:48:18,390 - root - INFO - 2 (12): 4 bytes
2023-07-09 17:48:18,390 - root - INFO -     1 ( 8): 0  0
2023-07-09 17:48:18,390 - root - INFO -     2 (10): 40 28
2023-07-09 17:48:18,390 - root - INFO - 3 (1A): 4 bytes
2023-07-09 17:48:18,390 - root - INFO -     1 ( 8): 40 28
2023-07-09 17:48:18,390 - root - INFO -     2 (10): 53 35
2023-07-09 17:48:18,390 - root - INFO - 5 (2A): 4 bytes
2023-07-09 17:48:18,390 - root - INFO -     1 ( 8): 93 5D
2023-07-09 17:48:18,390 - root - INFO -     2 (10): 109 6D
2023-07-09 17:48:18,390 - root - INFO - Watch face parameters locations were read:
2023-07-09 17:48:18,390 - root - INFO - Reading descriptor for parameter 2
2023-07-09 17:48:18,390 - root - INFO - Descriptor offset: 0, Descriptor length: 40
2023-07-09 17:48:18,390 - root - INFO - Parsing descriptor for parameter 2...
2023-07-09 17:48:18,390 - root - INFO - 1 ( A): 6 bytes
2023-07-09 17:48:18,390 - root - INFO -     1 ( 8): 0  0
2023-07-09 17:48:18,390 - root - INFO -     2 (10): 0  0
2023-07-09 17:48:18,390 - root - INFO -     3 (18): 2  2
2023-07-09 17:48:18,390 - root - INFO - 3 (1A): 6 bytes
2023-07-09 17:48:18,390 - root - INFO -     1 ( 8): 0  0
2023-07-09 17:48:18,390 - root - INFO -     2 (10): 0  0
2023-07-09 17:48:18,390 - root - INFO -     3 (18): 0  0
2023-07-09 17:48:18,390 - root - INFO - 4 (22): 6 bytes
2023-07-09 17:48:18,390 - root - INFO -     1 ( 8): 0  0
2023-07-09 17:48:18,390 - root - INFO -     2 (10): 0  0
2023-07-09 17:48:18,390 - root - INFO -     3 (18): 1  1
2023-07-09 17:48:18,390 - root - INFO - 5 (2A): 6 bytes
2023-07-09 17:48:18,390 - root - INFO -     1 ( 8): 0  0
2023-07-09 17:48:18,390 - root - INFO -     2 (10): 0  0
2023-07-09 17:48:18,390 - root - INFO -     3 (18): 1  1
2023-07-09 17:48:18,390 - root - INFO - 6 (32): 6 bytes
2023-07-09 17:48:18,390 - root - INFO -     1 ( 8): 0  0
2023-07-09 17:48:18,390 - root - INFO -     2 (10): 0  0
2023-07-09 17:48:18,390 - root - INFO -     3 (18): 3  3
2023-07-09 17:48:18,390 - root - INFO - Reading descriptor for parameter 3
2023-07-09 17:48:18,390 - root - INFO - Descriptor offset: 40, Descriptor length: 53
2023-07-09 17:48:18,390 - root - INFO - Parsing descriptor for parameter 3...
2023-07-09 17:48:18,390 - root - INFO - 1 ( A): 51 bytes
2023-07-09 17:48:18,390 - root - INFO -     1 ( A): 20 bytes
2023-07-09 17:48:18,390 - root - INFO -         1 ( A): 8 bytes
2023-07-09 17:48:18,390 - root - INFO -             1 ( 8): 34 22
2023-07-09 17:48:18,390 - root - INFO -             2 (10): 37 25
2023-07-09 17:48:18,390 - root - INFO -             3 (18): 4  4
2023-07-09 17:48:18,390 - root - INFO -             4 (20): 10  A
2023-07-09 17:48:18,390 - root - INFO -         2 (12): 8 bytes
2023-07-09 17:48:18,390 - root - INFO -             1 ( 8): 94 5E
2023-07-09 17:48:18,390 - root - INFO -             2 (10): 37 25
2023-07-09 17:48:18,390 - root - INFO -             3 (18): 4  4
2023-07-09 17:48:18,390 - root - INFO -             4 (20): 10  A
2023-07-09 17:48:18,390 - root - INFO -     2 (12): 23 bytes
2023-07-09 17:48:18,390 - root - INFO -         1 ( A): 9 bytes
2023-07-09 17:48:18,390 - root - INFO -             1 ( 8): 94 5E
2023-07-09 17:48:18,390 - root - INFO -             2 (10): 158 9E
2023-07-09 17:48:18,390 - root - INFO -             3 (18): 4  4
2023-07-09 17:48:18,390 - root - INFO -             4 (20): 10  A
2023-07-09 17:48:18,390 - root - INFO -         2 (12): 10 bytes
2023-07-09 17:48:18,390 - root - INFO -             1 ( 8): 154 9A
2023-07-09 17:48:18,390 - root - INFO -             2 (10): 158 9E
2023-07-09 17:48:18,390 - root - INFO -             3 (18): 4  4
2023-07-09 17:48:18,390 - root - INFO -             4 (20): 10  A
2023-07-09 17:48:18,390 - root - INFO -     7 (38): 0  0
2023-07-09 17:48:18,390 - root - INFO -     8 (40): 1  1
2023-07-09 17:48:18,390 - root - INFO - Reading descriptor for parameter 5
2023-07-09 17:48:18,390 - root - INFO - Descriptor offset: 93, Descriptor length: 109
2023-07-09 17:48:18,390 - root - INFO - Parsing descriptor for parameter 5...
2023-07-09 17:48:18,390 - root - INFO - 1 ( A): 56 bytes
2023-07-09 17:48:18,390 - root - INFO -     9 (4A): 48 bytes
2023-07-09 17:48:18,390 - root - INFO -         3 (1A): 20 bytes
2023-07-09 17:48:18,390 - root - INFO -             1 ( 8): 76 4C
2023-07-09 17:48:18,390 - root - INFO -             2 (10): 129 81
2023-07-09 17:48:18,390 - root - INFO -             3 (18): 98 62
2023-07-09 17:48:18,390 - root - INFO -             4 (20): 145 91
2023-07-09 17:48:18,390 - root - INFO -             5 (28): 18 12
2023-07-09 17:48:18,390 - root - INFO -             6 (30): 0  0
2023-07-09 17:48:18,390 - root - INFO -             7 (38): 0  0
2023-07-09 17:48:18,390 - root - INFO -             8 (40): 14  E
2023-07-09 17:48:18,390 - root - INFO -             9 (48): 10  A
2023-07-09 17:48:18,406 - root - INFO -         4 (20): 0  0
2023-07-09 17:48:18,406 - root - INFO -         5 (28): 0  0
2023-07-09 17:48:18,406 - root - INFO -         6 (32): 9 bytes
2023-07-09 17:48:18,406 - root - INFO -             1 ( 8): 14  E
2023-07-09 17:48:18,406 - root - INFO -             2 (10): 129 81
2023-07-09 17:48:18,406 - root - INFO -             3 (18): 24 18
2023-07-09 17:48:18,406 - root - INFO -             4 (20): 12  C
2023-07-09 17:48:18,406 - root - INFO -         7 (3A): 9 bytes
2023-07-09 17:48:18,406 - root - INFO -             1 ( 8): 14  E
2023-07-09 17:48:18,406 - root - INFO -             2 (10): 129 81
2023-07-09 17:48:18,406 - root - INFO -             3 (18): 36 24
2023-07-09 17:48:18,406 - root - INFO -             4 (20): 12  C
2023-07-09 17:48:18,406 - root - INFO -     4 (20): 1  1
2023-07-09 17:48:18,406 - root - INFO -     5 (28): 1  1
2023-07-09 17:48:18,406 - root - INFO -     6 (30): 0  0
2023-07-09 17:48:18,406 - root - INFO - 2 (12): 13 bytes
2023-07-09 17:48:18,406 - root - INFO -     1 ( 8): 167 A7
2023-07-09 17:48:18,406 - root - INFO -     2 (10): 68 44
2023-07-09 17:48:18,406 - root - INFO -     3 (18): 62 3E
2023-07-09 17:48:18,406 - root - INFO -     4 (20): 63 3F
2023-07-09 17:48:18,406 - root - INFO -     5 (28): 64 40
2023-07-09 17:48:18,406 - root - INFO -     6 (30): 65 41
2023-07-09 17:48:18,406 - root - INFO - 4 (22): 10 bytes
2023-07-09 17:48:18,406 - root - INFO -     1 ( 8): 137 89
2023-07-09 17:48:18,406 - root - INFO -     2 (10): 129 81
2023-07-09 17:48:18,406 - root - INFO -     3 (18): 48 30
2023-07-09 17:48:18,406 - root - INFO -     4 (20): 7  7
2023-07-09 17:48:18,406 - root - INFO - 5 (2A): 10 bytes
2023-07-09 17:48:18,406 - root - INFO -     1 ( 8): 137 89
2023-07-09 17:48:18,406 - root - INFO -     2 (10): 129 81
2023-07-09 17:48:18,406 - root - INFO -     3 (18): 55 37
2023-07-09 17:48:18,406 - root - INFO -     4 (20): 7  7
2023-07-09 17:48:18,406 - root - INFO - 6 (32): 10 bytes
2023-07-09 17:48:18,406 - root - INFO -     1 ( 8): 137 89
2023-07-09 17:48:18,406 - root - INFO -     2 (10): 129 81
2023-07-09 17:48:18,406 - root - INFO -     3 (18): 55 37
2023-07-09 17:48:18,406 - root - INFO -     4 (20): 7  7
2023-07-09 17:48:18,406 - root - INFO - Reading resources offsets table with 66 elements (264 bytes)
2023-07-09 17:48:18,406 - root - INFO - Resource 0 offset: 578, length: 51224...
2023-07-09 17:48:18,406 - root - DEBUG - Reading resource 0...
2023-07-09 17:48:18,468 - root - INFO - The image is bmc.
2023-07-09 17:48:18,468 - root - INFO - Reading image header(readHeader16C)...
2023-07-09 17:48:18,468 - root - INFO - Image header was read:
2023-07-09 17:48:18,468 - root - INFO - Width: 148, Height: 173, RowLength: 296
2023-07-09 17:48:18,468 - root - INFO - _step: 2, unknown2: 0,
2023-07-09 17:48:18,468 - root - INFO - BPP: 16, Transparency: False
2023-07-09 17:48:18,625 - root - INFO - Resource 1 offset: 51802, length: 51224...
2023-07-09 17:48:18,625 - root - DEBUG - Reading resource 1...
2023-07-09 17:48:18,625 - root - INFO - The image is bmc.
2023-07-09 17:48:18,625 - root - INFO - Reading image header(readHeader16C)...
2023-07-09 17:48:18,625 - root - INFO - Image header was read:
2023-07-09 17:48:18,625 - root - INFO - Width: 148, Height: 173, RowLength: 296
2023-07-09 17:48:18,625 - root - INFO - _step: 2, unknown2: 0,
2023-07-09 17:48:18,625 - root - INFO - BPP: 16, Transparency: False
2023-07-09 17:48:18,765 - root - INFO - Resource 2 offset: 103026, length: 134416...
2023-07-09 17:48:18,765 - root - DEBUG - Reading resource 2...
2023-07-09 17:48:18,765 - root - INFO - The image is bmc.
2023-07-09 17:48:18,765 - root - INFO - Reading image header(readHeader16C)...
2023-07-09 17:48:18,781 - root - INFO - Image header was read:
2023-07-09 17:48:18,781 - root - INFO - Width: 240, Height: 280, RowLength: 480
2023-07-09 17:48:18,781 - root - INFO - _step: 2, unknown2: 0,
2023-07-09 17:48:18,781 - root - INFO - BPP: 16, Transparency: False
2023-07-09 17:48:19,187 - root - INFO - Resource 3 offset: 237442, length: 100816...
2023-07-09 17:48:19,187 - root - DEBUG - Reading resource 3...
2023-07-09 17:48:19,187 - root - INFO - The image is bmc.
2023-07-09 17:48:19,187 - root - INFO - Reading image header(readHeader16C)...
2023-07-09 17:48:19,187 - root - INFO - Image header was read:
2023-07-09 17:48:19,187 - root - INFO - Width: 120, Height: 280, RowLength: 360
2023-07-09 17:48:19,187 - root - INFO - _step: 3, unknown2: 0,
2023-07-09 17:48:19,187 - root - INFO - BPP: 24, Transparency: False
2023-07-09 17:48:19,390 - root - INFO - Resource 4 offset: 338258, length: 16216...
2023-07-09 17:48:19,390 - root - DEBUG - Reading resource 4...
2023-07-09 17:48:19,390 - root - INFO - The image is bmc.
2023-07-09 17:48:19,390 - root - INFO - Reading image header(readHeader16C)...
2023-07-09 17:48:19,390 - root - INFO - Image header was read:
2023-07-09 17:48:19,390 - root - INFO - Width: 60, Height: 90, RowLength: 180
2023-07-09 17:48:19,390 - root - INFO - _step: 3, unknown2: 0,
2023-07-09 17:48:19,390 - root - INFO - BPP: 24, Transparency: False
2023-07-09 17:48:19,437 - root - INFO - Resource 5 offset: 354474, length: 16216...
2023-07-09 17:48:19,437 - root - DEBUG - Reading resource 5...
2023-07-09 17:48:19,437 - root - INFO - The image is bmc.
2023-07-09 17:48:19,437 - root - INFO - Reading image header(readHeader16C)...
2023-07-09 17:48:19,437 - root - INFO - Image header was read:
2023-07-09 17:48:19,437 - root - INFO - Width: 60, Height: 90, RowLength: 180
2023-07-09 17:48:19,437 - root - INFO - _step: 3, unknown2: 0,
2023-07-09 17:48:19,437 - root - INFO - BPP: 24, Transparency: False
2023-07-09 17:48:19,468 - root - INFO - Resource 6 offset: 370690, length: 16216...
2023-07-09 17:48:19,468 - root - DEBUG - Reading resource 6...
2023-07-09 17:48:19,468 - root - INFO - The image is bmc.
2023-07-09 17:48:19,468 - root - INFO - Reading image header(readHeader16C)...
2023-07-09 17:48:19,468 - root - INFO - Image header was read:
2023-07-09 17:48:19,468 - root - INFO - Width: 60, Height: 90, RowLength: 180
2023-07-09 17:48:19,468 - root - INFO - _step: 3, unknown2: 0,
2023-07-09 17:48:19,468 - root - INFO - BPP: 24, Transparency: False
2023-07-09 17:48:19,500 - root - INFO - Resource 7 offset: 386906, length: 16216...
2023-07-09 17:48:19,500 - root - DEBUG - Reading resource 7...
2023-07-09 17:48:19,500 - root - INFO - The image is bmc.
2023-07-09 17:48:19,500 - root - INFO - Reading image header(readHeader16C)...
2023-07-09 17:48:19,500 - root - INFO - Image header was read:
2023-07-09 17:48:19,500 - root - INFO - Width: 60, Height: 90, RowLength: 180
2023-07-09 17:48:19,500 - root - INFO - _step: 3, unknown2: 0,
2023-07-09 17:48:19,500 - root - INFO - BPP: 24, Transparency: False
2023-07-09 17:48:19,531 - root - INFO - Resource 8 offset: 403122, length: 16216...
2023-07-09 17:48:19,531 - root - DEBUG - Reading resource 8...
2023-07-09 17:48:19,531 - root - INFO - The image is bmc.
2023-07-09 17:48:19,531 - root - INFO - Reading image header(readHeader16C)...
2023-07-09 17:48:19,531 - root - INFO - Image header was read:
2023-07-09 17:48:19,531 - root - INFO - Width: 60, Height: 90, RowLength: 180
2023-07-09 17:48:19,531 - root - INFO - _step: 3, unknown2: 0,
2023-07-09 17:48:19,531 - root - INFO - BPP: 24, Transparency: False
2023-07-09 17:48:19,579 - root - INFO - Resource 9 offset: 419338, length: 16216...
2023-07-09 17:48:19,579 - root - DEBUG - Reading resource 9...
2023-07-09 17:48:19,579 - root - INFO - The image is bmc.
2023-07-09 17:48:19,579 - root - INFO - Reading image header(readHeader16C)...
2023-07-09 17:48:19,579 - root - INFO - Image header was read:
2023-07-09 17:48:19,579 - root - INFO - Width: 60, Height: 90, RowLength: 180
2023-07-09 17:48:19,579 - root - INFO - _step: 3, unknown2: 0,
2023-07-09 17:48:19,579 - root - INFO - BPP: 24, Transparency: False
2023-07-09 17:48:19,602 - root - INFO - Resource 10 offset: 435554, length: 16216...
2023-07-09 17:48:19,602 - root - DEBUG - Reading resource 10...
2023-07-09 17:48:19,602 - root - INFO - The image is bmc.
2023-07-09 17:48:19,602 - root - INFO - Reading image header(readHeader16C)...
2023-07-09 17:48:19,602 - root - INFO - Image header was read:
2023-07-09 17:48:19,602 - root - INFO - Width: 60, Height: 90, RowLength: 180
2023-07-09 17:48:19,602 - root - INFO - _step: 3, unknown2: 0,
2023-07-09 17:48:19,602 - root - INFO - BPP: 24, Transparency: False
2023-07-09 17:48:19,649 - root - INFO - Resource 11 offset: 451770, length: 16216...
2023-07-09 17:48:19,649 - root - DEBUG - Reading resource 11...
2023-07-09 17:48:19,649 - root - INFO - The image is bmc.
2023-07-09 17:48:19,649 - root - INFO - Reading image header(readHeader16C)...
2023-07-09 17:48:19,649 - root - INFO - Image header was read:
2023-07-09 17:48:19,649 - root - INFO - Width: 60, Height: 90, RowLength: 180
2023-07-09 17:48:19,649 - root - INFO - _step: 3, unknown2: 0,
2023-07-09 17:48:19,649 - root - INFO - BPP: 24, Transparency: False
2023-07-09 17:48:19,680 - root - INFO - Resource 12 offset: 467986, length: 16216...
2023-07-09 17:48:19,680 - root - DEBUG - Reading resource 12...
2023-07-09 17:48:19,680 - root - INFO - The image is bmc.
2023-07-09 17:48:19,680 - root - INFO - Reading image header(readHeader16C)...
2023-07-09 17:48:19,680 - root - INFO - Image header was read:
2023-07-09 17:48:19,680 - root - INFO - Width: 60, Height: 90, RowLength: 180
2023-07-09 17:48:19,680 - root - INFO - _step: 3, unknown2: 0,
2023-07-09 17:48:19,680 - root - INFO - BPP: 24, Transparency: False
2023-07-09 17:48:19,711 - root - INFO - Resource 13 offset: 484202, length: 16216...
2023-07-09 17:48:19,711 - root - DEBUG - Reading resource 13...
2023-07-09 17:48:19,711 - root - INFO - The image is bmc.
2023-07-09 17:48:19,711 - root - INFO - Reading image header(readHeader16C)...
2023-07-09 17:48:19,711 - root - INFO - Image header was read:
2023-07-09 17:48:19,711 - root - INFO - Width: 60, Height: 90, RowLength: 180
2023-07-09 17:48:19,711 - root - INFO - _step: 3, unknown2: 0,
2023-07-09 17:48:19,711 - root - INFO - BPP: 24, Transparency: False
2023-07-09 17:48:19,743 - root - INFO - Resource 14 offset: 500418, length: 282...
2023-07-09 17:48:19,743 - root - DEBUG - Reading resource 14...
2023-07-09 17:48:19,743 - root - INFO - The image is bme.
2023-07-09 17:48:19,743 - root - INFO - Reading image header(readHeader16E)...
2023-07-09 17:48:19,743 - root - INFO - Image header was read:
2023-07-09 17:48:19,743 - root - INFO - Width: 10, Height: 16, RowLength: 20
2023-07-09 17:48:19,743 - root - INFO - datalength: 266, _step: 2
2023-07-09 17:48:19,743 - root - INFO - BPP: 16, Transparency: False
2023-07-09 17:48:19,743 - root - INFO - Resource 15 offset: 500700, length: 190...
2023-07-09 17:48:19,743 - root - DEBUG - Reading resource 15...
2023-07-09 17:48:19,743 - root - INFO - The image is bme.
2023-07-09 17:48:19,743 - root - INFO - Reading image header(readHeader16E)...
2023-07-09 17:48:19,743 - root - INFO - Image header was read:
2023-07-09 17:48:19,743 - root - INFO - Width: 10, Height: 16, RowLength: 20
2023-07-09 17:48:19,743 - root - INFO - datalength: 174, _step: 2
2023-07-09 17:48:19,743 - root - INFO - BPP: 16, Transparency: False
2023-07-09 17:48:19,743 - root - INFO - Resource 16 offset: 500890, length: 202...
2023-07-09 17:48:19,743 - root - DEBUG - Reading resource 16...
2023-07-09 17:48:19,743 - root - INFO - The image is bme.
2023-07-09 17:48:19,743 - root - INFO - Reading image header(readHeader16E)...
2023-07-09 17:48:19,743 - root - INFO - Image header was read:
2023-07-09 17:48:19,743 - root - INFO - Width: 10, Height: 16, RowLength: 20
2023-07-09 17:48:19,743 - root - INFO - datalength: 186, _step: 2
2023-07-09 17:48:19,743 - root - INFO - BPP: 16, Transparency: False
2023-07-09 17:48:19,743 - root - INFO - Resource 17 offset: 501092, length: 236...
2023-07-09 17:48:19,758 - root - DEBUG - Reading resource 17...
2023-07-09 17:48:19,758 - root - INFO - The image is bme.
2023-07-09 17:48:19,758 - root - INFO - Reading image header(readHeader16E)...
2023-07-09 17:48:19,758 - root - INFO - Image header was read:
2023-07-09 17:48:19,758 - root - INFO - Width: 10, Height: 16, RowLength: 20
2023-07-09 17:48:19,758 - root - INFO - datalength: 220, _step: 2
2023-07-09 17:48:19,758 - root - INFO - BPP: 16, Transparency: False
2023-07-09 17:48:19,758 - root - INFO - Resource 18 offset: 501328, length: 224...
2023-07-09 17:48:19,758 - root - DEBUG - Reading resource 18...
2023-07-09 17:48:19,758 - root - INFO - The image is bme.
2023-07-09 17:48:19,758 - root - INFO - Reading image header(readHeader16E)...
2023-07-09 17:48:19,758 - root - INFO - Image header was read:
2023-07-09 17:48:19,758 - root - INFO - Width: 10, Height: 16, RowLength: 20
2023-07-09 17:48:19,758 - root - INFO - datalength: 208, _step: 2
2023-07-09 17:48:19,758 - root - INFO - BPP: 16, Transparency: False
2023-07-09 17:48:19,758 - root - INFO - Resource 19 offset: 501552, length: 236...
2023-07-09 17:48:19,758 - root - DEBUG - Reading resource 19...
2023-07-09 17:48:19,758 - root - INFO - The image is bme.
2023-07-09 17:48:19,758 - root - INFO - Reading image header(readHeader16E)...
2023-07-09 17:48:19,758 - root - INFO - Image header was read:
2023-07-09 17:48:19,758 - root - INFO - Width: 10, Height: 16, RowLength: 20
2023-07-09 17:48:19,758 - root - INFO - datalength: 220, _step: 2
2023-07-09 17:48:19,758 - root - INFO - BPP: 16, Transparency: False
2023-07-09 17:48:19,758 - root - INFO - Resource 20 offset: 501788, length: 266...
2023-07-09 17:48:19,758 - root - DEBUG - Reading resource 20...
2023-07-09 17:48:19,758 - root - INFO - The image is bme.
2023-07-09 17:48:19,758 - root - INFO - Reading image header(readHeader16E)...
2023-07-09 17:48:19,758 - root - INFO - Image header was read:
2023-07-09 17:48:19,758 - root - INFO - Width: 10, Height: 16, RowLength: 20
2023-07-09 17:48:19,758 - root - INFO - datalength: 250, _step: 2
2023-07-09 17:48:19,758 - root - INFO - BPP: 16, Transparency: False
2023-07-09 17:48:19,758 - root - INFO - Resource 21 offset: 502054, length: 178...
2023-07-09 17:48:19,758 - root - DEBUG - Reading resource 21...
2023-07-09 17:48:19,758 - root - INFO - The image is bme.
2023-07-09 17:48:19,758 - root - INFO - Reading image header(readHeader16E)...
2023-07-09 17:48:19,758 - root - INFO - Image header was read:
2023-07-09 17:48:19,758 - root - INFO - Width: 10, Height: 16, RowLength: 20
2023-07-09 17:48:19,758 - root - INFO - datalength: 162, _step: 2
2023-07-09 17:48:19,758 - root - INFO - BPP: 16, Transparency: False
2023-07-09 17:48:19,758 - root - INFO - Resource 22 offset: 502232, length: 284...
2023-07-09 17:48:19,758 - root - DEBUG - Reading resource 22...
2023-07-09 17:48:19,758 - root - INFO - The image is bme.
2023-07-09 17:48:19,758 - root - INFO - Reading image header(readHeader16E)...
2023-07-09 17:48:19,758 - root - INFO - Image header was read:
2023-07-09 17:48:19,758 - root - INFO - Width: 10, Height: 16, RowLength: 20
2023-07-09 17:48:19,758 - root - INFO - datalength: 268, _step: 2
2023-07-09 17:48:19,758 - root - INFO - BPP: 16, Transparency: False
2023-07-09 17:48:19,758 - root - INFO - Resource 23 offset: 502516, length: 268...
2023-07-09 17:48:19,758 - root - DEBUG - Reading resource 23...
2023-07-09 17:48:19,758 - root - INFO - The image is bme.
2023-07-09 17:48:19,758 - root - INFO - Reading image header(readHeader16E)...
2023-07-09 17:48:19,758 - root - INFO - Image header was read:
2023-07-09 17:48:19,758 - root - INFO - Width: 10, Height: 16, RowLength: 20
2023-07-09 17:48:19,758 - root - INFO - datalength: 252, _step: 2
2023-07-09 17:48:19,758 - root - INFO - BPP: 16, Transparency: False
2023-07-09 17:48:19,758 - root - INFO - Resource 24 offset: 502784, length: 740...
2023-07-09 17:48:19,758 - root - DEBUG - Reading resource 24...
2023-07-09 17:48:19,758 - root - INFO - The image is bme.
2023-07-09 17:48:19,758 - root - INFO - Reading image header(readHeader16E)...
2023-07-09 17:48:19,758 - root - INFO - Image header was read:
2023-07-09 17:48:19,758 - root - INFO - Width: 60, Height: 16, RowLength: 120
2023-07-09 17:48:19,758 - root - INFO - datalength: 724, _step: 2
2023-07-09 17:48:19,758 - root - INFO - BPP: 16, Transparency: False
2023-07-09 17:48:19,758 - root - INFO - Resource 25 offset: 503524, length: 684...
2023-07-09 17:48:19,758 - root - DEBUG - Reading resource 25...
2023-07-09 17:48:19,758 - root - INFO - The image is bme.
2023-07-09 17:48:19,758 - root - INFO - Reading image header(readHeader16E)...
2023-07-09 17:48:19,758 - root - INFO - Image header was read:
2023-07-09 17:48:19,758 - root - INFO - Width: 60, Height: 16, RowLength: 120
2023-07-09 17:48:19,758 - root - INFO - datalength: 668, _step: 2
2023-07-09 17:48:19,758 - root - INFO - BPP: 16, Transparency: False
2023-07-09 17:48:19,774 - root - INFO - Resource 26 offset: 504208, length: 890...
2023-07-09 17:48:19,774 - root - DEBUG - Reading resource 26...
2023-07-09 17:48:19,774 - root - INFO - The image is bme.
2023-07-09 17:48:19,774 - root - INFO - Reading image header(readHeader16E)...
2023-07-09 17:48:19,774 - root - INFO - Image header was read:
2023-07-09 17:48:19,774 - root - INFO - Width: 60, Height: 16, RowLength: 120
2023-07-09 17:48:19,774 - root - INFO - datalength: 874, _step: 2
2023-07-09 17:48:19,774 - root - INFO - BPP: 16, Transparency: False
2023-07-09 17:48:19,774 - root - INFO - Resource 27 offset: 505098, length: 780...
2023-07-09 17:48:19,774 - root - DEBUG - Reading resource 27...
2023-07-09 17:48:19,774 - root - INFO - The image is bme.
2023-07-09 17:48:19,774 - root - INFO - Reading image header(readHeader16E)...
2023-07-09 17:48:19,774 - root - INFO - Image header was read:
2023-07-09 17:48:19,774 - root - INFO - Width: 60, Height: 16, RowLength: 120
2023-07-09 17:48:19,774 - root - INFO - datalength: 764, _step: 2
2023-07-09 17:48:19,774 - root - INFO - BPP: 16, Transparency: False
2023-07-09 17:48:19,774 - root - INFO - Resource 28 offset: 505878, length: 824...
2023-07-09 17:48:19,774 - root - DEBUG - Reading resource 28...
2023-07-09 17:48:19,774 - root - INFO - The image is bme.
2023-07-09 17:48:19,774 - root - INFO - Reading image header(readHeader16E)...
2023-07-09 17:48:19,774 - root - INFO - Image header was read:
2023-07-09 17:48:19,774 - root - INFO - Width: 60, Height: 16, RowLength: 120
2023-07-09 17:48:19,774 - root - INFO - datalength: 808, _step: 2
2023-07-09 17:48:19,774 - root - INFO - BPP: 16, Transparency: False
2023-07-09 17:48:19,774 - root - INFO - Resource 29 offset: 506702, length: 776...
2023-07-09 17:48:19,774 - root - DEBUG - Reading resource 29...
2023-07-09 17:48:19,774 - root - INFO - The image is bme.
2023-07-09 17:48:19,774 - root - INFO - Reading image header(readHeader16E)...
2023-07-09 17:48:19,774 - root - INFO - Image header was read:
2023-07-09 17:48:19,774 - root - INFO - Width: 60, Height: 16, RowLength: 120
2023-07-09 17:48:19,774 - root - INFO - datalength: 760, _step: 2
2023-07-09 17:48:19,774 - root - INFO - BPP: 16, Transparency: False
2023-07-09 17:48:19,774 - root - INFO - Resource 30 offset: 507478, length: 624...
2023-07-09 17:48:19,774 - root - DEBUG - Reading resource 30...
2023-07-09 17:48:19,774 - root - INFO - The image is bme.
2023-07-09 17:48:19,774 - root - INFO - Reading image header(readHeader16E)...
2023-07-09 17:48:19,774 - root - INFO - Image header was read:
2023-07-09 17:48:19,774 - root - INFO - Width: 60, Height: 16, RowLength: 120
2023-07-09 17:48:19,774 - root - INFO - datalength: 608, _step: 2
2023-07-09 17:48:19,774 - root - INFO - BPP: 16, Transparency: False
2023-07-09 17:48:19,774 - root - INFO - Resource 31 offset: 508102, length: 804...
2023-07-09 17:48:19,774 - root - DEBUG - Reading resource 31...
2023-07-09 17:48:19,774 - root - INFO - The image is bme.
2023-07-09 17:48:19,774 - root - INFO - Reading image header(readHeader16E)...
2023-07-09 17:48:19,774 - root - INFO - Image header was read:
2023-07-09 17:48:19,774 - root - INFO - Width: 60, Height: 16, RowLength: 120
2023-07-09 17:48:19,774 - root - INFO - datalength: 788, _step: 2
2023-07-09 17:48:19,774 - root - INFO - BPP: 16, Transparency: False
2023-07-09 17:48:19,790 - root - INFO - Resource 32 offset: 508906, length: 678...
2023-07-09 17:48:19,790 - root - DEBUG - Reading resource 32...
2023-07-09 17:48:19,790 - root - INFO - The image is bme.
2023-07-09 17:48:19,790 - root - INFO - Reading image header(readHeader16E)...
2023-07-09 17:48:19,790 - root - INFO - Image header was read:
2023-07-09 17:48:19,791 - root - INFO - Width: 60, Height: 16, RowLength: 120
2023-07-09 17:48:19,791 - root - INFO - datalength: 662, _step: 2
2023-07-09 17:48:19,791 - root - INFO - BPP: 16, Transparency: False
2023-07-09 17:48:19,791 - root - INFO - Resource 33 offset: 509584, length: 700...
2023-07-09 17:48:19,791 - root - DEBUG - Reading resource 33...
2023-07-09 17:48:19,791 - root - INFO - The image is bme.
2023-07-09 17:48:19,791 - root - INFO - Reading image header(readHeader16E)...
2023-07-09 17:48:19,791 - root - INFO - Image header was read:
2023-07-09 17:48:19,791 - root - INFO - Width: 60, Height: 16, RowLength: 120
2023-07-09 17:48:19,791 - root - INFO - datalength: 684, _step: 2
2023-07-09 17:48:19,791 - root - INFO - BPP: 16, Transparency: False
2023-07-09 17:48:19,791 - root - INFO - Resource 34 offset: 510284, length: 888...
2023-07-09 17:48:19,791 - root - DEBUG - Reading resource 34...
2023-07-09 17:48:19,791 - root - INFO - The image is bme.
2023-07-09 17:48:19,791 - root - INFO - Reading image header(readHeader16E)...
2023-07-09 17:48:19,791 - root - INFO - Image header was read:
2023-07-09 17:48:19,791 - root - INFO - Width: 60, Height: 16, RowLength: 120
2023-07-09 17:48:19,791 - root - INFO - datalength: 872, _step: 2
2023-07-09 17:48:19,791 - root - INFO - BPP: 16, Transparency: False
2023-07-09 17:48:19,791 - root - INFO - Resource 35 offset: 511172, length: 706...
2023-07-09 17:48:19,791 - root - DEBUG - Reading resource 35...
2023-07-09 17:48:19,791 - root - INFO - The image is bme.
2023-07-09 17:48:19,791 - root - INFO - Reading image header(readHeader16E)...
2023-07-09 17:48:19,791 - root - INFO - Image header was read:
2023-07-09 17:48:19,791 - root - INFO - Width: 60, Height: 16, RowLength: 120
2023-07-09 17:48:19,791 - root - INFO - datalength: 690, _step: 2
2023-07-09 17:48:19,791 - root - INFO - BPP: 16, Transparency: False
2023-07-09 17:48:19,791 - root - INFO - Resource 36 offset: 511878, length: 522...
2023-07-09 17:48:19,791 - root - DEBUG - Reading resource 36...
2023-07-09 17:48:19,791 - root - INFO - The image is bme.
2023-07-09 17:48:19,791 - root - INFO - Reading image header(readHeader16E)...
2023-07-09 17:48:19,791 - root - INFO - Image header was read:
2023-07-09 17:48:19,791 - root - INFO - Width: 60, Height: 16, RowLength: 120
2023-07-09 17:48:19,791 - root - INFO - datalength: 506, _step: 2
2023-07-09 17:48:19,791 - root - INFO - BPP: 16, Transparency: False
2023-07-09 17:48:19,791 - root - INFO - Resource 37 offset: 512400, length: 574...
2023-07-09 17:48:19,791 - root - DEBUG - Reading resource 37...
2023-07-09 17:48:19,791 - root - INFO - The image is bme.
2023-07-09 17:48:19,791 - root - INFO - Reading image header(readHeader16E)...
2023-07-09 17:48:19,791 - root - INFO - Image header was read:
2023-07-09 17:48:19,791 - root - INFO - Width: 60, Height: 16, RowLength: 120
2023-07-09 17:48:19,791 - root - INFO - datalength: 558, _step: 2
2023-07-09 17:48:19,791 - root - INFO - BPP: 16, Transparency: False
2023-07-09 17:48:19,791 - root - INFO - Resource 38 offset: 512974, length: 626...
2023-07-09 17:48:19,791 - root - DEBUG - Reading resource 38...
2023-07-09 17:48:19,791 - root - INFO - The image is bme.
2023-07-09 17:48:19,791 - root - INFO - Reading image header(readHeader16E)...
2023-07-09 17:48:19,791 - root - INFO - Image header was read:
2023-07-09 17:48:19,791 - root - INFO - Width: 60, Height: 16, RowLength: 120
2023-07-09 17:48:19,791 - root - INFO - datalength: 610, _step: 2
2023-07-09 17:48:19,791 - root - INFO - BPP: 16, Transparency: False
2023-07-09 17:48:19,806 - root - INFO - Resource 39 offset: 513600, length: 894...
2023-07-09 17:48:19,806 - root - DEBUG - Reading resource 39...
2023-07-09 17:48:19,806 - root - INFO - The image is bme.
2023-07-09 17:48:19,806 - root - INFO - Reading image header(readHeader16E)...
2023-07-09 17:48:19,806 - root - INFO - Image header was read:
2023-07-09 17:48:19,806 - root - INFO - Width: 60, Height: 16, RowLength: 120
2023-07-09 17:48:19,806 - root - INFO - datalength: 878, _step: 2
2023-07-09 17:48:19,806 - root - INFO - BPP: 16, Transparency: False
2023-07-09 17:48:19,806 - root - INFO - Resource 40 offset: 514494, length: 756...
2023-07-09 17:48:19,806 - root - DEBUG - Reading resource 40...
2023-07-09 17:48:19,806 - root - INFO - The image is bme.
2023-07-09 17:48:19,806 - root - INFO - Reading image header(readHeader16E)...
2023-07-09 17:48:19,806 - root - INFO - Image header was read:
2023-07-09 17:48:19,806 - root - INFO - Width: 60, Height: 16, RowLength: 120
2023-07-09 17:48:19,806 - root - INFO - datalength: 740, _step: 2
2023-07-09 17:48:19,806 - root - INFO - BPP: 16, Transparency: False
2023-07-09 17:48:19,806 - root - INFO - Resource 41 offset: 515250, length: 766...
2023-07-09 17:48:19,806 - root - DEBUG - Reading resource 41...
2023-07-09 17:48:19,806 - root - INFO - The image is bme.
2023-07-09 17:48:19,806 - root - INFO - Reading image header(readHeader16E)...
2023-07-09 17:48:19,806 - root - INFO - Image header was read:
2023-07-09 17:48:19,806 - root - INFO - Width: 60, Height: 16, RowLength: 120
2023-07-09 17:48:19,806 - root - INFO - datalength: 750, _step: 2
2023-07-09 17:48:19,806 - root - INFO - BPP: 16, Transparency: False
2023-07-09 17:48:19,806 - root - INFO - Resource 42 offset: 516016, length: 706...
2023-07-09 17:48:19,806 - root - DEBUG - Reading resource 42...
2023-07-09 17:48:19,806 - root - INFO - The image is bme.
2023-07-09 17:48:19,806 - root - INFO - Reading image header(readHeader16E)...
2023-07-09 17:48:19,806 - root - INFO - Image header was read:
2023-07-09 17:48:19,806 - root - INFO - Width: 60, Height: 16, RowLength: 120
2023-07-09 17:48:19,806 - root - INFO - datalength: 690, _step: 2
2023-07-09 17:48:19,806 - root - INFO - BPP: 16, Transparency: False
2023-07-09 17:48:19,806 - root - INFO - Resource 43 offset: 516722, length: 744...
2023-07-09 17:48:19,806 - root - DEBUG - Reading resource 43...
2023-07-09 17:48:19,806 - root - INFO - The image is bme.
2023-07-09 17:48:19,806 - root - INFO - Reading image header(readHeader16E)...
2023-07-09 17:48:19,806 - root - INFO - Image header was read:
2023-07-09 17:48:19,806 - root - INFO - Width: 60, Height: 16, RowLength: 120
2023-07-09 17:48:19,806 - root - INFO - datalength: 728, _step: 2
2023-07-09 17:48:19,806 - root - INFO - BPP: 16, Transparency: False
2023-07-09 17:48:19,806 - root - INFO - Resource 44 offset: 517466, length: 754...
2023-07-09 17:48:19,806 - root - DEBUG - Reading resource 44...
2023-07-09 17:48:19,822 - root - INFO - The image is bme.
2023-07-09 17:48:19,822 - root - INFO - Reading image header(readHeader16E)...
2023-07-09 17:48:19,822 - root - INFO - Image header was read:
2023-07-09 17:48:19,822 - root - INFO - Width: 60, Height: 16, RowLength: 120
2023-07-09 17:48:19,822 - root - INFO - datalength: 738, _step: 2
2023-07-09 17:48:19,822 - root - INFO - BPP: 16, Transparency: False
2023-07-09 17:48:19,822 - root - INFO - Resource 45 offset: 518220, length: 628...
2023-07-09 17:48:19,822 - root - DEBUG - Reading resource 45...
2023-07-09 17:48:19,822 - root - INFO - The image is bme.
2023-07-09 17:48:19,822 - root - INFO - Reading image header(readHeader16E)...
2023-07-09 17:48:19,822 - root - INFO - Image header was read:
2023-07-09 17:48:19,822 - root - INFO - Width: 60, Height: 16, RowLength: 120
2023-07-09 17:48:19,822 - root - INFO - datalength: 612, _step: 2
2023-07-09 17:48:19,822 - root - INFO - BPP: 16, Transparency: False
2023-07-09 17:48:19,822 - root - INFO - Resource 46 offset: 518848, length: 750...
2023-07-09 17:48:19,822 - root - DEBUG - Reading resource 46...
2023-07-09 17:48:19,822 - root - INFO - The image is bme.
2023-07-09 17:48:19,822 - root - INFO - Reading image header(readHeader16E)...
2023-07-09 17:48:19,822 - root - INFO - Image header was read:
2023-07-09 17:48:19,822 - root - INFO - Width: 60, Height: 16, RowLength: 120
2023-07-09 17:48:19,822 - root - INFO - datalength: 734, _step: 2
2023-07-09 17:48:19,822 - root - INFO - BPP: 16, Transparency: False
2023-07-09 17:48:19,822 - root - INFO - Resource 47 offset: 519598, length: 802...
2023-07-09 17:48:19,822 - root - DEBUG - Reading resource 47...
2023-07-09 17:48:19,822 - root - INFO - The image is bme.
2023-07-09 17:48:19,822 - root - INFO - Reading image header(readHeader16E)...
2023-07-09 17:48:19,822 - root - INFO - Image header was read:
2023-07-09 17:48:19,822 - root - INFO - Width: 60, Height: 16, RowLength: 120
2023-07-09 17:48:19,822 - root - INFO - datalength: 786, _step: 2
2023-07-09 17:48:19,822 - root - INFO - BPP: 16, Transparency: False
2023-07-09 17:48:19,822 - root - INFO - Resource 48 offset: 520400, length: 1000...
2023-07-09 17:48:19,822 - root - DEBUG - Reading resource 48...
2023-07-09 17:48:19,822 - root - INFO - The image is bme.
2023-07-09 17:48:19,822 - root - INFO - Reading image header(readHeader16E)...
2023-07-09 17:48:19,822 - root - INFO - Image header was read:
2023-07-09 17:48:19,822 - root - INFO - Width: 60, Height: 16, RowLength: 120
2023-07-09 17:48:19,822 - root - INFO - datalength: 984, _step: 2
2023-07-09 17:48:19,822 - root - INFO - BPP: 16, Transparency: False
2023-07-09 17:48:19,822 - root - INFO - Resource 49 offset: 521400, length: 658...
2023-07-09 17:48:19,822 - root - DEBUG - Reading resource 49...
2023-07-09 17:48:19,822 - root - INFO - The image is bme.
2023-07-09 17:48:19,822 - root - INFO - Reading image header(readHeader16E)...
2023-07-09 17:48:19,822 - root - INFO - Image header was read:
2023-07-09 17:48:19,822 - root - INFO - Width: 60, Height: 16, RowLength: 120
2023-07-09 17:48:19,822 - root - INFO - datalength: 642, _step: 2
2023-07-09 17:48:19,822 - root - INFO - BPP: 16, Transparency: False
2023-07-09 17:48:19,838 - root - INFO - Resource 50 offset: 522058, length: 904...
2023-07-09 17:48:19,838 - root - DEBUG - Reading resource 50...
2023-07-09 17:48:19,838 - root - INFO - The image is bme.
2023-07-09 17:48:19,838 - root - INFO - Reading image header(readHeader16E)...
2023-07-09 17:48:19,838 - root - INFO - Image header was read:
2023-07-09 17:48:19,838 - root - INFO - Width: 60, Height: 16, RowLength: 120
2023-07-09 17:48:19,838 - root - INFO - datalength: 888, _step: 2
2023-07-09 17:48:19,838 - root - INFO - BPP: 16, Transparency: False
2023-07-09 17:48:19,838 - root - INFO - Resource 51 offset: 522962, length: 750...
2023-07-09 17:48:19,838 - root - DEBUG - Reading resource 51...
2023-07-09 17:48:19,838 - root - INFO - The image is bme.
2023-07-09 17:48:19,838 - root - INFO - Reading image header(readHeader16E)...
2023-07-09 17:48:19,838 - root - INFO - Image header was read:
2023-07-09 17:48:19,838 - root - INFO - Width: 60, Height: 16, RowLength: 120
2023-07-09 17:48:19,838 - root - INFO - datalength: 734, _step: 2
2023-07-09 17:48:19,838 - root - INFO - BPP: 16, Transparency: False
2023-07-09 17:48:19,838 - root - INFO - Resource 52 offset: 523712, length: 626...
2023-07-09 17:48:19,838 - root - DEBUG - Reading resource 52...
2023-07-09 17:48:19,838 - root - INFO - The image is bme.
2023-07-09 17:48:19,838 - root - INFO - Reading image header(readHeader16E)...
2023-07-09 17:48:19,838 - root - INFO - Image header was read:
2023-07-09 17:48:19,838 - root - INFO - Width: 60, Height: 16, RowLength: 120
2023-07-09 17:48:19,838 - root - INFO - datalength: 610, _step: 2
2023-07-09 17:48:19,838 - root - INFO - BPP: 16, Transparency: False
2023-07-09 17:48:19,838 - root - INFO - Resource 53 offset: 524338, length: 654...
2023-07-09 17:48:19,838 - root - DEBUG - Reading resource 53...
2023-07-09 17:48:19,838 - root - INFO - The image is bme.
2023-07-09 17:48:19,838 - root - INFO - Reading image header(readHeader16E)...
2023-07-09 17:48:19,838 - root - INFO - Image header was read:
2023-07-09 17:48:19,838 - root - INFO - Width: 60, Height: 16, RowLength: 120
2023-07-09 17:48:19,838 - root - INFO - datalength: 638, _step: 2
2023-07-09 17:48:19,838 - root - INFO - BPP: 16, Transparency: False
2023-07-09 17:48:19,838 - root - INFO - Resource 54 offset: 524992, length: 838...
2023-07-09 17:48:19,838 - root - DEBUG - Reading resource 54...
2023-07-09 17:48:19,838 - root - INFO - The image is bme.
2023-07-09 17:48:19,838 - root - INFO - Reading image header(readHeader16E)...
2023-07-09 17:48:19,838 - root - INFO - Image header was read:
2023-07-09 17:48:19,838 - root - INFO - Width: 60, Height: 16, RowLength: 120
2023-07-09 17:48:19,838 - root - INFO - datalength: 822, _step: 2
2023-07-09 17:48:19,838 - root - INFO - BPP: 16, Transparency: False
2023-07-09 17:48:19,838 - root - INFO - Resource 55 offset: 525830, length: 1118...
2023-07-09 17:48:19,838 - root - DEBUG - Reading resource 55...
2023-07-09 17:48:19,838 - root - INFO - The image is bme.
2023-07-09 17:48:19,838 - root - INFO - Reading image header(readHeader16E)...
2023-07-09 17:48:19,838 - root - INFO - Image header was read:
2023-07-09 17:48:19,838 - root - INFO - Width: 60, Height: 16, RowLength: 120
2023-07-09 17:48:19,838 - root - INFO - datalength: 1102, _step: 2
2023-07-09 17:48:19,838 - root - INFO - BPP: 16, Transparency: False
2023-07-09 17:48:19,853 - root - INFO - Resource 56 offset: 526948, length: 1174...
2023-07-09 17:48:19,853 - root - DEBUG - Reading resource 56...
2023-07-09 17:48:19,853 - root - INFO - The image is bme.
2023-07-09 17:48:19,853 - root - INFO - Reading image header(readHeader16E)...
2023-07-09 17:48:19,853 - root - INFO - Image header was read:
2023-07-09 17:48:19,853 - root - INFO - Width: 60, Height: 16, RowLength: 120
2023-07-09 17:48:19,853 - root - INFO - datalength: 1158, _step: 2
2023-07-09 17:48:19,853 - root - INFO - BPP: 16, Transparency: False
2023-07-09 17:48:19,853 - root - INFO - Resource 57 offset: 528122, length: 1238...
2023-07-09 17:48:19,853 - root - DEBUG - Reading resource 57...
2023-07-09 17:48:19,853 - root - INFO - The image is bme.
2023-07-09 17:48:19,853 - root - INFO - Reading image header(readHeader16E)...
2023-07-09 17:48:19,853 - root - INFO - Image header was read:
2023-07-09 17:48:19,853 - root - INFO - Width: 60, Height: 16, RowLength: 120
2023-07-09 17:48:19,853 - root - INFO - datalength: 1222, _step: 2
2023-07-09 17:48:19,853 - root - INFO - BPP: 16, Transparency: False
2023-07-09 17:48:19,853 - root - INFO - Resource 58 offset: 529360, length: 1498...
2023-07-09 17:48:19,853 - root - DEBUG - Reading resource 58...
2023-07-09 17:48:19,853 - root - INFO - The image is bme.
2023-07-09 17:48:19,853 - root - INFO - Reading image header(readHeader16E)...
2023-07-09 17:48:19,853 - root - INFO - Image header was read:
2023-07-09 17:48:19,853 - root - INFO - Width: 60, Height: 16, RowLength: 120
2023-07-09 17:48:19,853 - root - INFO - datalength: 1482, _step: 2
2023-07-09 17:48:19,853 - root - INFO - BPP: 16, Transparency: False
2023-07-09 17:48:19,853 - root - INFO - Resource 59 offset: 530858, length: 1348...
2023-07-09 17:48:19,853 - root - DEBUG - Reading resource 59...
2023-07-09 17:48:19,853 - root - INFO - The image is bme.
2023-07-09 17:48:19,853 - root - INFO - Reading image header(readHeader16E)...
2023-07-09 17:48:19,853 - root - INFO - Image header was read:
2023-07-09 17:48:19,853 - root - INFO - Width: 60, Height: 16, RowLength: 120
2023-07-09 17:48:19,853 - root - INFO - datalength: 1332, _step: 2
2023-07-09 17:48:19,869 - root - INFO - BPP: 16, Transparency: False
2023-07-09 17:48:19,869 - root - INFO - Resource 60 offset: 532206, length: 1362...
2023-07-09 17:48:19,869 - root - DEBUG - Reading resource 60...
2023-07-09 17:48:19,869 - root - INFO - The image is bme.
2023-07-09 17:48:19,869 - root - INFO - Reading image header(readHeader16E)...
2023-07-09 17:48:19,869 - root - INFO - Image header was read:
2023-07-09 17:48:19,869 - root - INFO - Width: 60, Height: 16, RowLength: 120
2023-07-09 17:48:19,869 - root - INFO - datalength: 1346, _step: 2
2023-07-09 17:48:19,869 - root - INFO - BPP: 16, Transparency: False
2023-07-09 17:48:19,869 - root - INFO - Resource 61 offset: 533568, length: 1398...
2023-07-09 17:48:19,869 - root - DEBUG - Reading resource 61...
2023-07-09 17:48:19,869 - root - INFO - The image is bme.
2023-07-09 17:48:19,869 - root - INFO - Reading image header(readHeader16E)...
2023-07-09 17:48:19,869 - root - INFO - Image header was read:
2023-07-09 17:48:19,869 - root - INFO - Width: 60, Height: 16, RowLength: 120
2023-07-09 17:48:19,869 - root - INFO - datalength: 1382, _step: 2
2023-07-09 17:48:19,869 - root - INFO - BPP: 16, Transparency: False
2023-07-09 17:48:19,869 - root - INFO - Resource 62 offset: 534966, length: 628...
2023-07-09 17:48:19,869 - root - DEBUG - Reading resource 62...
2023-07-09 17:48:19,869 - root - INFO - The image is bme.
2023-07-09 17:48:19,869 - root - INFO - Reading image header(readHeader16E)...
2023-07-09 17:48:19,869 - root - INFO - Image header was read:
2023-07-09 17:48:19,869 - root - INFO - Width: 50, Height: 16, RowLength: 100
2023-07-09 17:48:19,869 - root - INFO - datalength: 612, _step: 2
2023-07-09 17:48:19,869 - root - INFO - BPP: 16, Transparency: False
2023-07-09 17:48:19,869 - root - INFO - Resource 63 offset: 535594, length: 664...
2023-07-09 17:48:19,869 - root - DEBUG - Reading resource 63...
2023-07-09 17:48:19,869 - root - INFO - The image is bme.
2023-07-09 17:48:19,869 - root - INFO - Reading image header(readHeader16E)...
2023-07-09 17:48:19,869 - root - INFO - Image header was read:
2023-07-09 17:48:19,869 - root - INFO - Width: 50, Height: 16, RowLength: 100
2023-07-09 17:48:19,869 - root - INFO - datalength: 648, _step: 2
2023-07-09 17:48:19,869 - root - INFO - BPP: 16, Transparency: False
2023-07-09 17:48:19,884 - root - INFO - Resource 64 offset: 536258, length: 612...
2023-07-09 17:48:19,884 - root - DEBUG - Reading resource 64...
2023-07-09 17:48:19,884 - root - INFO - The image is bme.
2023-07-09 17:48:19,884 - root - INFO - Reading image header(readHeader16E)...
2023-07-09 17:48:19,884 - root - INFO - Image header was read:
2023-07-09 17:48:19,884 - root - INFO - Width: 50, Height: 16, RowLength: 100
2023-07-09 17:48:19,884 - root - INFO - datalength: 596, _step: 2
2023-07-09 17:48:19,884 - root - INFO - BPP: 16, Transparency: False
2023-07-09 17:48:19,884 - root - INFO - Resource 65 offset: 536870, length: 614...
2023-07-09 17:48:19,884 - root - DEBUG - Reading resource 65...
2023-07-09 17:48:19,884 - root - INFO - The image is bme.
2023-07-09 17:48:19,884 - root - INFO - Reading image header(readHeader16E)...
2023-07-09 17:48:19,884 - root - INFO - Image header was read:
2023-07-09 17:48:19,884 - root - INFO - Width: 50, Height: 16, RowLength: 100
2023-07-09 17:48:19,884 - root - INFO - datalength: 598, _step: 2
2023-07-09 17:48:19,884 - root - INFO - BPP: 16, Transparency: False
2023-07-09 17:48:19,884 - root - DEBUG - Parsing parameters...
2023-07-09 17:48:19,994 - root - DEBUG - 0 Value: None
2023-07-09 17:48:19,994 - root - DEBUG - 0.1 Value: 71
2023-07-09 17:48:19,994 - root - DEBUG - 2 Value: None
2023-07-09 17:48:19,994 - root - DEBUG - 2.1 Value: None
2023-07-09 17:48:19,994 - root - DEBUG - 2.1.1 Value: 0
2023-07-09 17:48:19,994 - root - DEBUG - 2.1.2 Value: 0
2023-07-09 17:48:19,994 - root - DEBUG - 2.1.3 Value: 2
2023-07-09 17:48:19,994 - root - DEBUG - 2.3 Value: None
2023-07-09 17:48:19,994 - root - DEBUG - 2.3.1 Value: 0
2023-07-09 17:48:19,994 - root - DEBUG - 2.3.2 Value: 0
2023-07-09 17:48:19,994 - root - DEBUG - 2.3.3 Value: 0
2023-07-09 17:48:19,994 - root - DEBUG - 2.4 Value: None
2023-07-09 17:48:19,994 - root - DEBUG - 2.4.1 Value: 0
2023-07-09 17:48:19,994 - root - DEBUG - 2.4.2 Value: 0
2023-07-09 17:48:19,994 - root - DEBUG - 2.4.3 Value: 1
2023-07-09 17:48:19,994 - root - DEBUG - 2.5 Value: None
2023-07-09 17:48:19,994 - root - DEBUG - 2.5.1 Value: 0
2023-07-09 17:48:19,994 - root - DEBUG - 2.5.2 Value: 0
2023-07-09 17:48:19,994 - root - DEBUG - 2.5.3 Value: 1
2023-07-09 17:48:19,994 - root - DEBUG - 2.6 Value: None
2023-07-09 17:48:19,994 - root - DEBUG - 2.6.1 Value: 0
2023-07-09 17:48:19,994 - root - DEBUG - 2.6.2 Value: 0
2023-07-09 17:48:19,994 - root - DEBUG - 2.6.3 Value: 3
2023-07-09 17:48:19,994 - root - DEBUG - 3 Value: None
2023-07-09 17:48:19,994 - root - DEBUG - 3.1 Value: None
2023-07-09 17:48:19,994 - root - DEBUG - 3.1.1 Value: None
2023-07-09 17:48:19,994 - root - DEBUG - 3.1.1.1 Value: None
2023-07-09 17:48:19,994 - root - DEBUG - 3.1.1.1.1 Value: 34
2023-07-09 17:48:19,994 - root - DEBUG - 3.1.1.1.2 Value: 37
2023-07-09 17:48:19,994 - root - DEBUG - 3.1.1.1.3 Value: 4
2023-07-09 17:48:19,994 - root - DEBUG - 3.1.1.1.4 Value: 10
2023-07-09 17:48:19,994 - root - DEBUG - 3.1.1.2 Value: None
2023-07-09 17:48:19,994 - root - DEBUG - 3.1.1.2.1 Value: 94
2023-07-09 17:48:19,994 - root - DEBUG - 3.1.1.2.2 Value: 37
2023-07-09 17:48:19,994 - root - DEBUG - 3.1.1.2.3 Value: 4
2023-07-09 17:48:19,994 - root - DEBUG - 3.1.1.2.4 Value: 10
2023-07-09 17:48:19,994 - root - DEBUG - 3.1.2 Value: None
2023-07-09 17:48:19,994 - root - DEBUG - 3.1.2.1 Value: None
2023-07-09 17:48:19,994 - root - DEBUG - 3.1.2.1.1 Value: 94
2023-07-09 17:48:19,994 - root - DEBUG - 3.1.2.1.2 Value: 158
2023-07-09 17:48:19,994 - root - DEBUG - 3.1.2.1.3 Value: 4
2023-07-09 17:48:19,994 - root - DEBUG - 3.1.2.1.4 Value: 10
2023-07-09 17:48:19,994 - root - DEBUG - 3.1.2.2 Value: None
2023-07-09 17:48:19,994 - root - DEBUG - 3.1.2.2.1 Value: 154
2023-07-09 17:48:19,994 - root - DEBUG - 3.1.2.2.2 Value: 158
2023-07-09 17:48:19,994 - root - DEBUG - 3.1.2.2.3 Value: 4
2023-07-09 17:48:19,994 - root - DEBUG - 3.1.2.2.4 Value: 10
2023-07-09 17:48:19,994 - root - DEBUG - 3.1.7 Value: 0
2023-07-09 17:48:19,994 - root - DEBUG - 3.1.8 Value: 1
2023-07-09 17:48:19,994 - root - DEBUG - 5 Value: None
2023-07-09 17:48:19,994 - root - DEBUG - 5.1 Value: None
2023-07-09 17:48:19,994 - root - DEBUG - 5.1.9 Value: None
2023-07-09 17:48:19,994 - root - DEBUG - 5.1.9.3 Value: None
2023-07-09 17:48:19,994 - root - DEBUG - 5.1.9.3.1 Value: 76
2023-07-09 17:48:19,994 - root - DEBUG - 5.1.9.3.2 Value: 129
2023-07-09 17:48:19,994 - root - DEBUG - 5.1.9.3.3 Value: 98
2023-07-09 17:48:19,994 - root - DEBUG - 5.1.9.3.4 Value: 145
2023-07-09 17:48:19,994 - root - DEBUG - 5.1.9.3.5 Value: 18
2023-07-09 17:48:19,994 - root - DEBUG - 5.1.9.3.6 Value: 0
2023-07-09 17:48:20,009 - root - DEBUG - 5.1.9.3.7 Value: 0
2023-07-09 17:48:20,009 - root - DEBUG - 5.1.9.3.8 Value: 14
2023-07-09 17:48:20,009 - root - DEBUG - 5.1.9.3.9 Value: 10
2023-07-09 17:48:20,009 - root - DEBUG - 5.1.9.4 Value: 0
2023-07-09 17:48:20,009 - root - DEBUG - 5.1.9.5 Value: 0
2023-07-09 17:48:20,009 - root - DEBUG - 5.1.9.6 Value: None
2023-07-09 17:48:20,009 - root - DEBUG - 5.1.9.6.1 Value: 14
2023-07-09 17:48:20,009 - root - DEBUG - 5.1.9.6.2 Value: 129
2023-07-09 17:48:20,009 - root - DEBUG - 5.1.9.6.3 Value: 24
2023-07-09 17:48:20,009 - root - DEBUG - 5.1.9.6.4 Value: 12
2023-07-09 17:48:20,009 - root - DEBUG - 5.1.9.7 Value: None
2023-07-09 17:48:20,009 - root - DEBUG - 5.1.9.7.1 Value: 14
2023-07-09 17:48:20,009 - root - DEBUG - 5.1.9.7.2 Value: 129
2023-07-09 17:48:20,009 - root - DEBUG - 5.1.9.7.3 Value: 36
2023-07-09 17:48:20,009 - root - DEBUG - 5.1.9.7.4 Value: 12
2023-07-09 17:48:20,009 - root - DEBUG - 5.1.4 Value: 1
2023-07-09 17:48:20,009 - root - DEBUG - 5.1.5 Value: 1
2023-07-09 17:48:20,009 - root - DEBUG - 5.1.6 Value: 0
2023-07-09 17:48:20,009 - root - DEBUG - 5.2 Value: None
2023-07-09 17:48:20,009 - root - DEBUG - 5.2.1 Value: 167
2023-07-09 17:48:20,009 - root - DEBUG - 5.2.2 Value: 68
2023-07-09 17:48:20,009 - root - DEBUG - 5.2.3 Value: 62
2023-07-09 17:48:20,009 - root - DEBUG - 5.2.4 Value: 63
2023-07-09 17:48:20,009 - root - DEBUG - 5.2.5 Value: 64
2023-07-09 17:48:20,009 - root - DEBUG - 5.2.6 Value: 65
2023-07-09 17:48:20,009 - root - DEBUG - 5.4 Value: None
2023-07-09 17:48:20,009 - root - DEBUG - 5.4.1 Value: 137
2023-07-09 17:48:20,009 - root - DEBUG - 5.4.2 Value: 129
2023-07-09 17:48:20,009 - root - DEBUG - 5.4.3 Value: 48
2023-07-09 17:48:20,009 - root - DEBUG - 5.4.4 Value: 7
2023-07-09 17:48:20,009 - root - DEBUG - 5.5 Value: None
2023-07-09 17:48:20,009 - root - DEBUG - 5.5.1 Value: 137
2023-07-09 17:48:20,009 - root - DEBUG - 5.5.2 Value: 129
2023-07-09 17:48:20,009 - root - DEBUG - 5.5.3 Value: 55
2023-07-09 17:48:20,009 - root - DEBUG - 5.5.4 Value: 7
2023-07-09 17:48:20,009 - root - DEBUG - 5.6 Value: None
2023-07-09 17:48:20,009 - root - DEBUG - 5.6.1 Value: 137
2023-07-09 17:48:20,009 - root - DEBUG - 5.6.2 Value: 129
2023-07-09 17:48:20,009 - root - DEBUG - 5.6.3 Value: 55
2023-07-09 17:48:20,009 - root - DEBUG - 5.6.4 Value: 7
2023-07-09 17:48:20,009 - root - DEBUG - 0-Info
2023-07-09 17:48:20,009 - root - DEBUG - 0.1-DeviceId
2023-07-09 17:48:20,009 - root - DEBUG - 2-Background
2023-07-09 17:48:20,009 - root - DEBUG - 2.1-Image
2023-07-09 17:48:20,009 - root - DEBUG - 2.1.1-X
2023-07-09 17:48:20,009 - root - DEBUG - 2.1.2-Y
2023-07-09 17:48:20,009 - root - DEBUG - 2.1.3-ImageIndex
2023-07-09 17:48:20,009 - root - DEBUG - 2.3-Preview
2023-07-09 17:48:20,009 - root - DEBUG - 2.3.1-X
2023-07-09 17:48:20,009 - root - DEBUG - 2.3.2-Y
2023-07-09 17:48:20,009 - root - DEBUG - 2.3.3-ImageIndex
2023-07-09 17:48:20,009 - root - DEBUG - 2.4-PreviewTradChinese
2023-07-09 17:48:20,009 - root - DEBUG - 2.4.1-X
2023-07-09 17:48:20,009 - root - DEBUG - 2.4.2-Y
2023-07-09 17:48:20,009 - root - DEBUG - 2.4.3-ImageIndex
2023-07-09 17:48:20,009 - root - DEBUG - 2.5-PreviewChinese
2023-07-09 17:48:20,009 - root - DEBUG - 2.5.1-X
2023-07-09 17:48:20,009 - root - DEBUG - 2.5.2-Y
2023-07-09 17:48:20,009 - root - DEBUG - 2.5.3-ImageIndex
2023-07-09 17:48:20,009 - root - DEBUG - 2.6-FloatingLayer
2023-07-09 17:48:20,009 - root - DEBUG - 2.6.1-X
2023-07-09 17:48:20,009 - root - DEBUG - 2.6.2-Y
2023-07-09 17:48:20,009 - root - DEBUG - 2.6.3-ImageIndex
2023-07-09 17:48:20,009 - root - DEBUG - 3-TimeExtended
2023-07-09 17:48:20,009 - root - DEBUG - 3.1-TimeSeparateDigits
2023-07-09 17:48:20,009 - root - DEBUG - 3.1.1-Hours
2023-07-09 17:48:20,009 - root - DEBUG - 3.1.1.1-Tens
2023-07-09 17:48:20,009 - root - DEBUG - 3.1.1.1.1-X
2023-07-09 17:48:20,009 - root - DEBUG - 3.1.1.1.2-Y
2023-07-09 17:48:20,009 - root - DEBUG - 3.1.1.1.3-ImageIndex
2023-07-09 17:48:20,009 - root - DEBUG - 3.1.1.1.4-ImagesCount
2023-07-09 17:48:20,009 - root - DEBUG - 3.1.1.2-Ones
2023-07-09 17:48:20,009 - root - DEBUG - 3.1.1.2.1-X
2023-07-09 17:48:20,009 - root - DEBUG - 3.1.1.2.2-Y
2023-07-09 17:48:20,009 - root - DEBUG - 3.1.1.2.3-ImageIndex
2023-07-09 17:48:20,009 - root - DEBUG - 3.1.1.2.4-ImagesCount
2023-07-09 17:48:20,009 - root - DEBUG - 3.1.2-Minutes
2023-07-09 17:48:20,009 - root - DEBUG - 3.1.2.1-Tens
2023-07-09 17:48:20,009 - root - DEBUG - 3.1.2.1.1-X
2023-07-09 17:48:20,009 - root - DEBUG - 3.1.2.1.2-Y
2023-07-09 17:48:20,009 - root - DEBUG - 3.1.2.1.3-ImageIndex
2023-07-09 17:48:20,009 - root - DEBUG - 3.1.2.1.4-ImagesCount
2023-07-09 17:48:20,009 - root - DEBUG - 3.1.2.2-Ones
2023-07-09 17:48:20,009 - root - DEBUG - 3.1.2.2.1-X
2023-07-09 17:48:20,009 - root - DEBUG - 3.1.2.2.2-Y
2023-07-09 17:48:20,009 - root - DEBUG - 3.1.2.2.3-ImageIndex
2023-07-09 17:48:20,009 - root - DEBUG - 3.1.2.2.4-ImagesCount
2023-07-09 17:48:20,009 - root - DEBUG - 3.1.7-UnknowBoolean7
2023-07-09 17:48:20,009 - root - DEBUG - 3.1.8-PaddingZeroMinutes
2023-07-09 17:48:20,009 - root - DEBUG - 5-DateBlock
2023-07-09 17:48:20,009 - root - DEBUG - 5.1-Date
2023-07-09 17:48:20,009 - root - DEBUG - 5.1.9-YearMonthAndDay
2023-07-09 17:48:20,009 - root - DEBUG - 5.1.9.3-Day
2023-07-09 17:48:20,009 - root - DEBUG - 5.1.9.3.1-TopLeftX
2023-07-09 17:48:20,009 - root - DEBUG - 5.1.9.3.2-TopLeftY
2023-07-09 17:48:20,009 - root - DEBUG - 5.1.9.3.3-BottomRightX
2023-07-09 17:48:20,009 - root - DEBUG - 5.1.9.3.4-BottomRightY
2023-07-09 17:48:20,025 - root - DEBUG - 5.1.9.3.5-Alignment
2023-07-09 17:48:20,025 - root - DEBUG - 5.1.9.3.6-Spacing
2023-07-09 17:48:20,025 - root - DEBUG - 5.1.9.3.7-VerticalOffset
2023-07-09 17:48:20,025 - root - DEBUG - 5.1.9.3.8-ImageIndex
2023-07-09 17:48:20,025 - root - DEBUG - 5.1.9.3.9-ImagesCount
2023-07-09 17:48:20,025 - root - DEBUG - 5.1.9.4-MonthFollowsYear
2023-07-09 17:48:20,025 - root - DEBUG - 5.1.9.5-DayFollowsMonth
2023-07-09 17:48:20,025 - root - DEBUG - 5.1.9.6-MonthAsWord
2023-07-09 17:48:20,025 - root - DEBUG - 5.1.9.6.1-X
2023-07-09 17:48:20,025 - root - DEBUG - 5.1.9.6.2-Y
2023-07-09 17:48:20,025 - root - DEBUG - 5.1.9.6.3-ImageIndex
2023-07-09 17:48:20,025 - root - DEBUG - 5.1.9.6.4-ImagesCount
2023-07-09 17:48:20,025 - root - DEBUG - 5.1.9.7-MonthAsWordChinese
2023-07-09 17:48:20,025 - root - DEBUG - 5.1.9.7.1-X
2023-07-09 17:48:20,025 - root - DEBUG - 5.1.9.7.2-Y
2023-07-09 17:48:20,025 - root - DEBUG - 5.1.9.7.3-ImageIndex
2023-07-09 17:48:20,025 - root - DEBUG - 5.1.9.7.4-ImagesCount
2023-07-09 17:48:20,025 - root - DEBUG - 5.1.4-PaddingZeroMonth
2023-07-09 17:48:20,025 - root - DEBUG - 5.1.5-PaddingZeroDay
2023-07-09 17:48:20,025 - root - DEBUG - 5.1.6-UnknownBoolean6
2023-07-09 17:48:20,025 - root - DEBUG - 5.2-AmPm
2023-07-09 17:48:20,025 - root - DEBUG - 5.2.1-CommonX
2023-07-09 17:48:20,025 - root - DEBUG - 5.2.2-CommonY
2023-07-09 17:48:20,025 - root - DEBUG - 5.2.3-ImageIndexAMCN
2023-07-09 17:48:20,025 - root - DEBUG - 5.2.4-ImageIndexPMCN
2023-07-09 17:48:20,025 - root - DEBUG - 5.2.5-AmImageIndexEN
2023-07-09 17:48:20,025 - root - DEBUG - 5.2.6-PmImageIndexEN
2023-07-09 17:48:20,025 - root - DEBUG - 5.4-Weekday
2023-07-09 17:48:20,025 - root - DEBUG - 5.4.1-X
2023-07-09 17:48:20,025 - root - DEBUG - 5.4.2-Y
2023-07-09 17:48:20,025 - root - DEBUG - 5.4.3-ImageIndex
2023-07-09 17:48:20,025 - root - DEBUG - 5.4.4-ImagesCount
2023-07-09 17:48:20,025 - root - DEBUG - 5.5-WeekdayChinese
2023-07-09 17:48:20,025 - root - DEBUG - 5.5.1-X
2023-07-09 17:48:20,025 - root - DEBUG - 5.5.2-Y
2023-07-09 17:48:20,025 - root - DEBUG - 5.5.3-ImageIndex
2023-07-09 17:48:20,025 - root - DEBUG - 5.5.4-ImagesCount
2023-07-09 17:48:20,025 - root - DEBUG - 5.6-WeekdayTradChinese
2023-07-09 17:48:20,025 - root - DEBUG - 5.6.1-X
2023-07-09 17:48:20,025 - root - DEBUG - 5.6.2-Y
2023-07-09 17:48:20,025 - root - DEBUG - 5.6.3-ImageIndex
2023-07-09 17:48:20,025 - root - DEBUG - 5.6.4-ImagesCount
2023-07-09 17:48:20,025 - root - DEBUG - generatePreviews
2023-07-09 17:48:20,025 - root - DEBUG - Generating previews...
2023-07-09 17:48:20,025 - root - DEBUG - Generating states done...
2023-07-09 17:48:20,041 - root - DEBUG - >>>>>>>>>>>> 0 <watchFaceParser.models.parameter.Parameter object at 0x000002C81406CD00>
2023-07-09 17:48:20,041 - root - DEBUG - >>>>>>>>>>>> 2 <watchFaceParser.models.parameter.Parameter object at 0x000002C814069850>
2023-07-09 17:48:20,041 - root - DEBUG - >>>>>>>>>>>> 3 <watchFaceParser.models.parameter.Parameter object at 0x000002C814069520>
2023-07-09 17:48:20,056 - root - DEBUG - >>>>>>>>>>>> 5 <watchFaceParser.models.parameter.Parameter object at 0x000002C81406B610>
2023-07-09 17:48:20,088 - root - DEBUG - Generating static preview gen done...
2023-07-09 17:48:20,181 - root - DEBUG - Generating static preview save done...
2023-07-09 17:48:20,181 - root - DEBUG - Generating anim preview gen done...
2023-07-09 17:48:20,181 - root - DEBUG - >>>>>>>>>>>> 0 <watchFaceParser.models.parameter.Parameter object at 0x000002C81406CD00>
2023-07-09 17:48:20,181 - root - DEBUG - >>>>>>>>>>>> 2 <watchFaceParser.models.parameter.Parameter object at 0x000002C814069850>
2023-07-09 17:48:20,181 - root - DEBUG - >>>>>>>>>>>> 3 <watchFaceParser.models.parameter.Parameter object at 0x000002C814069520>
2023-07-09 17:48:20,181 - root - DEBUG - >>>>>>>>>>>> 5 <watchFaceParser.models.parameter.Parameter object at 0x000002C81406B610>
2023-07-09 17:48:20,306 - root - DEBUG - generatePreviews done
2023-07-09 17:48:20,306 - root - DEBUG - Exporting resources to 'E:\Codez\zepp-bip3-wf\56300303a0af0b2e6031962f01ae53c5'
2023-07-09 17:48:20,306 - root - DEBUG - extracting E:\Codez\zepp-bip3-wf\56300303a0af0b2e6031962f01ae53c5\0000.png...
2023-07-09 17:48:20,322 - root - DEBUG - extracting E:\Codez\zepp-bip3-wf\56300303a0af0b2e6031962f01ae53c5\0001.png...
2023-07-09 17:48:20,338 - root - DEBUG - extracting E:\Codez\zepp-bip3-wf\56300303a0af0b2e6031962f01ae53c5\0002.png...
2023-07-09 17:48:20,384 - root - DEBUG - extracting E:\Codez\zepp-bip3-wf\56300303a0af0b2e6031962f01ae53c5\0003.png...
2023-07-09 17:48:20,400 - root - DEBUG - extracting E:\Codez\zepp-bip3-wf\56300303a0af0b2e6031962f01ae53c5\0004.png...
2023-07-09 17:48:20,400 - root - DEBUG - extracting E:\Codez\zepp-bip3-wf\56300303a0af0b2e6031962f01ae53c5\0005.png...
2023-07-09 17:48:20,400 - root - DEBUG - extracting E:\Codez\zepp-bip3-wf\56300303a0af0b2e6031962f01ae53c5\0006.png...
2023-07-09 17:48:20,400 - root - DEBUG - extracting E:\Codez\zepp-bip3-wf\56300303a0af0b2e6031962f01ae53c5\0007.png...
2023-07-09 17:48:20,416 - root - DEBUG - extracting E:\Codez\zepp-bip3-wf\56300303a0af0b2e6031962f01ae53c5\0008.png...
2023-07-09 17:48:20,416 - root - DEBUG - extracting E:\Codez\zepp-bip3-wf\56300303a0af0b2e6031962f01ae53c5\0009.png...
2023-07-09 17:48:20,416 - root - DEBUG - extracting E:\Codez\zepp-bip3-wf\56300303a0af0b2e6031962f01ae53c5\0010.png...
2023-07-09 17:48:20,416 - root - DEBUG - extracting E:\Codez\zepp-bip3-wf\56300303a0af0b2e6031962f01ae53c5\0011.png...
2023-07-09 17:48:20,416 - root - DEBUG - extracting E:\Codez\zepp-bip3-wf\56300303a0af0b2e6031962f01ae53c5\0012.png...
2023-07-09 17:48:20,416 - root - DEBUG - extracting E:\Codez\zepp-bip3-wf\56300303a0af0b2e6031962f01ae53c5\0013.png...
2023-07-09 17:48:20,431 - root - DEBUG - extracting E:\Codez\zepp-bip3-wf\56300303a0af0b2e6031962f01ae53c5\0014.png...
2023-07-09 17:48:20,431 - root - DEBUG - extracting E:\Codez\zepp-bip3-wf\56300303a0af0b2e6031962f01ae53c5\0015.png...
2023-07-09 17:48:20,431 - root - DEBUG - extracting E:\Codez\zepp-bip3-wf\56300303a0af0b2e6031962f01ae53c5\0016.png...
2023-07-09 17:48:20,431 - root - DEBUG - extracting E:\Codez\zepp-bip3-wf\56300303a0af0b2e6031962f01ae53c5\0017.png...
2023-07-09 17:48:20,431 - root - DEBUG - extracting E:\Codez\zepp-bip3-wf\56300303a0af0b2e6031962f01ae53c5\0018.png...
2023-07-09 17:48:20,431 - root - DEBUG - extracting E:\Codez\zepp-bip3-wf\56300303a0af0b2e6031962f01ae53c5\0019.png...
2023-07-09 17:48:20,431 - root - DEBUG - extracting E:\Codez\zepp-bip3-wf\56300303a0af0b2e6031962f01ae53c5\0020.png...
2023-07-09 17:48:20,431 - root - DEBUG - extracting E:\Codez\zepp-bip3-wf\56300303a0af0b2e6031962f01ae53c5\0021.png...
2023-07-09 17:48:20,431 - root - DEBUG - extracting E:\Codez\zepp-bip3-wf\56300303a0af0b2e6031962f01ae53c5\0022.png...
2023-07-09 17:48:20,431 - root - DEBUG - extracting E:\Codez\zepp-bip3-wf\56300303a0af0b2e6031962f01ae53c5\0023.png...
2023-07-09 17:48:20,431 - root - DEBUG - extracting E:\Codez\zepp-bip3-wf\56300303a0af0b2e6031962f01ae53c5\0024.png...
2023-07-09 17:48:20,431 - root - DEBUG - extracting E:\Codez\zepp-bip3-wf\56300303a0af0b2e6031962f01ae53c5\0025.png...
2023-07-09 17:48:20,431 - root - DEBUG - extracting E:\Codez\zepp-bip3-wf\56300303a0af0b2e6031962f01ae53c5\0026.png...
2023-07-09 17:48:20,447 - root - DEBUG - extracting E:\Codez\zepp-bip3-wf\56300303a0af0b2e6031962f01ae53c5\0027.png...
2023-07-09 17:48:20,447 - root - DEBUG - extracting E:\Codez\zepp-bip3-wf\56300303a0af0b2e6031962f01ae53c5\0028.png...
2023-07-09 17:48:20,447 - root - DEBUG - extracting E:\Codez\zepp-bip3-wf\56300303a0af0b2e6031962f01ae53c5\0029.png...
2023-07-09 17:48:20,447 - root - DEBUG - extracting E:\Codez\zepp-bip3-wf\56300303a0af0b2e6031962f01ae53c5\0030.png...
2023-07-09 17:48:20,447 - root - DEBUG - extracting E:\Codez\zepp-bip3-wf\56300303a0af0b2e6031962f01ae53c5\0031.png...
2023-07-09 17:48:20,447 - root - DEBUG - extracting E:\Codez\zepp-bip3-wf\56300303a0af0b2e6031962f01ae53c5\0032.png...
2023-07-09 17:48:20,447 - root - DEBUG - extracting E:\Codez\zepp-bip3-wf\56300303a0af0b2e6031962f01ae53c5\0033.png...
2023-07-09 17:48:20,447 - root - DEBUG - extracting E:\Codez\zepp-bip3-wf\56300303a0af0b2e6031962f01ae53c5\0034.png...
2023-07-09 17:48:20,447 - root - DEBUG - extracting E:\Codez\zepp-bip3-wf\56300303a0af0b2e6031962f01ae53c5\0035.png...
2023-07-09 17:48:20,447 - root - DEBUG - extracting E:\Codez\zepp-bip3-wf\56300303a0af0b2e6031962f01ae53c5\0036.png...
2023-07-09 17:48:20,447 - root - DEBUG - extracting E:\Codez\zepp-bip3-wf\56300303a0af0b2e6031962f01ae53c5\0037.png...
2023-07-09 17:48:20,447 - root - DEBUG - extracting E:\Codez\zepp-bip3-wf\56300303a0af0b2e6031962f01ae53c5\0038.png...
2023-07-09 17:48:20,463 - root - DEBUG - extracting E:\Codez\zepp-bip3-wf\56300303a0af0b2e6031962f01ae53c5\0039.png...
2023-07-09 17:48:20,463 - root - DEBUG - extracting E:\Codez\zepp-bip3-wf\56300303a0af0b2e6031962f01ae53c5\0040.png...
2023-07-09 17:48:20,463 - root - DEBUG - extracting E:\Codez\zepp-bip3-wf\56300303a0af0b2e6031962f01ae53c5\0041.png...
2023-07-09 17:48:20,463 - root - DEBUG - extracting E:\Codez\zepp-bip3-wf\56300303a0af0b2e6031962f01ae53c5\0042.png...
2023-07-09 17:48:20,463 - root - DEBUG - extracting E:\Codez\zepp-bip3-wf\56300303a0af0b2e6031962f01ae53c5\0043.png...
2023-07-09 17:48:20,463 - root - DEBUG - extracting E:\Codez\zepp-bip3-wf\56300303a0af0b2e6031962f01ae53c5\0044.png...
2023-07-09 17:48:20,463 - root - DEBUG - extracting E:\Codez\zepp-bip3-wf\56300303a0af0b2e6031962f01ae53c5\0045.png...
2023-07-09 17:48:20,463 - root - DEBUG - extracting E:\Codez\zepp-bip3-wf\56300303a0af0b2e6031962f01ae53c5\0046.png...
2023-07-09 17:48:20,463 - root - DEBUG - extracting E:\Codez\zepp-bip3-wf\56300303a0af0b2e6031962f01ae53c5\0047.png...
2023-07-09 17:48:20,463 - root - DEBUG - extracting E:\Codez\zepp-bip3-wf\56300303a0af0b2e6031962f01ae53c5\0048.png...
2023-07-09 17:48:20,463 - root - DEBUG - extracting E:\Codez\zepp-bip3-wf\56300303a0af0b2e6031962f01ae53c5\0049.png...
2023-07-09 17:48:20,463 - root - DEBUG - extracting E:\Codez\zepp-bip3-wf\56300303a0af0b2e6031962f01ae53c5\0050.png...
2023-07-09 17:48:20,463 - root - DEBUG - extracting E:\Codez\zepp-bip3-wf\56300303a0af0b2e6031962f01ae53c5\0051.png...
2023-07-09 17:48:20,478 - root - DEBUG - extracting E:\Codez\zepp-bip3-wf\56300303a0af0b2e6031962f01ae53c5\0052.png...
2023-07-09 17:48:20,478 - root - DEBUG - extracting E:\Codez\zepp-bip3-wf\56300303a0af0b2e6031962f01ae53c5\0053.png...
2023-07-09 17:48:20,478 - root - DEBUG - extracting E:\Codez\zepp-bip3-wf\56300303a0af0b2e6031962f01ae53c5\0054.png...
2023-07-09 17:48:20,478 - root - DEBUG - extracting E:\Codez\zepp-bip3-wf\56300303a0af0b2e6031962f01ae53c5\0055.png...
2023-07-09 17:48:20,478 - root - DEBUG - extracting E:\Codez\zepp-bip3-wf\56300303a0af0b2e6031962f01ae53c5\0056.png...
2023-07-09 17:48:20,478 - root - DEBUG - extracting E:\Codez\zepp-bip3-wf\56300303a0af0b2e6031962f01ae53c5\0057.png...
2023-07-09 17:48:20,478 - root - DEBUG - extracting E:\Codez\zepp-bip3-wf\56300303a0af0b2e6031962f01ae53c5\0058.png...
2023-07-09 17:48:20,478 - root - DEBUG - extracting E:\Codez\zepp-bip3-wf\56300303a0af0b2e6031962f01ae53c5\0059.png...
2023-07-09 17:48:20,478 - root - DEBUG - extracting E:\Codez\zepp-bip3-wf\56300303a0af0b2e6031962f01ae53c5\0060.png...
2023-07-09 17:48:20,478 - root - DEBUG - extracting E:\Codez\zepp-bip3-wf\56300303a0af0b2e6031962f01ae53c5\0061.png...
2023-07-09 17:48:20,478 - root - DEBUG - extracting E:\Codez\zepp-bip3-wf\56300303a0af0b2e6031962f01ae53c5\0062.png...
2023-07-09 17:48:20,478 - root - DEBUG - extracting E:\Codez\zepp-bip3-wf\56300303a0af0b2e6031962f01ae53c5\0063.png...
2023-07-09 17:48:20,494 - root - DEBUG - extracting E:\Codez\zepp-bip3-wf\56300303a0af0b2e6031962f01ae53c5\0064.png...
2023-07-09 17:48:20,494 - root - DEBUG - extracting E:\Codez\zepp-bip3-wf\56300303a0af0b2e6031962f01ae53c5\0065.png...
2023-07-09 17:48:20,494 - root - DEBUG - Exporting config...
