2023-07-09 17:48:45,930 - root - DEBUG - Opening watch face 'E:\Codez\zepp-bip3-wf\947282340d3fe935e9a2cba9bea72b76.bin'
2023-07-09 17:48:45,945 - root - DEBUG - Reading parameters...
2023-07-09 17:48:45,945 - root - INFO - Reading header...
2023-07-09 17:48:45,945 - root - INFO - Header was read:
2023-07-09 17:48:45,945 - root - INFO - Signature: b'UIHH\x01\x00\xff', Unknown: 68, ParametersSize: 25, isValid: True, deviceId: 71
2023-07-09 17:48:45,945 - root - INFO - Reading parameter offsets...
2023-07-09 17:48:45,945 - root - INFO - Parameter offsets were read from file
2023-07-09 17:48:45,945 - root - INFO - Reading parameters descriptor...
2023-07-09 17:48:45,945 - root - INFO - 1 ( A): 5 bytes
2023-07-09 17:48:45,945 - root - INFO -     1 ( 8): 136 88
2023-07-09 17:48:45,945 - root - INFO -     2 (10): 51 33
2023-07-09 17:48:45,945 - root - INFO - getParameters descriptor was read:
2023-07-09 17:48:45,945 - root - INFO - ParametersTableLength: 136, ImagesCount: 51
2023-07-09 17:48:45,945 - root - INFO - Reading parameters locations...
2023-07-09 17:48:45,945 - root - INFO - 2 (12): 4 bytes
2023-07-09 17:48:45,945 - root - INFO -     1 ( 8): 0  0
2023-07-09 17:48:45,945 - root - INFO -     2 (10): 16 10
2023-07-09 17:48:45,945 - root - INFO - 3 (1A): 4 bytes
2023-07-09 17:48:45,945 - root - INFO -     1 ( 8): 16 10
2023-07-09 17:48:45,945 - root - INFO -     2 (10): 52 34
2023-07-09 17:48:45,945 - root - INFO - 5 (2A): 4 bytes
2023-07-09 17:48:45,945 - root - INFO -     1 ( 8): 68 44
2023-07-09 17:48:45,945 - root - INFO -     2 (10): 68 44
2023-07-09 17:48:45,945 - root - INFO - Watch face parameters locations were read:
2023-07-09 17:48:45,945 - root - INFO - Reading descriptor for parameter 2
2023-07-09 17:48:45,945 - root - INFO - Descriptor offset: 0, Descriptor length: 16
2023-07-09 17:48:45,945 - root - INFO - Parsing descriptor for parameter 2...
2023-07-09 17:48:45,945 - root - INFO - 1 ( A): 6 bytes
2023-07-09 17:48:45,945 - root - INFO -     1 ( 8): 0  0
2023-07-09 17:48:45,945 - root - INFO -     2 (10): 0  0
2023-07-09 17:48:45,945 - root - INFO -     3 (18): 1  1
2023-07-09 17:48:45,945 - root - INFO - 3 (1A): 6 bytes
2023-07-09 17:48:45,945 - root - INFO -     1 ( 8): 0  0
2023-07-09 17:48:45,945 - root - INFO -     2 (10): 0  0
2023-07-09 17:48:45,945 - root - INFO -     3 (18): 0  0
2023-07-09 17:48:45,945 - root - INFO - Reading descriptor for parameter 3
2023-07-09 17:48:45,945 - root - INFO - Descriptor offset: 16, Descriptor length: 52
2023-07-09 17:48:45,945 - root - INFO - Parsing descriptor for parameter 3...
2023-07-09 17:48:45,945 - root - INFO - 1 ( A): 50 bytes
2023-07-09 17:48:45,945 - root - INFO -     1 ( A): 20 bytes
2023-07-09 17:48:45,945 - root - INFO -         1 ( A): 8 bytes
2023-07-09 17:48:45,945 - root - INFO -             1 ( 8): 26 1A
2023-07-09 17:48:45,945 - root - INFO -             2 (10): 9  9
2023-07-09 17:48:45,945 - root - INFO -             3 (18): 2  2
2023-07-09 17:48:45,945 - root - INFO -             4 (20): 10  A
2023-07-09 17:48:45,945 - root - INFO -         2 (12): 8 bytes
2023-07-09 17:48:45,945 - root - INFO -             1 ( 8): 120 78
2023-07-09 17:48:45,945 - root - INFO -             2 (10): 9  9
2023-07-09 17:48:45,945 - root - INFO -             3 (18): 2  2
2023-07-09 17:48:45,945 - root - INFO -             4 (20): 10  A
2023-07-09 17:48:45,945 - root - INFO -     2 (12): 22 bytes
2023-07-09 17:48:45,945 - root - INFO -         1 ( A): 9 bytes
2023-07-09 17:48:45,945 - root - INFO -             1 ( 8): 26 1A
2023-07-09 17:48:45,945 - root - INFO -             2 (10): 156 9C
2023-07-09 17:48:45,961 - root - INFO -             3 (18): 12  C
2023-07-09 17:48:45,961 - root - INFO -             4 (20): 10  A
2023-07-09 17:48:45,961 - root - INFO -         2 (12): 9 bytes
2023-07-09 17:48:45,961 - root - INFO -             1 ( 8): 120 78
2023-07-09 17:48:45,961 - root - INFO -             2 (10): 156 9C
2023-07-09 17:48:45,961 - root - INFO -             3 (18): 12  C
2023-07-09 17:48:45,961 - root - INFO -             4 (20): 10  A
2023-07-09 17:48:45,961 - root - INFO -     7 (38): 0  0
2023-07-09 17:48:45,961 - root - INFO -     8 (40): 1  1
2023-07-09 17:48:45,961 - root - INFO - Reading descriptor for parameter 5
2023-07-09 17:48:45,961 - root - INFO - Descriptor offset: 68, Descriptor length: 68
2023-07-09 17:48:45,961 - root - INFO - Parsing descriptor for parameter 5...
2023-07-09 17:48:45,961 - root - INFO - 1 ( A): 56 bytes
2023-07-09 17:48:45,961 - root - INFO -     9 (4A): 48 bytes
2023-07-09 17:48:45,961 - root - INFO -         3 (1A): 20 bytes
2023-07-09 17:48:45,961 - root - INFO -             1 ( 8): 103 67
2023-07-09 17:48:45,961 - root - INFO -             2 (10): 127 7F
2023-07-09 17:48:45,961 - root - INFO -             3 (18): 139 8B
2023-07-09 17:48:45,961 - root - INFO -             4 (20): 153 99
2023-07-09 17:48:45,961 - root - INFO -             5 (28): 18 12
2023-07-09 17:48:45,961 - root - INFO -             6 (30): 0  0
2023-07-09 17:48:45,961 - root - INFO -             7 (38): 0  0
2023-07-09 17:48:45,961 - root - INFO -             8 (40): 22 16
2023-07-09 17:48:45,961 - root - INFO -             9 (48): 10  A
2023-07-09 17:48:45,961 - root - INFO -         4 (20): 0  0
2023-07-09 17:48:45,961 - root - INFO -         5 (28): 0  0
2023-07-09 17:48:45,961 - root - INFO -         6 (32): 9 bytes
2023-07-09 17:48:45,961 - root - INFO -             1 ( 8): 154 9A
2023-07-09 17:48:45,961 - root - INFO -             2 (10): 127 7F
2023-07-09 17:48:45,961 - root - INFO -             3 (18): 32 20
2023-07-09 17:48:45,961 - root - INFO -             4 (20): 12  C
2023-07-09 17:48:45,961 - root - INFO -         7 (3A): 9 bytes
2023-07-09 17:48:45,961 - root - INFO -             1 ( 8): 154 9A
2023-07-09 17:48:45,961 - root - INFO -             2 (10): 127 7F
2023-07-09 17:48:45,961 - root - INFO -             3 (18): 32 20
2023-07-09 17:48:45,961 - root - INFO -             4 (20): 12  C
2023-07-09 17:48:45,961 - root - INFO -     4 (20): 1  1
2023-07-09 17:48:45,961 - root - INFO -     5 (28): 1  1
2023-07-09 17:48:45,961 - root - INFO -     6 (30): 0  0
2023-07-09 17:48:45,961 - root - INFO - 4 (22): 8 bytes
2023-07-09 17:48:45,961 - root - INFO -     1 ( 8): 17 11
2023-07-09 17:48:45,961 - root - INFO -     2 (10): 127 7F
2023-07-09 17:48:45,961 - root - INFO -     3 (18): 44 2C
2023-07-09 17:48:45,961 - root - INFO -     4 (20): 7  7
2023-07-09 17:48:45,961 - root - INFO - Reading resources offsets table with 51 elements (204 bytes)
2023-07-09 17:48:45,961 - root - INFO - Resource 0 offset: 452, length: 51224...
2023-07-09 17:48:45,961 - root - DEBUG - Reading resource 0...
2023-07-09 17:48:46,039 - root - INFO - The image is bmc.
2023-07-09 17:48:46,039 - root - INFO - Reading image header(readHeader16C)...
2023-07-09 17:48:46,039 - root - INFO - Image header was read:
2023-07-09 17:48:46,039 - root - INFO - Width: 148, Height: 173, RowLength: 296
2023-07-09 17:48:46,039 - root - INFO - _step: 2, unknown2: 0,
2023-07-09 17:48:46,039 - root - INFO - BPP: 16, Transparency: False
2023-07-09 17:48:46,195 - root - INFO - Resource 1 offset: 51676, length: 134416...
2023-07-09 17:48:46,195 - root - DEBUG - Reading resource 1...
2023-07-09 17:48:46,195 - root - INFO - The image is bmc.
2023-07-09 17:48:46,195 - root - INFO - Reading image header(readHeader16C)...
2023-07-09 17:48:46,195 - root - INFO - Image header was read:
2023-07-09 17:48:46,195 - root - INFO - Width: 240, Height: 280, RowLength: 480
2023-07-09 17:48:46,195 - root - INFO - _step: 2, unknown2: 0,
2023-07-09 17:48:46,195 - root - INFO - BPP: 16, Transparency: False
2023-07-09 17:48:46,633 - root - INFO - Resource 2 offset: 186092, length: 15988...
2023-07-09 17:48:46,633 - root - DEBUG - Reading resource 2...
2023-07-09 17:48:46,633 - root - INFO - The image is bme.
2023-07-09 17:48:46,633 - root - INFO - Reading image header(readHeader16E)...
2023-07-09 17:48:46,633 - root - INFO - Image header was read:
2023-07-09 17:48:46,633 - root - INFO - Width: 94, Height: 116, RowLength: 188
2023-07-09 17:48:46,633 - root - INFO - datalength: 15972, _step: 2
2023-07-09 17:48:46,633 - root - INFO - BPP: 16, Transparency: False
2023-07-09 17:48:46,680 - root - INFO - Resource 3 offset: 202080, length: 8290...
2023-07-09 17:48:46,680 - root - DEBUG - Reading resource 3...
2023-07-09 17:48:46,680 - root - INFO - The image is bme.
2023-07-09 17:48:46,680 - root - INFO - Reading image header(readHeader16E)...
2023-07-09 17:48:46,680 - root - INFO - Image header was read:
2023-07-09 17:48:46,680 - root - INFO - Width: 94, Height: 116, RowLength: 188
2023-07-09 17:48:46,680 - root - INFO - datalength: 8274, _step: 2
2023-07-09 17:48:46,680 - root - INFO - BPP: 16, Transparency: False
2023-07-09 17:48:46,711 - root - INFO - Resource 4 offset: 210370, length: 12482...
2023-07-09 17:48:46,711 - root - DEBUG - Reading resource 4...
2023-07-09 17:48:46,711 - root - INFO - The image is bme.
2023-07-09 17:48:46,711 - root - INFO - Reading image header(readHeader16E)...
2023-07-09 17:48:46,711 - root - INFO - Image header was read:
2023-07-09 17:48:46,711 - root - INFO - Width: 94, Height: 116, RowLength: 188
2023-07-09 17:48:46,711 - root - INFO - datalength: 12466, _step: 2
2023-07-09 17:48:46,711 - root - INFO - BPP: 16, Transparency: False
2023-07-09 17:48:46,758 - root - INFO - Resource 5 offset: 222852, length: 13434...
2023-07-09 17:48:46,758 - root - DEBUG - Reading resource 5...
2023-07-09 17:48:46,758 - root - INFO - The image is bme.
2023-07-09 17:48:46,758 - root - INFO - Reading image header(readHeader16E)...
2023-07-09 17:48:46,758 - root - INFO - Image header was read:
2023-07-09 17:48:46,758 - root - INFO - Width: 94, Height: 116, RowLength: 188
2023-07-09 17:48:46,758 - root - INFO - datalength: 13418, _step: 2
2023-07-09 17:48:46,758 - root - INFO - BPP: 16, Transparency: False
2023-07-09 17:48:46,805 - root - INFO - Resource 6 offset: 236286, length: 12612...
2023-07-09 17:48:46,805 - root - DEBUG - Reading resource 6...
2023-07-09 17:48:46,805 - root - INFO - The image is bme.
2023-07-09 17:48:46,805 - root - INFO - Reading image header(readHeader16E)...
2023-07-09 17:48:46,805 - root - INFO - Image header was read:
2023-07-09 17:48:46,805 - root - INFO - Width: 94, Height: 116, RowLength: 188
2023-07-09 17:48:46,805 - root - INFO - datalength: 12596, _step: 2
2023-07-09 17:48:46,805 - root - INFO - BPP: 16, Transparency: False
2023-07-09 17:48:46,836 - root - INFO - Resource 7 offset: 248898, length: 14518...
2023-07-09 17:48:46,836 - root - DEBUG - Reading resource 7...
2023-07-09 17:48:46,836 - root - INFO - The image is bme.
2023-07-09 17:48:46,836 - root - INFO - Reading image header(readHeader16E)...
2023-07-09 17:48:46,836 - root - INFO - Image header was read:
2023-07-09 17:48:46,836 - root - INFO - Width: 94, Height: 116, RowLength: 188
2023-07-09 17:48:46,836 - root - INFO - datalength: 14502, _step: 2
2023-07-09 17:48:46,836 - root - INFO - BPP: 16, Transparency: False
2023-07-09 17:48:46,883 - root - INFO - Resource 8 offset: 263416, length: 14582...
2023-07-09 17:48:46,883 - root - DEBUG - Reading resource 8...
2023-07-09 17:48:46,883 - root - INFO - The image is bme.
2023-07-09 17:48:46,883 - root - INFO - Reading image header(readHeader16E)...
2023-07-09 17:48:46,883 - root - INFO - Image header was read:
2023-07-09 17:48:46,883 - root - INFO - Width: 94, Height: 116, RowLength: 188
2023-07-09 17:48:46,883 - root - INFO - datalength: 14566, _step: 2
2023-07-09 17:48:46,883 - root - INFO - BPP: 16, Transparency: False
2023-07-09 17:48:46,930 - root - INFO - Resource 9 offset: 277998, length: 10914...
2023-07-09 17:48:46,930 - root - DEBUG - Reading resource 9...
2023-07-09 17:48:46,930 - root - INFO - The image is bme.
2023-07-09 17:48:46,930 - root - INFO - Reading image header(readHeader16E)...
2023-07-09 17:48:46,930 - root - INFO - Image header was read:
2023-07-09 17:48:46,930 - root - INFO - Width: 94, Height: 116, RowLength: 188
2023-07-09 17:48:46,945 - root - INFO - datalength: 10898, _step: 2
2023-07-09 17:48:46,945 - root - INFO - BPP: 16, Transparency: False
2023-07-09 17:48:46,977 - root - INFO - Resource 10 offset: 288912, length: 16030...
2023-07-09 17:48:46,977 - root - DEBUG - Reading resource 10...
2023-07-09 17:48:46,977 - root - INFO - The image is bme.
2023-07-09 17:48:46,977 - root - INFO - Reading image header(readHeader16E)...
2023-07-09 17:48:46,977 - root - INFO - Image header was read:
2023-07-09 17:48:46,977 - root - INFO - Width: 94, Height: 116, RowLength: 188
2023-07-09 17:48:46,977 - root - INFO - datalength: 16014, _step: 2
2023-07-09 17:48:46,977 - root - INFO - BPP: 16, Transparency: False
2023-07-09 17:48:47,024 - root - INFO - Resource 11 offset: 304942, length: 14658...
2023-07-09 17:48:47,024 - root - DEBUG - Reading resource 11...
2023-07-09 17:48:47,024 - root - INFO - The image is bme.
2023-07-09 17:48:47,024 - root - INFO - Reading image header(readHeader16E)...
2023-07-09 17:48:47,024 - root - INFO - Image header was read:
2023-07-09 17:48:47,024 - root - INFO - Width: 94, Height: 116, RowLength: 188
2023-07-09 17:48:47,024 - root - INFO - datalength: 14642, _step: 2
2023-07-09 17:48:47,024 - root - INFO - BPP: 16, Transparency: False
2023-07-09 17:48:47,070 - root - INFO - Resource 12 offset: 319600, length: 14918...
2023-07-09 17:48:47,070 - root - DEBUG - Reading resource 12...
2023-07-09 17:48:47,070 - root - INFO - The image is bme.
2023-07-09 17:48:47,070 - root - INFO - Reading image header(readHeader16E)...
2023-07-09 17:48:47,070 - root - INFO - Image header was read:
2023-07-09 17:48:47,070 - root - INFO - Width: 94, Height: 116, RowLength: 188
2023-07-09 17:48:47,070 - root - INFO - datalength: 14902, _step: 2
2023-07-09 17:48:47,070 - root - INFO - BPP: 16, Transparency: False
2023-07-09 17:48:47,117 - root - INFO - Resource 13 offset: 334518, length: 7622...
2023-07-09 17:48:47,117 - root - DEBUG - Reading resource 13...
2023-07-09 17:48:47,117 - root - INFO - The image is bme.
2023-07-09 17:48:47,117 - root - INFO - Reading image header(readHeader16E)...
2023-07-09 17:48:47,117 - root - INFO - Image header was read:
2023-07-09 17:48:47,117 - root - INFO - Width: 94, Height: 116, RowLength: 188
2023-07-09 17:48:47,117 - root - INFO - datalength: 7606, _step: 2
2023-07-09 17:48:47,117 - root - INFO - BPP: 16, Transparency: False
2023-07-09 17:48:47,149 - root - INFO - Resource 14 offset: 342140, length: 11540...
2023-07-09 17:48:47,149 - root - DEBUG - Reading resource 14...
2023-07-09 17:48:47,149 - root - INFO - The image is bme.
2023-07-09 17:48:47,149 - root - INFO - Reading image header(readHeader16E)...
2023-07-09 17:48:47,149 - root - INFO - Image header was read:
2023-07-09 17:48:47,149 - root - INFO - Width: 94, Height: 116, RowLength: 188
2023-07-09 17:48:47,149 - root - INFO - datalength: 11524, _step: 2
2023-07-09 17:48:47,149 - root - INFO - BPP: 16, Transparency: False
2023-07-09 17:48:47,195 - root - INFO - Resource 15 offset: 353680, length: 12382...
2023-07-09 17:48:47,195 - root - DEBUG - Reading resource 15...
2023-07-09 17:48:47,195 - root - INFO - The image is bme.
2023-07-09 17:48:47,195 - root - INFO - Reading image header(readHeader16E)...
2023-07-09 17:48:47,195 - root - INFO - Image header was read:
2023-07-09 17:48:47,195 - root - INFO - Width: 94, Height: 116, RowLength: 188
2023-07-09 17:48:47,195 - root - INFO - datalength: 12366, _step: 2
2023-07-09 17:48:47,195 - root - INFO - BPP: 16, Transparency: False
2023-07-09 17:48:47,227 - root - INFO - Resource 16 offset: 366062, length: 11650...
2023-07-09 17:48:47,227 - root - DEBUG - Reading resource 16...
2023-07-09 17:48:47,227 - root - INFO - The image is bme.
2023-07-09 17:48:47,227 - root - INFO - Reading image header(readHeader16E)...
2023-07-09 17:48:47,227 - root - INFO - Image header was read:
2023-07-09 17:48:47,227 - root - INFO - Width: 94, Height: 116, RowLength: 188
2023-07-09 17:48:47,227 - root - INFO - datalength: 11634, _step: 2
2023-07-09 17:48:47,227 - root - INFO - BPP: 16, Transparency: False
2023-07-09 17:48:47,274 - root - INFO - Resource 17 offset: 377712, length: 13430...
2023-07-09 17:48:47,274 - root - DEBUG - Reading resource 17...
2023-07-09 17:48:47,274 - root - INFO - The image is bme.
2023-07-09 17:48:47,274 - root - INFO - Reading image header(readHeader16E)...
2023-07-09 17:48:47,274 - root - INFO - Image header was read:
2023-07-09 17:48:47,274 - root - INFO - Width: 94, Height: 116, RowLength: 188
2023-07-09 17:48:47,274 - root - INFO - datalength: 13414, _step: 2
2023-07-09 17:48:47,274 - root - INFO - BPP: 16, Transparency: False
2023-07-09 17:48:47,305 - root - INFO - Resource 18 offset: 391142, length: 13574...
2023-07-09 17:48:47,305 - root - DEBUG - Reading resource 18...
2023-07-09 17:48:47,305 - root - INFO - The image is bme.
2023-07-09 17:48:47,305 - root - INFO - Reading image header(readHeader16E)...
2023-07-09 17:48:47,320 - root - INFO - Image header was read:
2023-07-09 17:48:47,320 - root - INFO - Width: 94, Height: 116, RowLength: 188
2023-07-09 17:48:47,320 - root - INFO - datalength: 13558, _step: 2
2023-07-09 17:48:47,320 - root - INFO - BPP: 16, Transparency: False
2023-07-09 17:48:47,352 - root - INFO - Resource 19 offset: 404716, length: 10050...
2023-07-09 17:48:47,352 - root - DEBUG - Reading resource 19...
2023-07-09 17:48:47,352 - root - INFO - The image is bme.
2023-07-09 17:48:47,352 - root - INFO - Reading image header(readHeader16E)...
2023-07-09 17:48:47,352 - root - INFO - Image header was read:
2023-07-09 17:48:47,352 - root - INFO - Width: 94, Height: 116, RowLength: 188
2023-07-09 17:48:47,352 - root - INFO - datalength: 10034, _step: 2
2023-07-09 17:48:47,352 - root - INFO - BPP: 16, Transparency: False
2023-07-09 17:48:47,399 - root - INFO - Resource 20 offset: 414766, length: 15038...
2023-07-09 17:48:47,399 - root - DEBUG - Reading resource 20...
2023-07-09 17:48:47,399 - root - INFO - The image is bme.
2023-07-09 17:48:47,399 - root - INFO - Reading image header(readHeader16E)...
2023-07-09 17:48:47,399 - root - INFO - Image header was read:
2023-07-09 17:48:47,399 - root - INFO - Width: 94, Height: 116, RowLength: 188
2023-07-09 17:48:47,399 - root - INFO - datalength: 15022, _step: 2
2023-07-09 17:48:47,399 - root - INFO - BPP: 16, Transparency: False
2023-07-09 17:48:47,445 - root - INFO - Resource 21 offset: 429804, length: 13632...
2023-07-09 17:48:47,445 - root - DEBUG - Reading resource 21...
2023-07-09 17:48:47,445 - root - INFO - The image is bme.
2023-07-09 17:48:47,445 - root - INFO - Reading image header(readHeader16E)...
2023-07-09 17:48:47,445 - root - INFO - Image header was read:
2023-07-09 17:48:47,445 - root - INFO - Width: 94, Height: 116, RowLength: 188
2023-07-09 17:48:47,445 - root - INFO - datalength: 13616, _step: 2
2023-07-09 17:48:47,445 - root - INFO - BPP: 16, Transparency: False
2023-07-09 17:48:47,492 - root - INFO - Resource 22 offset: 443436, length: 638...
2023-07-09 17:48:47,492 - root - DEBUG - Reading resource 22...
2023-07-09 17:48:47,492 - root - INFO - The image is bme.
2023-07-09 17:48:47,492 - root - INFO - Reading image header(readHeader16E)...
2023-07-09 17:48:47,492 - root - INFO - Image header was read:
2023-07-09 17:48:47,492 - root - INFO - Width: 18, Height: 26, RowLength: 36
2023-07-09 17:48:47,492 - root - INFO - datalength: 622, _step: 2
2023-07-09 17:48:47,492 - root - INFO - BPP: 16, Transparency: False
2023-07-09 17:48:47,492 - root - INFO - Resource 23 offset: 444074, length: 354...
2023-07-09 17:48:47,492 - root - DEBUG - Reading resource 23...
2023-07-09 17:48:47,492 - root - INFO - The image is bme.
2023-07-09 17:48:47,492 - root - INFO - Reading image header(readHeader16E)...
2023-07-09 17:48:47,492 - root - INFO - Image header was read:
2023-07-09 17:48:47,492 - root - INFO - Width: 18, Height: 26, RowLength: 36
2023-07-09 17:48:47,492 - root - INFO - datalength: 338, _step: 2
2023-07-09 17:48:47,492 - root - INFO - BPP: 16, Transparency: False
2023-07-09 17:48:47,492 - root - INFO - Resource 24 offset: 444428, length: 470...
2023-07-09 17:48:47,492 - root - DEBUG - Reading resource 24...
2023-07-09 17:48:47,492 - root - INFO - The image is bme.
2023-07-09 17:48:47,492 - root - INFO - Reading image header(readHeader16E)...
2023-07-09 17:48:47,492 - root - INFO - Image header was read:
2023-07-09 17:48:47,492 - root - INFO - Width: 18, Height: 26, RowLength: 36
2023-07-09 17:48:47,492 - root - INFO - datalength: 454, _step: 2
2023-07-09 17:48:47,492 - root - INFO - BPP: 16, Transparency: False
2023-07-09 17:48:47,492 - root - INFO - Resource 25 offset: 444898, length: 504...
2023-07-09 17:48:47,492 - root - DEBUG - Reading resource 25...
2023-07-09 17:48:47,492 - root - INFO - The image is bme.
2023-07-09 17:48:47,492 - root - INFO - Reading image header(readHeader16E)...
2023-07-09 17:48:47,492 - root - INFO - Image header was read:
2023-07-09 17:48:47,492 - root - INFO - Width: 18, Height: 26, RowLength: 36
2023-07-09 17:48:47,492 - root - INFO - datalength: 488, _step: 2
2023-07-09 17:48:47,492 - root - INFO - BPP: 16, Transparency: False
2023-07-09 17:48:47,492 - root - INFO - Resource 26 offset: 445402, length: 496...
2023-07-09 17:48:47,492 - root - DEBUG - Reading resource 26...
2023-07-09 17:48:47,492 - root - INFO - The image is bme.
2023-07-09 17:48:47,492 - root - INFO - Reading image header(readHeader16E)...
2023-07-09 17:48:47,492 - root - INFO - Image header was read:
2023-07-09 17:48:47,492 - root - INFO - Width: 18, Height: 26, RowLength: 36
2023-07-09 17:48:47,492 - root - INFO - datalength: 480, _step: 2
2023-07-09 17:48:47,492 - root - INFO - BPP: 16, Transparency: False
2023-07-09 17:48:47,492 - root - INFO - Resource 27 offset: 445898, length: 554...
2023-07-09 17:48:47,492 - root - DEBUG - Reading resource 27...
2023-07-09 17:48:47,492 - root - INFO - The image is bme.
2023-07-09 17:48:47,492 - root - INFO - Reading image header(readHeader16E)...
2023-07-09 17:48:47,492 - root - INFO - Image header was read:
2023-07-09 17:48:47,492 - root - INFO - Width: 18, Height: 26, RowLength: 36
2023-07-09 17:48:47,492 - root - INFO - datalength: 538, _step: 2
2023-07-09 17:48:47,492 - root - INFO - BPP: 16, Transparency: False
2023-07-09 17:48:47,508 - root - INFO - Resource 28 offset: 446452, length: 568...
2023-07-09 17:48:47,508 - root - DEBUG - Reading resource 28...
2023-07-09 17:48:47,508 - root - INFO - The image is bme.
2023-07-09 17:48:47,508 - root - INFO - Reading image header(readHeader16E)...
2023-07-09 17:48:47,508 - root - INFO - Image header was read:
2023-07-09 17:48:47,508 - root - INFO - Width: 18, Height: 26, RowLength: 36
2023-07-09 17:48:47,508 - root - INFO - datalength: 552, _step: 2
2023-07-09 17:48:47,508 - root - INFO - BPP: 16, Transparency: False
2023-07-09 17:48:47,508 - root - INFO - Resource 29 offset: 447020, length: 418...
2023-07-09 17:48:47,508 - root - DEBUG - Reading resource 29...
2023-07-09 17:48:47,508 - root - INFO - The image is bme.
2023-07-09 17:48:47,508 - root - INFO - Reading image header(readHeader16E)...
2023-07-09 17:48:47,508 - root - INFO - Image header was read:
2023-07-09 17:48:47,508 - root - INFO - Width: 18, Height: 26, RowLength: 36
2023-07-09 17:48:47,508 - root - INFO - datalength: 402, _step: 2
2023-07-09 17:48:47,508 - root - INFO - BPP: 16, Transparency: False
2023-07-09 17:48:47,508 - root - INFO - Resource 30 offset: 447438, length: 618...
2023-07-09 17:48:47,508 - root - DEBUG - Reading resource 30...
2023-07-09 17:48:47,508 - root - INFO - The image is bme.
2023-07-09 17:48:47,508 - root - INFO - Reading image header(readHeader16E)...
2023-07-09 17:48:47,508 - root - INFO - Image header was read:
2023-07-09 17:48:47,508 - root - INFO - Width: 18, Height: 26, RowLength: 36
2023-07-09 17:48:47,508 - root - INFO - datalength: 602, _step: 2
2023-07-09 17:48:47,508 - root - INFO - BPP: 16, Transparency: False
2023-07-09 17:48:47,508 - root - INFO - Resource 31 offset: 448056, length: 564...
2023-07-09 17:48:47,508 - root - DEBUG - Reading resource 31...
2023-07-09 17:48:47,508 - root - INFO - The image is bme.
2023-07-09 17:48:47,508 - root - INFO - Reading image header(readHeader16E)...
2023-07-09 17:48:47,508 - root - INFO - Image header was read:
2023-07-09 17:48:47,508 - root - INFO - Width: 18, Height: 26, RowLength: 36
2023-07-09 17:48:47,508 - root - INFO - datalength: 548, _step: 2
2023-07-09 17:48:47,508 - root - INFO - BPP: 16, Transparency: False
2023-07-09 17:48:47,508 - root - INFO - Resource 32 offset: 448620, length: 1584...
2023-07-09 17:48:47,508 - root - DEBUG - Reading resource 32...
2023-07-09 17:48:47,508 - root - INFO - The image is bme.
2023-07-09 17:48:47,508 - root - INFO - Reading image header(readHeader16E)...
2023-07-09 17:48:47,508 - root - INFO - Image header was read:
2023-07-09 17:48:47,508 - root - INFO - Width: 70, Height: 26, RowLength: 140
2023-07-09 17:48:47,508 - root - INFO - datalength: 1568, _step: 2
2023-07-09 17:48:47,508 - root - INFO - BPP: 16, Transparency: False
2023-07-09 17:48:47,524 - root - INFO - Resource 33 offset: 450204, length: 1558...
2023-07-09 17:48:47,524 - root - DEBUG - Reading resource 33...
2023-07-09 17:48:47,524 - root - INFO - The image is bme.
2023-07-09 17:48:47,524 - root - INFO - Reading image header(readHeader16E)...
2023-07-09 17:48:47,524 - root - INFO - Image header was read:
2023-07-09 17:48:47,524 - root - INFO - Width: 70, Height: 26, RowLength: 140
2023-07-09 17:48:47,524 - root - INFO - datalength: 1542, _step: 2
2023-07-09 17:48:47,524 - root - INFO - BPP: 16, Transparency: False
2023-07-09 17:48:47,524 - root - INFO - Resource 34 offset: 451762, length: 1974...
2023-07-09 17:48:47,524 - root - DEBUG - Reading resource 34...
2023-07-09 17:48:47,524 - root - INFO - The image is bme.
2023-07-09 17:48:47,524 - root - INFO - Reading image header(readHeader16E)...
2023-07-09 17:48:47,524 - root - INFO - Image header was read:
2023-07-09 17:48:47,524 - root - INFO - Width: 70, Height: 26, RowLength: 140
2023-07-09 17:48:47,524 - root - INFO - datalength: 1958, _step: 2
2023-07-09 17:48:47,524 - root - INFO - BPP: 16, Transparency: False
2023-07-09 17:48:47,524 - root - INFO - Resource 35 offset: 453736, length: 1690...
2023-07-09 17:48:47,524 - root - DEBUG - Reading resource 35...
2023-07-09 17:48:47,524 - root - INFO - The image is bme.
2023-07-09 17:48:47,524 - root - INFO - Reading image header(readHeader16E)...
2023-07-09 17:48:47,524 - root - INFO - Image header was read:
2023-07-09 17:48:47,524 - root - INFO - Width: 70, Height: 26, RowLength: 140
2023-07-09 17:48:47,524 - root - INFO - datalength: 1674, _step: 2
2023-07-09 17:48:47,524 - root - INFO - BPP: 16, Transparency: False
2023-07-09 17:48:47,539 - root - INFO - Resource 36 offset: 455426, length: 1850...
2023-07-09 17:48:47,539 - root - DEBUG - Reading resource 36...
2023-07-09 17:48:47,539 - root - INFO - The image is bme.
2023-07-09 17:48:47,539 - root - INFO - Reading image header(readHeader16E)...
2023-07-09 17:48:47,539 - root - INFO - Image header was read:
2023-07-09 17:48:47,539 - root - INFO - Width: 70, Height: 26, RowLength: 140
2023-07-09 17:48:47,539 - root - INFO - datalength: 1834, _step: 2
2023-07-09 17:48:47,539 - root - INFO - BPP: 16, Transparency: False
2023-07-09 17:48:47,539 - root - INFO - Resource 37 offset: 457276, length: 1664...
2023-07-09 17:48:47,539 - root - DEBUG - Reading resource 37...
2023-07-09 17:48:47,539 - root - INFO - The image is bme.
2023-07-09 17:48:47,539 - root - INFO - Reading image header(readHeader16E)...
2023-07-09 17:48:47,539 - root - INFO - Image header was read:
2023-07-09 17:48:47,539 - root - INFO - Width: 70, Height: 26, RowLength: 140
2023-07-09 17:48:47,539 - root - INFO - datalength: 1648, _step: 2
2023-07-09 17:48:47,539 - root - INFO - BPP: 16, Transparency: False
2023-07-09 17:48:47,539 - root - INFO - Resource 38 offset: 458940, length: 1358...
2023-07-09 17:48:47,539 - root - DEBUG - Reading resource 38...
2023-07-09 17:48:47,539 - root - INFO - The image is bme.
2023-07-09 17:48:47,539 - root - INFO - Reading image header(readHeader16E)...
2023-07-09 17:48:47,539 - root - INFO - Image header was read:
2023-07-09 17:48:47,539 - root - INFO - Width: 70, Height: 26, RowLength: 140
2023-07-09 17:48:47,539 - root - INFO - datalength: 1342, _step: 2
2023-07-09 17:48:47,539 - root - INFO - BPP: 16, Transparency: False
2023-07-09 17:48:47,555 - root - INFO - Resource 39 offset: 460298, length: 1782...
2023-07-09 17:48:47,555 - root - DEBUG - Reading resource 39...
2023-07-09 17:48:47,555 - root - INFO - The image is bme.
2023-07-09 17:48:47,555 - root - INFO - Reading image header(readHeader16E)...
2023-07-09 17:48:47,555 - root - INFO - Image header was read:
2023-07-09 17:48:47,555 - root - INFO - Width: 70, Height: 26, RowLength: 140
2023-07-09 17:48:47,555 - root - INFO - datalength: 1766, _step: 2
2023-07-09 17:48:47,555 - root - INFO - BPP: 16, Transparency: False
2023-07-09 17:48:47,555 - root - INFO - Resource 40 offset: 462080, length: 1570...
2023-07-09 17:48:47,555 - root - DEBUG - Reading resource 40...
2023-07-09 17:48:47,555 - root - INFO - The image is bme.
2023-07-09 17:48:47,555 - root - INFO - Reading image header(readHeader16E)...
2023-07-09 17:48:47,555 - root - INFO - Image header was read:
2023-07-09 17:48:47,555 - root - INFO - Width: 70, Height: 26, RowLength: 140
2023-07-09 17:48:47,555 - root - INFO - datalength: 1554, _step: 2
2023-07-09 17:48:47,555 - root - INFO - BPP: 16, Transparency: False
2023-07-09 17:48:47,555 - root - INFO - Resource 41 offset: 463650, length: 1468...
2023-07-09 17:48:47,555 - root - DEBUG - Reading resource 41...
2023-07-09 17:48:47,555 - root - INFO - The image is bme.
2023-07-09 17:48:47,555 - root - INFO - Reading image header(readHeader16E)...
2023-07-09 17:48:47,555 - root - INFO - Image header was read:
2023-07-09 17:48:47,555 - root - INFO - Width: 70, Height: 26, RowLength: 140
2023-07-09 17:48:47,555 - root - INFO - datalength: 1452, _step: 2
2023-07-09 17:48:47,555 - root - INFO - BPP: 16, Transparency: False
2023-07-09 17:48:47,570 - root - INFO - Resource 42 offset: 465118, length: 1858...
2023-07-09 17:48:47,570 - root - DEBUG - Reading resource 42...
2023-07-09 17:48:47,570 - root - INFO - The image is bme.
2023-07-09 17:48:47,570 - root - INFO - Reading image header(readHeader16E)...
2023-07-09 17:48:47,570 - root - INFO - Image header was read:
2023-07-09 17:48:47,570 - root - INFO - Width: 70, Height: 26, RowLength: 140
2023-07-09 17:48:47,570 - root - INFO - datalength: 1842, _step: 2
2023-07-09 17:48:47,570 - root - INFO - BPP: 16, Transparency: False
2023-07-09 17:48:47,570 - root - INFO - Resource 43 offset: 466976, length: 1586...
2023-07-09 17:48:47,570 - root - DEBUG - Reading resource 43...
2023-07-09 17:48:47,570 - root - INFO - The image is bme.
2023-07-09 17:48:47,570 - root - INFO - Reading image header(readHeader16E)...
2023-07-09 17:48:47,570 - root - INFO - Image header was read:
2023-07-09 17:48:47,570 - root - INFO - Width: 70, Height: 26, RowLength: 140
2023-07-09 17:48:47,570 - root - INFO - datalength: 1570, _step: 2
2023-07-09 17:48:47,570 - root - INFO - BPP: 16, Transparency: False
2023-07-09 17:48:47,570 - root - INFO - Resource 44 offset: 468562, length: 2136...
2023-07-09 17:48:47,570 - root - DEBUG - Reading resource 44...
2023-07-09 17:48:47,570 - root - INFO - The image is bme.
2023-07-09 17:48:47,570 - root - INFO - Reading image header(readHeader16E)...
2023-07-09 17:48:47,570 - root - INFO - Image header was read:
2023-07-09 17:48:47,570 - root - INFO - Width: 70, Height: 26, RowLength: 140
2023-07-09 17:48:47,570 - root - INFO - datalength: 2120, _step: 2
2023-07-09 17:48:47,570 - root - INFO - BPP: 16, Transparency: False
2023-07-09 17:48:47,586 - root - INFO - Resource 45 offset: 470698, length: 1548...
2023-07-09 17:48:47,586 - root - DEBUG - Reading resource 45...
2023-07-09 17:48:47,586 - root - INFO - The image is bme.
2023-07-09 17:48:47,586 - root - INFO - Reading image header(readHeader16E)...
2023-07-09 17:48:47,586 - root - INFO - Image header was read:
2023-07-09 17:48:47,586 - root - INFO - Width: 70, Height: 26, RowLength: 140
2023-07-09 17:48:47,586 - root - INFO - datalength: 1532, _step: 2
2023-07-09 17:48:47,586 - root - INFO - BPP: 16, Transparency: False
2023-07-09 17:48:47,586 - root - INFO - Resource 46 offset: 472246, length: 2028...
2023-07-09 17:48:47,586 - root - DEBUG - Reading resource 46...
2023-07-09 17:48:47,586 - root - INFO - The image is bme.
2023-07-09 17:48:47,586 - root - INFO - Reading image header(readHeader16E)...
2023-07-09 17:48:47,586 - root - INFO - Image header was read:
2023-07-09 17:48:47,586 - root - INFO - Width: 70, Height: 26, RowLength: 140
2023-07-09 17:48:47,586 - root - INFO - datalength: 2012, _step: 2
2023-07-09 17:48:47,586 - root - INFO - BPP: 16, Transparency: False
2023-07-09 17:48:47,602 - root - INFO - Resource 47 offset: 474274, length: 1674...
2023-07-09 17:48:47,602 - root - DEBUG - Reading resource 47...
2023-07-09 17:48:47,602 - root - INFO - The image is bme.
2023-07-09 17:48:47,602 - root - INFO - Reading image header(readHeader16E)...
2023-07-09 17:48:47,602 - root - INFO - Image header was read:
2023-07-09 17:48:47,602 - root - INFO - Width: 70, Height: 26, RowLength: 140
2023-07-09 17:48:47,602 - root - INFO - datalength: 1658, _step: 2
2023-07-09 17:48:47,602 - root - INFO - BPP: 16, Transparency: False
2023-07-09 17:48:47,602 - root - INFO - Resource 48 offset: 475948, length: 1360...
2023-07-09 17:48:47,602 - root - DEBUG - Reading resource 48...
2023-07-09 17:48:47,602 - root - INFO - The image is bme.
2023-07-09 17:48:47,602 - root - INFO - Reading image header(readHeader16E)...
2023-07-09 17:48:47,602 - root - INFO - Image header was read:
2023-07-09 17:48:47,602 - root - INFO - Width: 70, Height: 26, RowLength: 140
2023-07-09 17:48:47,602 - root - INFO - datalength: 1344, _step: 2
2023-07-09 17:48:47,602 - root - INFO - BPP: 16, Transparency: False
2023-07-09 17:48:47,602 - root - INFO - Resource 49 offset: 477308, length: 1476...
2023-07-09 17:48:47,602 - root - DEBUG - Reading resource 49...
2023-07-09 17:48:47,602 - root - INFO - The image is bme.
2023-07-09 17:48:47,602 - root - INFO - Reading image header(readHeader16E)...
2023-07-09 17:48:47,602 - root - INFO - Image header was read:
2023-07-09 17:48:47,602 - root - INFO - Width: 70, Height: 26, RowLength: 140
2023-07-09 17:48:47,602 - root - INFO - datalength: 1460, _step: 2
2023-07-09 17:48:47,602 - root - INFO - BPP: 16, Transparency: False
2023-07-09 17:48:47,617 - root - INFO - Resource 50 offset: 478784, length: 1836...
2023-07-09 17:48:47,617 - root - DEBUG - Reading resource 50...
2023-07-09 17:48:47,617 - root - INFO - The image is bme.
2023-07-09 17:48:47,617 - root - INFO - Reading image header(readHeader16E)...
2023-07-09 17:48:47,617 - root - INFO - Image header was read:
2023-07-09 17:48:47,617 - root - INFO - Width: 70, Height: 26, RowLength: 140
2023-07-09 17:48:47,617 - root - INFO - datalength: 1820, _step: 2
2023-07-09 17:48:47,617 - root - INFO - BPP: 16, Transparency: False
2023-07-09 17:48:47,617 - root - DEBUG - Parsing parameters...
2023-07-09 17:48:47,742 - root - DEBUG - 0 Value: None
2023-07-09 17:48:47,742 - root - DEBUG - 0.1 Value: 71
2023-07-09 17:48:47,742 - root - DEBUG - 2 Value: None
2023-07-09 17:48:47,742 - root - DEBUG - 2.1 Value: None
2023-07-09 17:48:47,742 - root - DEBUG - 2.1.1 Value: 0
2023-07-09 17:48:47,742 - root - DEBUG - 2.1.2 Value: 0
2023-07-09 17:48:47,742 - root - DEBUG - 2.1.3 Value: 1
2023-07-09 17:48:47,742 - root - DEBUG - 2.3 Value: None
2023-07-09 17:48:47,742 - root - DEBUG - 2.3.1 Value: 0
2023-07-09 17:48:47,742 - root - DEBUG - 2.3.2 Value: 0
2023-07-09 17:48:47,742 - root - DEBUG - 2.3.3 Value: 0
2023-07-09 17:48:47,742 - root - DEBUG - 3 Value: None
2023-07-09 17:48:47,742 - root - DEBUG - 3.1 Value: None
2023-07-09 17:48:47,742 - root - DEBUG - 3.1.1 Value: None
2023-07-09 17:48:47,742 - root - DEBUG - 3.1.1.1 Value: None
2023-07-09 17:48:47,742 - root - DEBUG - 3.1.1.1.1 Value: 26
2023-07-09 17:48:47,742 - root - DEBUG - 3.1.1.1.2 Value: 9
2023-07-09 17:48:47,742 - root - DEBUG - 3.1.1.1.3 Value: 2
2023-07-09 17:48:47,742 - root - DEBUG - 3.1.1.1.4 Value: 10
2023-07-09 17:48:47,742 - root - DEBUG - 3.1.1.2 Value: None
2023-07-09 17:48:47,742 - root - DEBUG - 3.1.1.2.1 Value: 120
2023-07-09 17:48:47,742 - root - DEBUG - 3.1.1.2.2 Value: 9
2023-07-09 17:48:47,742 - root - DEBUG - 3.1.1.2.3 Value: 2
2023-07-09 17:48:47,742 - root - DEBUG - 3.1.1.2.4 Value: 10
2023-07-09 17:48:47,742 - root - DEBUG - 3.1.2 Value: None
2023-07-09 17:48:47,742 - root - DEBUG - 3.1.2.1 Value: None
2023-07-09 17:48:47,742 - root - DEBUG - 3.1.2.1.1 Value: 26
2023-07-09 17:48:47,742 - root - DEBUG - 3.1.2.1.2 Value: 156
2023-07-09 17:48:47,742 - root - DEBUG - 3.1.2.1.3 Value: 12
2023-07-09 17:48:47,742 - root - DEBUG - 3.1.2.1.4 Value: 10
2023-07-09 17:48:47,742 - root - DEBUG - 3.1.2.2 Value: None
2023-07-09 17:48:47,742 - root - DEBUG - 3.1.2.2.1 Value: 120
2023-07-09 17:48:47,742 - root - DEBUG - 3.1.2.2.2 Value: 156
2023-07-09 17:48:47,742 - root - DEBUG - 3.1.2.2.3 Value: 12
2023-07-09 17:48:47,742 - root - DEBUG - 3.1.2.2.4 Value: 10
2023-07-09 17:48:47,742 - root - DEBUG - 3.1.7 Value: 0
2023-07-09 17:48:47,742 - root - DEBUG - 3.1.8 Value: 1
2023-07-09 17:48:47,742 - root - DEBUG - 5 Value: None
2023-07-09 17:48:47,742 - root - DEBUG - 5.1 Value: None
2023-07-09 17:48:47,742 - root - DEBUG - 5.1.9 Value: None
2023-07-09 17:48:47,742 - root - DEBUG - 5.1.9.3 Value: None
2023-07-09 17:48:47,742 - root - DEBUG - 5.1.9.3.1 Value: 103
2023-07-09 17:48:47,742 - root - DEBUG - 5.1.9.3.2 Value: 127
2023-07-09 17:48:47,742 - root - DEBUG - 5.1.9.3.3 Value: 139
2023-07-09 17:48:47,742 - root - DEBUG - 5.1.9.3.4 Value: 153
2023-07-09 17:48:47,742 - root - DEBUG - 5.1.9.3.5 Value: 18
2023-07-09 17:48:47,742 - root - DEBUG - 5.1.9.3.6 Value: 0
2023-07-09 17:48:47,742 - root - DEBUG - 5.1.9.3.7 Value: 0
2023-07-09 17:48:47,742 - root - DEBUG - 5.1.9.3.8 Value: 22
2023-07-09 17:48:47,742 - root - DEBUG - 5.1.9.3.9 Value: 10
2023-07-09 17:48:47,742 - root - DEBUG - 5.1.9.4 Value: 0
2023-07-09 17:48:47,742 - root - DEBUG - 5.1.9.5 Value: 0
2023-07-09 17:48:47,742 - root - DEBUG - 5.1.9.6 Value: None
2023-07-09 17:48:47,742 - root - DEBUG - 5.1.9.6.1 Value: 154
2023-07-09 17:48:47,742 - root - DEBUG - 5.1.9.6.2 Value: 127
2023-07-09 17:48:47,742 - root - DEBUG - 5.1.9.6.3 Value: 32
2023-07-09 17:48:47,742 - root - DEBUG - 5.1.9.6.4 Value: 12
2023-07-09 17:48:47,742 - root - DEBUG - 5.1.9.7 Value: None
2023-07-09 17:48:47,742 - root - DEBUG - 5.1.9.7.1 Value: 154
2023-07-09 17:48:47,742 - root - DEBUG - 5.1.9.7.2 Value: 127
2023-07-09 17:48:47,742 - root - DEBUG - 5.1.9.7.3 Value: 32
2023-07-09 17:48:47,742 - root - DEBUG - 5.1.9.7.4 Value: 12
2023-07-09 17:48:47,742 - root - DEBUG - 5.1.4 Value: 1
2023-07-09 17:48:47,742 - root - DEBUG - 5.1.5 Value: 1
2023-07-09 17:48:47,742 - root - DEBUG - 5.1.6 Value: 0
2023-07-09 17:48:47,742 - root - DEBUG - 5.4 Value: None
2023-07-09 17:48:47,742 - root - DEBUG - 5.4.1 Value: 17
2023-07-09 17:48:47,742 - root - DEBUG - 5.4.2 Value: 127
2023-07-09 17:48:47,742 - root - DEBUG - 5.4.3 Value: 44
2023-07-09 17:48:47,742 - root - DEBUG - 5.4.4 Value: 7
2023-07-09 17:48:47,742 - root - DEBUG - 0-Info
2023-07-09 17:48:47,742 - root - DEBUG - 0.1-DeviceId
2023-07-09 17:48:47,742 - root - DEBUG - 2-Background
2023-07-09 17:48:47,742 - root - DEBUG - 2.1-Image
2023-07-09 17:48:47,742 - root - DEBUG - 2.1.1-X
2023-07-09 17:48:47,742 - root - DEBUG - 2.1.2-Y
2023-07-09 17:48:47,742 - root - DEBUG - 2.1.3-ImageIndex
2023-07-09 17:48:47,742 - root - DEBUG - 2.3-Preview
2023-07-09 17:48:47,742 - root - DEBUG - 2.3.1-X
2023-07-09 17:48:47,742 - root - DEBUG - 2.3.2-Y
2023-07-09 17:48:47,742 - root - DEBUG - 2.3.3-ImageIndex
2023-07-09 17:48:47,742 - root - DEBUG - 3-TimeExtended
2023-07-09 17:48:47,742 - root - DEBUG - 3.1-TimeSeparateDigits
2023-07-09 17:48:47,758 - root - DEBUG - 3.1.1-Hours
2023-07-09 17:48:47,758 - root - DEBUG - 3.1.1.1-Tens
2023-07-09 17:48:47,758 - root - DEBUG - 3.1.1.1.1-X
2023-07-09 17:48:47,758 - root - DEBUG - 3.1.1.1.2-Y
2023-07-09 17:48:47,758 - root - DEBUG - 3.1.1.1.3-ImageIndex
2023-07-09 17:48:47,758 - root - DEBUG - 3.1.1.1.4-ImagesCount
2023-07-09 17:48:47,758 - root - DEBUG - 3.1.1.2-Ones
2023-07-09 17:48:47,758 - root - DEBUG - 3.1.1.2.1-X
2023-07-09 17:48:47,758 - root - DEBUG - 3.1.1.2.2-Y
2023-07-09 17:48:47,758 - root - DEBUG - 3.1.1.2.3-ImageIndex
2023-07-09 17:48:47,758 - root - DEBUG - 3.1.1.2.4-ImagesCount
2023-07-09 17:48:47,758 - root - DEBUG - 3.1.2-Minutes
2023-07-09 17:48:47,758 - root - DEBUG - 3.1.2.1-Tens
2023-07-09 17:48:47,758 - root - DEBUG - 3.1.2.1.1-X
2023-07-09 17:48:47,758 - root - DEBUG - 3.1.2.1.2-Y
2023-07-09 17:48:47,758 - root - DEBUG - 3.1.2.1.3-ImageIndex
2023-07-09 17:48:47,758 - root - DEBUG - 3.1.2.1.4-ImagesCount
2023-07-09 17:48:47,758 - root - DEBUG - 3.1.2.2-Ones
2023-07-09 17:48:47,758 - root - DEBUG - 3.1.2.2.1-X
2023-07-09 17:48:47,758 - root - DEBUG - 3.1.2.2.2-Y
2023-07-09 17:48:47,758 - root - DEBUG - 3.1.2.2.3-ImageIndex
2023-07-09 17:48:47,758 - root - DEBUG - 3.1.2.2.4-ImagesCount
2023-07-09 17:48:47,758 - root - DEBUG - 3.1.7-UnknowBoolean7
2023-07-09 17:48:47,758 - root - DEBUG - 3.1.8-PaddingZeroMinutes
2023-07-09 17:48:47,758 - root - DEBUG - 5-DateBlock
2023-07-09 17:48:47,758 - root - DEBUG - 5.1-Date
2023-07-09 17:48:47,758 - root - DEBUG - 5.1.9-YearMonthAndDay
2023-07-09 17:48:47,758 - root - DEBUG - 5.1.9.3-Day
2023-07-09 17:48:47,758 - root - DEBUG - 5.1.9.3.1-TopLeftX
2023-07-09 17:48:47,758 - root - DEBUG - 5.1.9.3.2-TopLeftY
2023-07-09 17:48:47,758 - root - DEBUG - 5.1.9.3.3-BottomRightX
2023-07-09 17:48:47,758 - root - DEBUG - 5.1.9.3.4-BottomRightY
2023-07-09 17:48:47,758 - root - DEBUG - 5.1.9.3.5-Alignment
2023-07-09 17:48:47,758 - root - DEBUG - 5.1.9.3.6-Spacing
2023-07-09 17:48:47,758 - root - DEBUG - 5.1.9.3.7-VerticalOffset
2023-07-09 17:48:47,758 - root - DEBUG - 5.1.9.3.8-ImageIndex
2023-07-09 17:48:47,758 - root - DEBUG - 5.1.9.3.9-ImagesCount
2023-07-09 17:48:47,758 - root - DEBUG - 5.1.9.4-MonthFollowsYear
2023-07-09 17:48:47,758 - root - DEBUG - 5.1.9.5-DayFollowsMonth
2023-07-09 17:48:47,758 - root - DEBUG - 5.1.9.6-MonthAsWord
2023-07-09 17:48:47,758 - root - DEBUG - 5.1.9.6.1-X
2023-07-09 17:48:47,758 - root - DEBUG - 5.1.9.6.2-Y
2023-07-09 17:48:47,758 - root - DEBUG - 5.1.9.6.3-ImageIndex
2023-07-09 17:48:47,758 - root - DEBUG - 5.1.9.6.4-ImagesCount
2023-07-09 17:48:47,758 - root - DEBUG - 5.1.9.7-MonthAsWordChinese
2023-07-09 17:48:47,758 - root - DEBUG - 5.1.9.7.1-X
2023-07-09 17:48:47,758 - root - DEBUG - 5.1.9.7.2-Y
2023-07-09 17:48:47,758 - root - DEBUG - 5.1.9.7.3-ImageIndex
2023-07-09 17:48:47,758 - root - DEBUG - 5.1.9.7.4-ImagesCount
2023-07-09 17:48:47,758 - root - DEBUG - 5.1.4-PaddingZeroMonth
2023-07-09 17:48:47,758 - root - DEBUG - 5.1.5-PaddingZeroDay
2023-07-09 17:48:47,758 - root - DEBUG - 5.1.6-UnknownBoolean6
2023-07-09 17:48:47,758 - root - DEBUG - 5.4-Weekday
2023-07-09 17:48:47,758 - root - DEBUG - 5.4.1-X
2023-07-09 17:48:47,758 - root - DEBUG - 5.4.2-Y
2023-07-09 17:48:47,758 - root - DEBUG - 5.4.3-ImageIndex
2023-07-09 17:48:47,758 - root - DEBUG - 5.4.4-ImagesCount
2023-07-09 17:48:47,758 - root - DEBUG - generatePreviews
2023-07-09 17:48:47,758 - root - DEBUG - Generating previews...
2023-07-09 17:48:47,758 - root - DEBUG - Generating states done...
2023-07-09 17:48:47,774 - root - DEBUG - >>>>>>>>>>>> 0 <watchFaceParser.models.parameter.Parameter object at 0x000001F3725DBFA0>
2023-07-09 17:48:47,774 - root - DEBUG - >>>>>>>>>>>> 2 <watchFaceParser.models.parameter.Parameter object at 0x000001F3725D16A0>
2023-07-09 17:48:47,789 - root - DEBUG - >>>>>>>>>>>> 3 <watchFaceParser.models.parameter.Parameter object at 0x000001F3725D9130>
2023-07-09 17:48:47,789 - root - DEBUG - >>>>>>>>>>>> 5 <watchFaceParser.models.parameter.Parameter object at 0x000001F3725DBD00>
2023-07-09 17:48:47,820 - root - DEBUG - Generating static preview gen done...
2023-07-09 17:48:47,899 - root - DEBUG - Generating static preview save done...
2023-07-09 17:48:47,899 - root - DEBUG - Generating anim preview gen done...
2023-07-09 17:48:47,899 - root - DEBUG - >>>>>>>>>>>> 0 <watchFaceParser.models.parameter.Parameter object at 0x000001F3725DBFA0>
2023-07-09 17:48:47,899 - root - DEBUG - >>>>>>>>>>>> 2 <watchFaceParser.models.parameter.Parameter object at 0x000001F3725D16A0>
2023-07-09 17:48:47,899 - root - DEBUG - >>>>>>>>>>>> 3 <watchFaceParser.models.parameter.Parameter object at 0x000001F3725D9130>
2023-07-09 17:48:47,899 - root - DEBUG - >>>>>>>>>>>> 5 <watchFaceParser.models.parameter.Parameter object at 0x000001F3725DBD00>
2023-07-09 17:48:48,008 - root - DEBUG - generatePreviews done
2023-07-09 17:48:48,008 - root - DEBUG - Exporting resources to 'E:\Codez\zepp-bip3-wf\947282340d3fe935e9a2cba9bea72b76'
2023-07-09 17:48:48,008 - root - DEBUG - extracting E:\Codez\zepp-bip3-wf\947282340d3fe935e9a2cba9bea72b76\0000.png...
2023-07-09 17:48:48,024 - root - DEBUG - extracting E:\Codez\zepp-bip3-wf\947282340d3fe935e9a2cba9bea72b76\0001.png...
2023-07-09 17:48:48,024 - root - DEBUG - extracting E:\Codez\zepp-bip3-wf\947282340d3fe935e9a2cba9bea72b76\0002.png...
2023-07-09 17:48:48,024 - root - DEBUG - extracting E:\Codez\zepp-bip3-wf\947282340d3fe935e9a2cba9bea72b76\0003.png...
2023-07-09 17:48:48,024 - root - DEBUG - extracting E:\Codez\zepp-bip3-wf\947282340d3fe935e9a2cba9bea72b76\0004.png...
2023-07-09 17:48:48,039 - root - DEBUG - extracting E:\Codez\zepp-bip3-wf\947282340d3fe935e9a2cba9bea72b76\0005.png...
2023-07-09 17:48:48,039 - root - DEBUG - extracting E:\Codez\zepp-bip3-wf\947282340d3fe935e9a2cba9bea72b76\0006.png...
2023-07-09 17:48:48,039 - root - DEBUG - extracting E:\Codez\zepp-bip3-wf\947282340d3fe935e9a2cba9bea72b76\0007.png...
2023-07-09 17:48:48,039 - root - DEBUG - extracting E:\Codez\zepp-bip3-wf\947282340d3fe935e9a2cba9bea72b76\0008.png...
2023-07-09 17:48:48,039 - root - DEBUG - extracting E:\Codez\zepp-bip3-wf\947282340d3fe935e9a2cba9bea72b76\0009.png...
2023-07-09 17:48:48,055 - root - DEBUG - extracting E:\Codez\zepp-bip3-wf\947282340d3fe935e9a2cba9bea72b76\0010.png...
2023-07-09 17:48:48,055 - root - DEBUG - extracting E:\Codez\zepp-bip3-wf\947282340d3fe935e9a2cba9bea72b76\0011.png...
2023-07-09 17:48:48,055 - root - DEBUG - extracting E:\Codez\zepp-bip3-wf\947282340d3fe935e9a2cba9bea72b76\0012.png...
2023-07-09 17:48:48,055 - root - DEBUG - extracting E:\Codez\zepp-bip3-wf\947282340d3fe935e9a2cba9bea72b76\0013.png...
2023-07-09 17:48:48,055 - root - DEBUG - extracting E:\Codez\zepp-bip3-wf\947282340d3fe935e9a2cba9bea72b76\0014.png...
2023-07-09 17:48:48,055 - root - DEBUG - extracting E:\Codez\zepp-bip3-wf\947282340d3fe935e9a2cba9bea72b76\0015.png...
2023-07-09 17:48:48,070 - root - DEBUG - extracting E:\Codez\zepp-bip3-wf\947282340d3fe935e9a2cba9bea72b76\0016.png...
2023-07-09 17:48:48,070 - root - DEBUG - extracting E:\Codez\zepp-bip3-wf\947282340d3fe935e9a2cba9bea72b76\0017.png...
2023-07-09 17:48:48,070 - root - DEBUG - extracting E:\Codez\zepp-bip3-wf\947282340d3fe935e9a2cba9bea72b76\0018.png...
2023-07-09 17:48:48,070 - root - DEBUG - extracting E:\Codez\zepp-bip3-wf\947282340d3fe935e9a2cba9bea72b76\0019.png...
2023-07-09 17:48:48,070 - root - DEBUG - extracting E:\Codez\zepp-bip3-wf\947282340d3fe935e9a2cba9bea72b76\0020.png...
2023-07-09 17:48:48,086 - root - DEBUG - extracting E:\Codez\zepp-bip3-wf\947282340d3fe935e9a2cba9bea72b76\0021.png...
2023-07-09 17:48:48,086 - root - DEBUG - extracting E:\Codez\zepp-bip3-wf\947282340d3fe935e9a2cba9bea72b76\0022.png...
2023-07-09 17:48:48,086 - root - DEBUG - extracting E:\Codez\zepp-bip3-wf\947282340d3fe935e9a2cba9bea72b76\0023.png...
2023-07-09 17:48:48,086 - root - DEBUG - extracting E:\Codez\zepp-bip3-wf\947282340d3fe935e9a2cba9bea72b76\0024.png...
2023-07-09 17:48:48,086 - root - DEBUG - extracting E:\Codez\zepp-bip3-wf\947282340d3fe935e9a2cba9bea72b76\0025.png...
2023-07-09 17:48:48,086 - root - DEBUG - extracting E:\Codez\zepp-bip3-wf\947282340d3fe935e9a2cba9bea72b76\0026.png...
2023-07-09 17:48:48,086 - root - DEBUG - extracting E:\Codez\zepp-bip3-wf\947282340d3fe935e9a2cba9bea72b76\0027.png...
2023-07-09 17:48:48,086 - root - DEBUG - extracting E:\Codez\zepp-bip3-wf\947282340d3fe935e9a2cba9bea72b76\0028.png...
2023-07-09 17:48:48,086 - root - DEBUG - extracting E:\Codez\zepp-bip3-wf\947282340d3fe935e9a2cba9bea72b76\0029.png...
2023-07-09 17:48:48,086 - root - DEBUG - extracting E:\Codez\zepp-bip3-wf\947282340d3fe935e9a2cba9bea72b76\0030.png...
2023-07-09 17:48:48,086 - root - DEBUG - extracting E:\Codez\zepp-bip3-wf\947282340d3fe935e9a2cba9bea72b76\0031.png...
2023-07-09 17:48:48,102 - root - DEBUG - extracting E:\Codez\zepp-bip3-wf\947282340d3fe935e9a2cba9bea72b76\0032.png...
2023-07-09 17:48:48,102 - root - DEBUG - extracting E:\Codez\zepp-bip3-wf\947282340d3fe935e9a2cba9bea72b76\0033.png...
2023-07-09 17:48:48,102 - root - DEBUG - extracting E:\Codez\zepp-bip3-wf\947282340d3fe935e9a2cba9bea72b76\0034.png...
2023-07-09 17:48:48,102 - root - DEBUG - extracting E:\Codez\zepp-bip3-wf\947282340d3fe935e9a2cba9bea72b76\0035.png...
2023-07-09 17:48:48,102 - root - DEBUG - extracting E:\Codez\zepp-bip3-wf\947282340d3fe935e9a2cba9bea72b76\0036.png...
2023-07-09 17:48:48,102 - root - DEBUG - extracting E:\Codez\zepp-bip3-wf\947282340d3fe935e9a2cba9bea72b76\0037.png...
2023-07-09 17:48:48,102 - root - DEBUG - extracting E:\Codez\zepp-bip3-wf\947282340d3fe935e9a2cba9bea72b76\0038.png...
2023-07-09 17:48:48,102 - root - DEBUG - extracting E:\Codez\zepp-bip3-wf\947282340d3fe935e9a2cba9bea72b76\0039.png...
2023-07-09 17:48:48,102 - root - DEBUG - extracting E:\Codez\zepp-bip3-wf\947282340d3fe935e9a2cba9bea72b76\0040.png...
2023-07-09 17:48:48,102 - root - DEBUG - extracting E:\Codez\zepp-bip3-wf\947282340d3fe935e9a2cba9bea72b76\0041.png...
2023-07-09 17:48:48,117 - root - DEBUG - extracting E:\Codez\zepp-bip3-wf\947282340d3fe935e9a2cba9bea72b76\0042.png...
2023-07-09 17:48:48,117 - root - DEBUG - extracting E:\Codez\zepp-bip3-wf\947282340d3fe935e9a2cba9bea72b76\0043.png...
2023-07-09 17:48:48,117 - root - DEBUG - extracting E:\Codez\zepp-bip3-wf\947282340d3fe935e9a2cba9bea72b76\0044.png...
2023-07-09 17:48:48,117 - root - DEBUG - extracting E:\Codez\zepp-bip3-wf\947282340d3fe935e9a2cba9bea72b76\0045.png...
2023-07-09 17:48:48,117 - root - DEBUG - extracting E:\Codez\zepp-bip3-wf\947282340d3fe935e9a2cba9bea72b76\0046.png...
2023-07-09 17:48:48,117 - root - DEBUG - extracting E:\Codez\zepp-bip3-wf\947282340d3fe935e9a2cba9bea72b76\0047.png...
2023-07-09 17:48:48,117 - root - DEBUG - extracting E:\Codez\zepp-bip3-wf\947282340d3fe935e9a2cba9bea72b76\0048.png...
2023-07-09 17:48:48,117 - root - DEBUG - extracting E:\Codez\zepp-bip3-wf\947282340d3fe935e9a2cba9bea72b76\0049.png...
2023-07-09 17:48:48,117 - root - DEBUG - extracting E:\Codez\zepp-bip3-wf\947282340d3fe935e9a2cba9bea72b76\0050.png...
2023-07-09 17:48:48,117 - root - DEBUG - Exporting config...
