2023-07-09 17:47:49,459 - root - DEBUG - Opening watch face 'E:\Codez\zepp-bip3-wf\26db4fe6d7c90336259b90056f1dd287.bin'
2023-07-09 17:47:49,459 - root - DEBUG - Reading parameters...
2023-07-09 17:47:49,459 - root - INFO - Reading header...
2023-07-09 17:47:49,475 - root - INFO - Header was read:
2023-07-09 17:47:49,475 - root - INFO - Signature: b'UIHH\x01\x00\xff', Unknown: 81, ParametersSize: 39, isValid: True, deviceId: 71
2023-07-09 17:47:49,475 - root - INFO - Reading parameter offsets...
2023-07-09 17:47:49,475 - root - INFO - Parameter offsets were read from file
2023-07-09 17:47:49,475 - root - INFO - Reading parameters descriptor...
2023-07-09 17:47:49,475 - root - INFO - 1 ( A): 5 bytes
2023-07-09 17:47:49,475 - root - INFO -     1 ( 8): 243 F3
2023-07-09 17:47:49,475 - root - INFO -     2 (10): 82 52
2023-07-09 17:47:49,475 - root - INFO - getParameters descriptor was read:
2023-07-09 17:47:49,475 - root - INFO - ParametersTableLength: 243, ImagesCount: 82
2023-07-09 17:47:49,475 - root - INFO - Reading parameters locations...
2023-07-09 17:47:49,475 - root - INFO - 2 (12): 4 bytes
2023-07-09 17:47:49,475 - root - INFO -     1 ( 8): 0  0
2023-07-09 17:47:49,475 - root - INFO -     2 (10): 32 20
2023-07-09 17:47:49,475 - root - INFO - 3 (1A): 4 bytes
2023-07-09 17:47:49,475 - root - INFO -     1 ( 8): 32 20
2023-07-09 17:47:49,475 - root - INFO -     2 (10): 53 35
2023-07-09 17:47:49,475 - root - INFO - 4 (22): 5 bytes
2023-07-09 17:47:49,475 - root - INFO -     1 ( 8): 166 A6
2023-07-09 17:47:49,475 - root - INFO -     2 (10): 53 35
2023-07-09 17:47:49,475 - root - INFO - 5 (2A): 4 bytes
2023-07-09 17:47:49,475 - root - INFO -     1 ( 8): 85 55
2023-07-09 17:47:49,475 - root - INFO -     2 (10): 81 51
2023-07-09 17:47:49,475 - root - INFO - 9 (4A): 5 bytes
2023-07-09 17:47:49,475 - root - INFO -     1 ( 8): 219 DB
2023-07-09 17:47:49,475 - root - INFO -     2 (10): 24 18
2023-07-09 17:47:49,475 - root - INFO - Watch face parameters locations were read:
2023-07-09 17:47:49,475 - root - INFO - Reading descriptor for parameter 2
2023-07-09 17:47:49,475 - root - INFO - Descriptor offset: 0, Descriptor length: 32
2023-07-09 17:47:49,475 - root - INFO - Parsing descriptor for parameter 2...
2023-07-09 17:47:49,475 - root - INFO - 1 ( A): 6 bytes
2023-07-09 17:47:49,475 - root - INFO -     1 ( 8): 0  0
2023-07-09 17:47:49,475 - root - INFO -     2 (10): 0  0
2023-07-09 17:47:49,475 - root - INFO -     3 (18): 2  2
2023-07-09 17:47:49,475 - root - INFO - 3 (1A): 6 bytes
2023-07-09 17:47:49,475 - root - INFO -     1 ( 8): 0  0
2023-07-09 17:47:49,475 - root - INFO -     2 (10): 0  0
2023-07-09 17:47:49,475 - root - INFO -     3 (18): 1  1
2023-07-09 17:47:49,475 - root - INFO - 4 (22): 6 bytes
2023-07-09 17:47:49,475 - root - INFO -     1 ( 8): 0  0
2023-07-09 17:47:49,475 - root - INFO -     2 (10): 0  0
2023-07-09 17:47:49,475 - root - INFO -     3 (18): 0  0
2023-07-09 17:47:49,475 - root - INFO - 5 (2A): 6 bytes
2023-07-09 17:47:49,475 - root - INFO -     1 ( 8): 0  0
2023-07-09 17:47:49,475 - root - INFO -     2 (10): 0  0
2023-07-09 17:47:49,475 - root - INFO -     3 (18): 0  0
2023-07-09 17:47:49,475 - root - INFO - Reading descriptor for parameter 3
2023-07-09 17:47:49,475 - root - INFO - Descriptor offset: 32, Descriptor length: 53
2023-07-09 17:47:49,475 - root - INFO - Parsing descriptor for parameter 3...
2023-07-09 17:47:49,475 - root - INFO - 1 ( A): 51 bytes
2023-07-09 17:47:49,475 - root - INFO -     1 ( A): 20 bytes
2023-07-09 17:47:49,475 - root - INFO -         1 ( A): 8 bytes
2023-07-09 17:47:49,475 - root - INFO -             1 ( 8): 14  E
2023-07-09 17:47:49,475 - root - INFO -             2 (10): 45 2D
2023-07-09 17:47:49,475 - root - INFO -             3 (18): 3  3
2023-07-09 17:47:49,475 - root - INFO -             4 (20): 10  A
2023-07-09 17:47:49,475 - root - INFO -         2 (12): 8 bytes
2023-07-09 17:47:49,475 - root - INFO -             1 ( 8): 90 5A
2023-07-09 17:47:49,475 - root - INFO -             2 (10): 45 2D
2023-07-09 17:47:49,475 - root - INFO -             3 (18): 3  3
2023-07-09 17:47:49,475 - root - INFO -             4 (20): 10  A
2023-07-09 17:47:49,475 - root - INFO -     2 (12): 23 bytes
2023-07-09 17:47:49,475 - root - INFO -         1 ( A): 9 bytes
2023-07-09 17:47:49,475 - root - INFO -             1 ( 8): 71 47
2023-07-09 17:47:49,475 - root - INFO -             2 (10): 137 89
2023-07-09 17:47:49,475 - root - INFO -             3 (18): 13  D
2023-07-09 17:47:49,475 - root - INFO -             4 (20): 10  A
2023-07-09 17:47:49,475 - root - INFO -         2 (12): 10 bytes
2023-07-09 17:47:49,475 - root - INFO -             1 ( 8): 147 93
2023-07-09 17:47:49,475 - root - INFO -             2 (10): 137 89
2023-07-09 17:47:49,475 - root - INFO -             3 (18): 13  D
2023-07-09 17:47:49,475 - root - INFO -             4 (20): 10  A
2023-07-09 17:47:49,475 - root - INFO -     7 (38): 0  0
2023-07-09 17:47:49,475 - root - INFO -     8 (40): 1  1
2023-07-09 17:47:49,475 - root - INFO - Reading descriptor for parameter 4
2023-07-09 17:47:49,475 - root - INFO - Descriptor offset: 166, Descriptor length: 53
2023-07-09 17:47:49,475 - root - INFO - Parsing descriptor for parameter 4...
2023-07-09 17:47:49,475 - root - INFO - 1 ( A): 23 bytes
2023-07-09 17:47:49,475 - root - INFO -     1 ( A): 21 bytes
2023-07-09 17:47:49,475 - root - INFO -         1 ( 8): 93 5D
2023-07-09 17:47:49,475 - root - INFO -         2 (10): 240 F0
2023-07-09 17:47:49,475 - root - INFO -         3 (18): 157 9D
2023-07-09 17:47:49,475 - root - INFO -         4 (20): 258 102
2023-07-09 17:47:49,475 - root - INFO -         5 (28): 18 12
2023-07-09 17:47:49,475 - root - INFO -         6 (30): 0  0
2023-07-09 17:47:49,475 - root - INFO -         7 (38): 0  0
2023-07-09 17:47:49,475 - root - INFO -         8 (40): 51 33
2023-07-09 17:47:49,475 - root - INFO -         9 (48): 10  A
2023-07-09 17:47:49,475 - root - INFO - 4 (22): 24 bytes
2023-07-09 17:47:49,475 - root - INFO -     1 ( A): 20 bytes
2023-07-09 17:47:49,475 - root - INFO -         1 ( 8): 164 A4
2023-07-09 17:47:49,475 - root - INFO -         2 (10): 93 5D
2023-07-09 17:47:49,475 - root - INFO -         3 (18): 218 DA
2023-07-09 17:47:49,475 - root - INFO -         4 (20): 113 71
2023-07-09 17:47:49,475 - root - INFO -         5 (28): 24 18
2023-07-09 17:47:49,475 - root - INFO -         6 (30): 0  0
2023-07-09 17:47:49,491 - root - INFO -         7 (38): 0  0
2023-07-09 17:47:49,491 - root - INFO -         8 (40): 61 3D
2023-07-09 17:47:49,491 - root - INFO -         9 (48): 10  A
2023-07-09 17:47:49,491 - root - INFO -     3 (18): 71 47
2023-07-09 17:47:49,491 - root - INFO - 7 (38): 0  0
2023-07-09 17:47:49,491 - root - INFO - Reading descriptor for parameter 5
2023-07-09 17:47:49,491 - root - INFO - Descriptor offset: 85, Descriptor length: 81
2023-07-09 17:47:49,491 - root - INFO - Parsing descriptor for parameter 5...
2023-07-09 17:47:49,491 - root - INFO - 1 ( A): 34 bytes
2023-07-09 17:47:49,491 - root - INFO -     9 (4A): 26 bytes
2023-07-09 17:47:49,491 - root - INFO -         3 (1A): 20 bytes
2023-07-09 17:47:49,491 - root - INFO -             1 ( 8): 131 83
2023-07-09 17:47:49,491 - root - INFO -             2 (10): 17 11
2023-07-09 17:47:49,491 - root - INFO -             3 (18): 163 A3
2023-07-09 17:47:49,491 - root - INFO -             4 (20): 35 23
2023-07-09 17:47:49,491 - root - INFO -             5 (28): 64 40
2023-07-09 17:47:49,491 - root - INFO -             6 (30): 0  0
2023-07-09 17:47:49,491 - root - INFO -             7 (38): 0  0
2023-07-09 17:47:49,491 - root - INFO -             8 (40): 23 17
2023-07-09 17:47:49,491 - root - INFO -             9 (48): 10  A
2023-07-09 17:47:49,491 - root - INFO -         4 (20): 0  0
2023-07-09 17:47:49,491 - root - INFO -         5 (28): 0  0
2023-07-09 17:47:49,491 - root - INFO -     4 (20): 1  1
2023-07-09 17:47:49,491 - root - INFO -     5 (28): 1  1
2023-07-09 17:47:49,491 - root - INFO -     6 (30): 0  0
2023-07-09 17:47:49,491 - root - INFO - 2 (12): 13 bytes
2023-07-09 17:47:49,491 - root - INFO -     1 ( 8): 178 B2
2023-07-09 17:47:49,491 - root - INFO -     2 (10): 50 32
2023-07-09 17:47:49,491 - root - INFO -     3 (18): 47 2F
2023-07-09 17:47:49,491 - root - INFO -     4 (20): 48 30
2023-07-09 17:47:49,491 - root - INFO -     5 (28): 49 31
2023-07-09 17:47:49,491 - root - INFO -     6 (30): 50 32
2023-07-09 17:47:49,491 - root - INFO - 4 (22): 8 bytes
2023-07-09 17:47:49,491 - root - INFO -     1 ( 8): 71 47
2023-07-09 17:47:49,491 - root - INFO -     2 (10): 17 11
2023-07-09 17:47:49,491 - root - INFO -     3 (18): 33 21
2023-07-09 17:47:49,491 - root - INFO -     4 (20): 7  7
2023-07-09 17:47:49,491 - root - INFO - 5 (2A): 8 bytes
2023-07-09 17:47:49,491 - root - INFO -     1 ( 8): 71 47
2023-07-09 17:47:49,491 - root - INFO -     2 (10): 17 11
2023-07-09 17:47:49,491 - root - INFO -     3 (18): 40 28
2023-07-09 17:47:49,491 - root - INFO -     4 (20): 7  7
2023-07-09 17:47:49,491 - root - INFO - 6 (32): 8 bytes
2023-07-09 17:47:49,491 - root - INFO -     1 ( 8): 71 47
2023-07-09 17:47:49,491 - root - INFO -     2 (10): 17 11
2023-07-09 17:47:49,491 - root - INFO -     3 (18): 40 28
2023-07-09 17:47:49,491 - root - INFO -     4 (20): 7  7
2023-07-09 17:47:49,491 - root - INFO - Reading descriptor for parameter 9
2023-07-09 17:47:49,491 - root - INFO - Descriptor offset: 219, Descriptor length: 24
2023-07-09 17:47:49,491 - root - INFO - Parsing descriptor for parameter 9...
2023-07-09 17:47:49,491 - root - INFO - 1 ( A): 22 bytes
2023-07-09 17:47:49,491 - root - INFO -     1 ( A): 20 bytes
2023-07-09 17:47:49,491 - root - INFO -         1 ( 8): 5  5
2023-07-09 17:47:49,491 - root - INFO -         2 (10): 191 BF
2023-07-09 17:47:49,491 - root - INFO -         3 (18): 59 3B
2023-07-09 17:47:49,491 - root - INFO -         4 (20): 211 D3
2023-07-09 17:47:49,491 - root - INFO -         5 (28): 24 18
2023-07-09 17:47:49,491 - root - INFO -         6 (30): 0  0
2023-07-09 17:47:49,491 - root - INFO -         7 (38): 0  0
2023-07-09 17:47:49,491 - root - INFO -         8 (40): 72 48
2023-07-09 17:47:49,491 - root - INFO -         9 (48): 10  A
2023-07-09 17:47:49,506 - root - INFO - Reading resources offsets table with 82 elements (328 bytes)
2023-07-09 17:47:49,506 - root - INFO - Resource 0 offset: 697, length: 51224...
2023-07-09 17:47:49,506 - root - DEBUG - Reading resource 0...
2023-07-09 17:47:49,553 - root - INFO - The image is bmc.
2023-07-09 17:47:49,553 - root - INFO - Reading image header(readHeader16C)...
2023-07-09 17:47:49,553 - root - INFO - Image header was read:
2023-07-09 17:47:49,553 - root - INFO - Width: 148, Height: 173, RowLength: 296
2023-07-09 17:47:49,553 - root - INFO - _step: 2, unknown2: 0,
2023-07-09 17:47:49,553 - root - INFO - BPP: 16, Transparency: False
2023-07-09 17:47:49,793 - root - INFO - Resource 1 offset: 51921, length: 51224...
2023-07-09 17:47:49,793 - root - DEBUG - Reading resource 1...
2023-07-09 17:47:49,793 - root - INFO - The image is bmc.
2023-07-09 17:47:49,793 - root - INFO - Reading image header(readHeader16C)...
2023-07-09 17:47:49,793 - root - INFO - Image header was read:
2023-07-09 17:47:49,793 - root - INFO - Width: 148, Height: 173, RowLength: 296
2023-07-09 17:47:49,793 - root - INFO - _step: 2, unknown2: 0,
2023-07-09 17:47:49,793 - root - INFO - BPP: 16, Transparency: False
2023-07-09 17:47:49,965 - root - INFO - Resource 2 offset: 103145, length: 134416...
2023-07-09 17:47:49,965 - root - DEBUG - Reading resource 2...
2023-07-09 17:47:49,965 - root - INFO - The image is bmc.
2023-07-09 17:47:49,965 - root - INFO - Reading image header(readHeader16C)...
2023-07-09 17:47:49,965 - root - INFO - Image header was read:
2023-07-09 17:47:49,965 - root - INFO - Width: 240, Height: 280, RowLength: 480
2023-07-09 17:47:49,965 - root - INFO - _step: 2, unknown2: 0,
2023-07-09 17:47:49,965 - root - INFO - BPP: 16, Transparency: False
2023-07-09 17:47:50,433 - root - INFO - Resource 3 offset: 237561, length: 16888...
2023-07-09 17:47:50,433 - root - DEBUG - Reading resource 3...
2023-07-09 17:47:50,433 - root - INFO - The image is bmc.
2023-07-09 17:47:50,433 - root - INFO - Reading image header(readHeader16C)...
2023-07-09 17:47:50,433 - root - INFO - Image header was read:
2023-07-09 17:47:50,433 - root - INFO - Width: 74, Height: 76, RowLength: 222
2023-07-09 17:47:50,433 - root - INFO - _step: 3, unknown2: 0,
2023-07-09 17:47:50,433 - root - INFO - BPP: 24, Transparency: False
2023-07-09 17:47:50,479 - root - INFO - Resource 4 offset: 254449, length: 16888...
2023-07-09 17:47:50,479 - root - DEBUG - Reading resource 4...
2023-07-09 17:47:50,479 - root - INFO - The image is bmc.
2023-07-09 17:47:50,479 - root - INFO - Reading image header(readHeader16C)...
2023-07-09 17:47:50,479 - root - INFO - Image header was read:
2023-07-09 17:47:50,479 - root - INFO - Width: 74, Height: 76, RowLength: 222
2023-07-09 17:47:50,479 - root - INFO - _step: 3, unknown2: 0,
2023-07-09 17:47:50,479 - root - INFO - BPP: 24, Transparency: False
2023-07-09 17:47:50,511 - root - INFO - Resource 5 offset: 271337, length: 16888...
2023-07-09 17:47:50,511 - root - DEBUG - Reading resource 5...
2023-07-09 17:47:50,511 - root - INFO - The image is bmc.
2023-07-09 17:47:50,511 - root - INFO - Reading image header(readHeader16C)...
2023-07-09 17:47:50,511 - root - INFO - Image header was read:
2023-07-09 17:47:50,511 - root - INFO - Width: 74, Height: 76, RowLength: 222
2023-07-09 17:47:50,511 - root - INFO - _step: 3, unknown2: 0,
2023-07-09 17:47:50,511 - root - INFO - BPP: 24, Transparency: False
2023-07-09 17:47:50,558 - root - INFO - Resource 6 offset: 288225, length: 16888...
2023-07-09 17:47:50,558 - root - DEBUG - Reading resource 6...
2023-07-09 17:47:50,558 - root - INFO - The image is bmc.
2023-07-09 17:47:50,558 - root - INFO - Reading image header(readHeader16C)...
2023-07-09 17:47:50,558 - root - INFO - Image header was read:
2023-07-09 17:47:50,558 - root - INFO - Width: 74, Height: 76, RowLength: 222
2023-07-09 17:47:50,558 - root - INFO - _step: 3, unknown2: 0,
2023-07-09 17:47:50,558 - root - INFO - BPP: 24, Transparency: False
2023-07-09 17:47:50,589 - root - INFO - Resource 7 offset: 305113, length: 16888...
2023-07-09 17:47:50,589 - root - DEBUG - Reading resource 7...
2023-07-09 17:47:50,589 - root - INFO - The image is bmc.
2023-07-09 17:47:50,589 - root - INFO - Reading image header(readHeader16C)...
2023-07-09 17:47:50,589 - root - INFO - Image header was read:
2023-07-09 17:47:50,589 - root - INFO - Width: 74, Height: 76, RowLength: 222
2023-07-09 17:47:50,589 - root - INFO - _step: 3, unknown2: 0,
2023-07-09 17:47:50,589 - root - INFO - BPP: 24, Transparency: False
2023-07-09 17:47:50,620 - root - INFO - Resource 8 offset: 322001, length: 16888...
2023-07-09 17:47:50,620 - root - DEBUG - Reading resource 8...
2023-07-09 17:47:50,620 - root - INFO - The image is bmc.
2023-07-09 17:47:50,620 - root - INFO - Reading image header(readHeader16C)...
2023-07-09 17:47:50,636 - root - INFO - Image header was read:
2023-07-09 17:47:50,636 - root - INFO - Width: 74, Height: 76, RowLength: 222
2023-07-09 17:47:50,636 - root - INFO - _step: 3, unknown2: 0,
2023-07-09 17:47:50,636 - root - INFO - BPP: 24, Transparency: False
2023-07-09 17:47:50,667 - root - INFO - Resource 9 offset: 338889, length: 16888...
2023-07-09 17:47:50,667 - root - DEBUG - Reading resource 9...
2023-07-09 17:47:50,667 - root - INFO - The image is bmc.
2023-07-09 17:47:50,667 - root - INFO - Reading image header(readHeader16C)...
2023-07-09 17:47:50,667 - root - INFO - Image header was read:
2023-07-09 17:47:50,667 - root - INFO - Width: 74, Height: 76, RowLength: 222
2023-07-09 17:47:50,667 - root - INFO - _step: 3, unknown2: 0,
2023-07-09 17:47:50,667 - root - INFO - BPP: 24, Transparency: False
2023-07-09 17:47:50,698 - root - INFO - Resource 10 offset: 355777, length: 16888...
2023-07-09 17:47:50,698 - root - DEBUG - Reading resource 10...
2023-07-09 17:47:50,698 - root - INFO - The image is bmc.
2023-07-09 17:47:50,698 - root - INFO - Reading image header(readHeader16C)...
2023-07-09 17:47:50,698 - root - INFO - Image header was read:
2023-07-09 17:47:50,698 - root - INFO - Width: 74, Height: 76, RowLength: 222
2023-07-09 17:47:50,698 - root - INFO - _step: 3, unknown2: 0,
2023-07-09 17:47:50,698 - root - INFO - BPP: 24, Transparency: False
2023-07-09 17:47:50,736 - root - INFO - Resource 11 offset: 372665, length: 16888...
2023-07-09 17:47:50,736 - root - DEBUG - Reading resource 11...
2023-07-09 17:47:50,736 - root - INFO - The image is bmc.
2023-07-09 17:47:50,736 - root - INFO - Reading image header(readHeader16C)...
2023-07-09 17:47:50,736 - root - INFO - Image header was read:
2023-07-09 17:47:50,736 - root - INFO - Width: 74, Height: 76, RowLength: 222
2023-07-09 17:47:50,736 - root - INFO - _step: 3, unknown2: 0,
2023-07-09 17:47:50,736 - root - INFO - BPP: 24, Transparency: False
2023-07-09 17:47:50,783 - root - INFO - Resource 12 offset: 389553, length: 16888...
2023-07-09 17:47:50,783 - root - DEBUG - Reading resource 12...
2023-07-09 17:47:50,783 - root - INFO - The image is bmc.
2023-07-09 17:47:50,783 - root - INFO - Reading image header(readHeader16C)...
2023-07-09 17:47:50,783 - root - INFO - Image header was read:
2023-07-09 17:47:50,783 - root - INFO - Width: 74, Height: 76, RowLength: 222
2023-07-09 17:47:50,783 - root - INFO - _step: 3, unknown2: 0,
2023-07-09 17:47:50,783 - root - INFO - BPP: 24, Transparency: False
2023-07-09 17:47:50,814 - root - INFO - Resource 13 offset: 406441, length: 16888...
2023-07-09 17:47:50,814 - root - DEBUG - Reading resource 13...
2023-07-09 17:47:50,814 - root - INFO - The image is bmc.
2023-07-09 17:47:50,814 - root - INFO - Reading image header(readHeader16C)...
2023-07-09 17:47:50,814 - root - INFO - Image header was read:
2023-07-09 17:47:50,814 - root - INFO - Width: 74, Height: 76, RowLength: 222
2023-07-09 17:47:50,814 - root - INFO - _step: 3, unknown2: 0,
2023-07-09 17:47:50,814 - root - INFO - BPP: 24, Transparency: False
2023-07-09 17:47:50,845 - root - INFO - Resource 14 offset: 423329, length: 16888...
2023-07-09 17:47:50,845 - root - DEBUG - Reading resource 14...
2023-07-09 17:47:50,845 - root - INFO - The image is bmc.
2023-07-09 17:47:50,845 - root - INFO - Reading image header(readHeader16C)...
2023-07-09 17:47:50,845 - root - INFO - Image header was read:
2023-07-09 17:47:50,845 - root - INFO - Width: 74, Height: 76, RowLength: 222
2023-07-09 17:47:50,845 - root - INFO - _step: 3, unknown2: 0,
2023-07-09 17:47:50,845 - root - INFO - BPP: 24, Transparency: False
2023-07-09 17:47:50,892 - root - INFO - Resource 15 offset: 440217, length: 16888...
2023-07-09 17:47:50,892 - root - DEBUG - Reading resource 15...
2023-07-09 17:47:50,892 - root - INFO - The image is bmc.
2023-07-09 17:47:50,892 - root - INFO - Reading image header(readHeader16C)...
2023-07-09 17:47:50,892 - root - INFO - Image header was read:
2023-07-09 17:47:50,892 - root - INFO - Width: 74, Height: 76, RowLength: 222
2023-07-09 17:47:50,892 - root - INFO - _step: 3, unknown2: 0,
2023-07-09 17:47:50,892 - root - INFO - BPP: 24, Transparency: False
2023-07-09 17:47:50,944 - root - INFO - Resource 16 offset: 457105, length: 16888...
2023-07-09 17:47:50,944 - root - DEBUG - Reading resource 16...
2023-07-09 17:47:50,945 - root - INFO - The image is bmc.
2023-07-09 17:47:50,945 - root - INFO - Reading image header(readHeader16C)...
2023-07-09 17:47:50,945 - root - INFO - Image header was read:
2023-07-09 17:47:50,945 - root - INFO - Width: 74, Height: 76, RowLength: 222
2023-07-09 17:47:50,945 - root - INFO - _step: 3, unknown2: 0,
2023-07-09 17:47:50,945 - root - INFO - BPP: 24, Transparency: False
2023-07-09 17:47:50,976 - root - INFO - Resource 17 offset: 473993, length: 16888...
2023-07-09 17:47:50,976 - root - DEBUG - Reading resource 17...
2023-07-09 17:47:50,976 - root - INFO - The image is bmc.
2023-07-09 17:47:50,976 - root - INFO - Reading image header(readHeader16C)...
2023-07-09 17:47:50,976 - root - INFO - Image header was read:
2023-07-09 17:47:50,976 - root - INFO - Width: 74, Height: 76, RowLength: 222
2023-07-09 17:47:50,992 - root - INFO - _step: 3, unknown2: 0,
2023-07-09 17:47:50,992 - root - INFO - BPP: 24, Transparency: False
2023-07-09 17:47:51,023 - root - INFO - Resource 18 offset: 490881, length: 16888...
2023-07-09 17:47:51,023 - root - DEBUG - Reading resource 18...
2023-07-09 17:47:51,023 - root - INFO - The image is bmc.
2023-07-09 17:47:51,023 - root - INFO - Reading image header(readHeader16C)...
2023-07-09 17:47:51,023 - root - INFO - Image header was read:
2023-07-09 17:47:51,023 - root - INFO - Width: 74, Height: 76, RowLength: 222
2023-07-09 17:47:51,023 - root - INFO - _step: 3, unknown2: 0,
2023-07-09 17:47:51,023 - root - INFO - BPP: 24, Transparency: False
2023-07-09 17:47:51,070 - root - INFO - Resource 19 offset: 507769, length: 16888...
2023-07-09 17:47:51,070 - root - DEBUG - Reading resource 19...
2023-07-09 17:47:51,070 - root - INFO - The image is bmc.
2023-07-09 17:47:51,070 - root - INFO - Reading image header(readHeader16C)...
2023-07-09 17:47:51,070 - root - INFO - Image header was read:
2023-07-09 17:47:51,070 - root - INFO - Width: 74, Height: 76, RowLength: 222
2023-07-09 17:47:51,070 - root - INFO - _step: 3, unknown2: 0,
2023-07-09 17:47:51,070 - root - INFO - BPP: 24, Transparency: False
2023-07-09 17:47:51,101 - root - INFO - Resource 20 offset: 524657, length: 16888...
2023-07-09 17:47:51,101 - root - DEBUG - Reading resource 20...
2023-07-09 17:47:51,101 - root - INFO - The image is bmc.
2023-07-09 17:47:51,101 - root - INFO - Reading image header(readHeader16C)...
2023-07-09 17:47:51,101 - root - INFO - Image header was read:
2023-07-09 17:47:51,101 - root - INFO - Width: 74, Height: 76, RowLength: 222
2023-07-09 17:47:51,101 - root - INFO - _step: 3, unknown2: 0,
2023-07-09 17:47:51,101 - root - INFO - BPP: 24, Transparency: False
2023-07-09 17:47:51,148 - root - INFO - Resource 21 offset: 541545, length: 16888...
2023-07-09 17:47:51,148 - root - DEBUG - Reading resource 21...
2023-07-09 17:47:51,148 - root - INFO - The image is bmc.
2023-07-09 17:47:51,148 - root - INFO - Reading image header(readHeader16C)...
2023-07-09 17:47:51,148 - root - INFO - Image header was read:
2023-07-09 17:47:51,148 - root - INFO - Width: 74, Height: 76, RowLength: 222
2023-07-09 17:47:51,148 - root - INFO - _step: 3, unknown2: 0,
2023-07-09 17:47:51,148 - root - INFO - BPP: 24, Transparency: False
2023-07-09 17:47:51,179 - root - INFO - Resource 22 offset: 558433, length: 16888...
2023-07-09 17:47:51,179 - root - DEBUG - Reading resource 22...
2023-07-09 17:47:51,179 - root - INFO - The image is bmc.
2023-07-09 17:47:51,179 - root - INFO - Reading image header(readHeader16C)...
2023-07-09 17:47:51,179 - root - INFO - Image header was read:
2023-07-09 17:47:51,179 - root - INFO - Width: 74, Height: 76, RowLength: 222
2023-07-09 17:47:51,179 - root - INFO - _step: 3, unknown2: 0,
2023-07-09 17:47:51,179 - root - INFO - BPP: 24, Transparency: False
2023-07-09 17:47:51,211 - root - INFO - Resource 23 offset: 575321, length: 880...
2023-07-09 17:47:51,211 - root - DEBUG - Reading resource 23...
2023-07-09 17:47:51,211 - root - INFO - The image is bmc.
2023-07-09 17:47:51,211 - root - INFO - Reading image header(readHeader16C)...
2023-07-09 17:47:51,211 - root - INFO - Image header was read:
2023-07-09 17:47:51,211 - root - INFO - Width: 16, Height: 18, RowLength: 48
2023-07-09 17:47:51,211 - root - INFO - _step: 3, unknown2: 0,
2023-07-09 17:47:51,211 - root - INFO - BPP: 24, Transparency: False
2023-07-09 17:47:51,226 - root - INFO - Resource 24 offset: 576201, length: 880...
2023-07-09 17:47:51,226 - root - DEBUG - Reading resource 24...
2023-07-09 17:47:51,226 - root - INFO - The image is bmc.
2023-07-09 17:47:51,226 - root - INFO - Reading image header(readHeader16C)...
2023-07-09 17:47:51,226 - root - INFO - Image header was read:
2023-07-09 17:47:51,226 - root - INFO - Width: 16, Height: 18, RowLength: 48
2023-07-09 17:47:51,226 - root - INFO - _step: 3, unknown2: 0,
2023-07-09 17:47:51,226 - root - INFO - BPP: 24, Transparency: False
2023-07-09 17:47:51,226 - root - INFO - Resource 25 offset: 577081, length: 880...
2023-07-09 17:47:51,226 - root - DEBUG - Reading resource 25...
2023-07-09 17:47:51,226 - root - INFO - The image is bmc.
2023-07-09 17:47:51,226 - root - INFO - Reading image header(readHeader16C)...
2023-07-09 17:47:51,226 - root - INFO - Image header was read:
2023-07-09 17:47:51,226 - root - INFO - Width: 16, Height: 18, RowLength: 48
2023-07-09 17:47:51,226 - root - INFO - _step: 3, unknown2: 0,
2023-07-09 17:47:51,226 - root - INFO - BPP: 24, Transparency: False
2023-07-09 17:47:51,226 - root - INFO - Resource 26 offset: 577961, length: 880...
2023-07-09 17:47:51,226 - root - DEBUG - Reading resource 26...
2023-07-09 17:47:51,226 - root - INFO - The image is bmc.
2023-07-09 17:47:51,226 - root - INFO - Reading image header(readHeader16C)...
2023-07-09 17:47:51,226 - root - INFO - Image header was read:
2023-07-09 17:47:51,226 - root - INFO - Width: 16, Height: 18, RowLength: 48
2023-07-09 17:47:51,226 - root - INFO - _step: 3, unknown2: 0,
2023-07-09 17:47:51,226 - root - INFO - BPP: 24, Transparency: False
2023-07-09 17:47:51,226 - root - INFO - Resource 27 offset: 578841, length: 880...
2023-07-09 17:47:51,226 - root - DEBUG - Reading resource 27...
2023-07-09 17:47:51,226 - root - INFO - The image is bmc.
2023-07-09 17:47:51,226 - root - INFO - Reading image header(readHeader16C)...
2023-07-09 17:47:51,226 - root - INFO - Image header was read:
2023-07-09 17:47:51,226 - root - INFO - Width: 16, Height: 18, RowLength: 48
2023-07-09 17:47:51,226 - root - INFO - _step: 3, unknown2: 0,
2023-07-09 17:47:51,226 - root - INFO - BPP: 24, Transparency: False
2023-07-09 17:47:51,226 - root - INFO - Resource 28 offset: 579721, length: 880...
2023-07-09 17:47:51,226 - root - DEBUG - Reading resource 28...
2023-07-09 17:47:51,226 - root - INFO - The image is bmc.
2023-07-09 17:47:51,226 - root - INFO - Reading image header(readHeader16C)...
2023-07-09 17:47:51,226 - root - INFO - Image header was read:
2023-07-09 17:47:51,226 - root - INFO - Width: 16, Height: 18, RowLength: 48
2023-07-09 17:47:51,226 - root - INFO - _step: 3, unknown2: 0,
2023-07-09 17:47:51,226 - root - INFO - BPP: 24, Transparency: False
2023-07-09 17:47:51,226 - root - INFO - Resource 29 offset: 580601, length: 880...
2023-07-09 17:47:51,226 - root - DEBUG - Reading resource 29...
2023-07-09 17:47:51,226 - root - INFO - The image is bmc.
2023-07-09 17:47:51,226 - root - INFO - Reading image header(readHeader16C)...
2023-07-09 17:47:51,226 - root - INFO - Image header was read:
2023-07-09 17:47:51,242 - root - INFO - Width: 16, Height: 18, RowLength: 48
2023-07-09 17:47:51,242 - root - INFO - _step: 3, unknown2: 0,
2023-07-09 17:47:51,242 - root - INFO - BPP: 24, Transparency: False
2023-07-09 17:47:51,242 - root - INFO - Resource 30 offset: 581481, length: 880...
2023-07-09 17:47:51,242 - root - DEBUG - Reading resource 30...
2023-07-09 17:47:51,242 - root - INFO - The image is bmc.
2023-07-09 17:47:51,242 - root - INFO - Reading image header(readHeader16C)...
2023-07-09 17:47:51,242 - root - INFO - Image header was read:
2023-07-09 17:47:51,242 - root - INFO - Width: 16, Height: 18, RowLength: 48
2023-07-09 17:47:51,242 - root - INFO - _step: 3, unknown2: 0,
2023-07-09 17:47:51,242 - root - INFO - BPP: 24, Transparency: False
2023-07-09 17:47:51,242 - root - INFO - Resource 31 offset: 582361, length: 880...
2023-07-09 17:47:51,242 - root - DEBUG - Reading resource 31...
2023-07-09 17:47:51,242 - root - INFO - The image is bmc.
2023-07-09 17:47:51,242 - root - INFO - Reading image header(readHeader16C)...
2023-07-09 17:47:51,242 - root - INFO - Image header was read:
2023-07-09 17:47:51,242 - root - INFO - Width: 16, Height: 18, RowLength: 48
2023-07-09 17:47:51,242 - root - INFO - _step: 3, unknown2: 0,
2023-07-09 17:47:51,242 - root - INFO - BPP: 24, Transparency: False
2023-07-09 17:47:51,242 - root - INFO - Resource 32 offset: 583241, length: 880...
2023-07-09 17:47:51,242 - root - DEBUG - Reading resource 32...
2023-07-09 17:47:51,242 - root - INFO - The image is bmc.
2023-07-09 17:47:51,242 - root - INFO - Reading image header(readHeader16C)...
2023-07-09 17:47:51,242 - root - INFO - Image header was read:
2023-07-09 17:47:51,242 - root - INFO - Width: 16, Height: 18, RowLength: 48
2023-07-09 17:47:51,242 - root - INFO - _step: 3, unknown2: 0,
2023-07-09 17:47:51,242 - root - INFO - BPP: 24, Transparency: False
2023-07-09 17:47:51,242 - root - INFO - Resource 33 offset: 584121, length: 3148...
2023-07-09 17:47:51,242 - root - DEBUG - Reading resource 33...
2023-07-09 17:47:51,242 - root - INFO - The image is bmc.
2023-07-09 17:47:51,242 - root - INFO - Reading image header(readHeader16C)...
2023-07-09 17:47:51,242 - root - INFO - Image header was read:
2023-07-09 17:47:51,242 - root - INFO - Width: 58, Height: 18, RowLength: 174
2023-07-09 17:47:51,242 - root - INFO - _step: 3, unknown2: 0,
2023-07-09 17:47:51,242 - root - INFO - BPP: 24, Transparency: False
2023-07-09 17:47:51,257 - root - INFO - Resource 34 offset: 587269, length: 3148...
2023-07-09 17:47:51,257 - root - DEBUG - Reading resource 34...
2023-07-09 17:47:51,257 - root - INFO - The image is bmc.
2023-07-09 17:47:51,257 - root - INFO - Reading image header(readHeader16C)...
2023-07-09 17:47:51,257 - root - INFO - Image header was read:
2023-07-09 17:47:51,257 - root - INFO - Width: 58, Height: 18, RowLength: 174
2023-07-09 17:47:51,257 - root - INFO - _step: 3, unknown2: 0,
2023-07-09 17:47:51,257 - root - INFO - BPP: 24, Transparency: False
2023-07-09 17:47:51,257 - root - INFO - Resource 35 offset: 590417, length: 3148...
2023-07-09 17:47:51,257 - root - DEBUG - Reading resource 35...
2023-07-09 17:47:51,257 - root - INFO - The image is bmc.
2023-07-09 17:47:51,257 - root - INFO - Reading image header(readHeader16C)...
2023-07-09 17:47:51,257 - root - INFO - Image header was read:
2023-07-09 17:47:51,257 - root - INFO - Width: 58, Height: 18, RowLength: 174
2023-07-09 17:47:51,257 - root - INFO - _step: 3, unknown2: 0,
2023-07-09 17:47:51,257 - root - INFO - BPP: 24, Transparency: False
2023-07-09 17:47:51,273 - root - INFO - Resource 36 offset: 593565, length: 3148...
2023-07-09 17:47:51,273 - root - DEBUG - Reading resource 36...
2023-07-09 17:47:51,273 - root - INFO - The image is bmc.
2023-07-09 17:47:51,273 - root - INFO - Reading image header(readHeader16C)...
2023-07-09 17:47:51,273 - root - INFO - Image header was read:
2023-07-09 17:47:51,273 - root - INFO - Width: 58, Height: 18, RowLength: 174
2023-07-09 17:47:51,273 - root - INFO - _step: 3, unknown2: 0,
2023-07-09 17:47:51,273 - root - INFO - BPP: 24, Transparency: False
2023-07-09 17:47:51,273 - root - INFO - Resource 37 offset: 596713, length: 3148...
2023-07-09 17:47:51,273 - root - DEBUG - Reading resource 37...
2023-07-09 17:47:51,273 - root - INFO - The image is bmc.
2023-07-09 17:47:51,273 - root - INFO - Reading image header(readHeader16C)...
2023-07-09 17:47:51,273 - root - INFO - Image header was read:
2023-07-09 17:47:51,273 - root - INFO - Width: 58, Height: 18, RowLength: 174
2023-07-09 17:47:51,273 - root - INFO - _step: 3, unknown2: 0,
2023-07-09 17:47:51,273 - root - INFO - BPP: 24, Transparency: False
2023-07-09 17:47:51,289 - root - INFO - Resource 38 offset: 599861, length: 3148...
2023-07-09 17:47:51,289 - root - DEBUG - Reading resource 38...
2023-07-09 17:47:51,289 - root - INFO - The image is bmc.
2023-07-09 17:47:51,289 - root - INFO - Reading image header(readHeader16C)...
2023-07-09 17:47:51,289 - root - INFO - Image header was read:
2023-07-09 17:47:51,289 - root - INFO - Width: 58, Height: 18, RowLength: 174
2023-07-09 17:47:51,289 - root - INFO - _step: 3, unknown2: 0,
2023-07-09 17:47:51,289 - root - INFO - BPP: 24, Transparency: False
2023-07-09 17:47:51,289 - root - INFO - Resource 39 offset: 603009, length: 3148...
2023-07-09 17:47:51,289 - root - DEBUG - Reading resource 39...
2023-07-09 17:47:51,289 - root - INFO - The image is bmc.
2023-07-09 17:47:51,289 - root - INFO - Reading image header(readHeader16C)...
2023-07-09 17:47:51,289 - root - INFO - Image header was read:
2023-07-09 17:47:51,289 - root - INFO - Width: 58, Height: 18, RowLength: 174
2023-07-09 17:47:51,289 - root - INFO - _step: 3, unknown2: 0,
2023-07-09 17:47:51,289 - root - INFO - BPP: 24, Transparency: False
2023-07-09 17:47:51,304 - root - INFO - Resource 40 offset: 606157, length: 3148...
2023-07-09 17:47:51,304 - root - DEBUG - Reading resource 40...
2023-07-09 17:47:51,304 - root - INFO - The image is bmc.
2023-07-09 17:47:51,304 - root - INFO - Reading image header(readHeader16C)...
2023-07-09 17:47:51,304 - root - INFO - Image header was read:
2023-07-09 17:47:51,304 - root - INFO - Width: 58, Height: 18, RowLength: 174
2023-07-09 17:47:51,304 - root - INFO - _step: 3, unknown2: 0,
2023-07-09 17:47:51,304 - root - INFO - BPP: 24, Transparency: False
2023-07-09 17:47:51,304 - root - INFO - Resource 41 offset: 609305, length: 3148...
2023-07-09 17:47:51,304 - root - DEBUG - Reading resource 41...
2023-07-09 17:47:51,304 - root - INFO - The image is bmc.
2023-07-09 17:47:51,304 - root - INFO - Reading image header(readHeader16C)...
2023-07-09 17:47:51,304 - root - INFO - Image header was read:
2023-07-09 17:47:51,304 - root - INFO - Width: 58, Height: 18, RowLength: 174
2023-07-09 17:47:51,304 - root - INFO - _step: 3, unknown2: 0,
2023-07-09 17:47:51,304 - root - INFO - BPP: 24, Transparency: False
2023-07-09 17:47:51,320 - root - INFO - Resource 42 offset: 612453, length: 3148...
2023-07-09 17:47:51,320 - root - DEBUG - Reading resource 42...
2023-07-09 17:47:51,320 - root - INFO - The image is bmc.
2023-07-09 17:47:51,320 - root - INFO - Reading image header(readHeader16C)...
2023-07-09 17:47:51,320 - root - INFO - Image header was read:
2023-07-09 17:47:51,320 - root - INFO - Width: 58, Height: 18, RowLength: 174
2023-07-09 17:47:51,320 - root - INFO - _step: 3, unknown2: 0,
2023-07-09 17:47:51,320 - root - INFO - BPP: 24, Transparency: False
2023-07-09 17:47:51,320 - root - INFO - Resource 43 offset: 615601, length: 3148...
2023-07-09 17:47:51,320 - root - DEBUG - Reading resource 43...
2023-07-09 17:47:51,320 - root - INFO - The image is bmc.
2023-07-09 17:47:51,320 - root - INFO - Reading image header(readHeader16C)...
2023-07-09 17:47:51,320 - root - INFO - Image header was read:
2023-07-09 17:47:51,320 - root - INFO - Width: 58, Height: 18, RowLength: 174
2023-07-09 17:47:51,320 - root - INFO - _step: 3, unknown2: 0,
2023-07-09 17:47:51,320 - root - INFO - BPP: 24, Transparency: False
2023-07-09 17:47:51,336 - root - INFO - Resource 44 offset: 618749, length: 3148...
2023-07-09 17:47:51,336 - root - DEBUG - Reading resource 44...
2023-07-09 17:47:51,336 - root - INFO - The image is bmc.
2023-07-09 17:47:51,336 - root - INFO - Reading image header(readHeader16C)...
2023-07-09 17:47:51,336 - root - INFO - Image header was read:
2023-07-09 17:47:51,336 - root - INFO - Width: 58, Height: 18, RowLength: 174
2023-07-09 17:47:51,336 - root - INFO - _step: 3, unknown2: 0,
2023-07-09 17:47:51,336 - root - INFO - BPP: 24, Transparency: False
2023-07-09 17:47:51,336 - root - INFO - Resource 45 offset: 621897, length: 3148...
2023-07-09 17:47:51,336 - root - DEBUG - Reading resource 45...
2023-07-09 17:47:51,336 - root - INFO - The image is bmc.
2023-07-09 17:47:51,336 - root - INFO - Reading image header(readHeader16C)...
2023-07-09 17:47:51,336 - root - INFO - Image header was read:
2023-07-09 17:47:51,336 - root - INFO - Width: 58, Height: 18, RowLength: 174
2023-07-09 17:47:51,336 - root - INFO - _step: 3, unknown2: 0,
2023-07-09 17:47:51,336 - root - INFO - BPP: 24, Transparency: False
2023-07-09 17:47:51,351 - root - INFO - Resource 46 offset: 625045, length: 3148...
2023-07-09 17:47:51,351 - root - DEBUG - Reading resource 46...
2023-07-09 17:47:51,351 - root - INFO - The image is bmc.
2023-07-09 17:47:51,351 - root - INFO - Reading image header(readHeader16C)...
2023-07-09 17:47:51,351 - root - INFO - Image header was read:
2023-07-09 17:47:51,351 - root - INFO - Width: 58, Height: 18, RowLength: 174
2023-07-09 17:47:51,351 - root - INFO - _step: 3, unknown2: 0,
2023-07-09 17:47:51,351 - root - INFO - BPP: 24, Transparency: False
2023-07-09 17:47:51,351 - root - INFO - Resource 47 offset: 628193, length: 2068...
2023-07-09 17:47:51,351 - root - DEBUG - Reading resource 47...
2023-07-09 17:47:51,351 - root - INFO - The image is bmc.
2023-07-09 17:47:51,351 - root - INFO - Reading image header(readHeader16C)...
2023-07-09 17:47:51,351 - root - INFO - Image header was read:
2023-07-09 17:47:51,351 - root - INFO - Width: 38, Height: 18, RowLength: 114
2023-07-09 17:47:51,351 - root - INFO - _step: 3, unknown2: 0,
2023-07-09 17:47:51,351 - root - INFO - BPP: 24, Transparency: False
2023-07-09 17:47:51,351 - root - INFO - Resource 48 offset: 630261, length: 2068...
2023-07-09 17:47:51,351 - root - DEBUG - Reading resource 48...
2023-07-09 17:47:51,351 - root - INFO - The image is bmc.
2023-07-09 17:47:51,351 - root - INFO - Reading image header(readHeader16C)...
2023-07-09 17:47:51,351 - root - INFO - Image header was read:
2023-07-09 17:47:51,351 - root - INFO - Width: 38, Height: 18, RowLength: 114
2023-07-09 17:47:51,367 - root - INFO - _step: 3, unknown2: 0,
2023-07-09 17:47:51,367 - root - INFO - BPP: 24, Transparency: False
2023-07-09 17:47:51,367 - root - INFO - Resource 49 offset: 632329, length: 2068...
2023-07-09 17:47:51,367 - root - DEBUG - Reading resource 49...
2023-07-09 17:47:51,367 - root - INFO - The image is bmc.
2023-07-09 17:47:51,367 - root - INFO - Reading image header(readHeader16C)...
2023-07-09 17:47:51,367 - root - INFO - Image header was read:
2023-07-09 17:47:51,367 - root - INFO - Width: 38, Height: 18, RowLength: 114
2023-07-09 17:47:51,367 - root - INFO - _step: 3, unknown2: 0,
2023-07-09 17:47:51,367 - root - INFO - BPP: 24, Transparency: False
2023-07-09 17:47:51,367 - root - INFO - Resource 50 offset: 634397, length: 2068...
2023-07-09 17:47:51,367 - root - DEBUG - Reading resource 50...
2023-07-09 17:47:51,367 - root - INFO - The image is bmc.
2023-07-09 17:47:51,367 - root - INFO - Reading image header(readHeader16C)...
2023-07-09 17:47:51,367 - root - INFO - Image header was read:
2023-07-09 17:47:51,367 - root - INFO - Width: 38, Height: 18, RowLength: 114
2023-07-09 17:47:51,367 - root - INFO - _step: 3, unknown2: 0,
2023-07-09 17:47:51,367 - root - INFO - BPP: 24, Transparency: False
2023-07-09 17:47:51,367 - root - INFO - Resource 51 offset: 636465, length: 880...
2023-07-09 17:47:51,367 - root - DEBUG - Reading resource 51...
2023-07-09 17:47:51,367 - root - INFO - The image is bmc.
2023-07-09 17:47:51,367 - root - INFO - Reading image header(readHeader16C)...
2023-07-09 17:47:51,367 - root - INFO - Image header was read:
2023-07-09 17:47:51,367 - root - INFO - Width: 16, Height: 18, RowLength: 48
2023-07-09 17:47:51,382 - root - INFO - _step: 3, unknown2: 0,
2023-07-09 17:47:51,382 - root - INFO - BPP: 24, Transparency: False
2023-07-09 17:47:51,382 - root - INFO - Resource 52 offset: 637345, length: 880...
2023-07-09 17:47:51,382 - root - DEBUG - Reading resource 52...
2023-07-09 17:47:51,382 - root - INFO - The image is bmc.
2023-07-09 17:47:51,382 - root - INFO - Reading image header(readHeader16C)...
2023-07-09 17:47:51,382 - root - INFO - Image header was read:
2023-07-09 17:47:51,382 - root - INFO - Width: 16, Height: 18, RowLength: 48
2023-07-09 17:47:51,382 - root - INFO - _step: 3, unknown2: 0,
2023-07-09 17:47:51,382 - root - INFO - BPP: 24, Transparency: False
2023-07-09 17:47:51,382 - root - INFO - Resource 53 offset: 638225, length: 880...
2023-07-09 17:47:51,382 - root - DEBUG - Reading resource 53...
2023-07-09 17:47:51,382 - root - INFO - The image is bmc.
2023-07-09 17:47:51,382 - root - INFO - Reading image header(readHeader16C)...
2023-07-09 17:47:51,382 - root - INFO - Image header was read:
2023-07-09 17:47:51,382 - root - INFO - Width: 16, Height: 18, RowLength: 48
2023-07-09 17:47:51,382 - root - INFO - _step: 3, unknown2: 0,
2023-07-09 17:47:51,382 - root - INFO - BPP: 24, Transparency: False
2023-07-09 17:47:51,382 - root - INFO - Resource 54 offset: 639105, length: 880...
2023-07-09 17:47:51,382 - root - DEBUG - Reading resource 54...
2023-07-09 17:47:51,382 - root - INFO - The image is bmc.
2023-07-09 17:47:51,382 - root - INFO - Reading image header(readHeader16C)...
2023-07-09 17:47:51,382 - root - INFO - Image header was read:
2023-07-09 17:47:51,382 - root - INFO - Width: 16, Height: 18, RowLength: 48
2023-07-09 17:47:51,382 - root - INFO - _step: 3, unknown2: 0,
2023-07-09 17:47:51,382 - root - INFO - BPP: 24, Transparency: False
2023-07-09 17:47:51,382 - root - INFO - Resource 55 offset: 639985, length: 880...
2023-07-09 17:47:51,382 - root - DEBUG - Reading resource 55...
2023-07-09 17:47:51,382 - root - INFO - The image is bmc.
2023-07-09 17:47:51,382 - root - INFO - Reading image header(readHeader16C)...
2023-07-09 17:47:51,382 - root - INFO - Image header was read:
2023-07-09 17:47:51,382 - root - INFO - Width: 16, Height: 18, RowLength: 48
2023-07-09 17:47:51,382 - root - INFO - _step: 3, unknown2: 0,
2023-07-09 17:47:51,382 - root - INFO - BPP: 24, Transparency: False
2023-07-09 17:47:51,382 - root - INFO - Resource 56 offset: 640865, length: 880...
2023-07-09 17:47:51,382 - root - DEBUG - Reading resource 56...
2023-07-09 17:47:51,382 - root - INFO - The image is bmc.
2023-07-09 17:47:51,382 - root - INFO - Reading image header(readHeader16C)...
2023-07-09 17:47:51,382 - root - INFO - Image header was read:
2023-07-09 17:47:51,382 - root - INFO - Width: 16, Height: 18, RowLength: 48
2023-07-09 17:47:51,382 - root - INFO - _step: 3, unknown2: 0,
2023-07-09 17:47:51,382 - root - INFO - BPP: 24, Transparency: False
2023-07-09 17:47:51,398 - root - INFO - Resource 57 offset: 641745, length: 880...
2023-07-09 17:47:51,398 - root - DEBUG - Reading resource 57...
2023-07-09 17:47:51,398 - root - INFO - The image is bmc.
2023-07-09 17:47:51,398 - root - INFO - Reading image header(readHeader16C)...
2023-07-09 17:47:51,398 - root - INFO - Image header was read:
2023-07-09 17:47:51,398 - root - INFO - Width: 16, Height: 18, RowLength: 48
2023-07-09 17:47:51,398 - root - INFO - _step: 3, unknown2: 0,
2023-07-09 17:47:51,398 - root - INFO - BPP: 24, Transparency: False
2023-07-09 17:47:51,398 - root - INFO - Resource 58 offset: 642625, length: 880...
2023-07-09 17:47:51,398 - root - DEBUG - Reading resource 58...
2023-07-09 17:47:51,398 - root - INFO - The image is bmc.
2023-07-09 17:47:51,398 - root - INFO - Reading image header(readHeader16C)...
2023-07-09 17:47:51,398 - root - INFO - Image header was read:
2023-07-09 17:47:51,398 - root - INFO - Width: 16, Height: 18, RowLength: 48
2023-07-09 17:47:51,398 - root - INFO - _step: 3, unknown2: 0,
2023-07-09 17:47:51,398 - root - INFO - BPP: 24, Transparency: False
2023-07-09 17:47:51,398 - root - INFO - Resource 59 offset: 643505, length: 880...
2023-07-09 17:47:51,398 - root - DEBUG - Reading resource 59...
2023-07-09 17:47:51,398 - root - INFO - The image is bmc.
2023-07-09 17:47:51,398 - root - INFO - Reading image header(readHeader16C)...
2023-07-09 17:47:51,398 - root - INFO - Image header was read:
2023-07-09 17:47:51,398 - root - INFO - Width: 16, Height: 18, RowLength: 48
2023-07-09 17:47:51,398 - root - INFO - _step: 3, unknown2: 0,
2023-07-09 17:47:51,398 - root - INFO - BPP: 24, Transparency: False
2023-07-09 17:47:51,398 - root - INFO - Resource 60 offset: 644385, length: 880...
2023-07-09 17:47:51,398 - root - DEBUG - Reading resource 60...
2023-07-09 17:47:51,398 - root - INFO - The image is bmc.
2023-07-09 17:47:51,398 - root - INFO - Reading image header(readHeader16C)...
2023-07-09 17:47:51,398 - root - INFO - Image header was read:
2023-07-09 17:47:51,398 - root - INFO - Width: 16, Height: 18, RowLength: 48
2023-07-09 17:47:51,398 - root - INFO - _step: 3, unknown2: 0,
2023-07-09 17:47:51,398 - root - INFO - BPP: 24, Transparency: False
2023-07-09 17:47:51,398 - root - INFO - Resource 61 offset: 645265, length: 1096...
2023-07-09 17:47:51,398 - root - DEBUG - Reading resource 61...
2023-07-09 17:47:51,398 - root - INFO - The image is bmc.
2023-07-09 17:47:51,398 - root - INFO - Reading image header(readHeader16C)...
2023-07-09 17:47:51,398 - root - INFO - Image header was read:
2023-07-09 17:47:51,398 - root - INFO - Width: 18, Height: 20, RowLength: 54
2023-07-09 17:47:51,398 - root - INFO - _step: 3, unknown2: 0,
2023-07-09 17:47:51,398 - root - INFO - BPP: 24, Transparency: False
2023-07-09 17:47:51,414 - root - INFO - Resource 62 offset: 646361, length: 1096...
2023-07-09 17:47:51,414 - root - DEBUG - Reading resource 62...
2023-07-09 17:47:51,414 - root - INFO - The image is bmc.
2023-07-09 17:47:51,414 - root - INFO - Reading image header(readHeader16C)...
2023-07-09 17:47:51,414 - root - INFO - Image header was read:
2023-07-09 17:47:51,414 - root - INFO - Width: 18, Height: 20, RowLength: 54
2023-07-09 17:47:51,414 - root - INFO - _step: 3, unknown2: 0,
2023-07-09 17:47:51,414 - root - INFO - BPP: 24, Transparency: False
2023-07-09 17:47:51,414 - root - INFO - Resource 63 offset: 647457, length: 1096...
2023-07-09 17:47:51,414 - root - DEBUG - Reading resource 63...
2023-07-09 17:47:51,414 - root - INFO - The image is bmc.
2023-07-09 17:47:51,414 - root - INFO - Reading image header(readHeader16C)...
2023-07-09 17:47:51,414 - root - INFO - Image header was read:
2023-07-09 17:47:51,414 - root - INFO - Width: 18, Height: 20, RowLength: 54
2023-07-09 17:47:51,414 - root - INFO - _step: 3, unknown2: 0,
2023-07-09 17:47:51,414 - root - INFO - BPP: 24, Transparency: False
2023-07-09 17:47:51,414 - root - INFO - Resource 64 offset: 648553, length: 1096...
2023-07-09 17:47:51,414 - root - DEBUG - Reading resource 64...
2023-07-09 17:47:51,414 - root - INFO - The image is bmc.
2023-07-09 17:47:51,414 - root - INFO - Reading image header(readHeader16C)...
2023-07-09 17:47:51,414 - root - INFO - Image header was read:
2023-07-09 17:47:51,414 - root - INFO - Width: 18, Height: 20, RowLength: 54
2023-07-09 17:47:51,414 - root - INFO - _step: 3, unknown2: 0,
2023-07-09 17:47:51,414 - root - INFO - BPP: 24, Transparency: False
2023-07-09 17:47:51,414 - root - INFO - Resource 65 offset: 649649, length: 1096...
2023-07-09 17:47:51,414 - root - DEBUG - Reading resource 65...
2023-07-09 17:47:51,414 - root - INFO - The image is bmc.
2023-07-09 17:47:51,414 - root - INFO - Reading image header(readHeader16C)...
2023-07-09 17:47:51,414 - root - INFO - Image header was read:
2023-07-09 17:47:51,414 - root - INFO - Width: 18, Height: 20, RowLength: 54
2023-07-09 17:47:51,414 - root - INFO - _step: 3, unknown2: 0,
2023-07-09 17:47:51,414 - root - INFO - BPP: 24, Transparency: False
2023-07-09 17:47:51,414 - root - INFO - Resource 66 offset: 650745, length: 1096...
2023-07-09 17:47:51,414 - root - DEBUG - Reading resource 66...
2023-07-09 17:47:51,414 - root - INFO - The image is bmc.
2023-07-09 17:47:51,414 - root - INFO - Reading image header(readHeader16C)...
2023-07-09 17:47:51,414 - root - INFO - Image header was read:
2023-07-09 17:47:51,414 - root - INFO - Width: 18, Height: 20, RowLength: 54
2023-07-09 17:47:51,414 - root - INFO - _step: 3, unknown2: 0,
2023-07-09 17:47:51,414 - root - INFO - BPP: 24, Transparency: False
2023-07-09 17:47:51,429 - root - INFO - Resource 67 offset: 651841, length: 1096...
2023-07-09 17:47:51,429 - root - DEBUG - Reading resource 67...
2023-07-09 17:47:51,429 - root - INFO - The image is bmc.
2023-07-09 17:47:51,429 - root - INFO - Reading image header(readHeader16C)...
2023-07-09 17:47:51,429 - root - INFO - Image header was read:
2023-07-09 17:47:51,429 - root - INFO - Width: 18, Height: 20, RowLength: 54
2023-07-09 17:47:51,429 - root - INFO - _step: 3, unknown2: 0,
2023-07-09 17:47:51,429 - root - INFO - BPP: 24, Transparency: False
2023-07-09 17:47:51,429 - root - INFO - Resource 68 offset: 652937, length: 1096...
2023-07-09 17:47:51,429 - root - DEBUG - Reading resource 68...
2023-07-09 17:47:51,429 - root - INFO - The image is bmc.
2023-07-09 17:47:51,429 - root - INFO - Reading image header(readHeader16C)...
2023-07-09 17:47:51,429 - root - INFO - Image header was read:
2023-07-09 17:47:51,429 - root - INFO - Width: 18, Height: 20, RowLength: 54
2023-07-09 17:47:51,429 - root - INFO - _step: 3, unknown2: 0,
2023-07-09 17:47:51,429 - root - INFO - BPP: 24, Transparency: False
2023-07-09 17:47:51,429 - root - INFO - Resource 69 offset: 654033, length: 1096...
2023-07-09 17:47:51,429 - root - DEBUG - Reading resource 69...
2023-07-09 17:47:51,429 - root - INFO - The image is bmc.
2023-07-09 17:47:51,429 - root - INFO - Reading image header(readHeader16C)...
2023-07-09 17:47:51,429 - root - INFO - Image header was read:
2023-07-09 17:47:51,429 - root - INFO - Width: 18, Height: 20, RowLength: 54
2023-07-09 17:47:51,429 - root - INFO - _step: 3, unknown2: 0,
2023-07-09 17:47:51,429 - root - INFO - BPP: 24, Transparency: False
2023-07-09 17:47:51,429 - root - INFO - Resource 70 offset: 655129, length: 1096...
2023-07-09 17:47:51,429 - root - DEBUG - Reading resource 70...
2023-07-09 17:47:51,429 - root - INFO - The image is bmc.
2023-07-09 17:47:51,429 - root - INFO - Reading image header(readHeader16C)...
2023-07-09 17:47:51,429 - root - INFO - Image header was read:
2023-07-09 17:47:51,429 - root - INFO - Width: 18, Height: 20, RowLength: 54
2023-07-09 17:47:51,429 - root - INFO - _step: 3, unknown2: 0,
2023-07-09 17:47:51,429 - root - INFO - BPP: 24, Transparency: False
2023-07-09 17:47:51,429 - root - INFO - Resource 71 offset: 656225, length: 256...
2023-07-09 17:47:51,429 - root - DEBUG - Reading resource 71...
2023-07-09 17:47:51,429 - root - INFO - The image is bme.
2023-07-09 17:47:51,429 - root - INFO - Reading image header(readHeader16E)...
2023-07-09 17:47:51,429 - root - INFO - Image header was read:
2023-07-09 17:47:51,429 - root - INFO - Width: 44, Height: 20, RowLength: 88
2023-07-09 17:47:51,429 - root - INFO - datalength: 240, _step: 2
2023-07-09 17:47:51,429 - root - INFO - BPP: 16, Transparency: False
2023-07-09 17:47:51,445 - root - INFO - Resource 72 offset: 656481, length: 1096...
2023-07-09 17:47:51,445 - root - DEBUG - Reading resource 72...
2023-07-09 17:47:51,445 - root - INFO - The image is bmc.
2023-07-09 17:47:51,445 - root - INFO - Reading image header(readHeader16C)...
2023-07-09 17:47:51,445 - root - INFO - Image header was read:
2023-07-09 17:47:51,445 - root - INFO - Width: 18, Height: 20, RowLength: 54
2023-07-09 17:47:51,445 - root - INFO - _step: 3, unknown2: 0,
2023-07-09 17:47:51,445 - root - INFO - BPP: 24, Transparency: False
2023-07-09 17:47:51,445 - root - INFO - Resource 73 offset: 657577, length: 1096...
2023-07-09 17:47:51,445 - root - DEBUG - Reading resource 73...
2023-07-09 17:47:51,445 - root - INFO - The image is bmc.
2023-07-09 17:47:51,445 - root - INFO - Reading image header(readHeader16C)...
2023-07-09 17:47:51,445 - root - INFO - Image header was read:
2023-07-09 17:47:51,445 - root - INFO - Width: 18, Height: 20, RowLength: 54
2023-07-09 17:47:51,445 - root - INFO - _step: 3, unknown2: 0,
2023-07-09 17:47:51,445 - root - INFO - BPP: 24, Transparency: False
2023-07-09 17:47:51,445 - root - INFO - Resource 74 offset: 658673, length: 1096...
2023-07-09 17:47:51,445 - root - DEBUG - Reading resource 74...
2023-07-09 17:47:51,445 - root - INFO - The image is bmc.
2023-07-09 17:47:51,445 - root - INFO - Reading image header(readHeader16C)...
2023-07-09 17:47:51,445 - root - INFO - Image header was read:
2023-07-09 17:47:51,445 - root - INFO - Width: 18, Height: 20, RowLength: 54
2023-07-09 17:47:51,445 - root - INFO - _step: 3, unknown2: 0,
2023-07-09 17:47:51,445 - root - INFO - BPP: 24, Transparency: False
2023-07-09 17:47:51,445 - root - INFO - Resource 75 offset: 659769, length: 1096...
2023-07-09 17:47:51,445 - root - DEBUG - Reading resource 75...
2023-07-09 17:47:51,445 - root - INFO - The image is bmc.
2023-07-09 17:47:51,445 - root - INFO - Reading image header(readHeader16C)...
2023-07-09 17:47:51,445 - root - INFO - Image header was read:
2023-07-09 17:47:51,445 - root - INFO - Width: 18, Height: 20, RowLength: 54
2023-07-09 17:47:51,445 - root - INFO - _step: 3, unknown2: 0,
2023-07-09 17:47:51,445 - root - INFO - BPP: 24, Transparency: False
2023-07-09 17:47:51,445 - root - INFO - Resource 76 offset: 660865, length: 1096...
2023-07-09 17:47:51,445 - root - DEBUG - Reading resource 76...
2023-07-09 17:47:51,445 - root - INFO - The image is bmc.
2023-07-09 17:47:51,445 - root - INFO - Reading image header(readHeader16C)...
2023-07-09 17:47:51,445 - root - INFO - Image header was read:
2023-07-09 17:47:51,445 - root - INFO - Width: 18, Height: 20, RowLength: 54
2023-07-09 17:47:51,445 - root - INFO - _step: 3, unknown2: 0,
2023-07-09 17:47:51,445 - root - INFO - BPP: 24, Transparency: False
2023-07-09 17:47:51,461 - root - INFO - Resource 77 offset: 661961, length: 1096...
2023-07-09 17:47:51,461 - root - DEBUG - Reading resource 77...
2023-07-09 17:47:51,461 - root - INFO - The image is bmc.
2023-07-09 17:47:51,461 - root - INFO - Reading image header(readHeader16C)...
2023-07-09 17:47:51,461 - root - INFO - Image header was read:
2023-07-09 17:47:51,461 - root - INFO - Width: 18, Height: 20, RowLength: 54
2023-07-09 17:47:51,461 - root - INFO - _step: 3, unknown2: 0,
2023-07-09 17:47:51,461 - root - INFO - BPP: 24, Transparency: False
2023-07-09 17:47:51,461 - root - INFO - Resource 78 offset: 663057, length: 1096...
2023-07-09 17:47:51,461 - root - DEBUG - Reading resource 78...
2023-07-09 17:47:51,461 - root - INFO - The image is bmc.
2023-07-09 17:47:51,461 - root - INFO - Reading image header(readHeader16C)...
2023-07-09 17:47:51,461 - root - INFO - Image header was read:
2023-07-09 17:47:51,461 - root - INFO - Width: 18, Height: 20, RowLength: 54
2023-07-09 17:47:51,461 - root - INFO - _step: 3, unknown2: 0,
2023-07-09 17:47:51,461 - root - INFO - BPP: 24, Transparency: False
2023-07-09 17:47:51,461 - root - INFO - Resource 79 offset: 664153, length: 1096...
2023-07-09 17:47:51,461 - root - DEBUG - Reading resource 79...
2023-07-09 17:47:51,461 - root - INFO - The image is bmc.
2023-07-09 17:47:51,461 - root - INFO - Reading image header(readHeader16C)...
2023-07-09 17:47:51,461 - root - INFO - Image header was read:
2023-07-09 17:47:51,461 - root - INFO - Width: 18, Height: 20, RowLength: 54
2023-07-09 17:47:51,461 - root - INFO - _step: 3, unknown2: 0,
2023-07-09 17:47:51,461 - root - INFO - BPP: 24, Transparency: False
2023-07-09 17:47:51,461 - root - INFO - Resource 80 offset: 665249, length: 1096...
2023-07-09 17:47:51,461 - root - DEBUG - Reading resource 80...
2023-07-09 17:47:51,461 - root - INFO - The image is bmc.
2023-07-09 17:47:51,461 - root - INFO - Reading image header(readHeader16C)...
2023-07-09 17:47:51,461 - root - INFO - Image header was read:
2023-07-09 17:47:51,461 - root - INFO - Width: 18, Height: 20, RowLength: 54
2023-07-09 17:47:51,461 - root - INFO - _step: 3, unknown2: 0,
2023-07-09 17:47:51,461 - root - INFO - BPP: 24, Transparency: False
2023-07-09 17:47:51,461 - root - INFO - Resource 81 offset: 666345, length: 1096...
2023-07-09 17:47:51,461 - root - DEBUG - Reading resource 81...
2023-07-09 17:47:51,461 - root - INFO - The image is bmc.
2023-07-09 17:47:51,461 - root - INFO - Reading image header(readHeader16C)...
2023-07-09 17:47:51,461 - root - INFO - Image header was read:
2023-07-09 17:47:51,461 - root - INFO - Width: 18, Height: 20, RowLength: 54
2023-07-09 17:47:51,461 - root - INFO - _step: 3, unknown2: 0,
2023-07-09 17:47:51,461 - root - INFO - BPP: 24, Transparency: False
2023-07-09 17:47:51,476 - root - DEBUG - Parsing parameters...
2023-07-09 17:47:51,692 - root - DEBUG - 0 Value: None
2023-07-09 17:47:51,692 - root - DEBUG - 0.1 Value: 71
2023-07-09 17:47:51,692 - root - DEBUG - 2 Value: None
2023-07-09 17:47:51,692 - root - DEBUG - 2.1 Value: None
2023-07-09 17:47:51,692 - root - DEBUG - 2.1.1 Value: 0
2023-07-09 17:47:51,692 - root - DEBUG - 2.1.2 Value: 0
2023-07-09 17:47:51,692 - root - DEBUG - 2.1.3 Value: 2
2023-07-09 17:47:51,692 - root - DEBUG - 2.3 Value: None
2023-07-09 17:47:51,692 - root - DEBUG - 2.3.1 Value: 0
2023-07-09 17:47:51,692 - root - DEBUG - 2.3.2 Value: 0
2023-07-09 17:47:51,692 - root - DEBUG - 2.3.3 Value: 1
2023-07-09 17:47:51,692 - root - DEBUG - 2.4 Value: None
2023-07-09 17:47:51,692 - root - DEBUG - 2.4.1 Value: 0
2023-07-09 17:47:51,692 - root - DEBUG - 2.4.2 Value: 0
2023-07-09 17:47:51,692 - root - DEBUG - 2.4.3 Value: 0
2023-07-09 17:47:51,692 - root - DEBUG - 2.5 Value: None
2023-07-09 17:47:51,692 - root - DEBUG - 2.5.1 Value: 0
2023-07-09 17:47:51,692 - root - DEBUG - 2.5.2 Value: 0
2023-07-09 17:47:51,692 - root - DEBUG - 2.5.3 Value: 0
2023-07-09 17:47:51,692 - root - DEBUG - 3 Value: None
2023-07-09 17:47:51,707 - root - DEBUG - 3.1 Value: None
2023-07-09 17:47:51,707 - root - DEBUG - 3.1.1 Value: None
2023-07-09 17:47:51,707 - root - DEBUG - 3.1.1.1 Value: None
2023-07-09 17:47:51,707 - root - DEBUG - 3.1.1.1.1 Value: 14
2023-07-09 17:47:51,707 - root - DEBUG - 3.1.1.1.2 Value: 45
2023-07-09 17:47:51,707 - root - DEBUG - 3.1.1.1.3 Value: 3
2023-07-09 17:47:51,707 - root - DEBUG - 3.1.1.1.4 Value: 10
2023-07-09 17:47:51,707 - root - DEBUG - 3.1.1.2 Value: None
2023-07-09 17:47:51,707 - root - DEBUG - 3.1.1.2.1 Value: 90
2023-07-09 17:47:51,707 - root - DEBUG - 3.1.1.2.2 Value: 45
2023-07-09 17:47:51,707 - root - DEBUG - 3.1.1.2.3 Value: 3
2023-07-09 17:47:51,707 - root - DEBUG - 3.1.1.2.4 Value: 10
2023-07-09 17:47:51,707 - root - DEBUG - 3.1.2 Value: None
2023-07-09 17:47:51,707 - root - DEBUG - 3.1.2.1 Value: None
2023-07-09 17:47:51,707 - root - DEBUG - 3.1.2.1.1 Value: 71
2023-07-09 17:47:51,707 - root - DEBUG - 3.1.2.1.2 Value: 137
2023-07-09 17:47:51,707 - root - DEBUG - 3.1.2.1.3 Value: 13
2023-07-09 17:47:51,707 - root - DEBUG - 3.1.2.1.4 Value: 10
2023-07-09 17:47:51,707 - root - DEBUG - 3.1.2.2 Value: None
2023-07-09 17:47:51,707 - root - DEBUG - 3.1.2.2.1 Value: 147
2023-07-09 17:47:51,707 - root - DEBUG - 3.1.2.2.2 Value: 137
2023-07-09 17:47:51,707 - root - DEBUG - 3.1.2.2.3 Value: 13
2023-07-09 17:47:51,707 - root - DEBUG - 3.1.2.2.4 Value: 10
2023-07-09 17:47:51,707 - root - DEBUG - 3.1.7 Value: 0
2023-07-09 17:47:51,707 - root - DEBUG - 3.1.8 Value: 1
2023-07-09 17:47:51,707 - root - DEBUG - 4 Value: None
2023-07-09 17:47:51,707 - root - DEBUG - 4.1 Value: None
2023-07-09 17:47:51,707 - root - DEBUG - 4.1.1 Value: None
2023-07-09 17:47:51,707 - root - DEBUG - 4.1.1.1 Value: 93
2023-07-09 17:47:51,707 - root - DEBUG - 4.1.1.2 Value: 240
2023-07-09 17:47:51,707 - root - DEBUG - 4.1.1.3 Value: 157
2023-07-09 17:47:51,707 - root - DEBUG - 4.1.1.4 Value: 258
2023-07-09 17:47:51,707 - root - DEBUG - 4.1.1.5 Value: 18
2023-07-09 17:47:51,707 - root - DEBUG - 4.1.1.6 Value: 0
2023-07-09 17:47:51,707 - root - DEBUG - 4.1.1.7 Value: 0
2023-07-09 17:47:51,707 - root - DEBUG - 4.1.1.8 Value: 51
2023-07-09 17:47:51,707 - root - DEBUG - 4.1.1.9 Value: 10
2023-07-09 17:47:51,707 - root - DEBUG - 4.4 Value: None
2023-07-09 17:47:51,707 - root - DEBUG - 4.4.1 Value: None
2023-07-09 17:47:51,707 - root - DEBUG - 4.4.1.1 Value: 164
2023-07-09 17:47:51,707 - root - DEBUG - 4.4.1.2 Value: 93
2023-07-09 17:47:51,707 - root - DEBUG - 4.4.1.3 Value: 218
2023-07-09 17:47:51,707 - root - DEBUG - 4.4.1.4 Value: 113
2023-07-09 17:47:51,707 - root - DEBUG - 4.4.1.5 Value: 24
2023-07-09 17:47:51,707 - root - DEBUG - 4.4.1.6 Value: 0
2023-07-09 17:47:51,707 - root - DEBUG - 4.4.1.7 Value: 0
2023-07-09 17:47:51,707 - root - DEBUG - 4.4.1.8 Value: 61
2023-07-09 17:47:51,707 - root - DEBUG - 4.4.1.9 Value: 10
2023-07-09 17:47:51,707 - root - DEBUG - 4.4.3 Value: 71
2023-07-09 17:47:51,707 - root - DEBUG - 4.7 Value: 0
2023-07-09 17:47:51,707 - root - DEBUG - 5 Value: None
2023-07-09 17:47:51,707 - root - DEBUG - 5.1 Value: None
2023-07-09 17:47:51,707 - root - DEBUG - 5.1.9 Value: None
2023-07-09 17:47:51,707 - root - DEBUG - 5.1.9.3 Value: None
2023-07-09 17:47:51,707 - root - DEBUG - 5.1.9.3.1 Value: 131
2023-07-09 17:47:51,707 - root - DEBUG - 5.1.9.3.2 Value: 17
2023-07-09 17:47:51,707 - root - DEBUG - 5.1.9.3.3 Value: 163
2023-07-09 17:47:51,707 - root - DEBUG - 5.1.9.3.4 Value: 35
2023-07-09 17:47:51,707 - root - DEBUG - 5.1.9.3.5 Value: 64
2023-07-09 17:47:51,707 - root - DEBUG - 5.1.9.3.6 Value: 0
2023-07-09 17:47:51,707 - root - DEBUG - 5.1.9.3.7 Value: 0
2023-07-09 17:47:51,707 - root - DEBUG - 5.1.9.3.8 Value: 23
2023-07-09 17:47:51,707 - root - DEBUG - 5.1.9.3.9 Value: 10
2023-07-09 17:47:51,707 - root - DEBUG - 5.1.9.4 Value: 0
2023-07-09 17:47:51,707 - root - DEBUG - 5.1.9.5 Value: 0
2023-07-09 17:47:51,707 - root - DEBUG - 5.1.4 Value: 1
2023-07-09 17:47:51,707 - root - DEBUG - 5.1.5 Value: 1
2023-07-09 17:47:51,707 - root - DEBUG - 5.1.6 Value: 0
2023-07-09 17:47:51,707 - root - DEBUG - 5.2 Value: None
2023-07-09 17:47:51,707 - root - DEBUG - 5.2.1 Value: 178
2023-07-09 17:47:51,707 - root - DEBUG - 5.2.2 Value: 50
2023-07-09 17:47:51,707 - root - DEBUG - 5.2.3 Value: 47
2023-07-09 17:47:51,707 - root - DEBUG - 5.2.4 Value: 48
2023-07-09 17:47:51,707 - root - DEBUG - 5.2.5 Value: 49
2023-07-09 17:47:51,707 - root - DEBUG - 5.2.6 Value: 50
2023-07-09 17:47:51,707 - root - DEBUG - 5.4 Value: None
2023-07-09 17:47:51,707 - root - DEBUG - 5.4.1 Value: 71
2023-07-09 17:47:51,707 - root - DEBUG - 5.4.2 Value: 17
2023-07-09 17:47:51,707 - root - DEBUG - 5.4.3 Value: 33
2023-07-09 17:47:51,707 - root - DEBUG - 5.4.4 Value: 7
2023-07-09 17:47:51,707 - root - DEBUG - 5.5 Value: None
2023-07-09 17:47:51,707 - root - DEBUG - 5.5.1 Value: 71
2023-07-09 17:47:51,707 - root - DEBUG - 5.5.2 Value: 17
2023-07-09 17:47:51,707 - root - DEBUG - 5.5.3 Value: 40
2023-07-09 17:47:51,707 - root - DEBUG - 5.5.4 Value: 7
2023-07-09 17:47:51,707 - root - DEBUG - 5.6 Value: None
2023-07-09 17:47:51,707 - root - DEBUG - 5.6.1 Value: 71
2023-07-09 17:47:51,707 - root - DEBUG - 5.6.2 Value: 17
2023-07-09 17:47:51,707 - root - DEBUG - 5.6.3 Value: 40
2023-07-09 17:47:51,707 - root - DEBUG - 5.6.4 Value: 7
2023-07-09 17:47:51,707 - root - DEBUG - 9 Value: None
2023-07-09 17:47:51,707 - root - DEBUG - 9.1 Value: None
2023-07-09 17:47:51,707 - root - DEBUG - 9.1.1 Value: None
2023-07-09 17:47:51,707 - root - DEBUG - 9.1.1.1 Value: 5
2023-07-09 17:47:51,707 - root - DEBUG - 9.1.1.2 Value: 191
2023-07-09 17:47:51,723 - root - DEBUG - 9.1.1.3 Value: 59
2023-07-09 17:47:51,723 - root - DEBUG - 9.1.1.4 Value: 211
2023-07-09 17:47:51,723 - root - DEBUG - 9.1.1.5 Value: 24
2023-07-09 17:47:51,723 - root - DEBUG - 9.1.1.6 Value: 0
2023-07-09 17:47:51,723 - root - DEBUG - 9.1.1.7 Value: 0
2023-07-09 17:47:51,723 - root - DEBUG - 9.1.1.8 Value: 72
2023-07-09 17:47:51,723 - root - DEBUG - 9.1.1.9 Value: 10
2023-07-09 17:47:51,723 - root - DEBUG - 0-Info
2023-07-09 17:47:51,723 - root - DEBUG - 0.1-DeviceId
2023-07-09 17:47:51,723 - root - DEBUG - 2-Background
2023-07-09 17:47:51,723 - root - DEBUG - 2.1-Image
2023-07-09 17:47:51,723 - root - DEBUG - 2.1.1-X
2023-07-09 17:47:51,723 - root - DEBUG - 2.1.2-Y
2023-07-09 17:47:51,723 - root - DEBUG - 2.1.3-ImageIndex
2023-07-09 17:47:51,723 - root - DEBUG - 2.3-Preview
2023-07-09 17:47:51,723 - root - DEBUG - 2.3.1-X
2023-07-09 17:47:51,723 - root - DEBUG - 2.3.2-Y
2023-07-09 17:47:51,723 - root - DEBUG - 2.3.3-ImageIndex
2023-07-09 17:47:51,723 - root - DEBUG - 2.4-PreviewTradChinese
2023-07-09 17:47:51,723 - root - DEBUG - 2.4.1-X
2023-07-09 17:47:51,723 - root - DEBUG - 2.4.2-Y
2023-07-09 17:47:51,723 - root - DEBUG - 2.4.3-ImageIndex
2023-07-09 17:47:51,723 - root - DEBUG - 2.5-PreviewChinese
2023-07-09 17:47:51,723 - root - DEBUG - 2.5.1-X
2023-07-09 17:47:51,723 - root - DEBUG - 2.5.2-Y
2023-07-09 17:47:51,723 - root - DEBUG - 2.5.3-ImageIndex
2023-07-09 17:47:51,723 - root - DEBUG - 3-TimeExtended
2023-07-09 17:47:51,723 - root - DEBUG - 3.1-TimeSeparateDigits
2023-07-09 17:47:51,723 - root - DEBUG - 3.1.1-Hours
2023-07-09 17:47:51,723 - root - DEBUG - 3.1.1.1-Tens
2023-07-09 17:47:51,723 - root - DEBUG - 3.1.1.1.1-X
2023-07-09 17:47:51,723 - root - DEBUG - 3.1.1.1.2-Y
2023-07-09 17:47:51,723 - root - DEBUG - 3.1.1.1.3-ImageIndex
2023-07-09 17:47:51,723 - root - DEBUG - 3.1.1.1.4-ImagesCount
2023-07-09 17:47:51,723 - root - DEBUG - 3.1.1.2-Ones
2023-07-09 17:47:51,723 - root - DEBUG - 3.1.1.2.1-X
2023-07-09 17:47:51,723 - root - DEBUG - 3.1.1.2.2-Y
2023-07-09 17:47:51,723 - root - DEBUG - 3.1.1.2.3-ImageIndex
2023-07-09 17:47:51,723 - root - DEBUG - 3.1.1.2.4-ImagesCount
2023-07-09 17:47:51,723 - root - DEBUG - 3.1.2-Minutes
2023-07-09 17:47:51,723 - root - DEBUG - 3.1.2.1-Tens
2023-07-09 17:47:51,723 - root - DEBUG - 3.1.2.1.1-X
2023-07-09 17:47:51,723 - root - DEBUG - 3.1.2.1.2-Y
2023-07-09 17:47:51,723 - root - DEBUG - 3.1.2.1.3-ImageIndex
2023-07-09 17:47:51,723 - root - DEBUG - 3.1.2.1.4-ImagesCount
2023-07-09 17:47:51,723 - root - DEBUG - 3.1.2.2-Ones
2023-07-09 17:47:51,723 - root - DEBUG - 3.1.2.2.1-X
2023-07-09 17:47:51,723 - root - DEBUG - 3.1.2.2.2-Y
2023-07-09 17:47:51,723 - root - DEBUG - 3.1.2.2.3-ImageIndex
2023-07-09 17:47:51,723 - root - DEBUG - 3.1.2.2.4-ImagesCount
2023-07-09 17:47:51,723 - root - DEBUG - 3.1.7-UnknowBoolean7
2023-07-09 17:47:51,723 - root - DEBUG - 3.1.8-PaddingZeroMinutes
2023-07-09 17:47:51,723 - root - DEBUG - 4-Activity
2023-07-09 17:47:51,723 - root - DEBUG - 4.1-Steps
2023-07-09 17:47:51,723 - root - DEBUG - 4.1.1-ImageNumber
2023-07-09 17:47:51,723 - root - DEBUG - 4.1.1.1-TopLeftX
2023-07-09 17:47:51,723 - root - DEBUG - 4.1.1.2-TopLeftY
2023-07-09 17:47:51,723 - root - DEBUG - 4.1.1.3-BottomRightX
2023-07-09 17:47:51,723 - root - DEBUG - 4.1.1.4-BottomRightY
2023-07-09 17:47:51,723 - root - DEBUG - 4.1.1.5-Alignment
2023-07-09 17:47:51,723 - root - DEBUG - 4.1.1.6-Spacing
2023-07-09 17:47:51,723 - root - DEBUG - 4.1.1.7-VerticalOffset
2023-07-09 17:47:51,723 - root - DEBUG - 4.1.1.8-ImageIndex
2023-07-09 17:47:51,723 - root - DEBUG - 4.1.1.9-ImagesCount
2023-07-09 17:47:51,723 - root - DEBUG - 4.4-HeartRate
2023-07-09 17:47:51,723 - root - DEBUG - 4.4.1-ImageNumber
2023-07-09 17:47:51,723 - root - DEBUG - 4.4.1.1-TopLeftX
2023-07-09 17:47:51,723 - root - DEBUG - 4.4.1.2-TopLeftY
2023-07-09 17:47:51,723 - root - DEBUG - 4.4.1.3-BottomRightX
2023-07-09 17:47:51,723 - root - DEBUG - 4.4.1.4-BottomRightY
2023-07-09 17:47:51,739 - root - DEBUG - 4.4.1.5-Alignment
2023-07-09 17:47:51,739 - root - DEBUG - 4.4.1.6-Spacing
2023-07-09 17:47:51,739 - root - DEBUG - 4.4.1.7-VerticalOffset
2023-07-09 17:47:51,739 - root - DEBUG - 4.4.1.8-ImageIndex
2023-07-09 17:47:51,739 - root - DEBUG - 4.4.1.9-ImagesCount
2023-07-09 17:47:51,739 - root - DEBUG - 4.4.3-NoDataImageIndex
2023-07-09 17:47:51,739 - root - DEBUG - 4.7-UnknownLongValue7
2023-07-09 17:47:51,739 - root - DEBUG - 5-DateBlock
2023-07-09 17:47:51,739 - root - DEBUG - 5.1-Date
2023-07-09 17:47:51,739 - root - DEBUG - 5.1.9-YearMonthAndDay
2023-07-09 17:47:51,739 - root - DEBUG - 5.1.9.3-Day
2023-07-09 17:47:51,739 - root - DEBUG - 5.1.9.3.1-TopLeftX
2023-07-09 17:47:51,739 - root - DEBUG - 5.1.9.3.2-TopLeftY
2023-07-09 17:47:51,739 - root - DEBUG - 5.1.9.3.3-BottomRightX
2023-07-09 17:47:51,739 - root - DEBUG - 5.1.9.3.4-BottomRightY
2023-07-09 17:47:51,739 - root - DEBUG - 5.1.9.3.5-Alignment
2023-07-09 17:47:51,739 - root - DEBUG - 5.1.9.3.6-Spacing
2023-07-09 17:47:51,739 - root - DEBUG - 5.1.9.3.7-VerticalOffset
2023-07-09 17:47:51,739 - root - DEBUG - 5.1.9.3.8-ImageIndex
2023-07-09 17:47:51,739 - root - DEBUG - 5.1.9.3.9-ImagesCount
2023-07-09 17:47:51,739 - root - DEBUG - 5.1.9.4-MonthFollowsYear
2023-07-09 17:47:51,739 - root - DEBUG - 5.1.9.5-DayFollowsMonth
2023-07-09 17:47:51,739 - root - DEBUG - 5.1.4-PaddingZeroMonth
2023-07-09 17:47:51,739 - root - DEBUG - 5.1.5-PaddingZeroDay
2023-07-09 17:47:51,739 - root - DEBUG - 5.1.6-UnknownBoolean6
2023-07-09 17:47:51,739 - root - DEBUG - 5.2-AmPm
2023-07-09 17:47:51,739 - root - DEBUG - 5.2.1-CommonX
2023-07-09 17:47:51,739 - root - DEBUG - 5.2.2-CommonY
2023-07-09 17:47:51,739 - root - DEBUG - 5.2.3-ImageIndexAMCN
2023-07-09 17:47:51,739 - root - DEBUG - 5.2.4-ImageIndexPMCN
2023-07-09 17:47:51,739 - root - DEBUG - 5.2.5-AmImageIndexEN
2023-07-09 17:47:51,739 - root - DEBUG - 5.2.6-PmImageIndexEN
2023-07-09 17:47:51,739 - root - DEBUG - 5.4-Weekday
2023-07-09 17:47:51,739 - root - DEBUG - 5.4.1-X
2023-07-09 17:47:51,739 - root - DEBUG - 5.4.2-Y
2023-07-09 17:47:51,739 - root - DEBUG - 5.4.3-ImageIndex
2023-07-09 17:47:51,739 - root - DEBUG - 5.4.4-ImagesCount
2023-07-09 17:47:51,739 - root - DEBUG - 5.5-WeekdayChinese
2023-07-09 17:47:51,739 - root - DEBUG - 5.5.1-X
2023-07-09 17:47:51,739 - root - DEBUG - 5.5.2-Y
2023-07-09 17:47:51,739 - root - DEBUG - 5.5.3-ImageIndex
2023-07-09 17:47:51,739 - root - DEBUG - 5.5.4-ImagesCount
2023-07-09 17:47:51,739 - root - DEBUG - 5.6-WeekdayTradChinese
2023-07-09 17:47:51,739 - root - DEBUG - 5.6.1-X
2023-07-09 17:47:51,739 - root - DEBUG - 5.6.2-Y
2023-07-09 17:47:51,739 - root - DEBUG - 5.6.3-ImageIndex
2023-07-09 17:47:51,739 - root - DEBUG - 5.6.4-ImagesCount
2023-07-09 17:47:51,739 - root - DEBUG - 9-Battery
2023-07-09 17:47:51,739 - root - DEBUG - 9.1-BatteryText
2023-07-09 17:47:51,739 - root - DEBUG - 9.1.1-ImageNumber
2023-07-09 17:47:51,739 - root - DEBUG - 9.1.1.1-TopLeftX
2023-07-09 17:47:51,739 - root - DEBUG - 9.1.1.2-TopLeftY
2023-07-09 17:47:51,739 - root - DEBUG - 9.1.1.3-BottomRightX
2023-07-09 17:47:51,739 - root - DEBUG - 9.1.1.4-BottomRightY
2023-07-09 17:47:51,739 - root - DEBUG - 9.1.1.5-Alignment
2023-07-09 17:47:51,739 - root - DEBUG - 9.1.1.6-Spacing
2023-07-09 17:47:51,739 - root - DEBUG - 9.1.1.7-VerticalOffset
2023-07-09 17:47:51,739 - root - DEBUG - 9.1.1.8-ImageIndex
2023-07-09 17:47:51,739 - root - DEBUG - 9.1.1.9-ImagesCount
2023-07-09 17:47:51,739 - root - DEBUG - generatePreviews
2023-07-09 17:47:51,739 - root - DEBUG - Generating previews...
2023-07-09 17:47:51,754 - root - DEBUG - Generating states done...
2023-07-09 17:47:51,770 - root - DEBUG - >>>>>>>>>>>> 0 <watchFaceParser.models.parameter.Parameter object at 0x00000206810DF9D0>
2023-07-09 17:47:51,770 - root - DEBUG - >>>>>>>>>>>> 2 <watchFaceParser.models.parameter.Parameter object at 0x00000206810D94F0>
2023-07-09 17:47:51,770 - root - DEBUG - >>>>>>>>>>>> 3 <watchFaceParser.models.parameter.Parameter object at 0x00000206810D9160>
2023-07-09 17:47:51,785 - root - DEBUG - >>>>>>>>>>>> 4 <watchFaceParser.models.parameter.Parameter object at 0x00000206810DB760>
2023-07-09 17:47:51,801 - root - DEBUG - >>>>>>>>>>>> 5 <watchFaceParser.models.parameter.Parameter object at 0x00000206810DCAC0>
2023-07-09 17:47:51,817 - root - DEBUG - >>>>>>>>>>>> 9 <watchFaceParser.models.parameter.Parameter object at 0x00000206810DC370>
2023-07-09 17:47:51,832 - root - DEBUG - Generating static preview gen done...
2023-07-09 17:47:51,926 - root - DEBUG - Generating static preview save done...
2023-07-09 17:47:51,926 - root - DEBUG - Generating anim preview gen done...
2023-07-09 17:47:51,926 - root - DEBUG - >>>>>>>>>>>> 0 <watchFaceParser.models.parameter.Parameter object at 0x00000206810DF9D0>
2023-07-09 17:47:51,926 - root - DEBUG - >>>>>>>>>>>> 2 <watchFaceParser.models.parameter.Parameter object at 0x00000206810D94F0>
2023-07-09 17:47:51,926 - root - DEBUG - >>>>>>>>>>>> 3 <watchFaceParser.models.parameter.Parameter object at 0x00000206810D9160>
2023-07-09 17:47:51,926 - root - DEBUG - >>>>>>>>>>>> 4 <watchFaceParser.models.parameter.Parameter object at 0x00000206810DB760>
2023-07-09 17:47:51,926 - root - DEBUG - >>>>>>>>>>>> 5 <watchFaceParser.models.parameter.Parameter object at 0x00000206810DCAC0>
2023-07-09 17:47:51,926 - root - DEBUG - >>>>>>>>>>>> 9 <watchFaceParser.models.parameter.Parameter object at 0x00000206810DC370>
2023-07-09 17:47:52,035 - root - DEBUG - generatePreviews done
2023-07-09 17:47:52,035 - root - DEBUG - Exporting resources to 'E:\Codez\zepp-bip3-wf\26db4fe6d7c90336259b90056f1dd287'
2023-07-09 17:47:52,035 - root - DEBUG - extracting E:\Codez\zepp-bip3-wf\26db4fe6d7c90336259b90056f1dd287\0000.png...
2023-07-09 17:47:52,051 - root - DEBUG - extracting E:\Codez\zepp-bip3-wf\26db4fe6d7c90336259b90056f1dd287\0001.png...
2023-07-09 17:47:52,051 - root - DEBUG - extracting E:\Codez\zepp-bip3-wf\26db4fe6d7c90336259b90056f1dd287\0002.png...
2023-07-09 17:47:52,067 - root - DEBUG - extracting E:\Codez\zepp-bip3-wf\26db4fe6d7c90336259b90056f1dd287\0003.png...
2023-07-09 17:47:52,067 - root - DEBUG - extracting E:\Codez\zepp-bip3-wf\26db4fe6d7c90336259b90056f1dd287\0004.png...
2023-07-09 17:47:52,067 - root - DEBUG - extracting E:\Codez\zepp-bip3-wf\26db4fe6d7c90336259b90056f1dd287\0005.png...
2023-07-09 17:47:52,067 - root - DEBUG - extracting E:\Codez\zepp-bip3-wf\26db4fe6d7c90336259b90056f1dd287\0006.png...
2023-07-09 17:47:52,082 - root - DEBUG - extracting E:\Codez\zepp-bip3-wf\26db4fe6d7c90336259b90056f1dd287\0007.png...
2023-07-09 17:47:52,082 - root - DEBUG - extracting E:\Codez\zepp-bip3-wf\26db4fe6d7c90336259b90056f1dd287\0008.png...
2023-07-09 17:47:52,082 - root - DEBUG - extracting E:\Codez\zepp-bip3-wf\26db4fe6d7c90336259b90056f1dd287\0009.png...
2023-07-09 17:47:52,082 - root - DEBUG - extracting E:\Codez\zepp-bip3-wf\26db4fe6d7c90336259b90056f1dd287\0010.png...
2023-07-09 17:47:52,082 - root - DEBUG - extracting E:\Codez\zepp-bip3-wf\26db4fe6d7c90336259b90056f1dd287\0011.png...
2023-07-09 17:47:52,082 - root - DEBUG - extracting E:\Codez\zepp-bip3-wf\26db4fe6d7c90336259b90056f1dd287\0012.png...
2023-07-09 17:47:52,098 - root - DEBUG - extracting E:\Codez\zepp-bip3-wf\26db4fe6d7c90336259b90056f1dd287\0013.png...
2023-07-09 17:47:52,098 - root - DEBUG - extracting E:\Codez\zepp-bip3-wf\26db4fe6d7c90336259b90056f1dd287\0014.png...
2023-07-09 17:47:52,098 - root - DEBUG - extracting E:\Codez\zepp-bip3-wf\26db4fe6d7c90336259b90056f1dd287\0015.png...
2023-07-09 17:47:52,098 - root - DEBUG - extracting E:\Codez\zepp-bip3-wf\26db4fe6d7c90336259b90056f1dd287\0016.png...
2023-07-09 17:47:52,098 - root - DEBUG - extracting E:\Codez\zepp-bip3-wf\26db4fe6d7c90336259b90056f1dd287\0017.png...
2023-07-09 17:47:52,098 - root - DEBUG - extracting E:\Codez\zepp-bip3-wf\26db4fe6d7c90336259b90056f1dd287\0018.png...
2023-07-09 17:47:52,114 - root - DEBUG - extracting E:\Codez\zepp-bip3-wf\26db4fe6d7c90336259b90056f1dd287\0019.png...
2023-07-09 17:47:52,114 - root - DEBUG - extracting E:\Codez\zepp-bip3-wf\26db4fe6d7c90336259b90056f1dd287\0020.png...
2023-07-09 17:47:52,114 - root - DEBUG - extracting E:\Codez\zepp-bip3-wf\26db4fe6d7c90336259b90056f1dd287\0021.png...
2023-07-09 17:47:52,114 - root - DEBUG - extracting E:\Codez\zepp-bip3-wf\26db4fe6d7c90336259b90056f1dd287\0022.png...
2023-07-09 17:47:52,114 - root - DEBUG - extracting E:\Codez\zepp-bip3-wf\26db4fe6d7c90336259b90056f1dd287\0023.png...
2023-07-09 17:47:52,114 - root - DEBUG - extracting E:\Codez\zepp-bip3-wf\26db4fe6d7c90336259b90056f1dd287\0024.png...
2023-07-09 17:47:52,129 - root - DEBUG - extracting E:\Codez\zepp-bip3-wf\26db4fe6d7c90336259b90056f1dd287\0025.png...
2023-07-09 17:47:52,129 - root - DEBUG - extracting E:\Codez\zepp-bip3-wf\26db4fe6d7c90336259b90056f1dd287\0026.png...
2023-07-09 17:47:52,129 - root - DEBUG - extracting E:\Codez\zepp-bip3-wf\26db4fe6d7c90336259b90056f1dd287\0027.png...
2023-07-09 17:47:52,129 - root - DEBUG - extracting E:\Codez\zepp-bip3-wf\26db4fe6d7c90336259b90056f1dd287\0028.png...
2023-07-09 17:47:52,129 - root - DEBUG - extracting E:\Codez\zepp-bip3-wf\26db4fe6d7c90336259b90056f1dd287\0029.png...
2023-07-09 17:47:52,129 - root - DEBUG - extracting E:\Codez\zepp-bip3-wf\26db4fe6d7c90336259b90056f1dd287\0030.png...
2023-07-09 17:47:52,129 - root - DEBUG - extracting E:\Codez\zepp-bip3-wf\26db4fe6d7c90336259b90056f1dd287\0031.png...
2023-07-09 17:47:52,129 - root - DEBUG - extracting E:\Codez\zepp-bip3-wf\26db4fe6d7c90336259b90056f1dd287\0032.png...
2023-07-09 17:47:52,129 - root - DEBUG - extracting E:\Codez\zepp-bip3-wf\26db4fe6d7c90336259b90056f1dd287\0033.png...
2023-07-09 17:47:52,129 - root - DEBUG - extracting E:\Codez\zepp-bip3-wf\26db4fe6d7c90336259b90056f1dd287\0034.png...
2023-07-09 17:47:52,129 - root - DEBUG - extracting E:\Codez\zepp-bip3-wf\26db4fe6d7c90336259b90056f1dd287\0035.png...
2023-07-09 17:47:52,129 - root - DEBUG - extracting E:\Codez\zepp-bip3-wf\26db4fe6d7c90336259b90056f1dd287\0036.png...
2023-07-09 17:47:52,145 - root - DEBUG - extracting E:\Codez\zepp-bip3-wf\26db4fe6d7c90336259b90056f1dd287\0037.png...
2023-07-09 17:47:52,145 - root - DEBUG - extracting E:\Codez\zepp-bip3-wf\26db4fe6d7c90336259b90056f1dd287\0038.png...
2023-07-09 17:47:52,145 - root - DEBUG - extracting E:\Codez\zepp-bip3-wf\26db4fe6d7c90336259b90056f1dd287\0039.png...
2023-07-09 17:47:52,145 - root - DEBUG - extracting E:\Codez\zepp-bip3-wf\26db4fe6d7c90336259b90056f1dd287\0040.png...
2023-07-09 17:47:52,145 - root - DEBUG - extracting E:\Codez\zepp-bip3-wf\26db4fe6d7c90336259b90056f1dd287\0041.png...
2023-07-09 17:47:52,145 - root - DEBUG - extracting E:\Codez\zepp-bip3-wf\26db4fe6d7c90336259b90056f1dd287\0042.png...
2023-07-09 17:47:52,145 - root - DEBUG - extracting E:\Codez\zepp-bip3-wf\26db4fe6d7c90336259b90056f1dd287\0043.png...
2023-07-09 17:47:52,145 - root - DEBUG - extracting E:\Codez\zepp-bip3-wf\26db4fe6d7c90336259b90056f1dd287\0044.png...
2023-07-09 17:47:52,145 - root - DEBUG - extracting E:\Codez\zepp-bip3-wf\26db4fe6d7c90336259b90056f1dd287\0045.png...
2023-07-09 17:47:52,145 - root - DEBUG - extracting E:\Codez\zepp-bip3-wf\26db4fe6d7c90336259b90056f1dd287\0046.png...
2023-07-09 17:47:52,145 - root - DEBUG - extracting E:\Codez\zepp-bip3-wf\26db4fe6d7c90336259b90056f1dd287\0047.png...
2023-07-09 17:47:52,160 - root - DEBUG - extracting E:\Codez\zepp-bip3-wf\26db4fe6d7c90336259b90056f1dd287\0048.png...
2023-07-09 17:47:52,160 - root - DEBUG - extracting E:\Codez\zepp-bip3-wf\26db4fe6d7c90336259b90056f1dd287\0049.png...
2023-07-09 17:47:52,160 - root - DEBUG - extracting E:\Codez\zepp-bip3-wf\26db4fe6d7c90336259b90056f1dd287\0050.png...
2023-07-09 17:47:52,160 - root - DEBUG - extracting E:\Codez\zepp-bip3-wf\26db4fe6d7c90336259b90056f1dd287\0051.png...
2023-07-09 17:47:52,160 - root - DEBUG - extracting E:\Codez\zepp-bip3-wf\26db4fe6d7c90336259b90056f1dd287\0052.png...
2023-07-09 17:47:52,160 - root - DEBUG - extracting E:\Codez\zepp-bip3-wf\26db4fe6d7c90336259b90056f1dd287\0053.png...
2023-07-09 17:47:52,160 - root - DEBUG - extracting E:\Codez\zepp-bip3-wf\26db4fe6d7c90336259b90056f1dd287\0054.png...
2023-07-09 17:47:52,160 - root - DEBUG - extracting E:\Codez\zepp-bip3-wf\26db4fe6d7c90336259b90056f1dd287\0055.png...
2023-07-09 17:47:52,160 - root - DEBUG - extracting E:\Codez\zepp-bip3-wf\26db4fe6d7c90336259b90056f1dd287\0056.png...
2023-07-09 17:47:52,160 - root - DEBUG - extracting E:\Codez\zepp-bip3-wf\26db4fe6d7c90336259b90056f1dd287\0057.png...
2023-07-09 17:47:52,160 - root - DEBUG - extracting E:\Codez\zepp-bip3-wf\26db4fe6d7c90336259b90056f1dd287\0058.png...
2023-07-09 17:47:52,160 - root - DEBUG - extracting E:\Codez\zepp-bip3-wf\26db4fe6d7c90336259b90056f1dd287\0059.png...
2023-07-09 17:47:52,160 - root - DEBUG - extracting E:\Codez\zepp-bip3-wf\26db4fe6d7c90336259b90056f1dd287\0060.png...
2023-07-09 17:47:52,176 - root - DEBUG - extracting E:\Codez\zepp-bip3-wf\26db4fe6d7c90336259b90056f1dd287\0061.png...
2023-07-09 17:47:52,176 - root - DEBUG - extracting E:\Codez\zepp-bip3-wf\26db4fe6d7c90336259b90056f1dd287\0062.png...
2023-07-09 17:47:52,176 - root - DEBUG - extracting E:\Codez\zepp-bip3-wf\26db4fe6d7c90336259b90056f1dd287\0063.png...
2023-07-09 17:47:52,176 - root - DEBUG - extracting E:\Codez\zepp-bip3-wf\26db4fe6d7c90336259b90056f1dd287\0064.png...
2023-07-09 17:47:52,176 - root - DEBUG - extracting E:\Codez\zepp-bip3-wf\26db4fe6d7c90336259b90056f1dd287\0065.png...
2023-07-09 17:47:52,176 - root - DEBUG - extracting E:\Codez\zepp-bip3-wf\26db4fe6d7c90336259b90056f1dd287\0066.png...
2023-07-09 17:47:52,176 - root - DEBUG - extracting E:\Codez\zepp-bip3-wf\26db4fe6d7c90336259b90056f1dd287\0067.png...
2023-07-09 17:47:52,176 - root - DEBUG - extracting E:\Codez\zepp-bip3-wf\26db4fe6d7c90336259b90056f1dd287\0068.png...
2023-07-09 17:47:52,176 - root - DEBUG - extracting E:\Codez\zepp-bip3-wf\26db4fe6d7c90336259b90056f1dd287\0069.png...
2023-07-09 17:47:52,176 - root - DEBUG - extracting E:\Codez\zepp-bip3-wf\26db4fe6d7c90336259b90056f1dd287\0070.png...
2023-07-09 17:47:52,176 - root - DEBUG - extracting E:\Codez\zepp-bip3-wf\26db4fe6d7c90336259b90056f1dd287\0071.png...
2023-07-09 17:47:52,176 - root - DEBUG - extracting E:\Codez\zepp-bip3-wf\26db4fe6d7c90336259b90056f1dd287\0072.png...
2023-07-09 17:47:52,176 - root - DEBUG - extracting E:\Codez\zepp-bip3-wf\26db4fe6d7c90336259b90056f1dd287\0073.png...
2023-07-09 17:47:52,176 - root - DEBUG - extracting E:\Codez\zepp-bip3-wf\26db4fe6d7c90336259b90056f1dd287\0074.png...
2023-07-09 17:47:52,192 - root - DEBUG - extracting E:\Codez\zepp-bip3-wf\26db4fe6d7c90336259b90056f1dd287\0075.png...
2023-07-09 17:47:52,192 - root - DEBUG - extracting E:\Codez\zepp-bip3-wf\26db4fe6d7c90336259b90056f1dd287\0076.png...
2023-07-09 17:47:52,192 - root - DEBUG - extracting E:\Codez\zepp-bip3-wf\26db4fe6d7c90336259b90056f1dd287\0077.png...
2023-07-09 17:47:52,192 - root - DEBUG - extracting E:\Codez\zepp-bip3-wf\26db4fe6d7c90336259b90056f1dd287\0078.png...
2023-07-09 17:47:52,192 - root - DEBUG - extracting E:\Codez\zepp-bip3-wf\26db4fe6d7c90336259b90056f1dd287\0079.png...
2023-07-09 17:47:52,192 - root - DEBUG - extracting E:\Codez\zepp-bip3-wf\26db4fe6d7c90336259b90056f1dd287\0080.png...
2023-07-09 17:47:52,192 - root - DEBUG - extracting E:\Codez\zepp-bip3-wf\26db4fe6d7c90336259b90056f1dd287\0081.png...
2023-07-09 17:47:52,204 - root - DEBUG - Exporting config...
