2023-01-20 23:17:03,124 - root - DEBUG - Opening watch face 'E:\Codez\zepp-bip3-wf\38490e3634101ce1f0079497c24e07a0.bin'
2023-01-20 23:17:03,124 - root - DEBUG - Reading parameters...
2023-01-20 23:17:03,124 - root - INFO - Reading header...
2023-01-20 23:17:03,127 - root - INFO - Header was read:
2023-01-20 23:17:03,127 - root - INFO - Signature: b'UIHH\x01\x00\xff', Unknown: 46, ParametersSize: 25, isValid: True, deviceId: 71
2023-01-20 23:17:03,127 - root - INFO - Reading parameter offsets...
2023-01-20 23:17:03,127 - root - INFO - Parameter offsets were read from file
2023-01-20 23:17:03,127 - root - INFO - Reading parameters descriptor...
2023-01-20 23:17:03,127 - root - INFO - 1 ( A): 4 bytes
2023-01-20 23:17:03,127 - root - INFO -     1 ( 8): 87 57
2023-01-20 23:17:03,128 - root - INFO -     2 (10): 22 16
2023-01-20 23:17:03,128 - root - INFO - getParameters descriptor was read:
2023-01-20 23:17:03,128 - root - INFO - ParametersTableLength: 87, ImagesCount: 22
2023-01-20 23:17:03,128 - root - INFO - Reading parameters locations...
2023-01-20 23:17:03,128 - root - INFO - 2 (12): 4 bytes
2023-01-20 23:17:03,128 - root - INFO -     1 ( 8): 0  0
2023-01-20 23:17:03,128 - root - INFO -     2 (10): 16 10
2023-01-20 23:17:03,128 - root - INFO - 5 (2A): 4 bytes
2023-01-20 23:17:03,128 - root - INFO -     1 ( 8): 16 10
2023-01-20 23:17:03,128 - root - INFO -     2 (10): 46 2E
2023-01-20 23:17:03,128 - root - INFO - 20 (A2): 4 bytes
2023-01-20 23:17:03,129 - root - INFO -     1 ( 8): 62 3E
2023-01-20 23:17:03,129 - root - INFO -     2 (10): 25 19
2023-01-20 23:17:03,129 - root - INFO - Watch face parameters locations were read:
2023-01-20 23:17:03,129 - root - INFO - Reading descriptor for parameter 2
2023-01-20 23:17:03,129 - root - INFO - Descriptor offset: 0, Descriptor length: 16
2023-01-20 23:17:03,129 - root - INFO - Parsing descriptor for parameter 2...
2023-01-20 23:17:03,129 - root - INFO - 1 ( A): 6 bytes
2023-01-20 23:17:03,129 - root - INFO -     1 ( 8): 0  0
2023-01-20 23:17:03,129 - root - INFO -     2 (10): 0  0
2023-01-20 23:17:03,129 - root - INFO -     3 (18): 1  1
2023-01-20 23:17:03,129 - root - INFO - 3 (1A): 6 bytes
2023-01-20 23:17:03,129 - root - INFO -     1 ( 8): 0  0
2023-01-20 23:17:03,129 - root - INFO -     2 (10): 0  0
2023-01-20 23:17:03,129 - root - INFO -     3 (18): 0  0
2023-01-20 23:17:03,129 - root - INFO - Reading descriptor for parameter 5
2023-01-20 23:17:03,129 - root - INFO - Descriptor offset: 16, Descriptor length: 46
2023-01-20 23:17:03,129 - root - INFO - Parsing descriptor for parameter 5...
2023-01-20 23:17:03,129 - root - INFO - 1 ( A): 33 bytes
2023-01-20 23:17:03,131 - root - INFO -     9 (4A): 25 bytes
2023-01-20 23:17:03,131 - root - INFO -         3 (1A): 19 bytes
2023-01-20 23:17:03,131 - root - INFO -             1 ( 8): 106 6A
2023-01-20 23:17:03,131 - root - INFO -             2 (10): 70 46
2023-01-20 23:17:03,131 - root - INFO -             3 (18): 134 86
2023-01-20 23:17:03,131 - root - INFO -             4 (20): 90 5A
2023-01-20 23:17:03,131 - root - INFO -             5 (28): 18 12
2023-01-20 23:17:03,131 - root - INFO -             6 (30): 0  0
2023-01-20 23:17:03,131 - root - INFO -             7 (38): 0  0
2023-01-20 23:17:03,131 - root - INFO -             8 (40): 2  2
2023-01-20 23:17:03,131 - root - INFO -             9 (48): 10  A
2023-01-20 23:17:03,131 - root - INFO -         4 (20): 0  0
2023-01-20 23:17:03,131 - root - INFO -         5 (28): 0  0
2023-01-20 23:17:03,131 - root - INFO -     4 (20): 1  1
2023-01-20 23:17:03,131 - root - INFO -     5 (28): 1  1
2023-01-20 23:17:03,131 - root - INFO -     6 (30): 0  0
2023-01-20 23:17:03,131 - root - INFO - 4 (22): 9 bytes
2023-01-20 23:17:03,131 - root - INFO -     1 ( 8): 90 5A
2023-01-20 23:17:03,131 - root - INFO -     2 (10): 180 B4
2023-01-20 23:17:03,131 - root - INFO -     3 (18): 12  C
2023-01-20 23:17:03,131 - root - INFO -     4 (20): 7  7
2023-01-20 23:17:03,131 - root - INFO - Reading descriptor for parameter 20
2023-01-20 23:17:03,131 - root - INFO - Descriptor offset: 62, Descriptor length: 25
2023-01-20 23:17:03,131 - root - INFO - Parsing descriptor for parameter 20...
2023-01-20 23:17:03,131 - root - INFO - 2 (12): 5 bytes
2023-01-20 23:17:03,133 - root - INFO -     1 ( 8): 120 78
2023-01-20 23:17:03,133 - root - INFO -     2 (10): 140 8C
2023-01-20 23:17:03,133 - root - INFO - 3 (1A): 4 bytes
2023-01-20 23:17:03,133 - root - INFO -     1 ( 8): 19 13
2023-01-20 23:17:03,133 - root - INFO -     2 (10): 120 78
2023-01-20 23:17:03,133 - root - INFO - 4 (22): 4 bytes
2023-01-20 23:17:03,133 - root - INFO -     1 ( 8): 21 15
2023-01-20 23:17:03,133 - root - INFO -     2 (10): 120 78
2023-01-20 23:17:03,133 - root - INFO - 5 (2A): 4 bytes
2023-01-20 23:17:03,133 - root - INFO -     1 ( 8): 20 14
2023-01-20 23:17:03,133 - root - INFO -     2 (10): 120 78
2023-01-20 23:17:03,136 - root - INFO - Reading resources offsets table with 22 elements (88 bytes)
2023-01-20 23:17:03,137 - root - INFO - Resource 0 offset: 287, length: 51224...
2023-01-20 23:17:03,137 - root - DEBUG - Reading resource 0...
2023-01-20 23:17:03,169 - root - INFO - The image is bmc.
2023-01-20 23:17:03,169 - root - INFO - Reading image header(readHeader16C)...
2023-01-20 23:17:03,169 - root - INFO - Image header was read:
2023-01-20 23:17:03,170 - root - INFO - Width: 148, Height: 173, RowLength: 296
2023-01-20 23:17:03,170 - root - INFO - _step: 2, unknown2: 0,
2023-01-20 23:17:03,170 - root - INFO - BPP: 16, Transparency: False
2023-01-20 23:17:03,268 - root - INFO - Resource 1 offset: 51511, length: 134416...
2023-01-20 23:17:03,268 - root - DEBUG - Reading resource 1...
2023-01-20 23:17:03,268 - root - INFO - The image is bmc.
2023-01-20 23:17:03,269 - root - INFO - Reading image header(readHeader16C)...
2023-01-20 23:17:03,269 - root - INFO - Image header was read:
2023-01-20 23:17:03,269 - root - INFO - Width: 240, Height: 280, RowLength: 480
2023-01-20 23:17:03,269 - root - INFO - _step: 2, unknown2: 0,
2023-01-20 23:17:03,269 - root - INFO - BPP: 16, Transparency: False
2023-01-20 23:17:03,531 - root - INFO - Resource 2 offset: 185927, length: 456...
2023-01-20 23:17:03,531 - root - DEBUG - Reading resource 2...
2023-01-20 23:17:03,531 - root - INFO - The image is bme.
2023-01-20 23:17:03,531 - root - INFO - Reading image header(readHeader16E)...
2023-01-20 23:17:03,531 - root - INFO - Image header was read:
2023-01-20 23:17:03,531 - root - INFO - Width: 14, Height: 20, RowLength: 28
2023-01-20 23:17:03,531 - root - INFO - datalength: 440, _step: 2
2023-01-20 23:17:03,531 - root - INFO - BPP: 16, Transparency: False
2023-01-20 23:17:03,532 - root - INFO - Resource 3 offset: 186383, length: 266...
2023-01-20 23:17:03,532 - root - DEBUG - Reading resource 3...
2023-01-20 23:17:03,532 - root - INFO - The image is bme.
2023-01-20 23:17:03,532 - root - INFO - Reading image header(readHeader16E)...
2023-01-20 23:17:03,532 - root - INFO - Image header was read:
2023-01-20 23:17:03,533 - root - INFO - Width: 14, Height: 20, RowLength: 28
2023-01-20 23:17:03,533 - root - INFO - datalength: 250, _step: 2
2023-01-20 23:17:03,533 - root - INFO - BPP: 16, Transparency: False
2023-01-20 23:17:03,533 - root - INFO - Resource 4 offset: 186649, length: 348...
2023-01-20 23:17:03,533 - root - DEBUG - Reading resource 4...
2023-01-20 23:17:03,533 - root - INFO - The image is bme.
2023-01-20 23:17:03,533 - root - INFO - Reading image header(readHeader16E)...
2023-01-20 23:17:03,533 - root - INFO - Image header was read:
2023-01-20 23:17:03,533 - root - INFO - Width: 14, Height: 20, RowLength: 28
2023-01-20 23:17:03,534 - root - INFO - datalength: 332, _step: 2
2023-01-20 23:17:03,534 - root - INFO - BPP: 16, Transparency: False
2023-01-20 23:17:03,534 - root - INFO - Resource 5 offset: 186997, length: 394...
2023-01-20 23:17:03,534 - root - DEBUG - Reading resource 5...
2023-01-20 23:17:03,534 - root - INFO - The image is bme.
2023-01-20 23:17:03,534 - root - INFO - Reading image header(readHeader16E)...
2023-01-20 23:17:03,535 - root - INFO - Image header was read:
2023-01-20 23:17:03,535 - root - INFO - Width: 14, Height: 20, RowLength: 28
2023-01-20 23:17:03,535 - root - INFO - datalength: 378, _step: 2
2023-01-20 23:17:03,535 - root - INFO - BPP: 16, Transparency: False
2023-01-20 23:17:03,536 - root - INFO - Resource 6 offset: 187391, length: 386...
2023-01-20 23:17:03,536 - root - DEBUG - Reading resource 6...
2023-01-20 23:17:03,536 - root - INFO - The image is bme.
2023-01-20 23:17:03,536 - root - INFO - Reading image header(readHeader16E)...
2023-01-20 23:17:03,536 - root - INFO - Image header was read:
2023-01-20 23:17:03,536 - root - INFO - Width: 14, Height: 20, RowLength: 28
2023-01-20 23:17:03,536 - root - INFO - datalength: 370, _step: 2
2023-01-20 23:17:03,536 - root - INFO - BPP: 16, Transparency: False
2023-01-20 23:17:03,537 - root - INFO - Resource 7 offset: 187777, length: 396...
2023-01-20 23:17:03,537 - root - DEBUG - Reading resource 7...
2023-01-20 23:17:03,537 - root - INFO - The image is bme.
2023-01-20 23:17:03,537 - root - INFO - Reading image header(readHeader16E)...
2023-01-20 23:17:03,537 - root - INFO - Image header was read:
2023-01-20 23:17:03,537 - root - INFO - Width: 14, Height: 20, RowLength: 28
2023-01-20 23:17:03,537 - root - INFO - datalength: 380, _step: 2
2023-01-20 23:17:03,537 - root - INFO - BPP: 16, Transparency: False
2023-01-20 23:17:03,538 - root - INFO - Resource 8 offset: 188173, length: 414...
2023-01-20 23:17:03,538 - root - DEBUG - Reading resource 8...
2023-01-20 23:17:03,538 - root - INFO - The image is bme.
2023-01-20 23:17:03,538 - root - INFO - Reading image header(readHeader16E)...
2023-01-20 23:17:03,538 - root - INFO - Image header was read:
2023-01-20 23:17:03,538 - root - INFO - Width: 14, Height: 20, RowLength: 28
2023-01-20 23:17:03,538 - root - INFO - datalength: 398, _step: 2
2023-01-20 23:17:03,539 - root - INFO - BPP: 16, Transparency: False
2023-01-20 23:17:03,539 - root - INFO - Resource 9 offset: 188587, length: 300...
2023-01-20 23:17:03,539 - root - DEBUG - Reading resource 9...
2023-01-20 23:17:03,539 - root - INFO - The image is bme.
2023-01-20 23:17:03,540 - root - INFO - Reading image header(readHeader16E)...
2023-01-20 23:17:03,540 - root - INFO - Image header was read:
2023-01-20 23:17:03,540 - root - INFO - Width: 14, Height: 20, RowLength: 28
2023-01-20 23:17:03,540 - root - INFO - datalength: 284, _step: 2
2023-01-20 23:17:03,540 - root - INFO - BPP: 16, Transparency: False
2023-01-20 23:17:03,540 - root - INFO - Resource 10 offset: 188887, length: 468...
2023-01-20 23:17:03,541 - root - DEBUG - Reading resource 10...
2023-01-20 23:17:03,541 - root - INFO - The image is bme.
2023-01-20 23:17:03,541 - root - INFO - Reading image header(readHeader16E)...
2023-01-20 23:17:03,541 - root - INFO - Image header was read:
2023-01-20 23:17:03,541 - root - INFO - Width: 14, Height: 20, RowLength: 28
2023-01-20 23:17:03,541 - root - INFO - datalength: 452, _step: 2
2023-01-20 23:17:03,541 - root - INFO - BPP: 16, Transparency: False
2023-01-20 23:17:03,542 - root - INFO - Resource 11 offset: 189355, length: 398...
2023-01-20 23:17:03,542 - root - DEBUG - Reading resource 11...
2023-01-20 23:17:03,542 - root - INFO - The image is bme.
2023-01-20 23:17:03,542 - root - INFO - Reading image header(readHeader16E)...
2023-01-20 23:17:03,542 - root - INFO - Image header was read:
2023-01-20 23:17:03,542 - root - INFO - Width: 14, Height: 20, RowLength: 28
2023-01-20 23:17:03,542 - root - INFO - datalength: 382, _step: 2
2023-01-20 23:17:03,542 - root - INFO - BPP: 16, Transparency: False
2023-01-20 23:17:03,543 - root - INFO - Resource 12 offset: 189753, length: 1730...
2023-01-20 23:17:03,544 - root - DEBUG - Reading resource 12...
2023-01-20 23:17:03,544 - root - INFO - The image is bme.
2023-01-20 23:17:03,544 - root - INFO - Reading image header(readHeader16E)...
2023-01-20 23:17:03,544 - root - INFO - Image header was read:
2023-01-20 23:17:03,544 - root - INFO - Width: 60, Height: 20, RowLength: 120
2023-01-20 23:17:03,544 - root - INFO - datalength: 1714, _step: 2
2023-01-20 23:17:03,544 - root - INFO - BPP: 16, Transparency: False
2023-01-20 23:17:03,547 - root - INFO - Resource 13 offset: 191483, length: 1076...
2023-01-20 23:17:03,547 - root - DEBUG - Reading resource 13...
2023-01-20 23:17:03,547 - root - INFO - The image is bme.
2023-01-20 23:17:03,547 - root - INFO - Reading image header(readHeader16E)...
2023-01-20 23:17:03,547 - root - INFO - Image header was read:
2023-01-20 23:17:03,547 - root - INFO - Width: 60, Height: 20, RowLength: 120
2023-01-20 23:17:03,547 - root - INFO - datalength: 1060, _step: 2
2023-01-20 23:17:03,548 - root - INFO - BPP: 16, Transparency: False
2023-01-20 23:17:03,549 - root - INFO - Resource 14 offset: 192559, length: 1432...
2023-01-20 23:17:03,549 - root - DEBUG - Reading resource 14...
2023-01-20 23:17:03,549 - root - INFO - The image is bme.
2023-01-20 23:17:03,549 - root - INFO - Reading image header(readHeader16E)...
2023-01-20 23:17:03,550 - root - INFO - Image header was read:
2023-01-20 23:17:03,550 - root - INFO - Width: 60, Height: 20, RowLength: 120
2023-01-20 23:17:03,550 - root - INFO - datalength: 1416, _step: 2
2023-01-20 23:17:03,550 - root - INFO - BPP: 16, Transparency: False
2023-01-20 23:17:03,552 - root - INFO - Resource 15 offset: 193991, length: 1198...
2023-01-20 23:17:03,552 - root - DEBUG - Reading resource 15...
2023-01-20 23:17:03,552 - root - INFO - The image is bme.
2023-01-20 23:17:03,553 - root - INFO - Reading image header(readHeader16E)...
2023-01-20 23:17:03,553 - root - INFO - Image header was read:
2023-01-20 23:17:03,553 - root - INFO - Width: 60, Height: 20, RowLength: 120
2023-01-20 23:17:03,553 - root - INFO - datalength: 1182, _step: 2
2023-01-20 23:17:03,553 - root - INFO - BPP: 16, Transparency: False
2023-01-20 23:17:03,556 - root - INFO - Resource 16 offset: 195189, length: 950...
2023-01-20 23:17:03,556 - root - DEBUG - Reading resource 16...
2023-01-20 23:17:03,556 - root - INFO - The image is bme.
2023-01-20 23:17:03,556 - root - INFO - Reading image header(readHeader16E)...
2023-01-20 23:17:03,556 - root - INFO - Image header was read:
2023-01-20 23:17:03,556 - root - INFO - Width: 60, Height: 20, RowLength: 120
2023-01-20 23:17:03,556 - root - INFO - datalength: 934, _step: 2
2023-01-20 23:17:03,557 - root - INFO - BPP: 16, Transparency: False
2023-01-20 23:17:03,558 - root - INFO - Resource 17 offset: 196139, length: 1088...
2023-01-20 23:17:03,558 - root - DEBUG - Reading resource 17...
2023-01-20 23:17:03,558 - root - INFO - The image is bme.
2023-01-20 23:17:03,558 - root - INFO - Reading image header(readHeader16E)...
2023-01-20 23:17:03,558 - root - INFO - Image header was read:
2023-01-20 23:17:03,559 - root - INFO - Width: 60, Height: 20, RowLength: 120
2023-01-20 23:17:03,559 - root - INFO - datalength: 1072, _step: 2
2023-01-20 23:17:03,559 - root - INFO - BPP: 16, Transparency: False
2023-01-20 23:17:03,562 - root - INFO - Resource 18 offset: 197227, length: 1404...
2023-01-20 23:17:03,562 - root - DEBUG - Reading resource 18...
2023-01-20 23:17:03,562 - root - INFO - The image is bme.
2023-01-20 23:17:03,562 - root - INFO - Reading image header(readHeader16E)...
2023-01-20 23:17:03,562 - root - INFO - Image header was read:
2023-01-20 23:17:03,564 - root - INFO - Width: 60, Height: 20, RowLength: 120
2023-01-20 23:17:03,564 - root - INFO - datalength: 1388, _step: 2
2023-01-20 23:17:03,564 - root - INFO - BPP: 16, Transparency: False
2023-01-20 23:17:03,568 - root - INFO - Resource 19 offset: 198631, length: 21616...
2023-01-20 23:17:03,568 - root - DEBUG - Reading resource 19...
2023-01-20 23:17:03,568 - root - INFO - The image is bmc.
2023-01-20 23:17:03,568 - root - INFO - Reading image header(readHeader16C)...
2023-01-20 23:17:03,568 - root - INFO - Image header was read:
2023-01-20 23:17:03,568 - root - INFO - Width: 30, Height: 240, RowLength: 90
2023-01-20 23:17:03,568 - root - INFO - _step: 3, unknown2: 0,
2023-01-20 23:17:03,568 - root - INFO - BPP: 24, Transparency: False
2023-01-20 23:17:03,600 - root - INFO - Resource 20 offset: 220247, length: 21616...
2023-01-20 23:17:03,600 - root - DEBUG - Reading resource 20...
2023-01-20 23:17:03,600 - root - INFO - The image is bmc.
2023-01-20 23:17:03,600 - root - INFO - Reading image header(readHeader16C)...
2023-01-20 23:17:03,600 - root - INFO - Image header was read:
2023-01-20 23:17:03,600 - root - INFO - Width: 30, Height: 240, RowLength: 90
2023-01-20 23:17:03,600 - root - INFO - _step: 3, unknown2: 0,
2023-01-20 23:17:03,600 - root - INFO - BPP: 24, Transparency: False
2023-01-20 23:17:03,631 - root - INFO - Resource 21 offset: 241863, length: 21616...
2023-01-20 23:17:03,631 - root - DEBUG - Reading resource 21...
2023-01-20 23:17:03,631 - root - INFO - The image is bmc.
2023-01-20 23:17:03,631 - root - INFO - Reading image header(readHeader16C)...
2023-01-20 23:17:03,632 - root - INFO - Image header was read:
2023-01-20 23:17:03,632 - root - INFO - Width: 30, Height: 240, RowLength: 90
2023-01-20 23:17:03,632 - root - INFO - _step: 3, unknown2: 0,
2023-01-20 23:17:03,632 - root - INFO - BPP: 24, Transparency: False
2023-01-20 23:17:03,663 - root - DEBUG - Parsing parameters...
2023-01-20 23:17:03,737 - root - DEBUG - 0 Value: None
2023-01-20 23:17:03,737 - root - DEBUG - 0.1 Value: 71
2023-01-20 23:17:03,737 - root - DEBUG - 2 Value: None
2023-01-20 23:17:03,737 - root - DEBUG - 2.1 Value: None
2023-01-20 23:17:03,737 - root - DEBUG - 2.1.1 Value: 0
2023-01-20 23:17:03,737 - root - DEBUG - 2.1.2 Value: 0
2023-01-20 23:17:03,737 - root - DEBUG - 2.1.3 Value: 1
2023-01-20 23:17:03,737 - root - DEBUG - 2.3 Value: None
2023-01-20 23:17:03,737 - root - DEBUG - 2.3.1 Value: 0
2023-01-20 23:17:03,737 - root - DEBUG - 2.3.2 Value: 0
2023-01-20 23:17:03,738 - root - DEBUG - 2.3.3 Value: 0
2023-01-20 23:17:03,738 - root - DEBUG - 5 Value: None
2023-01-20 23:17:03,738 - root - DEBUG - 5.1 Value: None
2023-01-20 23:17:03,738 - root - DEBUG - 5.1.9 Value: None
2023-01-20 23:17:03,738 - root - DEBUG - 5.1.9.3 Value: None
2023-01-20 23:17:03,738 - root - DEBUG - 5.1.9.3.1 Value: 106
2023-01-20 23:17:03,738 - root - DEBUG - 5.1.9.3.2 Value: 70
2023-01-20 23:17:03,738 - root - DEBUG - 5.1.9.3.3 Value: 134
2023-01-20 23:17:03,738 - root - DEBUG - 5.1.9.3.4 Value: 90
2023-01-20 23:17:03,738 - root - DEBUG - 5.1.9.3.5 Value: 18
2023-01-20 23:17:03,738 - root - DEBUG - 5.1.9.3.6 Value: 0
2023-01-20 23:17:03,738 - root - DEBUG - 5.1.9.3.7 Value: 0
2023-01-20 23:17:03,739 - root - DEBUG - 5.1.9.3.8 Value: 2
2023-01-20 23:17:03,739 - root - DEBUG - 5.1.9.3.9 Value: 10
2023-01-20 23:17:03,739 - root - DEBUG - 5.1.9.4 Value: 0
2023-01-20 23:17:03,739 - root - DEBUG - 5.1.9.5 Value: 0
2023-01-20 23:17:03,739 - root - DEBUG - 5.1.4 Value: 1
2023-01-20 23:17:03,739 - root - DEBUG - 5.1.5 Value: 1
2023-01-20 23:17:03,739 - root - DEBUG - 5.1.6 Value: 0
2023-01-20 23:17:03,739 - root - DEBUG - 5.4 Value: None
2023-01-20 23:17:03,739 - root - DEBUG - 5.4.1 Value: 90
2023-01-20 23:17:03,739 - root - DEBUG - 5.4.2 Value: 180
2023-01-20 23:17:03,739 - root - DEBUG - 5.4.3 Value: 12
2023-01-20 23:17:03,740 - root - DEBUG - 5.4.4 Value: 7
2023-01-20 23:17:03,740 - root - DEBUG - 20 Value: None
2023-01-20 23:17:03,740 - root - DEBUG - 20.2 Value: None
2023-01-20 23:17:03,740 - root - DEBUG - 20.2.1 Value: 120
2023-01-20 23:17:03,740 - root - DEBUG - 20.2.2 Value: 140
2023-01-20 23:17:03,740 - root - DEBUG - 20.3 Value: None
2023-01-20 23:17:03,740 - root - DEBUG - 20.3.1 Value: 19
2023-01-20 23:17:03,740 - root - DEBUG - 20.3.2 Value: 120
2023-01-20 23:17:03,740 - root - DEBUG - 20.4 Value: None
2023-01-20 23:17:03,740 - root - DEBUG - 20.4.1 Value: 21
2023-01-20 23:17:03,740 - root - DEBUG - 20.4.2 Value: 120
2023-01-20 23:17:03,740 - root - DEBUG - 20.5 Value: None
2023-01-20 23:17:03,741 - root - DEBUG - 20.5.1 Value: 20
2023-01-20 23:17:03,741 - root - DEBUG - 20.5.2 Value: 120
2023-01-20 23:17:03,741 - root - DEBUG - 0-Info
2023-01-20 23:17:03,741 - root - DEBUG - 0.1-DeviceId
2023-01-20 23:17:03,741 - root - DEBUG - 2-Background
2023-01-20 23:17:03,741 - root - DEBUG - 2.1-Image
2023-01-20 23:17:03,741 - root - DEBUG - 2.1.1-X
2023-01-20 23:17:03,741 - root - DEBUG - 2.1.2-Y
2023-01-20 23:17:03,741 - root - DEBUG - 2.1.3-ImageIndex
2023-01-20 23:17:03,742 - root - DEBUG - 2.3-Preview
2023-01-20 23:17:03,743 - root - DEBUG - 2.3.1-X
2023-01-20 23:17:03,743 - root - DEBUG - 2.3.2-Y
2023-01-20 23:17:03,743 - root - DEBUG - 2.3.3-ImageIndex
2023-01-20 23:17:03,744 - root - DEBUG - 5-DateBlock
2023-01-20 23:17:03,744 - root - DEBUG - 5.1-Date
2023-01-20 23:17:03,744 - root - DEBUG - 5.1.9-YearMonthAndDay
2023-01-20 23:17:03,744 - root - DEBUG - 5.1.9.3-Day
2023-01-20 23:17:03,744 - root - DEBUG - 5.1.9.3.1-TopLeftX
2023-01-20 23:17:03,744 - root - DEBUG - 5.1.9.3.2-TopLeftY
2023-01-20 23:17:03,744 - root - DEBUG - 5.1.9.3.3-BottomRightX
2023-01-20 23:17:03,745 - root - DEBUG - 5.1.9.3.4-BottomRightY
2023-01-20 23:17:03,745 - root - DEBUG - 5.1.9.3.5-Alignment
2023-01-20 23:17:03,745 - root - DEBUG - 5.1.9.3.6-Spacing
2023-01-20 23:17:03,745 - root - DEBUG - 5.1.9.3.7-VerticalOffset
2023-01-20 23:17:03,745 - root - DEBUG - 5.1.9.3.8-ImageIndex
2023-01-20 23:17:03,745 - root - DEBUG - 5.1.9.3.9-ImagesCount
2023-01-20 23:17:03,745 - root - DEBUG - 5.1.9.4-MonthFollowsYear
2023-01-20 23:17:03,746 - root - DEBUG - 5.1.9.5-DayFollowsMonth
2023-01-20 23:17:03,746 - root - DEBUG - 5.1.4-PaddingZeroMonth
2023-01-20 23:17:03,746 - root - DEBUG - 5.1.5-PaddingZeroDay
2023-01-20 23:17:03,746 - root - DEBUG - 5.1.6-UnknownBoolean6
2023-01-20 23:17:03,746 - root - DEBUG - 5.4-Weekday
2023-01-20 23:17:03,746 - root - DEBUG - 5.4.1-X
2023-01-20 23:17:03,746 - root - DEBUG - 5.4.2-Y
2023-01-20 23:17:03,746 - root - DEBUG - 5.4.3-ImageIndex
2023-01-20 23:17:03,746 - root - DEBUG - 5.4.4-ImagesCount
2023-01-20 23:17:03,747 - root - DEBUG - 20-TimeAnalog
2023-01-20 23:17:03,747 - root - DEBUG - 20.2-CommonCenterCoordinates
2023-01-20 23:17:03,747 - root - DEBUG - 20.2.1-X
2023-01-20 23:17:03,747 - root - DEBUG - 20.2.2-Y
2023-01-20 23:17:03,747 - root - DEBUG - 20.3-Hours
2023-01-20 23:17:03,747 - root - DEBUG - 20.3.1-ImageIndex
2023-01-20 23:17:03,747 - root - DEBUG - 20.3.2-PointerCenterOfRotationY
2023-01-20 23:17:03,747 - root - DEBUG - 20.4-Minutes
2023-01-20 23:17:03,748 - root - DEBUG - 20.4.1-ImageIndex
2023-01-20 23:17:03,748 - root - DEBUG - 20.4.2-PointerCenterOfRotationY
2023-01-20 23:17:03,748 - root - DEBUG - 20.5-Seconds
2023-01-20 23:17:03,748 - root - DEBUG - 20.5.1-ImageIndex
2023-01-20 23:17:03,748 - root - DEBUG - 20.5.2-PointerCenterOfRotationY
2023-01-20 23:17:03,748 - root - DEBUG - generatePreviews
2023-01-20 23:17:03,748 - root - DEBUG - Generating previews...
2023-01-20 23:17:03,750 - root - DEBUG - Generating states done...
2023-01-20 23:17:03,758 - root - DEBUG - >>>>>>>>>>>> 0 <watchFaceParser.models.parameter.Parameter object at 0x000001F20F6BC340>
2023-01-20 23:17:03,758 - root - DEBUG - >>>>>>>>>>>> 2 <watchFaceParser.models.parameter.Parameter object at 0x000001F20F6B6F10>
2023-01-20 23:17:03,763 - root - DEBUG - >>>>>>>>>>>> 5 <watchFaceParser.models.parameter.Parameter object at 0x000001F20F6BBA90>
2023-01-20 23:17:03,774 - root - DEBUG - >>>>>>>>>>>> 20 <watchFaceParser.models.parameter.Parameter object at 0x000001F20F6BBD90>
2023-01-20 23:17:03,804 - root - DEBUG - Generating static preview gen done...
2023-01-20 23:17:03,854 - root - DEBUG - Generating static preview save done...
2023-01-20 23:17:03,854 - root - DEBUG - Generating anim preview gen done...
2023-01-20 23:17:03,854 - root - DEBUG - >>>>>>>>>>>> 0 <watchFaceParser.models.parameter.Parameter object at 0x000001F20F6BC340>
2023-01-20 23:17:03,854 - root - DEBUG - >>>>>>>>>>>> 2 <watchFaceParser.models.parameter.Parameter object at 0x000001F20F6B6F10>
2023-01-20 23:17:03,855 - root - DEBUG - >>>>>>>>>>>> 5 <watchFaceParser.models.parameter.Parameter object at 0x000001F20F6BBA90>
2023-01-20 23:17:03,855 - root - DEBUG - >>>>>>>>>>>> 20 <watchFaceParser.models.parameter.Parameter object at 0x000001F20F6BBD90>
2023-01-20 23:17:04,237 - root - DEBUG - generatePreviews done
2023-01-20 23:17:04,237 - root - DEBUG - Exporting resources to 'E:\Codez\zepp-bip3-wf\38490e3634101ce1f0079497c24e07a0'
2023-01-20 23:17:04,237 - root - DEBUG - extracting E:\Codez\zepp-bip3-wf\38490e3634101ce1f0079497c24e07a0\0000.png...
2023-01-20 23:17:04,244 - root - DEBUG - extracting E:\Codez\zepp-bip3-wf\38490e3634101ce1f0079497c24e07a0\0001.png...
2023-01-20 23:17:04,257 - root - DEBUG - extracting E:\Codez\zepp-bip3-wf\38490e3634101ce1f0079497c24e07a0\0002.png...
2023-01-20 23:17:04,257 - root - DEBUG - extracting E:\Codez\zepp-bip3-wf\38490e3634101ce1f0079497c24e07a0\0003.png...
2023-01-20 23:17:04,257 - root - DEBUG - extracting E:\Codez\zepp-bip3-wf\38490e3634101ce1f0079497c24e07a0\0004.png...
2023-01-20 23:17:04,257 - root - DEBUG - extracting E:\Codez\zepp-bip3-wf\38490e3634101ce1f0079497c24e07a0\0005.png...
2023-01-20 23:17:04,257 - root - DEBUG - extracting E:\Codez\zepp-bip3-wf\38490e3634101ce1f0079497c24e07a0\0006.png...
2023-01-20 23:17:04,257 - root - DEBUG - extracting E:\Codez\zepp-bip3-wf\38490e3634101ce1f0079497c24e07a0\0007.png...
2023-01-20 23:17:04,264 - root - DEBUG - extracting E:\Codez\zepp-bip3-wf\38490e3634101ce1f0079497c24e07a0\0008.png...
2023-01-20 23:17:04,264 - root - DEBUG - extracting E:\Codez\zepp-bip3-wf\38490e3634101ce1f0079497c24e07a0\0009.png...
2023-01-20 23:17:04,264 - root - DEBUG - extracting E:\Codez\zepp-bip3-wf\38490e3634101ce1f0079497c24e07a0\0010.png...
2023-01-20 23:17:04,264 - root - DEBUG - extracting E:\Codez\zepp-bip3-wf\38490e3634101ce1f0079497c24e07a0\0011.png...
2023-01-20 23:17:04,264 - root - DEBUG - extracting E:\Codez\zepp-bip3-wf\38490e3634101ce1f0079497c24e07a0\0012.png...
2023-01-20 23:17:04,264 - root - DEBUG - extracting E:\Codez\zepp-bip3-wf\38490e3634101ce1f0079497c24e07a0\0013.png...
2023-01-20 23:17:04,264 - root - DEBUG - extracting E:\Codez\zepp-bip3-wf\38490e3634101ce1f0079497c24e07a0\0014.png...
2023-01-20 23:17:04,269 - root - DEBUG - extracting E:\Codez\zepp-bip3-wf\38490e3634101ce1f0079497c24e07a0\0015.png...
2023-01-20 23:17:04,269 - root - DEBUG - extracting E:\Codez\zepp-bip3-wf\38490e3634101ce1f0079497c24e07a0\0016.png...
2023-01-20 23:17:04,269 - root - DEBUG - extracting E:\Codez\zepp-bip3-wf\38490e3634101ce1f0079497c24e07a0\0017.png...
2023-01-20 23:17:04,269 - root - DEBUG - extracting E:\Codez\zepp-bip3-wf\38490e3634101ce1f0079497c24e07a0\0018.png...
2023-01-20 23:17:04,273 - root - DEBUG - extracting E:\Codez\zepp-bip3-wf\38490e3634101ce1f0079497c24e07a0\0019.png...
2023-01-20 23:17:04,273 - root - DEBUG - extracting E:\Codez\zepp-bip3-wf\38490e3634101ce1f0079497c24e07a0\0020.png...
2023-01-20 23:17:04,273 - root - DEBUG - extracting E:\Codez\zepp-bip3-wf\38490e3634101ce1f0079497c24e07a0\0021.png...
2023-01-20 23:17:04,273 - root - DEBUG - Exporting config...
