2023-01-20 23:17:08,413 - root - DEBUG - Opening watch face 'E:\Codez\zepp-bip3-wf\4049afc75d29b38c447b8dd1a59e6175.bin'
2023-01-20 23:17:08,413 - root - DEBUG - Reading parameters...
2023-01-20 23:17:08,413 - root - INFO - Reading header...
2023-01-20 23:17:08,413 - root - INFO - Header was read:
2023-01-20 23:17:08,413 - root - INFO - Signature: b'UIHH\x01\x00\xff', Unknown: 60, ParametersSize: 25, isValid: True, deviceId: 71
2023-01-20 23:17:08,413 - root - INFO - Reading parameter offsets...
2023-01-20 23:17:08,413 - root - INFO - Parameter offsets were read from file
2023-01-20 23:17:08,413 - root - INFO - Reading parameters descriptor...
2023-01-20 23:17:08,413 - root - INFO - 1 ( A): 5 bytes
2023-01-20 23:17:08,413 - root - INFO -     1 ( 8): 128 80
2023-01-20 23:17:08,421 - root - INFO -     2 (10): 51 33
2023-01-20 23:17:08,421 - root - INFO - getParameters descriptor was read:
2023-01-20 23:17:08,421 - root - INFO - ParametersTableLength: 128, ImagesCount: 51
2023-01-20 23:17:08,421 - root - INFO - Reading parameters locations...
2023-01-20 23:17:08,421 - root - INFO - 2 (12): 4 bytes
2023-01-20 23:17:08,421 - root - INFO -     1 ( 8): 0  0
2023-01-20 23:17:08,421 - root - INFO -     2 (10): 16 10
2023-01-20 23:17:08,421 - root - INFO - 3 (1A): 4 bytes
2023-01-20 23:17:08,421 - root - INFO -     1 ( 8): 16 10
2023-01-20 23:17:08,421 - root - INFO -     2 (10): 52 34
2023-01-20 23:17:08,421 - root - INFO - 5 (2A): 4 bytes
2023-01-20 23:17:08,421 - root - INFO -     1 ( 8): 68 44
2023-01-20 23:17:08,421 - root - INFO -     2 (10): 60 3C
2023-01-20 23:17:08,421 - root - INFO - Watch face parameters locations were read:
2023-01-20 23:17:08,421 - root - INFO - Reading descriptor for parameter 2
2023-01-20 23:17:08,421 - root - INFO - Descriptor offset: 0, Descriptor length: 16
2023-01-20 23:17:08,421 - root - INFO - Parsing descriptor for parameter 2...
2023-01-20 23:17:08,421 - root - INFO - 1 ( A): 6 bytes
2023-01-20 23:17:08,421 - root - INFO -     1 ( 8): 0  0
2023-01-20 23:17:08,421 - root - INFO -     2 (10): 0  0
2023-01-20 23:17:08,423 - root - INFO -     3 (18): 1  1
2023-01-20 23:17:08,423 - root - INFO - 3 (1A): 6 bytes
2023-01-20 23:17:08,423 - root - INFO -     1 ( 8): 0  0
2023-01-20 23:17:08,423 - root - INFO -     2 (10): 0  0
2023-01-20 23:17:08,423 - root - INFO -     3 (18): 0  0
2023-01-20 23:17:08,423 - root - INFO - Reading descriptor for parameter 3
2023-01-20 23:17:08,423 - root - INFO - Descriptor offset: 16, Descriptor length: 52
2023-01-20 23:17:08,423 - root - INFO - Parsing descriptor for parameter 3...
2023-01-20 23:17:08,423 - root - INFO - 1 ( A): 50 bytes
2023-01-20 23:17:08,423 - root - INFO -     1 ( A): 20 bytes
2023-01-20 23:17:08,423 - root - INFO -         1 ( A): 8 bytes
2023-01-20 23:17:08,423 - root - INFO -             1 ( 8): 43 2B
2023-01-20 23:17:08,423 - root - INFO -             2 (10): 49 31
2023-01-20 23:17:08,423 - root - INFO -             3 (18): 2  2
2023-01-20 23:17:08,423 - root - INFO -             4 (20): 10  A
2023-01-20 23:17:08,423 - root - INFO -         2 (12): 8 bytes
2023-01-20 23:17:08,423 - root - INFO -             1 ( 8): 120 78
2023-01-20 23:17:08,423 - root - INFO -             2 (10): 49 31
2023-01-20 23:17:08,423 - root - INFO -             3 (18): 2  2
2023-01-20 23:17:08,423 - root - INFO -             4 (20): 10  A
2023-01-20 23:17:08,423 - root - INFO -     2 (12): 22 bytes
2023-01-20 23:17:08,423 - root - INFO -         1 ( A): 9 bytes
2023-01-20 23:17:08,423 - root - INFO -             1 ( 8): 102 66
2023-01-20 23:17:08,423 - root - INFO -             2 (10): 216 D8
2023-01-20 23:17:08,423 - root - INFO -             3 (18): 12  C
2023-01-20 23:17:08,423 - root - INFO -             4 (20): 10  A
2023-01-20 23:17:08,423 - root - INFO -         2 (12): 9 bytes
2023-01-20 23:17:08,423 - root - INFO -             1 ( 8): 120 78
2023-01-20 23:17:08,423 - root - INFO -             2 (10): 216 D8
2023-01-20 23:17:08,423 - root - INFO -             3 (18): 12  C
2023-01-20 23:17:08,423 - root - INFO -             4 (20): 10  A
2023-01-20 23:17:08,423 - root - INFO -     7 (38): 0  0
2023-01-20 23:17:08,423 - root - INFO -     8 (40): 1  1
2023-01-20 23:17:08,423 - root - INFO - Reading descriptor for parameter 5
2023-01-20 23:17:08,423 - root - INFO - Descriptor offset: 68, Descriptor length: 60
2023-01-20 23:17:08,423 - root - INFO - Parsing descriptor for parameter 5...
2023-01-20 23:17:08,423 - root - INFO - 1 ( A): 46 bytes
2023-01-20 23:17:08,423 - root - INFO -     9 (4A): 38 bytes
2023-01-20 23:17:08,423 - root - INFO -         3 (1A): 21 bytes
2023-01-20 23:17:08,423 - root - INFO -             1 ( 8): 107 6B
2023-01-20 23:17:08,423 - root - INFO -             2 (10): 188 BC
2023-01-20 23:17:08,423 - root - INFO -             3 (18): 133 85
2023-01-20 23:17:08,423 - root - INFO -             4 (20): 200 C8
2023-01-20 23:17:08,423 - root - INFO -             5 (28): 18 12
2023-01-20 23:17:08,423 - root - INFO -             6 (30): 0  0
2023-01-20 23:17:08,423 - root - INFO -             7 (38): 0  0
2023-01-20 23:17:08,423 - root - INFO -             8 (40): 22 16
2023-01-20 23:17:08,423 - root - INFO -             9 (48): 10  A
2023-01-20 23:17:08,423 - root - INFO -         4 (20): 0  0
2023-01-20 23:17:08,423 - root - INFO -         5 (28): 0  0
2023-01-20 23:17:08,423 - root - INFO -         6 (32): 9 bytes
2023-01-20 23:17:08,423 - root - INFO -             1 ( 8): 57 39
2023-01-20 23:17:08,423 - root - INFO -             2 (10): 186 BA
2023-01-20 23:17:08,423 - root - INFO -             3 (18): 32 20
2023-01-20 23:17:08,423 - root - INFO -             4 (20): 12  C
2023-01-20 23:17:08,423 - root - INFO -     4 (20): 1  1
2023-01-20 23:17:08,423 - root - INFO -     5 (28): 1  1
2023-01-20 23:17:08,423 - root - INFO -     6 (30): 0  0
2023-01-20 23:17:08,423 - root - INFO - 4 (22): 10 bytes
2023-01-20 23:17:08,423 - root - INFO -     1 ( 8): 143 8F
2023-01-20 23:17:08,423 - root - INFO -     2 (10): 186 BA
2023-01-20 23:17:08,423 - root - INFO -     3 (18): 44 2C
2023-01-20 23:17:08,423 - root - INFO -     4 (20): 7  7
2023-01-20 23:17:08,423 - root - INFO - Reading resources offsets table with 51 elements (204 bytes)
2023-01-20 23:17:08,423 - root - INFO - Resource 0 offset: 444, length: 51224...
2023-01-20 23:17:08,423 - root - DEBUG - Reading resource 0...
2023-01-20 23:17:08,464 - root - INFO - The image is bmc.
2023-01-20 23:17:08,464 - root - INFO - Reading image header(readHeader16C)...
2023-01-20 23:17:08,464 - root - INFO - Image header was read:
2023-01-20 23:17:08,464 - root - INFO - Width: 148, Height: 173, RowLength: 296
2023-01-20 23:17:08,464 - root - INFO - _step: 2, unknown2: 0,
2023-01-20 23:17:08,464 - root - INFO - BPP: 16, Transparency: False
2023-01-20 23:17:08,565 - root - INFO - Resource 1 offset: 51668, length: 134416...
2023-01-20 23:17:08,565 - root - DEBUG - Reading resource 1...
2023-01-20 23:17:08,565 - root - INFO - The image is bmc.
2023-01-20 23:17:08,565 - root - INFO - Reading image header(readHeader16C)...
2023-01-20 23:17:08,565 - root - INFO - Image header was read:
2023-01-20 23:17:08,565 - root - INFO - Width: 240, Height: 280, RowLength: 480
2023-01-20 23:17:08,565 - root - INFO - _step: 2, unknown2: 0,
2023-01-20 23:17:08,565 - root - INFO - BPP: 16, Transparency: False
2023-01-20 23:17:08,823 - root - INFO - Resource 2 offset: 186084, length: 10846...
2023-01-20 23:17:08,823 - root - DEBUG - Reading resource 2...
2023-01-20 23:17:08,823 - root - INFO - The image is bme.
2023-01-20 23:17:08,823 - root - INFO - Reading image header(readHeader16E)...
2023-01-20 23:17:08,823 - root - INFO - Image header was read:
2023-01-20 23:17:08,823 - root - INFO - Width: 77, Height: 115, RowLength: 154
2023-01-20 23:17:08,823 - root - INFO - datalength: 10830, _step: 2
2023-01-20 23:17:08,823 - root - INFO - BPP: 16, Transparency: False
2023-01-20 23:17:08,843 - root - INFO - Resource 3 offset: 196930, length: 5800...
2023-01-20 23:17:08,843 - root - DEBUG - Reading resource 3...
2023-01-20 23:17:08,843 - root - INFO - The image is bme.
2023-01-20 23:17:08,843 - root - INFO - Reading image header(readHeader16E)...
2023-01-20 23:17:08,848 - root - INFO - Image header was read:
2023-01-20 23:17:08,848 - root - INFO - Width: 77, Height: 115, RowLength: 154
2023-01-20 23:17:08,848 - root - INFO - datalength: 5784, _step: 2
2023-01-20 23:17:08,848 - root - INFO - BPP: 16, Transparency: False
2023-01-20 23:17:08,859 - root - INFO - Resource 4 offset: 202730, length: 9202...
2023-01-20 23:17:08,859 - root - DEBUG - Reading resource 4...
2023-01-20 23:17:08,859 - root - INFO - The image is bme.
2023-01-20 23:17:08,859 - root - INFO - Reading image header(readHeader16E)...
2023-01-20 23:17:08,859 - root - INFO - Image header was read:
2023-01-20 23:17:08,859 - root - INFO - Width: 77, Height: 115, RowLength: 154
2023-01-20 23:17:08,859 - root - INFO - datalength: 9186, _step: 2
2023-01-20 23:17:08,859 - root - INFO - BPP: 16, Transparency: False
2023-01-20 23:17:08,873 - root - INFO - Resource 5 offset: 211932, length: 9106...
2023-01-20 23:17:08,873 - root - DEBUG - Reading resource 5...
2023-01-20 23:17:08,873 - root - INFO - The image is bme.
2023-01-20 23:17:08,873 - root - INFO - Reading image header(readHeader16E)...
2023-01-20 23:17:08,873 - root - INFO - Image header was read:
2023-01-20 23:17:08,873 - root - INFO - Width: 77, Height: 115, RowLength: 154
2023-01-20 23:17:08,873 - root - INFO - datalength: 9090, _step: 2
2023-01-20 23:17:08,873 - root - INFO - BPP: 16, Transparency: False
2023-01-20 23:17:08,899 - root - INFO - Resource 6 offset: 221038, length: 9758...
2023-01-20 23:17:08,899 - root - DEBUG - Reading resource 6...
2023-01-20 23:17:08,899 - root - INFO - The image is bme.
2023-01-20 23:17:08,899 - root - INFO - Reading image header(readHeader16E)...
2023-01-20 23:17:08,899 - root - INFO - Image header was read:
2023-01-20 23:17:08,899 - root - INFO - Width: 77, Height: 115, RowLength: 154
2023-01-20 23:17:08,899 - root - INFO - datalength: 9742, _step: 2
2023-01-20 23:17:08,899 - root - INFO - BPP: 16, Transparency: False
2023-01-20 23:17:08,917 - root - INFO - Resource 7 offset: 230796, length: 10774...
2023-01-20 23:17:08,917 - root - DEBUG - Reading resource 7...
2023-01-20 23:17:08,917 - root - INFO - The image is bme.
2023-01-20 23:17:08,917 - root - INFO - Reading image header(readHeader16E)...
2023-01-20 23:17:08,917 - root - INFO - Image header was read:
2023-01-20 23:17:08,917 - root - INFO - Width: 77, Height: 115, RowLength: 154
2023-01-20 23:17:08,917 - root - INFO - datalength: 10758, _step: 2
2023-01-20 23:17:08,917 - root - INFO - BPP: 16, Transparency: False
2023-01-20 23:17:08,943 - root - INFO - Resource 8 offset: 241570, length: 11118...
2023-01-20 23:17:08,943 - root - DEBUG - Reading resource 8...
2023-01-20 23:17:08,943 - root - INFO - The image is bme.
2023-01-20 23:17:08,943 - root - INFO - Reading image header(readHeader16E)...
2023-01-20 23:17:08,943 - root - INFO - Image header was read:
2023-01-20 23:17:08,943 - root - INFO - Width: 77, Height: 115, RowLength: 154
2023-01-20 23:17:08,943 - root - INFO - datalength: 11102, _step: 2
2023-01-20 23:17:08,943 - root - INFO - BPP: 16, Transparency: False
2023-01-20 23:17:08,964 - root - INFO - Resource 9 offset: 252688, length: 7196...
2023-01-20 23:17:08,964 - root - DEBUG - Reading resource 9...
2023-01-20 23:17:08,964 - root - INFO - The image is bme.
2023-01-20 23:17:08,964 - root - INFO - Reading image header(readHeader16E)...
2023-01-20 23:17:08,964 - root - INFO - Image header was read:
2023-01-20 23:17:08,964 - root - INFO - Width: 77, Height: 115, RowLength: 154
2023-01-20 23:17:08,964 - root - INFO - datalength: 7180, _step: 2
2023-01-20 23:17:08,964 - root - INFO - BPP: 16, Transparency: False
2023-01-20 23:17:08,983 - root - INFO - Resource 10 offset: 259884, length: 11510...
2023-01-20 23:17:08,983 - root - DEBUG - Reading resource 10...
2023-01-20 23:17:08,983 - root - INFO - The image is bme.
2023-01-20 23:17:08,983 - root - INFO - Reading image header(readHeader16E)...
2023-01-20 23:17:08,983 - root - INFO - Image header was read:
2023-01-20 23:17:08,983 - root - INFO - Width: 77, Height: 115, RowLength: 154
2023-01-20 23:17:08,983 - root - INFO - datalength: 11494, _step: 2
2023-01-20 23:17:08,983 - root - INFO - BPP: 16, Transparency: False
2023-01-20 23:17:09,004 - root - INFO - Resource 11 offset: 271394, length: 11194...
2023-01-20 23:17:09,004 - root - DEBUG - Reading resource 11...
2023-01-20 23:17:09,004 - root - INFO - The image is bme.
2023-01-20 23:17:09,004 - root - INFO - Reading image header(readHeader16E)...
2023-01-20 23:17:09,004 - root - INFO - Image header was read:
2023-01-20 23:17:09,004 - root - INFO - Width: 77, Height: 115, RowLength: 154
2023-01-20 23:17:09,004 - root - INFO - datalength: 11178, _step: 2
2023-01-20 23:17:09,004 - root - INFO - BPP: 16, Transparency: False
2023-01-20 23:17:09,028 - root - INFO - Resource 12 offset: 282588, length: 948...
2023-01-20 23:17:09,028 - root - DEBUG - Reading resource 12...
2023-01-20 23:17:09,028 - root - INFO - The image is bme.
2023-01-20 23:17:09,028 - root - INFO - Reading image header(readHeader16E)...
2023-01-20 23:17:09,028 - root - INFO - Image header was read:
2023-01-20 23:17:09,028 - root - INFO - Width: 18, Height: 28, RowLength: 36
2023-01-20 23:17:09,028 - root - INFO - datalength: 932, _step: 2
2023-01-20 23:17:09,028 - root - INFO - BPP: 16, Transparency: False
2023-01-20 23:17:09,028 - root - INFO - Resource 13 offset: 283536, length: 536...
2023-01-20 23:17:09,028 - root - DEBUG - Reading resource 13...
2023-01-20 23:17:09,028 - root - INFO - The image is bme.
2023-01-20 23:17:09,028 - root - INFO - Reading image header(readHeader16E)...
2023-01-20 23:17:09,028 - root - INFO - Image header was read:
2023-01-20 23:17:09,028 - root - INFO - Width: 18, Height: 28, RowLength: 36
2023-01-20 23:17:09,028 - root - INFO - datalength: 520, _step: 2
2023-01-20 23:17:09,028 - root - INFO - BPP: 16, Transparency: False
2023-01-20 23:17:09,034 - root - INFO - Resource 14 offset: 284072, length: 746...
2023-01-20 23:17:09,034 - root - DEBUG - Reading resource 14...
2023-01-20 23:17:09,034 - root - INFO - The image is bme.
2023-01-20 23:17:09,034 - root - INFO - Reading image header(readHeader16E)...
2023-01-20 23:17:09,034 - root - INFO - Image header was read:
2023-01-20 23:17:09,034 - root - INFO - Width: 18, Height: 28, RowLength: 36
2023-01-20 23:17:09,034 - root - INFO - datalength: 730, _step: 2
2023-01-20 23:17:09,034 - root - INFO - BPP: 16, Transparency: False
2023-01-20 23:17:09,034 - root - INFO - Resource 15 offset: 284818, length: 778...
2023-01-20 23:17:09,034 - root - DEBUG - Reading resource 15...
2023-01-20 23:17:09,034 - root - INFO - The image is bme.
2023-01-20 23:17:09,034 - root - INFO - Reading image header(readHeader16E)...
2023-01-20 23:17:09,034 - root - INFO - Image header was read:
2023-01-20 23:17:09,034 - root - INFO - Width: 18, Height: 28, RowLength: 36
2023-01-20 23:17:09,034 - root - INFO - datalength: 762, _step: 2
2023-01-20 23:17:09,034 - root - INFO - BPP: 16, Transparency: False
2023-01-20 23:17:09,034 - root - INFO - Resource 16 offset: 285596, length: 774...
2023-01-20 23:17:09,034 - root - DEBUG - Reading resource 16...
2023-01-20 23:17:09,034 - root - INFO - The image is bme.
2023-01-20 23:17:09,034 - root - INFO - Reading image header(readHeader16E)...
2023-01-20 23:17:09,034 - root - INFO - Image header was read:
2023-01-20 23:17:09,034 - root - INFO - Width: 18, Height: 28, RowLength: 36
2023-01-20 23:17:09,034 - root - INFO - datalength: 758, _step: 2
2023-01-20 23:17:09,034 - root - INFO - BPP: 16, Transparency: False
2023-01-20 23:17:09,034 - root - INFO - Resource 17 offset: 286370, length: 872...
2023-01-20 23:17:09,034 - root - DEBUG - Reading resource 17...
2023-01-20 23:17:09,034 - root - INFO - The image is bme.
2023-01-20 23:17:09,034 - root - INFO - Reading image header(readHeader16E)...
2023-01-20 23:17:09,034 - root - INFO - Image header was read:
2023-01-20 23:17:09,034 - root - INFO - Width: 18, Height: 28, RowLength: 36
2023-01-20 23:17:09,034 - root - INFO - datalength: 856, _step: 2
2023-01-20 23:17:09,034 - root - INFO - BPP: 16, Transparency: False
2023-01-20 23:17:09,034 - root - INFO - Resource 18 offset: 287242, length: 888...
2023-01-20 23:17:09,034 - root - DEBUG - Reading resource 18...
2023-01-20 23:17:09,034 - root - INFO - The image is bme.
2023-01-20 23:17:09,034 - root - INFO - Reading image header(readHeader16E)...
2023-01-20 23:17:09,034 - root - INFO - Image header was read:
2023-01-20 23:17:09,034 - root - INFO - Width: 18, Height: 28, RowLength: 36
2023-01-20 23:17:09,034 - root - INFO - datalength: 872, _step: 2
2023-01-20 23:17:09,034 - root - INFO - BPP: 16, Transparency: False
2023-01-20 23:17:09,044 - root - INFO - Resource 19 offset: 288130, length: 620...
2023-01-20 23:17:09,044 - root - DEBUG - Reading resource 19...
2023-01-20 23:17:09,044 - root - INFO - The image is bme.
2023-01-20 23:17:09,044 - root - INFO - Reading image header(readHeader16E)...
2023-01-20 23:17:09,044 - root - INFO - Image header was read:
2023-01-20 23:17:09,044 - root - INFO - Width: 18, Height: 28, RowLength: 36
2023-01-20 23:17:09,044 - root - INFO - datalength: 604, _step: 2
2023-01-20 23:17:09,044 - root - INFO - BPP: 16, Transparency: False
2023-01-20 23:17:09,044 - root - INFO - Resource 20 offset: 288750, length: 914...
2023-01-20 23:17:09,044 - root - DEBUG - Reading resource 20...
2023-01-20 23:17:09,044 - root - INFO - The image is bme.
2023-01-20 23:17:09,044 - root - INFO - Reading image header(readHeader16E)...
2023-01-20 23:17:09,044 - root - INFO - Image header was read:
2023-01-20 23:17:09,044 - root - INFO - Width: 18, Height: 28, RowLength: 36
2023-01-20 23:17:09,044 - root - INFO - datalength: 898, _step: 2
2023-01-20 23:17:09,044 - root - INFO - BPP: 16, Transparency: False
2023-01-20 23:17:09,044 - root - INFO - Resource 21 offset: 289664, length: 900...
2023-01-20 23:17:09,044 - root - DEBUG - Reading resource 21...
2023-01-20 23:17:09,044 - root - INFO - The image is bme.
2023-01-20 23:17:09,044 - root - INFO - Reading image header(readHeader16E)...
2023-01-20 23:17:09,044 - root - INFO - Image header was read:
2023-01-20 23:17:09,044 - root - INFO - Width: 18, Height: 28, RowLength: 36
2023-01-20 23:17:09,044 - root - INFO - datalength: 884, _step: 2
2023-01-20 23:17:09,044 - root - INFO - BPP: 16, Transparency: False
2023-01-20 23:17:09,044 - root - INFO - Resource 22 offset: 290564, length: 192...
2023-01-20 23:17:09,044 - root - DEBUG - Reading resource 22...
2023-01-20 23:17:09,044 - root - INFO - The image is bme.
2023-01-20 23:17:09,044 - root - INFO - Reading image header(readHeader16E)...
2023-01-20 23:17:09,044 - root - INFO - Image header was read:
2023-01-20 23:17:09,044 - root - INFO - Width: 13, Height: 12, RowLength: 26
2023-01-20 23:17:09,044 - root - INFO - datalength: 176, _step: 2
2023-01-20 23:17:09,044 - root - INFO - BPP: 16, Transparency: False
2023-01-20 23:17:09,044 - root - INFO - Resource 23 offset: 290756, length: 120...
2023-01-20 23:17:09,044 - root - DEBUG - Reading resource 23...
2023-01-20 23:17:09,044 - root - INFO - The image is bme.
2023-01-20 23:17:09,044 - root - INFO - Reading image header(readHeader16E)...
2023-01-20 23:17:09,044 - root - INFO - Image header was read:
2023-01-20 23:17:09,044 - root - INFO - Width: 13, Height: 12, RowLength: 26
2023-01-20 23:17:09,044 - root - INFO - datalength: 104, _step: 2
2023-01-20 23:17:09,044 - root - INFO - BPP: 16, Transparency: False
2023-01-20 23:17:09,044 - root - INFO - Resource 24 offset: 290876, length: 148...
2023-01-20 23:17:09,044 - root - DEBUG - Reading resource 24...
2023-01-20 23:17:09,044 - root - INFO - The image is bme.
2023-01-20 23:17:09,044 - root - INFO - Reading image header(readHeader16E)...
2023-01-20 23:17:09,044 - root - INFO - Image header was read:
2023-01-20 23:17:09,044 - root - INFO - Width: 13, Height: 12, RowLength: 26
2023-01-20 23:17:09,044 - root - INFO - datalength: 132, _step: 2
2023-01-20 23:17:09,044 - root - INFO - BPP: 16, Transparency: False
2023-01-20 23:17:09,044 - root - INFO - Resource 25 offset: 291024, length: 170...
2023-01-20 23:17:09,044 - root - DEBUG - Reading resource 25...
2023-01-20 23:17:09,044 - root - INFO - The image is bme.
2023-01-20 23:17:09,044 - root - INFO - Reading image header(readHeader16E)...
2023-01-20 23:17:09,054 - root - INFO - Image header was read:
2023-01-20 23:17:09,054 - root - INFO - Width: 13, Height: 12, RowLength: 26
2023-01-20 23:17:09,054 - root - INFO - datalength: 154, _step: 2
2023-01-20 23:17:09,054 - root - INFO - BPP: 16, Transparency: False
2023-01-20 23:17:09,054 - root - INFO - Resource 26 offset: 291194, length: 150...
2023-01-20 23:17:09,054 - root - DEBUG - Reading resource 26...
2023-01-20 23:17:09,054 - root - INFO - The image is bme.
2023-01-20 23:17:09,054 - root - INFO - Reading image header(readHeader16E)...
2023-01-20 23:17:09,054 - root - INFO - Image header was read:
2023-01-20 23:17:09,054 - root - INFO - Width: 13, Height: 12, RowLength: 26
2023-01-20 23:17:09,054 - root - INFO - datalength: 134, _step: 2
2023-01-20 23:17:09,054 - root - INFO - BPP: 16, Transparency: False
2023-01-20 23:17:09,054 - root - INFO - Resource 27 offset: 291344, length: 162...
2023-01-20 23:17:09,054 - root - DEBUG - Reading resource 27...
2023-01-20 23:17:09,054 - root - INFO - The image is bme.
2023-01-20 23:17:09,054 - root - INFO - Reading image header(readHeader16E)...
2023-01-20 23:17:09,054 - root - INFO - Image header was read:
2023-01-20 23:17:09,054 - root - INFO - Width: 13, Height: 12, RowLength: 26
2023-01-20 23:17:09,054 - root - INFO - datalength: 146, _step: 2
2023-01-20 23:17:09,054 - root - INFO - BPP: 16, Transparency: False
2023-01-20 23:17:09,054 - root - INFO - Resource 28 offset: 291506, length: 164...
2023-01-20 23:17:09,054 - root - DEBUG - Reading resource 28...
2023-01-20 23:17:09,054 - root - INFO - The image is bme.
2023-01-20 23:17:09,054 - root - INFO - Reading image header(readHeader16E)...
2023-01-20 23:17:09,054 - root - INFO - Image header was read:
2023-01-20 23:17:09,054 - root - INFO - Width: 13, Height: 12, RowLength: 26
2023-01-20 23:17:09,054 - root - INFO - datalength: 148, _step: 2
2023-01-20 23:17:09,054 - root - INFO - BPP: 16, Transparency: False
2023-01-20 23:17:09,054 - root - INFO - Resource 29 offset: 291670, length: 120...
2023-01-20 23:17:09,054 - root - DEBUG - Reading resource 29...
2023-01-20 23:17:09,054 - root - INFO - The image is bme.
2023-01-20 23:17:09,054 - root - INFO - Reading image header(readHeader16E)...
2023-01-20 23:17:09,054 - root - INFO - Image header was read:
2023-01-20 23:17:09,054 - root - INFO - Width: 13, Height: 12, RowLength: 26
2023-01-20 23:17:09,054 - root - INFO - datalength: 104, _step: 2
2023-01-20 23:17:09,054 - root - INFO - BPP: 16, Transparency: False
2023-01-20 23:17:09,054 - root - INFO - Resource 30 offset: 291790, length: 188...
2023-01-20 23:17:09,054 - root - DEBUG - Reading resource 30...
2023-01-20 23:17:09,054 - root - INFO - The image is bme.
2023-01-20 23:17:09,054 - root - INFO - Reading image header(readHeader16E)...
2023-01-20 23:17:09,054 - root - INFO - Image header was read:
2023-01-20 23:17:09,054 - root - INFO - Width: 13, Height: 12, RowLength: 26
2023-01-20 23:17:09,054 - root - INFO - datalength: 172, _step: 2
2023-01-20 23:17:09,054 - root - INFO - BPP: 16, Transparency: False
2023-01-20 23:17:09,054 - root - INFO - Resource 31 offset: 291978, length: 168...
2023-01-20 23:17:09,054 - root - DEBUG - Reading resource 31...
2023-01-20 23:17:09,054 - root - INFO - The image is bme.
2023-01-20 23:17:09,054 - root - INFO - Reading image header(readHeader16E)...
2023-01-20 23:17:09,054 - root - INFO - Image header was read:
2023-01-20 23:17:09,054 - root - INFO - Width: 13, Height: 12, RowLength: 26
2023-01-20 23:17:09,054 - root - INFO - datalength: 152, _step: 2
2023-01-20 23:17:09,054 - root - INFO - BPP: 16, Transparency: False
2023-01-20 23:17:09,054 - root - INFO - Resource 32 offset: 292146, length: 506...
2023-01-20 23:17:09,054 - root - DEBUG - Reading resource 32...
2023-01-20 23:17:09,054 - root - INFO - The image is bme.
2023-01-20 23:17:09,054 - root - INFO - Reading image header(readHeader16E)...
2023-01-20 23:17:09,060 - root - INFO - Image header was read:
2023-01-20 23:17:09,060 - root - INFO - Width: 46, Height: 16, RowLength: 92
2023-01-20 23:17:09,060 - root - INFO - datalength: 490, _step: 2
2023-01-20 23:17:09,060 - root - INFO - BPP: 16, Transparency: False
2023-01-20 23:17:09,060 - root - INFO - Resource 33 offset: 292652, length: 438...
2023-01-20 23:17:09,060 - root - DEBUG - Reading resource 33...
2023-01-20 23:17:09,060 - root - INFO - The image is bme.
2023-01-20 23:17:09,060 - root - INFO - Reading image header(readHeader16E)...
2023-01-20 23:17:09,060 - root - INFO - Image header was read:
2023-01-20 23:17:09,060 - root - INFO - Width: 46, Height: 16, RowLength: 92
2023-01-20 23:17:09,060 - root - INFO - datalength: 422, _step: 2
2023-01-20 23:17:09,060 - root - INFO - BPP: 16, Transparency: False
2023-01-20 23:17:09,060 - root - INFO - Resource 34 offset: 293090, length: 590...
2023-01-20 23:17:09,060 - root - DEBUG - Reading resource 34...
2023-01-20 23:17:09,060 - root - INFO - The image is bme.
2023-01-20 23:17:09,060 - root - INFO - Reading image header(readHeader16E)...
2023-01-20 23:17:09,060 - root - INFO - Image header was read:
2023-01-20 23:17:09,060 - root - INFO - Width: 46, Height: 16, RowLength: 92
2023-01-20 23:17:09,060 - root - INFO - datalength: 574, _step: 2
2023-01-20 23:17:09,060 - root - INFO - BPP: 16, Transparency: False
2023-01-20 23:17:09,060 - root - INFO - Resource 35 offset: 293680, length: 488...
2023-01-20 23:17:09,060 - root - DEBUG - Reading resource 35...
2023-01-20 23:17:09,060 - root - INFO - The image is bme.
2023-01-20 23:17:09,060 - root - INFO - Reading image header(readHeader16E)...
2023-01-20 23:17:09,064 - root - INFO - Image header was read:
2023-01-20 23:17:09,064 - root - INFO - Width: 46, Height: 16, RowLength: 92
2023-01-20 23:17:09,064 - root - INFO - datalength: 472, _step: 2
2023-01-20 23:17:09,064 - root - INFO - BPP: 16, Transparency: False
2023-01-20 23:17:09,064 - root - INFO - Resource 36 offset: 294168, length: 556...
2023-01-20 23:17:09,064 - root - DEBUG - Reading resource 36...
2023-01-20 23:17:09,064 - root - INFO - The image is bme.
2023-01-20 23:17:09,064 - root - INFO - Reading image header(readHeader16E)...
2023-01-20 23:17:09,064 - root - INFO - Image header was read:
2023-01-20 23:17:09,064 - root - INFO - Width: 46, Height: 16, RowLength: 92
2023-01-20 23:17:09,064 - root - INFO - datalength: 540, _step: 2
2023-01-20 23:17:09,064 - root - INFO - BPP: 16, Transparency: False
2023-01-20 23:17:09,064 - root - INFO - Resource 37 offset: 294724, length: 498...
2023-01-20 23:17:09,064 - root - DEBUG - Reading resource 37...
2023-01-20 23:17:09,064 - root - INFO - The image is bme.
2023-01-20 23:17:09,064 - root - INFO - Reading image header(readHeader16E)...
2023-01-20 23:17:09,064 - root - INFO - Image header was read:
2023-01-20 23:17:09,064 - root - INFO - Width: 46, Height: 16, RowLength: 92
2023-01-20 23:17:09,064 - root - INFO - datalength: 482, _step: 2
2023-01-20 23:17:09,064 - root - INFO - BPP: 16, Transparency: False
2023-01-20 23:17:09,064 - root - INFO - Resource 38 offset: 295222, length: 406...
2023-01-20 23:17:09,064 - root - DEBUG - Reading resource 38...
2023-01-20 23:17:09,064 - root - INFO - The image is bme.
2023-01-20 23:17:09,064 - root - INFO - Reading image header(readHeader16E)...
2023-01-20 23:17:09,064 - root - INFO - Image header was read:
2023-01-20 23:17:09,064 - root - INFO - Width: 46, Height: 16, RowLength: 92
2023-01-20 23:17:09,064 - root - INFO - datalength: 390, _step: 2
2023-01-20 23:17:09,064 - root - INFO - BPP: 16, Transparency: False
2023-01-20 23:17:09,064 - root - INFO - Resource 39 offset: 295628, length: 534...
2023-01-20 23:17:09,064 - root - DEBUG - Reading resource 39...
2023-01-20 23:17:09,064 - root - INFO - The image is bme.
2023-01-20 23:17:09,064 - root - INFO - Reading image header(readHeader16E)...
2023-01-20 23:17:09,064 - root - INFO - Image header was read:
2023-01-20 23:17:09,064 - root - INFO - Width: 46, Height: 16, RowLength: 92
2023-01-20 23:17:09,064 - root - INFO - datalength: 518, _step: 2
2023-01-20 23:17:09,064 - root - INFO - BPP: 16, Transparency: False
2023-01-20 23:17:09,064 - root - INFO - Resource 40 offset: 296162, length: 462...
2023-01-20 23:17:09,064 - root - DEBUG - Reading resource 40...
2023-01-20 23:17:09,064 - root - INFO - The image is bme.
2023-01-20 23:17:09,064 - root - INFO - Reading image header(readHeader16E)...
2023-01-20 23:17:09,064 - root - INFO - Image header was read:
2023-01-20 23:17:09,064 - root - INFO - Width: 46, Height: 16, RowLength: 92
2023-01-20 23:17:09,064 - root - INFO - datalength: 446, _step: 2
2023-01-20 23:17:09,064 - root - INFO - BPP: 16, Transparency: False
2023-01-20 23:17:09,064 - root - INFO - Resource 41 offset: 296624, length: 466...
2023-01-20 23:17:09,064 - root - DEBUG - Reading resource 41...
2023-01-20 23:17:09,064 - root - INFO - The image is bme.
2023-01-20 23:17:09,064 - root - INFO - Reading image header(readHeader16E)...
2023-01-20 23:17:09,064 - root - INFO - Image header was read:
2023-01-20 23:17:09,064 - root - INFO - Width: 46, Height: 16, RowLength: 92
2023-01-20 23:17:09,064 - root - INFO - datalength: 450, _step: 2
2023-01-20 23:17:09,064 - root - INFO - BPP: 16, Transparency: False
2023-01-20 23:17:09,064 - root - INFO - Resource 42 offset: 297090, length: 558...
2023-01-20 23:17:09,064 - root - DEBUG - Reading resource 42...
2023-01-20 23:17:09,064 - root - INFO - The image is bme.
2023-01-20 23:17:09,064 - root - INFO - Reading image header(readHeader16E)...
2023-01-20 23:17:09,064 - root - INFO - Image header was read:
2023-01-20 23:17:09,064 - root - INFO - Width: 46, Height: 16, RowLength: 92
2023-01-20 23:17:09,064 - root - INFO - datalength: 542, _step: 2
2023-01-20 23:17:09,064 - root - INFO - BPP: 16, Transparency: False
2023-01-20 23:17:09,073 - root - INFO - Resource 43 offset: 297648, length: 492...
2023-01-20 23:17:09,073 - root - DEBUG - Reading resource 43...
2023-01-20 23:17:09,073 - root - INFO - The image is bme.
2023-01-20 23:17:09,073 - root - INFO - Reading image header(readHeader16E)...
2023-01-20 23:17:09,073 - root - INFO - Image header was read:
2023-01-20 23:17:09,073 - root - INFO - Width: 46, Height: 16, RowLength: 92
2023-01-20 23:17:09,073 - root - INFO - datalength: 476, _step: 2
2023-01-20 23:17:09,073 - root - INFO - BPP: 16, Transparency: False
2023-01-20 23:17:09,073 - root - INFO - Resource 44 offset: 298140, length: 646...
2023-01-20 23:17:09,073 - root - DEBUG - Reading resource 44...
2023-01-20 23:17:09,073 - root - INFO - The image is bme.
2023-01-20 23:17:09,073 - root - INFO - Reading image header(readHeader16E)...
2023-01-20 23:17:09,073 - root - INFO - Image header was read:
2023-01-20 23:17:09,073 - root - INFO - Width: 40, Height: 16, RowLength: 80
2023-01-20 23:17:09,073 - root - INFO - datalength: 630, _step: 2
2023-01-20 23:17:09,073 - root - INFO - BPP: 16, Transparency: False
2023-01-20 23:17:09,075 - root - INFO - Resource 45 offset: 298786, length: 420...
2023-01-20 23:17:09,075 - root - DEBUG - Reading resource 45...
2023-01-20 23:17:09,075 - root - INFO - The image is bme.
2023-01-20 23:17:09,075 - root - INFO - Reading image header(readHeader16E)...
2023-01-20 23:17:09,075 - root - INFO - Image header was read:
2023-01-20 23:17:09,075 - root - INFO - Width: 40, Height: 16, RowLength: 80
2023-01-20 23:17:09,075 - root - INFO - datalength: 404, _step: 2
2023-01-20 23:17:09,075 - root - INFO - BPP: 16, Transparency: False
2023-01-20 23:17:09,075 - root - INFO - Resource 46 offset: 299206, length: 568...
2023-01-20 23:17:09,075 - root - DEBUG - Reading resource 46...
2023-01-20 23:17:09,075 - root - INFO - The image is bme.
2023-01-20 23:17:09,075 - root - INFO - Reading image header(readHeader16E)...
2023-01-20 23:17:09,075 - root - INFO - Image header was read:
2023-01-20 23:17:09,075 - root - INFO - Width: 40, Height: 16, RowLength: 80
2023-01-20 23:17:09,075 - root - INFO - datalength: 552, _step: 2
2023-01-20 23:17:09,075 - root - INFO - BPP: 16, Transparency: False
2023-01-20 23:17:09,075 - root - INFO - Resource 47 offset: 299774, length: 488...
2023-01-20 23:17:09,075 - root - DEBUG - Reading resource 47...
2023-01-20 23:17:09,075 - root - INFO - The image is bme.
2023-01-20 23:17:09,075 - root - INFO - Reading image header(readHeader16E)...
2023-01-20 23:17:09,075 - root - INFO - Image header was read:
2023-01-20 23:17:09,075 - root - INFO - Width: 40, Height: 16, RowLength: 80
2023-01-20 23:17:09,075 - root - INFO - datalength: 472, _step: 2
2023-01-20 23:17:09,075 - root - INFO - BPP: 16, Transparency: False
2023-01-20 23:17:09,075 - root - INFO - Resource 48 offset: 300262, length: 416...
2023-01-20 23:17:09,075 - root - DEBUG - Reading resource 48...
2023-01-20 23:17:09,075 - root - INFO - The image is bme.
2023-01-20 23:17:09,075 - root - INFO - Reading image header(readHeader16E)...
2023-01-20 23:17:09,075 - root - INFO - Image header was read:
2023-01-20 23:17:09,075 - root - INFO - Width: 40, Height: 16, RowLength: 80
2023-01-20 23:17:09,075 - root - INFO - datalength: 400, _step: 2
2023-01-20 23:17:09,075 - root - INFO - BPP: 16, Transparency: False
2023-01-20 23:17:09,075 - root - INFO - Resource 49 offset: 300678, length: 444...
2023-01-20 23:17:09,075 - root - DEBUG - Reading resource 49...
2023-01-20 23:17:09,075 - root - INFO - The image is bme.
2023-01-20 23:17:09,075 - root - INFO - Reading image header(readHeader16E)...
2023-01-20 23:17:09,075 - root - INFO - Image header was read:
2023-01-20 23:17:09,075 - root - INFO - Width: 40, Height: 16, RowLength: 80
2023-01-20 23:17:09,075 - root - INFO - datalength: 428, _step: 2
2023-01-20 23:17:09,075 - root - INFO - BPP: 16, Transparency: False
2023-01-20 23:17:09,075 - root - INFO - Resource 50 offset: 301122, length: 560...
2023-01-20 23:17:09,075 - root - DEBUG - Reading resource 50...
2023-01-20 23:17:09,075 - root - INFO - The image is bme.
2023-01-20 23:17:09,075 - root - INFO - Reading image header(readHeader16E)...
2023-01-20 23:17:09,075 - root - INFO - Image header was read:
2023-01-20 23:17:09,083 - root - INFO - Width: 40, Height: 16, RowLength: 80
2023-01-20 23:17:09,083 - root - INFO - datalength: 544, _step: 2
2023-01-20 23:17:09,083 - root - INFO - BPP: 16, Transparency: False
2023-01-20 23:17:09,083 - root - DEBUG - Parsing parameters...
2023-01-20 23:17:09,155 - root - DEBUG - 0 Value: None
2023-01-20 23:17:09,155 - root - DEBUG - 0.1 Value: 71
2023-01-20 23:17:09,155 - root - DEBUG - 2 Value: None
2023-01-20 23:17:09,155 - root - DEBUG - 2.1 Value: None
2023-01-20 23:17:09,155 - root - DEBUG - 2.1.1 Value: 0
2023-01-20 23:17:09,155 - root - DEBUG - 2.1.2 Value: 0
2023-01-20 23:17:09,155 - root - DEBUG - 2.1.3 Value: 1
2023-01-20 23:17:09,155 - root - DEBUG - 2.3 Value: None
2023-01-20 23:17:09,155 - root - DEBUG - 2.3.1 Value: 0
2023-01-20 23:17:09,155 - root - DEBUG - 2.3.2 Value: 0
2023-01-20 23:17:09,155 - root - DEBUG - 2.3.3 Value: 0
2023-01-20 23:17:09,155 - root - DEBUG - 3 Value: None
2023-01-20 23:17:09,155 - root - DEBUG - 3.1 Value: None
2023-01-20 23:17:09,155 - root - DEBUG - 3.1.1 Value: None
2023-01-20 23:17:09,155 - root - DEBUG - 3.1.1.1 Value: None
2023-01-20 23:17:09,155 - root - DEBUG - 3.1.1.1.1 Value: 43
2023-01-20 23:17:09,155 - root - DEBUG - 3.1.1.1.2 Value: 49
2023-01-20 23:17:09,155 - root - DEBUG - 3.1.1.1.3 Value: 2
2023-01-20 23:17:09,155 - root - DEBUG - 3.1.1.1.4 Value: 10
2023-01-20 23:17:09,155 - root - DEBUG - 3.1.1.2 Value: None
2023-01-20 23:17:09,155 - root - DEBUG - 3.1.1.2.1 Value: 120
2023-01-20 23:17:09,155 - root - DEBUG - 3.1.1.2.2 Value: 49
2023-01-20 23:17:09,155 - root - DEBUG - 3.1.1.2.3 Value: 2
2023-01-20 23:17:09,155 - root - DEBUG - 3.1.1.2.4 Value: 10
2023-01-20 23:17:09,155 - root - DEBUG - 3.1.2 Value: None
2023-01-20 23:17:09,155 - root - DEBUG - 3.1.2.1 Value: None
2023-01-20 23:17:09,159 - root - DEBUG - 3.1.2.1.1 Value: 102
2023-01-20 23:17:09,159 - root - DEBUG - 3.1.2.1.2 Value: 216
2023-01-20 23:17:09,159 - root - DEBUG - 3.1.2.1.3 Value: 12
2023-01-20 23:17:09,159 - root - DEBUG - 3.1.2.1.4 Value: 10
2023-01-20 23:17:09,159 - root - DEBUG - 3.1.2.2 Value: None
2023-01-20 23:17:09,159 - root - DEBUG - 3.1.2.2.1 Value: 120
2023-01-20 23:17:09,159 - root - DEBUG - 3.1.2.2.2 Value: 216
2023-01-20 23:17:09,159 - root - DEBUG - 3.1.2.2.3 Value: 12
2023-01-20 23:17:09,159 - root - DEBUG - 3.1.2.2.4 Value: 10
2023-01-20 23:17:09,159 - root - DEBUG - 3.1.7 Value: 0
2023-01-20 23:17:09,159 - root - DEBUG - 3.1.8 Value: 1
2023-01-20 23:17:09,159 - root - DEBUG - 5 Value: None
2023-01-20 23:17:09,159 - root - DEBUG - 5.1 Value: None
2023-01-20 23:17:09,159 - root - DEBUG - 5.1.9 Value: None
2023-01-20 23:17:09,159 - root - DEBUG - 5.1.9.3 Value: None
2023-01-20 23:17:09,159 - root - DEBUG - 5.1.9.3.1 Value: 107
2023-01-20 23:17:09,159 - root - DEBUG - 5.1.9.3.2 Value: 188
2023-01-20 23:17:09,159 - root - DEBUG - 5.1.9.3.3 Value: 133
2023-01-20 23:17:09,159 - root - DEBUG - 5.1.9.3.4 Value: 200
2023-01-20 23:17:09,159 - root - DEBUG - 5.1.9.3.5 Value: 18
2023-01-20 23:17:09,159 - root - DEBUG - 5.1.9.3.6 Value: 0
2023-01-20 23:17:09,159 - root - DEBUG - 5.1.9.3.7 Value: 0
2023-01-20 23:17:09,159 - root - DEBUG - 5.1.9.3.8 Value: 22
2023-01-20 23:17:09,159 - root - DEBUG - 5.1.9.3.9 Value: 10
2023-01-20 23:17:09,159 - root - DEBUG - 5.1.9.4 Value: 0
2023-01-20 23:17:09,159 - root - DEBUG - 5.1.9.5 Value: 0
2023-01-20 23:17:09,159 - root - DEBUG - 5.1.9.6 Value: None
2023-01-20 23:17:09,159 - root - DEBUG - 5.1.9.6.1 Value: 57
2023-01-20 23:17:09,159 - root - DEBUG - 5.1.9.6.2 Value: 186
2023-01-20 23:17:09,159 - root - DEBUG - 5.1.9.6.3 Value: 32
2023-01-20 23:17:09,159 - root - DEBUG - 5.1.9.6.4 Value: 12
2023-01-20 23:17:09,159 - root - DEBUG - 5.1.4 Value: 1
2023-01-20 23:17:09,159 - root - DEBUG - 5.1.5 Value: 1
2023-01-20 23:17:09,159 - root - DEBUG - 5.1.6 Value: 0
2023-01-20 23:17:09,159 - root - DEBUG - 5.4 Value: None
2023-01-20 23:17:09,159 - root - DEBUG - 5.4.1 Value: 143
2023-01-20 23:17:09,159 - root - DEBUG - 5.4.2 Value: 186
2023-01-20 23:17:09,159 - root - DEBUG - 5.4.3 Value: 44
2023-01-20 23:17:09,159 - root - DEBUG - 5.4.4 Value: 7
2023-01-20 23:17:09,159 - root - DEBUG - 0-Info
2023-01-20 23:17:09,159 - root - DEBUG - 0.1-DeviceId
2023-01-20 23:17:09,159 - root - DEBUG - 2-Background
2023-01-20 23:17:09,159 - root - DEBUG - 2.1-Image
2023-01-20 23:17:09,159 - root - DEBUG - 2.1.1-X
2023-01-20 23:17:09,164 - root - DEBUG - 2.1.2-Y
2023-01-20 23:17:09,164 - root - DEBUG - 2.1.3-ImageIndex
2023-01-20 23:17:09,164 - root - DEBUG - 2.3-Preview
2023-01-20 23:17:09,164 - root - DEBUG - 2.3.1-X
2023-01-20 23:17:09,164 - root - DEBUG - 2.3.2-Y
2023-01-20 23:17:09,164 - root - DEBUG - 2.3.3-ImageIndex
2023-01-20 23:17:09,164 - root - DEBUG - 3-TimeExtended
2023-01-20 23:17:09,164 - root - DEBUG - 3.1-TimeSeparateDigits
2023-01-20 23:17:09,164 - root - DEBUG - 3.1.1-Hours
2023-01-20 23:17:09,164 - root - DEBUG - 3.1.1.1-Tens
2023-01-20 23:17:09,164 - root - DEBUG - 3.1.1.1.1-X
2023-01-20 23:17:09,164 - root - DEBUG - 3.1.1.1.2-Y
2023-01-20 23:17:09,164 - root - DEBUG - 3.1.1.1.3-ImageIndex
2023-01-20 23:17:09,164 - root - DEBUG - 3.1.1.1.4-ImagesCount
2023-01-20 23:17:09,164 - root - DEBUG - 3.1.1.2-Ones
2023-01-20 23:17:09,164 - root - DEBUG - 3.1.1.2.1-X
2023-01-20 23:17:09,164 - root - DEBUG - 3.1.1.2.2-Y
2023-01-20 23:17:09,164 - root - DEBUG - 3.1.1.2.3-ImageIndex
2023-01-20 23:17:09,164 - root - DEBUG - 3.1.1.2.4-ImagesCount
2023-01-20 23:17:09,164 - root - DEBUG - 3.1.2-Minutes
2023-01-20 23:17:09,164 - root - DEBUG - 3.1.2.1-Tens
2023-01-20 23:17:09,164 - root - DEBUG - 3.1.2.1.1-X
2023-01-20 23:17:09,164 - root - DEBUG - 3.1.2.1.2-Y
2023-01-20 23:17:09,164 - root - DEBUG - 3.1.2.1.3-ImageIndex
2023-01-20 23:17:09,164 - root - DEBUG - 3.1.2.1.4-ImagesCount
2023-01-20 23:17:09,164 - root - DEBUG - 3.1.2.2-Ones
2023-01-20 23:17:09,164 - root - DEBUG - 3.1.2.2.1-X
2023-01-20 23:17:09,164 - root - DEBUG - 3.1.2.2.2-Y
2023-01-20 23:17:09,164 - root - DEBUG - 3.1.2.2.3-ImageIndex
2023-01-20 23:17:09,164 - root - DEBUG - 3.1.2.2.4-ImagesCount
2023-01-20 23:17:09,164 - root - DEBUG - 3.1.7-PaddingZeroHours
2023-01-20 23:17:09,164 - root - DEBUG - 3.1.8-PaddingZeroMinutes
2023-01-20 23:17:09,164 - root - DEBUG - 5-DateBlock
2023-01-20 23:17:09,164 - root - DEBUG - 5.1-Date
2023-01-20 23:17:09,164 - root - DEBUG - 5.1.9-YearMonthAndDay
2023-01-20 23:17:09,164 - root - DEBUG - 5.1.9.3-Day
2023-01-20 23:17:09,164 - root - DEBUG - 5.1.9.3.1-TopLeftX
2023-01-20 23:17:09,164 - root - DEBUG - 5.1.9.3.2-TopLeftY
2023-01-20 23:17:09,164 - root - DEBUG - 5.1.9.3.3-BottomRightX
2023-01-20 23:17:09,164 - root - DEBUG - 5.1.9.3.4-BottomRightY
2023-01-20 23:17:09,164 - root - DEBUG - 5.1.9.3.5-Alignment
2023-01-20 23:17:09,164 - root - DEBUG - 5.1.9.3.6-Spacing
2023-01-20 23:17:09,164 - root - DEBUG - 5.1.9.3.7-VerticalOffset
2023-01-20 23:17:09,164 - root - DEBUG - 5.1.9.3.8-ImageIndex
2023-01-20 23:17:09,164 - root - DEBUG - 5.1.9.3.9-ImagesCount
2023-01-20 23:17:09,164 - root - DEBUG - 5.1.9.4-MonthFollowsYear
2023-01-20 23:17:09,164 - root - DEBUG - 5.1.9.5-DayFollowsMonth
2023-01-20 23:17:09,164 - root - DEBUG - 5.1.9.6-MonthAsWord
2023-01-20 23:17:09,164 - root - DEBUG - 5.1.9.6.1-X
2023-01-20 23:17:09,164 - root - DEBUG - 5.1.9.6.2-Y
2023-01-20 23:17:09,164 - root - DEBUG - 5.1.9.6.3-ImageIndex
2023-01-20 23:17:09,164 - root - DEBUG - 5.1.9.6.4-ImagesCount
2023-01-20 23:17:09,164 - root - DEBUG - 5.1.4-PaddingZeroMonth
2023-01-20 23:17:09,164 - root - DEBUG - 5.1.5-PaddingZeroDay
2023-01-20 23:17:09,164 - root - DEBUG - 5.1.6-UnknownBoolean6
2023-01-20 23:17:09,164 - root - DEBUG - 5.4-Weekday
2023-01-20 23:17:09,164 - root - DEBUG - 5.4.1-X
2023-01-20 23:17:09,164 - root - DEBUG - 5.4.2-Y
2023-01-20 23:17:09,164 - root - DEBUG - 5.4.3-ImageIndex
2023-01-20 23:17:09,164 - root - DEBUG - 5.4.4-ImagesCount
2023-01-20 23:17:09,164 - root - DEBUG - generatePreviews
2023-01-20 23:17:09,164 - root - DEBUG - Generating previews...
2023-01-20 23:17:09,171 - root - DEBUG - Generating states done...
2023-01-20 23:17:09,173 - root - DEBUG - >>>>>>>>>>>> 0 <watchFaceParser.models.parameter.Parameter object at 0x000001A22E88CB50>
2023-01-20 23:17:09,173 - root - DEBUG - >>>>>>>>>>>> 2 <watchFaceParser.models.parameter.Parameter object at 0x000001A22E886520>
2023-01-20 23:17:09,187 - root - DEBUG - >>>>>>>>>>>> 3 <watchFaceParser.models.parameter.Parameter object at 0x000001A22E8862E0>
2023-01-20 23:17:09,193 - root - DEBUG - >>>>>>>>>>>> 5 <watchFaceParser.models.parameter.Parameter object at 0x000001A22E88BD60>
2023-01-20 23:17:09,204 - root - DEBUG - Generating static preview gen done...
2023-01-20 23:17:09,254 - root - DEBUG - Generating static preview save done...
2023-01-20 23:17:09,254 - root - DEBUG - Generating anim preview gen done...
2023-01-20 23:17:09,254 - root - DEBUG - >>>>>>>>>>>> 0 <watchFaceParser.models.parameter.Parameter object at 0x000001A22E88CB50>
2023-01-20 23:17:09,254 - root - DEBUG - >>>>>>>>>>>> 2 <watchFaceParser.models.parameter.Parameter object at 0x000001A22E886520>
2023-01-20 23:17:09,254 - root - DEBUG - >>>>>>>>>>>> 3 <watchFaceParser.models.parameter.Parameter object at 0x000001A22E8862E0>
2023-01-20 23:17:09,254 - root - DEBUG - >>>>>>>>>>>> 5 <watchFaceParser.models.parameter.Parameter object at 0x000001A22E88BD60>
2023-01-20 23:17:09,324 - root - DEBUG - generatePreviews done
2023-01-20 23:17:09,324 - root - DEBUG - Exporting resources to 'E:\Codez\zepp-bip3-wf\4049afc75d29b38c447b8dd1a59e6175'
2023-01-20 23:17:09,324 - root - DEBUG - extracting E:\Codez\zepp-bip3-wf\4049afc75d29b38c447b8dd1a59e6175\0000.png...
2023-01-20 23:17:09,334 - root - DEBUG - extracting E:\Codez\zepp-bip3-wf\4049afc75d29b38c447b8dd1a59e6175\0001.png...
2023-01-20 23:17:09,334 - root - DEBUG - extracting E:\Codez\zepp-bip3-wf\4049afc75d29b38c447b8dd1a59e6175\0002.png...
2023-01-20 23:17:09,334 - root - DEBUG - extracting E:\Codez\zepp-bip3-wf\4049afc75d29b38c447b8dd1a59e6175\0003.png...
2023-01-20 23:17:09,344 - root - DEBUG - extracting E:\Codez\zepp-bip3-wf\4049afc75d29b38c447b8dd1a59e6175\0004.png...
2023-01-20 23:17:09,344 - root - DEBUG - extracting E:\Codez\zepp-bip3-wf\4049afc75d29b38c447b8dd1a59e6175\0005.png...
2023-01-20 23:17:09,347 - root - DEBUG - extracting E:\Codez\zepp-bip3-wf\4049afc75d29b38c447b8dd1a59e6175\0006.png...
2023-01-20 23:17:09,347 - root - DEBUG - extracting E:\Codez\zepp-bip3-wf\4049afc75d29b38c447b8dd1a59e6175\0007.png...
2023-01-20 23:17:09,347 - root - DEBUG - extracting E:\Codez\zepp-bip3-wf\4049afc75d29b38c447b8dd1a59e6175\0008.png...
2023-01-20 23:17:09,353 - root - DEBUG - extracting E:\Codez\zepp-bip3-wf\4049afc75d29b38c447b8dd1a59e6175\0009.png...
2023-01-20 23:17:09,353 - root - DEBUG - extracting E:\Codez\zepp-bip3-wf\4049afc75d29b38c447b8dd1a59e6175\0010.png...
2023-01-20 23:17:09,353 - root - DEBUG - extracting E:\Codez\zepp-bip3-wf\4049afc75d29b38c447b8dd1a59e6175\0011.png...
2023-01-20 23:17:09,353 - root - DEBUG - extracting E:\Codez\zepp-bip3-wf\4049afc75d29b38c447b8dd1a59e6175\0012.png...
2023-01-20 23:17:09,360 - root - DEBUG - extracting E:\Codez\zepp-bip3-wf\4049afc75d29b38c447b8dd1a59e6175\0013.png...
2023-01-20 23:17:09,360 - root - DEBUG - extracting E:\Codez\zepp-bip3-wf\4049afc75d29b38c447b8dd1a59e6175\0014.png...
2023-01-20 23:17:09,360 - root - DEBUG - extracting E:\Codez\zepp-bip3-wf\4049afc75d29b38c447b8dd1a59e6175\0015.png...
2023-01-20 23:17:09,360 - root - DEBUG - extracting E:\Codez\zepp-bip3-wf\4049afc75d29b38c447b8dd1a59e6175\0016.png...
2023-01-20 23:17:09,363 - root - DEBUG - extracting E:\Codez\zepp-bip3-wf\4049afc75d29b38c447b8dd1a59e6175\0017.png...
2023-01-20 23:17:09,363 - root - DEBUG - extracting E:\Codez\zepp-bip3-wf\4049afc75d29b38c447b8dd1a59e6175\0018.png...
2023-01-20 23:17:09,363 - root - DEBUG - extracting E:\Codez\zepp-bip3-wf\4049afc75d29b38c447b8dd1a59e6175\0019.png...
2023-01-20 23:17:09,363 - root - DEBUG - extracting E:\Codez\zepp-bip3-wf\4049afc75d29b38c447b8dd1a59e6175\0020.png...
2023-01-20 23:17:09,363 - root - DEBUG - extracting E:\Codez\zepp-bip3-wf\4049afc75d29b38c447b8dd1a59e6175\0021.png...
2023-01-20 23:17:09,363 - root - DEBUG - extracting E:\Codez\zepp-bip3-wf\4049afc75d29b38c447b8dd1a59e6175\0022.png...
2023-01-20 23:17:09,363 - root - DEBUG - extracting E:\Codez\zepp-bip3-wf\4049afc75d29b38c447b8dd1a59e6175\0023.png...
2023-01-20 23:17:09,363 - root - DEBUG - extracting E:\Codez\zepp-bip3-wf\4049afc75d29b38c447b8dd1a59e6175\0024.png...
2023-01-20 23:17:09,363 - root - DEBUG - extracting E:\Codez\zepp-bip3-wf\4049afc75d29b38c447b8dd1a59e6175\0025.png...
2023-01-20 23:17:09,363 - root - DEBUG - extracting E:\Codez\zepp-bip3-wf\4049afc75d29b38c447b8dd1a59e6175\0026.png...
2023-01-20 23:17:09,363 - root - DEBUG - extracting E:\Codez\zepp-bip3-wf\4049afc75d29b38c447b8dd1a59e6175\0027.png...
2023-01-20 23:17:09,363 - root - DEBUG - extracting E:\Codez\zepp-bip3-wf\4049afc75d29b38c447b8dd1a59e6175\0028.png...
2023-01-20 23:17:09,363 - root - DEBUG - extracting E:\Codez\zepp-bip3-wf\4049afc75d29b38c447b8dd1a59e6175\0029.png...
2023-01-20 23:17:09,374 - root - DEBUG - extracting E:\Codez\zepp-bip3-wf\4049afc75d29b38c447b8dd1a59e6175\0030.png...
2023-01-20 23:17:09,374 - root - DEBUG - extracting E:\Codez\zepp-bip3-wf\4049afc75d29b38c447b8dd1a59e6175\0031.png...
2023-01-20 23:17:09,374 - root - DEBUG - extracting E:\Codez\zepp-bip3-wf\4049afc75d29b38c447b8dd1a59e6175\0032.png...
2023-01-20 23:17:09,374 - root - DEBUG - extracting E:\Codez\zepp-bip3-wf\4049afc75d29b38c447b8dd1a59e6175\0033.png...
2023-01-20 23:17:09,374 - root - DEBUG - extracting E:\Codez\zepp-bip3-wf\4049afc75d29b38c447b8dd1a59e6175\0034.png...
2023-01-20 23:17:09,374 - root - DEBUG - extracting E:\Codez\zepp-bip3-wf\4049afc75d29b38c447b8dd1a59e6175\0035.png...
2023-01-20 23:17:09,374 - root - DEBUG - extracting E:\Codez\zepp-bip3-wf\4049afc75d29b38c447b8dd1a59e6175\0036.png...
2023-01-20 23:17:09,379 - root - DEBUG - extracting E:\Codez\zepp-bip3-wf\4049afc75d29b38c447b8dd1a59e6175\0037.png...
2023-01-20 23:17:09,379 - root - DEBUG - extracting E:\Codez\zepp-bip3-wf\4049afc75d29b38c447b8dd1a59e6175\0038.png...
2023-01-20 23:17:09,379 - root - DEBUG - extracting E:\Codez\zepp-bip3-wf\4049afc75d29b38c447b8dd1a59e6175\0039.png...
2023-01-20 23:17:09,379 - root - DEBUG - extracting E:\Codez\zepp-bip3-wf\4049afc75d29b38c447b8dd1a59e6175\0040.png...
2023-01-20 23:17:09,379 - root - DEBUG - extracting E:\Codez\zepp-bip3-wf\4049afc75d29b38c447b8dd1a59e6175\0041.png...
2023-01-20 23:17:09,379 - root - DEBUG - extracting E:\Codez\zepp-bip3-wf\4049afc75d29b38c447b8dd1a59e6175\0042.png...
2023-01-20 23:17:09,384 - root - DEBUG - extracting E:\Codez\zepp-bip3-wf\4049afc75d29b38c447b8dd1a59e6175\0043.png...
2023-01-20 23:17:09,384 - root - DEBUG - extracting E:\Codez\zepp-bip3-wf\4049afc75d29b38c447b8dd1a59e6175\0044.png...
2023-01-20 23:17:09,384 - root - DEBUG - extracting E:\Codez\zepp-bip3-wf\4049afc75d29b38c447b8dd1a59e6175\0045.png...
2023-01-20 23:17:09,384 - root - DEBUG - extracting E:\Codez\zepp-bip3-wf\4049afc75d29b38c447b8dd1a59e6175\0046.png...
2023-01-20 23:17:09,384 - root - DEBUG - extracting E:\Codez\zepp-bip3-wf\4049afc75d29b38c447b8dd1a59e6175\0047.png...
2023-01-20 23:17:09,384 - root - DEBUG - extracting E:\Codez\zepp-bip3-wf\4049afc75d29b38c447b8dd1a59e6175\0048.png...
2023-01-20 23:17:09,384 - root - DEBUG - extracting E:\Codez\zepp-bip3-wf\4049afc75d29b38c447b8dd1a59e6175\0049.png...
2023-01-20 23:17:09,384 - root - DEBUG - extracting E:\Codez\zepp-bip3-wf\4049afc75d29b38c447b8dd1a59e6175\0050.png...
2023-01-20 23:17:09,384 - root - DEBUG - Exporting config...
