2023-07-09 17:48:01,662 - root - DEBUG - Opening watch face 'E:\Codez\zepp-bip3-wf\3a0b16e4d9d88b336ff9d0ae1d3d1364.bin'
2023-07-09 17:48:01,678 - root - DEBUG - Reading parameters...
2023-07-09 17:48:01,678 - root - INFO - Reading header...
2023-07-09 17:48:01,678 - root - INFO - Header was read:
2023-07-09 17:48:01,678 - root - INFO - Signature: b'UIHH\x01\x00\xff', Unknown: 52, ParametersSize: 45, isValid: True, deviceId: 71
2023-07-09 17:48:01,678 - root - INFO - Reading parameter offsets...
2023-07-09 17:48:01,678 - root - INFO - Parameter offsets were read from file
2023-07-09 17:48:01,678 - root - INFO - Reading parameters descriptor...
2023-07-09 17:48:01,678 - root - INFO - 1 ( A): 5 bytes
2023-07-09 17:48:01,678 - root - INFO -     1 ( 8): 136 88
2023-07-09 17:48:01,678 - root - INFO -     2 (10): 18 12
2023-07-09 17:48:01,678 - root - INFO - getParameters descriptor was read:
2023-07-09 17:48:01,678 - root - INFO - ParametersTableLength: 136, ImagesCount: 18
2023-07-09 17:48:01,678 - root - INFO - Reading parameters locations...
2023-07-09 17:48:01,678 - root - INFO - 2 (12): 4 bytes
2023-07-09 17:48:01,678 - root - INFO -     1 ( 8): 0  0
2023-07-09 17:48:01,678 - root - INFO -     2 (10): 16 10
2023-07-09 17:48:01,678 - root - INFO - 4 (22): 4 bytes
2023-07-09 17:48:01,678 - root - INFO -     1 ( 8): 24 18
2023-07-09 17:48:01,678 - root - INFO -     2 (10): 52 34
2023-07-09 17:48:01,678 - root - INFO - 5 (2A): 4 bytes
2023-07-09 17:48:01,678 - root - INFO -     1 ( 8): 16 10
2023-07-09 17:48:01,678 - root - INFO -     2 (10): 8  8
2023-07-09 17:48:01,678 - root - INFO - 12 (62): 4 bytes
2023-07-09 17:48:01,678 - root - INFO -     1 ( 8): 76 4C
2023-07-09 17:48:01,678 - root - INFO -     2 (10): 18 12
2023-07-09 17:48:01,678 - root - INFO - 20 (A2): 4 bytes
2023-07-09 17:48:01,678 - root - INFO -     1 ( 8): 94 5E
2023-07-09 17:48:01,678 - root - INFO -     2 (10): 25 19
2023-07-09 17:48:01,678 - root - INFO - 23 (BA): 4 bytes
2023-07-09 17:48:01,678 - root - INFO -     1 ( 8): 119 77
2023-07-09 17:48:01,678 - root - INFO -     2 (10): 17 11
2023-07-09 17:48:01,678 - root - INFO - Watch face parameters locations were read:
2023-07-09 17:48:01,678 - root - INFO - Reading descriptor for parameter 2
2023-07-09 17:48:01,678 - root - INFO - Descriptor offset: 0, Descriptor length: 16
2023-07-09 17:48:01,678 - root - INFO - Parsing descriptor for parameter 2...
2023-07-09 17:48:01,678 - root - INFO - 1 ( A): 6 bytes
2023-07-09 17:48:01,678 - root - INFO -     1 ( 8): 0  0
2023-07-09 17:48:01,678 - root - INFO -     2 (10): 0  0
2023-07-09 17:48:01,678 - root - INFO -     3 (18): 1  1
2023-07-09 17:48:01,678 - root - INFO - 3 (1A): 6 bytes
2023-07-09 17:48:01,678 - root - INFO -     1 ( 8): 0  0
2023-07-09 17:48:01,678 - root - INFO -     2 (10): 0  0
2023-07-09 17:48:01,678 - root - INFO -     3 (18): 0  0
2023-07-09 17:48:01,678 - root - INFO - Reading descriptor for parameter 4
2023-07-09 17:48:01,678 - root - INFO - Descriptor offset: 24, Descriptor length: 52
2023-07-09 17:48:01,678 - root - INFO - Parsing descriptor for parameter 4...
2023-07-09 17:48:01,678 - root - INFO - 4 (22): 25 bytes
2023-07-09 17:48:01,678 - root - INFO -     1 ( A): 21 bytes
2023-07-09 17:48:01,678 - root - INFO -         1 ( 8): 108 6C
2023-07-09 17:48:01,678 - root - INFO -         2 (10): 220 DC
2023-07-09 17:48:01,678 - root - INFO -         3 (18): 132 84
2023-07-09 17:48:01,678 - root - INFO -         4 (20): 232 E8
2023-07-09 17:48:01,678 - root - INFO -         5 (28): 24 18
2023-07-09 17:48:01,678 - root - INFO -         6 (30): 0  0
2023-07-09 17:48:01,678 - root - INFO -         7 (38): 0  0
2023-07-09 17:48:01,678 - root - INFO -         8 (40): 2  2
2023-07-09 17:48:01,678 - root - INFO -         9 (48): 10  A
2023-07-09 17:48:01,678 - root - INFO -     3 (18): 12  C
2023-07-09 17:48:01,678 - root - INFO - 6 (32): 21 bytes
2023-07-09 17:48:01,678 - root - INFO -     1 ( A): 19 bytes
2023-07-09 17:48:01,678 - root - INFO -         1 ( 8): 108 6C
2023-07-09 17:48:01,678 - root - INFO -         2 (10): 103 67
2023-07-09 17:48:01,678 - root - INFO -         3 (18): 132 84
2023-07-09 17:48:01,678 - root - INFO -         4 (20): 115 73
2023-07-09 17:48:01,678 - root - INFO -         5 (28): 24 18
2023-07-09 17:48:01,678 - root - INFO -         6 (30): 0  0
2023-07-09 17:48:01,678 - root - INFO -         7 (38): 0  0
2023-07-09 17:48:01,678 - root - INFO -         8 (40): 2  2
2023-07-09 17:48:01,678 - root - INFO -         9 (48): 10  A
2023-07-09 17:48:01,678 - root - INFO - 7 (38): 0  0
2023-07-09 17:48:01,678 - root - INFO - Reading descriptor for parameter 5
2023-07-09 17:48:01,678 - root - INFO - Descriptor offset: 16, Descriptor length: 8
2023-07-09 17:48:01,678 - root - INFO - Parsing descriptor for parameter 5...
2023-07-09 17:48:01,678 - root - INFO - 1 ( A): 6 bytes
2023-07-09 17:48:01,693 - root - INFO -     4 (20): 1  1
2023-07-09 17:48:01,693 - root - INFO -     5 (28): 1  1
2023-07-09 17:48:01,693 - root - INFO -     6 (30): 0  0
2023-07-09 17:48:01,693 - root - INFO - Reading descriptor for parameter 12
2023-07-09 17:48:01,693 - root - INFO - Descriptor offset: 76, Descriptor length: 18
2023-07-09 17:48:01,693 - root - INFO - Parsing descriptor for parameter 12...
2023-07-09 17:48:01,693 - root - INFO - 6 (32): 16 bytes
2023-07-09 17:48:01,693 - root - INFO -     1 ( A): 14 bytes
2023-07-09 17:48:01,693 - root - INFO -         1 ( 8): 120 78
2023-07-09 17:48:01,693 - root - INFO -         2 (10): 203 CB
2023-07-09 17:48:01,693 - root - INFO -         3 (18): 0  0
2023-07-09 17:48:01,693 - root - INFO -         4 (20): 360 168
2023-07-09 17:48:01,693 - root - INFO -         5 (28): 13  D
2023-07-09 17:48:01,693 - root - INFO -         6 (30): 48 30
2023-07-09 17:48:01,693 - root - INFO - Reading descriptor for parameter 20
2023-07-09 17:48:01,693 - root - INFO - Descriptor offset: 94, Descriptor length: 25
2023-07-09 17:48:01,693 - root - INFO - Parsing descriptor for parameter 20...
2023-07-09 17:48:01,693 - root - INFO - 2 (12): 5 bytes
2023-07-09 17:48:01,693 - root - INFO -     1 ( 8): 120 78
2023-07-09 17:48:01,693 - root - INFO -     2 (10): 140 8C
2023-07-09 17:48:01,693 - root - INFO - 3 (1A): 4 bytes
2023-07-09 17:48:01,693 - root - INFO -     1 ( 8): 14  E
2023-07-09 17:48:01,693 - root - INFO -     2 (10): 120 78
2023-07-09 17:48:01,693 - root - INFO - 4 (22): 4 bytes
2023-07-09 17:48:01,693 - root - INFO -     1 ( 8): 16 10
2023-07-09 17:48:01,693 - root - INFO -     2 (10): 120 78
2023-07-09 17:48:01,693 - root - INFO - 5 (2A): 4 bytes
2023-07-09 17:48:01,693 - root - INFO -     1 ( 8): 15  F
2023-07-09 17:48:01,693 - root - INFO -     2 (10): 120 78
2023-07-09 17:48:01,693 - root - INFO - Reading descriptor for parameter 23
2023-07-09 17:48:01,693 - root - INFO - Descriptor offset: 119, Descriptor length: 17
2023-07-09 17:48:01,693 - root - INFO - Parsing descriptor for parameter 23...
2023-07-09 17:48:01,693 - root - INFO - 4 (22): 15 bytes
2023-07-09 17:48:01,693 - root - INFO -     1 ( A): 13 bytes
2023-07-09 17:48:01,693 - root - INFO -         1 ( 8): 120 78
2023-07-09 17:48:01,693 - root - INFO -         2 (10): 84 54
2023-07-09 17:48:01,693 - root - INFO -         3 (18): 0  0
2023-07-09 17:48:01,693 - root - INFO -         4 (20): 360 168
2023-07-09 17:48:01,693 - root - INFO -         5 (28): 17 11
2023-07-09 17:48:01,693 - root - INFO -         6 (30): 48 30
2023-07-09 17:48:01,693 - root - INFO - Reading resources offsets table with 18 elements (72 bytes)
2023-07-09 17:48:01,693 - root - INFO - Resource 0 offset: 340, length: 51224...
2023-07-09 17:48:01,693 - root - DEBUG - Reading resource 0...
2023-07-09 17:48:01,756 - root - INFO - The image is bmc.
2023-07-09 17:48:01,756 - root - INFO - Reading image header(readHeader16C)...
2023-07-09 17:48:01,756 - root - INFO - Image header was read:
2023-07-09 17:48:01,756 - root - INFO - Width: 148, Height: 173, RowLength: 296
2023-07-09 17:48:01,756 - root - INFO - _step: 2, unknown2: 0,
2023-07-09 17:48:01,756 - root - INFO - BPP: 16, Transparency: False
2023-07-09 17:48:01,912 - root - INFO - Resource 1 offset: 51564, length: 134416...
2023-07-09 17:48:01,912 - root - DEBUG - Reading resource 1...
2023-07-09 17:48:01,912 - root - INFO - The image is bmc.
2023-07-09 17:48:01,912 - root - INFO - Reading image header(readHeader16C)...
2023-07-09 17:48:01,912 - root - INFO - Image header was read:
2023-07-09 17:48:01,912 - root - INFO - Width: 240, Height: 280, RowLength: 480
2023-07-09 17:48:01,912 - root - INFO - _step: 2, unknown2: 0,
2023-07-09 17:48:01,912 - root - INFO - BPP: 16, Transparency: False
2023-07-09 17:48:02,303 - root - INFO - Resource 2 offset: 185980, length: 196...
2023-07-09 17:48:02,303 - root - DEBUG - Reading resource 2...
2023-07-09 17:48:02,303 - root - INFO - The image is bme.
2023-07-09 17:48:02,303 - root - INFO - Reading image header(readHeader16E)...
2023-07-09 17:48:02,303 - root - INFO - Image header was read:
2023-07-09 17:48:02,303 - root - INFO - Width: 8, Height: 12, RowLength: 16
2023-07-09 17:48:02,303 - root - INFO - datalength: 180, _step: 2
2023-07-09 17:48:02,303 - root - INFO - BPP: 16, Transparency: False
2023-07-09 17:48:02,303 - root - INFO - Resource 3 offset: 186176, length: 120...
2023-07-09 17:48:02,303 - root - DEBUG - Reading resource 3...
2023-07-09 17:48:02,303 - root - INFO - The image is bme.
2023-07-09 17:48:02,303 - root - INFO - Reading image header(readHeader16E)...
2023-07-09 17:48:02,303 - root - INFO - Image header was read:
2023-07-09 17:48:02,303 - root - INFO - Width: 8, Height: 12, RowLength: 16
2023-07-09 17:48:02,303 - root - INFO - datalength: 104, _step: 2
2023-07-09 17:48:02,303 - root - INFO - BPP: 16, Transparency: False
2023-07-09 17:48:02,303 - root - INFO - Resource 4 offset: 186296, length: 144...
2023-07-09 17:48:02,303 - root - DEBUG - Reading resource 4...
2023-07-09 17:48:02,303 - root - INFO - The image is bme.
2023-07-09 17:48:02,303 - root - INFO - Reading image header(readHeader16E)...
2023-07-09 17:48:02,303 - root - INFO - Image header was read:
2023-07-09 17:48:02,303 - root - INFO - Width: 8, Height: 12, RowLength: 16
2023-07-09 17:48:02,303 - root - INFO - datalength: 128, _step: 2
2023-07-09 17:48:02,303 - root - INFO - BPP: 16, Transparency: False
2023-07-09 17:48:02,303 - root - INFO - Resource 5 offset: 186440, length: 172...
2023-07-09 17:48:02,303 - root - DEBUG - Reading resource 5...
2023-07-09 17:48:02,303 - root - INFO - The image is bme.
2023-07-09 17:48:02,303 - root - INFO - Reading image header(readHeader16E)...
2023-07-09 17:48:02,303 - root - INFO - Image header was read:
2023-07-09 17:48:02,303 - root - INFO - Width: 8, Height: 12, RowLength: 16
2023-07-09 17:48:02,303 - root - INFO - datalength: 156, _step: 2
2023-07-09 17:48:02,303 - root - INFO - BPP: 16, Transparency: False
2023-07-09 17:48:02,303 - root - INFO - Resource 6 offset: 186612, length: 142...
2023-07-09 17:48:02,303 - root - DEBUG - Reading resource 6...
2023-07-09 17:48:02,303 - root - INFO - The image is bme.
2023-07-09 17:48:02,303 - root - INFO - Reading image header(readHeader16E)...
2023-07-09 17:48:02,303 - root - INFO - Image header was read:
2023-07-09 17:48:02,303 - root - INFO - Width: 8, Height: 12, RowLength: 16
2023-07-09 17:48:02,303 - root - INFO - datalength: 126, _step: 2
2023-07-09 17:48:02,303 - root - INFO - BPP: 16, Transparency: False
2023-07-09 17:48:02,303 - root - INFO - Resource 7 offset: 186754, length: 172...
2023-07-09 17:48:02,303 - root - DEBUG - Reading resource 7...
2023-07-09 17:48:02,303 - root - INFO - The image is bme.
2023-07-09 17:48:02,303 - root - INFO - Reading image header(readHeader16E)...
2023-07-09 17:48:02,303 - root - INFO - Image header was read:
2023-07-09 17:48:02,303 - root - INFO - Width: 8, Height: 12, RowLength: 16
2023-07-09 17:48:02,303 - root - INFO - datalength: 156, _step: 2
2023-07-09 17:48:02,303 - root - INFO - BPP: 16, Transparency: False
2023-07-09 17:48:02,318 - root - INFO - Resource 8 offset: 186926, length: 170...
2023-07-09 17:48:02,318 - root - DEBUG - Reading resource 8...
2023-07-09 17:48:02,318 - root - INFO - The image is bme.
2023-07-09 17:48:02,318 - root - INFO - Reading image header(readHeader16E)...
2023-07-09 17:48:02,318 - root - INFO - Image header was read:
2023-07-09 17:48:02,318 - root - INFO - Width: 8, Height: 12, RowLength: 16
2023-07-09 17:48:02,318 - root - INFO - datalength: 154, _step: 2
2023-07-09 17:48:02,318 - root - INFO - BPP: 16, Transparency: False
2023-07-09 17:48:02,318 - root - INFO - Resource 9 offset: 187096, length: 128...
2023-07-09 17:48:02,318 - root - DEBUG - Reading resource 9...
2023-07-09 17:48:02,318 - root - INFO - The image is bme.
2023-07-09 17:48:02,318 - root - INFO - Reading image header(readHeader16E)...
2023-07-09 17:48:02,318 - root - INFO - Image header was read:
2023-07-09 17:48:02,318 - root - INFO - Width: 8, Height: 12, RowLength: 16
2023-07-09 17:48:02,318 - root - INFO - datalength: 112, _step: 2
2023-07-09 17:48:02,318 - root - INFO - BPP: 16, Transparency: False
2023-07-09 17:48:02,318 - root - INFO - Resource 10 offset: 187224, length: 190...
2023-07-09 17:48:02,318 - root - DEBUG - Reading resource 10...
2023-07-09 17:48:02,318 - root - INFO - The image is bme.
2023-07-09 17:48:02,318 - root - INFO - Reading image header(readHeader16E)...
2023-07-09 17:48:02,318 - root - INFO - Image header was read:
2023-07-09 17:48:02,318 - root - INFO - Width: 8, Height: 12, RowLength: 16
2023-07-09 17:48:02,318 - root - INFO - datalength: 174, _step: 2
2023-07-09 17:48:02,318 - root - INFO - BPP: 16, Transparency: False
2023-07-09 17:48:02,318 - root - INFO - Resource 11 offset: 187414, length: 166...
2023-07-09 17:48:02,318 - root - DEBUG - Reading resource 11...
2023-07-09 17:48:02,318 - root - INFO - The image is bme.
2023-07-09 17:48:02,318 - root - INFO - Reading image header(readHeader16E)...
2023-07-09 17:48:02,318 - root - INFO - Image header was read:
2023-07-09 17:48:02,318 - root - INFO - Width: 8, Height: 12, RowLength: 16
2023-07-09 17:48:02,318 - root - INFO - datalength: 150, _step: 2
2023-07-09 17:48:02,318 - root - INFO - BPP: 16, Transparency: False
2023-07-09 17:48:02,318 - root - INFO - Resource 12 offset: 187580, length: 72...
2023-07-09 17:48:02,318 - root - DEBUG - Reading resource 12...
2023-07-09 17:48:02,318 - root - INFO - The image is bme.
2023-07-09 17:48:02,318 - root - INFO - Reading image header(readHeader16E)...
2023-07-09 17:48:02,318 - root - INFO - Image header was read:
2023-07-09 17:48:02,318 - root - INFO - Width: 24, Height: 12, RowLength: 48
2023-07-09 17:48:02,318 - root - INFO - datalength: 56, _step: 2
2023-07-09 17:48:02,318 - root - INFO - BPP: 16, Transparency: False
2023-07-09 17:48:02,318 - root - INFO - Resource 13 offset: 187652, length: 3472...
2023-07-09 17:48:02,318 - root - DEBUG - Reading resource 13...
2023-07-09 17:48:02,318 - root - INFO - The image is bmc.
2023-07-09 17:48:02,318 - root - INFO - Reading image header(readHeader16C)...
2023-07-09 17:48:02,318 - root - INFO - Image header was read:
2023-07-09 17:48:02,318 - root - INFO - Width: 12, Height: 96, RowLength: 36
2023-07-09 17:48:02,318 - root - INFO - _step: 3, unknown2: 0,
2023-07-09 17:48:02,318 - root - INFO - BPP: 24, Transparency: False
2023-07-09 17:48:02,318 - root - INFO - Resource 14 offset: 191124, length: 21616...
2023-07-09 17:48:02,318 - root - DEBUG - Reading resource 14...
2023-07-09 17:48:02,318 - root - INFO - The image is bmc.
2023-07-09 17:48:02,318 - root - INFO - Reading image header(readHeader16C)...
2023-07-09 17:48:02,318 - root - INFO - Image header was read:
2023-07-09 17:48:02,334 - root - INFO - Width: 30, Height: 240, RowLength: 90
2023-07-09 17:48:02,334 - root - INFO - _step: 3, unknown2: 0,
2023-07-09 17:48:02,334 - root - INFO - BPP: 24, Transparency: False
2023-07-09 17:48:02,365 - root - INFO - Resource 15 offset: 212740, length: 21616...
2023-07-09 17:48:02,365 - root - DEBUG - Reading resource 15...
2023-07-09 17:48:02,365 - root - INFO - The image is bmc.
2023-07-09 17:48:02,365 - root - INFO - Reading image header(readHeader16C)...
2023-07-09 17:48:02,365 - root - INFO - Image header was read:
2023-07-09 17:48:02,365 - root - INFO - Width: 30, Height: 240, RowLength: 90
2023-07-09 17:48:02,365 - root - INFO - _step: 3, unknown2: 0,
2023-07-09 17:48:02,365 - root - INFO - BPP: 24, Transparency: False
2023-07-09 17:48:02,412 - root - INFO - Resource 16 offset: 234356, length: 21616...
2023-07-09 17:48:02,412 - root - DEBUG - Reading resource 16...
2023-07-09 17:48:02,412 - root - INFO - The image is bmc.
2023-07-09 17:48:02,412 - root - INFO - Reading image header(readHeader16C)...
2023-07-09 17:48:02,412 - root - INFO - Image header was read:
2023-07-09 17:48:02,412 - root - INFO - Width: 30, Height: 240, RowLength: 90
2023-07-09 17:48:02,412 - root - INFO - _step: 3, unknown2: 0,
2023-07-09 17:48:02,412 - root - INFO - BPP: 24, Transparency: False
2023-07-09 17:48:02,459 - root - INFO - Resource 17 offset: 255972, length: 3472...
2023-07-09 17:48:02,459 - root - DEBUG - Reading resource 17...
2023-07-09 17:48:02,459 - root - INFO - The image is bmc.
2023-07-09 17:48:02,459 - root - INFO - Reading image header(readHeader16C)...
2023-07-09 17:48:02,459 - root - INFO - Image header was read:
2023-07-09 17:48:02,459 - root - INFO - Width: 12, Height: 96, RowLength: 36
2023-07-09 17:48:02,459 - root - INFO - _step: 3, unknown2: 0,
2023-07-09 17:48:02,459 - root - INFO - BPP: 24, Transparency: False
2023-07-09 17:48:02,474 - root - DEBUG - Parsing parameters...
2023-07-09 17:48:02,580 - root - DEBUG - 0 Value: None
2023-07-09 17:48:02,580 - root - DEBUG - 0.1 Value: 71
2023-07-09 17:48:02,580 - root - DEBUG - 2 Value: None
2023-07-09 17:48:02,580 - root - DEBUG - 2.1 Value: None
2023-07-09 17:48:02,580 - root - DEBUG - 2.1.1 Value: 0
2023-07-09 17:48:02,580 - root - DEBUG - 2.1.2 Value: 0
2023-07-09 17:48:02,580 - root - DEBUG - 2.1.3 Value: 1
2023-07-09 17:48:02,580 - root - DEBUG - 2.3 Value: None
2023-07-09 17:48:02,580 - root - DEBUG - 2.3.1 Value: 0
2023-07-09 17:48:02,580 - root - DEBUG - 2.3.2 Value: 0
2023-07-09 17:48:02,580 - root - DEBUG - 2.3.3 Value: 0
2023-07-09 17:48:02,580 - root - DEBUG - 4 Value: None
2023-07-09 17:48:02,580 - root - DEBUG - 4.4 Value: None
2023-07-09 17:48:02,580 - root - DEBUG - 4.4.1 Value: None
2023-07-09 17:48:02,580 - root - DEBUG - 4.4.1.1 Value: 108
2023-07-09 17:48:02,580 - root - DEBUG - 4.4.1.2 Value: 220
2023-07-09 17:48:02,580 - root - DEBUG - 4.4.1.3 Value: 132
2023-07-09 17:48:02,580 - root - DEBUG - 4.4.1.4 Value: 232
2023-07-09 17:48:02,580 - root - DEBUG - 4.4.1.5 Value: 24
2023-07-09 17:48:02,580 - root - DEBUG - 4.4.1.6 Value: 0
2023-07-09 17:48:02,580 - root - DEBUG - 4.4.1.7 Value: 0
2023-07-09 17:48:02,580 - root - DEBUG - 4.4.1.8 Value: 2
2023-07-09 17:48:02,580 - root - DEBUG - 4.4.1.9 Value: 10
2023-07-09 17:48:02,580 - root - DEBUG - 4.4.3 Value: 12
2023-07-09 17:48:02,580 - root - DEBUG - 4.6 Value: None
2023-07-09 17:48:02,580 - root - DEBUG - 4.6.1 Value: None
2023-07-09 17:48:02,580 - root - DEBUG - 4.6.1.1 Value: 108
2023-07-09 17:48:02,580 - root - DEBUG - 4.6.1.2 Value: 103
2023-07-09 17:48:02,580 - root - DEBUG - 4.6.1.3 Value: 132
2023-07-09 17:48:02,580 - root - DEBUG - 4.6.1.4 Value: 115
2023-07-09 17:48:02,580 - root - DEBUG - 4.6.1.5 Value: 24
2023-07-09 17:48:02,580 - root - DEBUG - 4.6.1.6 Value: 0
2023-07-09 17:48:02,580 - root - DEBUG - 4.6.1.7 Value: 0
2023-07-09 17:48:02,580 - root - DEBUG - 4.6.1.8 Value: 2
2023-07-09 17:48:02,580 - root - DEBUG - 4.6.1.9 Value: 10
2023-07-09 17:48:02,580 - root - DEBUG - 4.7 Value: 0
2023-07-09 17:48:02,580 - root - DEBUG - 5 Value: None
2023-07-09 17:48:02,580 - root - DEBUG - 5.1 Value: None
2023-07-09 17:48:02,580 - root - DEBUG - 5.1.4 Value: 1
2023-07-09 17:48:02,580 - root - DEBUG - 5.1.5 Value: 1
2023-07-09 17:48:02,580 - root - DEBUG - 5.1.6 Value: 0
2023-07-09 17:48:02,580 - root - DEBUG - 12 Value: None
2023-07-09 17:48:02,580 - root - DEBUG - 12.6 Value: None
2023-07-09 17:48:02,580 - root - DEBUG - 12.6.1 Value: None
2023-07-09 17:48:02,580 - root - DEBUG - 12.6.1.1 Value: 120
2023-07-09 17:48:02,580 - root - DEBUG - 12.6.1.2 Value: 203
2023-07-09 17:48:02,580 - root - DEBUG - 12.6.1.3 Value: 0
2023-07-09 17:48:02,580 - root - DEBUG - 12.6.1.4 Value: 360
2023-07-09 17:48:02,580 - root - DEBUG - 12.6.1.5 Value: 13
2023-07-09 17:48:02,580 - root - DEBUG - 12.6.1.6 Value: 48
2023-07-09 17:48:02,580 - root - DEBUG - 20 Value: None
2023-07-09 17:48:02,580 - root - DEBUG - 20.2 Value: None
2023-07-09 17:48:02,595 - root - DEBUG - 20.2.1 Value: 120
2023-07-09 17:48:02,595 - root - DEBUG - 20.2.2 Value: 140
2023-07-09 17:48:02,595 - root - DEBUG - 20.3 Value: None
2023-07-09 17:48:02,595 - root - DEBUG - 20.3.1 Value: 14
2023-07-09 17:48:02,595 - root - DEBUG - 20.3.2 Value: 120
2023-07-09 17:48:02,595 - root - DEBUG - 20.4 Value: None
2023-07-09 17:48:02,595 - root - DEBUG - 20.4.1 Value: 16
2023-07-09 17:48:02,595 - root - DEBUG - 20.4.2 Value: 120
2023-07-09 17:48:02,595 - root - DEBUG - 20.5 Value: None
2023-07-09 17:48:02,595 - root - DEBUG - 20.5.1 Value: 15
2023-07-09 17:48:02,595 - root - DEBUG - 20.5.2 Value: 120
2023-07-09 17:48:02,595 - root - DEBUG - 23 Value: None
2023-07-09 17:48:02,595 - root - DEBUG - 23.4 Value: None
2023-07-09 17:48:02,595 - root - DEBUG - 23.4.1 Value: None
2023-07-09 17:48:02,595 - root - DEBUG - 23.4.1.1 Value: 120
2023-07-09 17:48:02,595 - root - DEBUG - 23.4.1.2 Value: 84
2023-07-09 17:48:02,595 - root - DEBUG - 23.4.1.3 Value: 0
2023-07-09 17:48:02,595 - root - DEBUG - 23.4.1.4 Value: 360
2023-07-09 17:48:02,595 - root - DEBUG - 23.4.1.5 Value: 17
2023-07-09 17:48:02,595 - root - DEBUG - 23.4.1.6 Value: 48
2023-07-09 17:48:02,595 - root - DEBUG - 0-Info
2023-07-09 17:48:02,595 - root - DEBUG - 0.1-DeviceId
2023-07-09 17:48:02,595 - root - DEBUG - 2-Background
2023-07-09 17:48:02,595 - root - DEBUG - 2.1-Image
2023-07-09 17:48:02,595 - root - DEBUG - 2.1.1-X
2023-07-09 17:48:02,595 - root - DEBUG - 2.1.2-Y
2023-07-09 17:48:02,595 - root - DEBUG - 2.1.3-ImageIndex
2023-07-09 17:48:02,595 - root - DEBUG - 2.3-Preview
2023-07-09 17:48:02,595 - root - DEBUG - 2.3.1-X
2023-07-09 17:48:02,595 - root - DEBUG - 2.3.2-Y
2023-07-09 17:48:02,595 - root - DEBUG - 2.3.3-ImageIndex
2023-07-09 17:48:02,595 - root - DEBUG - 4-Activity
2023-07-09 17:48:02,595 - root - DEBUG - 4.4-HeartRate
2023-07-09 17:48:02,595 - root - DEBUG - 4.4.1-ImageNumber
2023-07-09 17:48:02,595 - root - DEBUG - 4.4.1.1-TopLeftX
2023-07-09 17:48:02,595 - root - DEBUG - 4.4.1.2-TopLeftY
2023-07-09 17:48:02,595 - root - DEBUG - 4.4.1.3-BottomRightX
2023-07-09 17:48:02,595 - root - DEBUG - 4.4.1.4-BottomRightY
2023-07-09 17:48:02,595 - root - DEBUG - 4.4.1.5-Alignment
2023-07-09 17:48:02,595 - root - DEBUG - 4.4.1.6-Spacing
2023-07-09 17:48:02,595 - root - DEBUG - 4.4.1.7-VerticalOffset
2023-07-09 17:48:02,595 - root - DEBUG - 4.4.1.8-ImageIndex
2023-07-09 17:48:02,595 - root - DEBUG - 4.4.1.9-ImagesCount
2023-07-09 17:48:02,595 - root - DEBUG - 4.4.3-NoDataImageIndex
2023-07-09 17:48:02,595 - root - DEBUG - 4.6-PAI
2023-07-09 17:48:02,595 - root - DEBUG - 4.6.1-ImageNumber
2023-07-09 17:48:02,595 - root - DEBUG - 4.6.1.1-TopLeftX
2023-07-09 17:48:02,595 - root - DEBUG - 4.6.1.2-TopLeftY
2023-07-09 17:48:02,595 - root - DEBUG - 4.6.1.3-BottomRightX
2023-07-09 17:48:02,595 - root - DEBUG - 4.6.1.4-BottomRightY
2023-07-09 17:48:02,595 - root - DEBUG - 4.6.1.5-Alignment
2023-07-09 17:48:02,595 - root - DEBUG - 4.6.1.6-Spacing
2023-07-09 17:48:02,595 - root - DEBUG - 4.6.1.7-VerticalOffset
2023-07-09 17:48:02,595 - root - DEBUG - 4.6.1.8-ImageIndex
2023-07-09 17:48:02,595 - root - DEBUG - 4.6.1.9-ImagesCount
2023-07-09 17:48:02,595 - root - DEBUG - 4.7-UnknownLongValue7
2023-07-09 17:48:02,595 - root - DEBUG - 5-DateBlock
2023-07-09 17:48:02,595 - root - DEBUG - 5.1-Date
2023-07-09 17:48:02,595 - root - DEBUG - 5.1.4-PaddingZeroMonth
2023-07-09 17:48:02,595 - root - DEBUG - 5.1.5-PaddingZeroDay
2023-07-09 17:48:02,595 - root - DEBUG - 5.1.6-UnknownBoolean6
2023-07-09 17:48:02,595 - root - DEBUG - 12-HeartProgress
2023-07-09 17:48:02,595 - root - DEBUG - 12.6-Scale
2023-07-09 17:48:02,595 - root - DEBUG - 12.6.1-PointerScale
2023-07-09 17:48:02,595 - root - DEBUG - 12.6.1.1-CenterX
2023-07-09 17:48:02,595 - root - DEBUG - 12.6.1.2-CenterY
2023-07-09 17:48:02,595 - root - DEBUG - 12.6.1.3-RangeFrom
2023-07-09 17:48:02,595 - root - DEBUG - 12.6.1.4-RangeTo
2023-07-09 17:48:02,595 - root - DEBUG - 12.6.1.5-PointerImageIndex
2023-07-09 17:48:02,595 - root - DEBUG - 12.6.1.6-PointerCenterOfRotationY
2023-07-09 17:48:02,595 - root - DEBUG - 20-TimeAnalog
2023-07-09 17:48:02,595 - root - DEBUG - 20.2-CommonCenterCoordinates
2023-07-09 17:48:02,595 - root - DEBUG - 20.2.1-X
2023-07-09 17:48:02,595 - root - DEBUG - 20.2.2-Y
2023-07-09 17:48:02,595 - root - DEBUG - 20.3-Hours
2023-07-09 17:48:02,595 - root - DEBUG - 20.3.1-ImageIndex
2023-07-09 17:48:02,595 - root - DEBUG - 20.3.2-PointerCenterOfRotationY
2023-07-09 17:48:02,595 - root - DEBUG - 20.4-Minutes
2023-07-09 17:48:02,595 - root - DEBUG - 20.4.1-ImageIndex
2023-07-09 17:48:02,595 - root - DEBUG - 20.4.2-PointerCenterOfRotationY
2023-07-09 17:48:02,595 - root - DEBUG - 20.5-Seconds
2023-07-09 17:48:02,595 - root - DEBUG - 20.5.1-ImageIndex
2023-07-09 17:48:02,595 - root - DEBUG - 20.5.2-PointerCenterOfRotationY
2023-07-09 17:48:02,595 - root - DEBUG - 23-PaiProgress
2023-07-09 17:48:02,595 - root - DEBUG - 23.4-Alt1PointerScale
2023-07-09 17:48:02,595 - root - DEBUG - 23.4.1-PointerScale
2023-07-09 17:48:02,595 - root - DEBUG - 23.4.1.1-CenterX
2023-07-09 17:48:02,595 - root - DEBUG - 23.4.1.2-CenterY
2023-07-09 17:48:02,595 - root - DEBUG - 23.4.1.3-RangeFrom
2023-07-09 17:48:02,595 - root - DEBUG - 23.4.1.4-RangeTo
2023-07-09 17:48:02,595 - root - DEBUG - 23.4.1.5-PointerImageIndex
2023-07-09 17:48:02,595 - root - DEBUG - 23.4.1.6-PointerCenterOfRotationY
2023-07-09 17:48:02,595 - root - DEBUG - generatePreviews
2023-07-09 17:48:02,611 - root - DEBUG - Generating previews...
2023-07-09 17:48:02,611 - root - DEBUG - Generating states done...
2023-07-09 17:48:02,611 - root - DEBUG - >>>>>>>>>>>> 0 <watchFaceParser.models.parameter.Parameter object at 0x00000186D61CC250>
2023-07-09 17:48:02,611 - root - DEBUG - >>>>>>>>>>>> 2 <watchFaceParser.models.parameter.Parameter object at 0x00000186D61C97C0>
2023-07-09 17:48:02,626 - root - DEBUG - >>>>>>>>>>>> 4 <watchFaceParser.models.parameter.Parameter object at 0x00000186D61C9970>
2023-07-09 17:48:02,642 - root - DEBUG - >>>>>>>>>>>> 5 <watchFaceParser.models.parameter.Parameter object at 0x00000186D61CB6A0>
2023-07-09 17:48:02,642 - root - DEBUG - >>>>>>>>>>>> 12 <watchFaceParser.models.parameter.Parameter object at 0x00000186D61CB610>
2023-07-09 17:48:02,642 - root - DEBUG - >>>>>>>>>>>> 20 <watchFaceParser.models.parameter.Parameter object at 0x00000186D61CBC70>
2023-07-09 17:48:02,658 - root - DEBUG - >>>>>>>>>>>> 23 <watchFaceParser.models.parameter.Parameter object at 0x00000186D61CBC40>
2023-07-09 17:48:02,705 - root - DEBUG - Generating static preview gen done...
2023-07-09 17:48:02,783 - root - DEBUG - Generating static preview save done...
2023-07-09 17:48:02,783 - root - DEBUG - Generating anim preview gen done...
2023-07-09 17:48:02,783 - root - DEBUG - >>>>>>>>>>>> 0 <watchFaceParser.models.parameter.Parameter object at 0x00000186D61CC250>
2023-07-09 17:48:02,783 - root - DEBUG - >>>>>>>>>>>> 2 <watchFaceParser.models.parameter.Parameter object at 0x00000186D61C97C0>
2023-07-09 17:48:02,783 - root - DEBUG - >>>>>>>>>>>> 4 <watchFaceParser.models.parameter.Parameter object at 0x00000186D61C9970>
2023-07-09 17:48:02,783 - root - DEBUG - >>>>>>>>>>>> 5 <watchFaceParser.models.parameter.Parameter object at 0x00000186D61CB6A0>
2023-07-09 17:48:02,783 - root - DEBUG - >>>>>>>>>>>> 12 <watchFaceParser.models.parameter.Parameter object at 0x00000186D61CB610>
2023-07-09 17:48:02,783 - root - DEBUG - >>>>>>>>>>>> 20 <watchFaceParser.models.parameter.Parameter object at 0x00000186D61CBC70>
2023-07-09 17:48:02,783 - root - DEBUG - >>>>>>>>>>>> 23 <watchFaceParser.models.parameter.Parameter object at 0x00000186D61CBC40>
2023-07-09 17:48:03,455 - root - DEBUG - generatePreviews done
2023-07-09 17:48:03,455 - root - DEBUG - Exporting resources to 'E:\Codez\zepp-bip3-wf\3a0b16e4d9d88b336ff9d0ae1d3d1364'
2023-07-09 17:48:03,455 - root - DEBUG - extracting E:\Codez\zepp-bip3-wf\3a0b16e4d9d88b336ff9d0ae1d3d1364\0000.png...
2023-07-09 17:48:03,470 - root - DEBUG - extracting E:\Codez\zepp-bip3-wf\3a0b16e4d9d88b336ff9d0ae1d3d1364\0001.png...
2023-07-09 17:48:03,470 - root - DEBUG - extracting E:\Codez\zepp-bip3-wf\3a0b16e4d9d88b336ff9d0ae1d3d1364\0002.png...
2023-07-09 17:48:03,486 - root - DEBUG - extracting E:\Codez\zepp-bip3-wf\3a0b16e4d9d88b336ff9d0ae1d3d1364\0003.png...
2023-07-09 17:48:03,486 - root - DEBUG - extracting E:\Codez\zepp-bip3-wf\3a0b16e4d9d88b336ff9d0ae1d3d1364\0004.png...
2023-07-09 17:48:03,486 - root - DEBUG - extracting E:\Codez\zepp-bip3-wf\3a0b16e4d9d88b336ff9d0ae1d3d1364\0005.png...
2023-07-09 17:48:03,486 - root - DEBUG - extracting E:\Codez\zepp-bip3-wf\3a0b16e4d9d88b336ff9d0ae1d3d1364\0006.png...
2023-07-09 17:48:03,486 - root - DEBUG - extracting E:\Codez\zepp-bip3-wf\3a0b16e4d9d88b336ff9d0ae1d3d1364\0007.png...
2023-07-09 17:48:03,486 - root - DEBUG - extracting E:\Codez\zepp-bip3-wf\3a0b16e4d9d88b336ff9d0ae1d3d1364\0008.png...
2023-07-09 17:48:03,486 - root - DEBUG - extracting E:\Codez\zepp-bip3-wf\3a0b16e4d9d88b336ff9d0ae1d3d1364\0009.png...
2023-07-09 17:48:03,486 - root - DEBUG - extracting E:\Codez\zepp-bip3-wf\3a0b16e4d9d88b336ff9d0ae1d3d1364\0010.png...
2023-07-09 17:48:03,486 - root - DEBUG - extracting E:\Codez\zepp-bip3-wf\3a0b16e4d9d88b336ff9d0ae1d3d1364\0011.png...
2023-07-09 17:48:03,486 - root - DEBUG - extracting E:\Codez\zepp-bip3-wf\3a0b16e4d9d88b336ff9d0ae1d3d1364\0012.png...
2023-07-09 17:48:03,486 - root - DEBUG - extracting E:\Codez\zepp-bip3-wf\3a0b16e4d9d88b336ff9d0ae1d3d1364\0013.png...
2023-07-09 17:48:03,486 - root - DEBUG - extracting E:\Codez\zepp-bip3-wf\3a0b16e4d9d88b336ff9d0ae1d3d1364\0014.png...
2023-07-09 17:48:03,486 - root - DEBUG - extracting E:\Codez\zepp-bip3-wf\3a0b16e4d9d88b336ff9d0ae1d3d1364\0015.png...
2023-07-09 17:48:03,486 - root - DEBUG - extracting E:\Codez\zepp-bip3-wf\3a0b16e4d9d88b336ff9d0ae1d3d1364\0016.png...
2023-07-09 17:48:03,501 - root - DEBUG - extracting E:\Codez\zepp-bip3-wf\3a0b16e4d9d88b336ff9d0ae1d3d1364\0017.png...
2023-07-09 17:48:03,501 - root - DEBUG - Exporting config...
