2023-07-09 17:47:57,805 - root - DEBUG - Opening watch face 'E:\Codez\zepp-bip3-wf\37a8d4a16ea548d7fedb72a645479c95.bin'
2023-07-09 17:47:57,805 - root - DEBUG - Reading parameters...
2023-07-09 17:47:57,805 - root - INFO - Reading header...
2023-07-09 17:47:57,805 - root - INFO - Header was read:
2023-07-09 17:47:57,805 - root - INFO - Signature: b'UIHH\x01\x00\xff', Unknown: 103, ParametersSize: 46, isValid: True, deviceId: 71
2023-07-09 17:47:57,805 - root - INFO - Reading parameter offsets...
2023-07-09 17:47:57,805 - root - INFO - Parameter offsets were read from file
2023-07-09 17:47:57,805 - root - INFO - Reading parameters descriptor...
2023-07-09 17:47:57,805 - root - INFO - 1 ( A): 5 bytes
2023-07-09 17:47:57,805 - root - INFO -     1 ( 8): 279 117
2023-07-09 17:47:57,805 - root - INFO -     2 (10): 85 55
2023-07-09 17:47:57,805 - root - INFO - getParameters descriptor was read:
2023-07-09 17:47:57,805 - root - INFO - ParametersTableLength: 279, ImagesCount: 85
2023-07-09 17:47:57,805 - root - INFO - Reading parameters locations...
2023-07-09 17:47:57,820 - root - INFO - 2 (12): 4 bytes
2023-07-09 17:47:57,820 - root - INFO -     1 ( 8): 0  0
2023-07-09 17:47:57,820 - root - INFO -     2 (10): 16 10
2023-07-09 17:47:57,820 - root - INFO - 3 (1A): 4 bytes
2023-07-09 17:47:57,820 - root - INFO -     1 ( 8): 16 10
2023-07-09 17:47:57,820 - root - INFO -     2 (10): 83 53
2023-07-09 17:47:57,820 - root - INFO - 4 (22): 5 bytes
2023-07-09 17:47:57,820 - root - INFO -     1 ( 8): 129 81
2023-07-09 17:47:57,820 - root - INFO -     2 (10): 103 67
2023-07-09 17:47:57,820 - root - INFO - 5 (2A): 4 bytes
2023-07-09 17:47:57,820 - root - INFO -     1 ( 8): 99 63
2023-07-09 17:47:57,820 - root - INFO -     2 (10): 30 1E
2023-07-09 17:47:57,820 - root - INFO - 7 (3A): 5 bytes
2023-07-09 17:47:57,820 - root - INFO -     1 ( 8): 232 E8
2023-07-09 17:47:57,820 - root - INFO -     2 (10): 10  A
2023-07-09 17:47:57,820 - root - INFO - 9 (4A): 5 bytes
2023-07-09 17:47:57,820 - root - INFO -     1 ( 8): 242 F2
2023-07-09 17:47:57,820 - root - INFO -     2 (10): 37 25
2023-07-09 17:47:57,820 - root - INFO - Watch face parameters locations were read:
2023-07-09 17:47:57,820 - root - INFO - Reading descriptor for parameter 2
2023-07-09 17:47:57,820 - root - INFO - Descriptor offset: 0, Descriptor length: 16
2023-07-09 17:47:57,820 - root - INFO - Parsing descriptor for parameter 2...
2023-07-09 17:47:57,820 - root - INFO - 1 ( A): 6 bytes
2023-07-09 17:47:57,820 - root - INFO -     1 ( 8): 0  0
2023-07-09 17:47:57,820 - root - INFO -     2 (10): 0  0
2023-07-09 17:47:57,820 - root - INFO -     3 (18): 1  1
2023-07-09 17:47:57,820 - root - INFO - 3 (1A): 6 bytes
2023-07-09 17:47:57,820 - root - INFO -     1 ( 8): 0  0
2023-07-09 17:47:57,820 - root - INFO -     2 (10): 0  0
2023-07-09 17:47:57,820 - root - INFO -     3 (18): 0  0
2023-07-09 17:47:57,820 - root - INFO - Reading descriptor for parameter 3
2023-07-09 17:47:57,820 - root - INFO - Descriptor offset: 16, Descriptor length: 83
2023-07-09 17:47:57,820 - root - INFO - Parsing descriptor for parameter 3...
2023-07-09 17:47:57,820 - root - INFO - 1 ( A): 81 bytes
2023-07-09 17:47:57,820 - root - INFO -     1 ( A): 20 bytes
2023-07-09 17:47:57,820 - root - INFO -         1 ( A): 8 bytes
2023-07-09 17:47:57,820 - root - INFO -             1 ( 8): 17 11
2023-07-09 17:47:57,820 - root - INFO -             2 (10): 123 7B
2023-07-09 17:47:57,820 - root - INFO -             3 (18): 2  2
2023-07-09 17:47:57,820 - root - INFO -             4 (20): 10  A
2023-07-09 17:47:57,820 - root - INFO -         2 (12): 8 bytes
2023-07-09 17:47:57,820 - root - INFO -             1 ( 8): 50 32
2023-07-09 17:47:57,820 - root - INFO -             2 (10): 123 7B
2023-07-09 17:47:57,820 - root - INFO -             3 (18): 2  2
2023-07-09 17:47:57,820 - root - INFO -             4 (20): 10  A
2023-07-09 17:47:57,820 - root - INFO -     2 (12): 21 bytes
2023-07-09 17:47:57,820 - root - INFO -         1 ( A): 8 bytes
2023-07-09 17:47:57,820 - root - INFO -             1 ( 8): 108 6C
2023-07-09 17:47:57,820 - root - INFO -             2 (10): 123 7B
2023-07-09 17:47:57,820 - root - INFO -             3 (18): 2  2
2023-07-09 17:47:57,820 - root - INFO -             4 (20): 10  A
2023-07-09 17:47:57,820 - root - INFO -         2 (12): 9 bytes
2023-07-09 17:47:57,820 - root - INFO -             1 ( 8): 141 8D
2023-07-09 17:47:57,820 - root - INFO -             2 (10): 123 7B
2023-07-09 17:47:57,820 - root - INFO -             3 (18): 2  2
2023-07-09 17:47:57,820 - root - INFO -             4 (20): 10  A
2023-07-09 17:47:57,820 - root - INFO -     3 (1A): 22 bytes
2023-07-09 17:47:57,820 - root - INFO -         1 ( A): 9 bytes
2023-07-09 17:47:57,820 - root - INFO -             1 ( 8): 190 BE
2023-07-09 17:47:57,820 - root - INFO -             2 (10): 125 7D
2023-07-09 17:47:57,820 - root - INFO -             3 (18): 12  C
2023-07-09 17:47:57,820 - root - INFO -             4 (20): 10  A
2023-07-09 17:47:57,820 - root - INFO -         2 (12): 9 bytes
2023-07-09 17:47:57,820 - root - INFO -             1 ( 8): 206 CE
2023-07-09 17:47:57,820 - root - INFO -             2 (10): 125 7D
2023-07-09 17:47:57,820 - root - INFO -             3 (18): 12  C
2023-07-09 17:47:57,820 - root - INFO -             4 (20): 10  A
2023-07-09 17:47:57,820 - root - INFO -     5 (2A): 6 bytes
2023-07-09 17:47:57,820 - root - INFO -         1 ( 8): 85 55
2023-07-09 17:47:57,820 - root - INFO -         2 (10): 123 7B
2023-07-09 17:47:57,820 - root - INFO -         3 (18): 22 16
2023-07-09 17:47:57,820 - root - INFO -     7 (38): 0  0
2023-07-09 17:47:57,820 - root - INFO -     8 (40): 1  1
2023-07-09 17:47:57,820 - root - INFO - Reading descriptor for parameter 4
2023-07-09 17:47:57,820 - root - INFO - Descriptor offset: 129, Descriptor length: 103
2023-07-09 17:47:57,820 - root - INFO - Parsing descriptor for parameter 4...
2023-07-09 17:47:57,820 - root - INFO - 1 ( A): 22 bytes
2023-07-09 17:47:57,820 - root - INFO -     1 ( A): 18 bytes
2023-07-09 17:47:57,820 - root - INFO -         1 ( 8): 32 20
2023-07-09 17:47:57,820 - root - INFO -         2 (10): 77 4D
2023-07-09 17:47:57,820 - root - INFO -         3 (18): 112 70
2023-07-09 17:47:57,820 - root - INFO -         4 (20): 88 58
2023-07-09 17:47:57,820 - root - INFO -         5 (28): 66 42
2023-07-09 17:47:57,820 - root - INFO -         6 (30): 0  0
2023-07-09 17:47:57,820 - root - INFO -         7 (38): 0  0
2023-07-09 17:47:57,820 - root - INFO -         8 (40): 32 20
2023-07-09 17:47:57,820 - root - INFO -         9 (48): 10  A
2023-07-09 17:47:57,820 - root - INFO -     7 (38): 42 2A
2023-07-09 17:47:57,820 - root - INFO - 3 (1A): 24 bytes
2023-07-09 17:47:57,820 - root - INFO -     1 ( A): 22 bytes
2023-07-09 17:47:57,820 - root - INFO -         1 ( 8): 180 B4
2023-07-09 17:47:57,820 - root - INFO -         2 (10): 196 C4
2023-07-09 17:47:57,820 - root - INFO -         3 (18): 213 D5
2023-07-09 17:47:57,820 - root - INFO -         4 (20): 211 D3
2023-07-09 17:47:57,820 - root - INFO -         5 (28): 72 48
2023-07-09 17:47:57,820 - root - INFO -         6 (30): 0  0
2023-07-09 17:47:57,820 - root - INFO -         7 (38): 0  0
2023-07-09 17:47:57,820 - root - INFO -         8 (40): 43 2B
2023-07-09 17:47:57,820 - root - INFO -         9 (48): 10  A
2023-07-09 17:47:57,820 - root - INFO - 4 (22): 25 bytes
2023-07-09 17:47:57,820 - root - INFO -     1 ( A): 21 bytes
2023-07-09 17:47:57,820 - root - INFO -         1 ( 8): 103 67
2023-07-09 17:47:57,820 - root - INFO -         2 (10): 196 C4
2023-07-09 17:47:57,820 - root - INFO -         3 (18): 137 89
2023-07-09 17:47:57,820 - root - INFO -         4 (20): 211 D3
2023-07-09 17:47:57,836 - root - INFO -         5 (28): 72 48
2023-07-09 17:47:57,836 - root - INFO -         6 (30): 1  1
2023-07-09 17:47:57,836 - root - INFO -         7 (38): 0  0
2023-07-09 17:47:57,836 - root - INFO -         8 (40): 43 2B
2023-07-09 17:47:57,836 - root - INFO -         9 (48): 10  A
2023-07-09 17:47:57,836 - root - INFO -     3 (18): 53 35
2023-07-09 17:47:57,836 - root - INFO - 6 (32): 22 bytes
2023-07-09 17:47:57,836 - root - INFO -     1 ( A): 20 bytes
2023-07-09 17:47:57,836 - root - INFO -         1 ( 8): 33 21
2023-07-09 17:47:57,836 - root - INFO -         2 (10): 196 C4
2023-07-09 17:47:57,836 - root - INFO -         3 (18): 55 37
2023-07-09 17:47:57,836 - root - INFO -         4 (20): 211 D3
2023-07-09 17:47:57,836 - root - INFO -         5 (28): 72 48
2023-07-09 17:47:57,836 - root - INFO -         6 (30): 1  1
2023-07-09 17:47:57,836 - root - INFO -         7 (38): 0  0
2023-07-09 17:47:57,836 - root - INFO -         8 (40): 43 2B
2023-07-09 17:47:57,836 - root - INFO -         9 (48): 10  A
2023-07-09 17:47:57,836 - root - INFO - 7 (38): 0  0
2023-07-09 17:47:57,836 - root - INFO - Reading descriptor for parameter 5
2023-07-09 17:47:57,836 - root - INFO - Descriptor offset: 99, Descriptor length: 30
2023-07-09 17:47:57,836 - root - INFO - Parsing descriptor for parameter 5...
2023-07-09 17:47:57,836 - root - INFO - 1 ( A): 6 bytes
2023-07-09 17:47:57,836 - root - INFO -     4 (20): 1  1
2023-07-09 17:47:57,836 - root - INFO -     5 (28): 1  1
2023-07-09 17:47:57,836 - root - INFO -     6 (30): 0  0
2023-07-09 17:47:57,836 - root - INFO - 2 (12): 10 bytes
2023-07-09 17:47:57,836 - root - INFO -     1 ( 8): 190 BE
2023-07-09 17:47:57,836 - root - INFO -     2 (10): 151 97
2023-07-09 17:47:57,836 - root - INFO -     5 (28): 30 1E
2023-07-09 17:47:57,836 - root - INFO -     6 (30): 31 1F
2023-07-09 17:47:57,836 - root - INFO - 4 (22): 8 bytes
2023-07-09 17:47:57,836 - root - INFO -     1 ( 8): 18 12
2023-07-09 17:47:57,836 - root - INFO -     2 (10): 18 12
2023-07-09 17:47:57,836 - root - INFO -     3 (18): 23 17
2023-07-09 17:47:57,836 - root - INFO -     4 (20): 7  7
2023-07-09 17:47:57,836 - root - INFO - Reading descriptor for parameter 7
2023-07-09 17:47:57,836 - root - INFO - Descriptor offset: 232, Descriptor length: 10
2023-07-09 17:47:57,836 - root - INFO - Parsing descriptor for parameter 7...
2023-07-09 17:47:57,836 - root - INFO - 2 (12): 8 bytes
2023-07-09 17:47:57,836 - root - INFO -     1 ( 8): 19 13
2023-07-09 17:47:57,836 - root - INFO -     2 (10): 97 61
2023-07-09 17:47:57,836 - root - INFO -     3 (18): 54 36
2023-07-09 17:47:57,836 - root - INFO -     4 (20): 20 14
2023-07-09 17:47:57,836 - root - INFO - Reading descriptor for parameter 9
2023-07-09 17:47:57,836 - root - INFO - Descriptor offset: 242, Descriptor length: 37
2023-07-09 17:47:57,836 - root - INFO - Parsing descriptor for parameter 9...
2023-07-09 17:47:57,836 - root - INFO - 1 ( A): 24 bytes
2023-07-09 17:47:57,836 - root - INFO -     1 ( A): 20 bytes
2023-07-09 17:47:57,836 - root - INFO -         1 ( 8): 193 C1
2023-07-09 17:47:57,836 - root - INFO -         2 (10): 76 4C
2023-07-09 17:47:57,836 - root - INFO -         3 (18): 211 D3
2023-07-09 17:47:57,836 - root - INFO -         4 (20): 87 57
2023-07-09 17:47:57,836 - root - INFO -         5 (28): 18 12
2023-07-09 17:47:57,836 - root - INFO -         6 (30): 0  0
2023-07-09 17:47:57,836 - root - INFO -         7 (38): 0  0
2023-07-09 17:47:57,836 - root - INFO -         8 (40): 32 20
2023-07-09 17:47:57,836 - root - INFO -         9 (48): 10  A
2023-07-09 17:47:57,836 - root - INFO -     4 (20): 74 4A
2023-07-09 17:47:57,836 - root - INFO - 2 (12): 9 bytes
2023-07-09 17:47:57,836 - root - INFO -     1 ( 8): 151 97
2023-07-09 17:47:57,836 - root - INFO -     2 (10): 65 41
2023-07-09 17:47:57,836 - root - INFO -     3 (18): 75 4B
2023-07-09 17:47:57,836 - root - INFO -     4 (20): 10  A
2023-07-09 17:47:57,836 - root - INFO - Reading resources offsets table with 85 elements (340 bytes)
2023-07-09 17:47:57,852 - root - INFO - Resource 0 offset: 752, length: 51224...
2023-07-09 17:47:57,852 - root - DEBUG - Reading resource 0...
2023-07-09 17:47:57,899 - root - INFO - The image is bmc.
2023-07-09 17:47:57,899 - root - INFO - Reading image header(readHeader16C)...
2023-07-09 17:47:57,899 - root - INFO - Image header was read:
2023-07-09 17:47:57,899 - root - INFO - Width: 148, Height: 173, RowLength: 296
2023-07-09 17:47:57,899 - root - INFO - _step: 2, unknown2: 0,
2023-07-09 17:47:57,899 - root - INFO - BPP: 16, Transparency: False
2023-07-09 17:47:58,055 - root - INFO - Resource 1 offset: 51976, length: 134416...
2023-07-09 17:47:58,055 - root - DEBUG - Reading resource 1...
2023-07-09 17:47:58,055 - root - INFO - The image is bmc.
2023-07-09 17:47:58,055 - root - INFO - Reading image header(readHeader16C)...
2023-07-09 17:47:58,055 - root - INFO - Image header was read:
2023-07-09 17:47:58,055 - root - INFO - Width: 240, Height: 280, RowLength: 480
2023-07-09 17:47:58,055 - root - INFO - _step: 2, unknown2: 0,
2023-07-09 17:47:58,055 - root - INFO - BPP: 16, Transparency: False
2023-07-09 17:47:58,445 - root - INFO - Resource 2 offset: 186392, length: 1832...
2023-07-09 17:47:58,461 - root - DEBUG - Reading resource 2...
2023-07-09 17:47:58,461 - root - INFO - The image is bme.
2023-07-09 17:47:58,461 - root - INFO - Reading image header(readHeader16E)...
2023-07-09 17:47:58,461 - root - INFO - Image header was read:
2023-07-09 17:47:58,461 - root - INFO - Width: 31, Height: 45, RowLength: 62
2023-07-09 17:47:58,461 - root - INFO - datalength: 1816, _step: 2
2023-07-09 17:47:58,461 - root - INFO - BPP: 16, Transparency: False
2023-07-09 17:47:58,461 - root - INFO - Resource 3 offset: 188224, length: 892...
2023-07-09 17:47:58,461 - root - DEBUG - Reading resource 3...
2023-07-09 17:47:58,461 - root - INFO - The image is bme.
2023-07-09 17:47:58,461 - root - INFO - Reading image header(readHeader16E)...
2023-07-09 17:47:58,461 - root - INFO - Image header was read:
2023-07-09 17:47:58,461 - root - INFO - Width: 31, Height: 45, RowLength: 62
2023-07-09 17:47:58,461 - root - INFO - datalength: 876, _step: 2
2023-07-09 17:47:58,461 - root - INFO - BPP: 16, Transparency: False
2023-07-09 17:47:58,461 - root - INFO - Resource 4 offset: 189116, length: 1508...
2023-07-09 17:47:58,461 - root - DEBUG - Reading resource 4...
2023-07-09 17:47:58,461 - root - INFO - The image is bme.
2023-07-09 17:47:58,461 - root - INFO - Reading image header(readHeader16E)...
2023-07-09 17:47:58,461 - root - INFO - Image header was read:
2023-07-09 17:47:58,461 - root - INFO - Width: 31, Height: 45, RowLength: 62
2023-07-09 17:47:58,461 - root - INFO - datalength: 1492, _step: 2
2023-07-09 17:47:58,461 - root - INFO - BPP: 16, Transparency: False
2023-07-09 17:47:58,461 - root - INFO - Resource 5 offset: 190624, length: 1498...
2023-07-09 17:47:58,461 - root - DEBUG - Reading resource 5...
2023-07-09 17:47:58,461 - root - INFO - The image is bme.
2023-07-09 17:47:58,461 - root - INFO - Reading image header(readHeader16E)...
2023-07-09 17:47:58,461 - root - INFO - Image header was read:
2023-07-09 17:47:58,461 - root - INFO - Width: 31, Height: 45, RowLength: 62
2023-07-09 17:47:58,461 - root - INFO - datalength: 1482, _step: 2
2023-07-09 17:47:58,461 - root - INFO - BPP: 16, Transparency: False
2023-07-09 17:47:58,477 - root - INFO - Resource 6 offset: 192122, length: 1468...
2023-07-09 17:47:58,477 - root - DEBUG - Reading resource 6...
2023-07-09 17:47:58,477 - root - INFO - The image is bme.
2023-07-09 17:47:58,477 - root - INFO - Reading image header(readHeader16E)...
2023-07-09 17:47:58,477 - root - INFO - Image header was read:
2023-07-09 17:47:58,477 - root - INFO - Width: 31, Height: 45, RowLength: 62
2023-07-09 17:47:58,477 - root - INFO - datalength: 1452, _step: 2
2023-07-09 17:47:58,477 - root - INFO - BPP: 16, Transparency: False
2023-07-09 17:47:58,477 - root - INFO - Resource 7 offset: 193590, length: 1544...
2023-07-09 17:47:58,477 - root - DEBUG - Reading resource 7...
2023-07-09 17:47:58,477 - root - INFO - The image is bme.
2023-07-09 17:47:58,477 - root - INFO - Reading image header(readHeader16E)...
2023-07-09 17:47:58,477 - root - INFO - Image header was read:
2023-07-09 17:47:58,477 - root - INFO - Width: 31, Height: 45, RowLength: 62
2023-07-09 17:47:58,477 - root - INFO - datalength: 1528, _step: 2
2023-07-09 17:47:58,477 - root - INFO - BPP: 16, Transparency: False
2023-07-09 17:47:58,477 - root - INFO - Resource 8 offset: 195134, length: 1890...
2023-07-09 17:47:58,477 - root - DEBUG - Reading resource 8...
2023-07-09 17:47:58,477 - root - INFO - The image is bme.
2023-07-09 17:47:58,477 - root - INFO - Reading image header(readHeader16E)...
2023-07-09 17:47:58,477 - root - INFO - Image header was read:
2023-07-09 17:47:58,477 - root - INFO - Width: 31, Height: 45, RowLength: 62
2023-07-09 17:47:58,477 - root - INFO - datalength: 1874, _step: 2
2023-07-09 17:47:58,477 - root - INFO - BPP: 16, Transparency: False
2023-07-09 17:47:58,492 - root - INFO - Resource 9 offset: 197024, length: 1070...
2023-07-09 17:47:58,492 - root - DEBUG - Reading resource 9...
2023-07-09 17:47:58,492 - root - INFO - The image is bme.
2023-07-09 17:47:58,492 - root - INFO - Reading image header(readHeader16E)...
2023-07-09 17:47:58,492 - root - INFO - Image header was read:
2023-07-09 17:47:58,492 - root - INFO - Width: 31, Height: 45, RowLength: 62
2023-07-09 17:47:58,492 - root - INFO - datalength: 1054, _step: 2
2023-07-09 17:47:58,492 - root - INFO - BPP: 16, Transparency: False
2023-07-09 17:47:58,492 - root - INFO - Resource 10 offset: 198094, length: 1844...
2023-07-09 17:47:58,492 - root - DEBUG - Reading resource 10...
2023-07-09 17:47:58,492 - root - INFO - The image is bme.
2023-07-09 17:47:58,492 - root - INFO - Reading image header(readHeader16E)...
2023-07-09 17:47:58,492 - root - INFO - Image header was read:
2023-07-09 17:47:58,492 - root - INFO - Width: 31, Height: 45, RowLength: 62
2023-07-09 17:47:58,492 - root - INFO - datalength: 1828, _step: 2
2023-07-09 17:47:58,492 - root - INFO - BPP: 16, Transparency: False
2023-07-09 17:47:58,492 - root - INFO - Resource 11 offset: 199938, length: 1854...
2023-07-09 17:47:58,492 - root - DEBUG - Reading resource 11...
2023-07-09 17:47:58,492 - root - INFO - The image is bme.
2023-07-09 17:47:58,492 - root - INFO - Reading image header(readHeader16E)...
2023-07-09 17:47:58,492 - root - INFO - Image header was read:
2023-07-09 17:47:58,492 - root - INFO - Width: 31, Height: 45, RowLength: 62
2023-07-09 17:47:58,492 - root - INFO - datalength: 1838, _step: 2
2023-07-09 17:47:58,492 - root - INFO - BPP: 16, Transparency: False
2023-07-09 17:47:58,508 - root - INFO - Resource 12 offset: 201792, length: 576...
2023-07-09 17:47:58,508 - root - DEBUG - Reading resource 12...
2023-07-09 17:47:58,508 - root - INFO - The image is bme.
2023-07-09 17:47:58,508 - root - INFO - Reading image header(readHeader16E)...
2023-07-09 17:47:58,508 - root - INFO - Image header was read:
2023-07-09 17:47:58,508 - root - INFO - Width: 17, Height: 21, RowLength: 34
2023-07-09 17:47:58,508 - root - INFO - datalength: 560, _step: 2
2023-07-09 17:47:58,508 - root - INFO - BPP: 16, Transparency: False
2023-07-09 17:47:58,508 - root - INFO - Resource 13 offset: 202368, length: 336...
2023-07-09 17:47:58,508 - root - DEBUG - Reading resource 13...
2023-07-09 17:47:58,508 - root - INFO - The image is bme.
2023-07-09 17:47:58,508 - root - INFO - Reading image header(readHeader16E)...
2023-07-09 17:47:58,508 - root - INFO - Image header was read:
2023-07-09 17:47:58,508 - root - INFO - Width: 17, Height: 21, RowLength: 34
2023-07-09 17:47:58,508 - root - INFO - datalength: 320, _step: 2
2023-07-09 17:47:58,508 - root - INFO - BPP: 16, Transparency: False
2023-07-09 17:47:58,508 - root - INFO - Resource 14 offset: 202704, length: 486...
2023-07-09 17:47:58,508 - root - DEBUG - Reading resource 14...
2023-07-09 17:47:58,508 - root - INFO - The image is bme.
2023-07-09 17:47:58,508 - root - INFO - Reading image header(readHeader16E)...
2023-07-09 17:47:58,508 - root - INFO - Image header was read:
2023-07-09 17:47:58,508 - root - INFO - Width: 17, Height: 21, RowLength: 34
2023-07-09 17:47:58,508 - root - INFO - datalength: 470, _step: 2
2023-07-09 17:47:58,508 - root - INFO - BPP: 16, Transparency: False
2023-07-09 17:47:58,508 - root - INFO - Resource 15 offset: 203190, length: 482...
2023-07-09 17:47:58,508 - root - DEBUG - Reading resource 15...
2023-07-09 17:47:58,508 - root - INFO - The image is bme.
2023-07-09 17:47:58,508 - root - INFO - Reading image header(readHeader16E)...
2023-07-09 17:47:58,508 - root - INFO - Image header was read:
2023-07-09 17:47:58,508 - root - INFO - Width: 17, Height: 21, RowLength: 34
2023-07-09 17:47:58,508 - root - INFO - datalength: 466, _step: 2
2023-07-09 17:47:58,508 - root - INFO - BPP: 16, Transparency: False
2023-07-09 17:47:58,508 - root - INFO - Resource 16 offset: 203672, length: 466...
2023-07-09 17:47:58,508 - root - DEBUG - Reading resource 16...
2023-07-09 17:47:58,508 - root - INFO - The image is bme.
2023-07-09 17:47:58,508 - root - INFO - Reading image header(readHeader16E)...
2023-07-09 17:47:58,508 - root - INFO - Image header was read:
2023-07-09 17:47:58,508 - root - INFO - Width: 17, Height: 21, RowLength: 34
2023-07-09 17:47:58,508 - root - INFO - datalength: 450, _step: 2
2023-07-09 17:47:58,508 - root - INFO - BPP: 16, Transparency: False
2023-07-09 17:47:58,508 - root - INFO - Resource 17 offset: 204138, length: 500...
2023-07-09 17:47:58,508 - root - DEBUG - Reading resource 17...
2023-07-09 17:47:58,508 - root - INFO - The image is bme.
2023-07-09 17:47:58,524 - root - INFO - Reading image header(readHeader16E)...
2023-07-09 17:47:58,524 - root - INFO - Image header was read:
2023-07-09 17:47:58,524 - root - INFO - Width: 17, Height: 21, RowLength: 34
2023-07-09 17:47:58,524 - root - INFO - datalength: 484, _step: 2
2023-07-09 17:47:58,524 - root - INFO - BPP: 16, Transparency: False
2023-07-09 17:47:58,524 - root - INFO - Resource 18 offset: 204638, length: 616...
2023-07-09 17:47:58,524 - root - DEBUG - Reading resource 18...
2023-07-09 17:47:58,524 - root - INFO - The image is bme.
2023-07-09 17:47:58,524 - root - INFO - Reading image header(readHeader16E)...
2023-07-09 17:47:58,524 - root - INFO - Image header was read:
2023-07-09 17:47:58,524 - root - INFO - Width: 17, Height: 21, RowLength: 34
2023-07-09 17:47:58,524 - root - INFO - datalength: 600, _step: 2
2023-07-09 17:47:58,524 - root - INFO - BPP: 16, Transparency: False
2023-07-09 17:47:58,524 - root - INFO - Resource 19 offset: 205254, length: 370...
2023-07-09 17:47:58,524 - root - DEBUG - Reading resource 19...
2023-07-09 17:47:58,524 - root - INFO - The image is bme.
2023-07-09 17:47:58,524 - root - INFO - Reading image header(readHeader16E)...
2023-07-09 17:47:58,524 - root - INFO - Image header was read:
2023-07-09 17:47:58,524 - root - INFO - Width: 17, Height: 21, RowLength: 34
2023-07-09 17:47:58,524 - root - INFO - datalength: 354, _step: 2
2023-07-09 17:47:58,524 - root - INFO - BPP: 16, Transparency: False
2023-07-09 17:47:58,524 - root - INFO - Resource 20 offset: 205624, length: 584...
2023-07-09 17:47:58,524 - root - DEBUG - Reading resource 20...
2023-07-09 17:47:58,524 - root - INFO - The image is bme.
2023-07-09 17:47:58,524 - root - INFO - Reading image header(readHeader16E)...
2023-07-09 17:47:58,524 - root - INFO - Image header was read:
2023-07-09 17:47:58,524 - root - INFO - Width: 17, Height: 21, RowLength: 34
2023-07-09 17:47:58,524 - root - INFO - datalength: 568, _step: 2
2023-07-09 17:47:58,524 - root - INFO - BPP: 16, Transparency: False
2023-07-09 17:47:58,524 - root - INFO - Resource 21 offset: 206208, length: 616...
2023-07-09 17:47:58,524 - root - DEBUG - Reading resource 21...
2023-07-09 17:47:58,524 - root - INFO - The image is bme.
2023-07-09 17:47:58,524 - root - INFO - Reading image header(readHeader16E)...
2023-07-09 17:47:58,524 - root - INFO - Image header was read:
2023-07-09 17:47:58,524 - root - INFO - Width: 17, Height: 21, RowLength: 34
2023-07-09 17:47:58,524 - root - INFO - datalength: 600, _step: 2
2023-07-09 17:47:58,524 - root - INFO - BPP: 16, Transparency: False
2023-07-09 17:47:58,524 - root - INFO - Resource 22 offset: 206824, length: 344...
2023-07-09 17:47:58,524 - root - DEBUG - Reading resource 22...
2023-07-09 17:47:58,524 - root - INFO - The image is bme.
2023-07-09 17:47:58,524 - root - INFO - Reading image header(readHeader16E)...
2023-07-09 17:47:58,524 - root - INFO - Image header was read:
2023-07-09 17:47:58,524 - root - INFO - Width: 19, Height: 45, RowLength: 38
2023-07-09 17:47:58,524 - root - INFO - datalength: 328, _step: 2
2023-07-09 17:47:58,524 - root - INFO - BPP: 16, Transparency: False
2023-07-09 17:47:58,524 - root - INFO - Resource 23 offset: 207168, length: 3152...
2023-07-09 17:47:58,524 - root - DEBUG - Reading resource 23...
2023-07-09 17:47:58,524 - root - INFO - The image is bme.
2023-07-09 17:47:58,524 - root - INFO - Reading image header(readHeader16E)...
2023-07-09 17:47:58,524 - root - INFO - Image header was read:
2023-07-09 17:47:58,524 - root - INFO - Width: 204, Height: 30, RowLength: 408
2023-07-09 17:47:58,524 - root - INFO - datalength: 3136, _step: 2
2023-07-09 17:47:58,524 - root - INFO - BPP: 16, Transparency: False
2023-07-09 17:47:58,539 - root - INFO - Resource 24 offset: 210320, length: 3164...
2023-07-09 17:47:58,539 - root - DEBUG - Reading resource 24...
2023-07-09 17:47:58,539 - root - INFO - The image is bme.
2023-07-09 17:47:58,539 - root - INFO - Reading image header(readHeader16E)...
2023-07-09 17:47:58,539 - root - INFO - Image header was read:
2023-07-09 17:47:58,539 - root - INFO - Width: 204, Height: 30, RowLength: 408
2023-07-09 17:47:58,539 - root - INFO - datalength: 3148, _step: 2
2023-07-09 17:47:58,539 - root - INFO - BPP: 16, Transparency: False
2023-07-09 17:47:58,539 - root - INFO - Resource 25 offset: 213484, length: 3164...
2023-07-09 17:47:58,539 - root - DEBUG - Reading resource 25...
2023-07-09 17:47:58,539 - root - INFO - The image is bme.
2023-07-09 17:47:58,539 - root - INFO - Reading image header(readHeader16E)...
2023-07-09 17:47:58,539 - root - INFO - Image header was read:
2023-07-09 17:47:58,539 - root - INFO - Width: 204, Height: 30, RowLength: 408
2023-07-09 17:47:58,539 - root - INFO - datalength: 3148, _step: 2
2023-07-09 17:47:58,539 - root - INFO - BPP: 16, Transparency: False
2023-07-09 17:47:58,555 - root - INFO - Resource 26 offset: 216648, length: 3164...
2023-07-09 17:47:58,555 - root - DEBUG - Reading resource 26...
2023-07-09 17:47:58,555 - root - INFO - The image is bme.
2023-07-09 17:47:58,555 - root - INFO - Reading image header(readHeader16E)...
2023-07-09 17:47:58,555 - root - INFO - Image header was read:
2023-07-09 17:47:58,555 - root - INFO - Width: 204, Height: 30, RowLength: 408
2023-07-09 17:47:58,555 - root - INFO - datalength: 3148, _step: 2
2023-07-09 17:47:58,555 - root - INFO - BPP: 16, Transparency: False
2023-07-09 17:47:58,555 - root - INFO - Resource 27 offset: 219812, length: 3166...
2023-07-09 17:47:58,555 - root - DEBUG - Reading resource 27...
2023-07-09 17:47:58,555 - root - INFO - The image is bme.
2023-07-09 17:47:58,555 - root - INFO - Reading image header(readHeader16E)...
2023-07-09 17:47:58,555 - root - INFO - Image header was read:
2023-07-09 17:47:58,555 - root - INFO - Width: 204, Height: 30, RowLength: 408
2023-07-09 17:47:58,555 - root - INFO - datalength: 3150, _step: 2
2023-07-09 17:47:58,555 - root - INFO - BPP: 16, Transparency: False
2023-07-09 17:47:58,555 - root - INFO - Resource 28 offset: 222978, length: 3168...
2023-07-09 17:47:58,555 - root - DEBUG - Reading resource 28...
2023-07-09 17:47:58,570 - root - INFO - The image is bme.
2023-07-09 17:47:58,570 - root - INFO - Reading image header(readHeader16E)...
2023-07-09 17:47:58,570 - root - INFO - Image header was read:
2023-07-09 17:47:58,570 - root - INFO - Width: 204, Height: 30, RowLength: 408
2023-07-09 17:47:58,570 - root - INFO - datalength: 3152, _step: 2
2023-07-09 17:47:58,570 - root - INFO - BPP: 16, Transparency: False
2023-07-09 17:47:58,570 - root - INFO - Resource 29 offset: 226146, length: 3166...
2023-07-09 17:47:58,570 - root - DEBUG - Reading resource 29...
2023-07-09 17:47:58,570 - root - INFO - The image is bme.
2023-07-09 17:47:58,570 - root - INFO - Reading image header(readHeader16E)...
2023-07-09 17:47:58,570 - root - INFO - Image header was read:
2023-07-09 17:47:58,570 - root - INFO - Width: 204, Height: 30, RowLength: 408
2023-07-09 17:47:58,570 - root - INFO - datalength: 3150, _step: 2
2023-07-09 17:47:58,570 - root - INFO - BPP: 16, Transparency: False
2023-07-09 17:47:58,570 - root - INFO - Resource 30 offset: 229312, length: 848...
2023-07-09 17:47:58,570 - root - DEBUG - Reading resource 30...
2023-07-09 17:47:58,570 - root - INFO - The image is bme.
2023-07-09 17:47:58,570 - root - INFO - Reading image header(readHeader16E)...
2023-07-09 17:47:58,570 - root - INFO - Image header was read:
2023-07-09 17:47:58,570 - root - INFO - Width: 33, Height: 15, RowLength: 66
2023-07-09 17:47:58,570 - root - INFO - datalength: 832, _step: 2
2023-07-09 17:47:58,570 - root - INFO - BPP: 16, Transparency: False
2023-07-09 17:47:58,586 - root - INFO - Resource 31 offset: 230160, length: 778...
2023-07-09 17:47:58,586 - root - DEBUG - Reading resource 31...
2023-07-09 17:47:58,586 - root - INFO - The image is bme.
2023-07-09 17:47:58,586 - root - INFO - Reading image header(readHeader16E)...
2023-07-09 17:47:58,586 - root - INFO - Image header was read:
2023-07-09 17:47:58,586 - root - INFO - Width: 33, Height: 15, RowLength: 66
2023-07-09 17:47:58,586 - root - INFO - datalength: 762, _step: 2
2023-07-09 17:47:58,586 - root - INFO - BPP: 16, Transparency: False
2023-07-09 17:47:58,586 - root - INFO - Resource 32 offset: 230938, length: 212...
2023-07-09 17:47:58,586 - root - DEBUG - Reading resource 32...
2023-07-09 17:47:58,586 - root - INFO - The image is bme.
2023-07-09 17:47:58,586 - root - INFO - Reading image header(readHeader16E)...
2023-07-09 17:47:58,586 - root - INFO - Image header was read:
2023-07-09 17:47:58,586 - root - INFO - Width: 9, Height: 11, RowLength: 18
2023-07-09 17:47:58,586 - root - INFO - datalength: 196, _step: 2
2023-07-09 17:47:58,586 - root - INFO - BPP: 16, Transparency: False
2023-07-09 17:47:58,586 - root - INFO - Resource 33 offset: 231150, length: 124...
2023-07-09 17:47:58,586 - root - DEBUG - Reading resource 33...
2023-07-09 17:47:58,586 - root - INFO - The image is bme.
2023-07-09 17:47:58,586 - root - INFO - Reading image header(readHeader16E)...
2023-07-09 17:47:58,586 - root - INFO - Image header was read:
2023-07-09 17:47:58,586 - root - INFO - Width: 9, Height: 11, RowLength: 18
2023-07-09 17:47:58,586 - root - INFO - datalength: 108, _step: 2
2023-07-09 17:47:58,586 - root - INFO - BPP: 16, Transparency: False
2023-07-09 17:47:58,586 - root - INFO - Resource 34 offset: 231274, length: 184...
2023-07-09 17:47:58,586 - root - DEBUG - Reading resource 34...
2023-07-09 17:47:58,586 - root - INFO - The image is bme.
2023-07-09 17:47:58,586 - root - INFO - Reading image header(readHeader16E)...
2023-07-09 17:47:58,586 - root - INFO - Image header was read:
2023-07-09 17:47:58,586 - root - INFO - Width: 9, Height: 11, RowLength: 18
2023-07-09 17:47:58,586 - root - INFO - datalength: 168, _step: 2
2023-07-09 17:47:58,586 - root - INFO - BPP: 16, Transparency: False
2023-07-09 17:47:58,586 - root - INFO - Resource 35 offset: 231458, length: 182...
2023-07-09 17:47:58,586 - root - DEBUG - Reading resource 35...
2023-07-09 17:47:58,586 - root - INFO - The image is bme.
2023-07-09 17:47:58,586 - root - INFO - Reading image header(readHeader16E)...
2023-07-09 17:47:58,586 - root - INFO - Image header was read:
2023-07-09 17:47:58,586 - root - INFO - Width: 9, Height: 11, RowLength: 18
2023-07-09 17:47:58,586 - root - INFO - datalength: 166, _step: 2
2023-07-09 17:47:58,586 - root - INFO - BPP: 16, Transparency: False
2023-07-09 17:47:58,586 - root - INFO - Resource 36 offset: 231640, length: 154...
2023-07-09 17:47:58,586 - root - DEBUG - Reading resource 36...
2023-07-09 17:47:58,586 - root - INFO - The image is bme.
2023-07-09 17:47:58,586 - root - INFO - Reading image header(readHeader16E)...
2023-07-09 17:47:58,586 - root - INFO - Image header was read:
2023-07-09 17:47:58,586 - root - INFO - Width: 9, Height: 11, RowLength: 18
2023-07-09 17:47:58,586 - root - INFO - datalength: 138, _step: 2
2023-07-09 17:47:58,586 - root - INFO - BPP: 16, Transparency: False
2023-07-09 17:47:58,586 - root - INFO - Resource 37 offset: 231794, length: 188...
2023-07-09 17:47:58,586 - root - DEBUG - Reading resource 37...
2023-07-09 17:47:58,586 - root - INFO - The image is bme.
2023-07-09 17:47:58,586 - root - INFO - Reading image header(readHeader16E)...
2023-07-09 17:47:58,586 - root - INFO - Image header was read:
2023-07-09 17:47:58,586 - root - INFO - Width: 9, Height: 11, RowLength: 18
2023-07-09 17:47:58,586 - root - INFO - datalength: 172, _step: 2
2023-07-09 17:47:58,586 - root - INFO - BPP: 16, Transparency: False
2023-07-09 17:47:58,586 - root - INFO - Resource 38 offset: 231982, length: 210...
2023-07-09 17:47:58,586 - root - DEBUG - Reading resource 38...
2023-07-09 17:47:58,586 - root - INFO - The image is bme.
2023-07-09 17:47:58,586 - root - INFO - Reading image header(readHeader16E)...
2023-07-09 17:47:58,586 - root - INFO - Image header was read:
2023-07-09 17:47:58,586 - root - INFO - Width: 9, Height: 11, RowLength: 18
2023-07-09 17:47:58,586 - root - INFO - datalength: 194, _step: 2
2023-07-09 17:47:58,586 - root - INFO - BPP: 16, Transparency: False
2023-07-09 17:47:58,586 - root - INFO - Resource 39 offset: 232192, length: 140...
2023-07-09 17:47:58,586 - root - DEBUG - Reading resource 39...
2023-07-09 17:47:58,586 - root - INFO - The image is bme.
2023-07-09 17:47:58,586 - root - INFO - Reading image header(readHeader16E)...
2023-07-09 17:47:58,586 - root - INFO - Image header was read:
2023-07-09 17:47:58,586 - root - INFO - Width: 9, Height: 11, RowLength: 18
2023-07-09 17:47:58,586 - root - INFO - datalength: 124, _step: 2
2023-07-09 17:47:58,586 - root - INFO - BPP: 16, Transparency: False
2023-07-09 17:47:58,586 - root - INFO - Resource 40 offset: 232332, length: 204...
2023-07-09 17:47:58,586 - root - DEBUG - Reading resource 40...
2023-07-09 17:47:58,586 - root - INFO - The image is bme.
2023-07-09 17:47:58,586 - root - INFO - Reading image header(readHeader16E)...
2023-07-09 17:47:58,586 - root - INFO - Image header was read:
2023-07-09 17:47:58,586 - root - INFO - Width: 9, Height: 11, RowLength: 18
2023-07-09 17:47:58,602 - root - INFO - datalength: 188, _step: 2
2023-07-09 17:47:58,602 - root - INFO - BPP: 16, Transparency: False
2023-07-09 17:47:58,602 - root - INFO - Resource 41 offset: 232536, length: 208...
2023-07-09 17:47:58,602 - root - DEBUG - Reading resource 41...
2023-07-09 17:47:58,602 - root - INFO - The image is bme.
2023-07-09 17:47:58,602 - root - INFO - Reading image header(readHeader16E)...
2023-07-09 17:47:58,602 - root - INFO - Image header was read:
2023-07-09 17:47:58,602 - root - INFO - Width: 9, Height: 11, RowLength: 18
2023-07-09 17:47:58,602 - root - INFO - datalength: 192, _step: 2
2023-07-09 17:47:58,602 - root - INFO - BPP: 16, Transparency: False
2023-07-09 17:47:58,602 - root - INFO - Resource 42 offset: 232744, length: 142...
2023-07-09 17:47:58,602 - root - DEBUG - Reading resource 42...
2023-07-09 17:47:58,602 - root - INFO - The image is bme.
2023-07-09 17:47:58,602 - root - INFO - Reading image header(readHeader16E)...
2023-07-09 17:47:58,602 - root - INFO - Image header was read:
2023-07-09 17:47:58,602 - root - INFO - Width: 9, Height: 12, RowLength: 18
2023-07-09 17:47:58,602 - root - INFO - datalength: 126, _step: 2
2023-07-09 17:47:58,602 - root - INFO - BPP: 16, Transparency: False
2023-07-09 17:47:58,602 - root - INFO - Resource 43 offset: 232886, length: 322...
2023-07-09 17:47:58,602 - root - DEBUG - Reading resource 43...
2023-07-09 17:47:58,602 - root - INFO - The image is bme.
2023-07-09 17:47:58,602 - root - INFO - Reading image header(readHeader16E)...
2023-07-09 17:47:58,602 - root - INFO - Image header was read:
2023-07-09 17:47:58,602 - root - INFO - Width: 11, Height: 15, RowLength: 22
2023-07-09 17:47:58,602 - root - INFO - datalength: 306, _step: 2
2023-07-09 17:47:58,602 - root - INFO - BPP: 16, Transparency: False
2023-07-09 17:47:58,602 - root - INFO - Resource 44 offset: 233208, length: 192...
2023-07-09 17:47:58,602 - root - DEBUG - Reading resource 44...
2023-07-09 17:47:58,602 - root - INFO - The image is bme.
2023-07-09 17:47:58,602 - root - INFO - Reading image header(readHeader16E)...
2023-07-09 17:47:58,602 - root - INFO - Image header was read:
2023-07-09 17:47:58,602 - root - INFO - Width: 11, Height: 15, RowLength: 22
2023-07-09 17:47:58,602 - root - INFO - datalength: 176, _step: 2
2023-07-09 17:47:58,602 - root - INFO - BPP: 16, Transparency: False
2023-07-09 17:47:58,602 - root - INFO - Resource 45 offset: 233400, length: 274...
2023-07-09 17:47:58,602 - root - DEBUG - Reading resource 45...
2023-07-09 17:47:58,602 - root - INFO - The image is bme.
2023-07-09 17:47:58,602 - root - INFO - Reading image header(readHeader16E)...
2023-07-09 17:47:58,602 - root - INFO - Image header was read:
2023-07-09 17:47:58,602 - root - INFO - Width: 11, Height: 15, RowLength: 22
2023-07-09 17:47:58,602 - root - INFO - datalength: 258, _step: 2
2023-07-09 17:47:58,602 - root - INFO - BPP: 16, Transparency: False
2023-07-09 17:47:58,602 - root - INFO - Resource 46 offset: 233674, length: 282...
2023-07-09 17:47:58,602 - root - DEBUG - Reading resource 46...
2023-07-09 17:47:58,602 - root - INFO - The image is bme.
2023-07-09 17:47:58,602 - root - INFO - Reading image header(readHeader16E)...
2023-07-09 17:47:58,602 - root - INFO - Image header was read:
2023-07-09 17:47:58,602 - root - INFO - Width: 11, Height: 15, RowLength: 22
2023-07-09 17:47:58,602 - root - INFO - datalength: 266, _step: 2
2023-07-09 17:47:58,602 - root - INFO - BPP: 16, Transparency: False
2023-07-09 17:47:58,602 - root - INFO - Resource 47 offset: 233956, length: 246...
2023-07-09 17:47:58,602 - root - DEBUG - Reading resource 47...
2023-07-09 17:47:58,602 - root - INFO - The image is bme.
2023-07-09 17:47:58,602 - root - INFO - Reading image header(readHeader16E)...
2023-07-09 17:47:58,602 - root - INFO - Image header was read:
2023-07-09 17:47:58,602 - root - INFO - Width: 11, Height: 15, RowLength: 22
2023-07-09 17:47:58,602 - root - INFO - datalength: 230, _step: 2
2023-07-09 17:47:58,602 - root - INFO - BPP: 16, Transparency: False
2023-07-09 17:47:58,602 - root - INFO - Resource 48 offset: 234202, length: 282...
2023-07-09 17:47:58,602 - root - DEBUG - Reading resource 48...
2023-07-09 17:47:58,602 - root - INFO - The image is bme.
2023-07-09 17:47:58,602 - root - INFO - Reading image header(readHeader16E)...
2023-07-09 17:47:58,602 - root - INFO - Image header was read:
2023-07-09 17:47:58,602 - root - INFO - Width: 11, Height: 15, RowLength: 22
2023-07-09 17:47:58,602 - root - INFO - datalength: 266, _step: 2
2023-07-09 17:47:58,602 - root - INFO - BPP: 16, Transparency: False
2023-07-09 17:47:58,602 - root - INFO - Resource 49 offset: 234484, length: 328...
2023-07-09 17:47:58,602 - root - DEBUG - Reading resource 49...
2023-07-09 17:47:58,602 - root - INFO - The image is bme.
2023-07-09 17:47:58,602 - root - INFO - Reading image header(readHeader16E)...
2023-07-09 17:47:58,602 - root - INFO - Image header was read:
2023-07-09 17:47:58,602 - root - INFO - Width: 11, Height: 15, RowLength: 22
2023-07-09 17:47:58,602 - root - INFO - datalength: 312, _step: 2
2023-07-09 17:47:58,602 - root - INFO - BPP: 16, Transparency: False
2023-07-09 17:47:58,602 - root - INFO - Resource 50 offset: 234812, length: 216...
2023-07-09 17:47:58,602 - root - DEBUG - Reading resource 50...
2023-07-09 17:47:58,602 - root - INFO - The image is bme.
2023-07-09 17:47:58,602 - root - INFO - Reading image header(readHeader16E)...
2023-07-09 17:47:58,602 - root - INFO - Image header was read:
2023-07-09 17:47:58,602 - root - INFO - Width: 11, Height: 15, RowLength: 22
2023-07-09 17:47:58,602 - root - INFO - datalength: 200, _step: 2
2023-07-09 17:47:58,602 - root - INFO - BPP: 16, Transparency: False
2023-07-09 17:47:58,617 - root - INFO - Resource 51 offset: 235028, length: 316...
2023-07-09 17:47:58,617 - root - DEBUG - Reading resource 51...
2023-07-09 17:47:58,617 - root - INFO - The image is bme.
2023-07-09 17:47:58,617 - root - INFO - Reading image header(readHeader16E)...
2023-07-09 17:47:58,617 - root - INFO - Image header was read:
2023-07-09 17:47:58,617 - root - INFO - Width: 11, Height: 15, RowLength: 22
2023-07-09 17:47:58,617 - root - INFO - datalength: 300, _step: 2
2023-07-09 17:47:58,617 - root - INFO - BPP: 16, Transparency: False
2023-07-09 17:47:58,617 - root - INFO - Resource 52 offset: 235344, length: 328...
2023-07-09 17:47:58,617 - root - DEBUG - Reading resource 52...
2023-07-09 17:47:58,617 - root - INFO - The image is bme.
2023-07-09 17:47:58,617 - root - INFO - Reading image header(readHeader16E)...
2023-07-09 17:47:58,617 - root - INFO - Image header was read:
2023-07-09 17:47:58,617 - root - INFO - Width: 11, Height: 15, RowLength: 22
2023-07-09 17:47:58,617 - root - INFO - datalength: 312, _step: 2
2023-07-09 17:47:58,617 - root - INFO - BPP: 16, Transparency: False
2023-07-09 17:47:58,617 - root - INFO - Resource 53 offset: 235672, length: 158...
2023-07-09 17:47:58,617 - root - DEBUG - Reading resource 53...
2023-07-09 17:47:58,617 - root - INFO - The image is bme.
2023-07-09 17:47:58,617 - root - INFO - Reading image header(readHeader16E)...
2023-07-09 17:47:58,617 - root - INFO - Image header was read:
2023-07-09 17:47:58,617 - root - INFO - Width: 24, Height: 15, RowLength: 48
2023-07-09 17:47:58,617 - root - INFO - datalength: 142, _step: 2
2023-07-09 17:47:58,617 - root - INFO - BPP: 16, Transparency: False
2023-07-09 17:47:58,617 - root - INFO - Resource 54 offset: 235830, length: 2298...
2023-07-09 17:47:58,617 - root - DEBUG - Reading resource 54...
2023-07-09 17:47:58,617 - root - INFO - The image is bme.
2023-07-09 17:47:58,617 - root - INFO - Reading image header(readHeader16E)...
2023-07-09 17:47:58,617 - root - INFO - Image header was read:
2023-07-09 17:47:58,617 - root - INFO - Width: 114, Height: 8, RowLength: 228
2023-07-09 17:47:58,617 - root - INFO - datalength: 2282, _step: 2
2023-07-09 17:47:58,617 - root - INFO - BPP: 16, Transparency: False
2023-07-09 17:47:58,617 - root - INFO - Resource 55 offset: 238128, length: 254...
2023-07-09 17:47:58,617 - root - DEBUG - Reading resource 55...
2023-07-09 17:47:58,617 - root - INFO - The image is bme.
2023-07-09 17:47:58,617 - root - INFO - Reading image header(readHeader16E)...
2023-07-09 17:47:58,617 - root - INFO - Image header was read:
2023-07-09 17:47:58,617 - root - INFO - Width: 114, Height: 8, RowLength: 228
2023-07-09 17:47:58,617 - root - INFO - datalength: 238, _step: 2
2023-07-09 17:47:58,617 - root - INFO - BPP: 16, Transparency: False
2023-07-09 17:47:58,617 - root - INFO - Resource 56 offset: 238382, length: 2286...
2023-07-09 17:47:58,617 - root - DEBUG - Reading resource 56...
2023-07-09 17:47:58,617 - root - INFO - The image is bme.
2023-07-09 17:47:58,617 - root - INFO - Reading image header(readHeader16E)...
2023-07-09 17:47:58,617 - root - INFO - Image header was read:
2023-07-09 17:47:58,617 - root - INFO - Width: 114, Height: 8, RowLength: 228
2023-07-09 17:47:58,617 - root - INFO - datalength: 2270, _step: 2
2023-07-09 17:47:58,617 - root - INFO - BPP: 16, Transparency: False
2023-07-09 17:47:58,633 - root - INFO - Resource 57 offset: 240668, length: 480...
2023-07-09 17:47:58,633 - root - DEBUG - Reading resource 57...
2023-07-09 17:47:58,633 - root - INFO - The image is bme.
2023-07-09 17:47:58,633 - root - INFO - Reading image header(readHeader16E)...
2023-07-09 17:47:58,633 - root - INFO - Image header was read:
2023-07-09 17:47:58,633 - root - INFO - Width: 114, Height: 8, RowLength: 228
2023-07-09 17:47:58,633 - root - INFO - datalength: 464, _step: 2
2023-07-09 17:47:58,633 - root - INFO - BPP: 16, Transparency: False
2023-07-09 17:47:58,633 - root - INFO - Resource 58 offset: 241148, length: 2286...
2023-07-09 17:47:58,633 - root - DEBUG - Reading resource 58...
2023-07-09 17:47:58,633 - root - INFO - The image is bme.
2023-07-09 17:47:58,633 - root - INFO - Reading image header(readHeader16E)...
2023-07-09 17:47:58,633 - root - INFO - Image header was read:
2023-07-09 17:47:58,633 - root - INFO - Width: 114, Height: 8, RowLength: 228
2023-07-09 17:47:58,633 - root - INFO - datalength: 2270, _step: 2
2023-07-09 17:47:58,633 - root - INFO - BPP: 16, Transparency: False
2023-07-09 17:47:58,633 - root - INFO - Resource 59 offset: 243434, length: 700...
2023-07-09 17:47:58,633 - root - DEBUG - Reading resource 59...
2023-07-09 17:47:58,633 - root - INFO - The image is bme.
2023-07-09 17:47:58,633 - root - INFO - Reading image header(readHeader16E)...
2023-07-09 17:47:58,633 - root - INFO - Image header was read:
2023-07-09 17:47:58,633 - root - INFO - Width: 114, Height: 8, RowLength: 228
2023-07-09 17:47:58,633 - root - INFO - datalength: 684, _step: 2
2023-07-09 17:47:58,633 - root - INFO - BPP: 16, Transparency: False
2023-07-09 17:47:58,649 - root - INFO - Resource 60 offset: 244134, length: 2278...
2023-07-09 17:47:58,649 - root - DEBUG - Reading resource 60...
2023-07-09 17:47:58,649 - root - INFO - The image is bme.
2023-07-09 17:47:58,649 - root - INFO - Reading image header(readHeader16E)...
2023-07-09 17:47:58,649 - root - INFO - Image header was read:
2023-07-09 17:47:58,649 - root - INFO - Width: 114, Height: 8, RowLength: 228
2023-07-09 17:47:58,649 - root - INFO - datalength: 2262, _step: 2
2023-07-09 17:47:58,649 - root - INFO - BPP: 16, Transparency: False
2023-07-09 17:47:58,649 - root - INFO - Resource 61 offset: 246412, length: 920...
2023-07-09 17:47:58,649 - root - DEBUG - Reading resource 61...
2023-07-09 17:47:58,649 - root - INFO - The image is bme.
2023-07-09 17:47:58,649 - root - INFO - Reading image header(readHeader16E)...
2023-07-09 17:47:58,649 - root - INFO - Image header was read:
2023-07-09 17:47:58,649 - root - INFO - Width: 114, Height: 8, RowLength: 228
2023-07-09 17:47:58,649 - root - INFO - datalength: 904, _step: 2
2023-07-09 17:47:58,649 - root - INFO - BPP: 16, Transparency: False
2023-07-09 17:47:58,649 - root - INFO - Resource 62 offset: 247332, length: 2262...
2023-07-09 17:47:58,649 - root - DEBUG - Reading resource 62...
2023-07-09 17:47:58,649 - root - INFO - The image is bme.
2023-07-09 17:47:58,649 - root - INFO - Reading image header(readHeader16E)...
2023-07-09 17:47:58,649 - root - INFO - Image header was read:
2023-07-09 17:47:58,649 - root - INFO - Width: 114, Height: 8, RowLength: 228
2023-07-09 17:47:58,649 - root - INFO - datalength: 2246, _step: 2
2023-07-09 17:47:58,649 - root - INFO - BPP: 16, Transparency: False
2023-07-09 17:47:58,664 - root - INFO - Resource 63 offset: 249594, length: 1140...
2023-07-09 17:47:58,664 - root - DEBUG - Reading resource 63...
2023-07-09 17:47:58,664 - root - INFO - The image is bme.
2023-07-09 17:47:58,664 - root - INFO - Reading image header(readHeader16E)...
2023-07-09 17:47:58,664 - root - INFO - Image header was read:
2023-07-09 17:47:58,664 - root - INFO - Width: 114, Height: 8, RowLength: 228
2023-07-09 17:47:58,664 - root - INFO - datalength: 1124, _step: 2
2023-07-09 17:47:58,664 - root - INFO - BPP: 16, Transparency: False
2023-07-09 17:47:58,664 - root - INFO - Resource 64 offset: 250734, length: 2246...
2023-07-09 17:47:58,664 - root - DEBUG - Reading resource 64...
2023-07-09 17:47:58,664 - root - INFO - The image is bme.
2023-07-09 17:47:58,664 - root - INFO - Reading image header(readHeader16E)...
2023-07-09 17:47:58,664 - root - INFO - Image header was read:
2023-07-09 17:47:58,664 - root - INFO - Width: 114, Height: 8, RowLength: 228
2023-07-09 17:47:58,664 - root - INFO - datalength: 2230, _step: 2
2023-07-09 17:47:58,664 - root - INFO - BPP: 16, Transparency: False
2023-07-09 17:47:58,664 - root - INFO - Resource 65 offset: 252980, length: 1360...
2023-07-09 17:47:58,664 - root - DEBUG - Reading resource 65...
2023-07-09 17:47:58,664 - root - INFO - The image is bme.
2023-07-09 17:47:58,664 - root - INFO - Reading image header(readHeader16E)...
2023-07-09 17:47:58,664 - root - INFO - Image header was read:
2023-07-09 17:47:58,664 - root - INFO - Width: 114, Height: 8, RowLength: 228
2023-07-09 17:47:58,664 - root - INFO - datalength: 1344, _step: 2
2023-07-09 17:47:58,664 - root - INFO - BPP: 16, Transparency: False
2023-07-09 17:47:58,680 - root - INFO - Resource 66 offset: 254340, length: 2230...
2023-07-09 17:47:58,680 - root - DEBUG - Reading resource 66...
2023-07-09 17:47:58,680 - root - INFO - The image is bme.
2023-07-09 17:47:58,680 - root - INFO - Reading image header(readHeader16E)...
2023-07-09 17:47:58,680 - root - INFO - Image header was read:
2023-07-09 17:47:58,680 - root - INFO - Width: 114, Height: 8, RowLength: 228
2023-07-09 17:47:58,680 - root - INFO - datalength: 2214, _step: 2
2023-07-09 17:47:58,680 - root - INFO - BPP: 16, Transparency: False
2023-07-09 17:47:58,680 - root - INFO - Resource 67 offset: 256570, length: 1580...
2023-07-09 17:47:58,680 - root - DEBUG - Reading resource 67...
2023-07-09 17:47:58,680 - root - INFO - The image is bme.
2023-07-09 17:47:58,680 - root - INFO - Reading image header(readHeader16E)...
2023-07-09 17:47:58,680 - root - INFO - Image header was read:
2023-07-09 17:47:58,680 - root - INFO - Width: 114, Height: 8, RowLength: 228
2023-07-09 17:47:58,680 - root - INFO - datalength: 1564, _step: 2
2023-07-09 17:47:58,680 - root - INFO - BPP: 16, Transparency: False
2023-07-09 17:47:58,680 - root - INFO - Resource 68 offset: 258150, length: 2222...
2023-07-09 17:47:58,680 - root - DEBUG - Reading resource 68...
2023-07-09 17:47:58,680 - root - INFO - The image is bme.
2023-07-09 17:47:58,680 - root - INFO - Reading image header(readHeader16E)...
2023-07-09 17:47:58,680 - root - INFO - Image header was read:
2023-07-09 17:47:58,680 - root - INFO - Width: 114, Height: 8, RowLength: 228
2023-07-09 17:47:58,680 - root - INFO - datalength: 2206, _step: 2
2023-07-09 17:47:58,680 - root - INFO - BPP: 16, Transparency: False
2023-07-09 17:47:58,695 - root - INFO - Resource 69 offset: 260372, length: 1806...
2023-07-09 17:47:58,695 - root - DEBUG - Reading resource 69...
2023-07-09 17:47:58,695 - root - INFO - The image is bme.
2023-07-09 17:47:58,695 - root - INFO - Reading image header(readHeader16E)...
2023-07-09 17:47:58,695 - root - INFO - Image header was read:
2023-07-09 17:47:58,695 - root - INFO - Width: 114, Height: 8, RowLength: 228
2023-07-09 17:47:58,695 - root - INFO - datalength: 1790, _step: 2
2023-07-09 17:47:58,695 - root - INFO - BPP: 16, Transparency: False
2023-07-09 17:47:58,695 - root - INFO - Resource 70 offset: 262178, length: 2222...
2023-07-09 17:47:58,695 - root - DEBUG - Reading resource 70...
2023-07-09 17:47:58,695 - root - INFO - The image is bme.
2023-07-09 17:47:58,695 - root - INFO - Reading image header(readHeader16E)...
2023-07-09 17:47:58,695 - root - INFO - Image header was read:
2023-07-09 17:47:58,695 - root - INFO - Width: 114, Height: 8, RowLength: 228
2023-07-09 17:47:58,695 - root - INFO - datalength: 2206, _step: 2
2023-07-09 17:47:58,695 - root - INFO - BPP: 16, Transparency: False
2023-07-09 17:47:58,711 - root - INFO - Resource 71 offset: 264400, length: 2026...
2023-07-09 17:47:58,711 - root - DEBUG - Reading resource 71...
2023-07-09 17:47:58,711 - root - INFO - The image is bme.
2023-07-09 17:47:58,711 - root - INFO - Reading image header(readHeader16E)...
2023-07-09 17:47:58,711 - root - INFO - Image header was read:
2023-07-09 17:47:58,711 - root - INFO - Width: 114, Height: 8, RowLength: 228
2023-07-09 17:47:58,711 - root - INFO - datalength: 2010, _step: 2
2023-07-09 17:47:58,711 - root - INFO - BPP: 16, Transparency: False
2023-07-09 17:47:58,711 - root - INFO - Resource 72 offset: 266426, length: 2206...
2023-07-09 17:47:58,711 - root - DEBUG - Reading resource 72...
2023-07-09 17:47:58,711 - root - INFO - The image is bme.
2023-07-09 17:47:58,711 - root - INFO - Reading image header(readHeader16E)...
2023-07-09 17:47:58,711 - root - INFO - Image header was read:
2023-07-09 17:47:58,711 - root - INFO - Width: 114, Height: 8, RowLength: 228
2023-07-09 17:47:58,711 - root - INFO - datalength: 2190, _step: 2
2023-07-09 17:47:58,711 - root - INFO - BPP: 16, Transparency: False
2023-07-09 17:47:58,711 - root - INFO - Resource 73 offset: 268632, length: 2246...
2023-07-09 17:47:58,711 - root - DEBUG - Reading resource 73...
2023-07-09 17:47:58,711 - root - INFO - The image is bme.
2023-07-09 17:47:58,711 - root - INFO - Reading image header(readHeader16E)...
2023-07-09 17:47:58,711 - root - INFO - Image header was read:
2023-07-09 17:47:58,711 - root - INFO - Width: 114, Height: 8, RowLength: 228
2023-07-09 17:47:58,711 - root - INFO - datalength: 2230, _step: 2
2023-07-09 17:47:58,711 - root - INFO - BPP: 16, Transparency: False
2023-07-09 17:47:58,727 - root - INFO - Resource 74 offset: 270878, length: 412...
2023-07-09 17:47:58,727 - root - DEBUG - Reading resource 74...
2023-07-09 17:47:58,727 - root - INFO - The image is bmc.
2023-07-09 17:47:58,727 - root - INFO - Reading image header(readHeader16C)...
2023-07-09 17:47:58,727 - root - INFO - Image header was read:
2023-07-09 17:47:58,727 - root - INFO - Width: 12, Height: 11, RowLength: 36
2023-07-09 17:47:58,727 - root - INFO - _step: 3, unknown2: 0,
2023-07-09 17:47:58,727 - root - INFO - BPP: 24, Transparency: False
2023-07-09 17:47:58,727 - root - INFO - Resource 75 offset: 271290, length: 136...
2023-07-09 17:47:58,727 - root - DEBUG - Reading resource 75...
2023-07-09 17:47:58,727 - root - INFO - The image is bme.
2023-07-09 17:47:58,727 - root - INFO - Reading image header(readHeader16E)...
2023-07-09 17:47:58,727 - root - INFO - Image header was read:
2023-07-09 17:47:58,727 - root - INFO - Width: 32, Height: 32, RowLength: 64
2023-07-09 17:47:58,727 - root - INFO - datalength: 120, _step: 2
2023-07-09 17:47:58,727 - root - INFO - BPP: 16, Transparency: False
2023-07-09 17:47:58,727 - root - INFO - Resource 76 offset: 271426, length: 246...
2023-07-09 17:47:58,727 - root - DEBUG - Reading resource 76...
2023-07-09 17:47:58,727 - root - INFO - The image is bme.
2023-07-09 17:47:58,727 - root - INFO - Reading image header(readHeader16E)...
2023-07-09 17:47:58,727 - root - INFO - Image header was read:
2023-07-09 17:47:58,727 - root - INFO - Width: 32, Height: 32, RowLength: 64
2023-07-09 17:47:58,727 - root - INFO - datalength: 230, _step: 2
2023-07-09 17:47:58,727 - root - INFO - BPP: 16, Transparency: False
2023-07-09 17:47:58,727 - root - INFO - Resource 77 offset: 271672, length: 372...
2023-07-09 17:47:58,727 - root - DEBUG - Reading resource 77...
2023-07-09 17:47:58,727 - root - INFO - The image is bme.
2023-07-09 17:47:58,727 - root - INFO - Reading image header(readHeader16E)...
2023-07-09 17:47:58,727 - root - INFO - Image header was read:
2023-07-09 17:47:58,727 - root - INFO - Width: 32, Height: 32, RowLength: 64
2023-07-09 17:47:58,727 - root - INFO - datalength: 356, _step: 2
2023-07-09 17:47:58,727 - root - INFO - BPP: 16, Transparency: False
2023-07-09 17:47:58,727 - root - INFO - Resource 78 offset: 272044, length: 498...
2023-07-09 17:47:58,727 - root - DEBUG - Reading resource 78...
2023-07-09 17:47:58,727 - root - INFO - The image is bme.
2023-07-09 17:47:58,727 - root - INFO - Reading image header(readHeader16E)...
2023-07-09 17:47:58,727 - root - INFO - Image header was read:
2023-07-09 17:47:58,727 - root - INFO - Width: 32, Height: 32, RowLength: 64
2023-07-09 17:47:58,727 - root - INFO - datalength: 482, _step: 2
2023-07-09 17:47:58,727 - root - INFO - BPP: 16, Transparency: False
2023-07-09 17:47:58,727 - root - INFO - Resource 79 offset: 272542, length: 592...
2023-07-09 17:47:58,727 - root - DEBUG - Reading resource 79...
2023-07-09 17:47:58,727 - root - INFO - The image is bme.
2023-07-09 17:47:58,727 - root - INFO - Reading image header(readHeader16E)...
2023-07-09 17:47:58,727 - root - INFO - Image header was read:
2023-07-09 17:47:58,727 - root - INFO - Width: 32, Height: 32, RowLength: 64
2023-07-09 17:47:58,727 - root - INFO - datalength: 576, _step: 2
2023-07-09 17:47:58,727 - root - INFO - BPP: 16, Transparency: False
2023-07-09 17:47:58,727 - root - INFO - Resource 80 offset: 273134, length: 672...
2023-07-09 17:47:58,727 - root - DEBUG - Reading resource 80...
2023-07-09 17:47:58,727 - root - INFO - The image is bme.
2023-07-09 17:47:58,742 - root - INFO - Reading image header(readHeader16E)...
2023-07-09 17:47:58,742 - root - INFO - Image header was read:
2023-07-09 17:47:58,742 - root - INFO - Width: 32, Height: 32, RowLength: 64
2023-07-09 17:47:58,742 - root - INFO - datalength: 656, _step: 2
2023-07-09 17:47:58,742 - root - INFO - BPP: 16, Transparency: False
2023-07-09 17:47:58,742 - root - INFO - Resource 81 offset: 273806, length: 784...
2023-07-09 17:47:58,742 - root - DEBUG - Reading resource 81...
2023-07-09 17:47:58,742 - root - INFO - The image is bme.
2023-07-09 17:47:58,742 - root - INFO - Reading image header(readHeader16E)...
2023-07-09 17:47:58,742 - root - INFO - Image header was read:
2023-07-09 17:47:58,742 - root - INFO - Width: 32, Height: 32, RowLength: 64
2023-07-09 17:47:58,742 - root - INFO - datalength: 768, _step: 2
2023-07-09 17:47:58,742 - root - INFO - BPP: 16, Transparency: False
2023-07-09 17:47:58,742 - root - INFO - Resource 82 offset: 274590, length: 912...
2023-07-09 17:47:58,742 - root - DEBUG - Reading resource 82...
2023-07-09 17:47:58,742 - root - INFO - The image is bme.
2023-07-09 17:47:58,742 - root - INFO - Reading image header(readHeader16E)...
2023-07-09 17:47:58,742 - root - INFO - Image header was read:
2023-07-09 17:47:58,742 - root - INFO - Width: 32, Height: 32, RowLength: 64
2023-07-09 17:47:58,742 - root - INFO - datalength: 896, _step: 2
2023-07-09 17:47:58,742 - root - INFO - BPP: 16, Transparency: False
2023-07-09 17:47:58,742 - root - INFO - Resource 83 offset: 275502, length: 1034...
2023-07-09 17:47:58,742 - root - DEBUG - Reading resource 83...
2023-07-09 17:47:58,742 - root - INFO - The image is bme.
2023-07-09 17:47:58,742 - root - INFO - Reading image header(readHeader16E)...
2023-07-09 17:47:58,742 - root - INFO - Image header was read:
2023-07-09 17:47:58,742 - root - INFO - Width: 32, Height: 32, RowLength: 64
2023-07-09 17:47:58,742 - root - INFO - datalength: 1018, _step: 2
2023-07-09 17:47:58,742 - root - INFO - BPP: 16, Transparency: False
2023-07-09 17:47:58,742 - root - INFO - Resource 84 offset: 276536, length: 1094...
2023-07-09 17:47:58,742 - root - DEBUG - Reading resource 84...
2023-07-09 17:47:58,742 - root - INFO - The image is bme.
2023-07-09 17:47:58,742 - root - INFO - Reading image header(readHeader16E)...
2023-07-09 17:47:58,742 - root - INFO - Image header was read:
2023-07-09 17:47:58,742 - root - INFO - Width: 32, Height: 32, RowLength: 64
2023-07-09 17:47:58,742 - root - INFO - datalength: 1078, _step: 2
2023-07-09 17:47:58,742 - root - INFO - BPP: 16, Transparency: False
2023-07-09 17:47:58,742 - root - DEBUG - Parsing parameters...
2023-07-09 17:47:58,867 - root - DEBUG - 0 Value: None
2023-07-09 17:47:58,867 - root - DEBUG - 0.1 Value: 71
2023-07-09 17:47:58,867 - root - DEBUG - 2 Value: None
2023-07-09 17:47:58,867 - root - DEBUG - 2.1 Value: None
2023-07-09 17:47:58,867 - root - DEBUG - 2.1.1 Value: 0
2023-07-09 17:47:58,867 - root - DEBUG - 2.1.2 Value: 0
2023-07-09 17:47:58,867 - root - DEBUG - 2.1.3 Value: 1
2023-07-09 17:47:58,867 - root - DEBUG - 2.3 Value: None
2023-07-09 17:47:58,867 - root - DEBUG - 2.3.1 Value: 0
2023-07-09 17:47:58,867 - root - DEBUG - 2.3.2 Value: 0
2023-07-09 17:47:58,867 - root - DEBUG - 2.3.3 Value: 0
2023-07-09 17:47:58,867 - root - DEBUG - 3 Value: None
2023-07-09 17:47:58,867 - root - DEBUG - 3.1 Value: None
2023-07-09 17:47:58,867 - root - DEBUG - 3.1.1 Value: None
2023-07-09 17:47:58,867 - root - DEBUG - 3.1.1.1 Value: None
2023-07-09 17:47:58,867 - root - DEBUG - 3.1.1.1.1 Value: 17
2023-07-09 17:47:58,867 - root - DEBUG - 3.1.1.1.2 Value: 123
2023-07-09 17:47:58,867 - root - DEBUG - 3.1.1.1.3 Value: 2
2023-07-09 17:47:58,867 - root - DEBUG - 3.1.1.1.4 Value: 10
2023-07-09 17:47:58,867 - root - DEBUG - 3.1.1.2 Value: None
2023-07-09 17:47:58,867 - root - DEBUG - 3.1.1.2.1 Value: 50
2023-07-09 17:47:58,867 - root - DEBUG - 3.1.1.2.2 Value: 123
2023-07-09 17:47:58,867 - root - DEBUG - 3.1.1.2.3 Value: 2
2023-07-09 17:47:58,867 - root - DEBUG - 3.1.1.2.4 Value: 10
2023-07-09 17:47:58,867 - root - DEBUG - 3.1.2 Value: None
2023-07-09 17:47:58,867 - root - DEBUG - 3.1.2.1 Value: None
2023-07-09 17:47:58,867 - root - DEBUG - 3.1.2.1.1 Value: 108
2023-07-09 17:47:58,867 - root - DEBUG - 3.1.2.1.2 Value: 123
2023-07-09 17:47:58,867 - root - DEBUG - 3.1.2.1.3 Value: 2
2023-07-09 17:47:58,867 - root - DEBUG - 3.1.2.1.4 Value: 10
2023-07-09 17:47:58,867 - root - DEBUG - 3.1.2.2 Value: None
2023-07-09 17:47:58,867 - root - DEBUG - 3.1.2.2.1 Value: 141
2023-07-09 17:47:58,867 - root - DEBUG - 3.1.2.2.2 Value: 123
2023-07-09 17:47:58,867 - root - DEBUG - 3.1.2.2.3 Value: 2
2023-07-09 17:47:58,867 - root - DEBUG - 3.1.2.2.4 Value: 10
2023-07-09 17:47:58,867 - root - DEBUG - 3.1.3 Value: None
2023-07-09 17:47:58,867 - root - DEBUG - 3.1.3.1 Value: None
2023-07-09 17:47:58,867 - root - DEBUG - 3.1.3.1.1 Value: 190
2023-07-09 17:47:58,867 - root - DEBUG - 3.1.3.1.2 Value: 125
2023-07-09 17:47:58,867 - root - DEBUG - 3.1.3.1.3 Value: 12
2023-07-09 17:47:58,867 - root - DEBUG - 3.1.3.1.4 Value: 10
2023-07-09 17:47:58,867 - root - DEBUG - 3.1.3.2 Value: None
2023-07-09 17:47:58,867 - root - DEBUG - 3.1.3.2.1 Value: 206
2023-07-09 17:47:58,867 - root - DEBUG - 3.1.3.2.2 Value: 125
2023-07-09 17:47:58,867 - root - DEBUG - 3.1.3.2.3 Value: 12
2023-07-09 17:47:58,867 - root - DEBUG - 3.1.3.2.4 Value: 10
2023-07-09 17:47:58,867 - root - DEBUG - 3.1.5 Value: None
2023-07-09 17:47:58,867 - root - DEBUG - 3.1.5.1 Value: 85
2023-07-09 17:47:58,867 - root - DEBUG - 3.1.5.2 Value: 123
2023-07-09 17:47:58,867 - root - DEBUG - 3.1.5.3 Value: 22
2023-07-09 17:47:58,867 - root - DEBUG - 3.1.7 Value: 0
2023-07-09 17:47:58,867 - root - DEBUG - 3.1.8 Value: 1
2023-07-09 17:47:58,867 - root - DEBUG - 4 Value: None
2023-07-09 17:47:58,867 - root - DEBUG - 4.1 Value: None
2023-07-09 17:47:58,867 - root - DEBUG - 4.1.1 Value: None
2023-07-09 17:47:58,867 - root - DEBUG - 4.1.1.1 Value: 32
2023-07-09 17:47:58,867 - root - DEBUG - 4.1.1.2 Value: 77
2023-07-09 17:47:58,867 - root - DEBUG - 4.1.1.3 Value: 112
2023-07-09 17:47:58,867 - root - DEBUG - 4.1.1.4 Value: 88
2023-07-09 17:47:58,867 - root - DEBUG - 4.1.1.5 Value: 66
2023-07-09 17:47:58,867 - root - DEBUG - 4.1.1.6 Value: 0
2023-07-09 17:47:58,867 - root - DEBUG - 4.1.1.7 Value: 0
2023-07-09 17:47:58,867 - root - DEBUG - 4.1.1.8 Value: 32
2023-07-09 17:47:58,867 - root - DEBUG - 4.1.1.9 Value: 10
2023-07-09 17:47:58,867 - root - DEBUG - 4.1.7 Value: 42
2023-07-09 17:47:58,867 - root - DEBUG - 4.3 Value: None
2023-07-09 17:47:58,867 - root - DEBUG - 4.3.1 Value: None
2023-07-09 17:47:58,867 - root - DEBUG - 4.3.1.1 Value: 180
2023-07-09 17:47:58,867 - root - DEBUG - 4.3.1.2 Value: 196
2023-07-09 17:47:58,867 - root - DEBUG - 4.3.1.3 Value: 213
2023-07-09 17:47:58,867 - root - DEBUG - 4.3.1.4 Value: 211
2023-07-09 17:47:58,867 - root - DEBUG - 4.3.1.5 Value: 72
2023-07-09 17:47:58,867 - root - DEBUG - 4.3.1.6 Value: 0
2023-07-09 17:47:58,867 - root - DEBUG - 4.3.1.7 Value: 0
2023-07-09 17:47:58,867 - root - DEBUG - 4.3.1.8 Value: 43
2023-07-09 17:47:58,867 - root - DEBUG - 4.3.1.9 Value: 10
2023-07-09 17:47:58,867 - root - DEBUG - 4.4 Value: None
2023-07-09 17:47:58,867 - root - DEBUG - 4.4.1 Value: None
2023-07-09 17:47:58,867 - root - DEBUG - 4.4.1.1 Value: 103
2023-07-09 17:47:58,867 - root - DEBUG - 4.4.1.2 Value: 196
2023-07-09 17:47:58,867 - root - DEBUG - 4.4.1.3 Value: 137
2023-07-09 17:47:58,867 - root - DEBUG - 4.4.1.4 Value: 211
2023-07-09 17:47:58,867 - root - DEBUG - 4.4.1.5 Value: 72
2023-07-09 17:47:58,867 - root - DEBUG - 4.4.1.6 Value: 1
2023-07-09 17:47:58,867 - root - DEBUG - 4.4.1.7 Value: 0
2023-07-09 17:47:58,867 - root - DEBUG - 4.4.1.8 Value: 43
2023-07-09 17:47:58,867 - root - DEBUG - 4.4.1.9 Value: 10
2023-07-09 17:47:58,867 - root - DEBUG - 4.4.3 Value: 53
2023-07-09 17:47:58,867 - root - DEBUG - 4.6 Value: None
2023-07-09 17:47:58,867 - root - DEBUG - 4.6.1 Value: None
2023-07-09 17:47:58,867 - root - DEBUG - 4.6.1.1 Value: 33
2023-07-09 17:47:58,867 - root - DEBUG - 4.6.1.2 Value: 196
2023-07-09 17:47:58,867 - root - DEBUG - 4.6.1.3 Value: 55
2023-07-09 17:47:58,867 - root - DEBUG - 4.6.1.4 Value: 211
2023-07-09 17:47:58,867 - root - DEBUG - 4.6.1.5 Value: 72
2023-07-09 17:47:58,867 - root - DEBUG - 4.6.1.6 Value: 1
2023-07-09 17:47:58,867 - root - DEBUG - 4.6.1.7 Value: 0
2023-07-09 17:47:58,867 - root - DEBUG - 4.6.1.8 Value: 43
2023-07-09 17:47:58,867 - root - DEBUG - 4.6.1.9 Value: 10
2023-07-09 17:47:58,867 - root - DEBUG - 4.7 Value: 0
2023-07-09 17:47:58,867 - root - DEBUG - 5 Value: None
2023-07-09 17:47:58,867 - root - DEBUG - 5.1 Value: None
2023-07-09 17:47:58,883 - root - DEBUG - 5.1.4 Value: 1
2023-07-09 17:47:58,883 - root - DEBUG - 5.1.5 Value: 1
2023-07-09 17:47:58,883 - root - DEBUG - 5.1.6 Value: 0
2023-07-09 17:47:58,883 - root - DEBUG - 5.2 Value: None
2023-07-09 17:47:58,883 - root - DEBUG - 5.2.1 Value: 190
2023-07-09 17:47:58,883 - root - DEBUG - 5.2.2 Value: 151
2023-07-09 17:47:58,883 - root - DEBUG - 5.2.5 Value: 30
2023-07-09 17:47:58,883 - root - DEBUG - 5.2.6 Value: 31
2023-07-09 17:47:58,883 - root - DEBUG - 5.4 Value: None
2023-07-09 17:47:58,883 - root - DEBUG - 5.4.1 Value: 18
2023-07-09 17:47:58,883 - root - DEBUG - 5.4.2 Value: 18
2023-07-09 17:47:58,883 - root - DEBUG - 5.4.3 Value: 23
2023-07-09 17:47:58,883 - root - DEBUG - 5.4.4 Value: 7
2023-07-09 17:47:58,883 - root - DEBUG - 7 Value: None
2023-07-09 17:47:58,883 - root - DEBUG - 7.2 Value: None
2023-07-09 17:47:58,883 - root - DEBUG - 7.2.1 Value: 19
2023-07-09 17:47:58,883 - root - DEBUG - 7.2.2 Value: 97
2023-07-09 17:47:58,883 - root - DEBUG - 7.2.3 Value: 54
2023-07-09 17:47:58,883 - root - DEBUG - 7.2.4 Value: 20
2023-07-09 17:47:58,883 - root - DEBUG - 9 Value: None
2023-07-09 17:47:58,883 - root - DEBUG - 9.1 Value: None
2023-07-09 17:47:58,883 - root - DEBUG - 9.1.1 Value: None
2023-07-09 17:47:58,883 - root - DEBUG - 9.1.1.1 Value: 193
2023-07-09 17:47:58,883 - root - DEBUG - 9.1.1.2 Value: 76
2023-07-09 17:47:58,883 - root - DEBUG - 9.1.1.3 Value: 211
2023-07-09 17:47:58,883 - root - DEBUG - 9.1.1.4 Value: 87
2023-07-09 17:47:58,883 - root - DEBUG - 9.1.1.5 Value: 18
2023-07-09 17:47:58,883 - root - DEBUG - 9.1.1.6 Value: 0
2023-07-09 17:47:58,883 - root - DEBUG - 9.1.1.7 Value: 0
2023-07-09 17:47:58,883 - root - DEBUG - 9.1.1.8 Value: 32
2023-07-09 17:47:58,883 - root - DEBUG - 9.1.1.9 Value: 10
2023-07-09 17:47:58,883 - root - DEBUG - 9.1.4 Value: 74
2023-07-09 17:47:58,883 - root - DEBUG - 9.2 Value: None
2023-07-09 17:47:58,883 - root - DEBUG - 9.2.1 Value: 151
2023-07-09 17:47:58,883 - root - DEBUG - 9.2.2 Value: 65
2023-07-09 17:47:58,883 - root - DEBUG - 9.2.3 Value: 75
2023-07-09 17:47:58,883 - root - DEBUG - 9.2.4 Value: 10
2023-07-09 17:47:58,883 - root - DEBUG - 0-Info
2023-07-09 17:47:58,883 - root - DEBUG - 0.1-DeviceId
2023-07-09 17:47:58,883 - root - DEBUG - 2-Background
2023-07-09 17:47:58,883 - root - DEBUG - 2.1-Image
2023-07-09 17:47:58,883 - root - DEBUG - 2.1.1-X
2023-07-09 17:47:58,883 - root - DEBUG - 2.1.2-Y
2023-07-09 17:47:58,883 - root - DEBUG - 2.1.3-ImageIndex
2023-07-09 17:47:58,883 - root - DEBUG - 2.3-Preview
2023-07-09 17:47:58,883 - root - DEBUG - 2.3.1-X
2023-07-09 17:47:58,883 - root - DEBUG - 2.3.2-Y
2023-07-09 17:47:58,883 - root - DEBUG - 2.3.3-ImageIndex
2023-07-09 17:47:58,883 - root - DEBUG - 3-TimeExtended
2023-07-09 17:47:58,883 - root - DEBUG - 3.1-TimeSeparateDigits
2023-07-09 17:47:58,883 - root - DEBUG - 3.1.1-Hours
2023-07-09 17:47:58,883 - root - DEBUG - 3.1.1.1-Tens
2023-07-09 17:47:58,883 - root - DEBUG - 3.1.1.1.1-X
2023-07-09 17:47:58,883 - root - DEBUG - 3.1.1.1.2-Y
2023-07-09 17:47:58,883 - root - DEBUG - 3.1.1.1.3-ImageIndex
2023-07-09 17:47:58,883 - root - DEBUG - 3.1.1.1.4-ImagesCount
2023-07-09 17:47:58,883 - root - DEBUG - 3.1.1.2-Ones
2023-07-09 17:47:58,883 - root - DEBUG - 3.1.1.2.1-X
2023-07-09 17:47:58,883 - root - DEBUG - 3.1.1.2.2-Y
2023-07-09 17:47:58,883 - root - DEBUG - 3.1.1.2.3-ImageIndex
2023-07-09 17:47:58,883 - root - DEBUG - 3.1.1.2.4-ImagesCount
2023-07-09 17:47:58,883 - root - DEBUG - 3.1.2-Minutes
2023-07-09 17:47:58,883 - root - DEBUG - 3.1.2.1-Tens
2023-07-09 17:47:58,883 - root - DEBUG - 3.1.2.1.1-X
2023-07-09 17:47:58,883 - root - DEBUG - 3.1.2.1.2-Y
2023-07-09 17:47:58,883 - root - DEBUG - 3.1.2.1.3-ImageIndex
2023-07-09 17:47:58,883 - root - DEBUG - 3.1.2.1.4-ImagesCount
2023-07-09 17:47:58,883 - root - DEBUG - 3.1.2.2-Ones
2023-07-09 17:47:58,883 - root - DEBUG - 3.1.2.2.1-X
2023-07-09 17:47:58,883 - root - DEBUG - 3.1.2.2.2-Y
2023-07-09 17:47:58,883 - root - DEBUG - 3.1.2.2.3-ImageIndex
2023-07-09 17:47:58,883 - root - DEBUG - 3.1.2.2.4-ImagesCount
2023-07-09 17:47:58,883 - root - DEBUG - 3.1.3-Seconds
2023-07-09 17:47:58,883 - root - DEBUG - 3.1.3.1-Tens
2023-07-09 17:47:58,883 - root - DEBUG - 3.1.3.1.1-X
2023-07-09 17:47:58,883 - root - DEBUG - 3.1.3.1.2-Y
2023-07-09 17:47:58,883 - root - DEBUG - 3.1.3.1.3-ImageIndex
2023-07-09 17:47:58,883 - root - DEBUG - 3.1.3.1.4-ImagesCount
2023-07-09 17:47:58,883 - root - DEBUG - 3.1.3.2-Ones
2023-07-09 17:47:58,883 - root - DEBUG - 3.1.3.2.1-X
2023-07-09 17:47:58,883 - root - DEBUG - 3.1.3.2.2-Y
2023-07-09 17:47:58,883 - root - DEBUG - 3.1.3.2.3-ImageIndex
2023-07-09 17:47:58,883 - root - DEBUG - 3.1.3.2.4-ImagesCount
2023-07-09 17:47:58,883 - root - DEBUG - 3.1.5-SeparatorHours
2023-07-09 17:47:58,883 - root - DEBUG - 3.1.5.1-X
2023-07-09 17:47:58,883 - root - DEBUG - 3.1.5.2-Y
2023-07-09 17:47:58,883 - root - DEBUG - 3.1.5.3-ImageIndex
2023-07-09 17:47:58,883 - root - DEBUG - 3.1.7-UnknowBoolean7
2023-07-09 17:47:58,883 - root - DEBUG - 3.1.8-PaddingZeroMinutes
2023-07-09 17:47:58,883 - root - DEBUG - 4-Activity
2023-07-09 17:47:58,883 - root - DEBUG - 4.1-Steps
2023-07-09 17:47:58,883 - root - DEBUG - 4.1.1-ImageNumber
2023-07-09 17:47:58,883 - root - DEBUG - 4.1.1.1-TopLeftX
2023-07-09 17:47:58,883 - root - DEBUG - 4.1.1.2-TopLeftY
2023-07-09 17:47:58,883 - root - DEBUG - 4.1.1.3-BottomRightX
2023-07-09 17:47:58,883 - root - DEBUG - 4.1.1.4-BottomRightY
2023-07-09 17:47:58,883 - root - DEBUG - 4.1.1.5-Alignment
2023-07-09 17:47:58,883 - root - DEBUG - 4.1.1.6-Spacing
2023-07-09 17:47:58,883 - root - DEBUG - 4.1.1.7-VerticalOffset
2023-07-09 17:47:58,899 - root - DEBUG - 4.1.1.8-ImageIndex
2023-07-09 17:47:58,899 - root - DEBUG - 4.1.1.9-ImagesCount
2023-07-09 17:47:58,899 - root - DEBUG - 4.1.7-DelimiterTotalImageIndex
2023-07-09 17:47:58,899 - root - DEBUG - 4.3-Calories
2023-07-09 17:47:58,899 - root - DEBUG - 4.3.1-ImageNumber
2023-07-09 17:47:58,899 - root - DEBUG - 4.3.1.1-TopLeftX
2023-07-09 17:47:58,899 - root - DEBUG - 4.3.1.2-TopLeftY
2023-07-09 17:47:58,899 - root - DEBUG - 4.3.1.3-BottomRightX
2023-07-09 17:47:58,899 - root - DEBUG - 4.3.1.4-BottomRightY
2023-07-09 17:47:58,899 - root - DEBUG - 4.3.1.5-Alignment
2023-07-09 17:47:58,899 - root - DEBUG - 4.3.1.6-Spacing
2023-07-09 17:47:58,899 - root - DEBUG - 4.3.1.7-VerticalOffset
2023-07-09 17:47:58,899 - root - DEBUG - 4.3.1.8-ImageIndex
2023-07-09 17:47:58,899 - root - DEBUG - 4.3.1.9-ImagesCount
2023-07-09 17:47:58,899 - root - DEBUG - 4.4-HeartRate
2023-07-09 17:47:58,899 - root - DEBUG - 4.4.1-ImageNumber
2023-07-09 17:47:58,899 - root - DEBUG - 4.4.1.1-TopLeftX
2023-07-09 17:47:58,899 - root - DEBUG - 4.4.1.2-TopLeftY
2023-07-09 17:47:58,899 - root - DEBUG - 4.4.1.3-BottomRightX
2023-07-09 17:47:58,899 - root - DEBUG - 4.4.1.4-BottomRightY
2023-07-09 17:47:58,899 - root - DEBUG - 4.4.1.5-Alignment
2023-07-09 17:47:58,899 - root - DEBUG - 4.4.1.6-Spacing
2023-07-09 17:47:58,899 - root - DEBUG - 4.4.1.7-VerticalOffset
2023-07-09 17:47:58,899 - root - DEBUG - 4.4.1.8-ImageIndex
2023-07-09 17:47:58,899 - root - DEBUG - 4.4.1.9-ImagesCount
2023-07-09 17:47:58,899 - root - DEBUG - 4.4.3-NoDataImageIndex
2023-07-09 17:47:58,899 - root - DEBUG - 4.6-PAI
2023-07-09 17:47:58,899 - root - DEBUG - 4.6.1-ImageNumber
2023-07-09 17:47:58,899 - root - DEBUG - 4.6.1.1-TopLeftX
2023-07-09 17:47:58,899 - root - DEBUG - 4.6.1.2-TopLeftY
2023-07-09 17:47:58,899 - root - DEBUG - 4.6.1.3-BottomRightX
2023-07-09 17:47:58,899 - root - DEBUG - 4.6.1.4-BottomRightY
2023-07-09 17:47:58,899 - root - DEBUG - 4.6.1.5-Alignment
2023-07-09 17:47:58,899 - root - DEBUG - 4.6.1.6-Spacing
2023-07-09 17:47:58,899 - root - DEBUG - 4.6.1.7-VerticalOffset
2023-07-09 17:47:58,899 - root - DEBUG - 4.6.1.8-ImageIndex
2023-07-09 17:47:58,899 - root - DEBUG - 4.6.1.9-ImagesCount
2023-07-09 17:47:58,899 - root - DEBUG - 4.7-UnknownLongValue7
2023-07-09 17:47:58,899 - root - DEBUG - 5-DateBlock
2023-07-09 17:47:58,899 - root - DEBUG - 5.1-Date
2023-07-09 17:47:58,899 - root - DEBUG - 5.1.4-PaddingZeroMonth
2023-07-09 17:47:58,899 - root - DEBUG - 5.1.5-PaddingZeroDay
2023-07-09 17:47:58,899 - root - DEBUG - 5.1.6-UnknownBoolean6
2023-07-09 17:47:58,899 - root - DEBUG - 5.2-AmPm
2023-07-09 17:47:58,899 - root - DEBUG - 5.2.1-CommonX
2023-07-09 17:47:58,899 - root - DEBUG - 5.2.2-CommonY
2023-07-09 17:47:58,899 - root - DEBUG - 5.2.5-AmImageIndexEN
2023-07-09 17:47:58,899 - root - DEBUG - 5.2.6-PmImageIndexEN
2023-07-09 17:47:58,899 - root - DEBUG - 5.4-Weekday
2023-07-09 17:47:58,899 - root - DEBUG - 5.4.1-X
2023-07-09 17:47:58,899 - root - DEBUG - 5.4.2-Y
2023-07-09 17:47:58,899 - root - DEBUG - 5.4.3-ImageIndex
2023-07-09 17:47:58,899 - root - DEBUG - 5.4.4-ImagesCount
2023-07-09 17:47:58,899 - root - DEBUG - 7-StepProgress
2023-07-09 17:47:58,899 - root - DEBUG - 7.2-ImageProgress
2023-07-09 17:47:58,899 - root - DEBUG - 7.2.1-X
2023-07-09 17:47:58,899 - root - DEBUG - 7.2.2-Y
2023-07-09 17:47:58,899 - root - DEBUG - 7.2.3-ImageIndex
2023-07-09 17:47:58,899 - root - DEBUG - 7.2.4-ImagesCount
2023-07-09 17:47:58,899 - root - DEBUG - 9-Battery
2023-07-09 17:47:58,899 - root - DEBUG - 9.1-BatteryText
2023-07-09 17:47:58,899 - root - DEBUG - 9.1.1-ImageNumber
2023-07-09 17:47:58,899 - root - DEBUG - 9.1.1.1-TopLeftX
2023-07-09 17:47:58,899 - root - DEBUG - 9.1.1.2-TopLeftY
2023-07-09 17:47:58,899 - root - DEBUG - 9.1.1.3-BottomRightX
2023-07-09 17:47:58,899 - root - DEBUG - 9.1.1.4-BottomRightY
2023-07-09 17:47:58,899 - root - DEBUG - 9.1.1.5-Alignment
2023-07-09 17:47:58,899 - root - DEBUG - 9.1.1.6-Spacing
2023-07-09 17:47:58,899 - root - DEBUG - 9.1.1.7-VerticalOffset
2023-07-09 17:47:58,899 - root - DEBUG - 9.1.1.8-ImageIndex
2023-07-09 17:47:58,899 - root - DEBUG - 9.1.1.9-ImagesCount
2023-07-09 17:47:58,899 - root - DEBUG - 9.1.4-SuffixImageIndex
2023-07-09 17:47:58,899 - root - DEBUG - 9.2-ImageProgress
2023-07-09 17:47:58,899 - root - DEBUG - 9.2.1-X
2023-07-09 17:47:58,899 - root - DEBUG - 9.2.2-Y
2023-07-09 17:47:58,899 - root - DEBUG - 9.2.3-ImageIndex
2023-07-09 17:47:58,899 - root - DEBUG - 9.2.4-ImagesCount
2023-07-09 17:47:58,899 - root - DEBUG - generatePreviews
2023-07-09 17:47:58,899 - root - DEBUG - Generating previews...
2023-07-09 17:47:58,914 - root - DEBUG - Generating states done...
2023-07-09 17:47:58,914 - root - DEBUG - >>>>>>>>>>>> 0 <watchFaceParser.models.parameter.Parameter object at 0x000001CC1B1C1040>
2023-07-09 17:47:58,914 - root - DEBUG - >>>>>>>>>>>> 2 <watchFaceParser.models.parameter.Parameter object at 0x000001CC1B1B9190>
2023-07-09 17:47:58,930 - root - DEBUG - >>>>>>>>>>>> 3 <watchFaceParser.models.parameter.Parameter object at 0x000001CC1B1B9340>
2023-07-09 17:47:58,930 - root - DEBUG - >>>>>>>>>>>> 4 <watchFaceParser.models.parameter.Parameter object at 0x000001CC1B1BBCA0>
2023-07-09 17:47:58,945 - root - DEBUG - >>>>>>>>>>>> 5 <watchFaceParser.models.parameter.Parameter object at 0x000001CC1B1BE250>
2023-07-09 17:47:58,961 - root - DEBUG - >>>>>>>>>>>> 7 <watchFaceParser.models.parameter.Parameter object at 0x000001CC1B1BE910>
2023-07-09 17:47:58,961 - root - DEBUG - >>>>>>>>>>>> 9 <watchFaceParser.models.parameter.Parameter object at 0x000001CC1B1986A0>
2023-07-09 17:47:58,977 - root - DEBUG - Generating static preview gen done...
2023-07-09 17:47:59,039 - root - DEBUG - Generating static preview save done...
2023-07-09 17:47:59,039 - root - DEBUG - Generating anim preview gen done...
2023-07-09 17:47:59,039 - root - DEBUG - >>>>>>>>>>>> 0 <watchFaceParser.models.parameter.Parameter object at 0x000001CC1B1C1040>
2023-07-09 17:47:59,039 - root - DEBUG - >>>>>>>>>>>> 2 <watchFaceParser.models.parameter.Parameter object at 0x000001CC1B1B9190>
2023-07-09 17:47:59,039 - root - DEBUG - >>>>>>>>>>>> 3 <watchFaceParser.models.parameter.Parameter object at 0x000001CC1B1B9340>
2023-07-09 17:47:59,039 - root - DEBUG - >>>>>>>>>>>> 4 <watchFaceParser.models.parameter.Parameter object at 0x000001CC1B1BBCA0>
2023-07-09 17:47:59,039 - root - DEBUG - >>>>>>>>>>>> 5 <watchFaceParser.models.parameter.Parameter object at 0x000001CC1B1BE250>
2023-07-09 17:47:59,039 - root - DEBUG - >>>>>>>>>>>> 7 <watchFaceParser.models.parameter.Parameter object at 0x000001CC1B1BE910>
2023-07-09 17:47:59,039 - root - DEBUG - >>>>>>>>>>>> 9 <watchFaceParser.models.parameter.Parameter object at 0x000001CC1B1986A0>
2023-07-09 17:47:59,164 - root - DEBUG - generatePreviews done
2023-07-09 17:47:59,164 - root - DEBUG - Exporting resources to 'E:\Codez\zepp-bip3-wf\37a8d4a16ea548d7fedb72a645479c95'
2023-07-09 17:47:59,164 - root - DEBUG - extracting E:\Codez\zepp-bip3-wf\37a8d4a16ea548d7fedb72a645479c95\0000.png...
2023-07-09 17:47:59,164 - root - DEBUG - extracting E:\Codez\zepp-bip3-wf\37a8d4a16ea548d7fedb72a645479c95\0001.png...
2023-07-09 17:47:59,180 - root - DEBUG - extracting E:\Codez\zepp-bip3-wf\37a8d4a16ea548d7fedb72a645479c95\0002.png...
2023-07-09 17:47:59,180 - root - DEBUG - extracting E:\Codez\zepp-bip3-wf\37a8d4a16ea548d7fedb72a645479c95\0003.png...
2023-07-09 17:47:59,180 - root - DEBUG - extracting E:\Codez\zepp-bip3-wf\37a8d4a16ea548d7fedb72a645479c95\0004.png...
2023-07-09 17:47:59,180 - root - DEBUG - extracting E:\Codez\zepp-bip3-wf\37a8d4a16ea548d7fedb72a645479c95\0005.png...
2023-07-09 17:47:59,180 - root - DEBUG - extracting E:\Codez\zepp-bip3-wf\37a8d4a16ea548d7fedb72a645479c95\0006.png...
2023-07-09 17:47:59,195 - root - DEBUG - extracting E:\Codez\zepp-bip3-wf\37a8d4a16ea548d7fedb72a645479c95\0007.png...
2023-07-09 17:47:59,195 - root - DEBUG - extracting E:\Codez\zepp-bip3-wf\37a8d4a16ea548d7fedb72a645479c95\0008.png...
2023-07-09 17:47:59,195 - root - DEBUG - extracting E:\Codez\zepp-bip3-wf\37a8d4a16ea548d7fedb72a645479c95\0009.png...
2023-07-09 17:47:59,195 - root - DEBUG - extracting E:\Codez\zepp-bip3-wf\37a8d4a16ea548d7fedb72a645479c95\0010.png...
2023-07-09 17:47:59,195 - root - DEBUG - extracting E:\Codez\zepp-bip3-wf\37a8d4a16ea548d7fedb72a645479c95\0011.png...
2023-07-09 17:47:59,195 - root - DEBUG - extracting E:\Codez\zepp-bip3-wf\37a8d4a16ea548d7fedb72a645479c95\0012.png...
2023-07-09 17:47:59,195 - root - DEBUG - extracting E:\Codez\zepp-bip3-wf\37a8d4a16ea548d7fedb72a645479c95\0013.png...
2023-07-09 17:47:59,195 - root - DEBUG - extracting E:\Codez\zepp-bip3-wf\37a8d4a16ea548d7fedb72a645479c95\0014.png...
2023-07-09 17:47:59,195 - root - DEBUG - extracting E:\Codez\zepp-bip3-wf\37a8d4a16ea548d7fedb72a645479c95\0015.png...
2023-07-09 17:47:59,195 - root - DEBUG - extracting E:\Codez\zepp-bip3-wf\37a8d4a16ea548d7fedb72a645479c95\0016.png...
2023-07-09 17:47:59,195 - root - DEBUG - extracting E:\Codez\zepp-bip3-wf\37a8d4a16ea548d7fedb72a645479c95\0017.png...
2023-07-09 17:47:59,195 - root - DEBUG - extracting E:\Codez\zepp-bip3-wf\37a8d4a16ea548d7fedb72a645479c95\0018.png...
2023-07-09 17:47:59,195 - root - DEBUG - extracting E:\Codez\zepp-bip3-wf\37a8d4a16ea548d7fedb72a645479c95\0019.png...
2023-07-09 17:47:59,211 - root - DEBUG - extracting E:\Codez\zepp-bip3-wf\37a8d4a16ea548d7fedb72a645479c95\0020.png...
2023-07-09 17:47:59,211 - root - DEBUG - extracting E:\Codez\zepp-bip3-wf\37a8d4a16ea548d7fedb72a645479c95\0021.png...
2023-07-09 17:47:59,211 - root - DEBUG - extracting E:\Codez\zepp-bip3-wf\37a8d4a16ea548d7fedb72a645479c95\0022.png...
2023-07-09 17:47:59,211 - root - DEBUG - extracting E:\Codez\zepp-bip3-wf\37a8d4a16ea548d7fedb72a645479c95\0023.png...
2023-07-09 17:47:59,211 - root - DEBUG - extracting E:\Codez\zepp-bip3-wf\37a8d4a16ea548d7fedb72a645479c95\0024.png...
2023-07-09 17:47:59,211 - root - DEBUG - extracting E:\Codez\zepp-bip3-wf\37a8d4a16ea548d7fedb72a645479c95\0025.png...
2023-07-09 17:47:59,211 - root - DEBUG - extracting E:\Codez\zepp-bip3-wf\37a8d4a16ea548d7fedb72a645479c95\0026.png...
2023-07-09 17:47:59,211 - root - DEBUG - extracting E:\Codez\zepp-bip3-wf\37a8d4a16ea548d7fedb72a645479c95\0027.png...
2023-07-09 17:47:59,211 - root - DEBUG - extracting E:\Codez\zepp-bip3-wf\37a8d4a16ea548d7fedb72a645479c95\0028.png...
2023-07-09 17:47:59,227 - root - DEBUG - extracting E:\Codez\zepp-bip3-wf\37a8d4a16ea548d7fedb72a645479c95\0029.png...
2023-07-09 17:47:59,227 - root - DEBUG - extracting E:\Codez\zepp-bip3-wf\37a8d4a16ea548d7fedb72a645479c95\0030.png...
2023-07-09 17:47:59,227 - root - DEBUG - extracting E:\Codez\zepp-bip3-wf\37a8d4a16ea548d7fedb72a645479c95\0031.png...
2023-07-09 17:47:59,227 - root - DEBUG - extracting E:\Codez\zepp-bip3-wf\37a8d4a16ea548d7fedb72a645479c95\0032.png...
2023-07-09 17:47:59,227 - root - DEBUG - extracting E:\Codez\zepp-bip3-wf\37a8d4a16ea548d7fedb72a645479c95\0033.png...
2023-07-09 17:47:59,227 - root - DEBUG - extracting E:\Codez\zepp-bip3-wf\37a8d4a16ea548d7fedb72a645479c95\0034.png...
2023-07-09 17:47:59,227 - root - DEBUG - extracting E:\Codez\zepp-bip3-wf\37a8d4a16ea548d7fedb72a645479c95\0035.png...
2023-07-09 17:47:59,227 - root - DEBUG - extracting E:\Codez\zepp-bip3-wf\37a8d4a16ea548d7fedb72a645479c95\0036.png...
2023-07-09 17:47:59,227 - root - DEBUG - extracting E:\Codez\zepp-bip3-wf\37a8d4a16ea548d7fedb72a645479c95\0037.png...
2023-07-09 17:47:59,227 - root - DEBUG - extracting E:\Codez\zepp-bip3-wf\37a8d4a16ea548d7fedb72a645479c95\0038.png...
2023-07-09 17:47:59,227 - root - DEBUG - extracting E:\Codez\zepp-bip3-wf\37a8d4a16ea548d7fedb72a645479c95\0039.png...
2023-07-09 17:47:59,227 - root - DEBUG - extracting E:\Codez\zepp-bip3-wf\37a8d4a16ea548d7fedb72a645479c95\0040.png...
2023-07-09 17:47:59,227 - root - DEBUG - extracting E:\Codez\zepp-bip3-wf\37a8d4a16ea548d7fedb72a645479c95\0041.png...
2023-07-09 17:47:59,227 - root - DEBUG - extracting E:\Codez\zepp-bip3-wf\37a8d4a16ea548d7fedb72a645479c95\0042.png...
2023-07-09 17:47:59,242 - root - DEBUG - extracting E:\Codez\zepp-bip3-wf\37a8d4a16ea548d7fedb72a645479c95\0043.png...
2023-07-09 17:47:59,242 - root - DEBUG - extracting E:\Codez\zepp-bip3-wf\37a8d4a16ea548d7fedb72a645479c95\0044.png...
2023-07-09 17:47:59,242 - root - DEBUG - extracting E:\Codez\zepp-bip3-wf\37a8d4a16ea548d7fedb72a645479c95\0045.png...
2023-07-09 17:47:59,242 - root - DEBUG - extracting E:\Codez\zepp-bip3-wf\37a8d4a16ea548d7fedb72a645479c95\0046.png...
2023-07-09 17:47:59,242 - root - DEBUG - extracting E:\Codez\zepp-bip3-wf\37a8d4a16ea548d7fedb72a645479c95\0047.png...
2023-07-09 17:47:59,242 - root - DEBUG - extracting E:\Codez\zepp-bip3-wf\37a8d4a16ea548d7fedb72a645479c95\0048.png...
2023-07-09 17:47:59,242 - root - DEBUG - extracting E:\Codez\zepp-bip3-wf\37a8d4a16ea548d7fedb72a645479c95\0049.png...
2023-07-09 17:47:59,242 - root - DEBUG - extracting E:\Codez\zepp-bip3-wf\37a8d4a16ea548d7fedb72a645479c95\0050.png...
2023-07-09 17:47:59,242 - root - DEBUG - extracting E:\Codez\zepp-bip3-wf\37a8d4a16ea548d7fedb72a645479c95\0051.png...
2023-07-09 17:47:59,242 - root - DEBUG - extracting E:\Codez\zepp-bip3-wf\37a8d4a16ea548d7fedb72a645479c95\0052.png...
2023-07-09 17:47:59,242 - root - DEBUG - extracting E:\Codez\zepp-bip3-wf\37a8d4a16ea548d7fedb72a645479c95\0053.png...
2023-07-09 17:47:59,242 - root - DEBUG - extracting E:\Codez\zepp-bip3-wf\37a8d4a16ea548d7fedb72a645479c95\0054.png...
2023-07-09 17:47:59,242 - root - DEBUG - extracting E:\Codez\zepp-bip3-wf\37a8d4a16ea548d7fedb72a645479c95\0055.png...
2023-07-09 17:47:59,242 - root - DEBUG - extracting E:\Codez\zepp-bip3-wf\37a8d4a16ea548d7fedb72a645479c95\0056.png...
2023-07-09 17:47:59,258 - root - DEBUG - extracting E:\Codez\zepp-bip3-wf\37a8d4a16ea548d7fedb72a645479c95\0057.png...
2023-07-09 17:47:59,258 - root - DEBUG - extracting E:\Codez\zepp-bip3-wf\37a8d4a16ea548d7fedb72a645479c95\0058.png...
2023-07-09 17:47:59,258 - root - DEBUG - extracting E:\Codez\zepp-bip3-wf\37a8d4a16ea548d7fedb72a645479c95\0059.png...
2023-07-09 17:47:59,258 - root - DEBUG - extracting E:\Codez\zepp-bip3-wf\37a8d4a16ea548d7fedb72a645479c95\0060.png...
2023-07-09 17:47:59,258 - root - DEBUG - extracting E:\Codez\zepp-bip3-wf\37a8d4a16ea548d7fedb72a645479c95\0061.png...
2023-07-09 17:47:59,258 - root - DEBUG - extracting E:\Codez\zepp-bip3-wf\37a8d4a16ea548d7fedb72a645479c95\0062.png...
2023-07-09 17:47:59,258 - root - DEBUG - extracting E:\Codez\zepp-bip3-wf\37a8d4a16ea548d7fedb72a645479c95\0063.png...
2023-07-09 17:47:59,258 - root - DEBUG - extracting E:\Codez\zepp-bip3-wf\37a8d4a16ea548d7fedb72a645479c95\0064.png...
2023-07-09 17:47:59,258 - root - DEBUG - extracting E:\Codez\zepp-bip3-wf\37a8d4a16ea548d7fedb72a645479c95\0065.png...
2023-07-09 17:47:59,258 - root - DEBUG - extracting E:\Codez\zepp-bip3-wf\37a8d4a16ea548d7fedb72a645479c95\0066.png...
2023-07-09 17:47:59,258 - root - DEBUG - extracting E:\Codez\zepp-bip3-wf\37a8d4a16ea548d7fedb72a645479c95\0067.png...
2023-07-09 17:47:59,258 - root - DEBUG - extracting E:\Codez\zepp-bip3-wf\37a8d4a16ea548d7fedb72a645479c95\0068.png...
2023-07-09 17:47:59,258 - root - DEBUG - extracting E:\Codez\zepp-bip3-wf\37a8d4a16ea548d7fedb72a645479c95\0069.png...
2023-07-09 17:47:59,274 - root - DEBUG - extracting E:\Codez\zepp-bip3-wf\37a8d4a16ea548d7fedb72a645479c95\0070.png...
2023-07-09 17:47:59,274 - root - DEBUG - extracting E:\Codez\zepp-bip3-wf\37a8d4a16ea548d7fedb72a645479c95\0071.png...
2023-07-09 17:47:59,274 - root - DEBUG - extracting E:\Codez\zepp-bip3-wf\37a8d4a16ea548d7fedb72a645479c95\0072.png...
2023-07-09 17:47:59,274 - root - DEBUG - extracting E:\Codez\zepp-bip3-wf\37a8d4a16ea548d7fedb72a645479c95\0073.png...
2023-07-09 17:47:59,274 - root - DEBUG - extracting E:\Codez\zepp-bip3-wf\37a8d4a16ea548d7fedb72a645479c95\0074.png...
2023-07-09 17:47:59,274 - root - DEBUG - extracting E:\Codez\zepp-bip3-wf\37a8d4a16ea548d7fedb72a645479c95\0075.png...
2023-07-09 17:47:59,274 - root - DEBUG - extracting E:\Codez\zepp-bip3-wf\37a8d4a16ea548d7fedb72a645479c95\0076.png...
2023-07-09 17:47:59,274 - root - DEBUG - extracting E:\Codez\zepp-bip3-wf\37a8d4a16ea548d7fedb72a645479c95\0077.png...
2023-07-09 17:47:59,274 - root - DEBUG - extracting E:\Codez\zepp-bip3-wf\37a8d4a16ea548d7fedb72a645479c95\0078.png...
2023-07-09 17:47:59,274 - root - DEBUG - extracting E:\Codez\zepp-bip3-wf\37a8d4a16ea548d7fedb72a645479c95\0079.png...
2023-07-09 17:47:59,274 - root - DEBUG - extracting E:\Codez\zepp-bip3-wf\37a8d4a16ea548d7fedb72a645479c95\0080.png...
2023-07-09 17:47:59,274 - root - DEBUG - extracting E:\Codez\zepp-bip3-wf\37a8d4a16ea548d7fedb72a645479c95\0081.png...
2023-07-09 17:47:59,274 - root - DEBUG - extracting E:\Codez\zepp-bip3-wf\37a8d4a16ea548d7fedb72a645479c95\0082.png...
2023-07-09 17:47:59,289 - root - DEBUG - extracting E:\Codez\zepp-bip3-wf\37a8d4a16ea548d7fedb72a645479c95\0083.png...
2023-07-09 17:47:59,289 - root - DEBUG - extracting E:\Codez\zepp-bip3-wf\37a8d4a16ea548d7fedb72a645479c95\0084.png...
2023-07-09 17:47:59,289 - root - DEBUG - Exporting config...
