2023-01-20 23:17:18,544 - root - DEBUG - Opening watch face 'E:\Codez\zepp-bip3-wf\58e3ed3c1c2a01e1caaab606fff6c5b3.bin'
2023-01-20 23:17:18,544 - root - DEBUG - Reading parameters...
2023-01-20 23:17:18,544 - root - INFO - Reading header...
2023-01-20 23:17:18,544 - root - INFO - Header was read:
2023-01-20 23:17:18,544 - root - INFO - Signature: b'UIHH\x01\x00\xff', Unknown: 55, ParametersSize: 55, isValid: True, deviceId: 71
2023-01-20 23:17:18,544 - root - INFO - Reading parameter offsets...
2023-01-20 23:17:18,544 - root - INFO - Parameter offsets were read from file
2023-01-20 23:17:18,544 - root - INFO - Reading parameters descriptor...
2023-01-20 23:17:18,544 - root - INFO - 1 ( A): 5 bytes
2023-01-20 23:17:18,544 - root - INFO -     1 ( 8): 134 86
2023-01-20 23:17:18,544 - root - INFO -     2 (10): 88 58
2023-01-20 23:17:18,544 - root - INFO - getParameters descriptor was read:
2023-01-20 23:17:18,544 - root - INFO - ParametersTableLength: 134, ImagesCount: 88
2023-01-20 23:17:18,544 - root - INFO - Reading parameters locations...
2023-01-20 23:17:18,544 - root - INFO - 2 (12): 4 bytes
2023-01-20 23:17:18,544 - root - INFO -     1 ( 8): 0  0
2023-01-20 23:17:18,544 - root - INFO -     2 (10): 16 10
2023-01-20 23:17:18,544 - root - INFO - 3 (1A): 4 bytes
2023-01-20 23:17:18,544 - root - INFO -     1 ( 8): 16 10
2023-01-20 23:17:18,544 - root - INFO -     2 (10): 52 34
2023-01-20 23:17:18,544 - root - INFO - 5 (2A): 4 bytes
2023-01-20 23:17:18,544 - root - INFO -     1 ( 8): 68 44
2023-01-20 23:17:18,544 - root - INFO -     2 (10): 8  8
2023-01-20 23:17:18,544 - root - INFO - 6 (32): 4 bytes
2023-01-20 23:17:18,544 - root - INFO -     1 ( 8): 76 4C
2023-01-20 23:17:18,544 - root - INFO -     2 (10): 13  D
2023-01-20 23:17:18,544 - root - INFO - 7 (3A): 4 bytes
2023-01-20 23:17:18,544 - root - INFO -     1 ( 8): 89 59
2023-01-20 23:17:18,544 - root - INFO -     2 (10): 11  B
2023-01-20 23:17:18,544 - root - INFO - 9 (4A): 4 bytes
2023-01-20 23:17:18,544 - root - INFO -     1 ( 8): 111 6F
2023-01-20 23:17:18,544 - root - INFO -     2 (10): 12  C
2023-01-20 23:17:18,544 - root - INFO - 12 (62): 4 bytes
2023-01-20 23:17:18,544 - root - INFO -     1 ( 8): 100 64
2023-01-20 23:17:18,544 - root - INFO -     2 (10): 11  B
2023-01-20 23:17:18,544 - root - INFO - 15 (7A): 4 bytes
2023-01-20 23:17:18,544 - root - INFO -     1 ( 8): 123 7B
2023-01-20 23:17:18,544 - root - INFO -     2 (10): 11  B
2023-01-20 23:17:18,544 - root - INFO - Watch face parameters locations were read:
2023-01-20 23:17:18,544 - root - INFO - Reading descriptor for parameter 2
2023-01-20 23:17:18,544 - root - INFO - Descriptor offset: 0, Descriptor length: 16
2023-01-20 23:17:18,544 - root - INFO - Parsing descriptor for parameter 2...
2023-01-20 23:17:18,544 - root - INFO - 1 ( A): 6 bytes
2023-01-20 23:17:18,544 - root - INFO -     1 ( 8): 0  0
2023-01-20 23:17:18,554 - root - INFO -     2 (10): 0  0
2023-01-20 23:17:18,554 - root - INFO -     3 (18): 1  1
2023-01-20 23:17:18,554 - root - INFO - 3 (1A): 6 bytes
2023-01-20 23:17:18,554 - root - INFO -     1 ( 8): 0  0
2023-01-20 23:17:18,554 - root - INFO -     2 (10): 0  0
2023-01-20 23:17:18,554 - root - INFO -     3 (18): 0  0
2023-01-20 23:17:18,554 - root - INFO - Reading descriptor for parameter 3
2023-01-20 23:17:18,554 - root - INFO - Descriptor offset: 16, Descriptor length: 52
2023-01-20 23:17:18,554 - root - INFO - Parsing descriptor for parameter 3...
2023-01-20 23:17:18,554 - root - INFO - 1 ( A): 50 bytes
2023-01-20 23:17:18,554 - root - INFO -     1 ( A): 20 bytes
2023-01-20 23:17:18,554 - root - INFO -         1 ( A): 8 bytes
2023-01-20 23:17:18,554 - root - INFO -             1 ( 8): 14  E
2023-01-20 23:17:18,554 - root - INFO -             2 (10): 10  A
2023-01-20 23:17:18,554 - root - INFO -             3 (18): 2  2
2023-01-20 23:17:18,554 - root - INFO -             4 (20): 10  A
2023-01-20 23:17:18,554 - root - INFO -         2 (12): 8 bytes
2023-01-20 23:17:18,554 - root - INFO -             1 ( 8): 89 59
2023-01-20 23:17:18,554 - root - INFO -             2 (10): 10  A
2023-01-20 23:17:18,554 - root - INFO -             3 (18): 2  2
2023-01-20 23:17:18,554 - root - INFO -             4 (20): 10  A
2023-01-20 23:17:18,554 - root - INFO -     2 (12): 22 bytes
2023-01-20 23:17:18,554 - root - INFO -         1 ( A): 9 bytes
2023-01-20 23:17:18,554 - root - INFO -             1 ( 8): 14  E
2023-01-20 23:17:18,554 - root - INFO -             2 (10): 140 8C
2023-01-20 23:17:18,554 - root - INFO -             3 (18): 12  C
2023-01-20 23:17:18,557 - root - INFO -             4 (20): 10  A
2023-01-20 23:17:18,557 - root - INFO -         2 (12): 9 bytes
2023-01-20 23:17:18,557 - root - INFO -             1 ( 8): 89 59
2023-01-20 23:17:18,557 - root - INFO -             2 (10): 140 8C
2023-01-20 23:17:18,557 - root - INFO -             3 (18): 12  C
2023-01-20 23:17:18,557 - root - INFO -             4 (20): 10  A
2023-01-20 23:17:18,557 - root - INFO -     7 (38): 0  0
2023-01-20 23:17:18,557 - root - INFO -     8 (40): 1  1
2023-01-20 23:17:18,557 - root - INFO - Reading descriptor for parameter 5
2023-01-20 23:17:18,557 - root - INFO - Descriptor offset: 68, Descriptor length: 8
2023-01-20 23:17:18,557 - root - INFO - Parsing descriptor for parameter 5...
2023-01-20 23:17:18,557 - root - INFO - 1 ( A): 6 bytes
2023-01-20 23:17:18,557 - root - INFO -     4 (20): 1  1
2023-01-20 23:17:18,557 - root - INFO -     5 (28): 1  1
2023-01-20 23:17:18,557 - root - INFO -     6 (30): 0  0
2023-01-20 23:17:18,557 - root - INFO - Reading descriptor for parameter 6
2023-01-20 23:17:18,557 - root - INFO - Descriptor offset: 76, Descriptor length: 13
2023-01-20 23:17:18,557 - root - INFO - Parsing descriptor for parameter 6...
2023-01-20 23:17:18,557 - root - INFO - 1 ( A): 11 bytes
2023-01-20 23:17:18,557 - root - INFO -     2 (12): 9 bytes
2023-01-20 23:17:18,557 - root - INFO -         1 ( 8): 183 B7
2023-01-20 23:17:18,557 - root - INFO -         2 (10): 123 7B
2023-01-20 23:17:18,557 - root - INFO -         3 (18): 22 16
2023-01-20 23:17:18,557 - root - INFO -         4 (20): 26 1A
2023-01-20 23:17:18,557 - root - INFO - Reading descriptor for parameter 7
2023-01-20 23:17:18,557 - root - INFO - Descriptor offset: 89, Descriptor length: 11
2023-01-20 23:17:18,557 - root - INFO - Parsing descriptor for parameter 7...
2023-01-20 23:17:18,557 - root - INFO - 2 (12): 9 bytes
2023-01-20 23:17:18,557 - root - INFO -     1 ( 8): 177 B1
2023-01-20 23:17:18,557 - root - INFO -     2 (10): 36 24
2023-01-20 23:17:18,557 - root - INFO -     3 (18): 48 30
2023-01-20 23:17:18,557 - root - INFO -     4 (20): 10  A
2023-01-20 23:17:18,557 - root - INFO - Reading descriptor for parameter 9
2023-01-20 23:17:18,557 - root - INFO - Descriptor offset: 111, Descriptor length: 12
2023-01-20 23:17:18,557 - root - INFO - Parsing descriptor for parameter 9...
2023-01-20 23:17:18,557 - root - INFO - 2 (12): 10 bytes
2023-01-20 23:17:18,557 - root - INFO -     1 ( 8): 177 B1
2023-01-20 23:17:18,557 - root - INFO -     2 (10): 192 C0
2023-01-20 23:17:18,557 - root - INFO -     3 (18): 68 44
2023-01-20 23:17:18,557 - root - INFO -     4 (20): 10  A
2023-01-20 23:17:18,557 - root - INFO - Reading descriptor for parameter 12
2023-01-20 23:17:18,557 - root - INFO - Descriptor offset: 100, Descriptor length: 11
2023-01-20 23:17:18,557 - root - INFO - Parsing descriptor for parameter 12...
2023-01-20 23:17:18,557 - root - INFO - 2 (12): 9 bytes
2023-01-20 23:17:18,557 - root - INFO -     1 ( 8): 177 B1
2023-01-20 23:17:18,557 - root - INFO -     2 (10): 36 24
2023-01-20 23:17:18,557 - root - INFO -     3 (18): 58 3A
2023-01-20 23:17:18,557 - root - INFO -     4 (20): 10  A
2023-01-20 23:17:18,557 - root - INFO - Reading descriptor for parameter 15
2023-01-20 23:17:18,557 - root - INFO - Descriptor offset: 123, Descriptor length: 11
2023-01-20 23:17:18,557 - root - INFO - Parsing descriptor for parameter 15...
2023-01-20 23:17:18,557 - root - INFO - 2 (12): 9 bytes
2023-01-20 23:17:18,557 - root - INFO -     1 ( 8): 177 B1
2023-01-20 23:17:18,557 - root - INFO -     2 (10): 36 24
2023-01-20 23:17:18,557 - root - INFO -     3 (18): 78 4E
2023-01-20 23:17:18,557 - root - INFO -     4 (20): 10  A
2023-01-20 23:17:18,564 - root - INFO - Reading resources offsets table with 88 elements (352 bytes)
2023-01-20 23:17:18,564 - root - INFO - Resource 0 offset: 628, length: 51224...
2023-01-20 23:17:18,564 - root - DEBUG - Reading resource 0...
2023-01-20 23:17:18,594 - root - INFO - The image is bmc.
2023-01-20 23:17:18,594 - root - INFO - Reading image header(readHeader16C)...
2023-01-20 23:17:18,594 - root - INFO - Image header was read:
2023-01-20 23:17:18,594 - root - INFO - Width: 148, Height: 173, RowLength: 296
2023-01-20 23:17:18,594 - root - INFO - _step: 2, unknown2: 0,
2023-01-20 23:17:18,594 - root - INFO - BPP: 16, Transparency: False
2023-01-20 23:17:18,694 - root - INFO - Resource 1 offset: 51852, length: 134416...
2023-01-20 23:17:18,694 - root - DEBUG - Reading resource 1...
2023-01-20 23:17:18,694 - root - INFO - The image is bmc.
2023-01-20 23:17:18,694 - root - INFO - Reading image header(readHeader16C)...
2023-01-20 23:17:18,694 - root - INFO - Image header was read:
2023-01-20 23:17:18,694 - root - INFO - Width: 240, Height: 280, RowLength: 480
2023-01-20 23:17:18,694 - root - INFO - _step: 2, unknown2: 0,
2023-01-20 23:17:18,694 - root - INFO - BPP: 16, Transparency: False
2023-01-20 23:17:18,964 - root - INFO - Resource 2 offset: 186268, length: 11432...
2023-01-20 23:17:18,964 - root - DEBUG - Reading resource 2...
2023-01-20 23:17:18,964 - root - INFO - The image is bme.
2023-01-20 23:17:18,964 - root - INFO - Reading image header(readHeader16E)...
2023-01-20 23:17:18,964 - root - INFO - Image header was read:
2023-01-20 23:17:18,964 - root - INFO - Width: 75, Height: 130, RowLength: 150
2023-01-20 23:17:18,964 - root - INFO - datalength: 11416, _step: 2
2023-01-20 23:17:18,964 - root - INFO - BPP: 16, Transparency: False
2023-01-20 23:17:18,985 - root - INFO - Resource 3 offset: 197700, length: 6080...
2023-01-20 23:17:18,985 - root - DEBUG - Reading resource 3...
2023-01-20 23:17:18,985 - root - INFO - The image is bme.
2023-01-20 23:17:18,985 - root - INFO - Reading image header(readHeader16E)...
2023-01-20 23:17:18,985 - root - INFO - Image header was read:
2023-01-20 23:17:18,985 - root - INFO - Width: 75, Height: 130, RowLength: 150
2023-01-20 23:17:18,985 - root - INFO - datalength: 6064, _step: 2
2023-01-20 23:17:18,985 - root - INFO - BPP: 16, Transparency: False
2023-01-20 23:17:19,001 - root - INFO - Resource 4 offset: 203780, length: 9930...
2023-01-20 23:17:19,001 - root - DEBUG - Reading resource 4...
2023-01-20 23:17:19,001 - root - INFO - The image is bme.
2023-01-20 23:17:19,001 - root - INFO - Reading image header(readHeader16E)...
2023-01-20 23:17:19,001 - root - INFO - Image header was read:
2023-01-20 23:17:19,001 - root - INFO - Width: 75, Height: 130, RowLength: 150
2023-01-20 23:17:19,001 - root - INFO - datalength: 9914, _step: 2
2023-01-20 23:17:19,001 - root - INFO - BPP: 16, Transparency: False
2023-01-20 23:17:19,017 - root - INFO - Resource 5 offset: 213710, length: 10220...
2023-01-20 23:17:19,017 - root - DEBUG - Reading resource 5...
2023-01-20 23:17:19,017 - root - INFO - The image is bme.
2023-01-20 23:17:19,017 - root - INFO - Reading image header(readHeader16E)...
2023-01-20 23:17:19,024 - root - INFO - Image header was read:
2023-01-20 23:17:19,024 - root - INFO - Width: 75, Height: 130, RowLength: 150
2023-01-20 23:17:19,024 - root - INFO - datalength: 10204, _step: 2
2023-01-20 23:17:19,024 - root - INFO - BPP: 16, Transparency: False
2023-01-20 23:17:19,044 - root - INFO - Resource 6 offset: 223930, length: 9192...
2023-01-20 23:17:19,044 - root - DEBUG - Reading resource 6...
2023-01-20 23:17:19,044 - root - INFO - The image is bme.
2023-01-20 23:17:19,044 - root - INFO - Reading image header(readHeader16E)...
2023-01-20 23:17:19,044 - root - INFO - Image header was read:
2023-01-20 23:17:19,044 - root - INFO - Width: 75, Height: 130, RowLength: 150
2023-01-20 23:17:19,044 - root - INFO - datalength: 9176, _step: 2
2023-01-20 23:17:19,044 - root - INFO - BPP: 16, Transparency: False
2023-01-20 23:17:19,064 - root - INFO - Resource 7 offset: 233122, length: 10432...
2023-01-20 23:17:19,064 - root - DEBUG - Reading resource 7...
2023-01-20 23:17:19,064 - root - INFO - The image is bme.
2023-01-20 23:17:19,064 - root - INFO - Reading image header(readHeader16E)...
2023-01-20 23:17:19,064 - root - INFO - Image header was read:
2023-01-20 23:17:19,064 - root - INFO - Width: 75, Height: 130, RowLength: 150
2023-01-20 23:17:19,064 - root - INFO - datalength: 10416, _step: 2
2023-01-20 23:17:19,064 - root - INFO - BPP: 16, Transparency: False
2023-01-20 23:17:19,084 - root - INFO - Resource 8 offset: 243554, length: 11138...
2023-01-20 23:17:19,084 - root - DEBUG - Reading resource 8...
2023-01-20 23:17:19,084 - root - INFO - The image is bme.
2023-01-20 23:17:19,084 - root - INFO - Reading image header(readHeader16E)...
2023-01-20 23:17:19,084 - root - INFO - Image header was read:
2023-01-20 23:17:19,084 - root - INFO - Width: 75, Height: 130, RowLength: 150
2023-01-20 23:17:19,084 - root - INFO - datalength: 11122, _step: 2
2023-01-20 23:17:19,084 - root - INFO - BPP: 16, Transparency: False
2023-01-20 23:17:19,104 - root - INFO - Resource 9 offset: 254692, length: 6490...
2023-01-20 23:17:19,104 - root - DEBUG - Reading resource 9...
2023-01-20 23:17:19,104 - root - INFO - The image is bme.
2023-01-20 23:17:19,104 - root - INFO - Reading image header(readHeader16E)...
2023-01-20 23:17:19,104 - root - INFO - Image header was read:
2023-01-20 23:17:19,104 - root - INFO - Width: 75, Height: 130, RowLength: 150
2023-01-20 23:17:19,104 - root - INFO - datalength: 6474, _step: 2
2023-01-20 23:17:19,104 - root - INFO - BPP: 16, Transparency: False
2023-01-20 23:17:19,124 - root - INFO - Resource 10 offset: 261182, length: 11478...
2023-01-20 23:17:19,124 - root - DEBUG - Reading resource 10...
2023-01-20 23:17:19,124 - root - INFO - The image is bme.
2023-01-20 23:17:19,124 - root - INFO - Reading image header(readHeader16E)...
2023-01-20 23:17:19,124 - root - INFO - Image header was read:
2023-01-20 23:17:19,124 - root - INFO - Width: 75, Height: 130, RowLength: 150
2023-01-20 23:17:19,124 - root - INFO - datalength: 11462, _step: 2
2023-01-20 23:17:19,124 - root - INFO - BPP: 16, Transparency: False
2023-01-20 23:17:19,145 - root - INFO - Resource 11 offset: 272660, length: 11082...
2023-01-20 23:17:19,145 - root - DEBUG - Reading resource 11...
2023-01-20 23:17:19,145 - root - INFO - The image is bme.
2023-01-20 23:17:19,145 - root - INFO - Reading image header(readHeader16E)...
2023-01-20 23:17:19,145 - root - INFO - Image header was read:
2023-01-20 23:17:19,145 - root - INFO - Width: 75, Height: 130, RowLength: 150
2023-01-20 23:17:19,145 - root - INFO - datalength: 11066, _step: 2
2023-01-20 23:17:19,145 - root - INFO - BPP: 16, Transparency: False
2023-01-20 23:17:19,167 - root - INFO - Resource 12 offset: 283742, length: 11432...
2023-01-20 23:17:19,167 - root - DEBUG - Reading resource 12...
2023-01-20 23:17:19,167 - root - INFO - The image is bme.
2023-01-20 23:17:19,167 - root - INFO - Reading image header(readHeader16E)...
2023-01-20 23:17:19,167 - root - INFO - Image header was read:
2023-01-20 23:17:19,167 - root - INFO - Width: 75, Height: 130, RowLength: 150
2023-01-20 23:17:19,167 - root - INFO - datalength: 11416, _step: 2
2023-01-20 23:17:19,167 - root - INFO - BPP: 16, Transparency: False
2023-01-20 23:17:19,194 - root - INFO - Resource 13 offset: 295174, length: 6080...
2023-01-20 23:17:19,194 - root - DEBUG - Reading resource 13...
2023-01-20 23:17:19,194 - root - INFO - The image is bme.
2023-01-20 23:17:19,194 - root - INFO - Reading image header(readHeader16E)...
2023-01-20 23:17:19,194 - root - INFO - Image header was read:
2023-01-20 23:17:19,194 - root - INFO - Width: 75, Height: 130, RowLength: 150
2023-01-20 23:17:19,194 - root - INFO - datalength: 6064, _step: 2
2023-01-20 23:17:19,194 - root - INFO - BPP: 16, Transparency: False
2023-01-20 23:17:19,204 - root - INFO - Resource 14 offset: 301254, length: 9930...
2023-01-20 23:17:19,204 - root - DEBUG - Reading resource 14...
2023-01-20 23:17:19,204 - root - INFO - The image is bme.
2023-01-20 23:17:19,204 - root - INFO - Reading image header(readHeader16E)...
2023-01-20 23:17:19,204 - root - INFO - Image header was read:
2023-01-20 23:17:19,204 - root - INFO - Width: 75, Height: 130, RowLength: 150
2023-01-20 23:17:19,204 - root - INFO - datalength: 9914, _step: 2
2023-01-20 23:17:19,204 - root - INFO - BPP: 16, Transparency: False
2023-01-20 23:17:19,225 - root - INFO - Resource 15 offset: 311184, length: 10220...
2023-01-20 23:17:19,225 - root - DEBUG - Reading resource 15...
2023-01-20 23:17:19,225 - root - INFO - The image is bme.
2023-01-20 23:17:19,225 - root - INFO - Reading image header(readHeader16E)...
2023-01-20 23:17:19,225 - root - INFO - Image header was read:
2023-01-20 23:17:19,225 - root - INFO - Width: 75, Height: 130, RowLength: 150
2023-01-20 23:17:19,225 - root - INFO - datalength: 10204, _step: 2
2023-01-20 23:17:19,225 - root - INFO - BPP: 16, Transparency: False
2023-01-20 23:17:19,244 - root - INFO - Resource 16 offset: 321404, length: 9192...
2023-01-20 23:17:19,244 - root - DEBUG - Reading resource 16...
2023-01-20 23:17:19,244 - root - INFO - The image is bme.
2023-01-20 23:17:19,244 - root - INFO - Reading image header(readHeader16E)...
2023-01-20 23:17:19,244 - root - INFO - Image header was read:
2023-01-20 23:17:19,244 - root - INFO - Width: 75, Height: 130, RowLength: 150
2023-01-20 23:17:19,244 - root - INFO - datalength: 9176, _step: 2
2023-01-20 23:17:19,244 - root - INFO - BPP: 16, Transparency: False
2023-01-20 23:17:19,267 - root - INFO - Resource 17 offset: 330596, length: 10432...
2023-01-20 23:17:19,267 - root - DEBUG - Reading resource 17...
2023-01-20 23:17:19,267 - root - INFO - The image is bme.
2023-01-20 23:17:19,267 - root - INFO - Reading image header(readHeader16E)...
2023-01-20 23:17:19,267 - root - INFO - Image header was read:
2023-01-20 23:17:19,267 - root - INFO - Width: 75, Height: 130, RowLength: 150
2023-01-20 23:17:19,267 - root - INFO - datalength: 10416, _step: 2
2023-01-20 23:17:19,267 - root - INFO - BPP: 16, Transparency: False
2023-01-20 23:17:19,289 - root - INFO - Resource 18 offset: 341028, length: 11138...
2023-01-20 23:17:19,289 - root - DEBUG - Reading resource 18...
2023-01-20 23:17:19,289 - root - INFO - The image is bme.
2023-01-20 23:17:19,289 - root - INFO - Reading image header(readHeader16E)...
2023-01-20 23:17:19,289 - root - INFO - Image header was read:
2023-01-20 23:17:19,289 - root - INFO - Width: 75, Height: 130, RowLength: 150
2023-01-20 23:17:19,289 - root - INFO - datalength: 11122, _step: 2
2023-01-20 23:17:19,289 - root - INFO - BPP: 16, Transparency: False
2023-01-20 23:17:19,314 - root - INFO - Resource 19 offset: 352166, length: 6490...
2023-01-20 23:17:19,314 - root - DEBUG - Reading resource 19...
2023-01-20 23:17:19,314 - root - INFO - The image is bme.
2023-01-20 23:17:19,314 - root - INFO - Reading image header(readHeader16E)...
2023-01-20 23:17:19,314 - root - INFO - Image header was read:
2023-01-20 23:17:19,314 - root - INFO - Width: 75, Height: 130, RowLength: 150
2023-01-20 23:17:19,314 - root - INFO - datalength: 6474, _step: 2
2023-01-20 23:17:19,314 - root - INFO - BPP: 16, Transparency: False
2023-01-20 23:17:19,324 - root - INFO - Resource 20 offset: 358656, length: 11478...
2023-01-20 23:17:19,324 - root - DEBUG - Reading resource 20...
2023-01-20 23:17:19,324 - root - INFO - The image is bme.
2023-01-20 23:17:19,324 - root - INFO - Reading image header(readHeader16E)...
2023-01-20 23:17:19,324 - root - INFO - Image header was read:
2023-01-20 23:17:19,324 - root - INFO - Width: 75, Height: 130, RowLength: 150
2023-01-20 23:17:19,324 - root - INFO - datalength: 11462, _step: 2
2023-01-20 23:17:19,324 - root - INFO - BPP: 16, Transparency: False
2023-01-20 23:17:19,354 - root - INFO - Resource 21 offset: 370134, length: 11082...
2023-01-20 23:17:19,354 - root - DEBUG - Reading resource 21...
2023-01-20 23:17:19,354 - root - INFO - The image is bme.
2023-01-20 23:17:19,354 - root - INFO - Reading image header(readHeader16E)...
2023-01-20 23:17:19,354 - root - INFO - Image header was read:
2023-01-20 23:17:19,354 - root - INFO - Width: 75, Height: 130, RowLength: 150
2023-01-20 23:17:19,354 - root - INFO - datalength: 11066, _step: 2
2023-01-20 23:17:19,354 - root - INFO - BPP: 16, Transparency: False
2023-01-20 23:17:19,374 - root - INFO - Resource 22 offset: 381216, length: 3484...
2023-01-20 23:17:19,374 - root - DEBUG - Reading resource 22...
2023-01-20 23:17:19,374 - root - INFO - The image is bmc.
2023-01-20 23:17:19,374 - root - INFO - Reading image header(readHeader16C)...
2023-01-20 23:17:19,374 - root - INFO - Image header was read:
2023-01-20 23:17:19,374 - root - INFO - Width: 34, Height: 34, RowLength: 102
2023-01-20 23:17:19,374 - root - INFO - _step: 3, unknown2: 0,
2023-01-20 23:17:19,374 - root - INFO - BPP: 24, Transparency: False
2023-01-20 23:17:19,374 - root - INFO - Resource 23 offset: 384700, length: 3484...
2023-01-20 23:17:19,374 - root - DEBUG - Reading resource 23...
2023-01-20 23:17:19,374 - root - INFO - The image is bmc.
2023-01-20 23:17:19,374 - root - INFO - Reading image header(readHeader16C)...
2023-01-20 23:17:19,374 - root - INFO - Image header was read:
2023-01-20 23:17:19,374 - root - INFO - Width: 34, Height: 34, RowLength: 102
2023-01-20 23:17:19,374 - root - INFO - _step: 3, unknown2: 0,
2023-01-20 23:17:19,374 - root - INFO - BPP: 24, Transparency: False
2023-01-20 23:17:19,385 - root - INFO - Resource 24 offset: 388184, length: 3484...
2023-01-20 23:17:19,385 - root - DEBUG - Reading resource 24...
2023-01-20 23:17:19,385 - root - INFO - The image is bmc.
2023-01-20 23:17:19,385 - root - INFO - Reading image header(readHeader16C)...
2023-01-20 23:17:19,385 - root - INFO - Image header was read:
2023-01-20 23:17:19,385 - root - INFO - Width: 34, Height: 34, RowLength: 102
2023-01-20 23:17:19,385 - root - INFO - _step: 3, unknown2: 0,
2023-01-20 23:17:19,385 - root - INFO - BPP: 24, Transparency: False
2023-01-20 23:17:19,385 - root - INFO - Resource 25 offset: 391668, length: 3484...
2023-01-20 23:17:19,385 - root - DEBUG - Reading resource 25...
2023-01-20 23:17:19,385 - root - INFO - The image is bmc.
2023-01-20 23:17:19,385 - root - INFO - Reading image header(readHeader16C)...
2023-01-20 23:17:19,385 - root - INFO - Image header was read:
2023-01-20 23:17:19,385 - root - INFO - Width: 34, Height: 34, RowLength: 102
2023-01-20 23:17:19,385 - root - INFO - _step: 3, unknown2: 0,
2023-01-20 23:17:19,385 - root - INFO - BPP: 24, Transparency: False
2023-01-20 23:17:19,394 - root - INFO - Resource 26 offset: 395152, length: 3484...
2023-01-20 23:17:19,394 - root - DEBUG - Reading resource 26...
2023-01-20 23:17:19,394 - root - INFO - The image is bmc.
2023-01-20 23:17:19,394 - root - INFO - Reading image header(readHeader16C)...
2023-01-20 23:17:19,394 - root - INFO - Image header was read:
2023-01-20 23:17:19,394 - root - INFO - Width: 34, Height: 34, RowLength: 102
2023-01-20 23:17:19,394 - root - INFO - _step: 3, unknown2: 0,
2023-01-20 23:17:19,394 - root - INFO - BPP: 24, Transparency: False
2023-01-20 23:17:19,400 - root - INFO - Resource 27 offset: 398636, length: 3484...
2023-01-20 23:17:19,400 - root - DEBUG - Reading resource 27...
2023-01-20 23:17:19,400 - root - INFO - The image is bmc.
2023-01-20 23:17:19,400 - root - INFO - Reading image header(readHeader16C)...
2023-01-20 23:17:19,400 - root - INFO - Image header was read:
2023-01-20 23:17:19,400 - root - INFO - Width: 34, Height: 34, RowLength: 102
2023-01-20 23:17:19,400 - root - INFO - _step: 3, unknown2: 0,
2023-01-20 23:17:19,400 - root - INFO - BPP: 24, Transparency: False
2023-01-20 23:17:19,404 - root - INFO - Resource 28 offset: 402120, length: 3484...
2023-01-20 23:17:19,404 - root - DEBUG - Reading resource 28...
2023-01-20 23:17:19,404 - root - INFO - The image is bmc.
2023-01-20 23:17:19,404 - root - INFO - Reading image header(readHeader16C)...
2023-01-20 23:17:19,404 - root - INFO - Image header was read:
2023-01-20 23:17:19,404 - root - INFO - Width: 34, Height: 34, RowLength: 102
2023-01-20 23:17:19,404 - root - INFO - _step: 3, unknown2: 0,
2023-01-20 23:17:19,404 - root - INFO - BPP: 24, Transparency: False
2023-01-20 23:17:19,404 - root - INFO - Resource 29 offset: 405604, length: 3484...
2023-01-20 23:17:19,404 - root - DEBUG - Reading resource 29...
2023-01-20 23:17:19,404 - root - INFO - The image is bmc.
2023-01-20 23:17:19,414 - root - INFO - Reading image header(readHeader16C)...
2023-01-20 23:17:19,414 - root - INFO - Image header was read:
2023-01-20 23:17:19,414 - root - INFO - Width: 34, Height: 34, RowLength: 102
2023-01-20 23:17:19,414 - root - INFO - _step: 3, unknown2: 0,
2023-01-20 23:17:19,414 - root - INFO - BPP: 24, Transparency: False
2023-01-20 23:17:19,416 - root - INFO - Resource 30 offset: 409088, length: 3484...
2023-01-20 23:17:19,416 - root - DEBUG - Reading resource 30...
2023-01-20 23:17:19,416 - root - INFO - The image is bmc.
2023-01-20 23:17:19,416 - root - INFO - Reading image header(readHeader16C)...
2023-01-20 23:17:19,416 - root - INFO - Image header was read:
2023-01-20 23:17:19,416 - root - INFO - Width: 34, Height: 34, RowLength: 102
2023-01-20 23:17:19,416 - root - INFO - _step: 3, unknown2: 0,
2023-01-20 23:17:19,416 - root - INFO - BPP: 24, Transparency: False
2023-01-20 23:17:19,424 - root - INFO - Resource 31 offset: 412572, length: 3484...
2023-01-20 23:17:19,424 - root - DEBUG - Reading resource 31...
2023-01-20 23:17:19,424 - root - INFO - The image is bmc.
2023-01-20 23:17:19,424 - root - INFO - Reading image header(readHeader16C)...
2023-01-20 23:17:19,424 - root - INFO - Image header was read:
2023-01-20 23:17:19,424 - root - INFO - Width: 34, Height: 34, RowLength: 102
2023-01-20 23:17:19,424 - root - INFO - _step: 3, unknown2: 0,
2023-01-20 23:17:19,424 - root - INFO - BPP: 24, Transparency: False
2023-01-20 23:17:19,424 - root - INFO - Resource 32 offset: 416056, length: 3484...
2023-01-20 23:17:19,424 - root - DEBUG - Reading resource 32...
2023-01-20 23:17:19,424 - root - INFO - The image is bmc.
2023-01-20 23:17:19,424 - root - INFO - Reading image header(readHeader16C)...
2023-01-20 23:17:19,424 - root - INFO - Image header was read:
2023-01-20 23:17:19,424 - root - INFO - Width: 34, Height: 34, RowLength: 102
2023-01-20 23:17:19,424 - root - INFO - _step: 3, unknown2: 0,
2023-01-20 23:17:19,424 - root - INFO - BPP: 24, Transparency: False
2023-01-20 23:17:19,434 - root - INFO - Resource 33 offset: 419540, length: 3484...
2023-01-20 23:17:19,434 - root - DEBUG - Reading resource 33...
2023-01-20 23:17:19,434 - root - INFO - The image is bmc.
2023-01-20 23:17:19,434 - root - INFO - Reading image header(readHeader16C)...
2023-01-20 23:17:19,434 - root - INFO - Image header was read:
2023-01-20 23:17:19,434 - root - INFO - Width: 34, Height: 34, RowLength: 102
2023-01-20 23:17:19,434 - root - INFO - _step: 3, unknown2: 0,
2023-01-20 23:17:19,434 - root - INFO - BPP: 24, Transparency: False
2023-01-20 23:17:19,434 - root - INFO - Resource 34 offset: 423024, length: 3484...
2023-01-20 23:17:19,434 - root - DEBUG - Reading resource 34...
2023-01-20 23:17:19,434 - root - INFO - The image is bmc.
2023-01-20 23:17:19,434 - root - INFO - Reading image header(readHeader16C)...
2023-01-20 23:17:19,434 - root - INFO - Image header was read:
2023-01-20 23:17:19,434 - root - INFO - Width: 34, Height: 34, RowLength: 102
2023-01-20 23:17:19,434 - root - INFO - _step: 3, unknown2: 0,
2023-01-20 23:17:19,434 - root - INFO - BPP: 24, Transparency: False
2023-01-20 23:17:19,444 - root - INFO - Resource 35 offset: 426508, length: 3484...
2023-01-20 23:17:19,444 - root - DEBUG - Reading resource 35...
2023-01-20 23:17:19,444 - root - INFO - The image is bmc.
2023-01-20 23:17:19,444 - root - INFO - Reading image header(readHeader16C)...
2023-01-20 23:17:19,444 - root - INFO - Image header was read:
2023-01-20 23:17:19,444 - root - INFO - Width: 34, Height: 34, RowLength: 102
2023-01-20 23:17:19,444 - root - INFO - _step: 3, unknown2: 0,
2023-01-20 23:17:19,444 - root - INFO - BPP: 24, Transparency: False
2023-01-20 23:17:19,448 - root - INFO - Resource 36 offset: 429992, length: 3484...
2023-01-20 23:17:19,448 - root - DEBUG - Reading resource 36...
2023-01-20 23:17:19,448 - root - INFO - The image is bmc.
2023-01-20 23:17:19,448 - root - INFO - Reading image header(readHeader16C)...
2023-01-20 23:17:19,448 - root - INFO - Image header was read:
2023-01-20 23:17:19,448 - root - INFO - Width: 34, Height: 34, RowLength: 102
2023-01-20 23:17:19,448 - root - INFO - _step: 3, unknown2: 0,
2023-01-20 23:17:19,448 - root - INFO - BPP: 24, Transparency: False
2023-01-20 23:17:19,454 - root - INFO - Resource 37 offset: 433476, length: 3484...
2023-01-20 23:17:19,454 - root - DEBUG - Reading resource 37...
2023-01-20 23:17:19,454 - root - INFO - The image is bmc.
2023-01-20 23:17:19,454 - root - INFO - Reading image header(readHeader16C)...
2023-01-20 23:17:19,454 - root - INFO - Image header was read:
2023-01-20 23:17:19,454 - root - INFO - Width: 34, Height: 34, RowLength: 102
2023-01-20 23:17:19,454 - root - INFO - _step: 3, unknown2: 0,
2023-01-20 23:17:19,454 - root - INFO - BPP: 24, Transparency: False
2023-01-20 23:17:19,454 - root - INFO - Resource 38 offset: 436960, length: 3484...
2023-01-20 23:17:19,454 - root - DEBUG - Reading resource 38...
2023-01-20 23:17:19,454 - root - INFO - The image is bmc.
2023-01-20 23:17:19,454 - root - INFO - Reading image header(readHeader16C)...
2023-01-20 23:17:19,454 - root - INFO - Image header was read:
2023-01-20 23:17:19,454 - root - INFO - Width: 34, Height: 34, RowLength: 102
2023-01-20 23:17:19,454 - root - INFO - _step: 3, unknown2: 0,
2023-01-20 23:17:19,454 - root - INFO - BPP: 24, Transparency: False
2023-01-20 23:17:19,464 - root - INFO - Resource 39 offset: 440444, length: 3484...
2023-01-20 23:17:19,464 - root - DEBUG - Reading resource 39...
2023-01-20 23:17:19,464 - root - INFO - The image is bmc.
2023-01-20 23:17:19,464 - root - INFO - Reading image header(readHeader16C)...
2023-01-20 23:17:19,464 - root - INFO - Image header was read:
2023-01-20 23:17:19,464 - root - INFO - Width: 34, Height: 34, RowLength: 102
2023-01-20 23:17:19,464 - root - INFO - _step: 3, unknown2: 0,
2023-01-20 23:17:19,464 - root - INFO - BPP: 24, Transparency: False
2023-01-20 23:17:19,467 - root - INFO - Resource 40 offset: 443928, length: 3484...
2023-01-20 23:17:19,467 - root - DEBUG - Reading resource 40...
2023-01-20 23:17:19,467 - root - INFO - The image is bmc.
2023-01-20 23:17:19,467 - root - INFO - Reading image header(readHeader16C)...
2023-01-20 23:17:19,467 - root - INFO - Image header was read:
2023-01-20 23:17:19,467 - root - INFO - Width: 34, Height: 34, RowLength: 102
2023-01-20 23:17:19,467 - root - INFO - _step: 3, unknown2: 0,
2023-01-20 23:17:19,467 - root - INFO - BPP: 24, Transparency: False
2023-01-20 23:17:19,474 - root - INFO - Resource 41 offset: 447412, length: 3484...
2023-01-20 23:17:19,474 - root - DEBUG - Reading resource 41...
2023-01-20 23:17:19,474 - root - INFO - The image is bmc.
2023-01-20 23:17:19,474 - root - INFO - Reading image header(readHeader16C)...
2023-01-20 23:17:19,474 - root - INFO - Image header was read:
2023-01-20 23:17:19,474 - root - INFO - Width: 34, Height: 34, RowLength: 102
2023-01-20 23:17:19,474 - root - INFO - _step: 3, unknown2: 0,
2023-01-20 23:17:19,474 - root - INFO - BPP: 24, Transparency: False
2023-01-20 23:17:19,480 - root - INFO - Resource 42 offset: 450896, length: 3484...
2023-01-20 23:17:19,480 - root - DEBUG - Reading resource 42...
2023-01-20 23:17:19,480 - root - INFO - The image is bmc.
2023-01-20 23:17:19,480 - root - INFO - Reading image header(readHeader16C)...
2023-01-20 23:17:19,480 - root - INFO - Image header was read:
2023-01-20 23:17:19,480 - root - INFO - Width: 34, Height: 34, RowLength: 102
2023-01-20 23:17:19,480 - root - INFO - _step: 3, unknown2: 0,
2023-01-20 23:17:19,480 - root - INFO - BPP: 24, Transparency: False
2023-01-20 23:17:19,484 - root - INFO - Resource 43 offset: 454380, length: 3484...
2023-01-20 23:17:19,484 - root - DEBUG - Reading resource 43...
2023-01-20 23:17:19,484 - root - INFO - The image is bmc.
2023-01-20 23:17:19,484 - root - INFO - Reading image header(readHeader16C)...
2023-01-20 23:17:19,484 - root - INFO - Image header was read:
2023-01-20 23:17:19,484 - root - INFO - Width: 34, Height: 34, RowLength: 102
2023-01-20 23:17:19,484 - root - INFO - _step: 3, unknown2: 0,
2023-01-20 23:17:19,484 - root - INFO - BPP: 24, Transparency: False
2023-01-20 23:17:19,484 - root - INFO - Resource 44 offset: 457864, length: 3484...
2023-01-20 23:17:19,484 - root - DEBUG - Reading resource 44...
2023-01-20 23:17:19,484 - root - INFO - The image is bmc.
2023-01-20 23:17:19,484 - root - INFO - Reading image header(readHeader16C)...
2023-01-20 23:17:19,484 - root - INFO - Image header was read:
2023-01-20 23:17:19,484 - root - INFO - Width: 34, Height: 34, RowLength: 102
2023-01-20 23:17:19,484 - root - INFO - _step: 3, unknown2: 0,
2023-01-20 23:17:19,484 - root - INFO - BPP: 24, Transparency: False
2023-01-20 23:17:19,496 - root - INFO - Resource 45 offset: 461348, length: 3484...
2023-01-20 23:17:19,496 - root - DEBUG - Reading resource 45...
2023-01-20 23:17:19,496 - root - INFO - The image is bmc.
2023-01-20 23:17:19,496 - root - INFO - Reading image header(readHeader16C)...
2023-01-20 23:17:19,496 - root - INFO - Image header was read:
2023-01-20 23:17:19,496 - root - INFO - Width: 34, Height: 34, RowLength: 102
2023-01-20 23:17:19,496 - root - INFO - _step: 3, unknown2: 0,
2023-01-20 23:17:19,496 - root - INFO - BPP: 24, Transparency: False
2023-01-20 23:17:19,504 - root - INFO - Resource 46 offset: 464832, length: 3484...
2023-01-20 23:17:19,504 - root - DEBUG - Reading resource 46...
2023-01-20 23:17:19,504 - root - INFO - The image is bmc.
2023-01-20 23:17:19,504 - root - INFO - Reading image header(readHeader16C)...
2023-01-20 23:17:19,504 - root - INFO - Image header was read:
2023-01-20 23:17:19,504 - root - INFO - Width: 34, Height: 34, RowLength: 102
2023-01-20 23:17:19,504 - root - INFO - _step: 3, unknown2: 0,
2023-01-20 23:17:19,504 - root - INFO - BPP: 24, Transparency: False
2023-01-20 23:17:19,504 - root - INFO - Resource 47 offset: 468316, length: 3484...
2023-01-20 23:17:19,504 - root - DEBUG - Reading resource 47...
2023-01-20 23:17:19,504 - root - INFO - The image is bmc.
2023-01-20 23:17:19,504 - root - INFO - Reading image header(readHeader16C)...
2023-01-20 23:17:19,504 - root - INFO - Image header was read:
2023-01-20 23:17:19,504 - root - INFO - Width: 34, Height: 34, RowLength: 102
2023-01-20 23:17:19,504 - root - INFO - _step: 3, unknown2: 0,
2023-01-20 23:17:19,504 - root - INFO - BPP: 24, Transparency: False
2023-01-20 23:17:19,514 - root - INFO - Resource 48 offset: 471800, length: 8128...
2023-01-20 23:17:19,514 - root - DEBUG - Reading resource 48...
2023-01-20 23:17:19,514 - root - INFO - The image is bmc.
2023-01-20 23:17:19,514 - root - INFO - Reading image header(readHeader16C)...
2023-01-20 23:17:19,514 - root - INFO - Image header was read:
2023-01-20 23:17:19,514 - root - INFO - Width: 52, Height: 52, RowLength: 156
2023-01-20 23:17:19,514 - root - INFO - _step: 3, unknown2: 0,
2023-01-20 23:17:19,514 - root - INFO - BPP: 24, Transparency: False
2023-01-20 23:17:19,524 - root - INFO - Resource 49 offset: 479928, length: 8128...
2023-01-20 23:17:19,524 - root - DEBUG - Reading resource 49...
2023-01-20 23:17:19,524 - root - INFO - The image is bmc.
2023-01-20 23:17:19,524 - root - INFO - Reading image header(readHeader16C)...
2023-01-20 23:17:19,524 - root - INFO - Image header was read:
2023-01-20 23:17:19,524 - root - INFO - Width: 52, Height: 52, RowLength: 156
2023-01-20 23:17:19,524 - root - INFO - _step: 3, unknown2: 0,
2023-01-20 23:17:19,524 - root - INFO - BPP: 24, Transparency: False
2023-01-20 23:17:19,534 - root - INFO - Resource 50 offset: 488056, length: 8128...
2023-01-20 23:17:19,534 - root - DEBUG - Reading resource 50...
2023-01-20 23:17:19,534 - root - INFO - The image is bmc.
2023-01-20 23:17:19,534 - root - INFO - Reading image header(readHeader16C)...
2023-01-20 23:17:19,534 - root - INFO - Image header was read:
2023-01-20 23:17:19,534 - root - INFO - Width: 52, Height: 52, RowLength: 156
2023-01-20 23:17:19,534 - root - INFO - _step: 3, unknown2: 0,
2023-01-20 23:17:19,534 - root - INFO - BPP: 24, Transparency: False
2023-01-20 23:17:19,544 - root - INFO - Resource 51 offset: 496184, length: 8128...
2023-01-20 23:17:19,544 - root - DEBUG - Reading resource 51...
2023-01-20 23:17:19,544 - root - INFO - The image is bmc.
2023-01-20 23:17:19,544 - root - INFO - Reading image header(readHeader16C)...
2023-01-20 23:17:19,544 - root - INFO - Image header was read:
2023-01-20 23:17:19,544 - root - INFO - Width: 52, Height: 52, RowLength: 156
2023-01-20 23:17:19,544 - root - INFO - _step: 3, unknown2: 0,
2023-01-20 23:17:19,544 - root - INFO - BPP: 24, Transparency: False
2023-01-20 23:17:19,559 - root - INFO - Resource 52 offset: 504312, length: 8128...
2023-01-20 23:17:19,559 - root - DEBUG - Reading resource 52...
2023-01-20 23:17:19,559 - root - INFO - The image is bmc.
2023-01-20 23:17:19,559 - root - INFO - Reading image header(readHeader16C)...
2023-01-20 23:17:19,559 - root - INFO - Image header was read:
2023-01-20 23:17:19,559 - root - INFO - Width: 52, Height: 52, RowLength: 156
2023-01-20 23:17:19,559 - root - INFO - _step: 3, unknown2: 0,
2023-01-20 23:17:19,559 - root - INFO - BPP: 24, Transparency: False
2023-01-20 23:17:19,567 - root - INFO - Resource 53 offset: 512440, length: 8128...
2023-01-20 23:17:19,567 - root - DEBUG - Reading resource 53...
2023-01-20 23:17:19,567 - root - INFO - The image is bmc.
2023-01-20 23:17:19,567 - root - INFO - Reading image header(readHeader16C)...
2023-01-20 23:17:19,567 - root - INFO - Image header was read:
2023-01-20 23:17:19,567 - root - INFO - Width: 52, Height: 52, RowLength: 156
2023-01-20 23:17:19,567 - root - INFO - _step: 3, unknown2: 0,
2023-01-20 23:17:19,567 - root - INFO - BPP: 24, Transparency: False
2023-01-20 23:17:19,584 - root - INFO - Resource 54 offset: 520568, length: 8128...
2023-01-20 23:17:19,584 - root - DEBUG - Reading resource 54...
2023-01-20 23:17:19,584 - root - INFO - The image is bmc.
2023-01-20 23:17:19,584 - root - INFO - Reading image header(readHeader16C)...
2023-01-20 23:17:19,584 - root - INFO - Image header was read:
2023-01-20 23:17:19,584 - root - INFO - Width: 52, Height: 52, RowLength: 156
2023-01-20 23:17:19,584 - root - INFO - _step: 3, unknown2: 0,
2023-01-20 23:17:19,584 - root - INFO - BPP: 24, Transparency: False
2023-01-20 23:17:19,594 - root - INFO - Resource 55 offset: 528696, length: 8128...
2023-01-20 23:17:19,594 - root - DEBUG - Reading resource 55...
2023-01-20 23:17:19,594 - root - INFO - The image is bmc.
2023-01-20 23:17:19,594 - root - INFO - Reading image header(readHeader16C)...
2023-01-20 23:17:19,594 - root - INFO - Image header was read:
2023-01-20 23:17:19,594 - root - INFO - Width: 52, Height: 52, RowLength: 156
2023-01-20 23:17:19,594 - root - INFO - _step: 3, unknown2: 0,
2023-01-20 23:17:19,594 - root - INFO - BPP: 24, Transparency: False
2023-01-20 23:17:19,607 - root - INFO - Resource 56 offset: 536824, length: 8128...
2023-01-20 23:17:19,607 - root - DEBUG - Reading resource 56...
2023-01-20 23:17:19,607 - root - INFO - The image is bmc.
2023-01-20 23:17:19,607 - root - INFO - Reading image header(readHeader16C)...
2023-01-20 23:17:19,607 - root - INFO - Image header was read:
2023-01-20 23:17:19,607 - root - INFO - Width: 52, Height: 52, RowLength: 156
2023-01-20 23:17:19,607 - root - INFO - _step: 3, unknown2: 0,
2023-01-20 23:17:19,607 - root - INFO - BPP: 24, Transparency: False
2023-01-20 23:17:19,614 - root - INFO - Resource 57 offset: 544952, length: 8128...
2023-01-20 23:17:19,614 - root - DEBUG - Reading resource 57...
2023-01-20 23:17:19,614 - root - INFO - The image is bmc.
2023-01-20 23:17:19,614 - root - INFO - Reading image header(readHeader16C)...
2023-01-20 23:17:19,614 - root - INFO - Image header was read:
2023-01-20 23:17:19,614 - root - INFO - Width: 52, Height: 52, RowLength: 156
2023-01-20 23:17:19,614 - root - INFO - _step: 3, unknown2: 0,
2023-01-20 23:17:19,614 - root - INFO - BPP: 24, Transparency: False
2023-01-20 23:17:19,624 - root - INFO - Resource 58 offset: 553080, length: 8128...
2023-01-20 23:17:19,624 - root - DEBUG - Reading resource 58...
2023-01-20 23:17:19,624 - root - INFO - The image is bmc.
2023-01-20 23:17:19,624 - root - INFO - Reading image header(readHeader16C)...
2023-01-20 23:17:19,624 - root - INFO - Image header was read:
2023-01-20 23:17:19,624 - root - INFO - Width: 52, Height: 52, RowLength: 156
2023-01-20 23:17:19,624 - root - INFO - _step: 3, unknown2: 0,
2023-01-20 23:17:19,624 - root - INFO - BPP: 24, Transparency: False
2023-01-20 23:17:19,639 - root - INFO - Resource 59 offset: 561208, length: 8128...
2023-01-20 23:17:19,639 - root - DEBUG - Reading resource 59...
2023-01-20 23:17:19,639 - root - INFO - The image is bmc.
2023-01-20 23:17:19,639 - root - INFO - Reading image header(readHeader16C)...
2023-01-20 23:17:19,639 - root - INFO - Image header was read:
2023-01-20 23:17:19,639 - root - INFO - Width: 52, Height: 52, RowLength: 156
2023-01-20 23:17:19,639 - root - INFO - _step: 3, unknown2: 0,
2023-01-20 23:17:19,639 - root - INFO - BPP: 24, Transparency: False
2023-01-20 23:17:19,644 - root - INFO - Resource 60 offset: 569336, length: 8128...
2023-01-20 23:17:19,644 - root - DEBUG - Reading resource 60...
2023-01-20 23:17:19,644 - root - INFO - The image is bmc.
2023-01-20 23:17:19,644 - root - INFO - Reading image header(readHeader16C)...
2023-01-20 23:17:19,644 - root - INFO - Image header was read:
2023-01-20 23:17:19,644 - root - INFO - Width: 52, Height: 52, RowLength: 156
2023-01-20 23:17:19,644 - root - INFO - _step: 3, unknown2: 0,
2023-01-20 23:17:19,644 - root - INFO - BPP: 24, Transparency: False
2023-01-20 23:17:19,664 - root - INFO - Resource 61 offset: 577464, length: 8128...
2023-01-20 23:17:19,664 - root - DEBUG - Reading resource 61...
2023-01-20 23:17:19,664 - root - INFO - The image is bmc.
2023-01-20 23:17:19,664 - root - INFO - Reading image header(readHeader16C)...
2023-01-20 23:17:19,664 - root - INFO - Image header was read:
2023-01-20 23:17:19,664 - root - INFO - Width: 52, Height: 52, RowLength: 156
2023-01-20 23:17:19,664 - root - INFO - _step: 3, unknown2: 0,
2023-01-20 23:17:19,664 - root - INFO - BPP: 24, Transparency: False
2023-01-20 23:17:19,674 - root - INFO - Resource 62 offset: 585592, length: 8128...
2023-01-20 23:17:19,674 - root - DEBUG - Reading resource 62...
2023-01-20 23:17:19,674 - root - INFO - The image is bmc.
2023-01-20 23:17:19,674 - root - INFO - Reading image header(readHeader16C)...
2023-01-20 23:17:19,674 - root - INFO - Image header was read:
2023-01-20 23:17:19,674 - root - INFO - Width: 52, Height: 52, RowLength: 156
2023-01-20 23:17:19,674 - root - INFO - _step: 3, unknown2: 0,
2023-01-20 23:17:19,674 - root - INFO - BPP: 24, Transparency: False
2023-01-20 23:17:19,684 - root - INFO - Resource 63 offset: 593720, length: 8128...
2023-01-20 23:17:19,684 - root - DEBUG - Reading resource 63...
2023-01-20 23:17:19,687 - root - INFO - The image is bmc.
2023-01-20 23:17:19,687 - root - INFO - Reading image header(readHeader16C)...
2023-01-20 23:17:19,687 - root - INFO - Image header was read:
2023-01-20 23:17:19,687 - root - INFO - Width: 52, Height: 52, RowLength: 156
2023-01-20 23:17:19,687 - root - INFO - _step: 3, unknown2: 0,
2023-01-20 23:17:19,687 - root - INFO - BPP: 24, Transparency: False
2023-01-20 23:17:19,694 - root - INFO - Resource 64 offset: 601848, length: 8128...
2023-01-20 23:17:19,694 - root - DEBUG - Reading resource 64...
2023-01-20 23:17:19,694 - root - INFO - The image is bmc.
2023-01-20 23:17:19,694 - root - INFO - Reading image header(readHeader16C)...
2023-01-20 23:17:19,694 - root - INFO - Image header was read:
2023-01-20 23:17:19,694 - root - INFO - Width: 52, Height: 52, RowLength: 156
2023-01-20 23:17:19,694 - root - INFO - _step: 3, unknown2: 0,
2023-01-20 23:17:19,694 - root - INFO - BPP: 24, Transparency: False
2023-01-20 23:17:19,704 - root - INFO - Resource 65 offset: 609976, length: 8128...
2023-01-20 23:17:19,704 - root - DEBUG - Reading resource 65...
2023-01-20 23:17:19,704 - root - INFO - The image is bmc.
2023-01-20 23:17:19,704 - root - INFO - Reading image header(readHeader16C)...
2023-01-20 23:17:19,704 - root - INFO - Image header was read:
2023-01-20 23:17:19,704 - root - INFO - Width: 52, Height: 52, RowLength: 156
2023-01-20 23:17:19,704 - root - INFO - _step: 3, unknown2: 0,
2023-01-20 23:17:19,704 - root - INFO - BPP: 24, Transparency: False
2023-01-20 23:17:19,719 - root - INFO - Resource 66 offset: 618104, length: 8128...
2023-01-20 23:17:19,719 - root - DEBUG - Reading resource 66...
2023-01-20 23:17:19,719 - root - INFO - The image is bmc.
2023-01-20 23:17:19,719 - root - INFO - Reading image header(readHeader16C)...
2023-01-20 23:17:19,719 - root - INFO - Image header was read:
2023-01-20 23:17:19,719 - root - INFO - Width: 52, Height: 52, RowLength: 156
2023-01-20 23:17:19,719 - root - INFO - _step: 3, unknown2: 0,
2023-01-20 23:17:19,719 - root - INFO - BPP: 24, Transparency: False
2023-01-20 23:17:19,724 - root - INFO - Resource 67 offset: 626232, length: 8128...
2023-01-20 23:17:19,724 - root - DEBUG - Reading resource 67...
2023-01-20 23:17:19,724 - root - INFO - The image is bmc.
2023-01-20 23:17:19,724 - root - INFO - Reading image header(readHeader16C)...
2023-01-20 23:17:19,724 - root - INFO - Image header was read:
2023-01-20 23:17:19,724 - root - INFO - Width: 52, Height: 52, RowLength: 156
2023-01-20 23:17:19,724 - root - INFO - _step: 3, unknown2: 0,
2023-01-20 23:17:19,724 - root - INFO - BPP: 24, Transparency: False
2023-01-20 23:17:19,734 - root - INFO - Resource 68 offset: 634360, length: 366...
2023-01-20 23:17:19,734 - root - DEBUG - Reading resource 68...
2023-01-20 23:17:19,734 - root - INFO - The image is bme.
2023-01-20 23:17:19,734 - root - INFO - Reading image header(readHeader16E)...
2023-01-20 23:17:19,734 - root - INFO - Image header was read:
2023-01-20 23:17:19,734 - root - INFO - Width: 52, Height: 53, RowLength: 104
2023-01-20 23:17:19,734 - root - INFO - datalength: 350, _step: 2
2023-01-20 23:17:19,734 - root - INFO - BPP: 16, Transparency: False
2023-01-20 23:17:19,744 - root - INFO - Resource 69 offset: 634726, length: 636...
2023-01-20 23:17:19,744 - root - DEBUG - Reading resource 69...
2023-01-20 23:17:19,744 - root - INFO - The image is bme.
2023-01-20 23:17:19,744 - root - INFO - Reading image header(readHeader16E)...
2023-01-20 23:17:19,744 - root - INFO - Image header was read:
2023-01-20 23:17:19,744 - root - INFO - Width: 52, Height: 53, RowLength: 104
2023-01-20 23:17:19,744 - root - INFO - datalength: 620, _step: 2
2023-01-20 23:17:19,744 - root - INFO - BPP: 16, Transparency: False
2023-01-20 23:17:19,744 - root - INFO - Resource 70 offset: 635362, length: 930...
2023-01-20 23:17:19,744 - root - DEBUG - Reading resource 70...
2023-01-20 23:17:19,744 - root - INFO - The image is bme.
2023-01-20 23:17:19,744 - root - INFO - Reading image header(readHeader16E)...
2023-01-20 23:17:19,744 - root - INFO - Image header was read:
2023-01-20 23:17:19,744 - root - INFO - Width: 53, Height: 53, RowLength: 106
2023-01-20 23:17:19,744 - root - INFO - datalength: 914, _step: 2
2023-01-20 23:17:19,744 - root - INFO - BPP: 16, Transparency: False
2023-01-20 23:17:19,744 - root - INFO - Resource 71 offset: 636292, length: 1202...
2023-01-20 23:17:19,744 - root - DEBUG - Reading resource 71...
2023-01-20 23:17:19,744 - root - INFO - The image is bme.
2023-01-20 23:17:19,744 - root - INFO - Reading image header(readHeader16E)...
2023-01-20 23:17:19,744 - root - INFO - Image header was read:
2023-01-20 23:17:19,744 - root - INFO - Width: 53, Height: 53, RowLength: 106
2023-01-20 23:17:19,744 - root - INFO - datalength: 1186, _step: 2
2023-01-20 23:17:19,744 - root - INFO - BPP: 16, Transparency: False
2023-01-20 23:17:19,750 - root - INFO - Resource 72 offset: 637494, length: 1432...
2023-01-20 23:17:19,750 - root - DEBUG - Reading resource 72...
2023-01-20 23:17:19,750 - root - INFO - The image is bme.
2023-01-20 23:17:19,750 - root - INFO - Reading image header(readHeader16E)...
2023-01-20 23:17:19,750 - root - INFO - Image header was read:
2023-01-20 23:17:19,750 - root - INFO - Width: 53, Height: 54, RowLength: 106
2023-01-20 23:17:19,750 - root - INFO - datalength: 1416, _step: 2
2023-01-20 23:17:19,750 - root - INFO - BPP: 16, Transparency: False
2023-01-20 23:17:19,754 - root - INFO - Resource 73 offset: 638926, length: 1668...
2023-01-20 23:17:19,754 - root - DEBUG - Reading resource 73...
2023-01-20 23:17:19,754 - root - INFO - The image is bme.
2023-01-20 23:17:19,754 - root - INFO - Reading image header(readHeader16E)...
2023-01-20 23:17:19,754 - root - INFO - Image header was read:
2023-01-20 23:17:19,754 - root - INFO - Width: 53, Height: 54, RowLength: 106
2023-01-20 23:17:19,754 - root - INFO - datalength: 1652, _step: 2
2023-01-20 23:17:19,754 - root - INFO - BPP: 16, Transparency: False
2023-01-20 23:17:19,754 - root - INFO - Resource 74 offset: 640594, length: 1938...
2023-01-20 23:17:19,754 - root - DEBUG - Reading resource 74...
2023-01-20 23:17:19,754 - root - INFO - The image is bme.
2023-01-20 23:17:19,754 - root - INFO - Reading image header(readHeader16E)...
2023-01-20 23:17:19,754 - root - INFO - Image header was read:
2023-01-20 23:17:19,754 - root - INFO - Width: 53, Height: 54, RowLength: 106
2023-01-20 23:17:19,754 - root - INFO - datalength: 1922, _step: 2
2023-01-20 23:17:19,754 - root - INFO - BPP: 16, Transparency: False
2023-01-20 23:17:19,754 - root - INFO - Resource 75 offset: 642532, length: 2232...
2023-01-20 23:17:19,754 - root - DEBUG - Reading resource 75...
2023-01-20 23:17:19,754 - root - INFO - The image is bme.
2023-01-20 23:17:19,754 - root - INFO - Reading image header(readHeader16E)...
2023-01-20 23:17:19,754 - root - INFO - Image header was read:
2023-01-20 23:17:19,754 - root - INFO - Width: 54, Height: 54, RowLength: 108
2023-01-20 23:17:19,754 - root - INFO - datalength: 2216, _step: 2
2023-01-20 23:17:19,754 - root - INFO - BPP: 16, Transparency: False
2023-01-20 23:17:19,766 - root - INFO - Resource 76 offset: 644764, length: 2504...
2023-01-20 23:17:19,766 - root - DEBUG - Reading resource 76...
2023-01-20 23:17:19,766 - root - INFO - The image is bme.
2023-01-20 23:17:19,766 - root - INFO - Reading image header(readHeader16E)...
2023-01-20 23:17:19,766 - root - INFO - Image header was read:
2023-01-20 23:17:19,766 - root - INFO - Width: 54, Height: 54, RowLength: 108
2023-01-20 23:17:19,766 - root - INFO - datalength: 2488, _step: 2
2023-01-20 23:17:19,766 - root - INFO - BPP: 16, Transparency: False
2023-01-20 23:17:19,768 - root - INFO - Resource 77 offset: 647268, length: 2620...
2023-01-20 23:17:19,768 - root - DEBUG - Reading resource 77...
2023-01-20 23:17:19,768 - root - INFO - The image is bme.
2023-01-20 23:17:19,768 - root - INFO - Reading image header(readHeader16E)...
2023-01-20 23:17:19,768 - root - INFO - Image header was read:
2023-01-20 23:17:19,768 - root - INFO - Width: 54, Height: 54, RowLength: 108
2023-01-20 23:17:19,768 - root - INFO - datalength: 2604, _step: 2
2023-01-20 23:17:19,768 - root - INFO - BPP: 16, Transparency: False
2023-01-20 23:17:19,774 - root - INFO - Resource 78 offset: 649888, length: 8128...
2023-01-20 23:17:19,774 - root - DEBUG - Reading resource 78...
2023-01-20 23:17:19,774 - root - INFO - The image is bmc.
2023-01-20 23:17:19,774 - root - INFO - Reading image header(readHeader16C)...
2023-01-20 23:17:19,774 - root - INFO - Image header was read:
2023-01-20 23:17:19,774 - root - INFO - Width: 52, Height: 52, RowLength: 156
2023-01-20 23:17:19,774 - root - INFO - _step: 3, unknown2: 0,
2023-01-20 23:17:19,774 - root - INFO - BPP: 24, Transparency: False
2023-01-20 23:17:19,784 - root - INFO - Resource 79 offset: 658016, length: 8128...
2023-01-20 23:17:19,784 - root - DEBUG - Reading resource 79...
2023-01-20 23:17:19,784 - root - INFO - The image is bmc.
2023-01-20 23:17:19,784 - root - INFO - Reading image header(readHeader16C)...
2023-01-20 23:17:19,784 - root - INFO - Image header was read:
2023-01-20 23:17:19,784 - root - INFO - Width: 52, Height: 52, RowLength: 156
2023-01-20 23:17:19,784 - root - INFO - _step: 3, unknown2: 0,
2023-01-20 23:17:19,784 - root - INFO - BPP: 24, Transparency: False
2023-01-20 23:17:19,798 - root - INFO - Resource 80 offset: 666144, length: 8128...
2023-01-20 23:17:19,798 - root - DEBUG - Reading resource 80...
2023-01-20 23:17:19,798 - root - INFO - The image is bmc.
2023-01-20 23:17:19,798 - root - INFO - Reading image header(readHeader16C)...
2023-01-20 23:17:19,798 - root - INFO - Image header was read:
2023-01-20 23:17:19,798 - root - INFO - Width: 52, Height: 52, RowLength: 156
2023-01-20 23:17:19,798 - root - INFO - _step: 3, unknown2: 0,
2023-01-20 23:17:19,798 - root - INFO - BPP: 24, Transparency: False
2023-01-20 23:17:19,804 - root - INFO - Resource 81 offset: 674272, length: 8128...
2023-01-20 23:17:19,804 - root - DEBUG - Reading resource 81...
2023-01-20 23:17:19,804 - root - INFO - The image is bmc.
2023-01-20 23:17:19,804 - root - INFO - Reading image header(readHeader16C)...
2023-01-20 23:17:19,804 - root - INFO - Image header was read:
2023-01-20 23:17:19,804 - root - INFO - Width: 52, Height: 52, RowLength: 156
2023-01-20 23:17:19,804 - root - INFO - _step: 3, unknown2: 0,
2023-01-20 23:17:19,804 - root - INFO - BPP: 24, Transparency: False
2023-01-20 23:17:19,814 - root - INFO - Resource 82 offset: 682400, length: 8128...
2023-01-20 23:17:19,814 - root - DEBUG - Reading resource 82...
2023-01-20 23:17:19,814 - root - INFO - The image is bmc.
2023-01-20 23:17:19,814 - root - INFO - Reading image header(readHeader16C)...
2023-01-20 23:17:19,814 - root - INFO - Image header was read:
2023-01-20 23:17:19,814 - root - INFO - Width: 52, Height: 52, RowLength: 156
2023-01-20 23:17:19,814 - root - INFO - _step: 3, unknown2: 0,
2023-01-20 23:17:19,814 - root - INFO - BPP: 24, Transparency: False
2023-01-20 23:17:19,830 - root - INFO - Resource 83 offset: 690528, length: 8128...
2023-01-20 23:17:19,830 - root - DEBUG - Reading resource 83...
2023-01-20 23:17:19,834 - root - INFO - The image is bmc.
2023-01-20 23:17:19,834 - root - INFO - Reading image header(readHeader16C)...
2023-01-20 23:17:19,834 - root - INFO - Image header was read:
2023-01-20 23:17:19,834 - root - INFO - Width: 52, Height: 52, RowLength: 156
2023-01-20 23:17:19,834 - root - INFO - _step: 3, unknown2: 0,
2023-01-20 23:17:19,834 - root - INFO - BPP: 24, Transparency: False
2023-01-20 23:17:19,844 - root - INFO - Resource 84 offset: 698656, length: 8128...
2023-01-20 23:17:19,844 - root - DEBUG - Reading resource 84...
2023-01-20 23:17:19,844 - root - INFO - The image is bmc.
2023-01-20 23:17:19,844 - root - INFO - Reading image header(readHeader16C)...
2023-01-20 23:17:19,844 - root - INFO - Image header was read:
2023-01-20 23:17:19,844 - root - INFO - Width: 52, Height: 52, RowLength: 156
2023-01-20 23:17:19,844 - root - INFO - _step: 3, unknown2: 0,
2023-01-20 23:17:19,844 - root - INFO - BPP: 24, Transparency: False
2023-01-20 23:17:19,854 - root - INFO - Resource 85 offset: 706784, length: 8128...
2023-01-20 23:17:19,854 - root - DEBUG - Reading resource 85...
2023-01-20 23:17:19,854 - root - INFO - The image is bmc.
2023-01-20 23:17:19,854 - root - INFO - Reading image header(readHeader16C)...
2023-01-20 23:17:19,854 - root - INFO - Image header was read:
2023-01-20 23:17:19,854 - root - INFO - Width: 52, Height: 52, RowLength: 156
2023-01-20 23:17:19,854 - root - INFO - _step: 3, unknown2: 0,
2023-01-20 23:17:19,854 - root - INFO - BPP: 24, Transparency: False
2023-01-20 23:17:19,864 - root - INFO - Resource 86 offset: 714912, length: 8128...
2023-01-20 23:17:19,864 - root - DEBUG - Reading resource 86...
2023-01-20 23:17:19,868 - root - INFO - The image is bmc.
2023-01-20 23:17:19,868 - root - INFO - Reading image header(readHeader16C)...
2023-01-20 23:17:19,868 - root - INFO - Image header was read:
2023-01-20 23:17:19,868 - root - INFO - Width: 52, Height: 52, RowLength: 156
2023-01-20 23:17:19,868 - root - INFO - _step: 3, unknown2: 0,
2023-01-20 23:17:19,868 - root - INFO - BPP: 24, Transparency: False
2023-01-20 23:17:19,877 - root - INFO - Resource 87 offset: 723040, length: 8128...
2023-01-20 23:17:19,877 - root - DEBUG - Reading resource 87...
2023-01-20 23:17:19,877 - root - INFO - The image is bmc.
2023-01-20 23:17:19,877 - root - INFO - Reading image header(readHeader16C)...
2023-01-20 23:17:19,877 - root - INFO - Image header was read:
2023-01-20 23:17:19,877 - root - INFO - Width: 52, Height: 52, RowLength: 156
2023-01-20 23:17:19,877 - root - INFO - _step: 3, unknown2: 0,
2023-01-20 23:17:19,877 - root - INFO - BPP: 24, Transparency: False
2023-01-20 23:17:19,884 - root - DEBUG - Parsing parameters...
2023-01-20 23:17:19,957 - root - DEBUG - 0 Value: None
2023-01-20 23:17:19,957 - root - DEBUG - 0.1 Value: 71
2023-01-20 23:17:19,957 - root - DEBUG - 2 Value: None
2023-01-20 23:17:19,957 - root - DEBUG - 2.1 Value: None
2023-01-20 23:17:19,957 - root - DEBUG - 2.1.1 Value: 0
2023-01-20 23:17:19,964 - root - DEBUG - 2.1.2 Value: 0
2023-01-20 23:17:19,964 - root - DEBUG - 2.1.3 Value: 1
2023-01-20 23:17:19,964 - root - DEBUG - 2.3 Value: None
2023-01-20 23:17:19,964 - root - DEBUG - 2.3.1 Value: 0
2023-01-20 23:17:19,964 - root - DEBUG - 2.3.2 Value: 0
2023-01-20 23:17:19,964 - root - DEBUG - 2.3.3 Value: 0
2023-01-20 23:17:19,964 - root - DEBUG - 3 Value: None
2023-01-20 23:17:19,964 - root - DEBUG - 3.1 Value: None
2023-01-20 23:17:19,964 - root - DEBUG - 3.1.1 Value: None
2023-01-20 23:17:19,964 - root - DEBUG - 3.1.1.1 Value: None
2023-01-20 23:17:19,964 - root - DEBUG - 3.1.1.1.1 Value: 14
2023-01-20 23:17:19,964 - root - DEBUG - 3.1.1.1.2 Value: 10
2023-01-20 23:17:19,964 - root - DEBUG - 3.1.1.1.3 Value: 2
2023-01-20 23:17:19,964 - root - DEBUG - 3.1.1.1.4 Value: 10
2023-01-20 23:17:19,964 - root - DEBUG - 3.1.1.2 Value: None
2023-01-20 23:17:19,964 - root - DEBUG - 3.1.1.2.1 Value: 89
2023-01-20 23:17:19,964 - root - DEBUG - 3.1.1.2.2 Value: 10
2023-01-20 23:17:19,964 - root - DEBUG - 3.1.1.2.3 Value: 2
2023-01-20 23:17:19,964 - root - DEBUG - 3.1.1.2.4 Value: 10
2023-01-20 23:17:19,964 - root - DEBUG - 3.1.2 Value: None
2023-01-20 23:17:19,964 - root - DEBUG - 3.1.2.1 Value: None
2023-01-20 23:17:19,964 - root - DEBUG - 3.1.2.1.1 Value: 14
2023-01-20 23:17:19,964 - root - DEBUG - 3.1.2.1.2 Value: 140
2023-01-20 23:17:19,964 - root - DEBUG - 3.1.2.1.3 Value: 12
2023-01-20 23:17:19,964 - root - DEBUG - 3.1.2.1.4 Value: 10
2023-01-20 23:17:19,964 - root - DEBUG - 3.1.2.2 Value: None
2023-01-20 23:17:19,964 - root - DEBUG - 3.1.2.2.1 Value: 89
2023-01-20 23:17:19,964 - root - DEBUG - 3.1.2.2.2 Value: 140
2023-01-20 23:17:19,964 - root - DEBUG - 3.1.2.2.3 Value: 12
2023-01-20 23:17:19,964 - root - DEBUG - 3.1.2.2.4 Value: 10
2023-01-20 23:17:19,964 - root - DEBUG - 3.1.7 Value: 0
2023-01-20 23:17:19,964 - root - DEBUG - 3.1.8 Value: 1
2023-01-20 23:17:19,964 - root - DEBUG - 5 Value: None
2023-01-20 23:17:19,964 - root - DEBUG - 5.1 Value: None
2023-01-20 23:17:19,964 - root - DEBUG - 5.1.4 Value: 1
2023-01-20 23:17:19,964 - root - DEBUG - 5.1.5 Value: 1
2023-01-20 23:17:19,964 - root - DEBUG - 5.1.6 Value: 0
2023-01-20 23:17:19,964 - root - DEBUG - 6 Value: None
2023-01-20 23:17:19,964 - root - DEBUG - 6.1 Value: None
2023-01-20 23:17:19,964 - root - DEBUG - 6.1.2 Value: None
2023-01-20 23:17:19,964 - root - DEBUG - 6.1.2.1 Value: 183
2023-01-20 23:17:19,964 - root - DEBUG - 6.1.2.2 Value: 123
2023-01-20 23:17:19,964 - root - DEBUG - 6.1.2.3 Value: 22
2023-01-20 23:17:19,964 - root - DEBUG - 6.1.2.4 Value: 26
2023-01-20 23:17:19,964 - root - DEBUG - 7 Value: None
2023-01-20 23:17:19,964 - root - DEBUG - 7.2 Value: None
2023-01-20 23:17:19,964 - root - DEBUG - 7.2.1 Value: 177
2023-01-20 23:17:19,964 - root - DEBUG - 7.2.2 Value: 36
2023-01-20 23:17:19,964 - root - DEBUG - 7.2.3 Value: 48
2023-01-20 23:17:19,964 - root - DEBUG - 7.2.4 Value: 10
2023-01-20 23:17:19,968 - root - DEBUG - 9 Value: None
2023-01-20 23:17:19,968 - root - DEBUG - 9.2 Value: None
2023-01-20 23:17:19,968 - root - DEBUG - 9.2.1 Value: 177
2023-01-20 23:17:19,968 - root - DEBUG - 9.2.2 Value: 192
2023-01-20 23:17:19,968 - root - DEBUG - 9.2.3 Value: 68
2023-01-20 23:17:19,968 - root - DEBUG - 9.2.4 Value: 10
2023-01-20 23:17:19,968 - root - DEBUG - 12 Value: None
2023-01-20 23:17:19,968 - root - DEBUG - 12.2 Value: None
2023-01-20 23:17:19,968 - root - DEBUG - 12.2.1 Value: 177
2023-01-20 23:17:19,968 - root - DEBUG - 12.2.2 Value: 36
2023-01-20 23:17:19,968 - root - DEBUG - 12.2.3 Value: 58
2023-01-20 23:17:19,968 - root - DEBUG - 12.2.4 Value: 10
2023-01-20 23:17:19,968 - root - DEBUG - 15 Value: None
2023-01-20 23:17:19,968 - root - DEBUG - 15.2 Value: None
2023-01-20 23:17:19,968 - root - DEBUG - 15.2.1 Value: 177
2023-01-20 23:17:19,968 - root - DEBUG - 15.2.2 Value: 36
2023-01-20 23:17:19,968 - root - DEBUG - 15.2.3 Value: 78
2023-01-20 23:17:19,968 - root - DEBUG - 15.2.4 Value: 10
2023-01-20 23:17:19,968 - root - DEBUG - 0-Info
2023-01-20 23:17:19,968 - root - DEBUG - 0.1-DeviceId
2023-01-20 23:17:19,968 - root - DEBUG - 2-Background
2023-01-20 23:17:19,968 - root - DEBUG - 2.1-Image
2023-01-20 23:17:19,968 - root - DEBUG - 2.1.1-X
2023-01-20 23:17:19,968 - root - DEBUG - 2.1.2-Y
2023-01-20 23:17:19,968 - root - DEBUG - 2.1.3-ImageIndex
2023-01-20 23:17:19,968 - root - DEBUG - 2.3-Preview
2023-01-20 23:17:19,968 - root - DEBUG - 2.3.1-X
2023-01-20 23:17:19,968 - root - DEBUG - 2.3.2-Y
2023-01-20 23:17:19,968 - root - DEBUG - 2.3.3-ImageIndex
2023-01-20 23:17:19,968 - root - DEBUG - 3-TimeExtended
2023-01-20 23:17:19,968 - root - DEBUG - 3.1-TimeSeparateDigits
2023-01-20 23:17:19,968 - root - DEBUG - 3.1.1-Hours
2023-01-20 23:17:19,968 - root - DEBUG - 3.1.1.1-Tens
2023-01-20 23:17:19,968 - root - DEBUG - 3.1.1.1.1-X
2023-01-20 23:17:19,968 - root - DEBUG - 3.1.1.1.2-Y
2023-01-20 23:17:19,968 - root - DEBUG - 3.1.1.1.3-ImageIndex
2023-01-20 23:17:19,968 - root - DEBUG - 3.1.1.1.4-ImagesCount
2023-01-20 23:17:19,968 - root - DEBUG - 3.1.1.2-Ones
2023-01-20 23:17:19,968 - root - DEBUG - 3.1.1.2.1-X
2023-01-20 23:17:19,968 - root - DEBUG - 3.1.1.2.2-Y
2023-01-20 23:17:19,968 - root - DEBUG - 3.1.1.2.3-ImageIndex
2023-01-20 23:17:19,968 - root - DEBUG - 3.1.1.2.4-ImagesCount
2023-01-20 23:17:19,968 - root - DEBUG - 3.1.2-Minutes
2023-01-20 23:17:19,968 - root - DEBUG - 3.1.2.1-Tens
2023-01-20 23:17:19,968 - root - DEBUG - 3.1.2.1.1-X
2023-01-20 23:17:19,968 - root - DEBUG - 3.1.2.1.2-Y
2023-01-20 23:17:19,968 - root - DEBUG - 3.1.2.1.3-ImageIndex
2023-01-20 23:17:19,968 - root - DEBUG - 3.1.2.1.4-ImagesCount
2023-01-20 23:17:19,973 - root - DEBUG - 3.1.2.2-Ones
2023-01-20 23:17:19,973 - root - DEBUG - 3.1.2.2.1-X
2023-01-20 23:17:19,973 - root - DEBUG - 3.1.2.2.2-Y
2023-01-20 23:17:19,973 - root - DEBUG - 3.1.2.2.3-ImageIndex
2023-01-20 23:17:19,974 - root - DEBUG - 3.1.2.2.4-ImagesCount
2023-01-20 23:17:19,974 - root - DEBUG - 3.1.7-PaddingZeroHours
2023-01-20 23:17:19,974 - root - DEBUG - 3.1.8-PaddingZeroMinutes
2023-01-20 23:17:19,974 - root - DEBUG - 5-DateBlock
2023-01-20 23:17:19,974 - root - DEBUG - 5.1-Date
2023-01-20 23:17:19,974 - root - DEBUG - 5.1.4-PaddingZeroMonth
2023-01-20 23:17:19,974 - root - DEBUG - 5.1.5-PaddingZeroDay
2023-01-20 23:17:19,974 - root - DEBUG - 5.1.6-UnknownBoolean6
2023-01-20 23:17:19,974 - root - DEBUG - 6-Weather
2023-01-20 23:17:19,974 - root - DEBUG - 6.1-Icon
2023-01-20 23:17:19,974 - root - DEBUG - 6.1.2-Images
2023-01-20 23:17:19,974 - root - DEBUG - 6.1.2.1-X
2023-01-20 23:17:19,974 - root - DEBUG - 6.1.2.2-Y
2023-01-20 23:17:19,974 - root - DEBUG - 6.1.2.3-ImageIndex
2023-01-20 23:17:19,974 - root - DEBUG - 6.1.2.4-ImagesCount
2023-01-20 23:17:19,974 - root - DEBUG - 7-StepProgress
2023-01-20 23:17:19,974 - root - DEBUG - 7.2-ImageProgress
2023-01-20 23:17:19,974 - root - DEBUG - 7.2.1-X
2023-01-20 23:17:19,974 - root - DEBUG - 7.2.2-Y
2023-01-20 23:17:19,974 - root - DEBUG - 7.2.3-ImageIndex
2023-01-20 23:17:19,974 - root - DEBUG - 7.2.4-ImagesCount
2023-01-20 23:17:19,974 - root - DEBUG - 9-Battery
2023-01-20 23:17:19,974 - root - DEBUG - 9.2-ImageProgress
2023-01-20 23:17:19,974 - root - DEBUG - 9.2.1-X
2023-01-20 23:17:19,974 - root - DEBUG - 9.2.2-Y
2023-01-20 23:17:19,974 - root - DEBUG - 9.2.3-ImageIndex
2023-01-20 23:17:19,974 - root - DEBUG - 9.2.4-ImagesCount
2023-01-20 23:17:19,974 - root - DEBUG - 12-HeartProgress
2023-01-20 23:17:19,974 - root - DEBUG - 12.2-ImageProgress
2023-01-20 23:17:19,974 - root - DEBUG - 12.2.1-X
2023-01-20 23:17:19,974 - root - DEBUG - 12.2.2-Y
2023-01-20 23:17:19,974 - root - DEBUG - 12.2.3-ImageIndex
2023-01-20 23:17:19,974 - root - DEBUG - 12.2.4-ImagesCount
2023-01-20 23:17:19,974 - root - DEBUG - 15-CaloriesProgress
2023-01-20 23:17:19,974 - root - DEBUG - 15.2-ImageProgress
2023-01-20 23:17:19,974 - root - DEBUG - 15.2.1-X
2023-01-20 23:17:19,974 - root - DEBUG - 15.2.2-Y
2023-01-20 23:17:19,974 - root - DEBUG - 15.2.3-ImageIndex
2023-01-20 23:17:19,974 - root - DEBUG - 15.2.4-ImagesCount
2023-01-20 23:17:19,974 - root - DEBUG - generatePreviews
2023-01-20 23:17:19,974 - root - DEBUG - Generating previews...
2023-01-20 23:17:19,974 - root - DEBUG - Generating states done...
2023-01-20 23:17:19,984 - root - DEBUG - >>>>>>>>>>>> 0 <watchFaceParser.models.parameter.Parameter object at 0x00000221555BE3D0>
2023-01-20 23:17:19,984 - root - DEBUG - >>>>>>>>>>>> 2 <watchFaceParser.models.parameter.Parameter object at 0x00000221555BB0A0>
2023-01-20 23:17:19,989 - root - DEBUG - >>>>>>>>>>>> 3 <watchFaceParser.models.parameter.Parameter object at 0x00000221555BB250>
2023-01-20 23:17:19,994 - root - DEBUG - >>>>>>>>>>>> 5 <watchFaceParser.models.parameter.Parameter object at 0x00000221555BC4F0>
2023-01-20 23:17:19,994 - root - DEBUG - >>>>>>>>>>>> 6 <watchFaceParser.models.parameter.Parameter object at 0x00000221555BC730>
2023-01-20 23:17:20,004 - root - DEBUG - >>>>>>>>>>>> 7 <watchFaceParser.models.parameter.Parameter object at 0x00000221555BCA00>
2023-01-20 23:17:20,005 - root - DEBUG - >>>>>>>>>>>> 9 <watchFaceParser.models.parameter.Parameter object at 0x00000221555BCCA0>
2023-01-20 23:17:20,005 - root - DEBUG - >>>>>>>>>>>> 12 <watchFaceParser.models.parameter.Parameter object at 0x00000221555BCF10>
2023-01-20 23:17:20,005 - root - DEBUG - >>>>>>>>>>>> 15 <watchFaceParser.models.parameter.Parameter object at 0x00000221555BCC70>
2023-01-20 23:17:20,014 - root - DEBUG - Generating static preview gen done...
2023-01-20 23:17:20,054 - root - DEBUG - Generating static preview save done...
2023-01-20 23:17:20,054 - root - DEBUG - Generating anim preview gen done...
2023-01-20 23:17:20,054 - root - DEBUG - >>>>>>>>>>>> 0 <watchFaceParser.models.parameter.Parameter object at 0x00000221555BE3D0>
2023-01-20 23:17:20,054 - root - DEBUG - >>>>>>>>>>>> 2 <watchFaceParser.models.parameter.Parameter object at 0x00000221555BB0A0>
2023-01-20 23:17:20,054 - root - DEBUG - >>>>>>>>>>>> 3 <watchFaceParser.models.parameter.Parameter object at 0x00000221555BB250>
2023-01-20 23:17:20,054 - root - DEBUG - >>>>>>>>>>>> 5 <watchFaceParser.models.parameter.Parameter object at 0x00000221555BC4F0>
2023-01-20 23:17:20,054 - root - DEBUG - >>>>>>>>>>>> 6 <watchFaceParser.models.parameter.Parameter object at 0x00000221555BC730>
2023-01-20 23:17:20,054 - root - DEBUG - >>>>>>>>>>>> 7 <watchFaceParser.models.parameter.Parameter object at 0x00000221555BCA00>
2023-01-20 23:17:20,054 - root - DEBUG - >>>>>>>>>>>> 9 <watchFaceParser.models.parameter.Parameter object at 0x00000221555BCCA0>
2023-01-20 23:17:20,054 - root - DEBUG - >>>>>>>>>>>> 12 <watchFaceParser.models.parameter.Parameter object at 0x00000221555BCF10>
2023-01-20 23:17:20,054 - root - DEBUG - >>>>>>>>>>>> 15 <watchFaceParser.models.parameter.Parameter object at 0x00000221555BCC70>
2023-01-20 23:17:20,134 - root - DEBUG - generatePreviews done
2023-01-20 23:17:20,134 - root - DEBUG - Exporting resources to 'E:\Codez\zepp-bip3-wf\58e3ed3c1c2a01e1caaab606fff6c5b3'
2023-01-20 23:17:20,134 - root - DEBUG - extracting E:\Codez\zepp-bip3-wf\58e3ed3c1c2a01e1caaab606fff6c5b3\0000.png...
2023-01-20 23:17:20,134 - root - DEBUG - extracting E:\Codez\zepp-bip3-wf\58e3ed3c1c2a01e1caaab606fff6c5b3\0001.png...
2023-01-20 23:17:20,147 - root - DEBUG - extracting E:\Codez\zepp-bip3-wf\58e3ed3c1c2a01e1caaab606fff6c5b3\0002.png...
2023-01-20 23:17:20,147 - root - DEBUG - extracting E:\Codez\zepp-bip3-wf\58e3ed3c1c2a01e1caaab606fff6c5b3\0003.png...
2023-01-20 23:17:20,147 - root - DEBUG - extracting E:\Codez\zepp-bip3-wf\58e3ed3c1c2a01e1caaab606fff6c5b3\0004.png...
2023-01-20 23:17:20,154 - root - DEBUG - extracting E:\Codez\zepp-bip3-wf\58e3ed3c1c2a01e1caaab606fff6c5b3\0005.png...
2023-01-20 23:17:20,154 - root - DEBUG - extracting E:\Codez\zepp-bip3-wf\58e3ed3c1c2a01e1caaab606fff6c5b3\0006.png...
2023-01-20 23:17:20,154 - root - DEBUG - extracting E:\Codez\zepp-bip3-wf\58e3ed3c1c2a01e1caaab606fff6c5b3\0007.png...
2023-01-20 23:17:20,154 - root - DEBUG - extracting E:\Codez\zepp-bip3-wf\58e3ed3c1c2a01e1caaab606fff6c5b3\0008.png...
2023-01-20 23:17:20,163 - root - DEBUG - extracting E:\Codez\zepp-bip3-wf\58e3ed3c1c2a01e1caaab606fff6c5b3\0009.png...
2023-01-20 23:17:20,164 - root - DEBUG - extracting E:\Codez\zepp-bip3-wf\58e3ed3c1c2a01e1caaab606fff6c5b3\0010.png...
2023-01-20 23:17:20,164 - root - DEBUG - extracting E:\Codez\zepp-bip3-wf\58e3ed3c1c2a01e1caaab606fff6c5b3\0011.png...
2023-01-20 23:17:20,168 - root - DEBUG - extracting E:\Codez\zepp-bip3-wf\58e3ed3c1c2a01e1caaab606fff6c5b3\0012.png...
2023-01-20 23:17:20,168 - root - DEBUG - extracting E:\Codez\zepp-bip3-wf\58e3ed3c1c2a01e1caaab606fff6c5b3\0013.png...
2023-01-20 23:17:20,168 - root - DEBUG - extracting E:\Codez\zepp-bip3-wf\58e3ed3c1c2a01e1caaab606fff6c5b3\0014.png...
2023-01-20 23:17:20,174 - root - DEBUG - extracting E:\Codez\zepp-bip3-wf\58e3ed3c1c2a01e1caaab606fff6c5b3\0015.png...
2023-01-20 23:17:20,174 - root - DEBUG - extracting E:\Codez\zepp-bip3-wf\58e3ed3c1c2a01e1caaab606fff6c5b3\0016.png...
2023-01-20 23:17:20,174 - root - DEBUG - extracting E:\Codez\zepp-bip3-wf\58e3ed3c1c2a01e1caaab606fff6c5b3\0017.png...
2023-01-20 23:17:20,179 - root - DEBUG - extracting E:\Codez\zepp-bip3-wf\58e3ed3c1c2a01e1caaab606fff6c5b3\0018.png...
2023-01-20 23:17:20,179 - root - DEBUG - extracting E:\Codez\zepp-bip3-wf\58e3ed3c1c2a01e1caaab606fff6c5b3\0019.png...
2023-01-20 23:17:20,179 - root - DEBUG - extracting E:\Codez\zepp-bip3-wf\58e3ed3c1c2a01e1caaab606fff6c5b3\0020.png...
2023-01-20 23:17:20,184 - root - DEBUG - extracting E:\Codez\zepp-bip3-wf\58e3ed3c1c2a01e1caaab606fff6c5b3\0021.png...
2023-01-20 23:17:20,184 - root - DEBUG - extracting E:\Codez\zepp-bip3-wf\58e3ed3c1c2a01e1caaab606fff6c5b3\0022.png...
2023-01-20 23:17:20,184 - root - DEBUG - extracting E:\Codez\zepp-bip3-wf\58e3ed3c1c2a01e1caaab606fff6c5b3\0023.png...
2023-01-20 23:17:20,184 - root - DEBUG - extracting E:\Codez\zepp-bip3-wf\58e3ed3c1c2a01e1caaab606fff6c5b3\0024.png...
2023-01-20 23:17:20,184 - root - DEBUG - extracting E:\Codez\zepp-bip3-wf\58e3ed3c1c2a01e1caaab606fff6c5b3\0025.png...
2023-01-20 23:17:20,184 - root - DEBUG - extracting E:\Codez\zepp-bip3-wf\58e3ed3c1c2a01e1caaab606fff6c5b3\0026.png...
2023-01-20 23:17:20,184 - root - DEBUG - extracting E:\Codez\zepp-bip3-wf\58e3ed3c1c2a01e1caaab606fff6c5b3\0027.png...
2023-01-20 23:17:20,184 - root - DEBUG - extracting E:\Codez\zepp-bip3-wf\58e3ed3c1c2a01e1caaab606fff6c5b3\0028.png...
2023-01-20 23:17:20,184 - root - DEBUG - extracting E:\Codez\zepp-bip3-wf\58e3ed3c1c2a01e1caaab606fff6c5b3\0029.png...
2023-01-20 23:17:20,194 - root - DEBUG - extracting E:\Codez\zepp-bip3-wf\58e3ed3c1c2a01e1caaab606fff6c5b3\0030.png...
2023-01-20 23:17:20,195 - root - DEBUG - extracting E:\Codez\zepp-bip3-wf\58e3ed3c1c2a01e1caaab606fff6c5b3\0031.png...
2023-01-20 23:17:20,195 - root - DEBUG - extracting E:\Codez\zepp-bip3-wf\58e3ed3c1c2a01e1caaab606fff6c5b3\0032.png...
2023-01-20 23:17:20,195 - root - DEBUG - extracting E:\Codez\zepp-bip3-wf\58e3ed3c1c2a01e1caaab606fff6c5b3\0033.png...
2023-01-20 23:17:20,195 - root - DEBUG - extracting E:\Codez\zepp-bip3-wf\58e3ed3c1c2a01e1caaab606fff6c5b3\0034.png...
2023-01-20 23:17:20,195 - root - DEBUG - extracting E:\Codez\zepp-bip3-wf\58e3ed3c1c2a01e1caaab606fff6c5b3\0035.png...
2023-01-20 23:17:20,195 - root - DEBUG - extracting E:\Codez\zepp-bip3-wf\58e3ed3c1c2a01e1caaab606fff6c5b3\0036.png...
2023-01-20 23:17:20,195 - root - DEBUG - extracting E:\Codez\zepp-bip3-wf\58e3ed3c1c2a01e1caaab606fff6c5b3\0037.png...
2023-01-20 23:17:20,195 - root - DEBUG - extracting E:\Codez\zepp-bip3-wf\58e3ed3c1c2a01e1caaab606fff6c5b3\0038.png...
2023-01-20 23:17:20,195 - root - DEBUG - extracting E:\Codez\zepp-bip3-wf\58e3ed3c1c2a01e1caaab606fff6c5b3\0039.png...
2023-01-20 23:17:20,195 - root - DEBUG - extracting E:\Codez\zepp-bip3-wf\58e3ed3c1c2a01e1caaab606fff6c5b3\0040.png...
2023-01-20 23:17:20,204 - root - DEBUG - extracting E:\Codez\zepp-bip3-wf\58e3ed3c1c2a01e1caaab606fff6c5b3\0041.png...
2023-01-20 23:17:20,204 - root - DEBUG - extracting E:\Codez\zepp-bip3-wf\58e3ed3c1c2a01e1caaab606fff6c5b3\0042.png...
2023-01-20 23:17:20,204 - root - DEBUG - extracting E:\Codez\zepp-bip3-wf\58e3ed3c1c2a01e1caaab606fff6c5b3\0043.png...
2023-01-20 23:17:20,204 - root - DEBUG - extracting E:\Codez\zepp-bip3-wf\58e3ed3c1c2a01e1caaab606fff6c5b3\0044.png...
2023-01-20 23:17:20,204 - root - DEBUG - extracting E:\Codez\zepp-bip3-wf\58e3ed3c1c2a01e1caaab606fff6c5b3\0045.png...
2023-01-20 23:17:20,204 - root - DEBUG - extracting E:\Codez\zepp-bip3-wf\58e3ed3c1c2a01e1caaab606fff6c5b3\0046.png...
2023-01-20 23:17:20,204 - root - DEBUG - extracting E:\Codez\zepp-bip3-wf\58e3ed3c1c2a01e1caaab606fff6c5b3\0047.png...
2023-01-20 23:17:20,210 - root - DEBUG - extracting E:\Codez\zepp-bip3-wf\58e3ed3c1c2a01e1caaab606fff6c5b3\0048.png...
2023-01-20 23:17:20,210 - root - DEBUG - extracting E:\Codez\zepp-bip3-wf\58e3ed3c1c2a01e1caaab606fff6c5b3\0049.png...
2023-01-20 23:17:20,210 - root - DEBUG - extracting E:\Codez\zepp-bip3-wf\58e3ed3c1c2a01e1caaab606fff6c5b3\0050.png...
2023-01-20 23:17:20,214 - root - DEBUG - extracting E:\Codez\zepp-bip3-wf\58e3ed3c1c2a01e1caaab606fff6c5b3\0051.png...
2023-01-20 23:17:20,214 - root - DEBUG - extracting E:\Codez\zepp-bip3-wf\58e3ed3c1c2a01e1caaab606fff6c5b3\0052.png...
2023-01-20 23:17:20,214 - root - DEBUG - extracting E:\Codez\zepp-bip3-wf\58e3ed3c1c2a01e1caaab606fff6c5b3\0053.png...
2023-01-20 23:17:20,214 - root - DEBUG - extracting E:\Codez\zepp-bip3-wf\58e3ed3c1c2a01e1caaab606fff6c5b3\0054.png...
2023-01-20 23:17:20,214 - root - DEBUG - extracting E:\Codez\zepp-bip3-wf\58e3ed3c1c2a01e1caaab606fff6c5b3\0055.png...
2023-01-20 23:17:20,214 - root - DEBUG - extracting E:\Codez\zepp-bip3-wf\58e3ed3c1c2a01e1caaab606fff6c5b3\0056.png...
2023-01-20 23:17:20,214 - root - DEBUG - extracting E:\Codez\zepp-bip3-wf\58e3ed3c1c2a01e1caaab606fff6c5b3\0057.png...
2023-01-20 23:17:20,214 - root - DEBUG - extracting E:\Codez\zepp-bip3-wf\58e3ed3c1c2a01e1caaab606fff6c5b3\0058.png...
2023-01-20 23:17:20,214 - root - DEBUG - extracting E:\Codez\zepp-bip3-wf\58e3ed3c1c2a01e1caaab606fff6c5b3\0059.png...
2023-01-20 23:17:20,224 - root - DEBUG - extracting E:\Codez\zepp-bip3-wf\58e3ed3c1c2a01e1caaab606fff6c5b3\0060.png...
2023-01-20 23:17:20,224 - root - DEBUG - extracting E:\Codez\zepp-bip3-wf\58e3ed3c1c2a01e1caaab606fff6c5b3\0061.png...
2023-01-20 23:17:20,226 - root - DEBUG - extracting E:\Codez\zepp-bip3-wf\58e3ed3c1c2a01e1caaab606fff6c5b3\0062.png...
2023-01-20 23:17:20,226 - root - DEBUG - extracting E:\Codez\zepp-bip3-wf\58e3ed3c1c2a01e1caaab606fff6c5b3\0063.png...
2023-01-20 23:17:20,226 - root - DEBUG - extracting E:\Codez\zepp-bip3-wf\58e3ed3c1c2a01e1caaab606fff6c5b3\0064.png...
2023-01-20 23:17:20,226 - root - DEBUG - extracting E:\Codez\zepp-bip3-wf\58e3ed3c1c2a01e1caaab606fff6c5b3\0065.png...
2023-01-20 23:17:20,226 - root - DEBUG - extracting E:\Codez\zepp-bip3-wf\58e3ed3c1c2a01e1caaab606fff6c5b3\0066.png...
2023-01-20 23:17:20,226 - root - DEBUG - extracting E:\Codez\zepp-bip3-wf\58e3ed3c1c2a01e1caaab606fff6c5b3\0067.png...
2023-01-20 23:17:20,226 - root - DEBUG - extracting E:\Codez\zepp-bip3-wf\58e3ed3c1c2a01e1caaab606fff6c5b3\0068.png...
2023-01-20 23:17:20,234 - root - DEBUG - extracting E:\Codez\zepp-bip3-wf\58e3ed3c1c2a01e1caaab606fff6c5b3\0069.png...
2023-01-20 23:17:20,234 - root - DEBUG - extracting E:\Codez\zepp-bip3-wf\58e3ed3c1c2a01e1caaab606fff6c5b3\0070.png...
2023-01-20 23:17:20,234 - root - DEBUG - extracting E:\Codez\zepp-bip3-wf\58e3ed3c1c2a01e1caaab606fff6c5b3\0071.png...
2023-01-20 23:17:20,234 - root - DEBUG - extracting E:\Codez\zepp-bip3-wf\58e3ed3c1c2a01e1caaab606fff6c5b3\0072.png...
2023-01-20 23:17:20,234 - root - DEBUG - extracting E:\Codez\zepp-bip3-wf\58e3ed3c1c2a01e1caaab606fff6c5b3\0073.png...
2023-01-20 23:17:20,234 - root - DEBUG - extracting E:\Codez\zepp-bip3-wf\58e3ed3c1c2a01e1caaab606fff6c5b3\0074.png...
2023-01-20 23:17:20,234 - root - DEBUG - extracting E:\Codez\zepp-bip3-wf\58e3ed3c1c2a01e1caaab606fff6c5b3\0075.png...
2023-01-20 23:17:20,234 - root - DEBUG - extracting E:\Codez\zepp-bip3-wf\58e3ed3c1c2a01e1caaab606fff6c5b3\0076.png...
2023-01-20 23:17:20,242 - root - DEBUG - extracting E:\Codez\zepp-bip3-wf\58e3ed3c1c2a01e1caaab606fff6c5b3\0077.png...
2023-01-20 23:17:20,244 - root - DEBUG - extracting E:\Codez\zepp-bip3-wf\58e3ed3c1c2a01e1caaab606fff6c5b3\0078.png...
2023-01-20 23:17:20,244 - root - DEBUG - extracting E:\Codez\zepp-bip3-wf\58e3ed3c1c2a01e1caaab606fff6c5b3\0079.png...
2023-01-20 23:17:20,244 - root - DEBUG - extracting E:\Codez\zepp-bip3-wf\58e3ed3c1c2a01e1caaab606fff6c5b3\0080.png...
2023-01-20 23:17:20,244 - root - DEBUG - extracting E:\Codez\zepp-bip3-wf\58e3ed3c1c2a01e1caaab606fff6c5b3\0081.png...
2023-01-20 23:17:20,244 - root - DEBUG - extracting E:\Codez\zepp-bip3-wf\58e3ed3c1c2a01e1caaab606fff6c5b3\0082.png...
2023-01-20 23:17:20,244 - root - DEBUG - extracting E:\Codez\zepp-bip3-wf\58e3ed3c1c2a01e1caaab606fff6c5b3\0083.png...
2023-01-20 23:17:20,244 - root - DEBUG - extracting E:\Codez\zepp-bip3-wf\58e3ed3c1c2a01e1caaab606fff6c5b3\0084.png...
2023-01-20 23:17:20,244 - root - DEBUG - extracting E:\Codez\zepp-bip3-wf\58e3ed3c1c2a01e1caaab606fff6c5b3\0085.png...
2023-01-20 23:17:20,244 - root - DEBUG - extracting E:\Codez\zepp-bip3-wf\58e3ed3c1c2a01e1caaab606fff6c5b3\0086.png...
2023-01-20 23:17:20,244 - root - DEBUG - extracting E:\Codez\zepp-bip3-wf\58e3ed3c1c2a01e1caaab606fff6c5b3\0087.png...
2023-01-20 23:17:20,254 - root - DEBUG - Exporting config...
