2023-01-20 23:17:07,093 - root - DEBUG - Opening watch face 'E:\Codez\zepp-bip3-wf\3cbcabc63319bb28b679a21afa7c9197.bin'
2023-01-20 23:17:07,093 - root - DEBUG - Reading parameters...
2023-01-20 23:17:07,093 - root - INFO - Reading header...
2023-01-20 23:17:07,093 - root - INFO - Header was read:
2023-01-20 23:17:07,093 - root - INFO - Signature: b'UIHH\x01\x00\xff', Unknown: 101, ParametersSize: 60, isValid: True, deviceId: 71
2023-01-20 23:17:07,093 - root - INFO - Reading parameter offsets...
2023-01-20 23:17:07,093 - root - INFO - Parameter offsets were read from file
2023-01-20 23:17:07,093 - root - INFO - Reading parameters descriptor...
2023-01-20 23:17:07,093 - root - INFO - 1 ( A): 5 bytes
2023-01-20 23:17:07,093 - root - INFO -     1 ( 8): 280 118
2023-01-20 23:17:07,093 - root - INFO -     2 (10): 94 5E
2023-01-20 23:17:07,093 - root - INFO - getParameters descriptor was read:
2023-01-20 23:17:07,093 - root - INFO - ParametersTableLength: 280, ImagesCount: 94
2023-01-20 23:17:07,093 - root - INFO - Reading parameters locations...
2023-01-20 23:17:07,093 - root - INFO - 2 (12): 4 bytes
2023-01-20 23:17:07,093 - root - INFO -     1 ( 8): 0  0
2023-01-20 23:17:07,093 - root - INFO -     2 (10): 16 10
2023-01-20 23:17:07,093 - root - INFO - 3 (1A): 4 bytes
2023-01-20 23:17:07,093 - root - INFO -     1 ( 8): 16 10
2023-01-20 23:17:07,093 - root - INFO -     2 (10): 74 4A
2023-01-20 23:17:07,093 - root - INFO - 4 (22): 4 bytes
2023-01-20 23:17:07,093 - root - INFO -     1 ( 8): 98 62
2023-01-20 23:17:07,093 - root - INFO -     2 (10): 101 65
2023-01-20 23:17:07,093 - root - INFO - 5 (2A): 4 bytes
2023-01-20 23:17:07,093 - root - INFO -     1 ( 8): 90 5A
2023-01-20 23:17:07,093 - root - INFO -     2 (10): 8  8
2023-01-20 23:17:07,093 - root - INFO - 6 (32): 5 bytes
2023-01-20 23:17:07,093 - root - INFO -     1 ( 8): 199 C7
2023-01-20 23:17:07,093 - root - INFO -     2 (10): 24 18
2023-01-20 23:17:07,093 - root - INFO - 7 (3A): 5 bytes
2023-01-20 23:17:07,093 - root - INFO -     1 ( 8): 223 DF
2023-01-20 23:17:07,093 - root - INFO -     2 (10): 10  A
2023-01-20 23:17:07,093 - root - INFO - 9 (4A): 5 bytes
2023-01-20 23:17:07,093 - root - INFO -     1 ( 8): 233 E9
2023-01-20 23:17:07,093 - root - INFO -     2 (10): 35 23
2023-01-20 23:17:07,093 - root - INFO - 26 (D2): 5 bytes
2023-01-20 23:17:07,093 - root - INFO -     1 ( 8): 268 10C
2023-01-20 23:17:07,093 - root - INFO -     2 (10): 12  C
2023-01-20 23:17:07,093 - root - INFO - Watch face parameters locations were read:
2023-01-20 23:17:07,093 - root - INFO - Reading descriptor for parameter 2
2023-01-20 23:17:07,093 - root - INFO - Descriptor offset: 0, Descriptor length: 16
2023-01-20 23:17:07,093 - root - INFO - Parsing descriptor for parameter 2...
2023-01-20 23:17:07,093 - root - INFO - 1 ( A): 6 bytes
2023-01-20 23:17:07,093 - root - INFO -     1 ( 8): 0  0
2023-01-20 23:17:07,093 - root - INFO -     2 (10): 0  0
2023-01-20 23:17:07,093 - root - INFO -     3 (18): 1  1
2023-01-20 23:17:07,093 - root - INFO - 3 (1A): 6 bytes
2023-01-20 23:17:07,093 - root - INFO -     1 ( 8): 0  0
2023-01-20 23:17:07,093 - root - INFO -     2 (10): 0  0
2023-01-20 23:17:07,093 - root - INFO -     3 (18): 0  0
2023-01-20 23:17:07,093 - root - INFO - Reading descriptor for parameter 3
2023-01-20 23:17:07,093 - root - INFO - Descriptor offset: 16, Descriptor length: 74
2023-01-20 23:17:07,093 - root - INFO - Parsing descriptor for parameter 3...
2023-01-20 23:17:07,093 - root - INFO - 1 ( A): 72 bytes
2023-01-20 23:17:07,093 - root - INFO -     1 ( A): 20 bytes
2023-01-20 23:17:07,093 - root - INFO -         1 ( A): 8 bytes
2023-01-20 23:17:07,093 - root - INFO -             1 ( 8): 14  E
2023-01-20 23:17:07,101 - root - INFO -             2 (10): 72 48
2023-01-20 23:17:07,101 - root - INFO -             3 (18): 2  2
2023-01-20 23:17:07,101 - root - INFO -             4 (20): 10  A
2023-01-20 23:17:07,101 - root - INFO -         2 (12): 8 bytes
2023-01-20 23:17:07,101 - root - INFO -             1 ( 8): 46 2E
2023-01-20 23:17:07,101 - root - INFO -             2 (10): 72 48
2023-01-20 23:17:07,101 - root - INFO -             3 (18): 2  2
2023-01-20 23:17:07,101 - root - INFO -             4 (20): 10  A
2023-01-20 23:17:07,101 - root - INFO -     2 (12): 20 bytes
2023-01-20 23:17:07,101 - root - INFO -         1 ( A): 8 bytes
2023-01-20 23:17:07,101 - root - INFO -             1 ( 8): 88 58
2023-01-20 23:17:07,101 - root - INFO -             2 (10): 72 48
2023-01-20 23:17:07,101 - root - INFO -             3 (18): 2  2
2023-01-20 23:17:07,101 - root - INFO -             4 (20): 10  A
2023-01-20 23:17:07,101 - root - INFO -         2 (12): 8 bytes
2023-01-20 23:17:07,101 - root - INFO -             1 ( 8): 120 78
2023-01-20 23:17:07,101 - root - INFO -             2 (10): 72 48
2023-01-20 23:17:07,103 - root - INFO -             3 (18): 2  2
2023-01-20 23:17:07,103 - root - INFO -             4 (20): 10  A
2023-01-20 23:17:07,103 - root - INFO -     3 (1A): 22 bytes
2023-01-20 23:17:07,103 - root - INFO -         1 ( A): 9 bytes
2023-01-20 23:17:07,103 - root - INFO -             1 ( 8): 162 A2
2023-01-20 23:17:07,103 - root - INFO -             2 (10): 72 48
2023-01-20 23:17:07,103 - root - INFO -             3 (18): 2  2
2023-01-20 23:17:07,103 - root - INFO -             4 (20): 10  A
2023-01-20 23:17:07,103 - root - INFO -         2 (12): 9 bytes
2023-01-20 23:17:07,103 - root - INFO -             1 ( 8): 194 C2
2023-01-20 23:17:07,103 - root - INFO -             2 (10): 72 48
2023-01-20 23:17:07,103 - root - INFO -             3 (18): 2  2
2023-01-20 23:17:07,103 - root - INFO -             4 (20): 10  A
2023-01-20 23:17:07,103 - root - INFO -     7 (38): 0  0
2023-01-20 23:17:07,103 - root - INFO -     8 (40): 1  1
2023-01-20 23:17:07,103 - root - INFO - Reading descriptor for parameter 4
2023-01-20 23:17:07,103 - root - INFO - Descriptor offset: 98, Descriptor length: 101
2023-01-20 23:17:07,103 - root - INFO - Parsing descriptor for parameter 4...
2023-01-20 23:17:07,103 - root - INFO - 1 ( A): 22 bytes
2023-01-20 23:17:07,103 - root - INFO -     1 ( A): 20 bytes
2023-01-20 23:17:07,103 - root - INFO -         1 ( 8): 16 10
2023-01-20 23:17:07,103 - root - INFO -         2 (10): 128 80
2023-01-20 23:17:07,103 - root - INFO -         3 (18): 96 60
2023-01-20 23:17:07,103 - root - INFO -         4 (20): 158 9E
2023-01-20 23:17:07,103 - root - INFO -         5 (28): 18 12
2023-01-20 23:17:07,103 - root - INFO -         6 (30): 0  0
2023-01-20 23:17:07,103 - root - INFO -         7 (38): 0  0
2023-01-20 23:17:07,103 - root - INFO -         8 (40): 12  C
2023-01-20 23:17:07,103 - root - INFO -         9 (48): 10  A
2023-01-20 23:17:07,103 - root - INFO - 3 (1A): 22 bytes
2023-01-20 23:17:07,103 - root - INFO -     1 ( A): 20 bytes
2023-01-20 23:17:07,103 - root - INFO -         1 ( 8): 186 BA
2023-01-20 23:17:07,103 - root - INFO -         2 (10): 36 24
2023-01-20 23:17:07,103 - root - INFO -         3 (18): 218 DA
2023-01-20 23:17:07,103 - root - INFO -         4 (20): 48 30
2023-01-20 23:17:07,103 - root - INFO -         5 (28): 24 18
2023-01-20 23:17:07,103 - root - INFO -         6 (30): 0  0
2023-01-20 23:17:07,103 - root - INFO -         7 (38): 0  0
2023-01-20 23:17:07,103 - root - INFO -         8 (40): 22 16
2023-01-20 23:17:07,103 - root - INFO -         9 (48): 10  A
2023-01-20 23:17:07,103 - root - INFO - 4 (22): 27 bytes
2023-01-20 23:17:07,103 - root - INFO -     1 ( A): 21 bytes
2023-01-20 23:17:07,103 - root - INFO -         1 ( 8): 84 54
2023-01-20 23:17:07,103 - root - INFO -         2 (10): 238 EE
2023-01-20 23:17:07,103 - root - INFO -         3 (18): 168 A8
2023-01-20 23:17:07,103 - root - INFO -         4 (20): 266 10A
2023-01-20 23:17:07,103 - root - INFO -         5 (28): 18 12
2023-01-20 23:17:07,103 - root - INFO -         6 (30): 0  0
2023-01-20 23:17:07,103 - root - INFO -         7 (38): 0  0
2023-01-20 23:17:07,103 - root - INFO -         8 (40): 32 20
2023-01-20 23:17:07,103 - root - INFO -         9 (48): 10  A
2023-01-20 23:17:07,103 - root - INFO -     3 (18): 42 2A
2023-01-20 23:17:07,103 - root - INFO -     4 (20): 43 2B
2023-01-20 23:17:07,103 - root - INFO - 7 (38): 0  0
2023-01-20 23:17:07,103 - root - INFO - 8 (42): 20 bytes
2023-01-20 23:17:07,103 - root - INFO -     1 ( A): 18 bytes
2023-01-20 23:17:07,103 - root - INFO -         1 ( 8): 26 1A
2023-01-20 23:17:07,103 - root - INFO -         2 (10): 36 24
2023-01-20 23:17:07,103 - root - INFO -         3 (18): 50 32
2023-01-20 23:17:07,103 - root - INFO -         4 (20): 48 30
2023-01-20 23:17:07,103 - root - INFO -         5 (28): 24 18
2023-01-20 23:17:07,103 - root - INFO -         6 (30): 0  0
2023-01-20 23:17:07,103 - root - INFO -         7 (38): 0  0
2023-01-20 23:17:07,103 - root - INFO -         8 (40): 22 16
2023-01-20 23:17:07,103 - root - INFO -         9 (48): 10  A
2023-01-20 23:17:07,103 - root - INFO - Reading descriptor for parameter 5
2023-01-20 23:17:07,103 - root - INFO - Descriptor offset: 90, Descriptor length: 8
2023-01-20 23:17:07,103 - root - INFO - Parsing descriptor for parameter 5...
2023-01-20 23:17:07,103 - root - INFO - 1 ( A): 6 bytes
2023-01-20 23:17:07,103 - root - INFO -     4 (20): 1  1
2023-01-20 23:17:07,103 - root - INFO -     5 (28): 1  1
2023-01-20 23:17:07,103 - root - INFO -     6 (30): 0  0
2023-01-20 23:17:07,103 - root - INFO - Reading descriptor for parameter 6
2023-01-20 23:17:07,103 - root - INFO - Descriptor offset: 199, Descriptor length: 24
2023-01-20 23:17:07,103 - root - INFO - Parsing descriptor for parameter 6...
2023-01-20 23:17:07,103 - root - INFO - 6 (32): 22 bytes
2023-01-20 23:17:07,103 - root - INFO -     1 ( A): 20 bytes
2023-01-20 23:17:07,103 - root - INFO -         1 ( 8): 16 10
2023-01-20 23:17:07,103 - root - INFO -         2 (10): 200 C8
2023-01-20 23:17:07,103 - root - INFO -         3 (18): 56 38
2023-01-20 23:17:07,103 - root - INFO -         4 (20): 230 E6
2023-01-20 23:17:07,103 - root - INFO -         5 (28): 18 12
2023-01-20 23:17:07,103 - root - INFO -         6 (30): 0  0
2023-01-20 23:17:07,103 - root - INFO -         7 (38): 0  0
2023-01-20 23:17:07,103 - root - INFO -         8 (40): 44 2C
2023-01-20 23:17:07,103 - root - INFO -         9 (48): 10  A
2023-01-20 23:17:07,103 - root - INFO - Reading descriptor for parameter 7
2023-01-20 23:17:07,103 - root - INFO - Descriptor offset: 223, Descriptor length: 10
2023-01-20 23:17:07,103 - root - INFO - Parsing descriptor for parameter 7...
2023-01-20 23:17:07,103 - root - INFO - 2 (12): 8 bytes
2023-01-20 23:17:07,103 - root - INFO -     1 ( 8): 110 6E
2023-01-20 23:17:07,113 - root - INFO -     2 (10): 126 7E
2023-01-20 23:17:07,113 - root - INFO -     3 (18): 54 36
2023-01-20 23:17:07,113 - root - INFO -     4 (20): 10  A
2023-01-20 23:17:07,113 - root - INFO - Reading descriptor for parameter 9
2023-01-20 23:17:07,113 - root - INFO - Descriptor offset: 233, Descriptor length: 35
2023-01-20 23:17:07,113 - root - INFO - Parsing descriptor for parameter 9...
2023-01-20 23:17:07,113 - root - INFO - 1 ( A): 22 bytes
2023-01-20 23:17:07,113 - root - INFO -     1 ( A): 20 bytes
2023-01-20 23:17:07,113 - root - INFO -         1 ( 8): 16 10
2023-01-20 23:17:07,113 - root - INFO -         2 (10): 164 A4
2023-01-20 23:17:07,113 - root - INFO -         3 (18): 56 38
2023-01-20 23:17:07,113 - root - INFO -         4 (20): 194 C2
2023-01-20 23:17:07,113 - root - INFO -         5 (28): 18 12
2023-01-20 23:17:07,113 - root - INFO -         6 (30): 0  0
2023-01-20 23:17:07,113 - root - INFO -         7 (38): 0  0
2023-01-20 23:17:07,113 - root - INFO -         8 (40): 64 40
2023-01-20 23:17:07,113 - root - INFO -         9 (48): 10  A
2023-01-20 23:17:07,113 - root - INFO - 2 (12): 9 bytes
2023-01-20 23:17:07,113 - root - INFO -     1 ( 8): 122 7A
2023-01-20 23:17:07,113 - root - INFO -     2 (10): 138 8A
2023-01-20 23:17:07,113 - root - INFO -     3 (18): 74 4A
2023-01-20 23:17:07,113 - root - INFO -     4 (20): 10  A
2023-01-20 23:17:07,113 - root - INFO - Reading descriptor for parameter 26
2023-01-20 23:17:07,113 - root - INFO - Descriptor offset: 268, Descriptor length: 12
2023-01-20 23:17:07,113 - root - INFO - Parsing descriptor for parameter 26...
2023-01-20 23:17:07,113 - root - INFO - 1 ( A): 10 bytes
2023-01-20 23:17:07,113 - root - INFO -     1 ( 8): 139 8B
2023-01-20 23:17:07,113 - root - INFO -     2 (10): 155 9B
2023-01-20 23:17:07,113 - root - INFO -     3 (18): 84 54
2023-01-20 23:17:07,113 - root - INFO -     4 (20): 10  A
2023-01-20 23:17:07,117 - root - INFO - Reading resources offsets table with 94 elements (376 bytes)
2023-01-20 23:17:07,117 - root - INFO - Resource 0 offset: 803, length: 51224...
2023-01-20 23:17:07,117 - root - DEBUG - Reading resource 0...
2023-01-20 23:17:07,154 - root - INFO - The image is bmc.
2023-01-20 23:17:07,154 - root - INFO - Reading image header(readHeader16C)...
2023-01-20 23:17:07,154 - root - INFO - Image header was read:
2023-01-20 23:17:07,154 - root - INFO - Width: 148, Height: 173, RowLength: 296
2023-01-20 23:17:07,154 - root - INFO - _step: 2, unknown2: 0,
2023-01-20 23:17:07,154 - root - INFO - BPP: 16, Transparency: False
2023-01-20 23:17:07,259 - root - INFO - Resource 1 offset: 52027, length: 134416...
2023-01-20 23:17:07,259 - root - DEBUG - Reading resource 1...
2023-01-20 23:17:07,259 - root - INFO - The image is bmc.
2023-01-20 23:17:07,259 - root - INFO - Reading image header(readHeader16C)...
2023-01-20 23:17:07,259 - root - INFO - Image header was read:
2023-01-20 23:17:07,259 - root - INFO - Width: 240, Height: 280, RowLength: 480
2023-01-20 23:17:07,259 - root - INFO - _step: 2, unknown2: 0,
2023-01-20 23:17:07,259 - root - INFO - BPP: 16, Transparency: False
2023-01-20 23:17:07,523 - root - INFO - Resource 2 offset: 186443, length: 1428...
2023-01-20 23:17:07,523 - root - DEBUG - Reading resource 2...
2023-01-20 23:17:07,523 - root - INFO - The image is bme.
2023-01-20 23:17:07,523 - root - INFO - Reading image header(readHeader16E)...
2023-01-20 23:17:07,523 - root - INFO - Image header was read:
2023-01-20 23:17:07,523 - root - INFO - Width: 32, Height: 40, RowLength: 64
2023-01-20 23:17:07,523 - root - INFO - datalength: 1412, _step: 2
2023-01-20 23:17:07,523 - root - INFO - BPP: 16, Transparency: False
2023-01-20 23:17:07,523 - root - INFO - Resource 3 offset: 187871, length: 838...
2023-01-20 23:17:07,523 - root - DEBUG - Reading resource 3...
2023-01-20 23:17:07,531 - root - INFO - The image is bme.
2023-01-20 23:17:07,531 - root - INFO - Reading image header(readHeader16E)...
2023-01-20 23:17:07,531 - root - INFO - Image header was read:
2023-01-20 23:17:07,531 - root - INFO - Width: 32, Height: 40, RowLength: 64
2023-01-20 23:17:07,531 - root - INFO - datalength: 822, _step: 2
2023-01-20 23:17:07,531 - root - INFO - BPP: 16, Transparency: False
2023-01-20 23:17:07,534 - root - INFO - Resource 4 offset: 188709, length: 1288...
2023-01-20 23:17:07,534 - root - DEBUG - Reading resource 4...
2023-01-20 23:17:07,534 - root - INFO - The image is bme.
2023-01-20 23:17:07,534 - root - INFO - Reading image header(readHeader16E)...
2023-01-20 23:17:07,534 - root - INFO - Image header was read:
2023-01-20 23:17:07,534 - root - INFO - Width: 32, Height: 40, RowLength: 64
2023-01-20 23:17:07,534 - root - INFO - datalength: 1272, _step: 2
2023-01-20 23:17:07,534 - root - INFO - BPP: 16, Transparency: False
2023-01-20 23:17:07,534 - root - INFO - Resource 5 offset: 189997, length: 1312...
2023-01-20 23:17:07,534 - root - DEBUG - Reading resource 5...
2023-01-20 23:17:07,534 - root - INFO - The image is bme.
2023-01-20 23:17:07,534 - root - INFO - Reading image header(readHeader16E)...
2023-01-20 23:17:07,534 - root - INFO - Image header was read:
2023-01-20 23:17:07,534 - root - INFO - Width: 32, Height: 40, RowLength: 64
2023-01-20 23:17:07,534 - root - INFO - datalength: 1296, _step: 2
2023-01-20 23:17:07,534 - root - INFO - BPP: 16, Transparency: False
2023-01-20 23:17:07,534 - root - INFO - Resource 6 offset: 191309, length: 1280...
2023-01-20 23:17:07,534 - root - DEBUG - Reading resource 6...
2023-01-20 23:17:07,534 - root - INFO - The image is bme.
2023-01-20 23:17:07,534 - root - INFO - Reading image header(readHeader16E)...
2023-01-20 23:17:07,534 - root - INFO - Image header was read:
2023-01-20 23:17:07,534 - root - INFO - Width: 32, Height: 40, RowLength: 64
2023-01-20 23:17:07,534 - root - INFO - datalength: 1264, _step: 2
2023-01-20 23:17:07,534 - root - INFO - BPP: 16, Transparency: False
2023-01-20 23:17:07,534 - root - INFO - Resource 7 offset: 192589, length: 1318...
2023-01-20 23:17:07,534 - root - DEBUG - Reading resource 7...
2023-01-20 23:17:07,534 - root - INFO - The image is bme.
2023-01-20 23:17:07,534 - root - INFO - Reading image header(readHeader16E)...
2023-01-20 23:17:07,534 - root - INFO - Image header was read:
2023-01-20 23:17:07,534 - root - INFO - Width: 32, Height: 40, RowLength: 64
2023-01-20 23:17:07,534 - root - INFO - datalength: 1302, _step: 2
2023-01-20 23:17:07,544 - root - INFO - BPP: 16, Transparency: False
2023-01-20 23:17:07,544 - root - INFO - Resource 8 offset: 193907, length: 1354...
2023-01-20 23:17:07,544 - root - DEBUG - Reading resource 8...
2023-01-20 23:17:07,544 - root - INFO - The image is bme.
2023-01-20 23:17:07,544 - root - INFO - Reading image header(readHeader16E)...
2023-01-20 23:17:07,544 - root - INFO - Image header was read:
2023-01-20 23:17:07,544 - root - INFO - Width: 32, Height: 40, RowLength: 64
2023-01-20 23:17:07,544 - root - INFO - datalength: 1338, _step: 2
2023-01-20 23:17:07,544 - root - INFO - BPP: 16, Transparency: False
2023-01-20 23:17:07,547 - root - INFO - Resource 9 offset: 195261, length: 916...
2023-01-20 23:17:07,547 - root - DEBUG - Reading resource 9...
2023-01-20 23:17:07,547 - root - INFO - The image is bme.
2023-01-20 23:17:07,547 - root - INFO - Reading image header(readHeader16E)...
2023-01-20 23:17:07,547 - root - INFO - Image header was read:
2023-01-20 23:17:07,547 - root - INFO - Width: 32, Height: 40, RowLength: 64
2023-01-20 23:17:07,547 - root - INFO - datalength: 900, _step: 2
2023-01-20 23:17:07,547 - root - INFO - BPP: 16, Transparency: False
2023-01-20 23:17:07,547 - root - INFO - Resource 10 offset: 196177, length: 1544...
2023-01-20 23:17:07,547 - root - DEBUG - Reading resource 10...
2023-01-20 23:17:07,547 - root - INFO - The image is bme.
2023-01-20 23:17:07,547 - root - INFO - Reading image header(readHeader16E)...
2023-01-20 23:17:07,547 - root - INFO - Image header was read:
2023-01-20 23:17:07,547 - root - INFO - Width: 32, Height: 40, RowLength: 64
2023-01-20 23:17:07,547 - root - INFO - datalength: 1528, _step: 2
2023-01-20 23:17:07,547 - root - INFO - BPP: 16, Transparency: False
2023-01-20 23:17:07,553 - root - INFO - Resource 11 offset: 197721, length: 1522...
2023-01-20 23:17:07,553 - root - DEBUG - Reading resource 11...
2023-01-20 23:17:07,553 - root - INFO - The image is bme.
2023-01-20 23:17:07,553 - root - INFO - Reading image header(readHeader16E)...
2023-01-20 23:17:07,553 - root - INFO - Image header was read:
2023-01-20 23:17:07,553 - root - INFO - Width: 31, Height: 40, RowLength: 62
2023-01-20 23:17:07,553 - root - INFO - datalength: 1506, _step: 2
2023-01-20 23:17:07,553 - root - INFO - BPP: 16, Transparency: False
2023-01-20 23:17:07,553 - root - INFO - Resource 12 offset: 199243, length: 752...
2023-01-20 23:17:07,553 - root - DEBUG - Reading resource 12...
2023-01-20 23:17:07,553 - root - INFO - The image is bme.
2023-01-20 23:17:07,553 - root - INFO - Reading image header(readHeader16E)...
2023-01-20 23:17:07,553 - root - INFO - Image header was read:
2023-01-20 23:17:07,553 - root - INFO - Width: 20, Height: 30, RowLength: 40
2023-01-20 23:17:07,553 - root - INFO - datalength: 736, _step: 2
2023-01-20 23:17:07,553 - root - INFO - BPP: 16, Transparency: False
2023-01-20 23:17:07,559 - root - INFO - Resource 13 offset: 199995, length: 428...
2023-01-20 23:17:07,559 - root - DEBUG - Reading resource 13...
2023-01-20 23:17:07,559 - root - INFO - The image is bme.
2023-01-20 23:17:07,559 - root - INFO - Reading image header(readHeader16E)...
2023-01-20 23:17:07,559 - root - INFO - Image header was read:
2023-01-20 23:17:07,559 - root - INFO - Width: 20, Height: 30, RowLength: 40
2023-01-20 23:17:07,559 - root - INFO - datalength: 412, _step: 2
2023-01-20 23:17:07,559 - root - INFO - BPP: 16, Transparency: False
2023-01-20 23:17:07,559 - root - INFO - Resource 14 offset: 200423, length: 670...
2023-01-20 23:17:07,559 - root - DEBUG - Reading resource 14...
2023-01-20 23:17:07,559 - root - INFO - The image is bme.
2023-01-20 23:17:07,559 - root - INFO - Reading image header(readHeader16E)...
2023-01-20 23:17:07,559 - root - INFO - Image header was read:
2023-01-20 23:17:07,559 - root - INFO - Width: 20, Height: 30, RowLength: 40
2023-01-20 23:17:07,559 - root - INFO - datalength: 654, _step: 2
2023-01-20 23:17:07,559 - root - INFO - BPP: 16, Transparency: False
2023-01-20 23:17:07,559 - root - INFO - Resource 15 offset: 201093, length: 706...
2023-01-20 23:17:07,559 - root - DEBUG - Reading resource 15...
2023-01-20 23:17:07,559 - root - INFO - The image is bme.
2023-01-20 23:17:07,563 - root - INFO - Reading image header(readHeader16E)...
2023-01-20 23:17:07,563 - root - INFO - Image header was read:
2023-01-20 23:17:07,563 - root - INFO - Width: 20, Height: 30, RowLength: 40
2023-01-20 23:17:07,563 - root - INFO - datalength: 690, _step: 2
2023-01-20 23:17:07,563 - root - INFO - BPP: 16, Transparency: False
2023-01-20 23:17:07,563 - root - INFO - Resource 16 offset: 201799, length: 670...
2023-01-20 23:17:07,563 - root - DEBUG - Reading resource 16...
2023-01-20 23:17:07,563 - root - INFO - The image is bme.
2023-01-20 23:17:07,563 - root - INFO - Reading image header(readHeader16E)...
2023-01-20 23:17:07,563 - root - INFO - Image header was read:
2023-01-20 23:17:07,563 - root - INFO - Width: 20, Height: 30, RowLength: 40
2023-01-20 23:17:07,563 - root - INFO - datalength: 654, _step: 2
2023-01-20 23:17:07,563 - root - INFO - BPP: 16, Transparency: False
2023-01-20 23:17:07,563 - root - INFO - Resource 17 offset: 202469, length: 698...
2023-01-20 23:17:07,568 - root - DEBUG - Reading resource 17...
2023-01-20 23:17:07,568 - root - INFO - The image is bme.
2023-01-20 23:17:07,568 - root - INFO - Reading image header(readHeader16E)...
2023-01-20 23:17:07,568 - root - INFO - Image header was read:
2023-01-20 23:17:07,568 - root - INFO - Width: 20, Height: 30, RowLength: 40
2023-01-20 23:17:07,568 - root - INFO - datalength: 682, _step: 2
2023-01-20 23:17:07,568 - root - INFO - BPP: 16, Transparency: False
2023-01-20 23:17:07,568 - root - INFO - Resource 18 offset: 203167, length: 774...
2023-01-20 23:17:07,568 - root - DEBUG - Reading resource 18...
2023-01-20 23:17:07,568 - root - INFO - The image is bme.
2023-01-20 23:17:07,568 - root - INFO - Reading image header(readHeader16E)...
2023-01-20 23:17:07,568 - root - INFO - Image header was read:
2023-01-20 23:17:07,568 - root - INFO - Width: 20, Height: 30, RowLength: 40
2023-01-20 23:17:07,568 - root - INFO - datalength: 758, _step: 2
2023-01-20 23:17:07,568 - root - INFO - BPP: 16, Transparency: False
2023-01-20 23:17:07,568 - root - INFO - Resource 19 offset: 203941, length: 502...
2023-01-20 23:17:07,568 - root - DEBUG - Reading resource 19...
2023-01-20 23:17:07,568 - root - INFO - The image is bme.
2023-01-20 23:17:07,568 - root - INFO - Reading image header(readHeader16E)...
2023-01-20 23:17:07,568 - root - INFO - Image header was read:
2023-01-20 23:17:07,568 - root - INFO - Width: 20, Height: 30, RowLength: 40
2023-01-20 23:17:07,568 - root - INFO - datalength: 486, _step: 2
2023-01-20 23:17:07,568 - root - INFO - BPP: 16, Transparency: False
2023-01-20 23:17:07,573 - root - INFO - Resource 20 offset: 204443, length: 832...
2023-01-20 23:17:07,573 - root - DEBUG - Reading resource 20...
2023-01-20 23:17:07,573 - root - INFO - The image is bme.
2023-01-20 23:17:07,573 - root - INFO - Reading image header(readHeader16E)...
2023-01-20 23:17:07,573 - root - INFO - Image header was read:
2023-01-20 23:17:07,573 - root - INFO - Width: 20, Height: 30, RowLength: 40
2023-01-20 23:17:07,573 - root - INFO - datalength: 816, _step: 2
2023-01-20 23:17:07,573 - root - INFO - BPP: 16, Transparency: False
2023-01-20 23:17:07,573 - root - INFO - Resource 21 offset: 205275, length: 774...
2023-01-20 23:17:07,573 - root - DEBUG - Reading resource 21...
2023-01-20 23:17:07,573 - root - INFO - The image is bme.
2023-01-20 23:17:07,573 - root - INFO - Reading image header(readHeader16E)...
2023-01-20 23:17:07,573 - root - INFO - Image header was read:
2023-01-20 23:17:07,573 - root - INFO - Width: 20, Height: 30, RowLength: 40
2023-01-20 23:17:07,573 - root - INFO - datalength: 758, _step: 2
2023-01-20 23:17:07,573 - root - INFO - BPP: 16, Transparency: False
2023-01-20 23:17:07,573 - root - INFO - Resource 22 offset: 206049, length: 252...
2023-01-20 23:17:07,573 - root - DEBUG - Reading resource 22...
2023-01-20 23:17:07,573 - root - INFO - The image is bme.
2023-01-20 23:17:07,573 - root - INFO - Reading image header(readHeader16E)...
2023-01-20 23:17:07,573 - root - INFO - Image header was read:
2023-01-20 23:17:07,573 - root - INFO - Width: 8, Height: 12, RowLength: 16
2023-01-20 23:17:07,573 - root - INFO - datalength: 236, _step: 2
2023-01-20 23:17:07,573 - root - INFO - BPP: 16, Transparency: False
2023-01-20 23:17:07,573 - root - INFO - Resource 23 offset: 206301, length: 136...
2023-01-20 23:17:07,573 - root - DEBUG - Reading resource 23...
2023-01-20 23:17:07,573 - root - INFO - The image is bme.
2023-01-20 23:17:07,579 - root - INFO - Reading image header(readHeader16E)...
2023-01-20 23:17:07,579 - root - INFO - Image header was read:
2023-01-20 23:17:07,579 - root - INFO - Width: 8, Height: 12, RowLength: 16
2023-01-20 23:17:07,579 - root - INFO - datalength: 120, _step: 2
2023-01-20 23:17:07,579 - root - INFO - BPP: 16, Transparency: False
2023-01-20 23:17:07,579 - root - INFO - Resource 24 offset: 206437, length: 228...
2023-01-20 23:17:07,579 - root - DEBUG - Reading resource 24...
2023-01-20 23:17:07,579 - root - INFO - The image is bme.
2023-01-20 23:17:07,579 - root - INFO - Reading image header(readHeader16E)...
2023-01-20 23:17:07,579 - root - INFO - Image header was read:
2023-01-20 23:17:07,579 - root - INFO - Width: 8, Height: 12, RowLength: 16
2023-01-20 23:17:07,579 - root - INFO - datalength: 212, _step: 2
2023-01-20 23:17:07,579 - root - INFO - BPP: 16, Transparency: False
2023-01-20 23:17:07,579 - root - INFO - Resource 25 offset: 206665, length: 228...
2023-01-20 23:17:07,579 - root - DEBUG - Reading resource 25...
2023-01-20 23:17:07,579 - root - INFO - The image is bme.
2023-01-20 23:17:07,579 - root - INFO - Reading image header(readHeader16E)...
2023-01-20 23:17:07,579 - root - INFO - Image header was read:
2023-01-20 23:17:07,579 - root - INFO - Width: 8, Height: 12, RowLength: 16
2023-01-20 23:17:07,579 - root - INFO - datalength: 212, _step: 2
2023-01-20 23:17:07,579 - root - INFO - BPP: 16, Transparency: False
2023-01-20 23:17:07,579 - root - INFO - Resource 26 offset: 206893, length: 202...
2023-01-20 23:17:07,579 - root - DEBUG - Reading resource 26...
2023-01-20 23:17:07,579 - root - INFO - The image is bme.
2023-01-20 23:17:07,579 - root - INFO - Reading image header(readHeader16E)...
2023-01-20 23:17:07,579 - root - INFO - Image header was read:
2023-01-20 23:17:07,579 - root - INFO - Width: 8, Height: 12, RowLength: 16
2023-01-20 23:17:07,579 - root - INFO - datalength: 186, _step: 2
2023-01-20 23:17:07,579 - root - INFO - BPP: 16, Transparency: False
2023-01-20 23:17:07,579 - root - INFO - Resource 27 offset: 207095, length: 226...
2023-01-20 23:17:07,579 - root - DEBUG - Reading resource 27...
2023-01-20 23:17:07,579 - root - INFO - The image is bme.
2023-01-20 23:17:07,579 - root - INFO - Reading image header(readHeader16E)...
2023-01-20 23:17:07,579 - root - INFO - Image header was read:
2023-01-20 23:17:07,579 - root - INFO - Width: 8, Height: 12, RowLength: 16
2023-01-20 23:17:07,583 - root - INFO - datalength: 210, _step: 2
2023-01-20 23:17:07,583 - root - INFO - BPP: 16, Transparency: False
2023-01-20 23:17:07,583 - root - INFO - Resource 28 offset: 207321, length: 240...
2023-01-20 23:17:07,583 - root - DEBUG - Reading resource 28...
2023-01-20 23:17:07,583 - root - INFO - The image is bme.
2023-01-20 23:17:07,583 - root - INFO - Reading image header(readHeader16E)...
2023-01-20 23:17:07,583 - root - INFO - Image header was read:
2023-01-20 23:17:07,583 - root - INFO - Width: 8, Height: 12, RowLength: 16
2023-01-20 23:17:07,583 - root - INFO - datalength: 224, _step: 2
2023-01-20 23:17:07,583 - root - INFO - BPP: 16, Transparency: False
2023-01-20 23:17:07,583 - root - INFO - Resource 29 offset: 207561, length: 168...
2023-01-20 23:17:07,583 - root - DEBUG - Reading resource 29...
2023-01-20 23:17:07,583 - root - INFO - The image is bme.
2023-01-20 23:17:07,583 - root - INFO - Reading image header(readHeader16E)...
2023-01-20 23:17:07,583 - root - INFO - Image header was read:
2023-01-20 23:17:07,583 - root - INFO - Width: 8, Height: 12, RowLength: 16
2023-01-20 23:17:07,583 - root - INFO - datalength: 152, _step: 2
2023-01-20 23:17:07,583 - root - INFO - BPP: 16, Transparency: False
2023-01-20 23:17:07,583 - root - INFO - Resource 30 offset: 207729, length: 252...
2023-01-20 23:17:07,583 - root - DEBUG - Reading resource 30...
2023-01-20 23:17:07,583 - root - INFO - The image is bme.
2023-01-20 23:17:07,583 - root - INFO - Reading image header(readHeader16E)...
2023-01-20 23:17:07,583 - root - INFO - Image header was read:
2023-01-20 23:17:07,583 - root - INFO - Width: 8, Height: 12, RowLength: 16
2023-01-20 23:17:07,583 - root - INFO - datalength: 236, _step: 2
2023-01-20 23:17:07,583 - root - INFO - BPP: 16, Transparency: False
2023-01-20 23:17:07,583 - root - INFO - Resource 31 offset: 207981, length: 244...
2023-01-20 23:17:07,583 - root - DEBUG - Reading resource 31...
2023-01-20 23:17:07,583 - root - INFO - The image is bme.
2023-01-20 23:17:07,583 - root - INFO - Reading image header(readHeader16E)...
2023-01-20 23:17:07,583 - root - INFO - Image header was read:
2023-01-20 23:17:07,583 - root - INFO - Width: 8, Height: 12, RowLength: 16
2023-01-20 23:17:07,583 - root - INFO - datalength: 228, _step: 2
2023-01-20 23:17:07,583 - root - INFO - BPP: 16, Transparency: False
2023-01-20 23:17:07,583 - root - INFO - Resource 32 offset: 208225, length: 398...
2023-01-20 23:17:07,583 - root - DEBUG - Reading resource 32...
2023-01-20 23:17:07,583 - root - INFO - The image is bme.
2023-01-20 23:17:07,583 - root - INFO - Reading image header(readHeader16E)...
2023-01-20 23:17:07,583 - root - INFO - Image header was read:
2023-01-20 23:17:07,583 - root - INFO - Width: 14, Height: 30, RowLength: 28
2023-01-20 23:17:07,583 - root - INFO - datalength: 382, _step: 2
2023-01-20 23:17:07,583 - root - INFO - BPP: 16, Transparency: False
2023-01-20 23:17:07,583 - root - INFO - Resource 33 offset: 208623, length: 236...
2023-01-20 23:17:07,583 - root - DEBUG - Reading resource 33...
2023-01-20 23:17:07,583 - root - INFO - The image is bme.
2023-01-20 23:17:07,583 - root - INFO - Reading image header(readHeader16E)...
2023-01-20 23:17:07,583 - root - INFO - Image header was read:
2023-01-20 23:17:07,583 - root - INFO - Width: 14, Height: 30, RowLength: 28
2023-01-20 23:17:07,583 - root - INFO - datalength: 220, _step: 2
2023-01-20 23:17:07,583 - root - INFO - BPP: 16, Transparency: False
2023-01-20 23:17:07,583 - root - INFO - Resource 34 offset: 208859, length: 322...
2023-01-20 23:17:07,583 - root - DEBUG - Reading resource 34...
2023-01-20 23:17:07,583 - root - INFO - The image is bme.
2023-01-20 23:17:07,583 - root - INFO - Reading image header(readHeader16E)...
2023-01-20 23:17:07,583 - root - INFO - Image header was read:
2023-01-20 23:17:07,583 - root - INFO - Width: 14, Height: 30, RowLength: 28
2023-01-20 23:17:07,583 - root - INFO - datalength: 306, _step: 2
2023-01-20 23:17:07,583 - root - INFO - BPP: 16, Transparency: False
2023-01-20 23:17:07,583 - root - INFO - Resource 35 offset: 209181, length: 350...
2023-01-20 23:17:07,583 - root - DEBUG - Reading resource 35...
2023-01-20 23:17:07,583 - root - INFO - The image is bme.
2023-01-20 23:17:07,583 - root - INFO - Reading image header(readHeader16E)...
2023-01-20 23:17:07,583 - root - INFO - Image header was read:
2023-01-20 23:17:07,583 - root - INFO - Width: 14, Height: 30, RowLength: 28
2023-01-20 23:17:07,583 - root - INFO - datalength: 334, _step: 2
2023-01-20 23:17:07,583 - root - INFO - BPP: 16, Transparency: False
2023-01-20 23:17:07,583 - root - INFO - Resource 36 offset: 209531, length: 340...
2023-01-20 23:17:07,583 - root - DEBUG - Reading resource 36...
2023-01-20 23:17:07,583 - root - INFO - The image is bme.
2023-01-20 23:17:07,583 - root - INFO - Reading image header(readHeader16E)...
2023-01-20 23:17:07,583 - root - INFO - Image header was read:
2023-01-20 23:17:07,583 - root - INFO - Width: 14, Height: 30, RowLength: 28
2023-01-20 23:17:07,583 - root - INFO - datalength: 324, _step: 2
2023-01-20 23:17:07,583 - root - INFO - BPP: 16, Transparency: False
2023-01-20 23:17:07,583 - root - INFO - Resource 37 offset: 209871, length: 366...
2023-01-20 23:17:07,583 - root - DEBUG - Reading resource 37...
2023-01-20 23:17:07,583 - root - INFO - The image is bme.
2023-01-20 23:17:07,583 - root - INFO - Reading image header(readHeader16E)...
2023-01-20 23:17:07,583 - root - INFO - Image header was read:
2023-01-20 23:17:07,594 - root - INFO - Width: 14, Height: 30, RowLength: 28
2023-01-20 23:17:07,594 - root - INFO - datalength: 350, _step: 2
2023-01-20 23:17:07,594 - root - INFO - BPP: 16, Transparency: False
2023-01-20 23:17:07,594 - root - INFO - Resource 38 offset: 210237, length: 414...
2023-01-20 23:17:07,594 - root - DEBUG - Reading resource 38...
2023-01-20 23:17:07,594 - root - INFO - The image is bme.
2023-01-20 23:17:07,594 - root - INFO - Reading image header(readHeader16E)...
2023-01-20 23:17:07,594 - root - INFO - Image header was read:
2023-01-20 23:17:07,594 - root - INFO - Width: 14, Height: 30, RowLength: 28
2023-01-20 23:17:07,594 - root - INFO - datalength: 398, _step: 2
2023-01-20 23:17:07,594 - root - INFO - BPP: 16, Transparency: False
2023-01-20 23:17:07,595 - root - INFO - Resource 39 offset: 210651, length: 244...
2023-01-20 23:17:07,595 - root - DEBUG - Reading resource 39...
2023-01-20 23:17:07,595 - root - INFO - The image is bme.
2023-01-20 23:17:07,595 - root - INFO - Reading image header(readHeader16E)...
2023-01-20 23:17:07,595 - root - INFO - Image header was read:
2023-01-20 23:17:07,595 - root - INFO - Width: 14, Height: 30, RowLength: 28
2023-01-20 23:17:07,595 - root - INFO - datalength: 228, _step: 2
2023-01-20 23:17:07,595 - root - INFO - BPP: 16, Transparency: False
2023-01-20 23:17:07,595 - root - INFO - Resource 40 offset: 210895, length: 420...
2023-01-20 23:17:07,595 - root - DEBUG - Reading resource 40...
2023-01-20 23:17:07,595 - root - INFO - The image is bme.
2023-01-20 23:17:07,595 - root - INFO - Reading image header(readHeader16E)...
2023-01-20 23:17:07,595 - root - INFO - Image header was read:
2023-01-20 23:17:07,595 - root - INFO - Width: 14, Height: 30, RowLength: 28
2023-01-20 23:17:07,595 - root - INFO - datalength: 404, _step: 2
2023-01-20 23:17:07,595 - root - INFO - BPP: 16, Transparency: False
2023-01-20 23:17:07,595 - root - INFO - Resource 41 offset: 211315, length: 404...
2023-01-20 23:17:07,595 - root - DEBUG - Reading resource 41...
2023-01-20 23:17:07,595 - root - INFO - The image is bme.
2023-01-20 23:17:07,595 - root - INFO - Reading image header(readHeader16E)...
2023-01-20 23:17:07,595 - root - INFO - Image header was read:
2023-01-20 23:17:07,595 - root - INFO - Width: 14, Height: 30, RowLength: 28
2023-01-20 23:17:07,595 - root - INFO - datalength: 388, _step: 2
2023-01-20 23:17:07,595 - root - INFO - BPP: 16, Transparency: False
2023-01-20 23:17:07,595 - root - INFO - Resource 42 offset: 211719, length: 134...
2023-01-20 23:17:07,595 - root - DEBUG - Reading resource 42...
2023-01-20 23:17:07,595 - root - INFO - The image is bme.
2023-01-20 23:17:07,595 - root - INFO - Reading image header(readHeader16E)...
2023-01-20 23:17:07,595 - root - INFO - Image header was read:
2023-01-20 23:17:07,595 - root - INFO - Width: 34, Height: 30, RowLength: 68
2023-01-20 23:17:07,595 - root - INFO - datalength: 118, _step: 2
2023-01-20 23:17:07,595 - root - INFO - BPP: 16, Transparency: False
2023-01-20 23:17:07,595 - root - INFO - Resource 43 offset: 211853, length: 1242...
2023-01-20 23:17:07,595 - root - DEBUG - Reading resource 43...
2023-01-20 23:17:07,595 - root - INFO - The image is bme.
2023-01-20 23:17:07,595 - root - INFO - Reading image header(readHeader16E)...
2023-01-20 23:17:07,595 - root - INFO - Image header was read:
2023-01-20 23:17:07,595 - root - INFO - Width: 64, Height: 30, RowLength: 128
2023-01-20 23:17:07,595 - root - INFO - datalength: 1226, _step: 2
2023-01-20 23:17:07,595 - root - INFO - BPP: 16, Transparency: False
2023-01-20 23:17:07,595 - root - INFO - Resource 44 offset: 213095, length: 752...
2023-01-20 23:17:07,595 - root - DEBUG - Reading resource 44...
2023-01-20 23:17:07,595 - root - INFO - The image is bme.
2023-01-20 23:17:07,595 - root - INFO - Reading image header(readHeader16E)...
2023-01-20 23:17:07,595 - root - INFO - Image header was read:
2023-01-20 23:17:07,595 - root - INFO - Width: 20, Height: 30, RowLength: 40
2023-01-20 23:17:07,595 - root - INFO - datalength: 736, _step: 2
2023-01-20 23:17:07,595 - root - INFO - BPP: 16, Transparency: False
2023-01-20 23:17:07,603 - root - INFO - Resource 45 offset: 213847, length: 428...
2023-01-20 23:17:07,603 - root - DEBUG - Reading resource 45...
2023-01-20 23:17:07,603 - root - INFO - The image is bme.
2023-01-20 23:17:07,603 - root - INFO - Reading image header(readHeader16E)...
2023-01-20 23:17:07,603 - root - INFO - Image header was read:
2023-01-20 23:17:07,603 - root - INFO - Width: 20, Height: 30, RowLength: 40
2023-01-20 23:17:07,603 - root - INFO - datalength: 412, _step: 2
2023-01-20 23:17:07,603 - root - INFO - BPP: 16, Transparency: False
2023-01-20 23:17:07,603 - root - INFO - Resource 46 offset: 214275, length: 678...
2023-01-20 23:17:07,603 - root - DEBUG - Reading resource 46...
2023-01-20 23:17:07,603 - root - INFO - The image is bme.
2023-01-20 23:17:07,603 - root - INFO - Reading image header(readHeader16E)...
2023-01-20 23:17:07,603 - root - INFO - Image header was read:
2023-01-20 23:17:07,603 - root - INFO - Width: 20, Height: 30, RowLength: 40
2023-01-20 23:17:07,603 - root - INFO - datalength: 662, _step: 2
2023-01-20 23:17:07,603 - root - INFO - BPP: 16, Transparency: False
2023-01-20 23:17:07,603 - root - INFO - Resource 47 offset: 214953, length: 722...
2023-01-20 23:17:07,603 - root - DEBUG - Reading resource 47...
2023-01-20 23:17:07,603 - root - INFO - The image is bme.
2023-01-20 23:17:07,603 - root - INFO - Reading image header(readHeader16E)...
2023-01-20 23:17:07,603 - root - INFO - Image header was read:
2023-01-20 23:17:07,603 - root - INFO - Width: 20, Height: 30, RowLength: 40
2023-01-20 23:17:07,603 - root - INFO - datalength: 706, _step: 2
2023-01-20 23:17:07,603 - root - INFO - BPP: 16, Transparency: False
2023-01-20 23:17:07,603 - root - INFO - Resource 48 offset: 215675, length: 670...
2023-01-20 23:17:07,603 - root - DEBUG - Reading resource 48...
2023-01-20 23:17:07,603 - root - INFO - The image is bme.
2023-01-20 23:17:07,603 - root - INFO - Reading image header(readHeader16E)...
2023-01-20 23:17:07,603 - root - INFO - Image header was read:
2023-01-20 23:17:07,603 - root - INFO - Width: 20, Height: 30, RowLength: 40
2023-01-20 23:17:07,603 - root - INFO - datalength: 654, _step: 2
2023-01-20 23:17:07,603 - root - INFO - BPP: 16, Transparency: False
2023-01-20 23:17:07,611 - root - INFO - Resource 49 offset: 216345, length: 698...
2023-01-20 23:17:07,611 - root - DEBUG - Reading resource 49...
2023-01-20 23:17:07,611 - root - INFO - The image is bme.
2023-01-20 23:17:07,611 - root - INFO - Reading image header(readHeader16E)...
2023-01-20 23:17:07,611 - root - INFO - Image header was read:
2023-01-20 23:17:07,611 - root - INFO - Width: 20, Height: 30, RowLength: 40
2023-01-20 23:17:07,611 - root - INFO - datalength: 682, _step: 2
2023-01-20 23:17:07,611 - root - INFO - BPP: 16, Transparency: False
2023-01-20 23:17:07,611 - root - INFO - Resource 50 offset: 217043, length: 774...
2023-01-20 23:17:07,611 - root - DEBUG - Reading resource 50...
2023-01-20 23:17:07,611 - root - INFO - The image is bme.
2023-01-20 23:17:07,611 - root - INFO - Reading image header(readHeader16E)...
2023-01-20 23:17:07,611 - root - INFO - Image header was read:
2023-01-20 23:17:07,611 - root - INFO - Width: 20, Height: 30, RowLength: 40
2023-01-20 23:17:07,611 - root - INFO - datalength: 758, _step: 2
2023-01-20 23:17:07,614 - root - INFO - BPP: 16, Transparency: False
2023-01-20 23:17:07,614 - root - INFO - Resource 51 offset: 217817, length: 502...
2023-01-20 23:17:07,614 - root - DEBUG - Reading resource 51...
2023-01-20 23:17:07,614 - root - INFO - The image is bme.
2023-01-20 23:17:07,614 - root - INFO - Reading image header(readHeader16E)...
2023-01-20 23:17:07,614 - root - INFO - Image header was read:
2023-01-20 23:17:07,614 - root - INFO - Width: 20, Height: 30, RowLength: 40
2023-01-20 23:17:07,614 - root - INFO - datalength: 486, _step: 2
2023-01-20 23:17:07,614 - root - INFO - BPP: 16, Transparency: False
2023-01-20 23:17:07,614 - root - INFO - Resource 52 offset: 218319, length: 840...
2023-01-20 23:17:07,614 - root - DEBUG - Reading resource 52...
2023-01-20 23:17:07,614 - root - INFO - The image is bme.
2023-01-20 23:17:07,614 - root - INFO - Reading image header(readHeader16E)...
2023-01-20 23:17:07,614 - root - INFO - Image header was read:
2023-01-20 23:17:07,614 - root - INFO - Width: 20, Height: 30, RowLength: 40
2023-01-20 23:17:07,614 - root - INFO - datalength: 824, _step: 2
2023-01-20 23:17:07,614 - root - INFO - BPP: 16, Transparency: False
2023-01-20 23:17:07,614 - root - INFO - Resource 53 offset: 219159, length: 774...
2023-01-20 23:17:07,614 - root - DEBUG - Reading resource 53...
2023-01-20 23:17:07,614 - root - INFO - The image is bme.
2023-01-20 23:17:07,614 - root - INFO - Reading image header(readHeader16E)...
2023-01-20 23:17:07,614 - root - INFO - Image header was read:
2023-01-20 23:17:07,614 - root - INFO - Width: 20, Height: 30, RowLength: 40
2023-01-20 23:17:07,614 - root - INFO - datalength: 758, _step: 2
2023-01-20 23:17:07,614 - root - INFO - BPP: 16, Transparency: False
2023-01-20 23:17:07,614 - root - INFO - Resource 54 offset: 219933, length: 1112...
2023-01-20 23:17:07,614 - root - DEBUG - Reading resource 54...
2023-01-20 23:17:07,614 - root - INFO - The image is bme.
2023-01-20 23:17:07,614 - root - INFO - Reading image header(readHeader16E)...
2023-01-20 23:17:07,614 - root - INFO - Image header was read:
2023-01-20 23:17:07,614 - root - INFO - Width: 106, Height: 106, RowLength: 212
2023-01-20 23:17:07,614 - root - INFO - datalength: 1096, _step: 2
2023-01-20 23:17:07,614 - root - INFO - BPP: 16, Transparency: False
2023-01-20 23:17:07,614 - root - INFO - Resource 55 offset: 221045, length: 2076...
2023-01-20 23:17:07,614 - root - DEBUG - Reading resource 55...
2023-01-20 23:17:07,614 - root - INFO - The image is bme.
2023-01-20 23:17:07,623 - root - INFO - Reading image header(readHeader16E)...
2023-01-20 23:17:07,623 - root - INFO - Image header was read:
2023-01-20 23:17:07,623 - root - INFO - Width: 106, Height: 106, RowLength: 212
2023-01-20 23:17:07,623 - root - INFO - datalength: 2060, _step: 2
2023-01-20 23:17:07,623 - root - INFO - BPP: 16, Transparency: False
2023-01-20 23:17:07,627 - root - INFO - Resource 56 offset: 223121, length: 3054...
2023-01-20 23:17:07,627 - root - DEBUG - Reading resource 56...
2023-01-20 23:17:07,627 - root - INFO - The image is bme.
2023-01-20 23:17:07,627 - root - INFO - Reading image header(readHeader16E)...
2023-01-20 23:17:07,627 - root - INFO - Image header was read:
2023-01-20 23:17:07,627 - root - INFO - Width: 106, Height: 106, RowLength: 212
2023-01-20 23:17:07,627 - root - INFO - datalength: 3038, _step: 2
2023-01-20 23:17:07,627 - root - INFO - BPP: 16, Transparency: False
2023-01-20 23:17:07,633 - root - INFO - Resource 57 offset: 226175, length: 3904...
2023-01-20 23:17:07,633 - root - DEBUG - Reading resource 57...
2023-01-20 23:17:07,633 - root - INFO - The image is bme.
2023-01-20 23:17:07,633 - root - INFO - Reading image header(readHeader16E)...
2023-01-20 23:17:07,633 - root - INFO - Image header was read:
2023-01-20 23:17:07,633 - root - INFO - Width: 106, Height: 106, RowLength: 212
2023-01-20 23:17:07,633 - root - INFO - datalength: 3888, _step: 2
2023-01-20 23:17:07,633 - root - INFO - BPP: 16, Transparency: False
2023-01-20 23:17:07,633 - root - INFO - Resource 58 offset: 230079, length: 4762...
2023-01-20 23:17:07,633 - root - DEBUG - Reading resource 58...
2023-01-20 23:17:07,633 - root - INFO - The image is bme.
2023-01-20 23:17:07,633 - root - INFO - Reading image header(readHeader16E)...
2023-01-20 23:17:07,633 - root - INFO - Image header was read:
2023-01-20 23:17:07,633 - root - INFO - Width: 106, Height: 106, RowLength: 212
2023-01-20 23:17:07,633 - root - INFO - datalength: 4746, _step: 2
2023-01-20 23:17:07,633 - root - INFO - BPP: 16, Transparency: False
2023-01-20 23:17:07,648 - root - INFO - Resource 59 offset: 234841, length: 5726...
2023-01-20 23:17:07,648 - root - DEBUG - Reading resource 59...
2023-01-20 23:17:07,648 - root - INFO - The image is bme.
2023-01-20 23:17:07,648 - root - INFO - Reading image header(readHeader16E)...
2023-01-20 23:17:07,648 - root - INFO - Image header was read:
2023-01-20 23:17:07,648 - root - INFO - Width: 106, Height: 106, RowLength: 212
2023-01-20 23:17:07,648 - root - INFO - datalength: 5710, _step: 2
2023-01-20 23:17:07,648 - root - INFO - BPP: 16, Transparency: False
2023-01-20 23:17:07,663 - root - INFO - Resource 60 offset: 240567, length: 6228...
2023-01-20 23:17:07,663 - root - DEBUG - Reading resource 60...
2023-01-20 23:17:07,663 - root - INFO - The image is bme.
2023-01-20 23:17:07,663 - root - INFO - Reading image header(readHeader16E)...
2023-01-20 23:17:07,663 - root - INFO - Image header was read:
2023-01-20 23:17:07,663 - root - INFO - Width: 106, Height: 106, RowLength: 212
2023-01-20 23:17:07,663 - root - INFO - datalength: 6212, _step: 2
2023-01-20 23:17:07,663 - root - INFO - BPP: 16, Transparency: False
2023-01-20 23:17:07,675 - root - INFO - Resource 61 offset: 246795, length: 6704...
2023-01-20 23:17:07,675 - root - DEBUG - Reading resource 61...
2023-01-20 23:17:07,675 - root - INFO - The image is bme.
2023-01-20 23:17:07,675 - root - INFO - Reading image header(readHeader16E)...
2023-01-20 23:17:07,675 - root - INFO - Image header was read:
2023-01-20 23:17:07,675 - root - INFO - Width: 106, Height: 106, RowLength: 212
2023-01-20 23:17:07,675 - root - INFO - datalength: 6688, _step: 2
2023-01-20 23:17:07,675 - root - INFO - BPP: 16, Transparency: False
2023-01-20 23:17:07,683 - root - INFO - Resource 62 offset: 253499, length: 6924...
2023-01-20 23:17:07,683 - root - DEBUG - Reading resource 62...
2023-01-20 23:17:07,691 - root - INFO - The image is bme.
2023-01-20 23:17:07,691 - root - INFO - Reading image header(readHeader16E)...
2023-01-20 23:17:07,691 - root - INFO - Image header was read:
2023-01-20 23:17:07,691 - root - INFO - Width: 106, Height: 106, RowLength: 212
2023-01-20 23:17:07,691 - root - INFO - datalength: 6908, _step: 2
2023-01-20 23:17:07,691 - root - INFO - BPP: 16, Transparency: False
2023-01-20 23:17:07,703 - root - INFO - Resource 63 offset: 260423, length: 7900...
2023-01-20 23:17:07,703 - root - DEBUG - Reading resource 63...
2023-01-20 23:17:07,703 - root - INFO - The image is bme.
2023-01-20 23:17:07,703 - root - INFO - Reading image header(readHeader16E)...
2023-01-20 23:17:07,703 - root - INFO - Image header was read:
2023-01-20 23:17:07,703 - root - INFO - Width: 106, Height: 106, RowLength: 212
2023-01-20 23:17:07,703 - root - INFO - datalength: 7884, _step: 2
2023-01-20 23:17:07,703 - root - INFO - BPP: 16, Transparency: False
2023-01-20 23:17:07,714 - root - INFO - Resource 64 offset: 268323, length: 752...
2023-01-20 23:17:07,714 - root - DEBUG - Reading resource 64...
2023-01-20 23:17:07,714 - root - INFO - The image is bme.
2023-01-20 23:17:07,714 - root - INFO - Reading image header(readHeader16E)...
2023-01-20 23:17:07,714 - root - INFO - Image header was read:
2023-01-20 23:17:07,714 - root - INFO - Width: 20, Height: 30, RowLength: 40
2023-01-20 23:17:07,714 - root - INFO - datalength: 736, _step: 2
2023-01-20 23:17:07,722 - root - INFO - BPP: 16, Transparency: False
2023-01-20 23:17:07,723 - root - INFO - Resource 65 offset: 269075, length: 428...
2023-01-20 23:17:07,723 - root - DEBUG - Reading resource 65...
2023-01-20 23:17:07,723 - root - INFO - The image is bme.
2023-01-20 23:17:07,723 - root - INFO - Reading image header(readHeader16E)...
2023-01-20 23:17:07,723 - root - INFO - Image header was read:
2023-01-20 23:17:07,723 - root - INFO - Width: 20, Height: 30, RowLength: 40
2023-01-20 23:17:07,723 - root - INFO - datalength: 412, _step: 2
2023-01-20 23:17:07,723 - root - INFO - BPP: 16, Transparency: False
2023-01-20 23:17:07,723 - root - INFO - Resource 66 offset: 269503, length: 670...
2023-01-20 23:17:07,723 - root - DEBUG - Reading resource 66...
2023-01-20 23:17:07,723 - root - INFO - The image is bme.
2023-01-20 23:17:07,723 - root - INFO - Reading image header(readHeader16E)...
2023-01-20 23:17:07,723 - root - INFO - Image header was read:
2023-01-20 23:17:07,723 - root - INFO - Width: 20, Height: 30, RowLength: 40
2023-01-20 23:17:07,723 - root - INFO - datalength: 654, _step: 2
2023-01-20 23:17:07,723 - root - INFO - BPP: 16, Transparency: False
2023-01-20 23:17:07,723 - root - INFO - Resource 67 offset: 270173, length: 706...
2023-01-20 23:17:07,723 - root - DEBUG - Reading resource 67...
2023-01-20 23:17:07,723 - root - INFO - The image is bme.
2023-01-20 23:17:07,723 - root - INFO - Reading image header(readHeader16E)...
2023-01-20 23:17:07,723 - root - INFO - Image header was read:
2023-01-20 23:17:07,723 - root - INFO - Width: 20, Height: 30, RowLength: 40
2023-01-20 23:17:07,723 - root - INFO - datalength: 690, _step: 2
2023-01-20 23:17:07,723 - root - INFO - BPP: 16, Transparency: False
2023-01-20 23:17:07,723 - root - INFO - Resource 68 offset: 270879, length: 670...
2023-01-20 23:17:07,723 - root - DEBUG - Reading resource 68...
2023-01-20 23:17:07,723 - root - INFO - The image is bme.
2023-01-20 23:17:07,723 - root - INFO - Reading image header(readHeader16E)...
2023-01-20 23:17:07,723 - root - INFO - Image header was read:
2023-01-20 23:17:07,723 - root - INFO - Width: 20, Height: 30, RowLength: 40
2023-01-20 23:17:07,723 - root - INFO - datalength: 654, _step: 2
2023-01-20 23:17:07,723 - root - INFO - BPP: 16, Transparency: False
2023-01-20 23:17:07,723 - root - INFO - Resource 69 offset: 271549, length: 698...
2023-01-20 23:17:07,723 - root - DEBUG - Reading resource 69...
2023-01-20 23:17:07,723 - root - INFO - The image is bme.
2023-01-20 23:17:07,723 - root - INFO - Reading image header(readHeader16E)...
2023-01-20 23:17:07,723 - root - INFO - Image header was read:
2023-01-20 23:17:07,723 - root - INFO - Width: 20, Height: 30, RowLength: 40
2023-01-20 23:17:07,723 - root - INFO - datalength: 682, _step: 2
2023-01-20 23:17:07,723 - root - INFO - BPP: 16, Transparency: False
2023-01-20 23:17:07,723 - root - INFO - Resource 70 offset: 272247, length: 774...
2023-01-20 23:17:07,723 - root - DEBUG - Reading resource 70...
2023-01-20 23:17:07,723 - root - INFO - The image is bme.
2023-01-20 23:17:07,723 - root - INFO - Reading image header(readHeader16E)...
2023-01-20 23:17:07,723 - root - INFO - Image header was read:
2023-01-20 23:17:07,723 - root - INFO - Width: 20, Height: 30, RowLength: 40
2023-01-20 23:17:07,723 - root - INFO - datalength: 758, _step: 2
2023-01-20 23:17:07,723 - root - INFO - BPP: 16, Transparency: False
2023-01-20 23:17:07,733 - root - INFO - Resource 71 offset: 273021, length: 500...
2023-01-20 23:17:07,733 - root - DEBUG - Reading resource 71...
2023-01-20 23:17:07,733 - root - INFO - The image is bme.
2023-01-20 23:17:07,733 - root - INFO - Reading image header(readHeader16E)...
2023-01-20 23:17:07,733 - root - INFO - Image header was read:
2023-01-20 23:17:07,733 - root - INFO - Width: 20, Height: 30, RowLength: 40
2023-01-20 23:17:07,733 - root - INFO - datalength: 484, _step: 2
2023-01-20 23:17:07,733 - root - INFO - BPP: 16, Transparency: False
2023-01-20 23:17:07,733 - root - INFO - Resource 72 offset: 273521, length: 832...
2023-01-20 23:17:07,733 - root - DEBUG - Reading resource 72...
2023-01-20 23:17:07,733 - root - INFO - The image is bme.
2023-01-20 23:17:07,733 - root - INFO - Reading image header(readHeader16E)...
2023-01-20 23:17:07,733 - root - INFO - Image header was read:
2023-01-20 23:17:07,733 - root - INFO - Width: 20, Height: 30, RowLength: 40
2023-01-20 23:17:07,733 - root - INFO - datalength: 816, _step: 2
2023-01-20 23:17:07,733 - root - INFO - BPP: 16, Transparency: False
2023-01-20 23:17:07,733 - root - INFO - Resource 73 offset: 274353, length: 774...
2023-01-20 23:17:07,733 - root - DEBUG - Reading resource 73...
2023-01-20 23:17:07,733 - root - INFO - The image is bme.
2023-01-20 23:17:07,733 - root - INFO - Reading image header(readHeader16E)...
2023-01-20 23:17:07,733 - root - INFO - Image header was read:
2023-01-20 23:17:07,733 - root - INFO - Width: 20, Height: 30, RowLength: 40
2023-01-20 23:17:07,733 - root - INFO - datalength: 758, _step: 2
2023-01-20 23:17:07,738 - root - INFO - BPP: 16, Transparency: False
2023-01-20 23:17:07,738 - root - INFO - Resource 74 offset: 275127, length: 600...
2023-01-20 23:17:07,738 - root - DEBUG - Reading resource 74...
2023-01-20 23:17:07,738 - root - INFO - The image is bme.
2023-01-20 23:17:07,738 - root - INFO - Reading image header(readHeader16E)...
2023-01-20 23:17:07,738 - root - INFO - Image header was read:
2023-01-20 23:17:07,738 - root - INFO - Width: 82, Height: 82, RowLength: 164
2023-01-20 23:17:07,738 - root - INFO - datalength: 584, _step: 2
2023-01-20 23:17:07,738 - root - INFO - BPP: 16, Transparency: False
2023-01-20 23:17:07,738 - root - INFO - Resource 75 offset: 275727, length: 1358...
2023-01-20 23:17:07,738 - root - DEBUG - Reading resource 75...
2023-01-20 23:17:07,738 - root - INFO - The image is bme.
2023-01-20 23:17:07,738 - root - INFO - Reading image header(readHeader16E)...
2023-01-20 23:17:07,738 - root - INFO - Image header was read:
2023-01-20 23:17:07,738 - root - INFO - Width: 82, Height: 82, RowLength: 164
2023-01-20 23:17:07,738 - root - INFO - datalength: 1342, _step: 2
2023-01-20 23:17:07,738 - root - INFO - BPP: 16, Transparency: False
2023-01-20 23:17:07,743 - root - INFO - Resource 76 offset: 277085, length: 2048...
2023-01-20 23:17:07,743 - root - DEBUG - Reading resource 76...
2023-01-20 23:17:07,743 - root - INFO - The image is bme.
2023-01-20 23:17:07,743 - root - INFO - Reading image header(readHeader16E)...
2023-01-20 23:17:07,743 - root - INFO - Image header was read:
2023-01-20 23:17:07,743 - root - INFO - Width: 82, Height: 82, RowLength: 164
2023-01-20 23:17:07,743 - root - INFO - datalength: 2032, _step: 2
2023-01-20 23:17:07,743 - root - INFO - BPP: 16, Transparency: False
2023-01-20 23:17:07,748 - root - INFO - Resource 77 offset: 279133, length: 2630...
2023-01-20 23:17:07,748 - root - DEBUG - Reading resource 77...
2023-01-20 23:17:07,748 - root - INFO - The image is bme.
2023-01-20 23:17:07,748 - root - INFO - Reading image header(readHeader16E)...
2023-01-20 23:17:07,748 - root - INFO - Image header was read:
2023-01-20 23:17:07,748 - root - INFO - Width: 82, Height: 82, RowLength: 164
2023-01-20 23:17:07,748 - root - INFO - datalength: 2614, _step: 2
2023-01-20 23:17:07,748 - root - INFO - BPP: 16, Transparency: False
2023-01-20 23:17:07,754 - root - INFO - Resource 78 offset: 281763, length: 3152...
2023-01-20 23:17:07,754 - root - DEBUG - Reading resource 78...
2023-01-20 23:17:07,754 - root - INFO - The image is bme.
2023-01-20 23:17:07,754 - root - INFO - Reading image header(readHeader16E)...
2023-01-20 23:17:07,754 - root - INFO - Image header was read:
2023-01-20 23:17:07,754 - root - INFO - Width: 82, Height: 82, RowLength: 164
2023-01-20 23:17:07,754 - root - INFO - datalength: 3136, _step: 2
2023-01-20 23:17:07,754 - root - INFO - BPP: 16, Transparency: False
2023-01-20 23:17:07,759 - root - INFO - Resource 79 offset: 284915, length: 3860...
2023-01-20 23:17:07,759 - root - DEBUG - Reading resource 79...
2023-01-20 23:17:07,759 - root - INFO - The image is bme.
2023-01-20 23:17:07,759 - root - INFO - Reading image header(readHeader16E)...
2023-01-20 23:17:07,759 - root - INFO - Image header was read:
2023-01-20 23:17:07,759 - root - INFO - Width: 82, Height: 82, RowLength: 164
2023-01-20 23:17:07,759 - root - INFO - datalength: 3844, _step: 2
2023-01-20 23:17:07,759 - root - INFO - BPP: 16, Transparency: False
2023-01-20 23:17:07,770 - root - INFO - Resource 80 offset: 288775, length: 4198...
2023-01-20 23:17:07,770 - root - DEBUG - Reading resource 80...
2023-01-20 23:17:07,770 - root - INFO - The image is bme.
2023-01-20 23:17:07,770 - root - INFO - Reading image header(readHeader16E)...
2023-01-20 23:17:07,770 - root - INFO - Image header was read:
2023-01-20 23:17:07,770 - root - INFO - Width: 82, Height: 82, RowLength: 164
2023-01-20 23:17:07,770 - root - INFO - datalength: 4182, _step: 2
2023-01-20 23:17:07,770 - root - INFO - BPP: 16, Transparency: False
2023-01-20 23:17:07,773 - root - INFO - Resource 81 offset: 292973, length: 4518...
2023-01-20 23:17:07,773 - root - DEBUG - Reading resource 81...
2023-01-20 23:17:07,773 - root - INFO - The image is bme.
2023-01-20 23:17:07,773 - root - INFO - Reading image header(readHeader16E)...
2023-01-20 23:17:07,773 - root - INFO - Image header was read:
2023-01-20 23:17:07,773 - root - INFO - Width: 82, Height: 82, RowLength: 164
2023-01-20 23:17:07,773 - root - INFO - datalength: 4502, _step: 2
2023-01-20 23:17:07,773 - root - INFO - BPP: 16, Transparency: False
2023-01-20 23:17:07,786 - root - INFO - Resource 82 offset: 297491, length: 4708...
2023-01-20 23:17:07,786 - root - DEBUG - Reading resource 82...
2023-01-20 23:17:07,786 - root - INFO - The image is bme.
2023-01-20 23:17:07,786 - root - INFO - Reading image header(readHeader16E)...
2023-01-20 23:17:07,786 - root - INFO - Image header was read:
2023-01-20 23:17:07,786 - root - INFO - Width: 82, Height: 82, RowLength: 164
2023-01-20 23:17:07,786 - root - INFO - datalength: 4692, _step: 2
2023-01-20 23:17:07,786 - root - INFO - BPP: 16, Transparency: False
2023-01-20 23:17:07,794 - root - INFO - Resource 83 offset: 302199, length: 4960...
2023-01-20 23:17:07,794 - root - DEBUG - Reading resource 83...
2023-01-20 23:17:07,794 - root - INFO - The image is bme.
2023-01-20 23:17:07,794 - root - INFO - Reading image header(readHeader16E)...
2023-01-20 23:17:07,794 - root - INFO - Image header was read:
2023-01-20 23:17:07,794 - root - INFO - Width: 82, Height: 82, RowLength: 164
2023-01-20 23:17:07,794 - root - INFO - datalength: 4944, _step: 2
2023-01-20 23:17:07,794 - root - INFO - BPP: 16, Transparency: False
2023-01-20 23:17:07,803 - root - INFO - Resource 84 offset: 307159, length: 282...
2023-01-20 23:17:07,803 - root - DEBUG - Reading resource 84...
2023-01-20 23:17:07,803 - root - INFO - The image is bme.
2023-01-20 23:17:07,803 - root - INFO - Reading image header(readHeader16E)...
2023-01-20 23:17:07,803 - root - INFO - Image header was read:
2023-01-20 23:17:07,803 - root - INFO - Width: 48, Height: 48, RowLength: 96
2023-01-20 23:17:07,803 - root - INFO - datalength: 266, _step: 2
2023-01-20 23:17:07,803 - root - INFO - BPP: 16, Transparency: False
2023-01-20 23:17:07,803 - root - INFO - Resource 85 offset: 307441, length: 680...
2023-01-20 23:17:07,803 - root - DEBUG - Reading resource 85...
2023-01-20 23:17:07,803 - root - INFO - The image is bme.
2023-01-20 23:17:07,803 - root - INFO - Reading image header(readHeader16E)...
2023-01-20 23:17:07,803 - root - INFO - Image header was read:
2023-01-20 23:17:07,803 - root - INFO - Width: 48, Height: 48, RowLength: 96
2023-01-20 23:17:07,803 - root - INFO - datalength: 664, _step: 2
2023-01-20 23:17:07,803 - root - INFO - BPP: 16, Transparency: False
2023-01-20 23:17:07,803 - root - INFO - Resource 86 offset: 308121, length: 1034...
2023-01-20 23:17:07,803 - root - DEBUG - Reading resource 86...
2023-01-20 23:17:07,803 - root - INFO - The image is bme.
2023-01-20 23:17:07,803 - root - INFO - Reading image header(readHeader16E)...
2023-01-20 23:17:07,803 - root - INFO - Image header was read:
2023-01-20 23:17:07,803 - root - INFO - Width: 48, Height: 48, RowLength: 96
2023-01-20 23:17:07,803 - root - INFO - datalength: 1018, _step: 2
2023-01-20 23:17:07,803 - root - INFO - BPP: 16, Transparency: False
2023-01-20 23:17:07,803 - root - INFO - Resource 87 offset: 309155, length: 1264...
2023-01-20 23:17:07,803 - root - DEBUG - Reading resource 87...
2023-01-20 23:17:07,803 - root - INFO - The image is bme.
2023-01-20 23:17:07,803 - root - INFO - Reading image header(readHeader16E)...
2023-01-20 23:17:07,803 - root - INFO - Image header was read:
2023-01-20 23:17:07,803 - root - INFO - Width: 48, Height: 48, RowLength: 96
2023-01-20 23:17:07,803 - root - INFO - datalength: 1248, _step: 2
2023-01-20 23:17:07,803 - root - INFO - BPP: 16, Transparency: False
2023-01-20 23:17:07,813 - root - INFO - Resource 88 offset: 310419, length: 1562...
2023-01-20 23:17:07,813 - root - DEBUG - Reading resource 88...
2023-01-20 23:17:07,813 - root - INFO - The image is bme.
2023-01-20 23:17:07,813 - root - INFO - Reading image header(readHeader16E)...
2023-01-20 23:17:07,813 - root - INFO - Image header was read:
2023-01-20 23:17:07,813 - root - INFO - Width: 48, Height: 48, RowLength: 96
2023-01-20 23:17:07,813 - root - INFO - datalength: 1546, _step: 2
2023-01-20 23:17:07,813 - root - INFO - BPP: 16, Transparency: False
2023-01-20 23:17:07,817 - root - INFO - Resource 89 offset: 311981, length: 1834...
2023-01-20 23:17:07,817 - root - DEBUG - Reading resource 89...
2023-01-20 23:17:07,817 - root - INFO - The image is bme.
2023-01-20 23:17:07,817 - root - INFO - Reading image header(readHeader16E)...
2023-01-20 23:17:07,817 - root - INFO - Image header was read:
2023-01-20 23:17:07,817 - root - INFO - Width: 48, Height: 48, RowLength: 96
2023-01-20 23:17:07,817 - root - INFO - datalength: 1818, _step: 2
2023-01-20 23:17:07,817 - root - INFO - BPP: 16, Transparency: False
2023-01-20 23:17:07,817 - root - INFO - Resource 90 offset: 313815, length: 2014...
2023-01-20 23:17:07,823 - root - DEBUG - Reading resource 90...
2023-01-20 23:17:07,823 - root - INFO - The image is bme.
2023-01-20 23:17:07,823 - root - INFO - Reading image header(readHeader16E)...
2023-01-20 23:17:07,823 - root - INFO - Image header was read:
2023-01-20 23:17:07,823 - root - INFO - Width: 48, Height: 48, RowLength: 96
2023-01-20 23:17:07,823 - root - INFO - datalength: 1998, _step: 2
2023-01-20 23:17:07,823 - root - INFO - BPP: 16, Transparency: False
2023-01-20 23:17:07,823 - root - INFO - Resource 91 offset: 315829, length: 2152...
2023-01-20 23:17:07,823 - root - DEBUG - Reading resource 91...
2023-01-20 23:17:07,823 - root - INFO - The image is bme.
2023-01-20 23:17:07,823 - root - INFO - Reading image header(readHeader16E)...
2023-01-20 23:17:07,823 - root - INFO - Image header was read:
2023-01-20 23:17:07,823 - root - INFO - Width: 48, Height: 48, RowLength: 96
2023-01-20 23:17:07,823 - root - INFO - datalength: 2136, _step: 2
2023-01-20 23:17:07,823 - root - INFO - BPP: 16, Transparency: False
2023-01-20 23:17:07,823 - root - INFO - Resource 92 offset: 317981, length: 2218...
2023-01-20 23:17:07,823 - root - DEBUG - Reading resource 92...
2023-01-20 23:17:07,823 - root - INFO - The image is bme.
2023-01-20 23:17:07,823 - root - INFO - Reading image header(readHeader16E)...
2023-01-20 23:17:07,823 - root - INFO - Image header was read:
2023-01-20 23:17:07,823 - root - INFO - Width: 48, Height: 48, RowLength: 96
2023-01-20 23:17:07,823 - root - INFO - datalength: 2202, _step: 2
2023-01-20 23:17:07,823 - root - INFO - BPP: 16, Transparency: False
2023-01-20 23:17:07,833 - root - INFO - Resource 93 offset: 320199, length: 2448...
2023-01-20 23:17:07,833 - root - DEBUG - Reading resource 93...
2023-01-20 23:17:07,833 - root - INFO - The image is bme.
2023-01-20 23:17:07,833 - root - INFO - Reading image header(readHeader16E)...
2023-01-20 23:17:07,833 - root - INFO - Image header was read:
2023-01-20 23:17:07,833 - root - INFO - Width: 48, Height: 48, RowLength: 96
2023-01-20 23:17:07,833 - root - INFO - datalength: 2432, _step: 2
2023-01-20 23:17:07,833 - root - INFO - BPP: 16, Transparency: False
2023-01-20 23:17:07,833 - root - DEBUG - Parsing parameters...
2023-01-20 23:17:07,914 - root - DEBUG - 0 Value: None
2023-01-20 23:17:07,914 - root - DEBUG - 0.1 Value: 71
2023-01-20 23:17:07,914 - root - DEBUG - 2 Value: None
2023-01-20 23:17:07,914 - root - DEBUG - 2.1 Value: None
2023-01-20 23:17:07,914 - root - DEBUG - 2.1.1 Value: 0
2023-01-20 23:17:07,914 - root - DEBUG - 2.1.2 Value: 0
2023-01-20 23:17:07,914 - root - DEBUG - 2.1.3 Value: 1
2023-01-20 23:17:07,914 - root - DEBUG - 2.3 Value: None
2023-01-20 23:17:07,914 - root - DEBUG - 2.3.1 Value: 0
2023-01-20 23:17:07,914 - root - DEBUG - 2.3.2 Value: 0
2023-01-20 23:17:07,914 - root - DEBUG - 2.3.3 Value: 0
2023-01-20 23:17:07,914 - root - DEBUG - 3 Value: None
2023-01-20 23:17:07,914 - root - DEBUG - 3.1 Value: None
2023-01-20 23:17:07,914 - root - DEBUG - 3.1.1 Value: None
2023-01-20 23:17:07,914 - root - DEBUG - 3.1.1.1 Value: None
2023-01-20 23:17:07,914 - root - DEBUG - 3.1.1.1.1 Value: 14
2023-01-20 23:17:07,914 - root - DEBUG - 3.1.1.1.2 Value: 72
2023-01-20 23:17:07,914 - root - DEBUG - 3.1.1.1.3 Value: 2
2023-01-20 23:17:07,914 - root - DEBUG - 3.1.1.1.4 Value: 10
2023-01-20 23:17:07,914 - root - DEBUG - 3.1.1.2 Value: None
2023-01-20 23:17:07,914 - root - DEBUG - 3.1.1.2.1 Value: 46
2023-01-20 23:17:07,914 - root - DEBUG - 3.1.1.2.2 Value: 72
2023-01-20 23:17:07,914 - root - DEBUG - 3.1.1.2.3 Value: 2
2023-01-20 23:17:07,914 - root - DEBUG - 3.1.1.2.4 Value: 10
2023-01-20 23:17:07,914 - root - DEBUG - 3.1.2 Value: None
2023-01-20 23:17:07,914 - root - DEBUG - 3.1.2.1 Value: None
2023-01-20 23:17:07,914 - root - DEBUG - 3.1.2.1.1 Value: 88
2023-01-20 23:17:07,914 - root - DEBUG - 3.1.2.1.2 Value: 72
2023-01-20 23:17:07,914 - root - DEBUG - 3.1.2.1.3 Value: 2
2023-01-20 23:17:07,914 - root - DEBUG - 3.1.2.1.4 Value: 10
2023-01-20 23:17:07,914 - root - DEBUG - 3.1.2.2 Value: None
2023-01-20 23:17:07,914 - root - DEBUG - 3.1.2.2.1 Value: 120
2023-01-20 23:17:07,914 - root - DEBUG - 3.1.2.2.2 Value: 72
2023-01-20 23:17:07,914 - root - DEBUG - 3.1.2.2.3 Value: 2
2023-01-20 23:17:07,914 - root - DEBUG - 3.1.2.2.4 Value: 10
2023-01-20 23:17:07,914 - root - DEBUG - 3.1.3 Value: None
2023-01-20 23:17:07,914 - root - DEBUG - 3.1.3.1 Value: None
2023-01-20 23:17:07,914 - root - DEBUG - 3.1.3.1.1 Value: 162
2023-01-20 23:17:07,914 - root - DEBUG - 3.1.3.1.2 Value: 72
2023-01-20 23:17:07,914 - root - DEBUG - 3.1.3.1.3 Value: 2
2023-01-20 23:17:07,914 - root - DEBUG - 3.1.3.1.4 Value: 10
2023-01-20 23:17:07,914 - root - DEBUG - 3.1.3.2 Value: None
2023-01-20 23:17:07,914 - root - DEBUG - 3.1.3.2.1 Value: 194
2023-01-20 23:17:07,914 - root - DEBUG - 3.1.3.2.2 Value: 72
2023-01-20 23:17:07,914 - root - DEBUG - 3.1.3.2.3 Value: 2
2023-01-20 23:17:07,914 - root - DEBUG - 3.1.3.2.4 Value: 10
2023-01-20 23:17:07,914 - root - DEBUG - 3.1.7 Value: 0
2023-01-20 23:17:07,914 - root - DEBUG - 3.1.8 Value: 1
2023-01-20 23:17:07,914 - root - DEBUG - 4 Value: None
2023-01-20 23:17:07,914 - root - DEBUG - 4.1 Value: None
2023-01-20 23:17:07,914 - root - DEBUG - 4.1.1 Value: None
2023-01-20 23:17:07,914 - root - DEBUG - 4.1.1.1 Value: 16
2023-01-20 23:17:07,914 - root - DEBUG - 4.1.1.2 Value: 128
2023-01-20 23:17:07,914 - root - DEBUG - 4.1.1.3 Value: 96
2023-01-20 23:17:07,914 - root - DEBUG - 4.1.1.4 Value: 158
2023-01-20 23:17:07,914 - root - DEBUG - 4.1.1.5 Value: 18
2023-01-20 23:17:07,914 - root - DEBUG - 4.1.1.6 Value: 0
2023-01-20 23:17:07,914 - root - DEBUG - 4.1.1.7 Value: 0
2023-01-20 23:17:07,914 - root - DEBUG - 4.1.1.8 Value: 12
2023-01-20 23:17:07,914 - root - DEBUG - 4.1.1.9 Value: 10
2023-01-20 23:17:07,914 - root - DEBUG - 4.3 Value: None
2023-01-20 23:17:07,914 - root - DEBUG - 4.3.1 Value: None
2023-01-20 23:17:07,914 - root - DEBUG - 4.3.1.1 Value: 186
2023-01-20 23:17:07,914 - root - DEBUG - 4.3.1.2 Value: 36
2023-01-20 23:17:07,914 - root - DEBUG - 4.3.1.3 Value: 218
2023-01-20 23:17:07,914 - root - DEBUG - 4.3.1.4 Value: 48
2023-01-20 23:17:07,914 - root - DEBUG - 4.3.1.5 Value: 24
2023-01-20 23:17:07,914 - root - DEBUG - 4.3.1.6 Value: 0
2023-01-20 23:17:07,914 - root - DEBUG - 4.3.1.7 Value: 0
2023-01-20 23:17:07,914 - root - DEBUG - 4.3.1.8 Value: 22
2023-01-20 23:17:07,914 - root - DEBUG - 4.3.1.9 Value: 10
2023-01-20 23:17:07,914 - root - DEBUG - 4.4 Value: None
2023-01-20 23:17:07,914 - root - DEBUG - 4.4.1 Value: None
2023-01-20 23:17:07,914 - root - DEBUG - 4.4.1.1 Value: 84
2023-01-20 23:17:07,914 - root - DEBUG - 4.4.1.2 Value: 238
2023-01-20 23:17:07,914 - root - DEBUG - 4.4.1.3 Value: 168
2023-01-20 23:17:07,914 - root - DEBUG - 4.4.1.4 Value: 266
2023-01-20 23:17:07,914 - root - DEBUG - 4.4.1.5 Value: 18
2023-01-20 23:17:07,914 - root - DEBUG - 4.4.1.6 Value: 0
2023-01-20 23:17:07,914 - root - DEBUG - 4.4.1.7 Value: 0
2023-01-20 23:17:07,914 - root - DEBUG - 4.4.1.8 Value: 32
2023-01-20 23:17:07,923 - root - DEBUG - 4.4.1.9 Value: 10
2023-01-20 23:17:07,923 - root - DEBUG - 4.4.3 Value: 42
2023-01-20 23:17:07,923 - root - DEBUG - 4.4.4 Value: 43
2023-01-20 23:17:07,923 - root - DEBUG - 4.7 Value: 0
2023-01-20 23:17:07,923 - root - DEBUG - 4.8 Value: None
2023-01-20 23:17:07,923 - root - DEBUG - 4.8.1 Value: None
2023-01-20 23:17:07,923 - root - DEBUG - 4.8.1.1 Value: 26
2023-01-20 23:17:07,923 - root - DEBUG - 4.8.1.2 Value: 36
2023-01-20 23:17:07,923 - root - DEBUG - 4.8.1.3 Value: 50
2023-01-20 23:17:07,923 - root - DEBUG - 4.8.1.4 Value: 48
2023-01-20 23:17:07,923 - root - DEBUG - 4.8.1.5 Value: 24
2023-01-20 23:17:07,923 - root - DEBUG - 4.8.1.6 Value: 0
2023-01-20 23:17:07,923 - root - DEBUG - 4.8.1.7 Value: 0
2023-01-20 23:17:07,923 - root - DEBUG - 4.8.1.8 Value: 22
2023-01-20 23:17:07,923 - root - DEBUG - 4.8.1.9 Value: 10
2023-01-20 23:17:07,923 - root - DEBUG - 5 Value: None
2023-01-20 23:17:07,923 - root - DEBUG - 5.1 Value: None
2023-01-20 23:17:07,923 - root - DEBUG - 5.1.4 Value: 1
2023-01-20 23:17:07,923 - root - DEBUG - 5.1.5 Value: 1
2023-01-20 23:17:07,923 - root - DEBUG - 5.1.6 Value: 0
2023-01-20 23:17:07,923 - root - DEBUG - 6 Value: None
2023-01-20 23:17:07,923 - root - DEBUG - 6.6 Value: None
2023-01-20 23:17:07,923 - root - DEBUG - 6.6.1 Value: None
2023-01-20 23:17:07,923 - root - DEBUG - 6.6.1.1 Value: 16
2023-01-20 23:17:07,923 - root - DEBUG - 6.6.1.2 Value: 200
2023-01-20 23:17:07,923 - root - DEBUG - 6.6.1.3 Value: 56
2023-01-20 23:17:07,923 - root - DEBUG - 6.6.1.4 Value: 230
2023-01-20 23:17:07,923 - root - DEBUG - 6.6.1.5 Value: 18
2023-01-20 23:17:07,923 - root - DEBUG - 6.6.1.6 Value: 0
2023-01-20 23:17:07,923 - root - DEBUG - 6.6.1.7 Value: 0
2023-01-20 23:17:07,923 - root - DEBUG - 6.6.1.8 Value: 44
2023-01-20 23:17:07,923 - root - DEBUG - 6.6.1.9 Value: 10
2023-01-20 23:17:07,923 - root - DEBUG - 7 Value: None
2023-01-20 23:17:07,923 - root - DEBUG - 7.2 Value: None
2023-01-20 23:17:07,923 - root - DEBUG - 7.2.1 Value: 110
2023-01-20 23:17:07,923 - root - DEBUG - 7.2.2 Value: 126
2023-01-20 23:17:07,923 - root - DEBUG - 7.2.3 Value: 54
2023-01-20 23:17:07,923 - root - DEBUG - 7.2.4 Value: 10
2023-01-20 23:17:07,923 - root - DEBUG - 9 Value: None
2023-01-20 23:17:07,923 - root - DEBUG - 9.1 Value: None
2023-01-20 23:17:07,923 - root - DEBUG - 9.1.1 Value: None
2023-01-20 23:17:07,923 - root - DEBUG - 9.1.1.1 Value: 16
2023-01-20 23:17:07,923 - root - DEBUG - 9.1.1.2 Value: 164
2023-01-20 23:17:07,923 - root - DEBUG - 9.1.1.3 Value: 56
2023-01-20 23:17:07,923 - root - DEBUG - 9.1.1.4 Value: 194
2023-01-20 23:17:07,923 - root - DEBUG - 9.1.1.5 Value: 18
2023-01-20 23:17:07,923 - root - DEBUG - 9.1.1.6 Value: 0
2023-01-20 23:17:07,923 - root - DEBUG - 9.1.1.7 Value: 0
2023-01-20 23:17:07,923 - root - DEBUG - 9.1.1.8 Value: 64
2023-01-20 23:17:07,923 - root - DEBUG - 9.1.1.9 Value: 10
2023-01-20 23:17:07,923 - root - DEBUG - 9.2 Value: None
2023-01-20 23:17:07,923 - root - DEBUG - 9.2.1 Value: 122
2023-01-20 23:17:07,923 - root - DEBUG - 9.2.2 Value: 138
2023-01-20 23:17:07,923 - root - DEBUG - 9.2.3 Value: 74
2023-01-20 23:17:07,923 - root - DEBUG - 9.2.4 Value: 10
2023-01-20 23:17:07,923 - root - DEBUG - 26 Value: None
2023-01-20 23:17:07,923 - root - DEBUG - 26.1 Value: None
2023-01-20 23:17:07,923 - root - DEBUG - 26.1.1 Value: 139
2023-01-20 23:17:07,923 - root - DEBUG - 26.1.2 Value: 155
2023-01-20 23:17:07,928 - root - DEBUG - 26.1.3 Value: 84
2023-01-20 23:17:07,928 - root - DEBUG - 26.1.4 Value: 10
2023-01-20 23:17:07,928 - root - DEBUG - 0-Info
2023-01-20 23:17:07,928 - root - DEBUG - 0.1-DeviceId
2023-01-20 23:17:07,928 - root - DEBUG - 2-Background
2023-01-20 23:17:07,928 - root - DEBUG - 2.1-Image
2023-01-20 23:17:07,928 - root - DEBUG - 2.1.1-X
2023-01-20 23:17:07,928 - root - DEBUG - 2.1.2-Y
2023-01-20 23:17:07,928 - root - DEBUG - 2.1.3-ImageIndex
2023-01-20 23:17:07,928 - root - DEBUG - 2.3-Preview
2023-01-20 23:17:07,928 - root - DEBUG - 2.3.1-X
2023-01-20 23:17:07,928 - root - DEBUG - 2.3.2-Y
2023-01-20 23:17:07,928 - root - DEBUG - 2.3.3-ImageIndex
2023-01-20 23:17:07,928 - root - DEBUG - 3-TimeExtended
2023-01-20 23:17:07,928 - root - DEBUG - 3.1-TimeSeparateDigits
2023-01-20 23:17:07,928 - root - DEBUG - 3.1.1-Hours
2023-01-20 23:17:07,928 - root - DEBUG - 3.1.1.1-Tens
2023-01-20 23:17:07,928 - root - DEBUG - 3.1.1.1.1-X
2023-01-20 23:17:07,928 - root - DEBUG - 3.1.1.1.2-Y
2023-01-20 23:17:07,928 - root - DEBUG - 3.1.1.1.3-ImageIndex
2023-01-20 23:17:07,928 - root - DEBUG - 3.1.1.1.4-ImagesCount
2023-01-20 23:17:07,928 - root - DEBUG - 3.1.1.2-Ones
2023-01-20 23:17:07,928 - root - DEBUG - 3.1.1.2.1-X
2023-01-20 23:17:07,928 - root - DEBUG - 3.1.1.2.2-Y
2023-01-20 23:17:07,928 - root - DEBUG - 3.1.1.2.3-ImageIndex
2023-01-20 23:17:07,928 - root - DEBUG - 3.1.1.2.4-ImagesCount
2023-01-20 23:17:07,928 - root - DEBUG - 3.1.2-Minutes
2023-01-20 23:17:07,928 - root - DEBUG - 3.1.2.1-Tens
2023-01-20 23:17:07,928 - root - DEBUG - 3.1.2.1.1-X
2023-01-20 23:17:07,928 - root - DEBUG - 3.1.2.1.2-Y
2023-01-20 23:17:07,928 - root - DEBUG - 3.1.2.1.3-ImageIndex
2023-01-20 23:17:07,928 - root - DEBUG - 3.1.2.1.4-ImagesCount
2023-01-20 23:17:07,928 - root - DEBUG - 3.1.2.2-Ones
2023-01-20 23:17:07,928 - root - DEBUG - 3.1.2.2.1-X
2023-01-20 23:17:07,928 - root - DEBUG - 3.1.2.2.2-Y
2023-01-20 23:17:07,928 - root - DEBUG - 3.1.2.2.3-ImageIndex
2023-01-20 23:17:07,928 - root - DEBUG - 3.1.2.2.4-ImagesCount
2023-01-20 23:17:07,928 - root - DEBUG - 3.1.3-Seconds
2023-01-20 23:17:07,928 - root - DEBUG - 3.1.3.1-Tens
2023-01-20 23:17:07,928 - root - DEBUG - 3.1.3.1.1-X
2023-01-20 23:17:07,928 - root - DEBUG - 3.1.3.1.2-Y
2023-01-20 23:17:07,928 - root - DEBUG - 3.1.3.1.3-ImageIndex
2023-01-20 23:17:07,933 - root - DEBUG - 3.1.3.1.4-ImagesCount
2023-01-20 23:17:07,933 - root - DEBUG - 3.1.3.2-Ones
2023-01-20 23:17:07,933 - root - DEBUG - 3.1.3.2.1-X
2023-01-20 23:17:07,933 - root - DEBUG - 3.1.3.2.2-Y
2023-01-20 23:17:07,933 - root - DEBUG - 3.1.3.2.3-ImageIndex
2023-01-20 23:17:07,933 - root - DEBUG - 3.1.3.2.4-ImagesCount
2023-01-20 23:17:07,933 - root - DEBUG - 3.1.7-PaddingZeroHours
2023-01-20 23:17:07,933 - root - DEBUG - 3.1.8-PaddingZeroMinutes
2023-01-20 23:17:07,933 - root - DEBUG - 4-Activity
2023-01-20 23:17:07,933 - root - DEBUG - 4.1-Steps
2023-01-20 23:17:07,933 - root - DEBUG - 4.1.1-ImageNumber
2023-01-20 23:17:07,933 - root - DEBUG - 4.1.1.1-TopLeftX
2023-01-20 23:17:07,933 - root - DEBUG - 4.1.1.2-TopLeftY
2023-01-20 23:17:07,933 - root - DEBUG - 4.1.1.3-BottomRightX
2023-01-20 23:17:07,933 - root - DEBUG - 4.1.1.4-BottomRightY
2023-01-20 23:17:07,933 - root - DEBUG - 4.1.1.5-Alignment
2023-01-20 23:17:07,933 - root - DEBUG - 4.1.1.6-Spacing
2023-01-20 23:17:07,933 - root - DEBUG - 4.1.1.7-VerticalOffset
2023-01-20 23:17:07,933 - root - DEBUG - 4.1.1.8-ImageIndex
2023-01-20 23:17:07,933 - root - DEBUG - 4.1.1.9-ImagesCount
2023-01-20 23:17:07,933 - root - DEBUG - 4.3-Calories
2023-01-20 23:17:07,933 - root - DEBUG - 4.3.1-ImageNumber
2023-01-20 23:17:07,933 - root - DEBUG - 4.3.1.1-TopLeftX
2023-01-20 23:17:07,933 - root - DEBUG - 4.3.1.2-TopLeftY
2023-01-20 23:17:07,933 - root - DEBUG - 4.3.1.3-BottomRightX
2023-01-20 23:17:07,933 - root - DEBUG - 4.3.1.4-BottomRightY
2023-01-20 23:17:07,933 - root - DEBUG - 4.3.1.5-Alignment
2023-01-20 23:17:07,933 - root - DEBUG - 4.3.1.6-Spacing
2023-01-20 23:17:07,933 - root - DEBUG - 4.3.1.7-VerticalOffset
2023-01-20 23:17:07,933 - root - DEBUG - 4.3.1.8-ImageIndex
2023-01-20 23:17:07,933 - root - DEBUG - 4.3.1.9-ImagesCount
2023-01-20 23:17:07,933 - root - DEBUG - 4.4-HeartRate
2023-01-20 23:17:07,933 - root - DEBUG - 4.4.1-ImageNumber
2023-01-20 23:17:07,933 - root - DEBUG - 4.4.1.1-TopLeftX
2023-01-20 23:17:07,933 - root - DEBUG - 4.4.1.2-TopLeftY
2023-01-20 23:17:07,933 - root - DEBUG - 4.4.1.3-BottomRightX
2023-01-20 23:17:07,933 - root - DEBUG - 4.4.1.4-BottomRightY
2023-01-20 23:17:07,933 - root - DEBUG - 4.4.1.5-Alignment
2023-01-20 23:17:07,933 - root - DEBUG - 4.4.1.6-Spacing
2023-01-20 23:17:07,933 - root - DEBUG - 4.4.1.7-VerticalOffset
2023-01-20 23:17:07,933 - root - DEBUG - 4.4.1.8-ImageIndex
2023-01-20 23:17:07,933 - root - DEBUG - 4.4.1.9-ImagesCount
2023-01-20 23:17:07,933 - root - DEBUG - 4.4.3-NoDataImageIndex
2023-01-20 23:17:07,933 - root - DEBUG - 4.4.4-SuffixImageIndex
2023-01-20 23:17:07,933 - root - DEBUG - 4.7-UnknownLongValue7
2023-01-20 23:17:07,933 - root - DEBUG - 4.8-StandUp
2023-01-20 23:17:07,933 - root - DEBUG - 4.8.1-ImageNumber
2023-01-20 23:17:07,933 - root - DEBUG - 4.8.1.1-TopLeftX
2023-01-20 23:17:07,933 - root - DEBUG - 4.8.1.2-TopLeftY
2023-01-20 23:17:07,933 - root - DEBUG - 4.8.1.3-BottomRightX
2023-01-20 23:17:07,933 - root - DEBUG - 4.8.1.4-BottomRightY
2023-01-20 23:17:07,933 - root - DEBUG - 4.8.1.5-Alignment
2023-01-20 23:17:07,933 - root - DEBUG - 4.8.1.6-Spacing
2023-01-20 23:17:07,933 - root - DEBUG - 4.8.1.7-VerticalOffset
2023-01-20 23:17:07,933 - root - DEBUG - 4.8.1.8-ImageIndex
2023-01-20 23:17:07,933 - root - DEBUG - 4.8.1.9-ImagesCount
2023-01-20 23:17:07,933 - root - DEBUG - 5-DateBlock
2023-01-20 23:17:07,933 - root - DEBUG - 5.1-Date
2023-01-20 23:17:07,933 - root - DEBUG - 5.1.4-PaddingZeroMonth
2023-01-20 23:17:07,933 - root - DEBUG - 5.1.5-PaddingZeroDay
2023-01-20 23:17:07,933 - root - DEBUG - 5.1.6-UnknownBoolean6
2023-01-20 23:17:07,933 - root - DEBUG - 6-Weather
2023-01-20 23:17:07,933 - root - DEBUG - 6.6-UVindex
2023-01-20 23:17:07,933 - root - DEBUG - 6.6.1-UVindexNumber
2023-01-20 23:17:07,933 - root - DEBUG - 6.6.1.1-TopLeftX
2023-01-20 23:17:07,933 - root - DEBUG - 6.6.1.2-TopLeftY
2023-01-20 23:17:07,933 - root - DEBUG - 6.6.1.3-BottomRightX
2023-01-20 23:17:07,933 - root - DEBUG - 6.6.1.4-BottomRightY
2023-01-20 23:17:07,933 - root - DEBUG - 6.6.1.5-Alignment
2023-01-20 23:17:07,933 - root - DEBUG - 6.6.1.6-Spacing
2023-01-20 23:17:07,933 - root - DEBUG - 6.6.1.7-VerticalOffset
2023-01-20 23:17:07,933 - root - DEBUG - 6.6.1.8-ImageIndex
2023-01-20 23:17:07,933 - root - DEBUG - 6.6.1.9-ImagesCount
2023-01-20 23:17:07,933 - root - DEBUG - 7-StepProgress
2023-01-20 23:17:07,933 - root - DEBUG - 7.2-ImageProgress
2023-01-20 23:17:07,933 - root - DEBUG - 7.2.1-X
2023-01-20 23:17:07,933 - root - DEBUG - 7.2.2-Y
2023-01-20 23:17:07,933 - root - DEBUG - 7.2.3-ImageIndex
2023-01-20 23:17:07,944 - root - DEBUG - 7.2.4-ImagesCount
2023-01-20 23:17:07,944 - root - DEBUG - 9-Battery
2023-01-20 23:17:07,944 - root - DEBUG - 9.1-BatteryText
2023-01-20 23:17:07,944 - root - DEBUG - 9.1.1-ImageNumber
2023-01-20 23:17:07,944 - root - DEBUG - 9.1.1.1-TopLeftX
2023-01-20 23:17:07,944 - root - DEBUG - 9.1.1.2-TopLeftY
2023-01-20 23:17:07,944 - root - DEBUG - 9.1.1.3-BottomRightX
2023-01-20 23:17:07,944 - root - DEBUG - 9.1.1.4-BottomRightY
2023-01-20 23:17:07,944 - root - DEBUG - 9.1.1.5-Alignment
2023-01-20 23:17:07,944 - root - DEBUG - 9.1.1.6-Spacing
2023-01-20 23:17:07,944 - root - DEBUG - 9.1.1.7-VerticalOffset
2023-01-20 23:17:07,944 - root - DEBUG - 9.1.1.8-ImageIndex
2023-01-20 23:17:07,944 - root - DEBUG - 9.1.1.9-ImagesCount
2023-01-20 23:17:07,944 - root - DEBUG - 9.2-ImageProgress
2023-01-20 23:17:07,944 - root - DEBUG - 9.2.1-X
2023-01-20 23:17:07,944 - root - DEBUG - 9.2.2-Y
2023-01-20 23:17:07,944 - root - DEBUG - 9.2.3-ImageIndex
2023-01-20 23:17:07,944 - root - DEBUG - 9.2.4-ImagesCount
2023-01-20 23:17:07,944 - root - DEBUG - 26-UviProgress
2023-01-20 23:17:07,944 - root - DEBUG - 26.1-ImageProgress
2023-01-20 23:17:07,944 - root - DEBUG - 26.1.1-X
2023-01-20 23:17:07,944 - root - DEBUG - 26.1.2-Y
2023-01-20 23:17:07,944 - root - DEBUG - 26.1.3-ImageIndex
2023-01-20 23:17:07,944 - root - DEBUG - 26.1.4-ImagesCount
2023-01-20 23:17:07,944 - root - DEBUG - generatePreviews
2023-01-20 23:17:07,944 - root - DEBUG - Generating previews...
2023-01-20 23:17:07,944 - root - DEBUG - Generating states done...
2023-01-20 23:17:07,954 - root - DEBUG - >>>>>>>>>>>> 0 <watchFaceParser.models.parameter.Parameter object at 0x0000016D286D2280>
2023-01-20 23:17:07,954 - root - DEBUG - >>>>>>>>>>>> 2 <watchFaceParser.models.parameter.Parameter object at 0x0000016D286CB0D0>
2023-01-20 23:17:07,960 - root - DEBUG - >>>>>>>>>>>> 3 <watchFaceParser.models.parameter.Parameter object at 0x0000016D286CB3D0>
2023-01-20 23:17:07,964 - root - DEBUG - >>>>>>>>>>>> 4 <watchFaceParser.models.parameter.Parameter object at 0x0000016D286CC970>
2023-01-20 23:17:07,976 - root - DEBUG - >>>>>>>>>>>> 5 <watchFaceParser.models.parameter.Parameter object at 0x0000016D286CEF10>
2023-01-20 23:17:07,976 - root - DEBUG - >>>>>>>>>>>> 6 <watchFaceParser.models.parameter.Parameter object at 0x0000016D286CEE80>
2023-01-20 23:17:07,984 - root - DEBUG - >>>>>>>>>>>> 7 <watchFaceParser.models.parameter.Parameter object at 0x0000016D286D0640>
2023-01-20 23:17:07,984 - root - DEBUG - >>>>>>>>>>>> 9 <watchFaceParser.models.parameter.Parameter object at 0x0000016D286D0D30>
2023-01-20 23:17:07,991 - root - DEBUG - >>>>>>>>>>>> 26 <watchFaceParser.models.parameter.Parameter object at 0x0000016D286D0FD0>
2023-01-20 23:17:07,994 - root - DEBUG - Generating static preview gen done...
2023-01-20 23:17:08,043 - root - DEBUG - Generating static preview save done...
2023-01-20 23:17:08,043 - root - DEBUG - Generating anim preview gen done...
2023-01-20 23:17:08,043 - root - DEBUG - >>>>>>>>>>>> 0 <watchFaceParser.models.parameter.Parameter object at 0x0000016D286D2280>
2023-01-20 23:17:08,043 - root - DEBUG - >>>>>>>>>>>> 2 <watchFaceParser.models.parameter.Parameter object at 0x0000016D286CB0D0>
2023-01-20 23:17:08,043 - root - DEBUG - >>>>>>>>>>>> 3 <watchFaceParser.models.parameter.Parameter object at 0x0000016D286CB3D0>
2023-01-20 23:17:08,043 - root - DEBUG - >>>>>>>>>>>> 4 <watchFaceParser.models.parameter.Parameter object at 0x0000016D286CC970>
2023-01-20 23:17:08,043 - root - DEBUG - >>>>>>>>>>>> 5 <watchFaceParser.models.parameter.Parameter object at 0x0000016D286CEF10>
2023-01-20 23:17:08,043 - root - DEBUG - >>>>>>>>>>>> 6 <watchFaceParser.models.parameter.Parameter object at 0x0000016D286CEE80>
2023-01-20 23:17:08,043 - root - DEBUG - >>>>>>>>>>>> 7 <watchFaceParser.models.parameter.Parameter object at 0x0000016D286D0640>
2023-01-20 23:17:08,043 - root - DEBUG - >>>>>>>>>>>> 9 <watchFaceParser.models.parameter.Parameter object at 0x0000016D286D0D30>
2023-01-20 23:17:08,043 - root - DEBUG - >>>>>>>>>>>> 26 <watchFaceParser.models.parameter.Parameter object at 0x0000016D286D0FD0>
2023-01-20 23:17:08,123 - root - DEBUG - generatePreviews done
2023-01-20 23:17:08,123 - root - DEBUG - Exporting resources to 'E:\Codez\zepp-bip3-wf\3cbcabc63319bb28b679a21afa7c9197'
2023-01-20 23:17:08,123 - root - DEBUG - extracting E:\Codez\zepp-bip3-wf\3cbcabc63319bb28b679a21afa7c9197\0000.png...
2023-01-20 23:17:08,135 - root - DEBUG - extracting E:\Codez\zepp-bip3-wf\3cbcabc63319bb28b679a21afa7c9197\0001.png...
2023-01-20 23:17:08,143 - root - DEBUG - extracting E:\Codez\zepp-bip3-wf\3cbcabc63319bb28b679a21afa7c9197\0002.png...
2023-01-20 23:17:08,143 - root - DEBUG - extracting E:\Codez\zepp-bip3-wf\3cbcabc63319bb28b679a21afa7c9197\0003.png...
2023-01-20 23:17:08,143 - root - DEBUG - extracting E:\Codez\zepp-bip3-wf\3cbcabc63319bb28b679a21afa7c9197\0004.png...
2023-01-20 23:17:08,143 - root - DEBUG - extracting E:\Codez\zepp-bip3-wf\3cbcabc63319bb28b679a21afa7c9197\0005.png...
2023-01-20 23:17:08,143 - root - DEBUG - extracting E:\Codez\zepp-bip3-wf\3cbcabc63319bb28b679a21afa7c9197\0006.png...
2023-01-20 23:17:08,143 - root - DEBUG - extracting E:\Codez\zepp-bip3-wf\3cbcabc63319bb28b679a21afa7c9197\0007.png...
2023-01-20 23:17:08,143 - root - DEBUG - extracting E:\Codez\zepp-bip3-wf\3cbcabc63319bb28b679a21afa7c9197\0008.png...
2023-01-20 23:17:08,151 - root - DEBUG - extracting E:\Codez\zepp-bip3-wf\3cbcabc63319bb28b679a21afa7c9197\0009.png...
2023-01-20 23:17:08,151 - root - DEBUG - extracting E:\Codez\zepp-bip3-wf\3cbcabc63319bb28b679a21afa7c9197\0010.png...
2023-01-20 23:17:08,153 - root - DEBUG - extracting E:\Codez\zepp-bip3-wf\3cbcabc63319bb28b679a21afa7c9197\0011.png...
2023-01-20 23:17:08,153 - root - DEBUG - extracting E:\Codez\zepp-bip3-wf\3cbcabc63319bb28b679a21afa7c9197\0012.png...
2023-01-20 23:17:08,153 - root - DEBUG - extracting E:\Codez\zepp-bip3-wf\3cbcabc63319bb28b679a21afa7c9197\0013.png...
2023-01-20 23:17:08,153 - root - DEBUG - extracting E:\Codez\zepp-bip3-wf\3cbcabc63319bb28b679a21afa7c9197\0014.png...
2023-01-20 23:17:08,153 - root - DEBUG - extracting E:\Codez\zepp-bip3-wf\3cbcabc63319bb28b679a21afa7c9197\0015.png...
2023-01-20 23:17:08,153 - root - DEBUG - extracting E:\Codez\zepp-bip3-wf\3cbcabc63319bb28b679a21afa7c9197\0016.png...
2023-01-20 23:17:08,159 - root - DEBUG - extracting E:\Codez\zepp-bip3-wf\3cbcabc63319bb28b679a21afa7c9197\0017.png...
2023-01-20 23:17:08,159 - root - DEBUG - extracting E:\Codez\zepp-bip3-wf\3cbcabc63319bb28b679a21afa7c9197\0018.png...
2023-01-20 23:17:08,159 - root - DEBUG - extracting E:\Codez\zepp-bip3-wf\3cbcabc63319bb28b679a21afa7c9197\0019.png...
2023-01-20 23:17:08,159 - root - DEBUG - extracting E:\Codez\zepp-bip3-wf\3cbcabc63319bb28b679a21afa7c9197\0020.png...
2023-01-20 23:17:08,159 - root - DEBUG - extracting E:\Codez\zepp-bip3-wf\3cbcabc63319bb28b679a21afa7c9197\0021.png...
2023-01-20 23:17:08,163 - root - DEBUG - extracting E:\Codez\zepp-bip3-wf\3cbcabc63319bb28b679a21afa7c9197\0022.png...
2023-01-20 23:17:08,163 - root - DEBUG - extracting E:\Codez\zepp-bip3-wf\3cbcabc63319bb28b679a21afa7c9197\0023.png...
2023-01-20 23:17:08,163 - root - DEBUG - extracting E:\Codez\zepp-bip3-wf\3cbcabc63319bb28b679a21afa7c9197\0024.png...
2023-01-20 23:17:08,163 - root - DEBUG - extracting E:\Codez\zepp-bip3-wf\3cbcabc63319bb28b679a21afa7c9197\0025.png...
2023-01-20 23:17:08,163 - root - DEBUG - extracting E:\Codez\zepp-bip3-wf\3cbcabc63319bb28b679a21afa7c9197\0026.png...
2023-01-20 23:17:08,167 - root - DEBUG - extracting E:\Codez\zepp-bip3-wf\3cbcabc63319bb28b679a21afa7c9197\0027.png...
2023-01-20 23:17:08,167 - root - DEBUG - extracting E:\Codez\zepp-bip3-wf\3cbcabc63319bb28b679a21afa7c9197\0028.png...
2023-01-20 23:17:08,167 - root - DEBUG - extracting E:\Codez\zepp-bip3-wf\3cbcabc63319bb28b679a21afa7c9197\0029.png...
2023-01-20 23:17:08,167 - root - DEBUG - extracting E:\Codez\zepp-bip3-wf\3cbcabc63319bb28b679a21afa7c9197\0030.png...
2023-01-20 23:17:08,167 - root - DEBUG - extracting E:\Codez\zepp-bip3-wf\3cbcabc63319bb28b679a21afa7c9197\0031.png...
2023-01-20 23:17:08,167 - root - DEBUG - extracting E:\Codez\zepp-bip3-wf\3cbcabc63319bb28b679a21afa7c9197\0032.png...
2023-01-20 23:17:08,167 - root - DEBUG - extracting E:\Codez\zepp-bip3-wf\3cbcabc63319bb28b679a21afa7c9197\0033.png...
2023-01-20 23:17:08,167 - root - DEBUG - extracting E:\Codez\zepp-bip3-wf\3cbcabc63319bb28b679a21afa7c9197\0034.png...
2023-01-20 23:17:08,174 - root - DEBUG - extracting E:\Codez\zepp-bip3-wf\3cbcabc63319bb28b679a21afa7c9197\0035.png...
2023-01-20 23:17:08,174 - root - DEBUG - extracting E:\Codez\zepp-bip3-wf\3cbcabc63319bb28b679a21afa7c9197\0036.png...
2023-01-20 23:17:08,174 - root - DEBUG - extracting E:\Codez\zepp-bip3-wf\3cbcabc63319bb28b679a21afa7c9197\0037.png...
2023-01-20 23:17:08,174 - root - DEBUG - extracting E:\Codez\zepp-bip3-wf\3cbcabc63319bb28b679a21afa7c9197\0038.png...
2023-01-20 23:17:08,174 - root - DEBUG - extracting E:\Codez\zepp-bip3-wf\3cbcabc63319bb28b679a21afa7c9197\0039.png...
2023-01-20 23:17:08,174 - root - DEBUG - extracting E:\Codez\zepp-bip3-wf\3cbcabc63319bb28b679a21afa7c9197\0040.png...
2023-01-20 23:17:08,174 - root - DEBUG - extracting E:\Codez\zepp-bip3-wf\3cbcabc63319bb28b679a21afa7c9197\0041.png...
2023-01-20 23:17:08,174 - root - DEBUG - extracting E:\Codez\zepp-bip3-wf\3cbcabc63319bb28b679a21afa7c9197\0042.png...
2023-01-20 23:17:08,174 - root - DEBUG - extracting E:\Codez\zepp-bip3-wf\3cbcabc63319bb28b679a21afa7c9197\0043.png...
2023-01-20 23:17:08,174 - root - DEBUG - extracting E:\Codez\zepp-bip3-wf\3cbcabc63319bb28b679a21afa7c9197\0044.png...
2023-01-20 23:17:08,174 - root - DEBUG - extracting E:\Codez\zepp-bip3-wf\3cbcabc63319bb28b679a21afa7c9197\0045.png...
2023-01-20 23:17:08,174 - root - DEBUG - extracting E:\Codez\zepp-bip3-wf\3cbcabc63319bb28b679a21afa7c9197\0046.png...
2023-01-20 23:17:08,183 - root - DEBUG - extracting E:\Codez\zepp-bip3-wf\3cbcabc63319bb28b679a21afa7c9197\0047.png...
2023-01-20 23:17:08,183 - root - DEBUG - extracting E:\Codez\zepp-bip3-wf\3cbcabc63319bb28b679a21afa7c9197\0048.png...
2023-01-20 23:17:08,183 - root - DEBUG - extracting E:\Codez\zepp-bip3-wf\3cbcabc63319bb28b679a21afa7c9197\0049.png...
2023-01-20 23:17:08,183 - root - DEBUG - extracting E:\Codez\zepp-bip3-wf\3cbcabc63319bb28b679a21afa7c9197\0050.png...
2023-01-20 23:17:08,183 - root - DEBUG - extracting E:\Codez\zepp-bip3-wf\3cbcabc63319bb28b679a21afa7c9197\0051.png...
2023-01-20 23:17:08,183 - root - DEBUG - extracting E:\Codez\zepp-bip3-wf\3cbcabc63319bb28b679a21afa7c9197\0052.png...
2023-01-20 23:17:08,183 - root - DEBUG - extracting E:\Codez\zepp-bip3-wf\3cbcabc63319bb28b679a21afa7c9197\0053.png...
2023-01-20 23:17:08,183 - root - DEBUG - extracting E:\Codez\zepp-bip3-wf\3cbcabc63319bb28b679a21afa7c9197\0054.png...
2023-01-20 23:17:08,183 - root - DEBUG - extracting E:\Codez\zepp-bip3-wf\3cbcabc63319bb28b679a21afa7c9197\0055.png...
2023-01-20 23:17:08,183 - root - DEBUG - extracting E:\Codez\zepp-bip3-wf\3cbcabc63319bb28b679a21afa7c9197\0056.png...
2023-01-20 23:17:08,194 - root - DEBUG - extracting E:\Codez\zepp-bip3-wf\3cbcabc63319bb28b679a21afa7c9197\0057.png...
2023-01-20 23:17:08,194 - root - DEBUG - extracting E:\Codez\zepp-bip3-wf\3cbcabc63319bb28b679a21afa7c9197\0058.png...
2023-01-20 23:17:08,199 - root - DEBUG - extracting E:\Codez\zepp-bip3-wf\3cbcabc63319bb28b679a21afa7c9197\0059.png...
2023-01-20 23:17:08,199 - root - DEBUG - extracting E:\Codez\zepp-bip3-wf\3cbcabc63319bb28b679a21afa7c9197\0060.png...
2023-01-20 23:17:08,199 - root - DEBUG - extracting E:\Codez\zepp-bip3-wf\3cbcabc63319bb28b679a21afa7c9197\0061.png...
2023-01-20 23:17:08,203 - root - DEBUG - extracting E:\Codez\zepp-bip3-wf\3cbcabc63319bb28b679a21afa7c9197\0062.png...
2023-01-20 23:17:08,203 - root - DEBUG - extracting E:\Codez\zepp-bip3-wf\3cbcabc63319bb28b679a21afa7c9197\0063.png...
2023-01-20 23:17:08,203 - root - DEBUG - extracting E:\Codez\zepp-bip3-wf\3cbcabc63319bb28b679a21afa7c9197\0064.png...
2023-01-20 23:17:08,203 - root - DEBUG - extracting E:\Codez\zepp-bip3-wf\3cbcabc63319bb28b679a21afa7c9197\0065.png...
2023-01-20 23:17:08,203 - root - DEBUG - extracting E:\Codez\zepp-bip3-wf\3cbcabc63319bb28b679a21afa7c9197\0066.png...
2023-01-20 23:17:08,203 - root - DEBUG - extracting E:\Codez\zepp-bip3-wf\3cbcabc63319bb28b679a21afa7c9197\0067.png...
2023-01-20 23:17:08,203 - root - DEBUG - extracting E:\Codez\zepp-bip3-wf\3cbcabc63319bb28b679a21afa7c9197\0068.png...
2023-01-20 23:17:08,213 - root - DEBUG - extracting E:\Codez\zepp-bip3-wf\3cbcabc63319bb28b679a21afa7c9197\0069.png...
2023-01-20 23:17:08,215 - root - DEBUG - extracting E:\Codez\zepp-bip3-wf\3cbcabc63319bb28b679a21afa7c9197\0070.png...
2023-01-20 23:17:08,215 - root - DEBUG - extracting E:\Codez\zepp-bip3-wf\3cbcabc63319bb28b679a21afa7c9197\0071.png...
2023-01-20 23:17:08,215 - root - DEBUG - extracting E:\Codez\zepp-bip3-wf\3cbcabc63319bb28b679a21afa7c9197\0072.png...
2023-01-20 23:17:08,215 - root - DEBUG - extracting E:\Codez\zepp-bip3-wf\3cbcabc63319bb28b679a21afa7c9197\0073.png...
2023-01-20 23:17:08,215 - root - DEBUG - extracting E:\Codez\zepp-bip3-wf\3cbcabc63319bb28b679a21afa7c9197\0074.png...
2023-01-20 23:17:08,215 - root - DEBUG - extracting E:\Codez\zepp-bip3-wf\3cbcabc63319bb28b679a21afa7c9197\0075.png...
2023-01-20 23:17:08,215 - root - DEBUG - extracting E:\Codez\zepp-bip3-wf\3cbcabc63319bb28b679a21afa7c9197\0076.png...
2023-01-20 23:17:08,215 - root - DEBUG - extracting E:\Codez\zepp-bip3-wf\3cbcabc63319bb28b679a21afa7c9197\0077.png...
2023-01-20 23:17:08,223 - root - DEBUG - extracting E:\Codez\zepp-bip3-wf\3cbcabc63319bb28b679a21afa7c9197\0078.png...
2023-01-20 23:17:08,223 - root - DEBUG - extracting E:\Codez\zepp-bip3-wf\3cbcabc63319bb28b679a21afa7c9197\0079.png...
2023-01-20 23:17:08,223 - root - DEBUG - extracting E:\Codez\zepp-bip3-wf\3cbcabc63319bb28b679a21afa7c9197\0080.png...
2023-01-20 23:17:08,223 - root - DEBUG - extracting E:\Codez\zepp-bip3-wf\3cbcabc63319bb28b679a21afa7c9197\0081.png...
2023-01-20 23:17:08,231 - root - DEBUG - extracting E:\Codez\zepp-bip3-wf\3cbcabc63319bb28b679a21afa7c9197\0082.png...
2023-01-20 23:17:08,231 - root - DEBUG - extracting E:\Codez\zepp-bip3-wf\3cbcabc63319bb28b679a21afa7c9197\0083.png...
2023-01-20 23:17:08,233 - root - DEBUG - extracting E:\Codez\zepp-bip3-wf\3cbcabc63319bb28b679a21afa7c9197\0084.png...
2023-01-20 23:17:08,233 - root - DEBUG - extracting E:\Codez\zepp-bip3-wf\3cbcabc63319bb28b679a21afa7c9197\0085.png...
2023-01-20 23:17:08,233 - root - DEBUG - extracting E:\Codez\zepp-bip3-wf\3cbcabc63319bb28b679a21afa7c9197\0086.png...
2023-01-20 23:17:08,233 - root - DEBUG - extracting E:\Codez\zepp-bip3-wf\3cbcabc63319bb28b679a21afa7c9197\0087.png...
2023-01-20 23:17:08,233 - root - DEBUG - extracting E:\Codez\zepp-bip3-wf\3cbcabc63319bb28b679a21afa7c9197\0088.png...
2023-01-20 23:17:08,233 - root - DEBUG - extracting E:\Codez\zepp-bip3-wf\3cbcabc63319bb28b679a21afa7c9197\0089.png...
2023-01-20 23:17:08,233 - root - DEBUG - extracting E:\Codez\zepp-bip3-wf\3cbcabc63319bb28b679a21afa7c9197\0090.png...
2023-01-20 23:17:08,233 - root - DEBUG - extracting E:\Codez\zepp-bip3-wf\3cbcabc63319bb28b679a21afa7c9197\0091.png...
2023-01-20 23:17:08,243 - root - DEBUG - extracting E:\Codez\zepp-bip3-wf\3cbcabc63319bb28b679a21afa7c9197\0092.png...
2023-01-20 23:17:08,243 - root - DEBUG - extracting E:\Codez\zepp-bip3-wf\3cbcabc63319bb28b679a21afa7c9197\0093.png...
2023-01-20 23:17:08,246 - root - DEBUG - Exporting config...
