2023-01-20 23:17:27,934 - root - DEBUG - Opening watch face 'E:\Codez\zepp-bip3-wf\859cd15f139cb32cd15a215b1ae53d88.bin'
2023-01-20 23:17:27,934 - root - DEBUG - Reading parameters...
2023-01-20 23:17:27,934 - root - INFO - Reading header...
2023-01-20 23:17:27,934 - root - INFO - Header was read:
2023-01-20 23:17:27,934 - root - INFO - Signature: b'UIHH\x01\x00\xff', Unknown: 38, ParametersSize: 38, isValid: True, deviceId: 71
2023-01-20 23:17:27,934 - root - INFO - Reading parameter offsets...
2023-01-20 23:17:27,934 - root - INFO - Parameter offsets were read from file
2023-01-20 23:17:27,934 - root - INFO - Reading parameters descriptor...
2023-01-20 23:17:27,934 - root - INFO - 1 ( A): 5 bytes
2023-01-20 23:17:27,934 - root - INFO -     1 ( 8): 146 92
2023-01-20 23:17:27,934 - root - INFO -     2 (10): 39 27
2023-01-20 23:17:27,934 - root - INFO - getParameters descriptor was read:
2023-01-20 23:17:27,934 - root - INFO - ParametersTableLength: 146, ImagesCount: 39
2023-01-20 23:17:27,934 - root - INFO - Reading parameters locations...
2023-01-20 23:17:27,934 - root - INFO - 2 (12): 4 bytes
2023-01-20 23:17:27,934 - root - INFO -     1 ( 8): 0  0
2023-01-20 23:17:27,934 - root - INFO -     2 (10): 32 20
2023-01-20 23:17:27,934 - root - INFO - 4 (22): 4 bytes
2023-01-20 23:17:27,934 - root - INFO -     1 ( 8): 70 46
2023-01-20 23:17:27,934 - root - INFO -     2 (10): 29 1D
2023-01-20 23:17:27,934 - root - INFO - 5 (2A): 4 bytes
2023-01-20 23:17:27,934 - root - INFO -     1 ( 8): 32 20
2023-01-20 23:17:27,934 - root - INFO -     2 (10): 38 26
2023-01-20 23:17:27,934 - root - INFO - 12 (62): 4 bytes
2023-01-20 23:17:27,934 - root - INFO -     1 ( 8): 99 63
2023-01-20 23:17:27,934 - root - INFO -     2 (10): 22 16
2023-01-20 23:17:27,934 - root - INFO - 20 (A2): 4 bytes
2023-01-20 23:17:27,934 - root - INFO -     1 ( 8): 121 79
2023-01-20 23:17:27,934 - root - INFO -     2 (10): 25 19
2023-01-20 23:17:27,934 - root - INFO - Watch face parameters locations were read:
2023-01-20 23:17:27,934 - root - INFO - Reading descriptor for parameter 2
2023-01-20 23:17:27,934 - root - INFO - Descriptor offset: 0, Descriptor length: 32
2023-01-20 23:17:27,934 - root - INFO - Parsing descriptor for parameter 2...
2023-01-20 23:17:27,934 - root - INFO - 1 ( A): 6 bytes
2023-01-20 23:17:27,934 - root - INFO -     1 ( 8): 0  0
2023-01-20 23:17:27,934 - root - INFO -     2 (10): 0  0
2023-01-20 23:17:27,934 - root - INFO -     3 (18): 2  2
2023-01-20 23:17:27,934 - root - INFO - 3 (1A): 6 bytes
2023-01-20 23:17:27,934 - root - INFO -     1 ( 8): 0  0
2023-01-20 23:17:27,934 - root - INFO -     2 (10): 0  0
2023-01-20 23:17:27,942 - root - INFO -     3 (18): 0  0
2023-01-20 23:17:27,942 - root - INFO - 4 (22): 6 bytes
2023-01-20 23:17:27,942 - root - INFO -     1 ( 8): 0  0
2023-01-20 23:17:27,942 - root - INFO -     2 (10): 0  0
2023-01-20 23:17:27,942 - root - INFO -     3 (18): 1  1
2023-01-20 23:17:27,942 - root - INFO - 5 (2A): 6 bytes
2023-01-20 23:17:27,942 - root - INFO -     1 ( 8): 0  0
2023-01-20 23:17:27,942 - root - INFO -     2 (10): 0  0
2023-01-20 23:17:27,942 - root - INFO -     3 (18): 1  1
2023-01-20 23:17:27,942 - root - INFO - Reading descriptor for parameter 4
2023-01-20 23:17:27,942 - root - INFO - Descriptor offset: 70, Descriptor length: 29
2023-01-20 23:17:27,942 - root - INFO - Parsing descriptor for parameter 4...
2023-01-20 23:17:27,942 - root - INFO - 4 (22): 25 bytes
2023-01-20 23:17:27,942 - root - INFO -     1 ( A): 21 bytes
2023-01-20 23:17:27,944 - root - INFO -         1 ( 8): 105 69
2023-01-20 23:17:27,944 - root - INFO -         2 (10): 180 B4
2023-01-20 23:17:27,944 - root - INFO -         3 (18): 135 87
2023-01-20 23:17:27,944 - root - INFO -         4 (20): 194 C2
2023-01-20 23:17:27,944 - root - INFO -         5 (28): 24 18
2023-01-20 23:17:27,944 - root - INFO -         6 (30): 0  0
2023-01-20 23:17:27,944 - root - INFO -         7 (38): 0  0
2023-01-20 23:17:27,944 - root - INFO -         8 (40): 24 18
2023-01-20 23:17:27,944 - root - INFO -         9 (48): 10  A
2023-01-20 23:17:27,944 - root - INFO -     3 (18): 34 22
2023-01-20 23:17:27,944 - root - INFO - 7 (38): 0  0
2023-01-20 23:17:27,944 - root - INFO - Reading descriptor for parameter 5
2023-01-20 23:17:27,944 - root - INFO - Descriptor offset: 32, Descriptor length: 38
2023-01-20 23:17:27,944 - root - INFO - Parsing descriptor for parameter 5...
2023-01-20 23:17:27,944 - root - INFO - 1 ( A): 6 bytes
2023-01-20 23:17:27,944 - root - INFO -     4 (20): 1  1
2023-01-20 23:17:27,944 - root - INFO -     5 (28): 1  1
2023-01-20 23:17:27,944 - root - INFO -     6 (30): 0  0
2023-01-20 23:17:27,944 - root - INFO - 4 (22): 8 bytes
2023-01-20 23:17:27,944 - root - INFO -     1 ( 8): 97 61
2023-01-20 23:17:27,944 - root - INFO -     2 (10): 62 3E
2023-01-20 23:17:27,944 - root - INFO -     3 (18): 3  3
2023-01-20 23:17:27,944 - root - INFO -     4 (20): 7  7
2023-01-20 23:17:27,944 - root - INFO - 5 (2A): 8 bytes
2023-01-20 23:17:27,944 - root - INFO -     1 ( 8): 97 61
2023-01-20 23:17:27,944 - root - INFO -     2 (10): 62 3E
2023-01-20 23:17:27,944 - root - INFO -     3 (18): 17 11
2023-01-20 23:17:27,944 - root - INFO -     4 (20): 7  7
2023-01-20 23:17:27,944 - root - INFO - 6 (32): 8 bytes
2023-01-20 23:17:27,944 - root - INFO -     1 ( 8): 97 61
2023-01-20 23:17:27,944 - root - INFO -     2 (10): 62 3E
2023-01-20 23:17:27,944 - root - INFO -     3 (18): 10  A
2023-01-20 23:17:27,944 - root - INFO -     4 (20): 7  7
2023-01-20 23:17:27,944 - root - INFO - Reading descriptor for parameter 12
2023-01-20 23:17:27,944 - root - INFO - Descriptor offset: 99, Descriptor length: 22
2023-01-20 23:17:27,944 - root - INFO - Parsing descriptor for parameter 12...
2023-01-20 23:17:27,944 - root - INFO - 6 (32): 20 bytes
2023-01-20 23:17:27,944 - root - INFO -     1 ( A): 18 bytes
2023-01-20 23:17:27,944 - root - INFO -         1 ( 8): 120 78
2023-01-20 23:17:27,944 - root - INFO -         2 (10): 194 C2
2023-01-20 23:17:27,944 - root - INFO -         3 (18): 4294967166 FFFFFF7E
2023-01-20 23:17:27,944 - root - INFO -         4 (20): 130 82
2023-01-20 23:17:27,944 - root - INFO -         5 (28): 35 23
2023-01-20 23:17:27,944 - root - INFO -         6 (30): 34 22
2023-01-20 23:17:27,944 - root - INFO - Reading descriptor for parameter 20
2023-01-20 23:17:27,944 - root - INFO - Descriptor offset: 121, Descriptor length: 25
2023-01-20 23:17:27,944 - root - INFO - Parsing descriptor for parameter 20...
2023-01-20 23:17:27,944 - root - INFO - 2 (12): 5 bytes
2023-01-20 23:17:27,944 - root - INFO -     1 ( 8): 120 78
2023-01-20 23:17:27,944 - root - INFO -     2 (10): 140 8C
2023-01-20 23:17:27,944 - root - INFO - 3 (1A): 4 bytes
2023-01-20 23:17:27,944 - root - INFO -     1 ( 8): 36 24
2023-01-20 23:17:27,944 - root - INFO -     2 (10): 120 78
2023-01-20 23:17:27,944 - root - INFO - 4 (22): 4 bytes
2023-01-20 23:17:27,944 - root - INFO -     1 ( 8): 38 26
2023-01-20 23:17:27,944 - root - INFO -     2 (10): 120 78
2023-01-20 23:17:27,944 - root - INFO - 5 (2A): 4 bytes
2023-01-20 23:17:27,944 - root - INFO -     1 ( 8): 37 25
2023-01-20 23:17:27,944 - root - INFO -     2 (10): 120 78
2023-01-20 23:17:27,944 - root - INFO - Reading resources offsets table with 39 elements (156 bytes)
2023-01-20 23:17:27,944 - root - INFO - Resource 0 offset: 427, length: 51224...
2023-01-20 23:17:27,944 - root - DEBUG - Reading resource 0...
2023-01-20 23:17:27,984 - root - INFO - The image is bmc.
2023-01-20 23:17:27,984 - root - INFO - Reading image header(readHeader16C)...
2023-01-20 23:17:27,984 - root - INFO - Image header was read:
2023-01-20 23:17:27,984 - root - INFO - Width: 148, Height: 173, RowLength: 296
2023-01-20 23:17:27,984 - root - INFO - _step: 2, unknown2: 0,
2023-01-20 23:17:27,984 - root - INFO - BPP: 16, Transparency: False
2023-01-20 23:17:28,085 - root - INFO - Resource 1 offset: 51651, length: 51224...
2023-01-20 23:17:28,085 - root - DEBUG - Reading resource 1...
2023-01-20 23:17:28,085 - root - INFO - The image is bmc.
2023-01-20 23:17:28,085 - root - INFO - Reading image header(readHeader16C)...
2023-01-20 23:17:28,085 - root - INFO - Image header was read:
2023-01-20 23:17:28,085 - root - INFO - Width: 148, Height: 173, RowLength: 296
2023-01-20 23:17:28,085 - root - INFO - _step: 2, unknown2: 0,
2023-01-20 23:17:28,085 - root - INFO - BPP: 16, Transparency: False
2023-01-20 23:17:28,184 - root - INFO - Resource 2 offset: 102875, length: 134416...
2023-01-20 23:17:28,184 - root - DEBUG - Reading resource 2...
2023-01-20 23:17:28,184 - root - INFO - The image is bmc.
2023-01-20 23:17:28,184 - root - INFO - Reading image header(readHeader16C)...
2023-01-20 23:17:28,184 - root - INFO - Image header was read:
2023-01-20 23:17:28,184 - root - INFO - Width: 240, Height: 280, RowLength: 480
2023-01-20 23:17:28,184 - root - INFO - _step: 2, unknown2: 0,
2023-01-20 23:17:28,184 - root - INFO - BPP: 16, Transparency: False
2023-01-20 23:17:28,449 - root - INFO - Resource 3 offset: 237291, length: 940...
2023-01-20 23:17:28,449 - root - DEBUG - Reading resource 3...
2023-01-20 23:17:28,449 - root - INFO - The image is bme.
2023-01-20 23:17:28,449 - root - INFO - Reading image header(readHeader16E)...
2023-01-20 23:17:28,449 - root - INFO - Image header was read:
2023-01-20 23:17:28,449 - root - INFO - Width: 46, Height: 21, RowLength: 92
2023-01-20 23:17:28,449 - root - INFO - datalength: 924, _step: 2
2023-01-20 23:17:28,449 - root - INFO - BPP: 16, Transparency: False
2023-01-20 23:17:28,454 - root - INFO - Resource 4 offset: 238231, length: 646...
2023-01-20 23:17:28,454 - root - DEBUG - Reading resource 4...
2023-01-20 23:17:28,454 - root - INFO - The image is bme.
2023-01-20 23:17:28,454 - root - INFO - Reading image header(readHeader16E)...
2023-01-20 23:17:28,454 - root - INFO - Image header was read:
2023-01-20 23:17:28,454 - root - INFO - Width: 46, Height: 21, RowLength: 92
2023-01-20 23:17:28,454 - root - INFO - datalength: 630, _step: 2
2023-01-20 23:17:28,454 - root - INFO - BPP: 16, Transparency: False
2023-01-20 23:17:28,454 - root - INFO - Resource 5 offset: 238877, length: 850...
2023-01-20 23:17:28,454 - root - DEBUG - Reading resource 5...
2023-01-20 23:17:28,454 - root - INFO - The image is bme.
2023-01-20 23:17:28,454 - root - INFO - Reading image header(readHeader16E)...
2023-01-20 23:17:28,454 - root - INFO - Image header was read:
2023-01-20 23:17:28,454 - root - INFO - Width: 46, Height: 21, RowLength: 92
2023-01-20 23:17:28,454 - root - INFO - datalength: 834, _step: 2
2023-01-20 23:17:28,454 - root - INFO - BPP: 16, Transparency: False
2023-01-20 23:17:28,454 - root - INFO - Resource 6 offset: 239727, length: 690...
2023-01-20 23:17:28,454 - root - DEBUG - Reading resource 6...
2023-01-20 23:17:28,454 - root - INFO - The image is bme.
2023-01-20 23:17:28,454 - root - INFO - Reading image header(readHeader16E)...
2023-01-20 23:17:28,454 - root - INFO - Image header was read:
2023-01-20 23:17:28,454 - root - INFO - Width: 46, Height: 21, RowLength: 92
2023-01-20 23:17:28,454 - root - INFO - datalength: 674, _step: 2
2023-01-20 23:17:28,454 - root - INFO - BPP: 16, Transparency: False
2023-01-20 23:17:28,454 - root - INFO - Resource 7 offset: 240417, length: 566...
2023-01-20 23:17:28,454 - root - DEBUG - Reading resource 7...
2023-01-20 23:17:28,454 - root - INFO - The image is bme.
2023-01-20 23:17:28,454 - root - INFO - Reading image header(readHeader16E)...
2023-01-20 23:17:28,454 - root - INFO - Image header was read:
2023-01-20 23:17:28,454 - root - INFO - Width: 46, Height: 21, RowLength: 92
2023-01-20 23:17:28,454 - root - INFO - datalength: 550, _step: 2
2023-01-20 23:17:28,454 - root - INFO - BPP: 16, Transparency: False
2023-01-20 23:17:28,454 - root - INFO - Resource 8 offset: 240983, length: 640...
2023-01-20 23:17:28,454 - root - DEBUG - Reading resource 8...
2023-01-20 23:17:28,454 - root - INFO - The image is bme.
2023-01-20 23:17:28,454 - root - INFO - Reading image header(readHeader16E)...
2023-01-20 23:17:28,454 - root - INFO - Image header was read:
2023-01-20 23:17:28,454 - root - INFO - Width: 46, Height: 21, RowLength: 92
2023-01-20 23:17:28,454 - root - INFO - datalength: 624, _step: 2
2023-01-20 23:17:28,454 - root - INFO - BPP: 16, Transparency: False
2023-01-20 23:17:28,454 - root - INFO - Resource 9 offset: 241623, length: 822...
2023-01-20 23:17:28,454 - root - DEBUG - Reading resource 9...
2023-01-20 23:17:28,454 - root - INFO - The image is bme.
2023-01-20 23:17:28,454 - root - INFO - Reading image header(readHeader16E)...
2023-01-20 23:17:28,454 - root - INFO - Image header was read:
2023-01-20 23:17:28,454 - root - INFO - Width: 46, Height: 21, RowLength: 92
2023-01-20 23:17:28,454 - root - INFO - datalength: 806, _step: 2
2023-01-20 23:17:28,454 - root - INFO - BPP: 16, Transparency: False
2023-01-20 23:17:28,464 - root - INFO - Resource 10 offset: 242445, length: 868...
2023-01-20 23:17:28,464 - root - DEBUG - Reading resource 10...
2023-01-20 23:17:28,464 - root - INFO - The image is bme.
2023-01-20 23:17:28,464 - root - INFO - Reading image header(readHeader16E)...
2023-01-20 23:17:28,464 - root - INFO - Image header was read:
2023-01-20 23:17:28,464 - root - INFO - Width: 46, Height: 21, RowLength: 92
2023-01-20 23:17:28,464 - root - INFO - datalength: 852, _step: 2
2023-01-20 23:17:28,464 - root - INFO - BPP: 16, Transparency: False
2023-01-20 23:17:28,465 - root - INFO - Resource 11 offset: 243313, length: 920...
2023-01-20 23:17:28,465 - root - DEBUG - Reading resource 11...
2023-01-20 23:17:28,465 - root - INFO - The image is bme.
2023-01-20 23:17:28,465 - root - INFO - Reading image header(readHeader16E)...
2023-01-20 23:17:28,465 - root - INFO - Image header was read:
2023-01-20 23:17:28,465 - root - INFO - Width: 46, Height: 21, RowLength: 92
2023-01-20 23:17:28,465 - root - INFO - datalength: 904, _step: 2
2023-01-20 23:17:28,465 - root - INFO - BPP: 16, Transparency: False
2023-01-20 23:17:28,465 - root - INFO - Resource 12 offset: 244233, length: 974...
2023-01-20 23:17:28,465 - root - DEBUG - Reading resource 12...
2023-01-20 23:17:28,465 - root - INFO - The image is bme.
2023-01-20 23:17:28,465 - root - INFO - Reading image header(readHeader16E)...
2023-01-20 23:17:28,465 - root - INFO - Image header was read:
2023-01-20 23:17:28,465 - root - INFO - Width: 46, Height: 21, RowLength: 92
2023-01-20 23:17:28,465 - root - INFO - datalength: 958, _step: 2
2023-01-20 23:17:28,465 - root - INFO - BPP: 16, Transparency: False
2023-01-20 23:17:28,465 - root - INFO - Resource 13 offset: 245207, length: 1184...
2023-01-20 23:17:28,465 - root - DEBUG - Reading resource 13...
2023-01-20 23:17:28,465 - root - INFO - The image is bme.
2023-01-20 23:17:28,465 - root - INFO - Reading image header(readHeader16E)...
2023-01-20 23:17:28,465 - root - INFO - Image header was read:
2023-01-20 23:17:28,465 - root - INFO - Width: 46, Height: 21, RowLength: 92
2023-01-20 23:17:28,465 - root - INFO - datalength: 1168, _step: 2
2023-01-20 23:17:28,465 - root - INFO - BPP: 16, Transparency: False
2023-01-20 23:17:28,465 - root - INFO - Resource 14 offset: 246391, length: 1078...
2023-01-20 23:17:28,465 - root - DEBUG - Reading resource 14...
2023-01-20 23:17:28,465 - root - INFO - The image is bme.
2023-01-20 23:17:28,465 - root - INFO - Reading image header(readHeader16E)...
2023-01-20 23:17:28,465 - root - INFO - Image header was read:
2023-01-20 23:17:28,465 - root - INFO - Width: 46, Height: 21, RowLength: 92
2023-01-20 23:17:28,465 - root - INFO - datalength: 1062, _step: 2
2023-01-20 23:17:28,465 - root - INFO - BPP: 16, Transparency: False
2023-01-20 23:17:28,474 - root - INFO - Resource 15 offset: 247469, length: 1058...
2023-01-20 23:17:28,474 - root - DEBUG - Reading resource 15...
2023-01-20 23:17:28,474 - root - INFO - The image is bme.
2023-01-20 23:17:28,474 - root - INFO - Reading image header(readHeader16E)...
2023-01-20 23:17:28,474 - root - INFO - Image header was read:
2023-01-20 23:17:28,474 - root - INFO - Width: 46, Height: 21, RowLength: 92
2023-01-20 23:17:28,474 - root - INFO - datalength: 1042, _step: 2
2023-01-20 23:17:28,474 - root - INFO - BPP: 16, Transparency: False
2023-01-20 23:17:28,474 - root - INFO - Resource 16 offset: 248527, length: 1070...
2023-01-20 23:17:28,474 - root - DEBUG - Reading resource 16...
2023-01-20 23:17:28,474 - root - INFO - The image is bme.
2023-01-20 23:17:28,474 - root - INFO - Reading image header(readHeader16E)...
2023-01-20 23:17:28,474 - root - INFO - Image header was read:
2023-01-20 23:17:28,474 - root - INFO - Width: 46, Height: 21, RowLength: 92
2023-01-20 23:17:28,474 - root - INFO - datalength: 1054, _step: 2
2023-01-20 23:17:28,474 - root - INFO - BPP: 16, Transparency: False
2023-01-20 23:17:28,474 - root - INFO - Resource 17 offset: 249597, length: 868...
2023-01-20 23:17:28,474 - root - DEBUG - Reading resource 17...
2023-01-20 23:17:28,474 - root - INFO - The image is bme.
2023-01-20 23:17:28,474 - root - INFO - Reading image header(readHeader16E)...
2023-01-20 23:17:28,474 - root - INFO - Image header was read:
2023-01-20 23:17:28,474 - root - INFO - Width: 46, Height: 21, RowLength: 92
2023-01-20 23:17:28,474 - root - INFO - datalength: 852, _step: 2
2023-01-20 23:17:28,474 - root - INFO - BPP: 16, Transparency: False
2023-01-20 23:17:28,481 - root - INFO - Resource 18 offset: 250465, length: 920...
2023-01-20 23:17:28,481 - root - DEBUG - Reading resource 18...
2023-01-20 23:17:28,481 - root - INFO - The image is bme.
2023-01-20 23:17:28,481 - root - INFO - Reading image header(readHeader16E)...
2023-01-20 23:17:28,481 - root - INFO - Image header was read:
2023-01-20 23:17:28,481 - root - INFO - Width: 46, Height: 21, RowLength: 92
2023-01-20 23:17:28,481 - root - INFO - datalength: 904, _step: 2
2023-01-20 23:17:28,481 - root - INFO - BPP: 16, Transparency: False
2023-01-20 23:17:28,484 - root - INFO - Resource 19 offset: 251385, length: 974...
2023-01-20 23:17:28,484 - root - DEBUG - Reading resource 19...
2023-01-20 23:17:28,484 - root - INFO - The image is bme.
2023-01-20 23:17:28,484 - root - INFO - Reading image header(readHeader16E)...
2023-01-20 23:17:28,484 - root - INFO - Image header was read:
2023-01-20 23:17:28,484 - root - INFO - Width: 46, Height: 21, RowLength: 92
2023-01-20 23:17:28,484 - root - INFO - datalength: 958, _step: 2
2023-01-20 23:17:28,484 - root - INFO - BPP: 16, Transparency: False
2023-01-20 23:17:28,484 - root - INFO - Resource 20 offset: 252359, length: 1184...
2023-01-20 23:17:28,484 - root - DEBUG - Reading resource 20...
2023-01-20 23:17:28,484 - root - INFO - The image is bme.
2023-01-20 23:17:28,484 - root - INFO - Reading image header(readHeader16E)...
2023-01-20 23:17:28,484 - root - INFO - Image header was read:
2023-01-20 23:17:28,484 - root - INFO - Width: 46, Height: 21, RowLength: 92
2023-01-20 23:17:28,484 - root - INFO - datalength: 1168, _step: 2
2023-01-20 23:17:28,484 - root - INFO - BPP: 16, Transparency: False
2023-01-20 23:17:28,484 - root - INFO - Resource 21 offset: 253543, length: 1078...
2023-01-20 23:17:28,484 - root - DEBUG - Reading resource 21...
2023-01-20 23:17:28,484 - root - INFO - The image is bme.
2023-01-20 23:17:28,484 - root - INFO - Reading image header(readHeader16E)...
2023-01-20 23:17:28,484 - root - INFO - Image header was read:
2023-01-20 23:17:28,484 - root - INFO - Width: 46, Height: 21, RowLength: 92
2023-01-20 23:17:28,484 - root - INFO - datalength: 1062, _step: 2
2023-01-20 23:17:28,484 - root - INFO - BPP: 16, Transparency: False
2023-01-20 23:17:28,484 - root - INFO - Resource 22 offset: 254621, length: 1058...
2023-01-20 23:17:28,484 - root - DEBUG - Reading resource 22...
2023-01-20 23:17:28,484 - root - INFO - The image is bme.
2023-01-20 23:17:28,484 - root - INFO - Reading image header(readHeader16E)...
2023-01-20 23:17:28,494 - root - INFO - Image header was read:
2023-01-20 23:17:28,494 - root - INFO - Width: 46, Height: 21, RowLength: 92
2023-01-20 23:17:28,494 - root - INFO - datalength: 1042, _step: 2
2023-01-20 23:17:28,494 - root - INFO - BPP: 16, Transparency: False
2023-01-20 23:17:28,494 - root - INFO - Resource 23 offset: 255679, length: 1070...
2023-01-20 23:17:28,494 - root - DEBUG - Reading resource 23...
2023-01-20 23:17:28,494 - root - INFO - The image is bme.
2023-01-20 23:17:28,497 - root - INFO - Reading image header(readHeader16E)...
2023-01-20 23:17:28,497 - root - INFO - Image header was read:
2023-01-20 23:17:28,497 - root - INFO - Width: 46, Height: 21, RowLength: 92
2023-01-20 23:17:28,497 - root - INFO - datalength: 1054, _step: 2
2023-01-20 23:17:28,497 - root - INFO - BPP: 16, Transparency: False
2023-01-20 23:17:28,497 - root - INFO - Resource 24 offset: 256749, length: 292...
2023-01-20 23:17:28,497 - root - DEBUG - Reading resource 24...
2023-01-20 23:17:28,497 - root - INFO - The image is bme.
2023-01-20 23:17:28,497 - root - INFO - Reading image header(readHeader16E)...
2023-01-20 23:17:28,497 - root - INFO - Image header was read:
2023-01-20 23:17:28,497 - root - INFO - Width: 10, Height: 14, RowLength: 20
2023-01-20 23:17:28,497 - root - INFO - datalength: 276, _step: 2
2023-01-20 23:17:28,497 - root - INFO - BPP: 16, Transparency: False
2023-01-20 23:17:28,497 - root - INFO - Resource 25 offset: 257041, length: 174...
2023-01-20 23:17:28,497 - root - DEBUG - Reading resource 25...
2023-01-20 23:17:28,497 - root - INFO - The image is bme.
2023-01-20 23:17:28,497 - root - INFO - Reading image header(readHeader16E)...
2023-01-20 23:17:28,497 - root - INFO - Image header was read:
2023-01-20 23:17:28,497 - root - INFO - Width: 10, Height: 14, RowLength: 20
2023-01-20 23:17:28,497 - root - INFO - datalength: 158, _step: 2
2023-01-20 23:17:28,497 - root - INFO - BPP: 16, Transparency: False
2023-01-20 23:17:28,497 - root - INFO - Resource 26 offset: 257215, length: 222...
2023-01-20 23:17:28,497 - root - DEBUG - Reading resource 26...
2023-01-20 23:17:28,497 - root - INFO - The image is bme.
2023-01-20 23:17:28,497 - root - INFO - Reading image header(readHeader16E)...
2023-01-20 23:17:28,497 - root - INFO - Image header was read:
2023-01-20 23:17:28,497 - root - INFO - Width: 10, Height: 14, RowLength: 20
2023-01-20 23:17:28,497 - root - INFO - datalength: 206, _step: 2
2023-01-20 23:17:28,497 - root - INFO - BPP: 16, Transparency: False
2023-01-20 23:17:28,497 - root - INFO - Resource 27 offset: 257437, length: 252...
2023-01-20 23:17:28,497 - root - DEBUG - Reading resource 27...
2023-01-20 23:17:28,497 - root - INFO - The image is bme.
2023-01-20 23:17:28,497 - root - INFO - Reading image header(readHeader16E)...
2023-01-20 23:17:28,497 - root - INFO - Image header was read:
2023-01-20 23:17:28,497 - root - INFO - Width: 10, Height: 14, RowLength: 20
2023-01-20 23:17:28,497 - root - INFO - datalength: 236, _step: 2
2023-01-20 23:17:28,497 - root - INFO - BPP: 16, Transparency: False
2023-01-20 23:17:28,497 - root - INFO - Resource 28 offset: 257689, length: 226...
2023-01-20 23:17:28,497 - root - DEBUG - Reading resource 28...
2023-01-20 23:17:28,497 - root - INFO - The image is bme.
2023-01-20 23:17:28,497 - root - INFO - Reading image header(readHeader16E)...
2023-01-20 23:17:28,497 - root - INFO - Image header was read:
2023-01-20 23:17:28,497 - root - INFO - Width: 10, Height: 14, RowLength: 20
2023-01-20 23:17:28,497 - root - INFO - datalength: 210, _step: 2
2023-01-20 23:17:28,497 - root - INFO - BPP: 16, Transparency: False
2023-01-20 23:17:28,504 - root - INFO - Resource 29 offset: 257915, length: 238...
2023-01-20 23:17:28,504 - root - DEBUG - Reading resource 29...
2023-01-20 23:17:28,504 - root - INFO - The image is bme.
2023-01-20 23:17:28,504 - root - INFO - Reading image header(readHeader16E)...
2023-01-20 23:17:28,504 - root - INFO - Image header was read:
2023-01-20 23:17:28,504 - root - INFO - Width: 10, Height: 14, RowLength: 20
2023-01-20 23:17:28,504 - root - INFO - datalength: 222, _step: 2
2023-01-20 23:17:28,504 - root - INFO - BPP: 16, Transparency: False
2023-01-20 23:17:28,504 - root - INFO - Resource 30 offset: 258153, length: 250...
2023-01-20 23:17:28,504 - root - DEBUG - Reading resource 30...
2023-01-20 23:17:28,504 - root - INFO - The image is bme.
2023-01-20 23:17:28,504 - root - INFO - Reading image header(readHeader16E)...
2023-01-20 23:17:28,504 - root - INFO - Image header was read:
2023-01-20 23:17:28,504 - root - INFO - Width: 10, Height: 14, RowLength: 20
2023-01-20 23:17:28,504 - root - INFO - datalength: 234, _step: 2
2023-01-20 23:17:28,504 - root - INFO - BPP: 16, Transparency: False
2023-01-20 23:17:28,504 - root - INFO - Resource 31 offset: 258403, length: 174...
2023-01-20 23:17:28,504 - root - DEBUG - Reading resource 31...
2023-01-20 23:17:28,504 - root - INFO - The image is bme.
2023-01-20 23:17:28,504 - root - INFO - Reading image header(readHeader16E)...
2023-01-20 23:17:28,504 - root - INFO - Image header was read:
2023-01-20 23:17:28,504 - root - INFO - Width: 10, Height: 14, RowLength: 20
2023-01-20 23:17:28,504 - root - INFO - datalength: 158, _step: 2
2023-01-20 23:17:28,504 - root - INFO - BPP: 16, Transparency: False
2023-01-20 23:17:28,504 - root - INFO - Resource 32 offset: 258577, length: 290...
2023-01-20 23:17:28,504 - root - DEBUG - Reading resource 32...
2023-01-20 23:17:28,504 - root - INFO - The image is bme.
2023-01-20 23:17:28,504 - root - INFO - Reading image header(readHeader16E)...
2023-01-20 23:17:28,504 - root - INFO - Image header was read:
2023-01-20 23:17:28,504 - root - INFO - Width: 10, Height: 14, RowLength: 20
2023-01-20 23:17:28,504 - root - INFO - datalength: 274, _step: 2
2023-01-20 23:17:28,504 - root - INFO - BPP: 16, Transparency: False
2023-01-20 23:17:28,504 - root - INFO - Resource 33 offset: 258867, length: 242...
2023-01-20 23:17:28,504 - root - DEBUG - Reading resource 33...
2023-01-20 23:17:28,504 - root - INFO - The image is bme.
2023-01-20 23:17:28,504 - root - INFO - Reading image header(readHeader16E)...
2023-01-20 23:17:28,504 - root - INFO - Image header was read:
2023-01-20 23:17:28,504 - root - INFO - Width: 10, Height: 14, RowLength: 20
2023-01-20 23:17:28,504 - root - INFO - datalength: 226, _step: 2
2023-01-20 23:17:28,504 - root - INFO - BPP: 16, Transparency: False
2023-01-20 23:17:28,504 - root - INFO - Resource 34 offset: 259109, length: 80...
2023-01-20 23:17:28,504 - root - DEBUG - Reading resource 34...
2023-01-20 23:17:28,504 - root - INFO - The image is bme.
2023-01-20 23:17:28,504 - root - INFO - Reading image header(readHeader16E)...
2023-01-20 23:17:28,504 - root - INFO - Image header was read:
2023-01-20 23:17:28,504 - root - INFO - Width: 30, Height: 14, RowLength: 60
2023-01-20 23:17:28,504 - root - INFO - datalength: 64, _step: 2
2023-01-20 23:17:28,504 - root - INFO - BPP: 16, Transparency: False
2023-01-20 23:17:28,504 - root - INFO - Resource 35 offset: 259189, length: 2464...
2023-01-20 23:17:28,504 - root - DEBUG - Reading resource 35...
2023-01-20 23:17:28,504 - root - INFO - The image is bmc.
2023-01-20 23:17:28,504 - root - INFO - Reading image header(readHeader16C)...
2023-01-20 23:17:28,504 - root - INFO - Image header was read:
2023-01-20 23:17:28,504 - root - INFO - Width: 12, Height: 68, RowLength: 36
2023-01-20 23:17:28,504 - root - INFO - _step: 3, unknown2: 0,
2023-01-20 23:17:28,504 - root - INFO - BPP: 24, Transparency: False
2023-01-20 23:17:28,514 - root - INFO - Resource 36 offset: 261653, length: 21616...
2023-01-20 23:17:28,514 - root - DEBUG - Reading resource 36...
2023-01-20 23:17:28,514 - root - INFO - The image is bmc.
2023-01-20 23:17:28,514 - root - INFO - Reading image header(readHeader16C)...
2023-01-20 23:17:28,514 - root - INFO - Image header was read:
2023-01-20 23:17:28,514 - root - INFO - Width: 30, Height: 240, RowLength: 90
2023-01-20 23:17:28,514 - root - INFO - _step: 3, unknown2: 0,
2023-01-20 23:17:28,514 - root - INFO - BPP: 24, Transparency: False
2023-01-20 23:17:28,554 - root - INFO - Resource 37 offset: 283269, length: 21616...
2023-01-20 23:17:28,554 - root - DEBUG - Reading resource 37...
2023-01-20 23:17:28,554 - root - INFO - The image is bmc.
2023-01-20 23:17:28,554 - root - INFO - Reading image header(readHeader16C)...
2023-01-20 23:17:28,554 - root - INFO - Image header was read:
2023-01-20 23:17:28,554 - root - INFO - Width: 30, Height: 240, RowLength: 90
2023-01-20 23:17:28,554 - root - INFO - _step: 3, unknown2: 0,
2023-01-20 23:17:28,554 - root - INFO - BPP: 24, Transparency: False
2023-01-20 23:17:28,594 - root - INFO - Resource 38 offset: 304885, length: 21616...
2023-01-20 23:17:28,594 - root - DEBUG - Reading resource 38...
2023-01-20 23:17:28,594 - root - INFO - The image is bmc.
2023-01-20 23:17:28,594 - root - INFO - Reading image header(readHeader16C)...
2023-01-20 23:17:28,594 - root - INFO - Image header was read:
2023-01-20 23:17:28,594 - root - INFO - Width: 30, Height: 240, RowLength: 90
2023-01-20 23:17:28,594 - root - INFO - _step: 3, unknown2: 0,
2023-01-20 23:17:28,594 - root - INFO - BPP: 24, Transparency: False
2023-01-20 23:17:28,634 - root - DEBUG - Parsing parameters...
2023-01-20 23:17:28,729 - root - DEBUG - 0 Value: None
2023-01-20 23:17:28,729 - root - DEBUG - 0.1 Value: 71
2023-01-20 23:17:28,729 - root - DEBUG - 2 Value: None
2023-01-20 23:17:28,729 - root - DEBUG - 2.1 Value: None
2023-01-20 23:17:28,729 - root - DEBUG - 2.1.1 Value: 0
2023-01-20 23:17:28,729 - root - DEBUG - 2.1.2 Value: 0
2023-01-20 23:17:28,729 - root - DEBUG - 2.1.3 Value: 2
2023-01-20 23:17:28,729 - root - DEBUG - 2.3 Value: None
2023-01-20 23:17:28,729 - root - DEBUG - 2.3.1 Value: 0
2023-01-20 23:17:28,729 - root - DEBUG - 2.3.2 Value: 0
2023-01-20 23:17:28,729 - root - DEBUG - 2.3.3 Value: 0
2023-01-20 23:17:28,729 - root - DEBUG - 2.4 Value: None
2023-01-20 23:17:28,729 - root - DEBUG - 2.4.1 Value: 0
2023-01-20 23:17:28,729 - root - DEBUG - 2.4.2 Value: 0
2023-01-20 23:17:28,729 - root - DEBUG - 2.4.3 Value: 1
2023-01-20 23:17:28,729 - root - DEBUG - 2.5 Value: None
2023-01-20 23:17:28,729 - root - DEBUG - 2.5.1 Value: 0
2023-01-20 23:17:28,729 - root - DEBUG - 2.5.2 Value: 0
2023-01-20 23:17:28,729 - root - DEBUG - 2.5.3 Value: 1
2023-01-20 23:17:28,729 - root - DEBUG - 4 Value: None
2023-01-20 23:17:28,729 - root - DEBUG - 4.4 Value: None
2023-01-20 23:17:28,729 - root - DEBUG - 4.4.1 Value: None
2023-01-20 23:17:28,729 - root - DEBUG - 4.4.1.1 Value: 105
2023-01-20 23:17:28,729 - root - DEBUG - 4.4.1.2 Value: 180
2023-01-20 23:17:28,729 - root - DEBUG - 4.4.1.3 Value: 135
2023-01-20 23:17:28,729 - root - DEBUG - 4.4.1.4 Value: 194
2023-01-20 23:17:28,729 - root - DEBUG - 4.4.1.5 Value: 24
2023-01-20 23:17:28,729 - root - DEBUG - 4.4.1.6 Value: 0
2023-01-20 23:17:28,729 - root - DEBUG - 4.4.1.7 Value: 0
2023-01-20 23:17:28,729 - root - DEBUG - 4.4.1.8 Value: 24
2023-01-20 23:17:28,729 - root - DEBUG - 4.4.1.9 Value: 10
2023-01-20 23:17:28,729 - root - DEBUG - 4.4.3 Value: 34
2023-01-20 23:17:28,729 - root - DEBUG - 4.7 Value: 0
2023-01-20 23:17:28,729 - root - DEBUG - 5 Value: None
2023-01-20 23:17:28,729 - root - DEBUG - 5.1 Value: None
2023-01-20 23:17:28,729 - root - DEBUG - 5.1.4 Value: 1
2023-01-20 23:17:28,729 - root - DEBUG - 5.1.5 Value: 1
2023-01-20 23:17:28,729 - root - DEBUG - 5.1.6 Value: 0
2023-01-20 23:17:28,734 - root - DEBUG - 5.4 Value: None
2023-01-20 23:17:28,734 - root - DEBUG - 5.4.1 Value: 97
2023-01-20 23:17:28,734 - root - DEBUG - 5.4.2 Value: 62
2023-01-20 23:17:28,734 - root - DEBUG - 5.4.3 Value: 3
2023-01-20 23:17:28,734 - root - DEBUG - 5.4.4 Value: 7
2023-01-20 23:17:28,734 - root - DEBUG - 5.5 Value: None
2023-01-20 23:17:28,734 - root - DEBUG - 5.5.1 Value: 97
2023-01-20 23:17:28,734 - root - DEBUG - 5.5.2 Value: 62
2023-01-20 23:17:28,734 - root - DEBUG - 5.5.3 Value: 17
2023-01-20 23:17:28,734 - root - DEBUG - 5.5.4 Value: 7
2023-01-20 23:17:28,734 - root - DEBUG - 5.6 Value: None
2023-01-20 23:17:28,734 - root - DEBUG - 5.6.1 Value: 97
2023-01-20 23:17:28,734 - root - DEBUG - 5.6.2 Value: 62
2023-01-20 23:17:28,736 - root - DEBUG - 5.6.3 Value: 10
2023-01-20 23:17:28,736 - root - DEBUG - 5.6.4 Value: 7
2023-01-20 23:17:28,736 - root - DEBUG - 12 Value: None
2023-01-20 23:17:28,736 - root - DEBUG - 12.6 Value: None
2023-01-20 23:17:28,736 - root - DEBUG - 12.6.1 Value: None
2023-01-20 23:17:28,736 - root - DEBUG - 12.6.1.1 Value: 120
2023-01-20 23:17:28,736 - root - DEBUG - 12.6.1.2 Value: 194
2023-01-20 23:17:28,736 - root - DEBUG - 12.6.1.3 Value: 4294967166
2023-01-20 23:17:28,736 - root - DEBUG - 12.6.1.4 Value: 130
2023-01-20 23:17:28,736 - root - DEBUG - 12.6.1.5 Value: 35
2023-01-20 23:17:28,736 - root - DEBUG - 12.6.1.6 Value: 34
2023-01-20 23:17:28,736 - root - DEBUG - 20 Value: None
2023-01-20 23:17:28,736 - root - DEBUG - 20.2 Value: None
2023-01-20 23:17:28,736 - root - DEBUG - 20.2.1 Value: 120
2023-01-20 23:17:28,736 - root - DEBUG - 20.2.2 Value: 140
2023-01-20 23:17:28,736 - root - DEBUG - 20.3 Value: None
2023-01-20 23:17:28,736 - root - DEBUG - 20.3.1 Value: 36
2023-01-20 23:17:28,736 - root - DEBUG - 20.3.2 Value: 120
2023-01-20 23:17:28,736 - root - DEBUG - 20.4 Value: None
2023-01-20 23:17:28,736 - root - DEBUG - 20.4.1 Value: 38
2023-01-20 23:17:28,736 - root - DEBUG - 20.4.2 Value: 120
2023-01-20 23:17:28,736 - root - DEBUG - 20.5 Value: None
2023-01-20 23:17:28,736 - root - DEBUG - 20.5.1 Value: 37
2023-01-20 23:17:28,736 - root - DEBUG - 20.5.2 Value: 120
2023-01-20 23:17:28,736 - root - DEBUG - 0-Info
2023-01-20 23:17:28,736 - root - DEBUG - 0.1-DeviceId
2023-01-20 23:17:28,736 - root - DEBUG - 2-Background
2023-01-20 23:17:28,736 - root - DEBUG - 2.1-Image
2023-01-20 23:17:28,736 - root - DEBUG - 2.1.1-X
2023-01-20 23:17:28,736 - root - DEBUG - 2.1.2-Y
2023-01-20 23:17:28,736 - root - DEBUG - 2.1.3-ImageIndex
2023-01-20 23:17:28,736 - root - DEBUG - 2.3-Preview
2023-01-20 23:17:28,736 - root - DEBUG - 2.3.1-X
2023-01-20 23:17:28,736 - root - DEBUG - 2.3.2-Y
2023-01-20 23:17:28,736 - root - DEBUG - 2.3.3-ImageIndex
2023-01-20 23:17:28,736 - root - DEBUG - 2.4-PreviewTradChinese
2023-01-20 23:17:28,736 - root - DEBUG - 2.4.1-X
2023-01-20 23:17:28,736 - root - DEBUG - 2.4.2-Y
2023-01-20 23:17:28,736 - root - DEBUG - 2.4.3-ImageIndex
2023-01-20 23:17:28,736 - root - DEBUG - 2.5-PreviewChinese
2023-01-20 23:17:28,736 - root - DEBUG - 2.5.1-X
2023-01-20 23:17:28,736 - root - DEBUG - 2.5.2-Y
2023-01-20 23:17:28,736 - root - DEBUG - 2.5.3-ImageIndex
2023-01-20 23:17:28,736 - root - DEBUG - 4-Activity
2023-01-20 23:17:28,736 - root - DEBUG - 4.4-HeartRate
2023-01-20 23:17:28,736 - root - DEBUG - 4.4.1-ImageNumber
2023-01-20 23:17:28,736 - root - DEBUG - 4.4.1.1-TopLeftX
2023-01-20 23:17:28,736 - root - DEBUG - 4.4.1.2-TopLeftY
2023-01-20 23:17:28,736 - root - DEBUG - 4.4.1.3-BottomRightX
2023-01-20 23:17:28,736 - root - DEBUG - 4.4.1.4-BottomRightY
2023-01-20 23:17:28,736 - root - DEBUG - 4.4.1.5-Alignment
2023-01-20 23:17:28,736 - root - DEBUG - 4.4.1.6-Spacing
2023-01-20 23:17:28,736 - root - DEBUG - 4.4.1.7-VerticalOffset
2023-01-20 23:17:28,736 - root - DEBUG - 4.4.1.8-ImageIndex
2023-01-20 23:17:28,736 - root - DEBUG - 4.4.1.9-ImagesCount
2023-01-20 23:17:28,736 - root - DEBUG - 4.4.3-NoDataImageIndex
2023-01-20 23:17:28,736 - root - DEBUG - 4.7-UnknownLongValue7
2023-01-20 23:17:28,745 - root - DEBUG - 5-DateBlock
2023-01-20 23:17:28,745 - root - DEBUG - 5.1-Date
2023-01-20 23:17:28,745 - root - DEBUG - 5.1.4-PaddingZeroMonth
2023-01-20 23:17:28,745 - root - DEBUG - 5.1.5-PaddingZeroDay
2023-01-20 23:17:28,745 - root - DEBUG - 5.1.6-UnknownBoolean6
2023-01-20 23:17:28,745 - root - DEBUG - 5.4-Weekday
2023-01-20 23:17:28,745 - root - DEBUG - 5.4.1-X
2023-01-20 23:17:28,745 - root - DEBUG - 5.4.2-Y
2023-01-20 23:17:28,745 - root - DEBUG - 5.4.3-ImageIndex
2023-01-20 23:17:28,745 - root - DEBUG - 5.4.4-ImagesCount
2023-01-20 23:17:28,745 - root - DEBUG - 5.5-WeekdayChinese
2023-01-20 23:17:28,745 - root - DEBUG - 5.5.1-X
2023-01-20 23:17:28,745 - root - DEBUG - 5.5.2-Y
2023-01-20 23:17:28,745 - root - DEBUG - 5.5.3-ImageIndex
2023-01-20 23:17:28,745 - root - DEBUG - 5.5.4-ImagesCount
2023-01-20 23:17:28,745 - root - DEBUG - 5.6-WeekdayTradChinese
2023-01-20 23:17:28,745 - root - DEBUG - 5.6.1-X
2023-01-20 23:17:28,745 - root - DEBUG - 5.6.2-Y
2023-01-20 23:17:28,745 - root - DEBUG - 5.6.3-ImageIndex
2023-01-20 23:17:28,745 - root - DEBUG - 5.6.4-ImagesCount
2023-01-20 23:17:28,745 - root - DEBUG - 12-HeartProgress
2023-01-20 23:17:28,745 - root - DEBUG - 12.6-Scale
2023-01-20 23:17:28,745 - root - DEBUG - 12.6.1-PointerScale
2023-01-20 23:17:28,745 - root - DEBUG - 12.6.1.1-CenterX
2023-01-20 23:17:28,745 - root - DEBUG - 12.6.1.2-CenterY
2023-01-20 23:17:28,745 - root - DEBUG - 12.6.1.3-RangeFrom
2023-01-20 23:17:28,745 - root - DEBUG - 12.6.1.4-RangeTo
2023-01-20 23:17:28,745 - root - DEBUG - 12.6.1.5-PointerImageIndex
2023-01-20 23:17:28,745 - root - DEBUG - 12.6.1.6-PointerCenterOfRotationY
2023-01-20 23:17:28,745 - root - DEBUG - 20-TimeAnalog
2023-01-20 23:17:28,745 - root - DEBUG - 20.2-CommonCenterCoordinates
2023-01-20 23:17:28,745 - root - DEBUG - 20.2.1-X
2023-01-20 23:17:28,745 - root - DEBUG - 20.2.2-Y
2023-01-20 23:17:28,745 - root - DEBUG - 20.3-Hours
2023-01-20 23:17:28,749 - root - DEBUG - 20.3.1-ImageIndex
2023-01-20 23:17:28,749 - root - DEBUG - 20.3.2-PointerCenterOfRotationY
2023-01-20 23:17:28,749 - root - DEBUG - 20.4-Minutes
2023-01-20 23:17:28,749 - root - DEBUG - 20.4.1-ImageIndex
2023-01-20 23:17:28,749 - root - DEBUG - 20.4.2-PointerCenterOfRotationY
2023-01-20 23:17:28,749 - root - DEBUG - 20.5-Seconds
2023-01-20 23:17:28,749 - root - DEBUG - 20.5.1-ImageIndex
2023-01-20 23:17:28,749 - root - DEBUG - 20.5.2-PointerCenterOfRotationY
2023-01-20 23:17:28,749 - root - DEBUG - generatePreviews
2023-01-20 23:17:28,749 - root - DEBUG - Generating previews...
2023-01-20 23:17:28,752 - root - DEBUG - Generating states done...
2023-01-20 23:17:28,759 - root - DEBUG - >>>>>>>>>>>> 0 <watchFaceParser.models.parameter.Parameter object at 0x00000115AFB3E280>
2023-01-20 23:17:28,759 - root - DEBUG - >>>>>>>>>>>> 2 <watchFaceParser.models.parameter.Parameter object at 0x00000115AFB365E0>
2023-01-20 23:17:28,768 - root - DEBUG - >>>>>>>>>>>> 4 <watchFaceParser.models.parameter.Parameter object at 0x00000115AFB3B160>
2023-01-20 23:17:28,779 - root - DEBUG - >>>>>>>>>>>> 5 <watchFaceParser.models.parameter.Parameter object at 0x00000115AFB3BF40>
2023-01-20 23:17:28,794 - root - DEBUG - >>>>>>>>>>>> 12 <watchFaceParser.models.parameter.Parameter object at 0x00000115AFB3C610>
2023-01-20 23:17:28,804 - root - DEBUG - >>>>>>>>>>>> 20 <watchFaceParser.models.parameter.Parameter object at 0x00000115AFB3CD00>
2023-01-20 23:17:28,849 - root - DEBUG - Generating static preview gen done...
2023-01-20 23:17:28,897 - root - DEBUG - Generating static preview save done...
2023-01-20 23:17:28,897 - root - DEBUG - Generating anim preview gen done...
2023-01-20 23:17:28,897 - root - DEBUG - >>>>>>>>>>>> 0 <watchFaceParser.models.parameter.Parameter object at 0x00000115AFB3E280>
2023-01-20 23:17:28,897 - root - DEBUG - >>>>>>>>>>>> 2 <watchFaceParser.models.parameter.Parameter object at 0x00000115AFB365E0>
2023-01-20 23:17:28,897 - root - DEBUG - >>>>>>>>>>>> 4 <watchFaceParser.models.parameter.Parameter object at 0x00000115AFB3B160>
2023-01-20 23:17:28,897 - root - DEBUG - >>>>>>>>>>>> 5 <watchFaceParser.models.parameter.Parameter object at 0x00000115AFB3BF40>
2023-01-20 23:17:28,897 - root - DEBUG - >>>>>>>>>>>> 12 <watchFaceParser.models.parameter.Parameter object at 0x00000115AFB3C610>
2023-01-20 23:17:28,897 - root - DEBUG - >>>>>>>>>>>> 20 <watchFaceParser.models.parameter.Parameter object at 0x00000115AFB3CD00>
2023-01-20 23:17:29,414 - root - DEBUG - generatePreviews done
2023-01-20 23:17:29,414 - root - DEBUG - Exporting resources to 'E:\Codez\zepp-bip3-wf\859cd15f139cb32cd15a215b1ae53d88'
2023-01-20 23:17:29,414 - root - DEBUG - extracting E:\Codez\zepp-bip3-wf\859cd15f139cb32cd15a215b1ae53d88\0000.png...
2023-01-20 23:17:29,424 - root - DEBUG - extracting E:\Codez\zepp-bip3-wf\859cd15f139cb32cd15a215b1ae53d88\0001.png...
2023-01-20 23:17:29,424 - root - DEBUG - extracting E:\Codez\zepp-bip3-wf\859cd15f139cb32cd15a215b1ae53d88\0002.png...
2023-01-20 23:17:29,434 - root - DEBUG - extracting E:\Codez\zepp-bip3-wf\859cd15f139cb32cd15a215b1ae53d88\0003.png...
2023-01-20 23:17:29,440 - root - DEBUG - extracting E:\Codez\zepp-bip3-wf\859cd15f139cb32cd15a215b1ae53d88\0004.png...
2023-01-20 23:17:29,440 - root - DEBUG - extracting E:\Codez\zepp-bip3-wf\859cd15f139cb32cd15a215b1ae53d88\0005.png...
2023-01-20 23:17:29,440 - root - DEBUG - extracting E:\Codez\zepp-bip3-wf\859cd15f139cb32cd15a215b1ae53d88\0006.png...
2023-01-20 23:17:29,444 - root - DEBUG - extracting E:\Codez\zepp-bip3-wf\859cd15f139cb32cd15a215b1ae53d88\0007.png...
2023-01-20 23:17:29,444 - root - DEBUG - extracting E:\Codez\zepp-bip3-wf\859cd15f139cb32cd15a215b1ae53d88\0008.png...
2023-01-20 23:17:29,444 - root - DEBUG - extracting E:\Codez\zepp-bip3-wf\859cd15f139cb32cd15a215b1ae53d88\0009.png...
2023-01-20 23:17:29,444 - root - DEBUG - extracting E:\Codez\zepp-bip3-wf\859cd15f139cb32cd15a215b1ae53d88\0010.png...
2023-01-20 23:17:29,444 - root - DEBUG - extracting E:\Codez\zepp-bip3-wf\859cd15f139cb32cd15a215b1ae53d88\0011.png...
2023-01-20 23:17:29,444 - root - DEBUG - extracting E:\Codez\zepp-bip3-wf\859cd15f139cb32cd15a215b1ae53d88\0012.png...
2023-01-20 23:17:29,444 - root - DEBUG - extracting E:\Codez\zepp-bip3-wf\859cd15f139cb32cd15a215b1ae53d88\0013.png...
2023-01-20 23:17:29,444 - root - DEBUG - extracting E:\Codez\zepp-bip3-wf\859cd15f139cb32cd15a215b1ae53d88\0014.png...
2023-01-20 23:17:29,444 - root - DEBUG - extracting E:\Codez\zepp-bip3-wf\859cd15f139cb32cd15a215b1ae53d88\0015.png...
2023-01-20 23:17:29,444 - root - DEBUG - extracting E:\Codez\zepp-bip3-wf\859cd15f139cb32cd15a215b1ae53d88\0016.png...
2023-01-20 23:17:29,444 - root - DEBUG - extracting E:\Codez\zepp-bip3-wf\859cd15f139cb32cd15a215b1ae53d88\0017.png...
2023-01-20 23:17:29,454 - root - DEBUG - extracting E:\Codez\zepp-bip3-wf\859cd15f139cb32cd15a215b1ae53d88\0018.png...
2023-01-20 23:17:29,454 - root - DEBUG - extracting E:\Codez\zepp-bip3-wf\859cd15f139cb32cd15a215b1ae53d88\0019.png...
2023-01-20 23:17:29,456 - root - DEBUG - extracting E:\Codez\zepp-bip3-wf\859cd15f139cb32cd15a215b1ae53d88\0020.png...
2023-01-20 23:17:29,456 - root - DEBUG - extracting E:\Codez\zepp-bip3-wf\859cd15f139cb32cd15a215b1ae53d88\0021.png...
2023-01-20 23:17:29,456 - root - DEBUG - extracting E:\Codez\zepp-bip3-wf\859cd15f139cb32cd15a215b1ae53d88\0022.png...
2023-01-20 23:17:29,456 - root - DEBUG - extracting E:\Codez\zepp-bip3-wf\859cd15f139cb32cd15a215b1ae53d88\0023.png...
2023-01-20 23:17:29,456 - root - DEBUG - extracting E:\Codez\zepp-bip3-wf\859cd15f139cb32cd15a215b1ae53d88\0024.png...
2023-01-20 23:17:29,456 - root - DEBUG - extracting E:\Codez\zepp-bip3-wf\859cd15f139cb32cd15a215b1ae53d88\0025.png...
2023-01-20 23:17:29,456 - root - DEBUG - extracting E:\Codez\zepp-bip3-wf\859cd15f139cb32cd15a215b1ae53d88\0026.png...
2023-01-20 23:17:29,456 - root - DEBUG - extracting E:\Codez\zepp-bip3-wf\859cd15f139cb32cd15a215b1ae53d88\0027.png...
2023-01-20 23:17:29,456 - root - DEBUG - extracting E:\Codez\zepp-bip3-wf\859cd15f139cb32cd15a215b1ae53d88\0028.png...
2023-01-20 23:17:29,464 - root - DEBUG - extracting E:\Codez\zepp-bip3-wf\859cd15f139cb32cd15a215b1ae53d88\0029.png...
2023-01-20 23:17:29,464 - root - DEBUG - extracting E:\Codez\zepp-bip3-wf\859cd15f139cb32cd15a215b1ae53d88\0030.png...
2023-01-20 23:17:29,464 - root - DEBUG - extracting E:\Codez\zepp-bip3-wf\859cd15f139cb32cd15a215b1ae53d88\0031.png...
2023-01-20 23:17:29,464 - root - DEBUG - extracting E:\Codez\zepp-bip3-wf\859cd15f139cb32cd15a215b1ae53d88\0032.png...
2023-01-20 23:17:29,464 - root - DEBUG - extracting E:\Codez\zepp-bip3-wf\859cd15f139cb32cd15a215b1ae53d88\0033.png...
2023-01-20 23:17:29,464 - root - DEBUG - extracting E:\Codez\zepp-bip3-wf\859cd15f139cb32cd15a215b1ae53d88\0034.png...
2023-01-20 23:17:29,464 - root - DEBUG - extracting E:\Codez\zepp-bip3-wf\859cd15f139cb32cd15a215b1ae53d88\0035.png...
2023-01-20 23:17:29,464 - root - DEBUG - extracting E:\Codez\zepp-bip3-wf\859cd15f139cb32cd15a215b1ae53d88\0036.png...
2023-01-20 23:17:29,464 - root - DEBUG - extracting E:\Codez\zepp-bip3-wf\859cd15f139cb32cd15a215b1ae53d88\0037.png...
2023-01-20 23:17:29,472 - root - DEBUG - extracting E:\Codez\zepp-bip3-wf\859cd15f139cb32cd15a215b1ae53d88\0038.png...
2023-01-20 23:17:29,474 - root - DEBUG - Exporting config...
