2023-07-09 17:48:14,443 - root - DEBUG - Opening watch face 'E:\Codez\zepp-bip3-wf\44e16c287e7edaf8cbbc6248ce0ee3ec.bin'
2023-07-09 17:48:14,443 - root - DEBUG - Reading parameters...
2023-07-09 17:48:14,443 - root - INFO - Reading header...
2023-07-09 17:48:14,443 - root - INFO - Header was read:
2023-07-09 17:48:14,443 - root - INFO - Signature: b'UIHH\x01\x00\xff', Unknown: 99, ParametersSize: 54, isValid: True, deviceId: 71
2023-07-09 17:48:14,443 - root - INFO - Reading parameter offsets...
2023-07-09 17:48:14,443 - root - INFO - Parameter offsets were read from file
2023-07-09 17:48:14,443 - root - INFO - Reading parameters descriptor...
2023-07-09 17:48:14,443 - root - INFO - 1 ( A): 5 bytes
2023-07-09 17:48:14,443 - root - INFO -     1 ( 8): 301 12D
2023-07-09 17:48:14,443 - root - INFO -     2 (10): 78 4E
2023-07-09 17:48:14,443 - root - INFO - getParameters descriptor was read:
2023-07-09 17:48:14,443 - root - INFO - ParametersTableLength: 301, ImagesCount: 78
2023-07-09 17:48:14,443 - root - INFO - Reading parameters locations...
2023-07-09 17:48:14,443 - root - INFO - 2 (12): 4 bytes
2023-07-09 17:48:14,443 - root - INFO -     1 ( 8): 0  0
2023-07-09 17:48:14,459 - root - INFO -     2 (10): 16 10
2023-07-09 17:48:14,459 - root - INFO - 3 (1A): 4 bytes
2023-07-09 17:48:14,459 - root - INFO -     1 ( 8): 16 10
2023-07-09 17:48:14,459 - root - INFO -     2 (10): 99 63
2023-07-09 17:48:14,459 - root - INFO - 4 (22): 5 bytes
2023-07-09 17:48:14,459 - root - INFO -     1 ( 8): 168 A8
2023-07-09 17:48:14,459 - root - INFO -     2 (10): 84 54
2023-07-09 17:48:14,459 - root - INFO - 5 (2A): 4 bytes
2023-07-09 17:48:14,459 - root - INFO -     1 ( 8): 115 73
2023-07-09 17:48:14,459 - root - INFO -     2 (10): 53 35
2023-07-09 17:48:14,459 - root - INFO - 6 (32): 5 bytes
2023-07-09 17:48:14,459 - root - INFO -     1 ( 8): 252 FC
2023-07-09 17:48:14,459 - root - INFO -     2 (10): 28 1C
2023-07-09 17:48:14,459 - root - INFO - 9 (4A): 5 bytes
2023-07-09 17:48:14,459 - root - INFO -     1 ( 8): 280 118
2023-07-09 17:48:14,459 - root - INFO -     2 (10): 10  A
2023-07-09 17:48:14,459 - root - INFO - 23 (BA): 5 bytes
2023-07-09 17:48:14,459 - root - INFO -     1 ( 8): 290 122
2023-07-09 17:48:14,459 - root - INFO -     2 (10): 11  B
2023-07-09 17:48:14,459 - root - INFO - Watch face parameters locations were read:
2023-07-09 17:48:14,459 - root - INFO - Reading descriptor for parameter 2
2023-07-09 17:48:14,459 - root - INFO - Descriptor offset: 0, Descriptor length: 16
2023-07-09 17:48:14,459 - root - INFO - Parsing descriptor for parameter 2...
2023-07-09 17:48:14,459 - root - INFO - 1 ( A): 6 bytes
2023-07-09 17:48:14,459 - root - INFO -     1 ( 8): 0  0
2023-07-09 17:48:14,459 - root - INFO -     2 (10): 0  0
2023-07-09 17:48:14,459 - root - INFO -     3 (18): 1  1
2023-07-09 17:48:14,459 - root - INFO - 3 (1A): 6 bytes
2023-07-09 17:48:14,459 - root - INFO -     1 ( 8): 0  0
2023-07-09 17:48:14,459 - root - INFO -     2 (10): 0  0
2023-07-09 17:48:14,459 - root - INFO -     3 (18): 0  0
2023-07-09 17:48:14,459 - root - INFO - Reading descriptor for parameter 3
2023-07-09 17:48:14,459 - root - INFO - Descriptor offset: 16, Descriptor length: 99
2023-07-09 17:48:14,459 - root - INFO - Parsing descriptor for parameter 3...
2023-07-09 17:48:14,459 - root - INFO - 1 ( A): 73 bytes
2023-07-09 17:48:14,459 - root - INFO -     1 ( A): 20 bytes
2023-07-09 17:48:14,459 - root - INFO -         1 ( A): 8 bytes
2023-07-09 17:48:14,459 - root - INFO -             1 ( 8): 51 33
2023-07-09 17:48:14,459 - root - INFO -             2 (10): 117 75
2023-07-09 17:48:14,459 - root - INFO -             3 (18): 13  D
2023-07-09 17:48:14,459 - root - INFO -             4 (20): 10  A
2023-07-09 17:48:14,459 - root - INFO -         2 (12): 8 bytes
2023-07-09 17:48:14,459 - root - INFO -             1 ( 8): 84 54
2023-07-09 17:48:14,459 - root - INFO -             2 (10): 117 75
2023-07-09 17:48:14,459 - root - INFO -             3 (18): 13  D
2023-07-09 17:48:14,459 - root - INFO -             4 (20): 10  A
2023-07-09 17:48:14,459 - root - INFO -     2 (12): 21 bytes
2023-07-09 17:48:14,459 - root - INFO -         1 ( A): 8 bytes
2023-07-09 17:48:14,459 - root - INFO -             1 ( 8): 123 7B
2023-07-09 17:48:14,459 - root - INFO -             2 (10): 117 75
2023-07-09 17:48:14,459 - root - INFO -             3 (18): 23 17
2023-07-09 17:48:14,459 - root - INFO -             4 (20): 10  A
2023-07-09 17:48:14,459 - root - INFO -         2 (12): 9 bytes
2023-07-09 17:48:14,459 - root - INFO -             1 ( 8): 157 9D
2023-07-09 17:48:14,459 - root - INFO -             2 (10): 117 75
2023-07-09 17:48:14,459 - root - INFO -             3 (18): 23 17
2023-07-09 17:48:14,459 - root - INFO -             4 (20): 10  A
2023-07-09 17:48:14,459 - root - INFO -     3 (1A): 22 bytes
2023-07-09 17:48:14,459 - root - INFO -         1 ( A): 9 bytes
2023-07-09 17:48:14,459 - root - INFO -             1 ( 8): 208 D0
2023-07-09 17:48:14,459 - root - INFO -             2 (10): 117 75
2023-07-09 17:48:14,459 - root - INFO -             3 (18): 33 21
2023-07-09 17:48:14,459 - root - INFO -             4 (20): 10  A
2023-07-09 17:48:14,459 - root - INFO -         2 (12): 9 bytes
2023-07-09 17:48:14,459 - root - INFO -             1 ( 8): 218 DA
2023-07-09 17:48:14,459 - root - INFO -             2 (10): 117 75
2023-07-09 17:48:14,459 - root - INFO -             3 (18): 33 21
2023-07-09 17:48:14,459 - root - INFO -             4 (20): 10  A
2023-07-09 17:48:14,459 - root - INFO -     7 (38): 0  0
2023-07-09 17:48:14,459 - root - INFO -     8 (40): 1  1
2023-07-09 17:48:14,459 - root - INFO - 4 (22): 20 bytes
2023-07-09 17:48:14,459 - root - INFO -     1 ( 8): 160 A0
2023-07-09 17:48:14,459 - root - INFO -     2 (10): 77 4D
2023-07-09 17:48:14,459 - root - INFO -     3 (18): 205 CD
2023-07-09 17:48:14,459 - root - INFO -     4 (20): 89 59
2023-07-09 17:48:14,459 - root - INFO -     5 (28): 18 12
2023-07-09 17:48:14,459 - root - INFO -     6 (30): 0  0
2023-07-09 17:48:14,459 - root - INFO -     7 (38): 0  0
2023-07-09 17:48:14,459 - root - INFO -     8 (40): 2  2
2023-07-09 17:48:14,459 - root - INFO -     9 (48): 10  A
2023-07-09 17:48:14,459 - root - INFO - 5 (28): 12  C
2023-07-09 17:48:14,459 - root - INFO - Reading descriptor for parameter 4
2023-07-09 17:48:14,459 - root - INFO - Descriptor offset: 168, Descriptor length: 84
2023-07-09 17:48:14,459 - root - INFO - Parsing descriptor for parameter 4...
2023-07-09 17:48:14,459 - root - INFO - 1 ( A): 26 bytes
2023-07-09 17:48:14,459 - root - INFO -     1 ( A): 22 bytes
2023-07-09 17:48:14,459 - root - INFO -         1 ( 8): 128 80
2023-07-09 17:48:14,459 - root - INFO -         2 (10): 224 E0
2023-07-09 17:48:14,459 - root - INFO -         3 (18): 168 A8
2023-07-09 17:48:14,459 - root - INFO -         4 (20): 236 EC
2023-07-09 17:48:14,459 - root - INFO -         5 (28): 18 12
2023-07-09 17:48:14,459 - root - INFO -         6 (30): 0  0
2023-07-09 17:48:14,459 - root - INFO -         7 (38): 0  0
2023-07-09 17:48:14,459 - root - INFO -         8 (40): 2  2
2023-07-09 17:48:14,459 - root - INFO -         9 (48): 10  A
2023-07-09 17:48:14,459 - root - INFO -     3 (18): 53 35
2023-07-09 17:48:14,459 - root - INFO - 3 (1A): 24 bytes
2023-07-09 17:48:14,459 - root - INFO -     1 ( A): 20 bytes
2023-07-09 17:48:14,459 - root - INFO -         1 ( 8): 128 80
2023-07-09 17:48:14,459 - root - INFO -         2 (10): 22 16
2023-07-09 17:48:14,459 - root - INFO -         3 (18): 158 9E
2023-07-09 17:48:14,459 - root - INFO -         4 (20): 34 22
2023-07-09 17:48:14,459 - root - INFO -         5 (28): 18 12
2023-07-09 17:48:14,459 - root - INFO -         6 (30): 0  0
2023-07-09 17:48:14,475 - root - INFO -         7 (38): 0  0
2023-07-09 17:48:14,475 - root - INFO -         8 (40): 2  2
2023-07-09 17:48:14,475 - root - INFO -         9 (48): 10  A
2023-07-09 17:48:14,475 - root - INFO -     2 (10): 54 36
2023-07-09 17:48:14,475 - root - INFO - 4 (22): 26 bytes
2023-07-09 17:48:14,475 - root - INFO -     1 ( A): 20 bytes
2023-07-09 17:48:14,475 - root - INFO -         1 ( 8): 128 80
2023-07-09 17:48:14,475 - root - INFO -         2 (10): 45 2D
2023-07-09 17:48:14,475 - root - INFO -         3 (18): 148 94
2023-07-09 17:48:14,475 - root - INFO -         4 (20): 57 39
2023-07-09 17:48:14,475 - root - INFO -         5 (28): 18 12
2023-07-09 17:48:14,475 - root - INFO -         6 (30): 1  1
2023-07-09 17:48:14,475 - root - INFO -         7 (38): 0  0
2023-07-09 17:48:14,475 - root - INFO -         8 (40): 2  2
2023-07-09 17:48:14,475 - root - INFO -         9 (48): 10  A
2023-07-09 17:48:14,475 - root - INFO -     3 (18): 55 37
2023-07-09 17:48:14,475 - root - INFO -     4 (20): 56 38
2023-07-09 17:48:14,475 - root - INFO - 7 (38): 0  0
2023-07-09 17:48:14,475 - root - INFO - Reading descriptor for parameter 5
2023-07-09 17:48:14,475 - root - INFO - Descriptor offset: 115, Descriptor length: 53
2023-07-09 17:48:14,475 - root - INFO - Parsing descriptor for parameter 5...
2023-07-09 17:48:14,475 - root - INFO - 1 ( A): 30 bytes
2023-07-09 17:48:14,475 - root - INFO -     3 (1A): 22 bytes
2023-07-09 17:48:14,475 - root - INFO -         1 ( A): 18 bytes
2023-07-09 17:48:14,475 - root - INFO -             1 ( 8): 14  E
2023-07-09 17:48:14,475 - root - INFO -             2 (10): 77 4D
2023-07-09 17:48:14,475 - root - INFO -             3 (18): 102 66
2023-07-09 17:48:14,475 - root - INFO -             4 (20): 89 59
2023-07-09 17:48:14,475 - root - INFO -             5 (28): 18 12
2023-07-09 17:48:14,475 - root - INFO -             6 (30): 3  3
2023-07-09 17:48:14,475 - root - INFO -             7 (38): 0  0
2023-07-09 17:48:14,475 - root - INFO -             8 (40): 2  2
2023-07-09 17:48:14,475 - root - INFO -             9 (48): 10  A
2023-07-09 17:48:14,475 - root - INFO -         2 (10): 43 2B
2023-07-09 17:48:14,475 - root - INFO -     4 (20): 1  1
2023-07-09 17:48:14,475 - root - INFO -     5 (28): 1  1
2023-07-09 17:48:14,475 - root - INFO -     6 (30): 0  0
2023-07-09 17:48:14,475 - root - INFO - 2 (12): 8 bytes
2023-07-09 17:48:14,475 - root - INFO -     1 ( 8): 12  C
2023-07-09 17:48:14,475 - root - INFO -     2 (10): 117 75
2023-07-09 17:48:14,475 - root - INFO -     5 (28): 51 33
2023-07-09 17:48:14,475 - root - INFO -     6 (30): 52 34
2023-07-09 17:48:14,475 - root - INFO - 4 (22): 9 bytes
2023-07-09 17:48:14,475 - root - INFO -     1 ( 8): 16 10
2023-07-09 17:48:14,475 - root - INFO -     2 (10): 179 B3
2023-07-09 17:48:14,475 - root - INFO -     3 (18): 44 2C
2023-07-09 17:48:14,475 - root - INFO -     4 (20): 7  7
2023-07-09 17:48:14,475 - root - INFO - Reading descriptor for parameter 6
2023-07-09 17:48:14,475 - root - INFO - Descriptor offset: 252, Descriptor length: 28
2023-07-09 17:48:14,475 - root - INFO - Parsing descriptor for parameter 6...
2023-07-09 17:48:14,475 - root - INFO - 4 (22): 26 bytes
2023-07-09 17:48:14,475 - root - INFO -     1 ( A): 22 bytes
2023-07-09 17:48:14,475 - root - INFO -         1 ( 8): 128 80
2023-07-09 17:48:14,475 - root - INFO -         2 (10): 247 F7
2023-07-09 17:48:14,475 - root - INFO -         3 (18): 148 94
2023-07-09 17:48:14,475 - root - INFO -         4 (20): 259 103
2023-07-09 17:48:14,475 - root - INFO -         5 (28): 18 12
2023-07-09 17:48:14,475 - root - INFO -         6 (30): 0  0
2023-07-09 17:48:14,475 - root - INFO -         7 (38): 0  0
2023-07-09 17:48:14,475 - root - INFO -         8 (40): 2  2
2023-07-09 17:48:14,475 - root - INFO -         9 (48): 10  A
2023-07-09 17:48:14,475 - root - INFO -     2 (10): 57 39
2023-07-09 17:48:14,475 - root - INFO - Reading descriptor for parameter 9
2023-07-09 17:48:14,475 - root - INFO - Descriptor offset: 280, Descriptor length: 10
2023-07-09 17:48:14,475 - root - INFO - Parsing descriptor for parameter 9...
2023-07-09 17:48:14,475 - root - INFO - 2 (12): 8 bytes
2023-07-09 17:48:14,475 - root - INFO -     1 ( 8): 53 35
2023-07-09 17:48:14,475 - root - INFO -     2 (10): 20 14
2023-07-09 17:48:14,475 - root - INFO -     3 (18): 58 3A
2023-07-09 17:48:14,475 - root - INFO -     4 (20): 10  A
2023-07-09 17:48:14,475 - root - INFO - Reading descriptor for parameter 23
2023-07-09 17:48:14,475 - root - INFO - Descriptor offset: 290, Descriptor length: 11
2023-07-09 17:48:14,475 - root - INFO - Parsing descriptor for parameter 23...
2023-07-09 17:48:14,475 - root - INFO - 2 (12): 9 bytes
2023-07-09 17:48:14,475 - root - INFO -     1 ( 8): 53 35
2023-07-09 17:48:14,475 - root - INFO -     2 (10): 222 DE
2023-07-09 17:48:14,475 - root - INFO -     3 (18): 68 44
2023-07-09 17:48:14,475 - root - INFO -     4 (20): 10  A
2023-07-09 17:48:14,490 - root - INFO - Reading resources offsets table with 78 elements (312 bytes)
2023-07-09 17:48:14,490 - root - INFO - Resource 0 offset: 754, length: 51224...
2023-07-09 17:48:14,490 - root - DEBUG - Reading resource 0...
2023-07-09 17:48:14,537 - root - INFO - The image is bmc.
2023-07-09 17:48:14,537 - root - INFO - Reading image header(readHeader16C)...
2023-07-09 17:48:14,537 - root - INFO - Image header was read:
2023-07-09 17:48:14,537 - root - INFO - Width: 148, Height: 173, RowLength: 296
2023-07-09 17:48:14,537 - root - INFO - _step: 2, unknown2: 0,
2023-07-09 17:48:14,537 - root - INFO - BPP: 16, Transparency: False
2023-07-09 17:48:14,693 - root - INFO - Resource 1 offset: 51978, length: 133168...
2023-07-09 17:48:14,693 - root - DEBUG - Reading resource 1...
2023-07-09 17:48:14,693 - root - INFO - The image is bme.
2023-07-09 17:48:14,693 - root - INFO - Reading image header(readHeader16E)...
2023-07-09 17:48:14,693 - root - INFO - Image header was read:
2023-07-09 17:48:14,693 - root - INFO - Width: 240, Height: 280, RowLength: 480
2023-07-09 17:48:14,693 - root - INFO - datalength: 133152, _step: 2
2023-07-09 17:48:14,693 - root - INFO - BPP: 16, Transparency: False
2023-07-09 17:48:15,117 - root - INFO - Resource 2 offset: 185146, length: 286...
2023-07-09 17:48:15,117 - root - DEBUG - Reading resource 2...
2023-07-09 17:48:15,117 - root - INFO - The image is bme.
2023-07-09 17:48:15,117 - root - INFO - Reading image header(readHeader16E)...
2023-07-09 17:48:15,117 - root - INFO - Image header was read:
2023-07-09 17:48:15,117 - root - INFO - Width: 10, Height: 12, RowLength: 20
2023-07-09 17:48:15,117 - root - INFO - datalength: 270, _step: 2
2023-07-09 17:48:15,117 - root - INFO - BPP: 16, Transparency: False
2023-07-09 17:48:15,117 - root - INFO - Resource 3 offset: 185432, length: 148...
2023-07-09 17:48:15,117 - root - DEBUG - Reading resource 3...
2023-07-09 17:48:15,132 - root - INFO - The image is bme.
2023-07-09 17:48:15,132 - root - INFO - Reading image header(readHeader16E)...
2023-07-09 17:48:15,132 - root - INFO - Image header was read:
2023-07-09 17:48:15,132 - root - INFO - Width: 10, Height: 12, RowLength: 20
2023-07-09 17:48:15,132 - root - INFO - datalength: 132, _step: 2
2023-07-09 17:48:15,132 - root - INFO - BPP: 16, Transparency: False
2023-07-09 17:48:15,132 - root - INFO - Resource 4 offset: 185580, length: 256...
2023-07-09 17:48:15,132 - root - DEBUG - Reading resource 4...
2023-07-09 17:48:15,132 - root - INFO - The image is bme.
2023-07-09 17:48:15,132 - root - INFO - Reading image header(readHeader16E)...
2023-07-09 17:48:15,132 - root - INFO - Image header was read:
2023-07-09 17:48:15,132 - root - INFO - Width: 10, Height: 12, RowLength: 20
2023-07-09 17:48:15,132 - root - INFO - datalength: 240, _step: 2
2023-07-09 17:48:15,132 - root - INFO - BPP: 16, Transparency: False
2023-07-09 17:48:15,132 - root - INFO - Resource 5 offset: 185836, length: 244...
2023-07-09 17:48:15,132 - root - DEBUG - Reading resource 5...
2023-07-09 17:48:15,132 - root - INFO - The image is bme.
2023-07-09 17:48:15,132 - root - INFO - Reading image header(readHeader16E)...
2023-07-09 17:48:15,132 - root - INFO - Image header was read:
2023-07-09 17:48:15,132 - root - INFO - Width: 10, Height: 12, RowLength: 20
2023-07-09 17:48:15,132 - root - INFO - datalength: 228, _step: 2
2023-07-09 17:48:15,132 - root - INFO - BPP: 16, Transparency: False
2023-07-09 17:48:15,132 - root - INFO - Resource 6 offset: 186080, length: 232...
2023-07-09 17:48:15,132 - root - DEBUG - Reading resource 6...
2023-07-09 17:48:15,132 - root - INFO - The image is bme.
2023-07-09 17:48:15,132 - root - INFO - Reading image header(readHeader16E)...
2023-07-09 17:48:15,132 - root - INFO - Image header was read:
2023-07-09 17:48:15,132 - root - INFO - Width: 10, Height: 12, RowLength: 20
2023-07-09 17:48:15,132 - root - INFO - datalength: 216, _step: 2
2023-07-09 17:48:15,132 - root - INFO - BPP: 16, Transparency: False
2023-07-09 17:48:15,132 - root - INFO - Resource 7 offset: 186312, length: 258...
2023-07-09 17:48:15,132 - root - DEBUG - Reading resource 7...
2023-07-09 17:48:15,132 - root - INFO - The image is bme.
2023-07-09 17:48:15,132 - root - INFO - Reading image header(readHeader16E)...
2023-07-09 17:48:15,132 - root - INFO - Image header was read:
2023-07-09 17:48:15,132 - root - INFO - Width: 10, Height: 12, RowLength: 20
2023-07-09 17:48:15,132 - root - INFO - datalength: 242, _step: 2
2023-07-09 17:48:15,132 - root - INFO - BPP: 16, Transparency: False
2023-07-09 17:48:15,132 - root - INFO - Resource 8 offset: 186570, length: 278...
2023-07-09 17:48:15,132 - root - DEBUG - Reading resource 8...
2023-07-09 17:48:15,132 - root - INFO - The image is bme.
2023-07-09 17:48:15,132 - root - INFO - Reading image header(readHeader16E)...
2023-07-09 17:48:15,132 - root - INFO - Image header was read:
2023-07-09 17:48:15,132 - root - INFO - Width: 10, Height: 12, RowLength: 20
2023-07-09 17:48:15,132 - root - INFO - datalength: 262, _step: 2
2023-07-09 17:48:15,132 - root - INFO - BPP: 16, Transparency: False
2023-07-09 17:48:15,132 - root - INFO - Resource 9 offset: 186848, length: 194...
2023-07-09 17:48:15,132 - root - DEBUG - Reading resource 9...
2023-07-09 17:48:15,132 - root - INFO - The image is bme.
2023-07-09 17:48:15,132 - root - INFO - Reading image header(readHeader16E)...
2023-07-09 17:48:15,132 - root - INFO - Image header was read:
2023-07-09 17:48:15,132 - root - INFO - Width: 10, Height: 12, RowLength: 20
2023-07-09 17:48:15,132 - root - INFO - datalength: 178, _step: 2
2023-07-09 17:48:15,132 - root - INFO - BPP: 16, Transparency: False
2023-07-09 17:48:15,132 - root - INFO - Resource 10 offset: 187042, length: 276...
2023-07-09 17:48:15,132 - root - DEBUG - Reading resource 10...
2023-07-09 17:48:15,132 - root - INFO - The image is bme.
2023-07-09 17:48:15,132 - root - INFO - Reading image header(readHeader16E)...
2023-07-09 17:48:15,132 - root - INFO - Image header was read:
2023-07-09 17:48:15,132 - root - INFO - Width: 10, Height: 12, RowLength: 20
2023-07-09 17:48:15,132 - root - INFO - datalength: 260, _step: 2
2023-07-09 17:48:15,132 - root - INFO - BPP: 16, Transparency: False
2023-07-09 17:48:15,132 - root - INFO - Resource 11 offset: 187318, length: 258...
2023-07-09 17:48:15,132 - root - DEBUG - Reading resource 11...
2023-07-09 17:48:15,132 - root - INFO - The image is bme.
2023-07-09 17:48:15,132 - root - INFO - Reading image header(readHeader16E)...
2023-07-09 17:48:15,132 - root - INFO - Image header was read:
2023-07-09 17:48:15,132 - root - INFO - Width: 10, Height: 12, RowLength: 20
2023-07-09 17:48:15,132 - root - INFO - datalength: 242, _step: 2
2023-07-09 17:48:15,132 - root - INFO - BPP: 16, Transparency: False
2023-07-09 17:48:15,132 - root - INFO - Resource 12 offset: 187576, length: 88...
2023-07-09 17:48:15,132 - root - DEBUG - Reading resource 12...
2023-07-09 17:48:15,132 - root - INFO - The image is bme.
2023-07-09 17:48:15,132 - root - INFO - Reading image header(readHeader16E)...
2023-07-09 17:48:15,132 - root - INFO - Image header was read:
2023-07-09 17:48:15,132 - root - INFO - Width: 5, Height: 12, RowLength: 10
2023-07-09 17:48:15,132 - root - INFO - datalength: 72, _step: 2
2023-07-09 17:48:15,132 - root - INFO - BPP: 16, Transparency: False
2023-07-09 17:48:15,132 - root - INFO - Resource 13 offset: 187664, length: 1872...
2023-07-09 17:48:15,132 - root - DEBUG - Reading resource 13...
2023-07-09 17:48:15,132 - root - INFO - The image is bme.
2023-07-09 17:48:15,132 - root - INFO - Reading image header(readHeader16E)...
2023-07-09 17:48:15,132 - root - INFO - Image header was read:
2023-07-09 17:48:15,132 - root - INFO - Width: 33, Height: 46, RowLength: 66
2023-07-09 17:48:15,132 - root - INFO - datalength: 1856, _step: 2
2023-07-09 17:48:15,132 - root - INFO - BPP: 16, Transparency: False
2023-07-09 17:48:15,148 - root - INFO - Resource 14 offset: 189536, length: 994...
2023-07-09 17:48:15,148 - root - DEBUG - Reading resource 14...
2023-07-09 17:48:15,148 - root - INFO - The image is bme.
2023-07-09 17:48:15,148 - root - INFO - Reading image header(readHeader16E)...
2023-07-09 17:48:15,148 - root - INFO - Image header was read:
2023-07-09 17:48:15,148 - root - INFO - Width: 33, Height: 46, RowLength: 66
2023-07-09 17:48:15,148 - root - INFO - datalength: 978, _step: 2
2023-07-09 17:48:15,148 - root - INFO - BPP: 16, Transparency: False
2023-07-09 17:48:15,148 - root - INFO - Resource 15 offset: 190530, length: 1740...
2023-07-09 17:48:15,148 - root - DEBUG - Reading resource 15...
2023-07-09 17:48:15,148 - root - INFO - The image is bme.
2023-07-09 17:48:15,148 - root - INFO - Reading image header(readHeader16E)...
2023-07-09 17:48:15,148 - root - INFO - Image header was read:
2023-07-09 17:48:15,148 - root - INFO - Width: 33, Height: 46, RowLength: 66
2023-07-09 17:48:15,148 - root - INFO - datalength: 1724, _step: 2
2023-07-09 17:48:15,148 - root - INFO - BPP: 16, Transparency: False
2023-07-09 17:48:15,148 - root - INFO - Resource 16 offset: 192270, length: 1614...
2023-07-09 17:48:15,148 - root - DEBUG - Reading resource 16...
2023-07-09 17:48:15,148 - root - INFO - The image is bme.
2023-07-09 17:48:15,148 - root - INFO - Reading image header(readHeader16E)...
2023-07-09 17:48:15,148 - root - INFO - Image header was read:
2023-07-09 17:48:15,148 - root - INFO - Width: 33, Height: 46, RowLength: 66
2023-07-09 17:48:15,148 - root - INFO - datalength: 1598, _step: 2
2023-07-09 17:48:15,148 - root - INFO - BPP: 16, Transparency: False
2023-07-09 17:48:15,164 - root - INFO - Resource 17 offset: 193884, length: 1488...
2023-07-09 17:48:15,164 - root - DEBUG - Reading resource 17...
2023-07-09 17:48:15,164 - root - INFO - The image is bme.
2023-07-09 17:48:15,164 - root - INFO - Reading image header(readHeader16E)...
2023-07-09 17:48:15,164 - root - INFO - Image header was read:
2023-07-09 17:48:15,164 - root - INFO - Width: 33, Height: 46, RowLength: 66
2023-07-09 17:48:15,164 - root - INFO - datalength: 1472, _step: 2
2023-07-09 17:48:15,164 - root - INFO - BPP: 16, Transparency: False
2023-07-09 17:48:15,164 - root - INFO - Resource 18 offset: 195372, length: 1750...
2023-07-09 17:48:15,164 - root - DEBUG - Reading resource 18...
2023-07-09 17:48:15,164 - root - INFO - The image is bme.
2023-07-09 17:48:15,164 - root - INFO - Reading image header(readHeader16E)...
2023-07-09 17:48:15,164 - root - INFO - Image header was read:
2023-07-09 17:48:15,164 - root - INFO - Width: 33, Height: 46, RowLength: 66
2023-07-09 17:48:15,164 - root - INFO - datalength: 1734, _step: 2
2023-07-09 17:48:15,164 - root - INFO - BPP: 16, Transparency: False
2023-07-09 17:48:15,179 - root - INFO - Resource 19 offset: 197122, length: 1982...
2023-07-09 17:48:15,179 - root - DEBUG - Reading resource 19...
2023-07-09 17:48:15,179 - root - INFO - The image is bme.
2023-07-09 17:48:15,179 - root - INFO - Reading image header(readHeader16E)...
2023-07-09 17:48:15,179 - root - INFO - Image header was read:
2023-07-09 17:48:15,179 - root - INFO - Width: 33, Height: 46, RowLength: 66
2023-07-09 17:48:15,179 - root - INFO - datalength: 1966, _step: 2
2023-07-09 17:48:15,179 - root - INFO - BPP: 16, Transparency: False
2023-07-09 17:48:15,179 - root - INFO - Resource 20 offset: 199104, length: 1110...
2023-07-09 17:48:15,179 - root - DEBUG - Reading resource 20...
2023-07-09 17:48:15,179 - root - INFO - The image is bme.
2023-07-09 17:48:15,179 - root - INFO - Reading image header(readHeader16E)...
2023-07-09 17:48:15,179 - root - INFO - Image header was read:
2023-07-09 17:48:15,179 - root - INFO - Width: 33, Height: 46, RowLength: 66
2023-07-09 17:48:15,179 - root - INFO - datalength: 1094, _step: 2
2023-07-09 17:48:15,179 - root - INFO - BPP: 16, Transparency: False
2023-07-09 17:48:15,179 - root - INFO - Resource 21 offset: 200214, length: 2160...
2023-07-09 17:48:15,179 - root - DEBUG - Reading resource 21...
2023-07-09 17:48:15,179 - root - INFO - The image is bme.
2023-07-09 17:48:15,179 - root - INFO - Reading image header(readHeader16E)...
2023-07-09 17:48:15,179 - root - INFO - Image header was read:
2023-07-09 17:48:15,179 - root - INFO - Width: 33, Height: 46, RowLength: 66
2023-07-09 17:48:15,179 - root - INFO - datalength: 2144, _step: 2
2023-07-09 17:48:15,179 - root - INFO - BPP: 16, Transparency: False
2023-07-09 17:48:15,195 - root - INFO - Resource 22 offset: 202374, length: 1982...
2023-07-09 17:48:15,195 - root - DEBUG - Reading resource 22...
2023-07-09 17:48:15,195 - root - INFO - The image is bme.
2023-07-09 17:48:15,195 - root - INFO - Reading image header(readHeader16E)...
2023-07-09 17:48:15,195 - root - INFO - Image header was read:
2023-07-09 17:48:15,195 - root - INFO - Width: 33, Height: 46, RowLength: 66
2023-07-09 17:48:15,195 - root - INFO - datalength: 1966, _step: 2
2023-07-09 17:48:15,195 - root - INFO - BPP: 16, Transparency: False
2023-07-09 17:48:15,195 - root - INFO - Resource 23 offset: 204356, length: 1872...
2023-07-09 17:48:15,195 - root - DEBUG - Reading resource 23...
2023-07-09 17:48:15,195 - root - INFO - The image is bme.
2023-07-09 17:48:15,195 - root - INFO - Reading image header(readHeader16E)...
2023-07-09 17:48:15,195 - root - INFO - Image header was read:
2023-07-09 17:48:15,195 - root - INFO - Width: 33, Height: 46, RowLength: 66
2023-07-09 17:48:15,195 - root - INFO - datalength: 1856, _step: 2
2023-07-09 17:48:15,195 - root - INFO - BPP: 16, Transparency: False
2023-07-09 17:48:15,195 - root - INFO - Resource 24 offset: 206228, length: 994...
2023-07-09 17:48:15,195 - root - DEBUG - Reading resource 24...
2023-07-09 17:48:15,195 - root - INFO - The image is bme.
2023-07-09 17:48:15,195 - root - INFO - Reading image header(readHeader16E)...
2023-07-09 17:48:15,195 - root - INFO - Image header was read:
2023-07-09 17:48:15,195 - root - INFO - Width: 33, Height: 46, RowLength: 66
2023-07-09 17:48:15,195 - root - INFO - datalength: 978, _step: 2
2023-07-09 17:48:15,195 - root - INFO - BPP: 16, Transparency: False
2023-07-09 17:48:15,210 - root - INFO - Resource 25 offset: 207222, length: 1740...
2023-07-09 17:48:15,210 - root - DEBUG - Reading resource 25...
2023-07-09 17:48:15,210 - root - INFO - The image is bme.
2023-07-09 17:48:15,210 - root - INFO - Reading image header(readHeader16E)...
2023-07-09 17:48:15,210 - root - INFO - Image header was read:
2023-07-09 17:48:15,210 - root - INFO - Width: 33, Height: 46, RowLength: 66
2023-07-09 17:48:15,210 - root - INFO - datalength: 1724, _step: 2
2023-07-09 17:48:15,210 - root - INFO - BPP: 16, Transparency: False
2023-07-09 17:48:15,210 - root - INFO - Resource 26 offset: 208962, length: 1614...
2023-07-09 17:48:15,210 - root - DEBUG - Reading resource 26...
2023-07-09 17:48:15,210 - root - INFO - The image is bme.
2023-07-09 17:48:15,210 - root - INFO - Reading image header(readHeader16E)...
2023-07-09 17:48:15,210 - root - INFO - Image header was read:
2023-07-09 17:48:15,210 - root - INFO - Width: 33, Height: 46, RowLength: 66
2023-07-09 17:48:15,210 - root - INFO - datalength: 1598, _step: 2
2023-07-09 17:48:15,210 - root - INFO - BPP: 16, Transparency: False
2023-07-09 17:48:15,210 - root - INFO - Resource 27 offset: 210576, length: 1488...
2023-07-09 17:48:15,210 - root - DEBUG - Reading resource 27...
2023-07-09 17:48:15,210 - root - INFO - The image is bme.
2023-07-09 17:48:15,210 - root - INFO - Reading image header(readHeader16E)...
2023-07-09 17:48:15,210 - root - INFO - Image header was read:
2023-07-09 17:48:15,210 - root - INFO - Width: 33, Height: 46, RowLength: 66
2023-07-09 17:48:15,210 - root - INFO - datalength: 1472, _step: 2
2023-07-09 17:48:15,210 - root - INFO - BPP: 16, Transparency: False
2023-07-09 17:48:15,226 - root - INFO - Resource 28 offset: 212064, length: 1750...
2023-07-09 17:48:15,226 - root - DEBUG - Reading resource 28...
2023-07-09 17:48:15,226 - root - INFO - The image is bme.
2023-07-09 17:48:15,226 - root - INFO - Reading image header(readHeader16E)...
2023-07-09 17:48:15,226 - root - INFO - Image header was read:
2023-07-09 17:48:15,226 - root - INFO - Width: 33, Height: 46, RowLength: 66
2023-07-09 17:48:15,226 - root - INFO - datalength: 1734, _step: 2
2023-07-09 17:48:15,226 - root - INFO - BPP: 16, Transparency: False
2023-07-09 17:48:15,226 - root - INFO - Resource 29 offset: 213814, length: 1982...
2023-07-09 17:48:15,226 - root - DEBUG - Reading resource 29...
2023-07-09 17:48:15,226 - root - INFO - The image is bme.
2023-07-09 17:48:15,226 - root - INFO - Reading image header(readHeader16E)...
2023-07-09 17:48:15,226 - root - INFO - Image header was read:
2023-07-09 17:48:15,226 - root - INFO - Width: 33, Height: 46, RowLength: 66
2023-07-09 17:48:15,226 - root - INFO - datalength: 1966, _step: 2
2023-07-09 17:48:15,226 - root - INFO - BPP: 16, Transparency: False
2023-07-09 17:48:15,242 - root - INFO - Resource 30 offset: 215796, length: 1110...
2023-07-09 17:48:15,242 - root - DEBUG - Reading resource 30...
2023-07-09 17:48:15,242 - root - INFO - The image is bme.
2023-07-09 17:48:15,242 - root - INFO - Reading image header(readHeader16E)...
2023-07-09 17:48:15,242 - root - INFO - Image header was read:
2023-07-09 17:48:15,242 - root - INFO - Width: 33, Height: 46, RowLength: 66
2023-07-09 17:48:15,242 - root - INFO - datalength: 1094, _step: 2
2023-07-09 17:48:15,242 - root - INFO - BPP: 16, Transparency: False
2023-07-09 17:48:15,242 - root - INFO - Resource 31 offset: 216906, length: 2160...
2023-07-09 17:48:15,242 - root - DEBUG - Reading resource 31...
2023-07-09 17:48:15,242 - root - INFO - The image is bme.
2023-07-09 17:48:15,242 - root - INFO - Reading image header(readHeader16E)...
2023-07-09 17:48:15,242 - root - INFO - Image header was read:
2023-07-09 17:48:15,242 - root - INFO - Width: 33, Height: 46, RowLength: 66
2023-07-09 17:48:15,242 - root - INFO - datalength: 2144, _step: 2
2023-07-09 17:48:15,242 - root - INFO - BPP: 16, Transparency: False
2023-07-09 17:48:15,242 - root - INFO - Resource 32 offset: 219066, length: 1982...
2023-07-09 17:48:15,242 - root - DEBUG - Reading resource 32...
2023-07-09 17:48:15,242 - root - INFO - The image is bme.
2023-07-09 17:48:15,242 - root - INFO - Reading image header(readHeader16E)...
2023-07-09 17:48:15,242 - root - INFO - Image header was read:
2023-07-09 17:48:15,242 - root - INFO - Width: 33, Height: 46, RowLength: 66
2023-07-09 17:48:15,242 - root - INFO - datalength: 1966, _step: 2
2023-07-09 17:48:15,242 - root - INFO - BPP: 16, Transparency: False
2023-07-09 17:48:15,257 - root - INFO - Resource 33 offset: 221048, length: 308...
2023-07-09 17:48:15,257 - root - DEBUG - Reading resource 33...
2023-07-09 17:48:15,257 - root - INFO - The image is bme.
2023-07-09 17:48:15,257 - root - INFO - Reading image header(readHeader16E)...
2023-07-09 17:48:15,257 - root - INFO - Image header was read:
2023-07-09 17:48:15,257 - root - INFO - Width: 10, Height: 12, RowLength: 20
2023-07-09 17:48:15,257 - root - INFO - datalength: 292, _step: 2
2023-07-09 17:48:15,257 - root - INFO - BPP: 16, Transparency: False
2023-07-09 17:48:15,257 - root - INFO - Resource 34 offset: 221356, length: 148...
2023-07-09 17:48:15,257 - root - DEBUG - Reading resource 34...
2023-07-09 17:48:15,257 - root - INFO - The image is bme.
2023-07-09 17:48:15,257 - root - INFO - Reading image header(readHeader16E)...
2023-07-09 17:48:15,257 - root - INFO - Image header was read:
2023-07-09 17:48:15,257 - root - INFO - Width: 10, Height: 12, RowLength: 20
2023-07-09 17:48:15,257 - root - INFO - datalength: 132, _step: 2
2023-07-09 17:48:15,257 - root - INFO - BPP: 16, Transparency: False
2023-07-09 17:48:15,257 - root - INFO - Resource 35 offset: 221504, length: 268...
2023-07-09 17:48:15,257 - root - DEBUG - Reading resource 35...
2023-07-09 17:48:15,257 - root - INFO - The image is bme.
2023-07-09 17:48:15,257 - root - INFO - Reading image header(readHeader16E)...
2023-07-09 17:48:15,257 - root - INFO - Image header was read:
2023-07-09 17:48:15,257 - root - INFO - Width: 10, Height: 12, RowLength: 20
2023-07-09 17:48:15,257 - root - INFO - datalength: 252, _step: 2
2023-07-09 17:48:15,257 - root - INFO - BPP: 16, Transparency: False
2023-07-09 17:48:15,257 - root - INFO - Resource 36 offset: 221772, length: 250...
2023-07-09 17:48:15,257 - root - DEBUG - Reading resource 36...
2023-07-09 17:48:15,257 - root - INFO - The image is bme.
2023-07-09 17:48:15,257 - root - INFO - Reading image header(readHeader16E)...
2023-07-09 17:48:15,257 - root - INFO - Image header was read:
2023-07-09 17:48:15,257 - root - INFO - Width: 10, Height: 12, RowLength: 20
2023-07-09 17:48:15,257 - root - INFO - datalength: 234, _step: 2
2023-07-09 17:48:15,257 - root - INFO - BPP: 16, Transparency: False
2023-07-09 17:48:15,257 - root - INFO - Resource 37 offset: 222022, length: 238...
2023-07-09 17:48:15,257 - root - DEBUG - Reading resource 37...
2023-07-09 17:48:15,257 - root - INFO - The image is bme.
2023-07-09 17:48:15,257 - root - INFO - Reading image header(readHeader16E)...
2023-07-09 17:48:15,257 - root - INFO - Image header was read:
2023-07-09 17:48:15,257 - root - INFO - Width: 10, Height: 12, RowLength: 20
2023-07-09 17:48:15,257 - root - INFO - datalength: 222, _step: 2
2023-07-09 17:48:15,257 - root - INFO - BPP: 16, Transparency: False
2023-07-09 17:48:15,257 - root - INFO - Resource 38 offset: 222260, length: 258...
2023-07-09 17:48:15,257 - root - DEBUG - Reading resource 38...
2023-07-09 17:48:15,257 - root - INFO - The image is bme.
2023-07-09 17:48:15,257 - root - INFO - Reading image header(readHeader16E)...
2023-07-09 17:48:15,257 - root - INFO - Image header was read:
2023-07-09 17:48:15,257 - root - INFO - Width: 10, Height: 12, RowLength: 20
2023-07-09 17:48:15,257 - root - INFO - datalength: 242, _step: 2
2023-07-09 17:48:15,257 - root - INFO - BPP: 16, Transparency: False
2023-07-09 17:48:15,257 - root - INFO - Resource 39 offset: 222518, length: 270...
2023-07-09 17:48:15,257 - root - DEBUG - Reading resource 39...
2023-07-09 17:48:15,257 - root - INFO - The image is bme.
2023-07-09 17:48:15,257 - root - INFO - Reading image header(readHeader16E)...
2023-07-09 17:48:15,257 - root - INFO - Image header was read:
2023-07-09 17:48:15,257 - root - INFO - Width: 10, Height: 12, RowLength: 20
2023-07-09 17:48:15,257 - root - INFO - datalength: 254, _step: 2
2023-07-09 17:48:15,257 - root - INFO - BPP: 16, Transparency: False
2023-07-09 17:48:15,257 - root - INFO - Resource 40 offset: 222788, length: 194...
2023-07-09 17:48:15,257 - root - DEBUG - Reading resource 40...
2023-07-09 17:48:15,257 - root - INFO - The image is bme.
2023-07-09 17:48:15,257 - root - INFO - Reading image header(readHeader16E)...
2023-07-09 17:48:15,257 - root - INFO - Image header was read:
2023-07-09 17:48:15,257 - root - INFO - Width: 10, Height: 12, RowLength: 20
2023-07-09 17:48:15,257 - root - INFO - datalength: 178, _step: 2
2023-07-09 17:48:15,257 - root - INFO - BPP: 16, Transparency: False
2023-07-09 17:48:15,257 - root - INFO - Resource 41 offset: 222982, length: 290...
2023-07-09 17:48:15,257 - root - DEBUG - Reading resource 41...
2023-07-09 17:48:15,257 - root - INFO - The image is bme.
2023-07-09 17:48:15,257 - root - INFO - Reading image header(readHeader16E)...
2023-07-09 17:48:15,257 - root - INFO - Image header was read:
2023-07-09 17:48:15,257 - root - INFO - Width: 10, Height: 12, RowLength: 20
2023-07-09 17:48:15,257 - root - INFO - datalength: 274, _step: 2
2023-07-09 17:48:15,257 - root - INFO - BPP: 16, Transparency: False
2023-07-09 17:48:15,273 - root - INFO - Resource 42 offset: 223272, length: 276...
2023-07-09 17:48:15,273 - root - DEBUG - Reading resource 42...
2023-07-09 17:48:15,273 - root - INFO - The image is bme.
2023-07-09 17:48:15,273 - root - INFO - Reading image header(readHeader16E)...
2023-07-09 17:48:15,273 - root - INFO - Image header was read:
2023-07-09 17:48:15,273 - root - INFO - Width: 10, Height: 12, RowLength: 20
2023-07-09 17:48:15,273 - root - INFO - datalength: 260, _step: 2
2023-07-09 17:48:15,273 - root - INFO - BPP: 16, Transparency: False
2023-07-09 17:48:15,273 - root - INFO - Resource 43 offset: 223548, length: 16...
2023-07-09 17:48:15,273 - root - DEBUG - Reading resource 43...
2023-07-09 17:48:15,273 - root - INFO - The image is bme.
2023-07-09 17:48:15,273 - root - INFO - Reading image header(readHeader16E)...
2023-07-09 17:48:15,273 - root - INFO - Image header was read:
2023-07-09 17:48:15,273 - root - INFO - Width: 4, Height: 12, RowLength: 8
2023-07-09 17:48:15,273 - root - INFO - datalength: 0, _step: 2
2023-07-09 17:48:15,273 - root - INFO - BPP: 16, Transparency: False
2023-07-09 17:48:15,273 - root - INFO - Resource 44 offset: 223564, length: 2382...
2023-07-09 17:48:15,273 - root - DEBUG - Reading resource 44...
2023-07-09 17:48:15,273 - root - INFO - The image is bme.
2023-07-09 17:48:15,273 - root - INFO - Reading image header(readHeader16E)...
2023-07-09 17:48:15,273 - root - INFO - Image header was read:
2023-07-09 17:48:15,273 - root - INFO - Width: 208, Height: 22, RowLength: 416
2023-07-09 17:48:15,273 - root - INFO - datalength: 2366, _step: 2
2023-07-09 17:48:15,273 - root - INFO - BPP: 16, Transparency: False
2023-07-09 17:48:15,273 - root - INFO - Resource 45 offset: 225946, length: 2380...
2023-07-09 17:48:15,273 - root - DEBUG - Reading resource 45...
2023-07-09 17:48:15,273 - root - INFO - The image is bme.
2023-07-09 17:48:15,273 - root - INFO - Reading image header(readHeader16E)...
2023-07-09 17:48:15,273 - root - INFO - Image header was read:
2023-07-09 17:48:15,273 - root - INFO - Width: 208, Height: 22, RowLength: 416
2023-07-09 17:48:15,273 - root - INFO - datalength: 2364, _step: 2
2023-07-09 17:48:15,273 - root - INFO - BPP: 16, Transparency: False
2023-07-09 17:48:15,273 - root - INFO - Resource 46 offset: 228326, length: 2380...
2023-07-09 17:48:15,273 - root - DEBUG - Reading resource 46...
2023-07-09 17:48:15,273 - root - INFO - The image is bme.
2023-07-09 17:48:15,289 - root - INFO - Reading image header(readHeader16E)...
2023-07-09 17:48:15,289 - root - INFO - Image header was read:
2023-07-09 17:48:15,289 - root - INFO - Width: 208, Height: 22, RowLength: 416
2023-07-09 17:48:15,289 - root - INFO - datalength: 2364, _step: 2
2023-07-09 17:48:15,289 - root - INFO - BPP: 16, Transparency: False
2023-07-09 17:48:15,289 - root - INFO - Resource 47 offset: 230706, length: 2382...
2023-07-09 17:48:15,289 - root - DEBUG - Reading resource 47...
2023-07-09 17:48:15,289 - root - INFO - The image is bme.
2023-07-09 17:48:15,289 - root - INFO - Reading image header(readHeader16E)...
2023-07-09 17:48:15,289 - root - INFO - Image header was read:
2023-07-09 17:48:15,289 - root - INFO - Width: 208, Height: 22, RowLength: 416
2023-07-09 17:48:15,289 - root - INFO - datalength: 2366, _step: 2
2023-07-09 17:48:15,289 - root - INFO - BPP: 16, Transparency: False
2023-07-09 17:48:15,289 - root - INFO - Resource 48 offset: 233088, length: 2382...
2023-07-09 17:48:15,289 - root - DEBUG - Reading resource 48...
2023-07-09 17:48:15,289 - root - INFO - The image is bme.
2023-07-09 17:48:15,289 - root - INFO - Reading image header(readHeader16E)...
2023-07-09 17:48:15,289 - root - INFO - Image header was read:
2023-07-09 17:48:15,289 - root - INFO - Width: 208, Height: 22, RowLength: 416
2023-07-09 17:48:15,289 - root - INFO - datalength: 2366, _step: 2
2023-07-09 17:48:15,289 - root - INFO - BPP: 16, Transparency: False
2023-07-09 17:48:15,304 - root - INFO - Resource 49 offset: 235470, length: 2376...
2023-07-09 17:48:15,304 - root - DEBUG - Reading resource 49...
2023-07-09 17:48:15,304 - root - INFO - The image is bme.
2023-07-09 17:48:15,304 - root - INFO - Reading image header(readHeader16E)...
2023-07-09 17:48:15,304 - root - INFO - Image header was read:
2023-07-09 17:48:15,304 - root - INFO - Width: 208, Height: 22, RowLength: 416
2023-07-09 17:48:15,304 - root - INFO - datalength: 2360, _step: 2
2023-07-09 17:48:15,304 - root - INFO - BPP: 16, Transparency: False
2023-07-09 17:48:15,304 - root - INFO - Resource 50 offset: 237846, length: 2376...
2023-07-09 17:48:15,304 - root - DEBUG - Reading resource 50...
2023-07-09 17:48:15,304 - root - INFO - The image is bme.
2023-07-09 17:48:15,304 - root - INFO - Reading image header(readHeader16E)...
2023-07-09 17:48:15,304 - root - INFO - Image header was read:
2023-07-09 17:48:15,304 - root - INFO - Width: 208, Height: 22, RowLength: 416
2023-07-09 17:48:15,304 - root - INFO - datalength: 2360, _step: 2
2023-07-09 17:48:15,304 - root - INFO - BPP: 16, Transparency: False
2023-07-09 17:48:15,320 - root - INFO - Resource 51 offset: 240222, length: 504...
2023-07-09 17:48:15,320 - root - DEBUG - Reading resource 51...
2023-07-09 17:48:15,320 - root - INFO - The image is bme.
2023-07-09 17:48:15,320 - root - INFO - Reading image header(readHeader16E)...
2023-07-09 17:48:15,320 - root - INFO - Image header was read:
2023-07-09 17:48:15,320 - root - INFO - Width: 22, Height: 10, RowLength: 44
2023-07-09 17:48:15,320 - root - INFO - datalength: 488, _step: 2
2023-07-09 17:48:15,320 - root - INFO - BPP: 16, Transparency: False
2023-07-09 17:48:15,320 - root - INFO - Resource 52 offset: 240726, length: 508...
2023-07-09 17:48:15,320 - root - DEBUG - Reading resource 52...
2023-07-09 17:48:15,320 - root - INFO - The image is bme.
2023-07-09 17:48:15,320 - root - INFO - Reading image header(readHeader16E)...
2023-07-09 17:48:15,320 - root - INFO - Image header was read:
2023-07-09 17:48:15,320 - root - INFO - Width: 22, Height: 10, RowLength: 44
2023-07-09 17:48:15,320 - root - INFO - datalength: 492, _step: 2
2023-07-09 17:48:15,320 - root - INFO - BPP: 16, Transparency: False
2023-07-09 17:48:15,320 - root - INFO - Resource 53 offset: 241234, length: 892...
2023-07-09 17:48:15,320 - root - DEBUG - Reading resource 53...
2023-07-09 17:48:15,320 - root - INFO - The image is bme.
2023-07-09 17:48:15,320 - root - INFO - Reading image header(readHeader16E)...
2023-07-09 17:48:15,320 - root - INFO - Image header was read:
2023-07-09 17:48:15,320 - root - INFO - Width: 51, Height: 12, RowLength: 102
2023-07-09 17:48:15,320 - root - INFO - datalength: 876, _step: 2
2023-07-09 17:48:15,320 - root - INFO - BPP: 16, Transparency: False
2023-07-09 17:48:15,320 - root - INFO - Resource 54 offset: 242126, length: 694...
2023-07-09 17:48:15,320 - root - DEBUG - Reading resource 54...
2023-07-09 17:48:15,320 - root - INFO - The image is bme.
2023-07-09 17:48:15,320 - root - INFO - Reading image header(readHeader16E)...
2023-07-09 17:48:15,320 - root - INFO - Image header was read:
2023-07-09 17:48:15,320 - root - INFO - Width: 40, Height: 12, RowLength: 80
2023-07-09 17:48:15,320 - root - INFO - datalength: 678, _step: 2
2023-07-09 17:48:15,320 - root - INFO - BPP: 16, Transparency: False
2023-07-09 17:48:15,320 - root - INFO - Resource 55 offset: 242820, length: 112...
2023-07-09 17:48:15,320 - root - DEBUG - Reading resource 55...
2023-07-09 17:48:15,320 - root - INFO - The image is bme.
2023-07-09 17:48:15,320 - root - INFO - Reading image header(readHeader16E)...
2023-07-09 17:48:15,320 - root - INFO - Image header was read:
2023-07-09 17:48:15,320 - root - INFO - Width: 19, Height: 12, RowLength: 38
2023-07-09 17:48:15,320 - root - INFO - datalength: 96, _step: 2
2023-07-09 17:48:15,320 - root - INFO - BPP: 16, Transparency: False
2023-07-09 17:48:15,320 - root - INFO - Resource 56 offset: 242932, length: 740...
2023-07-09 17:48:15,320 - root - DEBUG - Reading resource 56...
2023-07-09 17:48:15,320 - root - INFO - The image is bme.
2023-07-09 17:48:15,320 - root - INFO - Reading image header(readHeader16E)...
2023-07-09 17:48:15,320 - root - INFO - Image header was read:
2023-07-09 17:48:15,320 - root - INFO - Width: 34, Height: 12, RowLength: 68
2023-07-09 17:48:15,320 - root - INFO - datalength: 724, _step: 2
2023-07-09 17:48:15,320 - root - INFO - BPP: 16, Transparency: False
2023-07-09 17:48:15,320 - root - INFO - Resource 57 offset: 243672, length: 302...
2023-07-09 17:48:15,320 - root - DEBUG - Reading resource 57...
2023-07-09 17:48:15,320 - root - INFO - The image is bme.
2023-07-09 17:48:15,320 - root - INFO - Reading image header(readHeader16E)...
2023-07-09 17:48:15,320 - root - INFO - Image header was read:
2023-07-09 17:48:15,320 - root - INFO - Width: 17, Height: 12, RowLength: 34
2023-07-09 17:48:15,320 - root - INFO - datalength: 286, _step: 2
2023-07-09 17:48:15,320 - root - INFO - BPP: 16, Transparency: False
2023-07-09 17:48:15,320 - root - INFO - Resource 58 offset: 243974, length: 174...
2023-07-09 17:48:15,320 - root - DEBUG - Reading resource 58...
2023-07-09 17:48:15,320 - root - INFO - The image is bme.
2023-07-09 17:48:15,320 - root - INFO - Reading image header(readHeader16E)...
2023-07-09 17:48:15,320 - root - INFO - Image header was read:
2023-07-09 17:48:15,335 - root - INFO - Width: 38, Height: 38, RowLength: 76
2023-07-09 17:48:15,335 - root - INFO - datalength: 158, _step: 2
2023-07-09 17:48:15,335 - root - INFO - BPP: 16, Transparency: False
2023-07-09 17:48:15,335 - root - INFO - Resource 59 offset: 244148, length: 318...
2023-07-09 17:48:15,335 - root - DEBUG - Reading resource 59...
2023-07-09 17:48:15,335 - root - INFO - The image is bme.
2023-07-09 17:48:15,335 - root - INFO - Reading image header(readHeader16E)...
2023-07-09 17:48:15,335 - root - INFO - Image header was read:
2023-07-09 17:48:15,335 - root - INFO - Width: 38, Height: 38, RowLength: 76
2023-07-09 17:48:15,335 - root - INFO - datalength: 302, _step: 2
2023-07-09 17:48:15,335 - root - INFO - BPP: 16, Transparency: False
2023-07-09 17:48:15,335 - root - INFO - Resource 60 offset: 244466, length: 464...
2023-07-09 17:48:15,335 - root - DEBUG - Reading resource 60...
2023-07-09 17:48:15,335 - root - INFO - The image is bme.
2023-07-09 17:48:15,335 - root - INFO - Reading image header(readHeader16E)...
2023-07-09 17:48:15,335 - root - INFO - Image header was read:
2023-07-09 17:48:15,335 - root - INFO - Width: 38, Height: 38, RowLength: 76
2023-07-09 17:48:15,335 - root - INFO - datalength: 448, _step: 2
2023-07-09 17:48:15,335 - root - INFO - BPP: 16, Transparency: False
2023-07-09 17:48:15,335 - root - INFO - Resource 61 offset: 244930, length: 608...
2023-07-09 17:48:15,335 - root - DEBUG - Reading resource 61...
2023-07-09 17:48:15,335 - root - INFO - The image is bme.
2023-07-09 17:48:15,335 - root - INFO - Reading image header(readHeader16E)...
2023-07-09 17:48:15,335 - root - INFO - Image header was read:
2023-07-09 17:48:15,335 - root - INFO - Width: 38, Height: 38, RowLength: 76
2023-07-09 17:48:15,335 - root - INFO - datalength: 592, _step: 2
2023-07-09 17:48:15,335 - root - INFO - BPP: 16, Transparency: False
2023-07-09 17:48:15,335 - root - INFO - Resource 62 offset: 245538, length: 716...
2023-07-09 17:48:15,335 - root - DEBUG - Reading resource 62...
2023-07-09 17:48:15,335 - root - INFO - The image is bme.
2023-07-09 17:48:15,335 - root - INFO - Reading image header(readHeader16E)...
2023-07-09 17:48:15,335 - root - INFO - Image header was read:
2023-07-09 17:48:15,335 - root - INFO - Width: 38, Height: 38, RowLength: 76
2023-07-09 17:48:15,335 - root - INFO - datalength: 700, _step: 2
2023-07-09 17:48:15,335 - root - INFO - BPP: 16, Transparency: False
2023-07-09 17:48:15,335 - root - INFO - Resource 63 offset: 246254, length: 822...
2023-07-09 17:48:15,335 - root - DEBUG - Reading resource 63...
2023-07-09 17:48:15,335 - root - INFO - The image is bme.
2023-07-09 17:48:15,335 - root - INFO - Reading image header(readHeader16E)...
2023-07-09 17:48:15,335 - root - INFO - Image header was read:
2023-07-09 17:48:15,335 - root - INFO - Width: 38, Height: 38, RowLength: 76
2023-07-09 17:48:15,335 - root - INFO - datalength: 806, _step: 2
2023-07-09 17:48:15,335 - root - INFO - BPP: 16, Transparency: False
2023-07-09 17:48:15,335 - root - INFO - Resource 64 offset: 247076, length: 966...
2023-07-09 17:48:15,335 - root - DEBUG - Reading resource 64...
2023-07-09 17:48:15,335 - root - INFO - The image is bme.
2023-07-09 17:48:15,335 - root - INFO - Reading image header(readHeader16E)...
2023-07-09 17:48:15,335 - root - INFO - Image header was read:
2023-07-09 17:48:15,335 - root - INFO - Width: 38, Height: 38, RowLength: 76
2023-07-09 17:48:15,335 - root - INFO - datalength: 950, _step: 2
2023-07-09 17:48:15,335 - root - INFO - BPP: 16, Transparency: False
2023-07-09 17:48:15,351 - root - INFO - Resource 65 offset: 248042, length: 1112...
2023-07-09 17:48:15,351 - root - DEBUG - Reading resource 65...
2023-07-09 17:48:15,351 - root - INFO - The image is bme.
2023-07-09 17:48:15,351 - root - INFO - Reading image header(readHeader16E)...
2023-07-09 17:48:15,351 - root - INFO - Image header was read:
2023-07-09 17:48:15,351 - root - INFO - Width: 38, Height: 38, RowLength: 76
2023-07-09 17:48:15,351 - root - INFO - datalength: 1096, _step: 2
2023-07-09 17:48:15,351 - root - INFO - BPP: 16, Transparency: False
2023-07-09 17:48:15,351 - root - INFO - Resource 66 offset: 249154, length: 1256...
2023-07-09 17:48:15,351 - root - DEBUG - Reading resource 66...
2023-07-09 17:48:15,351 - root - INFO - The image is bme.
2023-07-09 17:48:15,351 - root - INFO - Reading image header(readHeader16E)...
2023-07-09 17:48:15,351 - root - INFO - Image header was read:
2023-07-09 17:48:15,351 - root - INFO - Width: 38, Height: 38, RowLength: 76
2023-07-09 17:48:15,351 - root - INFO - datalength: 1240, _step: 2
2023-07-09 17:48:15,351 - root - INFO - BPP: 16, Transparency: False
2023-07-09 17:48:15,351 - root - INFO - Resource 67 offset: 250410, length: 1312...
2023-07-09 17:48:15,351 - root - DEBUG - Reading resource 67...
2023-07-09 17:48:15,351 - root - INFO - The image is bme.
2023-07-09 17:48:15,351 - root - INFO - Reading image header(readHeader16E)...
2023-07-09 17:48:15,351 - root - INFO - Image header was read:
2023-07-09 17:48:15,351 - root - INFO - Width: 38, Height: 38, RowLength: 76
2023-07-09 17:48:15,351 - root - INFO - datalength: 1296, _step: 2
2023-07-09 17:48:15,351 - root - INFO - BPP: 16, Transparency: False
2023-07-09 17:48:15,351 - root - INFO - Resource 68 offset: 251722, length: 174...
2023-07-09 17:48:15,351 - root - DEBUG - Reading resource 68...
2023-07-09 17:48:15,351 - root - INFO - The image is bme.
2023-07-09 17:48:15,351 - root - INFO - Reading image header(readHeader16E)...
2023-07-09 17:48:15,351 - root - INFO - Image header was read:
2023-07-09 17:48:15,351 - root - INFO - Width: 38, Height: 38, RowLength: 76
2023-07-09 17:48:15,351 - root - INFO - datalength: 158, _step: 2
2023-07-09 17:48:15,351 - root - INFO - BPP: 16, Transparency: False
2023-07-09 17:48:15,351 - root - INFO - Resource 69 offset: 251896, length: 318...
2023-07-09 17:48:15,351 - root - DEBUG - Reading resource 69...
2023-07-09 17:48:15,351 - root - INFO - The image is bme.
2023-07-09 17:48:15,351 - root - INFO - Reading image header(readHeader16E)...
2023-07-09 17:48:15,351 - root - INFO - Image header was read:
2023-07-09 17:48:15,351 - root - INFO - Width: 38, Height: 38, RowLength: 76
2023-07-09 17:48:15,351 - root - INFO - datalength: 302, _step: 2
2023-07-09 17:48:15,351 - root - INFO - BPP: 16, Transparency: False
2023-07-09 17:48:15,351 - root - INFO - Resource 70 offset: 252214, length: 464...
2023-07-09 17:48:15,351 - root - DEBUG - Reading resource 70...
2023-07-09 17:48:15,351 - root - INFO - The image is bme.
2023-07-09 17:48:15,367 - root - INFO - Reading image header(readHeader16E)...
2023-07-09 17:48:15,367 - root - INFO - Image header was read:
2023-07-09 17:48:15,367 - root - INFO - Width: 38, Height: 38, RowLength: 76
2023-07-09 17:48:15,367 - root - INFO - datalength: 448, _step: 2
2023-07-09 17:48:15,367 - root - INFO - BPP: 16, Transparency: False
2023-07-09 17:48:15,367 - root - INFO - Resource 71 offset: 252678, length: 608...
2023-07-09 17:48:15,367 - root - DEBUG - Reading resource 71...
2023-07-09 17:48:15,367 - root - INFO - The image is bme.
2023-07-09 17:48:15,367 - root - INFO - Reading image header(readHeader16E)...
2023-07-09 17:48:15,367 - root - INFO - Image header was read:
2023-07-09 17:48:15,367 - root - INFO - Width: 38, Height: 38, RowLength: 76
2023-07-09 17:48:15,367 - root - INFO - datalength: 592, _step: 2
2023-07-09 17:48:15,367 - root - INFO - BPP: 16, Transparency: False
2023-07-09 17:48:15,367 - root - INFO - Resource 72 offset: 253286, length: 716...
2023-07-09 17:48:15,367 - root - DEBUG - Reading resource 72...
2023-07-09 17:48:15,367 - root - INFO - The image is bme.
2023-07-09 17:48:15,367 - root - INFO - Reading image header(readHeader16E)...
2023-07-09 17:48:15,367 - root - INFO - Image header was read:
2023-07-09 17:48:15,367 - root - INFO - Width: 38, Height: 38, RowLength: 76
2023-07-09 17:48:15,367 - root - INFO - datalength: 700, _step: 2
2023-07-09 17:48:15,367 - root - INFO - BPP: 16, Transparency: False
2023-07-09 17:48:15,367 - root - INFO - Resource 73 offset: 254002, length: 822...
2023-07-09 17:48:15,367 - root - DEBUG - Reading resource 73...
2023-07-09 17:48:15,367 - root - INFO - The image is bme.
2023-07-09 17:48:15,367 - root - INFO - Reading image header(readHeader16E)...
2023-07-09 17:48:15,367 - root - INFO - Image header was read:
2023-07-09 17:48:15,367 - root - INFO - Width: 38, Height: 38, RowLength: 76
2023-07-09 17:48:15,367 - root - INFO - datalength: 806, _step: 2
2023-07-09 17:48:15,367 - root - INFO - BPP: 16, Transparency: False
2023-07-09 17:48:15,367 - root - INFO - Resource 74 offset: 254824, length: 966...
2023-07-09 17:48:15,367 - root - DEBUG - Reading resource 74...
2023-07-09 17:48:15,367 - root - INFO - The image is bme.
2023-07-09 17:48:15,367 - root - INFO - Reading image header(readHeader16E)...
2023-07-09 17:48:15,367 - root - INFO - Image header was read:
2023-07-09 17:48:15,367 - root - INFO - Width: 38, Height: 38, RowLength: 76
2023-07-09 17:48:15,367 - root - INFO - datalength: 950, _step: 2
2023-07-09 17:48:15,367 - root - INFO - BPP: 16, Transparency: False
2023-07-09 17:48:15,367 - root - INFO - Resource 75 offset: 255790, length: 1112...
2023-07-09 17:48:15,367 - root - DEBUG - Reading resource 75...
2023-07-09 17:48:15,367 - root - INFO - The image is bme.
2023-07-09 17:48:15,367 - root - INFO - Reading image header(readHeader16E)...
2023-07-09 17:48:15,367 - root - INFO - Image header was read:
2023-07-09 17:48:15,367 - root - INFO - Width: 38, Height: 38, RowLength: 76
2023-07-09 17:48:15,367 - root - INFO - datalength: 1096, _step: 2
2023-07-09 17:48:15,367 - root - INFO - BPP: 16, Transparency: False
2023-07-09 17:48:15,382 - root - INFO - Resource 76 offset: 256902, length: 1256...
2023-07-09 17:48:15,382 - root - DEBUG - Reading resource 76...
2023-07-09 17:48:15,382 - root - INFO - The image is bme.
2023-07-09 17:48:15,382 - root - INFO - Reading image header(readHeader16E)...
2023-07-09 17:48:15,382 - root - INFO - Image header was read:
2023-07-09 17:48:15,382 - root - INFO - Width: 38, Height: 38, RowLength: 76
2023-07-09 17:48:15,382 - root - INFO - datalength: 1240, _step: 2
2023-07-09 17:48:15,382 - root - INFO - BPP: 16, Transparency: False
2023-07-09 17:48:15,382 - root - INFO - Resource 77 offset: 258158, length: 1312...
2023-07-09 17:48:15,382 - root - DEBUG - Reading resource 77...
2023-07-09 17:48:15,382 - root - INFO - The image is bme.
2023-07-09 17:48:15,382 - root - INFO - Reading image header(readHeader16E)...
2023-07-09 17:48:15,382 - root - INFO - Image header was read:
2023-07-09 17:48:15,382 - root - INFO - Width: 38, Height: 38, RowLength: 76
2023-07-09 17:48:15,382 - root - INFO - datalength: 1296, _step: 2
2023-07-09 17:48:15,382 - root - INFO - BPP: 16, Transparency: False
2023-07-09 17:48:15,382 - root - DEBUG - Parsing parameters...
2023-07-09 17:48:15,492 - root - DEBUG - 0 Value: None
2023-07-09 17:48:15,492 - root - DEBUG - 0.1 Value: 71
2023-07-09 17:48:15,492 - root - DEBUG - 2 Value: None
2023-07-09 17:48:15,492 - root - DEBUG - 2.1 Value: None
2023-07-09 17:48:15,492 - root - DEBUG - 2.1.1 Value: 0
2023-07-09 17:48:15,492 - root - DEBUG - 2.1.2 Value: 0
2023-07-09 17:48:15,492 - root - DEBUG - 2.1.3 Value: 1
2023-07-09 17:48:15,492 - root - DEBUG - 2.3 Value: None
2023-07-09 17:48:15,492 - root - DEBUG - 2.3.1 Value: 0
2023-07-09 17:48:15,492 - root - DEBUG - 2.3.2 Value: 0
2023-07-09 17:48:15,492 - root - DEBUG - 2.3.3 Value: 0
2023-07-09 17:48:15,492 - root - DEBUG - 3 Value: None
2023-07-09 17:48:15,492 - root - DEBUG - 3.1 Value: None
2023-07-09 17:48:15,492 - root - DEBUG - 3.1.1 Value: None
2023-07-09 17:48:15,492 - root - DEBUG - 3.1.1.1 Value: None
2023-07-09 17:48:15,492 - root - DEBUG - 3.1.1.1.1 Value: 51
2023-07-09 17:48:15,492 - root - DEBUG - 3.1.1.1.2 Value: 117
2023-07-09 17:48:15,492 - root - DEBUG - 3.1.1.1.3 Value: 13
2023-07-09 17:48:15,492 - root - DEBUG - 3.1.1.1.4 Value: 10
2023-07-09 17:48:15,492 - root - DEBUG - 3.1.1.2 Value: None
2023-07-09 17:48:15,492 - root - DEBUG - 3.1.1.2.1 Value: 84
2023-07-09 17:48:15,492 - root - DEBUG - 3.1.1.2.2 Value: 117
2023-07-09 17:48:15,492 - root - DEBUG - 3.1.1.2.3 Value: 13
2023-07-09 17:48:15,492 - root - DEBUG - 3.1.1.2.4 Value: 10
2023-07-09 17:48:15,492 - root - DEBUG - 3.1.2 Value: None
2023-07-09 17:48:15,492 - root - DEBUG - 3.1.2.1 Value: None
2023-07-09 17:48:15,492 - root - DEBUG - 3.1.2.1.1 Value: 123
2023-07-09 17:48:15,492 - root - DEBUG - 3.1.2.1.2 Value: 117
2023-07-09 17:48:15,492 - root - DEBUG - 3.1.2.1.3 Value: 23
2023-07-09 17:48:15,492 - root - DEBUG - 3.1.2.1.4 Value: 10
2023-07-09 17:48:15,492 - root - DEBUG - 3.1.2.2 Value: None
2023-07-09 17:48:15,492 - root - DEBUG - 3.1.2.2.1 Value: 157
2023-07-09 17:48:15,492 - root - DEBUG - 3.1.2.2.2 Value: 117
2023-07-09 17:48:15,492 - root - DEBUG - 3.1.2.2.3 Value: 23
2023-07-09 17:48:15,492 - root - DEBUG - 3.1.2.2.4 Value: 10
2023-07-09 17:48:15,492 - root - DEBUG - 3.1.3 Value: None
2023-07-09 17:48:15,492 - root - DEBUG - 3.1.3.1 Value: None
2023-07-09 17:48:15,492 - root - DEBUG - 3.1.3.1.1 Value: 208
2023-07-09 17:48:15,507 - root - DEBUG - 3.1.3.1.2 Value: 117
2023-07-09 17:48:15,507 - root - DEBUG - 3.1.3.1.3 Value: 33
2023-07-09 17:48:15,507 - root - DEBUG - 3.1.3.1.4 Value: 10
2023-07-09 17:48:15,507 - root - DEBUG - 3.1.3.2 Value: None
2023-07-09 17:48:15,507 - root - DEBUG - 3.1.3.2.1 Value: 218
2023-07-09 17:48:15,507 - root - DEBUG - 3.1.3.2.2 Value: 117
2023-07-09 17:48:15,507 - root - DEBUG - 3.1.3.2.3 Value: 33
2023-07-09 17:48:15,507 - root - DEBUG - 3.1.3.2.4 Value: 10
2023-07-09 17:48:15,507 - root - DEBUG - 3.1.7 Value: 0
2023-07-09 17:48:15,507 - root - DEBUG - 3.1.8 Value: 1
2023-07-09 17:48:15,507 - root - DEBUG - 3.4 Value: None
2023-07-09 17:48:15,507 - root - DEBUG - 3.4.1 Value: 160
2023-07-09 17:48:15,507 - root - DEBUG - 3.4.2 Value: 77
2023-07-09 17:48:15,507 - root - DEBUG - 3.4.3 Value: 205
2023-07-09 17:48:15,507 - root - DEBUG - 3.4.4 Value: 89
2023-07-09 17:48:15,507 - root - DEBUG - 3.4.5 Value: 18
2023-07-09 17:48:15,507 - root - DEBUG - 3.4.6 Value: 0
2023-07-09 17:48:15,507 - root - DEBUG - 3.4.7 Value: 0
2023-07-09 17:48:15,507 - root - DEBUG - 3.4.8 Value: 2
2023-07-09 17:48:15,507 - root - DEBUG - 3.4.9 Value: 10
2023-07-09 17:48:15,507 - root - DEBUG - 3.5 Value: 12
2023-07-09 17:48:15,507 - root - DEBUG - 4 Value: None
2023-07-09 17:48:15,507 - root - DEBUG - 4.1 Value: None
2023-07-09 17:48:15,507 - root - DEBUG - 4.1.1 Value: None
2023-07-09 17:48:15,507 - root - DEBUG - 4.1.1.1 Value: 128
2023-07-09 17:48:15,507 - root - DEBUG - 4.1.1.2 Value: 224
2023-07-09 17:48:15,507 - root - DEBUG - 4.1.1.3 Value: 168
2023-07-09 17:48:15,507 - root - DEBUG - 4.1.1.4 Value: 236
2023-07-09 17:48:15,507 - root - DEBUG - 4.1.1.5 Value: 18
2023-07-09 17:48:15,507 - root - DEBUG - 4.1.1.6 Value: 0
2023-07-09 17:48:15,507 - root - DEBUG - 4.1.1.7 Value: 0
2023-07-09 17:48:15,507 - root - DEBUG - 4.1.1.8 Value: 2
2023-07-09 17:48:15,507 - root - DEBUG - 4.1.1.9 Value: 10
2023-07-09 17:48:15,507 - root - DEBUG - 4.1.3 Value: 53
2023-07-09 17:48:15,507 - root - DEBUG - 4.3 Value: None
2023-07-09 17:48:15,507 - root - DEBUG - 4.3.1 Value: None
2023-07-09 17:48:15,507 - root - DEBUG - 4.3.1.1 Value: 128
2023-07-09 17:48:15,507 - root - DEBUG - 4.3.1.2 Value: 22
2023-07-09 17:48:15,507 - root - DEBUG - 4.3.1.3 Value: 158
2023-07-09 17:48:15,507 - root - DEBUG - 4.3.1.4 Value: 34
2023-07-09 17:48:15,507 - root - DEBUG - 4.3.1.5 Value: 18
2023-07-09 17:48:15,507 - root - DEBUG - 4.3.1.6 Value: 0
2023-07-09 17:48:15,507 - root - DEBUG - 4.3.1.7 Value: 0
2023-07-09 17:48:15,507 - root - DEBUG - 4.3.1.8 Value: 2
2023-07-09 17:48:15,507 - root - DEBUG - 4.3.1.9 Value: 10
2023-07-09 17:48:15,507 - root - DEBUG - 4.3.2 Value: 54
2023-07-09 17:48:15,507 - root - DEBUG - 4.4 Value: None
2023-07-09 17:48:15,507 - root - DEBUG - 4.4.1 Value: None
2023-07-09 17:48:15,507 - root - DEBUG - 4.4.1.1 Value: 128
2023-07-09 17:48:15,507 - root - DEBUG - 4.4.1.2 Value: 45
2023-07-09 17:48:15,507 - root - DEBUG - 4.4.1.3 Value: 148
2023-07-09 17:48:15,507 - root - DEBUG - 4.4.1.4 Value: 57
2023-07-09 17:48:15,507 - root - DEBUG - 4.4.1.5 Value: 18
2023-07-09 17:48:15,507 - root - DEBUG - 4.4.1.6 Value: 1
2023-07-09 17:48:15,507 - root - DEBUG - 4.4.1.7 Value: 0
2023-07-09 17:48:15,507 - root - DEBUG - 4.4.1.8 Value: 2
2023-07-09 17:48:15,507 - root - DEBUG - 4.4.1.9 Value: 10
2023-07-09 17:48:15,507 - root - DEBUG - 4.4.3 Value: 55
2023-07-09 17:48:15,507 - root - DEBUG - 4.4.4 Value: 56
2023-07-09 17:48:15,507 - root - DEBUG - 4.7 Value: 0
2023-07-09 17:48:15,507 - root - DEBUG - 5 Value: None
2023-07-09 17:48:15,507 - root - DEBUG - 5.1 Value: None
2023-07-09 17:48:15,507 - root - DEBUG - 5.1.3 Value: None
2023-07-09 17:48:15,507 - root - DEBUG - 5.1.3.1 Value: None
2023-07-09 17:48:15,507 - root - DEBUG - 5.1.3.1.1 Value: 14
2023-07-09 17:48:15,507 - root - DEBUG - 5.1.3.1.2 Value: 77
2023-07-09 17:48:15,507 - root - DEBUG - 5.1.3.1.3 Value: 102
2023-07-09 17:48:15,507 - root - DEBUG - 5.1.3.1.4 Value: 89
2023-07-09 17:48:15,507 - root - DEBUG - 5.1.3.1.5 Value: 18
2023-07-09 17:48:15,507 - root - DEBUG - 5.1.3.1.6 Value: 3
2023-07-09 17:48:15,507 - root - DEBUG - 5.1.3.1.7 Value: 0
2023-07-09 17:48:15,507 - root - DEBUG - 5.1.3.1.8 Value: 2
2023-07-09 17:48:15,507 - root - DEBUG - 5.1.3.1.9 Value: 10
2023-07-09 17:48:15,507 - root - DEBUG - 5.1.3.2 Value: 43
2023-07-09 17:48:15,507 - root - DEBUG - 5.1.4 Value: 1
2023-07-09 17:48:15,507 - root - DEBUG - 5.1.5 Value: 1
2023-07-09 17:48:15,507 - root - DEBUG - 5.1.6 Value: 0
2023-07-09 17:48:15,507 - root - DEBUG - 5.2 Value: None
2023-07-09 17:48:15,507 - root - DEBUG - 5.2.1 Value: 12
2023-07-09 17:48:15,507 - root - DEBUG - 5.2.2 Value: 117
2023-07-09 17:48:15,507 - root - DEBUG - 5.2.5 Value: 51
2023-07-09 17:48:15,507 - root - DEBUG - 5.2.6 Value: 52
2023-07-09 17:48:15,507 - root - DEBUG - 5.4 Value: None
2023-07-09 17:48:15,507 - root - DEBUG - 5.4.1 Value: 16
2023-07-09 17:48:15,507 - root - DEBUG - 5.4.2 Value: 179
2023-07-09 17:48:15,507 - root - DEBUG - 5.4.3 Value: 44
2023-07-09 17:48:15,507 - root - DEBUG - 5.4.4 Value: 7
2023-07-09 17:48:15,507 - root - DEBUG - 6 Value: None
2023-07-09 17:48:15,507 - root - DEBUG - 6.4 Value: None
2023-07-09 17:48:15,507 - root - DEBUG - 6.4.1 Value: None
2023-07-09 17:48:15,507 - root - DEBUG - 6.4.1.1 Value: 128
2023-07-09 17:48:15,507 - root - DEBUG - 6.4.1.2 Value: 247
2023-07-09 17:48:15,507 - root - DEBUG - 6.4.1.3 Value: 148
2023-07-09 17:48:15,507 - root - DEBUG - 6.4.1.4 Value: 259
2023-07-09 17:48:15,507 - root - DEBUG - 6.4.1.5 Value: 18
2023-07-09 17:48:15,507 - root - DEBUG - 6.4.1.6 Value: 0
2023-07-09 17:48:15,507 - root - DEBUG - 6.4.1.7 Value: 0
2023-07-09 17:48:15,507 - root - DEBUG - 6.4.1.8 Value: 2
2023-07-09 17:48:15,507 - root - DEBUG - 6.4.1.9 Value: 10
2023-07-09 17:48:15,507 - root - DEBUG - 6.4.2 Value: 57
2023-07-09 17:48:15,507 - root - DEBUG - 9 Value: None
2023-07-09 17:48:15,507 - root - DEBUG - 9.2 Value: None
2023-07-09 17:48:15,507 - root - DEBUG - 9.2.1 Value: 53
2023-07-09 17:48:15,507 - root - DEBUG - 9.2.2 Value: 20
2023-07-09 17:48:15,507 - root - DEBUG - 9.2.3 Value: 58
2023-07-09 17:48:15,507 - root - DEBUG - 9.2.4 Value: 10
2023-07-09 17:48:15,507 - root - DEBUG - 23 Value: None
2023-07-09 17:48:15,507 - root - DEBUG - 23.2 Value: None
2023-07-09 17:48:15,507 - root - DEBUG - 23.2.1 Value: 53
2023-07-09 17:48:15,507 - root - DEBUG - 23.2.2 Value: 222
2023-07-09 17:48:15,507 - root - DEBUG - 23.2.3 Value: 68
2023-07-09 17:48:15,507 - root - DEBUG - 23.2.4 Value: 10
2023-07-09 17:48:15,507 - root - DEBUG - 0-Info
2023-07-09 17:48:15,507 - root - DEBUG - 0.1-DeviceId
2023-07-09 17:48:15,507 - root - DEBUG - 2-Background
2023-07-09 17:48:15,507 - root - DEBUG - 2.1-Image
2023-07-09 17:48:15,507 - root - DEBUG - 2.1.1-X
2023-07-09 17:48:15,507 - root - DEBUG - 2.1.2-Y
2023-07-09 17:48:15,507 - root - DEBUG - 2.1.3-ImageIndex
2023-07-09 17:48:15,507 - root - DEBUG - 2.3-Preview
2023-07-09 17:48:15,507 - root - DEBUG - 2.3.1-X
2023-07-09 17:48:15,523 - root - DEBUG - 2.3.2-Y
2023-07-09 17:48:15,523 - root - DEBUG - 2.3.3-ImageIndex
2023-07-09 17:48:15,523 - root - DEBUG - 3-TimeExtended
2023-07-09 17:48:15,523 - root - DEBUG - 3.1-TimeSeparateDigits
2023-07-09 17:48:15,523 - root - DEBUG - 3.1.1-Hours
2023-07-09 17:48:15,523 - root - DEBUG - 3.1.1.1-Tens
2023-07-09 17:48:15,523 - root - DEBUG - 3.1.1.1.1-X
2023-07-09 17:48:15,523 - root - DEBUG - 3.1.1.1.2-Y
2023-07-09 17:48:15,523 - root - DEBUG - 3.1.1.1.3-ImageIndex
2023-07-09 17:48:15,523 - root - DEBUG - 3.1.1.1.4-ImagesCount
2023-07-09 17:48:15,523 - root - DEBUG - 3.1.1.2-Ones
2023-07-09 17:48:15,523 - root - DEBUG - 3.1.1.2.1-X
2023-07-09 17:48:15,523 - root - DEBUG - 3.1.1.2.2-Y
2023-07-09 17:48:15,523 - root - DEBUG - 3.1.1.2.3-ImageIndex
2023-07-09 17:48:15,523 - root - DEBUG - 3.1.1.2.4-ImagesCount
2023-07-09 17:48:15,523 - root - DEBUG - 3.1.2-Minutes
2023-07-09 17:48:15,523 - root - DEBUG - 3.1.2.1-Tens
2023-07-09 17:48:15,523 - root - DEBUG - 3.1.2.1.1-X
2023-07-09 17:48:15,523 - root - DEBUG - 3.1.2.1.2-Y
2023-07-09 17:48:15,523 - root - DEBUG - 3.1.2.1.3-ImageIndex
2023-07-09 17:48:15,523 - root - DEBUG - 3.1.2.1.4-ImagesCount
2023-07-09 17:48:15,523 - root - DEBUG - 3.1.2.2-Ones
2023-07-09 17:48:15,523 - root - DEBUG - 3.1.2.2.1-X
2023-07-09 17:48:15,523 - root - DEBUG - 3.1.2.2.2-Y
2023-07-09 17:48:15,523 - root - DEBUG - 3.1.2.2.3-ImageIndex
2023-07-09 17:48:15,523 - root - DEBUG - 3.1.2.2.4-ImagesCount
2023-07-09 17:48:15,523 - root - DEBUG - 3.1.3-Seconds
2023-07-09 17:48:15,523 - root - DEBUG - 3.1.3.1-Tens
2023-07-09 17:48:15,523 - root - DEBUG - 3.1.3.1.1-X
2023-07-09 17:48:15,523 - root - DEBUG - 3.1.3.1.2-Y
2023-07-09 17:48:15,523 - root - DEBUG - 3.1.3.1.3-ImageIndex
2023-07-09 17:48:15,523 - root - DEBUG - 3.1.3.1.4-ImagesCount
2023-07-09 17:48:15,523 - root - DEBUG - 3.1.3.2-Ones
2023-07-09 17:48:15,523 - root - DEBUG - 3.1.3.2.1-X
2023-07-09 17:48:15,523 - root - DEBUG - 3.1.3.2.2-Y
2023-07-09 17:48:15,523 - root - DEBUG - 3.1.3.2.3-ImageIndex
2023-07-09 17:48:15,523 - root - DEBUG - 3.1.3.2.4-ImagesCount
2023-07-09 17:48:15,523 - root - DEBUG - 3.1.7-UnknowBoolean7
2023-07-09 17:48:15,523 - root - DEBUG - 3.1.8-PaddingZeroMinutes
2023-07-09 17:48:15,523 - root - DEBUG - 3.4-SunriseTimeOneLine
2023-07-09 17:48:15,523 - root - DEBUG - 3.4.1-TopLeftX
2023-07-09 17:48:15,523 - root - DEBUG - 3.4.2-TopLeftY
2023-07-09 17:48:15,523 - root - DEBUG - 3.4.3-BottomRightX
2023-07-09 17:48:15,523 - root - DEBUG - 3.4.4-BottomRightY
2023-07-09 17:48:15,523 - root - DEBUG - 3.4.5-Alignment
2023-07-09 17:48:15,523 - root - DEBUG - 3.4.6-Spacing
2023-07-09 17:48:15,523 - root - DEBUG - 3.4.7-VerticalOffset
2023-07-09 17:48:15,523 - root - DEBUG - 3.4.8-ImageIndex
2023-07-09 17:48:15,523 - root - DEBUG - 3.4.9-ImagesCount
2023-07-09 17:48:15,523 - root - DEBUG - 3.5-DelimiterSunriseImageIndex
2023-07-09 17:48:15,523 - root - DEBUG - 4-Activity
2023-07-09 17:48:15,523 - root - DEBUG - 4.1-Steps
2023-07-09 17:48:15,523 - root - DEBUG - 4.1.1-ImageNumber
2023-07-09 17:48:15,523 - root - DEBUG - 4.1.1.1-TopLeftX
2023-07-09 17:48:15,523 - root - DEBUG - 4.1.1.2-TopLeftY
2023-07-09 17:48:15,523 - root - DEBUG - 4.1.1.3-BottomRightX
2023-07-09 17:48:15,523 - root - DEBUG - 4.1.1.4-BottomRightY
2023-07-09 17:48:15,523 - root - DEBUG - 4.1.1.5-Alignment
2023-07-09 17:48:15,523 - root - DEBUG - 4.1.1.6-Spacing
2023-07-09 17:48:15,523 - root - DEBUG - 4.1.1.7-VerticalOffset
2023-07-09 17:48:15,523 - root - DEBUG - 4.1.1.8-ImageIndex
2023-07-09 17:48:15,523 - root - DEBUG - 4.1.1.9-ImagesCount
2023-07-09 17:48:15,523 - root - DEBUG - 4.1.3-SuffixImageIndex
2023-07-09 17:48:15,523 - root - DEBUG - 4.3-Calories
2023-07-09 17:48:15,523 - root - DEBUG - 4.3.1-ImageNumber
2023-07-09 17:48:15,523 - root - DEBUG - 4.3.1.1-TopLeftX
2023-07-09 17:48:15,523 - root - DEBUG - 4.3.1.2-TopLeftY
2023-07-09 17:48:15,523 - root - DEBUG - 4.3.1.3-BottomRightX
2023-07-09 17:48:15,523 - root - DEBUG - 4.3.1.4-BottomRightY
2023-07-09 17:48:15,523 - root - DEBUG - 4.3.1.5-Alignment
2023-07-09 17:48:15,523 - root - DEBUG - 4.3.1.6-Spacing
2023-07-09 17:48:15,523 - root - DEBUG - 4.3.1.7-VerticalOffset
2023-07-09 17:48:15,523 - root - DEBUG - 4.3.1.8-ImageIndex
2023-07-09 17:48:15,523 - root - DEBUG - 4.3.1.9-ImagesCount
2023-07-09 17:48:15,523 - root - DEBUG - 4.3.2-SuffixImageIndex
2023-07-09 17:48:15,523 - root - DEBUG - 4.4-HeartRate
2023-07-09 17:48:15,523 - root - DEBUG - 4.4.1-ImageNumber
2023-07-09 17:48:15,523 - root - DEBUG - 4.4.1.1-TopLeftX
2023-07-09 17:48:15,523 - root - DEBUG - 4.4.1.2-TopLeftY
2023-07-09 17:48:15,523 - root - DEBUG - 4.4.1.3-BottomRightX
2023-07-09 17:48:15,523 - root - DEBUG - 4.4.1.4-BottomRightY
2023-07-09 17:48:15,523 - root - DEBUG - 4.4.1.5-Alignment
2023-07-09 17:48:15,523 - root - DEBUG - 4.4.1.6-Spacing
2023-07-09 17:48:15,523 - root - DEBUG - 4.4.1.7-VerticalOffset
2023-07-09 17:48:15,523 - root - DEBUG - 4.4.1.8-ImageIndex
2023-07-09 17:48:15,523 - root - DEBUG - 4.4.1.9-ImagesCount
2023-07-09 17:48:15,523 - root - DEBUG - 4.4.3-NoDataImageIndex
2023-07-09 17:48:15,523 - root - DEBUG - 4.4.4-SuffixImageIndex
2023-07-09 17:48:15,539 - root - DEBUG - 4.7-UnknownLongValue7
2023-07-09 17:48:15,539 - root - DEBUG - 5-DateBlock
2023-07-09 17:48:15,539 - root - DEBUG - 5.1-Date
2023-07-09 17:48:15,539 - root - DEBUG - 5.1.3-OneLineYearMonthAndDay
2023-07-09 17:48:15,539 - root - DEBUG - 5.1.3.1-Number
2023-07-09 17:48:15,539 - root - DEBUG - 5.1.3.1.1-TopLeftX
2023-07-09 17:48:15,539 - root - DEBUG - 5.1.3.1.2-TopLeftY
2023-07-09 17:48:15,539 - root - DEBUG - 5.1.3.1.3-BottomRightX
2023-07-09 17:48:15,539 - root - DEBUG - 5.1.3.1.4-BottomRightY
2023-07-09 17:48:15,539 - root - DEBUG - 5.1.3.1.5-Alignment
2023-07-09 17:48:15,539 - root - DEBUG - 5.1.3.1.6-Spacing
2023-07-09 17:48:15,539 - root - DEBUG - 5.1.3.1.7-VerticalOffset
2023-07-09 17:48:15,539 - root - DEBUG - 5.1.3.1.8-ImageIndex
2023-07-09 17:48:15,539 - root - DEBUG - 5.1.3.1.9-ImagesCount
2023-07-09 17:48:15,539 - root - DEBUG - 5.1.3.2-DelimiterImageIndex
2023-07-09 17:48:15,539 - root - DEBUG - 5.1.4-PaddingZeroMonth
2023-07-09 17:48:15,539 - root - DEBUG - 5.1.5-PaddingZeroDay
2023-07-09 17:48:15,539 - root - DEBUG - 5.1.6-UnknownBoolean6
2023-07-09 17:48:15,539 - root - DEBUG - 5.2-AmPm
2023-07-09 17:48:15,539 - root - DEBUG - 5.2.1-CommonX
2023-07-09 17:48:15,539 - root - DEBUG - 5.2.2-CommonY
2023-07-09 17:48:15,539 - root - DEBUG - 5.2.5-AmImageIndexEN
2023-07-09 17:48:15,539 - root - DEBUG - 5.2.6-PmImageIndexEN
2023-07-09 17:48:15,539 - root - DEBUG - 5.4-Weekday
2023-07-09 17:48:15,539 - root - DEBUG - 5.4.1-X
2023-07-09 17:48:15,539 - root - DEBUG - 5.4.2-Y
2023-07-09 17:48:15,539 - root - DEBUG - 5.4.3-ImageIndex
2023-07-09 17:48:15,539 - root - DEBUG - 5.4.4-ImagesCount
2023-07-09 17:48:15,539 - root - DEBUG - 6-Weather
2023-07-09 17:48:15,539 - root - DEBUG - 6.4-Humidity
2023-07-09 17:48:15,539 - root - DEBUG - 6.4.1-HumidityNumber
2023-07-09 17:48:15,539 - root - DEBUG - 6.4.1.1-TopLeftX
2023-07-09 17:48:15,539 - root - DEBUG - 6.4.1.2-TopLeftY
2023-07-09 17:48:15,539 - root - DEBUG - 6.4.1.3-BottomRightX
2023-07-09 17:48:15,539 - root - DEBUG - 6.4.1.4-BottomRightY
2023-07-09 17:48:15,539 - root - DEBUG - 6.4.1.5-Alignment
2023-07-09 17:48:15,539 - root - DEBUG - 6.4.1.6-Spacing
2023-07-09 17:48:15,539 - root - DEBUG - 6.4.1.7-VerticalOffset
2023-07-09 17:48:15,539 - root - DEBUG - 6.4.1.8-ImageIndex
2023-07-09 17:48:15,539 - root - DEBUG - 6.4.1.9-ImagesCount
2023-07-09 17:48:15,539 - root - DEBUG - 6.4.2-SuffixImageIndex
2023-07-09 17:48:15,539 - root - DEBUG - 9-Battery
2023-07-09 17:48:15,539 - root - DEBUG - 9.2-ImageProgress
2023-07-09 17:48:15,539 - root - DEBUG - 9.2.1-X
2023-07-09 17:48:15,539 - root - DEBUG - 9.2.2-Y
2023-07-09 17:48:15,539 - root - DEBUG - 9.2.3-ImageIndex
2023-07-09 17:48:15,539 - root - DEBUG - 9.2.4-ImagesCount
2023-07-09 17:48:15,539 - root - DEBUG - 23-PaiProgress
2023-07-09 17:48:15,539 - root - DEBUG - 23.2-ImageProgress
2023-07-09 17:48:15,539 - root - DEBUG - 23.2.1-X
2023-07-09 17:48:15,539 - root - DEBUG - 23.2.2-Y
2023-07-09 17:48:15,539 - root - DEBUG - 23.2.3-ImageIndex
2023-07-09 17:48:15,539 - root - DEBUG - 23.2.4-ImagesCount
2023-07-09 17:48:15,539 - root - DEBUG - generatePreviews
2023-07-09 17:48:15,539 - root - DEBUG - Generating previews...
2023-07-09 17:48:15,539 - root - DEBUG - Generating states done...
2023-07-09 17:48:15,554 - root - DEBUG - >>>>>>>>>>>> 0 <watchFaceParser.models.parameter.Parameter object at 0x000001AA40E11640>
2023-07-09 17:48:15,554 - root - DEBUG - >>>>>>>>>>>> 2 <watchFaceParser.models.parameter.Parameter object at 0x000001AA40E09160>
2023-07-09 17:48:15,570 - root - DEBUG - >>>>>>>>>>>> 3 <watchFaceParser.models.parameter.Parameter object at 0x000001AA40E09310>
2023-07-09 17:48:15,570 - root - DEBUG - >>>>>>>>>>>> 4 <watchFaceParser.models.parameter.Parameter object at 0x000001AA40E0C250>
2023-07-09 17:48:15,585 - root - DEBUG - >>>>>>>>>>>> 5 <watchFaceParser.models.parameter.Parameter object at 0x000001AA40E0F2E0>
2023-07-09 17:48:15,601 - root - DEBUG - >>>>>>>>>>>> 6 <watchFaceParser.models.parameter.Parameter object at 0x000001AA40E0F2B0>
2023-07-09 17:48:15,601 - root - DEBUG - >>>>>>>>>>>> 9 <watchFaceParser.models.parameter.Parameter object at 0x000001AA40E11160>
2023-07-09 17:48:15,601 - root - DEBUG - >>>>>>>>>>>> 23 <watchFaceParser.models.parameter.Parameter object at 0x000001AA40E113D0>
2023-07-09 17:48:15,617 - root - DEBUG - Generating static preview gen done...
2023-07-09 17:48:15,679 - root - DEBUG - Generating static preview save done...
2023-07-09 17:48:15,679 - root - DEBUG - Generating anim preview gen done...
2023-07-09 17:48:15,679 - root - DEBUG - >>>>>>>>>>>> 0 <watchFaceParser.models.parameter.Parameter object at 0x000001AA40E11640>
2023-07-09 17:48:15,679 - root - DEBUG - >>>>>>>>>>>> 2 <watchFaceParser.models.parameter.Parameter object at 0x000001AA40E09160>
2023-07-09 17:48:15,679 - root - DEBUG - >>>>>>>>>>>> 3 <watchFaceParser.models.parameter.Parameter object at 0x000001AA40E09310>
2023-07-09 17:48:15,679 - root - DEBUG - >>>>>>>>>>>> 4 <watchFaceParser.models.parameter.Parameter object at 0x000001AA40E0C250>
2023-07-09 17:48:15,679 - root - DEBUG - >>>>>>>>>>>> 5 <watchFaceParser.models.parameter.Parameter object at 0x000001AA40E0F2E0>
2023-07-09 17:48:15,679 - root - DEBUG - >>>>>>>>>>>> 6 <watchFaceParser.models.parameter.Parameter object at 0x000001AA40E0F2B0>
2023-07-09 17:48:15,679 - root - DEBUG - >>>>>>>>>>>> 9 <watchFaceParser.models.parameter.Parameter object at 0x000001AA40E11160>
2023-07-09 17:48:15,679 - root - DEBUG - >>>>>>>>>>>> 23 <watchFaceParser.models.parameter.Parameter object at 0x000001AA40E113D0>
2023-07-09 17:48:15,804 - root - DEBUG - generatePreviews done
2023-07-09 17:48:15,804 - root - DEBUG - Exporting resources to 'E:\Codez\zepp-bip3-wf\44e16c287e7edaf8cbbc6248ce0ee3ec'
2023-07-09 17:48:15,804 - root - DEBUG - extracting E:\Codez\zepp-bip3-wf\44e16c287e7edaf8cbbc6248ce0ee3ec\0000.png...
2023-07-09 17:48:15,820 - root - DEBUG - extracting E:\Codez\zepp-bip3-wf\44e16c287e7edaf8cbbc6248ce0ee3ec\0001.png...
2023-07-09 17:48:15,820 - root - DEBUG - extracting E:\Codez\zepp-bip3-wf\44e16c287e7edaf8cbbc6248ce0ee3ec\0002.png...
2023-07-09 17:48:15,835 - root - DEBUG - extracting E:\Codez\zepp-bip3-wf\44e16c287e7edaf8cbbc6248ce0ee3ec\0003.png...
2023-07-09 17:48:15,835 - root - DEBUG - extracting E:\Codez\zepp-bip3-wf\44e16c287e7edaf8cbbc6248ce0ee3ec\0004.png...
2023-07-09 17:48:15,835 - root - DEBUG - extracting E:\Codez\zepp-bip3-wf\44e16c287e7edaf8cbbc6248ce0ee3ec\0005.png...
2023-07-09 17:48:15,835 - root - DEBUG - extracting E:\Codez\zepp-bip3-wf\44e16c287e7edaf8cbbc6248ce0ee3ec\0006.png...
2023-07-09 17:48:15,835 - root - DEBUG - extracting E:\Codez\zepp-bip3-wf\44e16c287e7edaf8cbbc6248ce0ee3ec\0007.png...
2023-07-09 17:48:15,835 - root - DEBUG - extracting E:\Codez\zepp-bip3-wf\44e16c287e7edaf8cbbc6248ce0ee3ec\0008.png...
2023-07-09 17:48:15,835 - root - DEBUG - extracting E:\Codez\zepp-bip3-wf\44e16c287e7edaf8cbbc6248ce0ee3ec\0009.png...
2023-07-09 17:48:15,835 - root - DEBUG - extracting E:\Codez\zepp-bip3-wf\44e16c287e7edaf8cbbc6248ce0ee3ec\0010.png...
2023-07-09 17:48:15,835 - root - DEBUG - extracting E:\Codez\zepp-bip3-wf\44e16c287e7edaf8cbbc6248ce0ee3ec\0011.png...
2023-07-09 17:48:15,835 - root - DEBUG - extracting E:\Codez\zepp-bip3-wf\44e16c287e7edaf8cbbc6248ce0ee3ec\0012.png...
2023-07-09 17:48:15,835 - root - DEBUG - extracting E:\Codez\zepp-bip3-wf\44e16c287e7edaf8cbbc6248ce0ee3ec\0013.png...
2023-07-09 17:48:15,835 - root - DEBUG - extracting E:\Codez\zepp-bip3-wf\44e16c287e7edaf8cbbc6248ce0ee3ec\0014.png...
2023-07-09 17:48:15,835 - root - DEBUG - extracting E:\Codez\zepp-bip3-wf\44e16c287e7edaf8cbbc6248ce0ee3ec\0015.png...
2023-07-09 17:48:15,835 - root - DEBUG - extracting E:\Codez\zepp-bip3-wf\44e16c287e7edaf8cbbc6248ce0ee3ec\0016.png...
2023-07-09 17:48:15,835 - root - DEBUG - extracting E:\Codez\zepp-bip3-wf\44e16c287e7edaf8cbbc6248ce0ee3ec\0017.png...
2023-07-09 17:48:15,851 - root - DEBUG - extracting E:\Codez\zepp-bip3-wf\44e16c287e7edaf8cbbc6248ce0ee3ec\0018.png...
2023-07-09 17:48:15,851 - root - DEBUG - extracting E:\Codez\zepp-bip3-wf\44e16c287e7edaf8cbbc6248ce0ee3ec\0019.png...
2023-07-09 17:48:15,851 - root - DEBUG - extracting E:\Codez\zepp-bip3-wf\44e16c287e7edaf8cbbc6248ce0ee3ec\0020.png...
2023-07-09 17:48:15,851 - root - DEBUG - extracting E:\Codez\zepp-bip3-wf\44e16c287e7edaf8cbbc6248ce0ee3ec\0021.png...
2023-07-09 17:48:15,851 - root - DEBUG - extracting E:\Codez\zepp-bip3-wf\44e16c287e7edaf8cbbc6248ce0ee3ec\0022.png...
2023-07-09 17:48:15,851 - root - DEBUG - extracting E:\Codez\zepp-bip3-wf\44e16c287e7edaf8cbbc6248ce0ee3ec\0023.png...
2023-07-09 17:48:15,851 - root - DEBUG - extracting E:\Codez\zepp-bip3-wf\44e16c287e7edaf8cbbc6248ce0ee3ec\0024.png...
2023-07-09 17:48:15,851 - root - DEBUG - extracting E:\Codez\zepp-bip3-wf\44e16c287e7edaf8cbbc6248ce0ee3ec\0025.png...
2023-07-09 17:48:15,851 - root - DEBUG - extracting E:\Codez\zepp-bip3-wf\44e16c287e7edaf8cbbc6248ce0ee3ec\0026.png...
2023-07-09 17:48:15,851 - root - DEBUG - extracting E:\Codez\zepp-bip3-wf\44e16c287e7edaf8cbbc6248ce0ee3ec\0027.png...
2023-07-09 17:48:15,851 - root - DEBUG - extracting E:\Codez\zepp-bip3-wf\44e16c287e7edaf8cbbc6248ce0ee3ec\0028.png...
2023-07-09 17:48:15,851 - root - DEBUG - extracting E:\Codez\zepp-bip3-wf\44e16c287e7edaf8cbbc6248ce0ee3ec\0029.png...
2023-07-09 17:48:15,867 - root - DEBUG - extracting E:\Codez\zepp-bip3-wf\44e16c287e7edaf8cbbc6248ce0ee3ec\0030.png...
2023-07-09 17:48:15,867 - root - DEBUG - extracting E:\Codez\zepp-bip3-wf\44e16c287e7edaf8cbbc6248ce0ee3ec\0031.png...
2023-07-09 17:48:15,867 - root - DEBUG - extracting E:\Codez\zepp-bip3-wf\44e16c287e7edaf8cbbc6248ce0ee3ec\0032.png...
2023-07-09 17:48:15,867 - root - DEBUG - extracting E:\Codez\zepp-bip3-wf\44e16c287e7edaf8cbbc6248ce0ee3ec\0033.png...
2023-07-09 17:48:15,867 - root - DEBUG - extracting E:\Codez\zepp-bip3-wf\44e16c287e7edaf8cbbc6248ce0ee3ec\0034.png...
2023-07-09 17:48:15,867 - root - DEBUG - extracting E:\Codez\zepp-bip3-wf\44e16c287e7edaf8cbbc6248ce0ee3ec\0035.png...
2023-07-09 17:48:15,867 - root - DEBUG - extracting E:\Codez\zepp-bip3-wf\44e16c287e7edaf8cbbc6248ce0ee3ec\0036.png...
2023-07-09 17:48:15,867 - root - DEBUG - extracting E:\Codez\zepp-bip3-wf\44e16c287e7edaf8cbbc6248ce0ee3ec\0037.png...
2023-07-09 17:48:15,867 - root - DEBUG - extracting E:\Codez\zepp-bip3-wf\44e16c287e7edaf8cbbc6248ce0ee3ec\0038.png...
2023-07-09 17:48:15,867 - root - DEBUG - extracting E:\Codez\zepp-bip3-wf\44e16c287e7edaf8cbbc6248ce0ee3ec\0039.png...
2023-07-09 17:48:15,867 - root - DEBUG - extracting E:\Codez\zepp-bip3-wf\44e16c287e7edaf8cbbc6248ce0ee3ec\0040.png...
2023-07-09 17:48:15,867 - root - DEBUG - extracting E:\Codez\zepp-bip3-wf\44e16c287e7edaf8cbbc6248ce0ee3ec\0041.png...
2023-07-09 17:48:15,867 - root - DEBUG - extracting E:\Codez\zepp-bip3-wf\44e16c287e7edaf8cbbc6248ce0ee3ec\0042.png...
2023-07-09 17:48:15,867 - root - DEBUG - extracting E:\Codez\zepp-bip3-wf\44e16c287e7edaf8cbbc6248ce0ee3ec\0043.png...
2023-07-09 17:48:15,867 - root - DEBUG - extracting E:\Codez\zepp-bip3-wf\44e16c287e7edaf8cbbc6248ce0ee3ec\0044.png...
2023-07-09 17:48:15,882 - root - DEBUG - extracting E:\Codez\zepp-bip3-wf\44e16c287e7edaf8cbbc6248ce0ee3ec\0045.png...
2023-07-09 17:48:15,882 - root - DEBUG - extracting E:\Codez\zepp-bip3-wf\44e16c287e7edaf8cbbc6248ce0ee3ec\0046.png...
2023-07-09 17:48:15,882 - root - DEBUG - extracting E:\Codez\zepp-bip3-wf\44e16c287e7edaf8cbbc6248ce0ee3ec\0047.png...
2023-07-09 17:48:15,882 - root - DEBUG - extracting E:\Codez\zepp-bip3-wf\44e16c287e7edaf8cbbc6248ce0ee3ec\0048.png...
2023-07-09 17:48:15,882 - root - DEBUG - extracting E:\Codez\zepp-bip3-wf\44e16c287e7edaf8cbbc6248ce0ee3ec\0049.png...
2023-07-09 17:48:15,882 - root - DEBUG - extracting E:\Codez\zepp-bip3-wf\44e16c287e7edaf8cbbc6248ce0ee3ec\0050.png...
2023-07-09 17:48:15,882 - root - DEBUG - extracting E:\Codez\zepp-bip3-wf\44e16c287e7edaf8cbbc6248ce0ee3ec\0051.png...
2023-07-09 17:48:15,882 - root - DEBUG - extracting E:\Codez\zepp-bip3-wf\44e16c287e7edaf8cbbc6248ce0ee3ec\0052.png...
2023-07-09 17:48:15,882 - root - DEBUG - extracting E:\Codez\zepp-bip3-wf\44e16c287e7edaf8cbbc6248ce0ee3ec\0053.png...
2023-07-09 17:48:15,898 - root - DEBUG - extracting E:\Codez\zepp-bip3-wf\44e16c287e7edaf8cbbc6248ce0ee3ec\0054.png...
2023-07-09 17:48:15,898 - root - DEBUG - extracting E:\Codez\zepp-bip3-wf\44e16c287e7edaf8cbbc6248ce0ee3ec\0055.png...
2023-07-09 17:48:15,898 - root - DEBUG - extracting E:\Codez\zepp-bip3-wf\44e16c287e7edaf8cbbc6248ce0ee3ec\0056.png...
2023-07-09 17:48:15,898 - root - DEBUG - extracting E:\Codez\zepp-bip3-wf\44e16c287e7edaf8cbbc6248ce0ee3ec\0057.png...
2023-07-09 17:48:15,898 - root - DEBUG - extracting E:\Codez\zepp-bip3-wf\44e16c287e7edaf8cbbc6248ce0ee3ec\0058.png...
2023-07-09 17:48:15,898 - root - DEBUG - extracting E:\Codez\zepp-bip3-wf\44e16c287e7edaf8cbbc6248ce0ee3ec\0059.png...
2023-07-09 17:48:15,898 - root - DEBUG - extracting E:\Codez\zepp-bip3-wf\44e16c287e7edaf8cbbc6248ce0ee3ec\0060.png...
2023-07-09 17:48:15,898 - root - DEBUG - extracting E:\Codez\zepp-bip3-wf\44e16c287e7edaf8cbbc6248ce0ee3ec\0061.png...
2023-07-09 17:48:15,898 - root - DEBUG - extracting E:\Codez\zepp-bip3-wf\44e16c287e7edaf8cbbc6248ce0ee3ec\0062.png...
2023-07-09 17:48:15,898 - root - DEBUG - extracting E:\Codez\zepp-bip3-wf\44e16c287e7edaf8cbbc6248ce0ee3ec\0063.png...
2023-07-09 17:48:15,898 - root - DEBUG - extracting E:\Codez\zepp-bip3-wf\44e16c287e7edaf8cbbc6248ce0ee3ec\0064.png...
2023-07-09 17:48:15,898 - root - DEBUG - extracting E:\Codez\zepp-bip3-wf\44e16c287e7edaf8cbbc6248ce0ee3ec\0065.png...
2023-07-09 17:48:15,914 - root - DEBUG - extracting E:\Codez\zepp-bip3-wf\44e16c287e7edaf8cbbc6248ce0ee3ec\0066.png...
2023-07-09 17:48:15,914 - root - DEBUG - extracting E:\Codez\zepp-bip3-wf\44e16c287e7edaf8cbbc6248ce0ee3ec\0067.png...
2023-07-09 17:48:15,914 - root - DEBUG - extracting E:\Codez\zepp-bip3-wf\44e16c287e7edaf8cbbc6248ce0ee3ec\0068.png...
2023-07-09 17:48:15,914 - root - DEBUG - extracting E:\Codez\zepp-bip3-wf\44e16c287e7edaf8cbbc6248ce0ee3ec\0069.png...
2023-07-09 17:48:15,914 - root - DEBUG - extracting E:\Codez\zepp-bip3-wf\44e16c287e7edaf8cbbc6248ce0ee3ec\0070.png...
2023-07-09 17:48:15,914 - root - DEBUG - extracting E:\Codez\zepp-bip3-wf\44e16c287e7edaf8cbbc6248ce0ee3ec\0071.png...
2023-07-09 17:48:15,914 - root - DEBUG - extracting E:\Codez\zepp-bip3-wf\44e16c287e7edaf8cbbc6248ce0ee3ec\0072.png...
2023-07-09 17:48:15,914 - root - DEBUG - extracting E:\Codez\zepp-bip3-wf\44e16c287e7edaf8cbbc6248ce0ee3ec\0073.png...
2023-07-09 17:48:15,914 - root - DEBUG - extracting E:\Codez\zepp-bip3-wf\44e16c287e7edaf8cbbc6248ce0ee3ec\0074.png...
2023-07-09 17:48:15,914 - root - DEBUG - extracting E:\Codez\zepp-bip3-wf\44e16c287e7edaf8cbbc6248ce0ee3ec\0075.png...
2023-07-09 17:48:15,914 - root - DEBUG - extracting E:\Codez\zepp-bip3-wf\44e16c287e7edaf8cbbc6248ce0ee3ec\0076.png...
2023-07-09 17:48:15,914 - root - DEBUG - extracting E:\Codez\zepp-bip3-wf\44e16c287e7edaf8cbbc6248ce0ee3ec\0077.png...
2023-07-09 17:48:15,929 - root - DEBUG - Exporting config...
